943201337 -0.7053136825561523
690599051 -0.6804094314575195
698575407 -0.6807522773742676
700387276 -0.682469367980957
705571315 -0.6754016876220703
710511950 -0.690223217010498
715598845 -0.7096133232116699
720439766 -0.699040412902832
725421801 -0.6825962066650391
730361004 -0.6868491172790527
735824571 -0.6978926658630371
740286769 -0.6855149269104004
745226955 -0.6719703674316406
750208708 -0.6824231147766113
755127536 -0.7024102210998535
760153142 -0.6956672668457031
765157772 -0.6780333518981934
770105320 -0.6899724006652832
774998471 -0.7040286064147949
780218491 -0.6991124153137207
786046425 -0.6868715286254883
791071328 -0.6980361938476562
796085068 -0.717864990234375
801131195 -0.6977167129516602
806065202 -0.6876368522644043
811031502 -0.6940464973449707
815973258 -0.7100872993469238
820978735 -0.6922235488891602
825927976 -0.681464672088623
830886870 -0.6960816383361816
836513778 -0.7146644592285156
840774947 -0.699732780456543
845716549 -0.6885638236999512
850693194 -0.6910824775695801
855765273 -0.6983599662780762
860605301 -0.6858315467834473
865580748 -0.6787033081054688
870551650 -0.6862454414367676
875803181 -0.7050070762634277
881361701 -0.6898565292358398
886330269 -0.6769170761108398
891239535 -0.6789045333862305
896197152 -0.6919212341308594
901537466 -0.6700305938720703
906587696 -0.670234203338623
911535934 -0.6783475875854492
916482119 -0.7067708969116211
921457736 -0.6934390068054199
926414516 -0.6916003227233887
931345601 -0.689295768737793
936265139 -0.7068829536437988
941246804 -0.6896352767944336
946235784 -0.6855192184448242
951160900 -0.6970376968383789
956131111 -0.7206697463989258
961096510 -0.7011899948120117
966028469 -0.6899709701538086
970978723 -0.6964716911315918
975951848 -0.7129769325256348
980929157 -0.6956453323364258
986100296 -0.6868839263916016
991847414 -0.6900429725646973
997194903 -0.708003044128418
2168322 -0.6827392578125
7109131 -0.6901764869689941
12064242 -0.6952428817749023
17040051 -0.7138004302978516
21986348 -0.6847782135009766
27800430 -0.6840677261352539
35682614 -0.7059311866760254
40940172 -0.6917486190795898
46098672 -0.6776590347290039
51085260 -0.6782927513122559
56369287 -0.6924858093261719
60940195 -0.6732654571533203
65955056 -0.6699686050415039
71634097 -0.6828842163085938
78501326 -0.7039070129394531
83391302 -0.6832866668701172
88338768 -0.6886777877807617
93302289 -0.6963300704956055
98262800 -0.7008414268493652
103323484 -0.6772780418395996
108193838 -0.6860556602478027
113130279 -0.6952519416809082
118084750 -0.7042679786682129
123247886 -0.6817378997802734
128176683 -0.6882848739624023
133137576 -0.6923937797546387
138087400 -0.6955585479736328
143076549 -0.680635929107666
148086392 -0.6889934539794922
152963254 -0.6986784934997559
157918960 -0.7090559005737305
162953767 -0.692601203918457
167974633 -0.6996893882751465
172869167 -0.7031779289245605
177917626 -0.7099752426147461
182795774 -0.6844258308410645
187769967 -0.6856546401977539
192723106 -0.690312385559082
197682245 -0.7021265029907227
202646005 -0.6734380722045898
207593844 -0.6817126274108887
212569489 -0.690089225769043
217500388 -0.7053303718566895
222520797 -0.6812047958374023
227407022 -0.6882953643798828
232378332 -0.6968483924865723
237342228 -0.7105112075805664
242282932 -0.678647518157959
247246771 -0.6740913391113281
252207370 -0.6786274909973145
257173187 -0.6963162422180176
262103363 -0.6740808486938477
267078808 -0.6744217872619629
272032960 -0.6784601211547852
276993319 -0.7063236236572266
281974827 -0.6868724822998047
286912288 -0.6912927627563477
291867348 -0.6990017890930176
296824756 -0.7161221504211426
305952890 -0.6913681030273438
310837826 -0.7012128829956055
315823860 -0.716923713684082
320742387 -0.6997590065002441
325711918 -0.6860418319702148
330701835 -0.6897220611572266
335640599 -0.7030506134033203
340587276 -0.6833820343017578
345521887 -0.6735754013061523
350784544 -0.6814775466918945
355844610 -0.7066097259521484
360800034 -0.6935477256774902
365738989 -0.6869029998779297
370704837 -0.6977972984313965
375668050 -0.7167119979858398
380753805 -0.6990370750427246
385678564 -0.679293155670166
390654530 -0.6881308555603027
395623949 -0.706423282623291
400549311 -0.6914968490600586
405506619 -0.6802301406860352
410523632 -0.691009521484375
415470015 -0.7061672210693359
420432404 -0.6887664794921875
425398544 -0.6721439361572266
430375706 -0.6851987838745117
435318440 -0.7005314826965332
440281822 -0.688565731048584
445205673 -0.6770734786987305
450206906 -0.6896748542785645
455331060 -0.7047557830810547
460186770 -0.6957578659057617
465157564 -0.6783246994018555
470107426 -0.6913633346557617
475258277 -0.7108955383300781
480031176 -0.7057795524597168
484955772 -0.6893277168273926
489915987 -0.6956052780151367
494877816 -0.7045803070068359
499871132 -0.6992850303649902
504789650 -0.6787109375
509740096 -0.6892814636230469
514698955 -0.7046651840209961
519657033 -0.704765796661377
524623011 -0.6868205070495605
529592065 -0.6921849250793457
534548857 -0.6963214874267578
540223468 -0.6874542236328125
545185440 -0.6729507446289062
550103853 -0.6870889663696289
555062723 -0.6997747421264648
560040793 -0.689612865447998
565016517 -0.6778664588928223
569945794 -0.6880893707275391
575388502 -0.7004046440124512
580275733 -0.6944789886474609
585236591 -0.681297779083252
590180528 -0.693598747253418
595142819 -0.7163028717041016
600109077 -0.711700439453125
605120418 -0.6927323341369629
610103345 -0.696195125579834
615048692 -0.7064456939697266
620030003 -0.6925168037414551
624933045 -0.6697611808776855
629879294 -0.6740455627441406
634877387 -0.6904783248901367
639835043 -0.6912202835083008
644789717 -0.6770586967468262
649738232 -0.6923356056213379
655148981 -0.7071504592895508
660060934 -0.6972188949584961
665041680 -0.6752386093139648
671240866 -0.6819653511047363
676558943 -0.7012991905212402
697093284 -0.6878881454467773
702306535 -0.6805109977722168
708280371 -0.682466983795166
715786009 -0.7112760543823242
720806530 -0.7007050514221191
726171486 -0.6923956871032715
731159319 -0.7012729644775391
743473685 -0.7172756195068359
753330291 -0.683753490447998
771791001 -0.6819758415222168
784677235 -0.6726303100585938
789685282 -0.680419921875
795077519 -0.6959972381591797
799677039 -0.695641040802002
810283720 -0.6815896034240723
816101200 -0.7071614265441895
821124891 -0.6844635009765625
826445983 -0.6726961135864258
831411545 -0.6762523651123047
836394665 -0.6972284317016602
841439611 -0.6819615364074707
846478744 -0.677006721496582
851522238 -0.6850624084472656
856506993 -0.7031583786010742
862500252 -0.6816682815551758
867796633 -0.6873264312744141
872822489 -0.6916069984436035
878085577 -0.7079639434814453
884136565 -0.6917905807495117
889157695 -0.7011799812316895
894291190 -0.7111573219299316
899177920 -0.705784797668457
904853871 -0.6817889213562012
909288985 -0.6877288818359375
915289939 -0.6990432739257812
920804658 -0.6873459815979004
925766473 -0.6793665885925293
930720840 -0.6915035247802734
935702320 -0.7078542709350586
940713644 -0.6952548027038574
946229056 -0.6858587265014648
951193143 -0.6948232650756836
956252356 -0.7176694869995117
961069834 -0.7027120590209961
966045112 -0.6930861473083496
971044602 -0.698857307434082
975957815 -0.7126941680908203
980888399 -0.6905670166015625
985846985 -0.6706986427307129
990852570 -0.6733965873718262
995792679 -0.6938877105712891
764418 -0.6842851638793945
5732779 -0.6812286376953125
10675449 -0.6931438446044922
15768348 -0.7078704833984375
20913383 -0.6905636787414551
25805212 -0.6777019500732422
30766428 -0.6869616508483887
36123615 -0.7006378173828125
41129821 -0.6806588172912598
46070571 -0.6741361618041992
51432675 -0.6874094009399414
57546199 -0.7076635360717773
62477078 -0.6871223449707031
67435155 -0.6900725364685059
72381958 -0.6966781616210938
79184009 -0.7116608619689941
84123790 -0.6900486946105957
89099190 -0.7016472816467285
94005408 -0.714167594909668
98997085 -0.7082734107971191
103924726 -0.6845107078552246
108902826 -0.6869397163391113
113848608 -0.6951813697814941
118807326 -0.6945791244506836
124967185 -0.6764407157897949
128747521 -0.6905717849731445
133740949 -0.7015867233276367
138646237 -0.7073030471801758
143585222 -0.6831817626953125
148528900 -0.6851191520690918
153494232 -0.6913084983825684
158459216 -0.6994237899780273
163415057 -0.6793317794799805
168368264 -0.6904096603393555
173316671 -0.7030935287475586
178289027 -0.7123842239379883
183252827 -0.6810188293457031
188189497 -0.6831302642822266
193151637 -0.6848225593566895
198094333 -0.6943607330322266
203063258 -0.6749978065490723
208276206 -0.6829490661621094
213224095 -0.694364070892334
218219516 -0.7089853286743164
223132364 -0.688450813293457
228152362 -0.6887474060058594
233144712 -0.6921491622924805
238024789 -0.6989760398864746
243002979 -0.6773252487182617
247968645 -0.6877579689025879
252974285 -0.6968107223510742
258316251 -0.7059216499328613
263238067 -0.6827173233032227
268191323 -0.6838164329528809
273215335 -0.6889772415161133
278130890 -0.7003650665283203
283127871 -0.6803245544433594
288051471 -0.6884517669677734
293026180 -0.6985292434692383
297969238 -0.7136058807373047
302961355 -0.6866960525512695
311055126 -0.6921887397766113
316907348 -0.7096171379089355
321830572 -0.6904897689819336
326772765 -0.6876373291015625
331756773 -0.6940450668334961
336686218 -0.7159543037414551
341665061 -0.6870465278625488
346604700 -0.6763358116149902
351557166 -0.6797060966491699
356695529 -0.6974911689758301
361686911 -0.6773324012756348
366657263 -0.6791868209838867
371604256 -0.6885757446289062
376571807 -0.711815357208252
381484206 -0.6918301582336426
386445234 -0.6898131370544434
392235050 -0.6941547393798828
396402012 -0.7078647613525391
401323205 -0.6853117942810059
406921166 -0.6756911277770996
411244731 -0.6853408813476562
416199580 -0.7063326835632324
421140480 -0.6903400421142578
426095258 -0.676023006439209
431071595 -0.6825828552246094
436010139 -0.7010231018066406
440990291 -0.6882257461547852
445989484 -0.6794233322143555
450906608 -0.6936354637145996
455866831 -0.7153263092041016
460798857 -0.7007861137390137
465769800 -0.6902141571044922
470716026 -0.693634033203125
475680460 -0.7063031196594238
480724205 -0.6925320625305176
485586133 -0.6833381652832031
490619773 -0.6938028335571289
495516158 -0.7089996337890625
500524637 -0.7033047676086426
505435154 -0.6926231384277344
511829448 -0.6989598274230957
516777864 -0.7179174423217773
521729532 -0.6897454261779785
526703566 -0.6838388442993164
531647188 -0.6879920959472656
536630584 -0.7075042724609375
541592319 -0.683842658996582
546509300 -0.6835699081420898
551469141 -0.6836209297180176
556434800 -0.7019686698913574
561403611 -0.6842765808105469
566374725 -0.6865882873535156
571305871 -0.6946954727172852
577424287 -0.7140169143676758
582392883 -0.6848711967468262
587314465 -0.6844339370727539
592277006 -0.6858410835266113
597429525 -0.7014293670654297
602423600 -0.6779623031616211
607419476 -0.6831569671630859
612351502 -0.6857895851135254
619691532 -0.7016234397888184
626071343 -0.6876306533813477
631063738 -0.6953535079956055
635996050 -0.7062129974365234
640952146 -0.6882987022399902
645934444 -0.6802821159362793
650924549 -0.6885228157043457
655829917 -0.70526123046875
660786843 -0.6900873184204102
665733572 -0.6842985153198242
670744063 -0.6948966979980469
675647065 -0.7075929641723633
690829867 -0.6918082237243652
693806948 -0.7025628089904785
700607915 -0.7043485641479492
706037079 -0.6883945465087891
712002431 -0.690648078918457
718493980 -0.7090497016906738
725057168 -0.676569938659668
737939109 -0.7065281867980957
743187879 -0.6802053451538086
748234010 -0.6871004104614258
753091184 -0.6884703636169434
758035612 -0.6927585601806641
763095177 -0.6651740074157715
768026314 -0.6768488883972168
773008946 -0.6880855560302734
778041237 -0.7041921615600586
782980289 -0.6833148002624512
788029391 -0.690406322479248
793007232 -0.691688060760498
798119223 -0.6961808204650879
803133985 -0.6698246002197266
808171594 -0.6770458221435547
813345078 -0.6954693794250488
818342233 -0.7110023498535156
823230746 -0.6901602745056152
828160107 -0.6934065818786621
833633673 -0.6968517303466797
838617471 -0.7009062767028809
843589419 -0.6843304634094238
848533014 -0.6918425559997559
853486122 -0.7034544944763184
858544552 -0.7138276100158691
863426567 -0.6998505592346191
868509814 -0.7080059051513672
873445040 -0.7096104621887207
878504733 -0.7101020812988281
883412238 -0.6767010688781738
888355247 -0.6774539947509766
893299972 -0.6851282119750977
898340565 -0.6931934356689453
903502739 -0.6722621917724609
908521259 -0.6763792037963867
913431654 -0.688849925994873
918415634 -0.6982364654541016
923362458 -0.6763186454772949
928320024 -0.6851615905761719
933311149 -0.6960239410400391
938211896 -0.7045607566833496
943279677 -0.685297966003418
948208718 -0.6885519027709961
954178884 -0.7004761695861816
959509766 -0.6956205368041992
964505565 -0.6743144989013672
969407583 -0.6860532760620117
974356178 -0.7008481025695801
979561130 -0.7031850814819336
984592876 -0.6813187599182129
989499293 -0.6887664794921875
994459975 -0.6999783515930176
999641110 -0.6968932151794434
4595855 -0.6830558776855469
9619681 -0.6965541839599609
15154605 -0.7109866142272949
19713251 -0.7071957588195801
24716135 -0.6944189071655273
29632004 -0.6998691558837891
35994858 -0.7056598663330078
40337658 -0.6954050064086914
45287103 -0.6758236885070801
50220221 -0.6824498176574707
55952135 -0.7060670852661133
60414741 -0.6992154121398926
65362650 -0.686281681060791
70673916 -0.6988120079040527
75924233 -0.7071714401245117
80523501 -0.695432186126709
85393129 -0.6807570457458496
90356084 -0.6843857765197754
95367619 -0.7006158828735352
100287913 -0.6946101188659668
105224157 -0.6872849464416504
110206358 -0.699709415435791
115386268 -0.7105879783630371
120256354 -0.6983575820922852
125166876 -0.6745986938476562
130162420 -0.6784591674804688
135150186 -0.6909513473510742
140019479 -0.6883654594421387
144991036 -0.6776852607727051
150028100 -0.6888160705566406
154914135 -0.7057247161865234
159900854 -0.6992173194885254
164840995 -0.684295654296875
169781525 -0.6985988616943359
174734245 -0.711784839630127
179691519 -0.708733081817627
184682441 -0.6908941268920898
189619472 -0.6941452026367188
194575577 -0.7047109603881836
199596689 -0.698936939239502
204531104 -0.6799206733703613
209422019 -0.6862626075744629
214470626 -0.6947512626647949
219374767 -0.6967792510986328
224299497 -0.681818962097168
229264311 -0.6908669471740723
234239215 -0.7004151344299316
239251446 -0.7034511566162109
244155168 -0.6788444519042969
249096980 -0.6854820251464844
254035611 -0.6951799392700195
258991609 -0.6982593536376953
264025937 -0.6810531616210938
269066567 -0.6893792152404785
273990214 -0.700228214263916
278940623 -0.6944694519042969
283984552 -0.6710319519042969
288868179 -0.6778101921081543
293865336 -0.6882314682006836
298780217 -0.6979703903198242
303780466 -0.6842875480651855
308708824 -0.6944794654846191
313683109 -0.7022304534912109
318622897 -0.7049331665039062
323567340 -0.6910572052001953
328563402 -0.694511890411377
333482127 -0.6971359252929688
338432068 -0.7072978019714355
343397381 -0.6833205223083496
348361241 -0.6920862197875977
353383840 -0.698491096496582
358264447 -0.7039117813110352
363217816 -0.6790046691894531
368332726 -0.684441089630127
373220687 -0.6949472427368164
378178924 -0.7031750679016113
383105034 -0.6793212890625
388069011 -0.6852598190307617
393016817 -0.6930174827575684
398027712 -0.702019214630127
403291478 -0.6800861358642578
408125968 -0.690032958984375
413054795 -0.6922321319580078
418016819 -0.7060413360595703
422964214 -0.687166690826416
427936425 -0.6917414665222168
432874248 -0.6918430328369141
437840126 -0.7037467956542969
442826745 -0.6773557662963867
447766493 -0.6751790046691895
452721060 -0.6825337409973145
457665125 -0.6993427276611328
462634898 -0.6785035133361816
467584731 -0.6869401931762695
472564470 -0.6972899436950684
477558379 -0.7140402793884277
482487206 -0.6876950263977051
487479000 -0.6838212013244629
492390592 -0.683283805847168
497399755 -0.6997518539428711
502335011 -0.680056095123291
507305378 -0.6930670738220215
512245553 -0.7001285552978516
517188242 -0.7208423614501953
522189439 -0.6993942260742188
527166513 -0.6972527503967285
532126536 -0.6977653503417969
537083797 -0.713221549987793
542052675 -0.6899991035461426
547012170 -0.6896305084228516
551957092 -0.6904149055480957
556915475 -0.7066745758056641
561871618 -0.6820182800292969
566797707 -0.6801671981811523
571800152 -0.6822757720947266
576735465 -0.7001862525939941
581669498 -0.6773757934570312
586651467 -0.6795597076416016
591588138 -0.6879801750183105
596539460 -0.7093501091003418
601491852 -0.6935586929321289
606455789 -0.6839694976806641
611411016 -0.6842947006225586
616369279 -0.7020626068115234
621394514 -0.6879973411560059
626401001 -0.6839895248413086
631355743 -0.6914052963256836
636276236 -0.710237979888916
641226299 -0.6930217742919922
646210406 -0.6813845634460449
651125244 -0.689692497253418
656112923 -0.7047414779663086
661619480 -0.6872000694274902
666675157 -0.6839895248413086
671667991 -0.6907234191894531
695854107 -0.7117924690246582
731098039 -0.6962227821350098
738105636 -0.7050538063049316
744735194 -0.6815123558044434
759368427 -0.6905465126037598
789313550 -0.6846351623535156
794497701 -0.7019586563110352
803448272 -0.7071514129638672
809478202 -0.6950116157531738
814401379 -0.7017760276794434
819693627 -0.6973557472229004
837167056 -0.6843647956848145
873766221 -0.6911015510559082
879690625 -0.7054762840270996
884729993 -0.6835269927978516
894768671 -0.6902790069580078
898275587 -0.7073183059692383
903694577 -0.6804409027099609
913757726 -0.6887650489807129
918841922 -0.700167179107666
923844162 -0.678560733795166
928857843 -0.6859250068664551
933858547 -0.6948747634887695
938853059 -0.703913688659668
943946007 -0.6825680732727051
948885637 -0.6860594749450684
953827919 -0.6953692436218262
958728457 -0.7000455856323242
963713006 -0.6807193756103516
968672711 -0.6831464767456055
973602452 -0.6896581649780273
978589414 -0.6985063552856445
983533033 -0.6802768707275391
988555203 -0.693695068359375
993439187 -0.7004332542419434
998451975 -0.7065424919128418
3368363 -0.6868324279785156
8668577 -0.6880450248718262
13283122 -0.6978092193603516
18490635 -0.7096157073974609
23823783 -0.6865296363830566
29072690 -0.69940185546875
34002115 -0.7085285186767578
38967737 -0.7112913131713867
43927668 -0.6870970726013184
48915467 -0.6906533241271973
53831500 -0.6900534629821777
58833833 -0.688173770904541
64006912 -0.669804573059082
69071945 -0.680046558380127
75650237 -0.7039613723754883
80797520 -0.6932849884033203
85727547 -0.6801176071166992
90694925 -0.6924128532409668
95646230 -0.7085409164428711
100608507 -0.7005596160888672
105556416 -0.692786693572998
110532092 -0.7029428482055664
115471741 -0.7130169868469238
120457762 -0.6992406845092773
125390936 -0.6845893859863281
130330905 -0.6903762817382812
135307195 -0.7005190849304199
140244984 -0.6948757171630859
145198993 -0.681006908416748
150254666 -0.6890783309936523
155157410 -0.7057976722717285
160078929 -0.6976041793823242
165036912 -0.6837081909179688
170028042 -0.6854395866394043
174947318 -0.6950430870056152
179966822 -0.6895432472229004
184880974 -0.6713438034057617
189836925 -0.6855044364929199
194778988 -0.7046198844909668
199757651 -0.6966485977172852
204701292 -0.686398983001709
209676414 -0.6962380409240723
214608000 -0.7019186019897461
219569048 -0.6971211433410645
224517403 -0.679868221282959
230604595 -0.6897091865539551
236101227 -0.7102108001708984
241018080 -0.696955680847168
246022774 -0.6892356872558594
251040755 -0.6940827369689941
255978836 -0.7105283737182617
260950933 -0.6883645057678223
265929913 -0.6797394752502441
270814580 -0.6870274543762207
275764214 -0.7013993263244629
280731292 -0.6896886825561523
285663458 -0.6828527450561523
290675341 -0.6937432289123535
295632157 -0.7033658027648926
300639900 -0.687950611114502
305591384 -0.6801996231079102
310577803 -0.6946592330932617
315508423 -0.7135133743286133
320434633 -0.704615592956543
325398897 -0.6906723976135254
330363196 -0.6909451484680176
336777958 -0.6977324485778809
340272934 -0.6829094886779785
345324882 -0.6648435592651367
350285170 -0.6784415245056152
355161592 -0.6961154937744141
360217020 -0.6899781227111816
365147487 -0.6788492202758789
370093847 -0.6890397071838379
375716681 -0.7072901725769043
380756945 -0.6925725936889648
385749587 -0.6776285171508789
390657215 -0.6893091201782227
395596225 -0.7070026397705078
400521242 -0.7009968757629395
405504783 -0.688086986541748
411110380 -0.689155101776123
416111390 -0.7022228240966797
421025029 -0.6841368675231934
425995049 -0.6812705993652344
430947535 -0.6937346458435059
435904848 -0.7130098342895508
440875691 -0.7045764923095703
445805599 -0.695490837097168
450767285 -0.7007570266723633
455727007 -0.7143001556396484
460687370 -0.6940445899963379
465650275 -0.6774759292602539
472164157 -0.6862497329711914
475541522 -0.7032642364501953
480535062 -0.6901617050170898
485512064 -0.6781039237976074
490521228 -0.6867542266845703
495440852 -0.704279899597168
500359922 -0.6917023658752441
505320687 -0.6746788024902344
510266933 -0.6817421913146973
515278456 -0.6928033828735352
520212043 -0.6881308555603027
525277884 -0.6781458854675293
530156358 -0.6921424865722656
535170792 -0.7010478973388672
540575012 -0.6832194328308105
545525060 -0.670893669128418
551723604 -0.682103157043457
556638857 -0.7088379859924316
561574231 -0.693394660949707
566614368 -0.687652587890625
571514124 -0.6910586357116699
576512153 -0.7068619728088379
581425602 -0.687016487121582
586353885 -0.6837129592895508
591313032 -0.6932187080383301
596278180 -0.7130870819091797
601232198 -0.6945476531982422
606198733 -0.6911473274230957
611127792 -0.7022771835327148
616086408 -0.7173514366149902
621218308 -0.69781494140625
626088739 -0.6878490447998047
631055054 -0.6907954216003418
636045774 -0.7072582244873047
641670309 -0.6949458122253418
646370866 -0.6843433380126953
651285943 -0.6868906021118164
656245903 -0.703829288482666
661217505 -0.6852312088012695
666173362 -0.6757645606994629
671131172 -0.6846308708190918
676621464 -0.7004098892211914
710149214 -0.6813850402832031
757287286 -0.7000784873962402
791443434 -0.7070674896240234
804116167 -0.692899227142334
809137300 -0.6979598999023438
814245083 -0.7092432975769043
819198614 -0.7078170776367188
824417778 -0.684842586517334
829400828 -0.6906881332397461
834478027 -0.693993091583252
839833180 -0.6876134872436523
844730794 -0.6672430038452148
849767275 -0.6805133819580078
854959276 -0.6913051605224609
860809447 -0.6780815124511719
865736528 -0.668555736541748
871202225 -0.6791553497314453
876057376 -0.6959471702575684
881116086 -0.6881542205810547
886751178 -0.6870441436767578
891672875 -0.6948742866516113
896648032 -0.7133417129516602
901660315 -0.6921625137329102
906796750 -0.6913871765136719
912020645 -0.6935262680053711
916944022 -0.7122664451599121
921889020 -0.6907496452331543
926836452 -0.6912131309509277
931861183 -0.6972413063049316
936785137 -0.7151637077331543
941766579 -0.6924691200256348
946691799 -0.6911411285400391
951635117 -0.6949729919433594
956668645 -0.7125506401062012
961594878 -0.6942124366760254
966528309 -0.6910152435302734
971664662 -0.6979966163635254
976760480 -0.7111740112304688
981689577 -0.6872296333312988
986691907 -0.675288200378418
992380553 -0.676790714263916
997518663 -0.6941184997558594
2537433 -0.6771931648254395
7479145 -0.6886897087097168
12407850 -0.6920576095581055
17402808 -0.707122802734375
22401053 -0.6848301887512207
27318058 -0.6820836067199707
32315599 -0.6854009628295898
37326232 -0.7013068199157715
42223917 -0.6771650314331055
47172021 -0.6796684265136719
52122208 -0.6862244606018066
57426438 -0.7029156684875488
62327140 -0.6797928810119629
67294838 -0.6811809539794922
72463322 -0.6875801086425781
77684131 -0.7070207595825195
82603601 -0.6935286521911621
87565220 -0.7015161514282227
92498188 -0.7029142379760742
97466908 -0.7170805931091309
102444749 -0.6914925575256348
107390259 -0.6930441856384277
112325540 -0.6969785690307617
117361243 -0.7102289199829102
122290636 -0.6878252029418945
127216109 -0.6932110786437988
132155767 -0.6985688209533691
137123987 -0.7099175453186035
142100512 -0.684720516204834
147036618 -0.6812772750854492
152018254 -0.6812801361083984
157001900 -0.7036428451538086
161928826 -0.6818222999572754
166866464 -0.6845946311950684
171884892 -0.6912016868591309
176881349 -0.7092180252075195
181886914 -0.6866812705993652
186752043 -0.6825137138366699
191724254 -0.6869235038757324
196774774 -0.7073674201965332
201656437 -0.6832194328308105
206621037 -0.6778373718261719
211561782 -0.679349422454834
216537944 -0.6964297294616699
221490150 -0.6804146766662598
226429668 -0.6808958053588867
231459774 -0.6895561218261719
236359926 -0.7085742950439453
241310748 -0.6982407569885254
246264339 -0.6979546546936035
251213772 -0.7039852142333984
256169801 -0.7160682678222656
261175482 -0.6963615417480469
266076868 -0.6837644577026367
271104484 -0.6884326934814453
276007992 -0.7097940444946289
280948930 -0.7023677825927734
285922238 -0.6941637992858887
290912764 -0.6988430023193359
295841630 -0.7113733291625977
300781605 -0.6940765380859375
305773263 -0.681912899017334
310698132 -0.6932973861694336
315646687 -0.7014212608337402
320627508 -0.6812930107116699
325569722 -0.6731634140014648
330520151 -0.6860527992248535
335481855 -0.7029018402099609
340446148 -0.6882796287536621
345406957 -0.6745448112487793
350395239 -0.6827988624572754
355313836 -0.691375732421875
360285867 -0.6855788230895996
365214151 -0.6749162673950195
370221294 -0.6845493316650391
375139717 -0.6966366767883301
380116586 -0.6896681785583496
385051478 -0.6735858917236328
390017925 -0.6864352226257324
395142703 -0.7025699615478516
400044783 -0.6987118721008301
404997114 -0.6850714683532715
409943469 -0.7004718780517578
415197409 -0.7100415229797363
419850730 -0.7092056274414062
424815125 -0.6912107467651367
429797795 -0.697321891784668
434763700 -0.708338737487793
439696857 -0.7022705078125
444685533 -0.688535213470459
449581781 -0.6965446472167969
454545246 -0.708463191986084
459514421 -0.7038760185241699
464457189 -0.686485767364502
469422633 -0.6916694641113281
474388091 -0.6970868110656738
479342552 -0.696136474609375
484289828 -0.6781721115112305
489274212 -0.6872262954711914
494204046 -0.6945552825927734
499187417 -0.6885976791381836
504105462 -0.6636233329772949
511274848 -0.6711292266845703
516219649 -0.6895527839660645
521209451 -0.6739940643310547
526693708 -0.6735634803771973
531651120 -0.6864261627197266
536677100 -0.7084589004516602
541624891 -0.689847469329834
546542765 -0.6869297027587891
551496721 -0.6935968399047852
556467338 -0.7090539932250977
561453386 -0.6911454200744629
566384622 -0.6906933784484863
571350467 -0.7000522613525391
576301948 -0.7179956436157227
581234332 -0.6974434852600098
586242168 -0.688356876373291
591147209 -0.6919746398925781
596134996 -0.7102274894714355
601114946 -0.6910800933837891
606018422 -0.682952880859375
610967778 -0.6941781044006348
615987925 -0.7145061492919922
620929545 -0.6992454528808594
625843637 -0.6874351501464844
630809465 -0.694023609161377
635773660 -0.7086696624755859
640712004 -0.6926336288452148
645665254 -0.6851496696472168
650644587 -0.6915416717529297
656017770 -0.7045469284057617
660906782 -0.6847438812255859
665863213 -0.6740012168884277
670820354 -0.6782197952270508
679083138 -0.6953649520874023
709918786 -0.6707763671875
715180602 -0.6971907615661621
720222137 -0.6931276321411133
725424697 -0.6818962097167969
730498634 -0.6966767311096191
743313525 -0.7142343521118164
748313802 -0.6902947425842285
753488535 -0.6996049880981445
758443324 -0.7074522972106934
763510064 -0.6909818649291992
768669048 -0.6977944374084473
773873552 -0.7102890014648438
779950615 -0.7187118530273438
785177602 -0.6965556144714355
790158998 -0.7007055282592773
796127749 -0.7065105438232422
801129563 -0.6842770576477051
806068704 -0.6734414100646973
811166515 -0.6814727783203125
816446993 -0.7011518478393555
820992635 -0.6888265609741211
826006761 -0.6737575531005859
831013730 -0.6803750991821289
836379245 -0.689387321472168
841086946 -0.6772232055664062
846276147 -0.6719083786010742
851446701 -0.6823182106018066
856485360 -0.6999721527099609
861420626 -0.6836042404174805
866414486 -0.6776652336120605
871348779 -0.6820378303527832
876286910 -0.697721004486084
881238599 -0.6867680549621582
886307289 -0.6778383255004883
891200664 -0.686892032623291
896126725 -0.7078781127929688
901094425 -0.6921243667602539
906084687 -0.6831398010253906
911622602 -0.6923294067382812
916544260 -0.7120356559753418
921481701 -0.6942505836486816
926491545 -0.6933879852294922
931437817 -0.7020301818847656
936344970 -0.723118782043457
941344505 -0.7039566040039062
946910356 -0.6960272789001465
951919430 -0.6958494186401367
957051662 -0.708531379699707
961959083 -0.6833405494689941
966902936 -0.6819219589233398
972081763 -0.6878132820129395
977088798 -0.7074136734008789
982108365 -0.684049129486084
987123180 -0.6785459518432617
992054870 -0.6795897483825684
997036021 -0.6937665939331055
1946842 -0.6738886833190918
6903714 -0.6725449562072754
11911959 -0.6773638725280762
16841911 -0.7012977600097656
21810360 -0.6866793632507324
26789616 -0.6877932548522949
31762038 -0.6870718002319336
36707238 -0.7022523880004883
41646627 -0.6823039054870605
46875024 -0.673558235168457
51581283 -0.6766986846923828
57304163 -0.703127384185791
62254486 -0.6826696395874023
67238774 -0.6884765625
72190733 -0.694237232208252
78329155 -0.7073822021484375
83241227 -0.6871719360351562
88188792 -0.6918625831604004
93122769 -0.6930408477783203
98096211 -0.7023196220397949
103144678 -0.6814465522766113
108053851 -0.6856498718261719
112951539 -0.6924090385437012
117909287 -0.7050204277038574
122907350 -0.6837115287780762
127882836 -0.6910490989685059
132792961 -0.7017421722412109
137764019 -0.7168645858764648
142694522 -0.6932840347290039
150028297 -0.6929178237915039
153800452 -0.6920771598815918
158771634 -0.6934428215026855
163734629 -0.6744041442871094
168668365 -0.6801905632019043
173638950 -0.6885313987731934
178591046 -0.6985831260681152
183541342 -0.6812276840209961
188531328 -0.6863436698913574
193474531 -0.691988468170166
198471568 -0.6985383033752441
203390435 -0.6727709770202637
208426403 -0.6779775619506836
213329798 -0.6865530014038086
218306726 -0.7016048431396484
223215004 -0.6799030303955078
228210805 -0.6900033950805664
233190468 -0.6987242698669434
238126359 -0.7089571952819824
243075421 -0.6853556632995605
248111834 -0.6901750564575195
253028384 -0.6915769577026367
257958527 -0.7067108154296875
262943042 -0.6843633651733398
267902498 -0.6876411437988281
272987981 -0.689702033996582
277789669 -0.7042865753173828
282768715 -0.6837654113769531
287706103 -0.6875171661376953
292650409 -0.691408634185791
297602245 -0.7065229415893555
302550787 -0.6890506744384766
307562659 -0.6958160400390625
312632387 -0.697230339050293
317569987 -0.7079544067382812
322533359 -0.6796727180480957
327465642 -0.6825370788574219
332469831 -0.6866536140441895
337434448 -0.7039241790771484
342385578 -0.6830568313598633
347332653 -0.6836762428283691
352261184 -0.6841211318969727
357240295 -0.7017951011657715
362208867 -0.6814751625061035
367178053 -0.6857128143310547
372108483 -0.6884775161743164
377076393 -0.7057595252990723
382007062 -0.686769962310791
386971411 -0.6865510940551758
391936441 -0.6867713928222656
396850431 -0.7020525932312012
401823860 -0.6806144714355469
406815779 -0.674619197845459
411728173 -0.6867122650146484
416688621 -0.7099728584289551
421629381 -0.693601131439209
426589609 -0.6934199333190918
431556680 -0.7013421058654785
436527148 -0.7176218032836914
441462553 -0.6951003074645996
446458213 -0.6866016387939453
451486495 -0.6891937255859375
456385882 -0.7036104202270508
461362063 -0.6874074935913086
466300837 -0.6766471862792969
471785946 -0.6836295127868652
476701953 -0.6997480392456055
481658633 -0.6808242797851562
486620042 -0.6737756729125977
491679150 -0.6770339012145996
496570242 -0.7008256912231445
501570577 -0.6897945404052734
506473503 -0.6839628219604492
511428723 -0.6885981559753418
516408359 -0.7104158401489258
521361286 -0.6964802742004395
526340547 -0.6936812400817871
531256447 -0.6943588256835938
536222930 -0.707667350769043
541187729 -0.6900148391723633
546134560 -0.683927059173584
551080227 -0.6904606819152832
556048228 -0.7054882049560547
561004010 -0.6920351982116699
565947405 -0.6829867362976074
570927328 -0.6922006607055664
575892875 -0.7083258628845215
580863395 -0.6925792694091797
585783042 -0.682497501373291
590738335 -0.6898350715637207
595706135 -0.7048130035400391
600650935 -0.6916651725769043
605608029 -0.6747636795043945
610566726 -0.6866621971130371
615557352 -0.7015566825866699
620510394 -0.6957931518554688
625463359 -0.6780891418457031
630398097 -0.6849784851074219
635408360 -0.6991519927978516
640359061 -0.6899280548095703
645286846 -0.6752896308898926
650244399 -0.6868009567260742
655216971 -0.7014884948730469
660387606 -0.6951727867126465
665373306 -0.6813549995422363
670349212 -0.6885738372802734
676117830 -0.6996188163757324
718839537 -0.6889052391052246
740435281 -0.7043685913085938
745620129 -0.6908998489379883
750659158 -0.6970853805541992
755596055 -0.7061614990234375
760857022 -0.6899042129516602
767499787 -0.6806225776672363
772512939 -0.6910490989685059
777913686 -0.7070307731628418
785228448 -0.6807503700256348
801436052 -0.6943097114562988
822380039 -0.6799302101135254
837558047 -0.6968388557434082
842738497 -0.6818885803222656
847764526 -0.6889772415161133
852963024 -0.687016487121582
858444991 -0.7027230262756348
863512689 -0.6817259788513184
868482170 -0.6888303756713867
873749826 -0.6945357322692871
878758004 -0.7015252113342285
883770861 -0.6854963302612305
888706021 -0.694739818572998
893753614 -0.6997461318969727
898934342 -0.7133321762084961
903927253 -0.6962556838989258
908941552 -0.7067222595214844
914050105 -0.7082829475402832
919373434 -0.7039089202880859
924552389 -0.6840415000915527
929493816 -0.6951351165771484
934438869 -0.7081546783447266
939414805 -0.7017555236816406
944375980 -0.6809353828430176
949597555 -0.689152717590332
954505074 -0.6982111930847168
959506579 -0.6985616683959961
965162620 -0.6761760711669922
970102277 -0.6828484535217285
975150493 -0.6910572052001953
980305201 -0.6829605102539062
986737695 -0.6724095344543457
990218295 -0.6851849555969238
995163639 -0.6971688270568848
154907 -0.6898331642150879
6256297 -0.6740818023681641
10735951 -0.6878128051757812
16167428 -0.7027854919433594
20660915 -0.6942911148071289
25631390 -0.6831555366516113
30999675 -0.6933345794677734
35956058 -0.7099828720092773
40878298 -0.6996850967407227
45963154 -0.6886997222900391
51109307 -0.6998066902160645
56355738 -0.7098231315612793
61101380 -0.6939225196838379
66249578 -0.6899547576904297
71501465 -0.6974630355834961
76464487 -0.7094669342041016
81602348 -0.6876382827758789
86577045 -0.6834506988525391
91608792 -0.6867427825927734
96507271 -0.7018461227416992
101484588 -0.6884961128234863
106398835 -0.6863832473754883
111535972 -0.6944904327392578
116350344 -0.7118291854858398
121297352 -0.6965422630310059
126558342 -0.6860256195068359
131566428 -0.691490650177002
136464689 -0.7059907913208008
141443615 -0.6900358200073242
146460750 -0.6821804046630859
151336902 -0.6879110336303711
156302588 -0.6982078552246094
161285838 -0.6774258613586426
166277735 -0.6709694862365723
171197103 -0.6805429458618164
176122760 -0.6954135894775391
181093310 -0.6857929229736328
186078073 -0.6816005706787109
190991520 -0.6917848587036133
195955256 -0.7059478759765625
200923909 -0.6956915855407715
205886855 -0.6870474815368652
210810924 -0.6920905113220215
215809216 -0.7069950103759766
220744983 -0.6982884407043457
225707408 -0.6904935836791992
230654813 -0.6975960731506348
235631512 -0.7123708724975586
240583848 -0.6995940208435059
245523975 -0.6856255531311035
250536550 -0.6934833526611328
255694318 -0.7067184448242188
260650091 -0.6966619491577148
265536594 -0.6828503608703613
270500844 -0.6971487998962402
275717667 -0.7087836265563965
280684636 -0.7018241882324219
285584130 -0.6788396835327148
290522862 -0.6867823600769043
295622023 -0.6977300643920898
300750233 -0.6827602386474609
305758596 -0.6755595207214355
310907915 -0.6847496032714844
315846310 -0.6979632377624512
320808651 -0.6862783432006836
325775042 -0.6811671257019043
330712340 -0.6937727928161621
335735905 -0.7076206207275391
340656542 -0.696871280670166
345677807 -0.6896309852600098
350641577 -0.6974411010742188
355538542 -0.7112631797790527
360498320 -0.6990742683410645
365459700 -0.681767463684082
370475716 -0.6828823089599609
375418165 -0.6950783729553223
380322468 -0.6884293556213379
385297402 -0.6771674156188965
390327963 -0.6918454170227051
395200022 -0.7044973373413086
400157547 -0.6998767852783203
405112596 -0.6840391159057617
410112998 -0.692288875579834
415020984 -0.7072563171386719
420073209 -0.7021942138671875
424954830 -0.6870088577270508
430325990 -0.6962571144104004
435736613 -0.7119159698486328
440697106 -0.6959328651428223
445654786 -0.6836166381835938
450591810 -0.6925854682922363
455550099 -0.704681396484375
460506213 -0.6912789344787598
465495785 -0.6793851852416992
470461923 -0.6897420883178711
475472588 -0.7030129432678223
480375388 -0.69427490234375
485307446 -0.681084156036377
490268308 -0.6877326965332031
495402699 -0.6997957229614258
500185315 -0.6949963569641113
505165722 -0.6773138046264648
510119416 -0.6896719932556152
515056947 -0.700103759765625
520070534 -0.6976332664489746
525856294 -0.6825265884399414
530166225 -0.6934733390808105
535457505 -0.702977180480957
540323224 -0.6965436935424805
545280588 -0.6806163787841797
550293104 -0.6916689872741699
555731536 -0.7031612396240234
560189364 -0.6948585510253906
565103757 -0.6805849075317383
570062049 -0.693817138671875
575071902 -0.7035088539123535
580185847 -0.6902198791503906
585179239 -0.6729846000671387
590153573 -0.6883177757263184
595070485 -0.7001266479492188
600196091 -0.6951808929443359
605138349 -0.6814761161804199
610105510 -0.6871623992919922
615821705 -0.701909065246582
620053196 -0.6956186294555664
625008596 -0.6869468688964844
629960449 -0.6952180862426758
634957345 -0.7060670852661133
639940110 -0.6973519325256348
644979494 -0.6804394721984863
649927190 -0.689089298248291
654872886 -0.6980142593383789
659863814 -0.6916594505310059
664768084 -0.6724882125854492
669722918 -0.6836175918579102
674796702 -0.6970920562744141
738993110 -0.690032958984375
743945280 -0.6800994873046875
751436041 -0.6931838989257812
756866851 -0.707399845123291
761951980 -0.6902379989624023
767101697 -0.6896624565124512
800234174 -0.6930942535400391
813729634 -0.6879119873046875
818695658 -0.6979990005493164
823648432 -0.674501895904541
828702654 -0.6819753646850586
833836382 -0.6904573440551758
839029724 -0.6980681419372559
844048686 -0.6799659729003906
849745690 -0.6890525817871094
854889885 -0.700779914855957
861167955 -0.6976161003112793
866180730 -0.683525562286377
871154695 -0.6903572082519531
876273441 -0.702631950378418
881166361 -0.6886835098266602
886169342 -0.6791114807128906
891287041 -0.6882009506225586
896431949 -0.7070579528808594
901305193 -0.6885900497436523
906279920 -0.6800680160522461
911213929 -0.6938638687133789
916218403 -0.7146668434143066
921191726 -0.6977834701538086
926155486 -0.6896462440490723
931069405 -0.6983757019042969
936081822 -0.706812858581543
940983156 -0.6882524490356445
945986029 -0.6801800727844238
951169304 -0.6929550170898438
956126870 -0.7011418342590332
961094609 -0.6838040351867676
966036649 -0.6774253845214844
971322972 -0.6859130859375
976194155 -0.6993632316589355
981184549 -0.6884379386901855
986181982 -0.6832904815673828
991098578 -0.695429801940918
996692728 -0.7118463516235352
1021017 -0.6992616653442383
5971250 -0.6886281967163086
10923007 -0.6928954124450684
15847486 -0.7099518775939941
20824551 -0.6945319175720215
25813880 -0.6796188354492188
30710215 -0.6877789497375488
35675770 -0.705202579498291
40654449 -0.6999068260192871
45739459 -0.6883716583251953
50799633 -0.6926393508911133
55744873 -0.7007675170898438
60698017 -0.6854310035705566
65644363 -0.6695284843444824
72437964 -0.6825695037841797
78072919 -0.6981673240661621
83067499 -0.6799192428588867
88038530 -0.6886987686157227
92979679 -0.6979851722717285
97947961 -0.7105402946472168
102943837 -0.6884374618530273
107846916 -0.6948418617248535
112788976 -0.7002782821655273
117851724 -0.7115821838378906
122730150 -0.6835079193115234
127723755 -0.6877803802490234
132630739 -0.6914606094360352
137608692 -0.7040715217590332
142578172 -0.6795344352722168
147540935 -0.6783008575439453
152486848 -0.6839599609375
157429445 -0.7000837326049805
162429754 -0.6855998039245605
167415833 -0.6959915161132812
172308692 -0.6956849098205566
177268145 -0.704658031463623
182235796 -0.6819286346435547
187184422 -0.6835813522338867
192120469 -0.6844244003295898
197095638 -0.7045764923095703
202090847 -0.6855068206787109
207002736 -0.6851959228515625
211962838 -0.6895589828491211
216921627 -0.7072725296020508
221884090 -0.6828436851501465
226921105 -0.6801986694335938
231788013 -0.687340259552002
236773370 -0.7098855972290039
241730732 -0.6958117485046387
246681061 -0.6949524879455566
251735363 -0.6973361968994141
256646150 -0.712061882019043
261626692 -0.6870450973510742
266595852 -0.6774163246154785
271516724 -0.683067798614502
276511967 -0.6978435516357422
281427260 -0.6825222969055176
286377652 -0.6770076751708984
291354721 -0.6858015060424805
296315903 -0.703667163848877
301802351 -0.6895995140075684
306760641 -0.6887946128845215
311689850 -0.6924953460693359
316642467 -0.7087831497192383
321618376 -0.690070629119873
326569446 -0.6826419830322266
331578303 -0.6903133392333984
336619436 -0.7094268798828125
341461058 -0.6893367767333984
346404210 -0.6785902976989746
351348833 -0.684908390045166
356328812 -0.7032613754272461
361267962 -0.6919131278991699
366490165 -0.6884994506835938
371209484 -0.6988682746887207
376139816 -0.7132244110107422
381097084 -0.6958136558532715
386044440 -0.6806192398071289
391342625 -0.6880760192871094
396284511 -0.6963729858398438
401292849 -0.6852412223815918
406200222 -0.6794824600219727
411131700 -0.6919469833374023
416098829 -0.7018442153930664
421064252 -0.6894145011901855
426061152 -0.6760501861572266
431056095 -0.6867666244506836
436013068 -0.6976585388183594
440963717 -0.6905355453491211
445934636 -0.6797018051147461
450888363 -0.6926565170288086
455867578 -0.712921142578125
460822651 -0.7032046318054199
465820312 -0.6898789405822754
472920800 -0.6946010589599609
475716618 -0.7083549499511719
480742984 -0.6981372833251953
485613059 -0.6831645965576172
490565391 -0.6953558921813965
495592617 -0.7051444053649902
500536739 -0.6921830177307129
505432872 -0.6783814430236816
510408765 -0.6882009506225586
516109447 -0.6999006271362305
521012444 -0.6862678527832031
525998205 -0.680854320526123
530956680 -0.6966009140014648
535916192 -0.7133269309997559
540881106 -0.6989259719848633
545831060 -0.6861529350280762
550790595 -0.6926689147949219
555784755 -0.7013988494873047
560728022 -0.6879777908325195
565679274 -0.678337574005127
570681455 -0.6903386116027832
575658461 -0.7044873237609863
580549268 -0.691859245300293
585508351 -0.6789226531982422
590464154 -0.6877250671386719
595650365 -0.6967473030090332
600643244 -0.6939668655395508
605541291 -0.6777172088623047
610912486 -0.6911382675170898
615865446 -0.709254264831543
620789868 -0.6939878463745117
625915015 -0.6783566474914551
630879660 -0.684934139251709
635813705 -0.6984987258911133
640769203 -0.689399242401123
645769689 -0.6831784248352051
650686033 -0.6947989463806152
655648316 -0.7128982543945312
660608087 -0.7054314613342285
665588925 -0.6938905715942383
670497266 -0.7045340538024902
683208322 -0.708251953125
698489052 -0.6853604316711426
703619052 -0.679173469543457
713629886 -0.692051887512207
718757589 -0.7064294815063477
723857180 -0.6820716857910156
728851828 -0.6878437995910645
733906608 -0.7012495994567871
738950120 -0.7032108306884766
743998474 -0.6824369430541992
749585833 -0.6874351501464844
755084219 -0.6948251724243164
760380461 -0.6873250007629395
765778550 -0.6760201454162598
772294389 -0.6894102096557617
777321793 -0.7055859565734863
782417408 -0.686121940612793
787571700 -0.6881747245788574
793346799 -0.6970615386962891
799186640 -0.6983728408813477
804290856 -0.6790952682495117
809564438 -0.6886792182922363
814549077 -0.6996111869812012
819490973 -0.7030963897705078
824486101 -0.6820855140686035
829499303 -0.6902732849121094
834873287 -0.7048854827880859
839794307 -0.6996417045593262
844755953 -0.6828484535217285
849694137 -0.6882133483886719
854656003 -0.7028436660766602
859647273 -0.7013535499572754
864651140 -0.6806735992431641
869821749 -0.6922216415405273
874704418 -0.703770637512207
879700813 -0.6982784271240234
884738536 -0.6808409690856934
889951651 -0.6912245750427246
894858210 -0.7020478248596191
899964861 -0.6964168548583984
905184802 -0.6765861511230469
910666499 -0.6876859664916992
916950885 -0.705357551574707
920982348 -0.6981549263000488
925979528 -0.6874527931213379
930931307 -0.6931977272033691
935939047 -0.7061581611633301
941344542 -0.6859450340270996
946354100 -0.6824827194213867
951365323 -0.6885542869567871
956334966 -0.7030515670776367
961350674 -0.6889653205871582
966390212 -0.6805963516235352
972570593 -0.6905517578125
978410676 -0.7040014266967773
983362177 -0.6789569854736328
989061846 -0.6839570999145508
994199224 -0.6914076805114746
999114270 -0.6930813789367676
4533212 -0.6753382682800293
9010652 -0.6911778450012207
13966768 -0.701909065246582
18942650 -0.7053585052490234
23935205 -0.6844449043273926
31859342 -0.6934161186218262
40582128 -0.7086610794067383
45496908 -0.6823153495788574
50462543 -0.6922054290771484
57078059 -0.7074680328369141
63020824 -0.6853528022766113
70543328 -0.6946392059326172
74937700 -0.7056570053100586
81293048 -0.6948204040527344
86236055 -0.6835780143737793
91187328 -0.6904754638671875
96123643 -0.708890438079834
101102076 -0.6914582252502441
106216925 -0.6780481338500977
111117347 -0.687192440032959
116085945 -0.7038850784301758
121130569 -0.6907849311828613
126066014 -0.6775612831115723
130998897 -0.6894941329956055
135967333 -0.7050447463989258
140907294 -0.6927533149719238
145972803 -0.6804361343383789
150889653 -0.6883988380432129
155887806 -0.7011723518371582
160775029 -0.6906723976135254
165727967 -0.6788263320922852
170710620 -0.6854939460754395
175784214 -0.6983623504638672
180737003 -0.6910333633422852
185671182 -0.6760759353637695
190666747 -0.6864652633666992
195580477 -0.697596549987793
200531168 -0.6891574859619141
205564985 -0.6765170097351074
210462503 -0.6945047378540039
215832705 -0.7138128280639648
220818179 -0.7027158737182617
225795574 -0.6861329078674316
230777038 -0.6923031806945801
235685499 -0.7035975456237793
240662043 -0.6957626342773438
245685018 -0.6853981018066406
250652654 -0.6947455406188965
255757014 -0.7062678337097168
260774497 -0.6958341598510742
265668830 -0.6847724914550781
270683817 -0.693873405456543
275592927 -0.7039837837219238
280544041 -0.6892790794372559
285493907 -0.676734447479248
290505527 -0.6898651123046875
295468111 -0.6989402770996094
300371792 -0.6932902336120605
305357317 -0.677220344543457
310343258 -0.6813559532165527
315413687 -0.690009593963623
320480210 -0.6839900016784668
325413224 -0.6688594818115234
330390008 -0.6841602325439453
336387007 -0.6976509094238281
341333135 -0.6895909309387207
346232872 -0.6801939010620117
351210701 -0.6883363723754883
356201887 -0.7055163383483887
361122535 -0.6877317428588867
366060189 -0.6781907081604004
371019528 -0.6907315254211426
376009805 -0.7128891944885254
381025315 -0.701136589050293
386004108 -0.6825413703918457
390969606 -0.6897892951965332
395921315 -0.7031993865966797
400864079 -0.6913933753967285
405842526 -0.6818380355834961
410819651 -0.6952114105224609
415725919 -0.7087016105651855
420711216 -0.6970329284667969
425649655 -0.6897239685058594
430603886 -0.7041077613830566
435912704 -0.7108502388000488
440734563 -0.6970095634460449
445681810 -0.6782002449035645
450686093 -0.6903471946716309
456121748 -0.706171989440918
461103541 -0.6959762573242188
466056276 -0.681889533996582
471010035 -0.6839652061462402
475968961 -0.6954202651977539
480914014 -0.6835412979125977
485859012 -0.6709060668945312
490823335 -0.6792073249816895
496136321 -0.6920528411865234
501054428 -0.6864604949951172
506009122 -0.6723790168762207
510971547 -0.6839499473571777
515953511 -0.7011494636535645
520986472 -0.6884059906005859
525900173 -0.6755576133728027
530798935 -0.6857419013977051
535771233 -0.7006940841674805
540734026 -0.6904001235961914
545734601 -0.6810870170593262
550624066 -0.6911158561706543
555578095 -0.7008342742919922
560626769 -0.6898107528686523
565531719 -0.6786766052246094
570512692 -0.6959137916564941
575785182 -0.7133464813232422
580408097 -0.7092380523681641
585386682 -0.6971979141235352
590355986 -0.703275203704834
595351355 -0.7121109962463379
600302407 -0.6988625526428223
605238387 -0.6812796592712402
610190941 -0.6925315856933594
615142179 -0.7008957862854004
620102693 -0.7016658782958984
625121936 -0.6819543838500977
630008741 -0.6943650245666504
635008778 -0.7040152549743652
639934260 -0.699547290802002
644890105 -0.6760954856872559
649876508 -0.6836867332458496
654804313 -0.6951184272766113
659781108 -0.689119815826416
664727582 -0.6655063629150391
670203896 -0.6814088821411133
683244260 -0.6917591094970703
694504440 -0.6641645431518555
705912409 -0.6974921226501465
711386509 -0.6991844177246094
716792482 -0.7122683525085449
722158215 -0.6921205520629883
727460184 -0.6898889541625977
732390568 -0.6957979202270508
737445504 -0.7107830047607422
742631805 -0.6890606880187988
748227611 -0.694817066192627
753350548 -0.7055416107177734
758347239 -0.7118539810180664
764275666 -0.6848812103271484
769326821 -0.6914825439453125
774479477 -0.7025661468505859
779679983 -0.7023625373840332
784618398 -0.6856145858764648
789805071 -0.6960268020629883
794925973 -0.7062416076660156
800458814 -0.697120189666748
805478739 -0.6786665916442871
810717458 -0.6872005462646484
816837471 -0.700772762298584
822347183 -0.684359073638916
827429038 -0.6861329078674316
832378711 -0.6924238204956055
839861129 -0.7025289535522461
846300448 -0.6751008033752441
851553558 -0.6812715530395508
856625122 -0.6905097961425781
861808621 -0.6769204139709473
867046311 -0.6743183135986328
871947014 -0.6849994659423828
876879155 -0.7055940628051758
881871034 -0.6843814849853516
886858700 -0.6819076538085938
891919708 -0.690432071685791
896797618 -0.7095737457275391
901826302 -0.6944427490234375
906934244 -0.6903176307678223
912118745 -0.6988620758056641
917090272 -0.7134113311767578
922055576 -0.6941289901733398
927008896 -0.6911144256591797
931984000 -0.6978116035461426
936926813 -0.7153911590576172
941910794 -0.6979203224182129
946837359 -0.6963920593261719
951788613 -0.7031049728393555
956748255 -0.7142219543457031
961722536 -0.6932573318481445
966668071 -0.6840763092041016
971699209 -0.6868414878845215
976632551 -0.7012863159179688
981617026 -0.6833934783935547
986884530 -0.6758551597595215
992960121 -0.6848735809326172
1295707 -0.6886839866638184
6345006 -0.675755500793457
11209441 -0.6878232955932617
16714497 -0.7010221481323242
21173613 -0.6845531463623047
26834356 -0.6763620376586914
31948508 -0.6886997222900391
37384943 -0.7023434638977051
42734498 -0.6810126304626465
47620149 -0.6766533851623535
53613329 -0.685417652130127
58506014 -0.7020096778869629
64289316 -0.6858720779418945
70460523 -0.6940503120422363
75527365 -0.711939811706543
80866835 -0.7086200714111328
85833923 -0.6967086791992188
90796782 -0.7008061408996582
95862282 -0.7089266777038574
100854379 -0.6927018165588379
105722163 -0.6813845634460449
110701558 -0.693535327911377
115653922 -0.710273265838623
120596113 -0.6996593475341797
126997176 -0.6843094825744629
131878358 -0.6948504447937012
136830279 -0.7091245651245117
141868165 -0.6892027854919434
147787647 -0.6809220314025879
152744514 -0.6903047561645508
157719005 -0.6998276710510254
162665272 -0.6749091148376465
167608387 -0.6763272285461426
172556220 -0.6855273246765137
177527664 -0.6988992691040039
182518138 -0.6791286468505859
187437425 -0.6801605224609375
192376401 -0.6892189979553223
197336069 -0.7039966583251953
202306293 -0.6758742332458496
207251330 -0.6763176918029785
212227714 -0.6823453903198242
217178693 -0.7074770927429199
222208814 -0.687654972076416
227267375 -0.689061164855957
232230487 -0.6941971778869629
237166547 -0.7129640579223633
242118369 -0.6945490837097168
247085931 -0.6904730796813965
252043938 -0.6953754425048828
256988593 -0.7139430046081543
262297117 -0.6918368339538574
267268497 -0.6887845993041992
272496280 -0.6954278945922852
277957368 -0.7106122970581055
283486902 -0.6884937286376953
288470675 -0.6931262016296387
293864842 -0.701507568359375
298882402 -0.7091035842895508
303760794 -0.6886134147644043
312380551 -0.6911911964416504
317339018 -0.7063694000244141
322267653 -0.6834468841552734
327247647 -0.6752514839172363
334236889 -0.6782073974609375
339209496 -0.6939315795898438
344292493 -0.6729297637939453
349093242 -0.6836066246032715
354065944 -0.6967754364013672
359006097 -0.7035541534423828
363964085 -0.678779125213623
368977287 -0.682673454284668
373890603 -0.6933116912841797
378830319 -0.7005887031555176
384037949 -0.684760570526123
388954209 -0.6918120384216309
393913223 -0.7001075744628906
398994541 -0.7097082138061523
403906817 -0.6947145462036133
408836170 -0.696232795715332
413812635 -0.7034850120544434
418745161 -0.7105016708374023
423726880 -0.688685417175293
428665030 -0.6974420547485352
433619811 -0.7005000114440918
438577077 -0.7110238075256348
443568793 -0.6866979598999023
448505348 -0.6880989074707031
453489112 -0.6930012702941895
458491643 -0.7020316123962402
463391810 -0.674778938293457
468378110 -0.6814966201782227
473319422 -0.6879353523254395
478266372 -0.7016277313232422
483216528 -0.6815390586853027
488292484 -0.6851696968078613
493231012 -0.6862363815307617
498256998 -0.6935591697692871
503148069 -0.6720728874206543
508178240 -0.6827588081359863
513068227 -0.6903610229492188
518032146 -0.7086501121520996
523032385 -0.6908373832702637
527994979 -0.6941556930541992
532967522 -0.692838191986084
538159546 -0.7082867622375488
543108717 -0.6841611862182617
548054366 -0.6874818801879883
553031231 -0.6938552856445312
557997698 -0.7111606597900391
562948596 -0.6863393783569336
567938315 -0.6942901611328125
572834492 -0.6983160972595215
577814269 -0.7096409797668457
582773417 -0.6830716133117676
587787748 -0.6889424324035645
592662742 -0.6989517211914062
597667166 -0.7133512496948242
602607650 -0.6927909851074219
607553436 -0.6940579414367676
