6324635 -1.2842178344726562
11258236 -1.29844331741333
16359573 -1.2802300453186035
21329840 -1.284895420074463
26319316 -1.2775516510009766
31704947 -1.2937426567077637
37122458 -1.2731075286865234
42087390 -1.2880210876464844
47373998 -1.2862963676452637
52332422 -1.296511173248291
57272440 -1.273392677307129
62231704 -1.2849326133728027
67626548 -1.2809228897094727
72528120 -1.2929139137268066
78636110 -1.2698869705200195
83588177 -1.2806496620178223
88550931 -1.2844023704528809
93570749 -1.290318489074707
98486172 -1.2729511260986328
103413431 -1.283024787902832
108456190 -1.286872386932373
113318068 -1.2908616065979004
118390911 -1.2717385292053223
123372618 -1.2827239036560059
128223979 -1.2895526885986328
133149526 -1.2964577674865723
138121496 -1.2757277488708496
143070283 -1.2871413230895996
148117419 -1.2864422798156738
153000128 -1.295088768005371
157983445 -1.2728643417358398
163022232 -1.2847943305969238
168149504 -1.286233901977539
173075342 -1.2937302589416504
178025441 -1.2721786499023438
183096763 -1.2857165336608887
187956174 -1.287229061126709
192884554 -1.2955050468444824
197855877 -1.2744040489196777
202802279 -1.2874135971069336
207761550 -1.2869505882263184
212707711 -1.3006324768066406
217683895 -1.2783513069152832
222711161 -1.2878966331481934
227647301 -1.2829289436340332
232534132 -1.2958054542541504
237497222 -1.273165225982666
242460492 -1.2832040786743164
247414307 -1.2840685844421387
252372586 -1.2973408699035645
257313175 -1.273993968963623
262335047 -1.2858285903930664
267226615 -1.2827363014221191
272227219 -1.2954630851745605
277161381 -1.2732105255126953
282110718 -1.2852168083190918
287047524 -1.2819199562072754
292050903 -1.2953734397888184
297002231 -1.2753076553344727
301932937 -1.28515625
306957985 -1.2803444862365723
311845932 -1.2970671653747559
316959536 -1.2755584716796875
321753754 -1.283297061920166
326724467 -1.2784924507141113
331679516 -1.2935638427734375
337359704 -1.2763094902038574
342300467 -1.2843046188354492
347299317 -1.282867431640625
352199821 -1.2935690879821777
357142726 -1.2717456817626953
362100249 -1.2808032035827637
367068849 -1.2777838706970215
372045786 -1.292771816253662
376980586 -1.2733440399169922
382132246 -1.2835545539855957
387257471 -1.277878761291504
392223498 -1.2909607887268066
397484908 -1.2687902450561523
402375479 -1.2780213356018066
407333808 -1.2750053405761719
413925482 -1.289299488067627
417334638 -1.2705540657043457
422268789 -1.2809514999389648
427234870 -1.277174949645996
432162974 -1.2941813468933105
437113666 -1.2728447914123535
442074769 -1.2843294143676758
447080743 -1.2787799835205078
451983581 -1.292435646057129
456936866 -1.2739453315734863
461924486 -1.2811589241027832
466861809 -1.2779755592346191
471881515 -1.2939152717590332
476839817 -1.27388334274292
481785375 -1.2860369682312012
486753122 -1.2844934463500977
491721042 -1.3008766174316406
496663000 -1.282339096069336
501637555 -1.2900753021240234
506625480 -1.2857065200805664
511533415 -1.3007903099060059
516517979 -1.2791152000427246
521488644 -1.281806468963623
526462381 -1.2762632369995117
531380569 -1.2916545867919922
536347421 -1.2738008499145508
541774546 -1.2848796844482422
546764071 -1.2815680503845215
551686366 -1.2968196868896484
556641748 -1.2771196365356445
561587529 -1.2837882041931152
566563154 -1.2774748802185059
571511882 -1.2910690307617188
576504631 -1.2714600563049316
581411197 -1.2755794525146484
586403541 -1.2748651504516602
591847538 -1.2924141883850098
596797170 -1.2702274322509766
601727818 -1.2773404121398926
606686578 -1.2710919380187988
611644034 -1.288240909576416
617019507 -1.2720160484313965
621561058 -1.281167984008789
626521267 -1.2794475555419922
631454734 -1.293283462524414
636441445 -1.2771415710449219
641434071 -1.2788324356079102
646361113 -1.274451732635498
651311899 -1.2917399406433105
656309121 -1.2779994010925293
661456696 -1.280716896057129
666367085 -1.278296947479248
671329058 -1.2919025421142578
681915744 -1.2769098281860352
694881691 -1.280409336090088
699886513 -1.277367115020752
707017138 -1.27986478805542
711264115 -1.296525478363037
718054274 -1.2744526863098145
723155164 -1.284468173980713
728491759 -1.2867465019226074
733499509 -1.2891926765441895
738400870 -1.2690925598144531
743735815 -1.2816457748413086
769743521 -1.291574478149414
776042572 -1.28648042678833
783440458 -1.2868471145629883
788348101 -1.2881388664245605
793562492 -1.2889113426208496
811747136 -1.2665519714355469
817873235 -1.2762365341186523
823285026 -1.283665657043457
828639982 -1.2796263694763184
833689493 -1.2836313247680664
838987509 -1.2618918418884277
844026074 -1.273007869720459
849702716 -1.2876858711242676
857951806 -1.2867541313171387
863089755 -1.2877440452575684
868165934 -1.2885518074035645
873191825 -1.3001017570495605
878100108 -1.2742362022399902
883083554 -1.2859573364257812
888075306 -1.282735824584961
893002634 -1.29052734375
897969400 -1.2664189338684082
902930444 -1.2809505462646484
907868335 -1.2813568115234375
913198343 -1.2931160926818848
918114363 -1.2715606689453125
923039863 -1.2844815254211426
928001298 -1.284682273864746
932958077 -1.2924494743347168
937911003 -1.2727527618408203
942903227 -1.2901568412780762
947826572 -1.2863883972167969
953094924 -1.2897553443908691
957995886 -1.2632813453674316
962991258 -1.273512363433838
967989948 -1.2706313133239746
972938781 -1.283548355102539
977845826 -1.2660131454467773
982774331 -1.279038429260254
987857359 -1.274437427520752
992783126 -1.2888846397399902
997849140 -1.2666716575622559
3026105 -1.2812085151672363
14227265 -1.289311408996582
18742429 -1.2662549018859863
23683867 -1.274703025817871
29622838 -1.2821993827819824
33994646 -1.2880125045776367
38884038 -1.2700462341308594
43858353 -1.281919002532959
48996631 -1.291806697845459
58577833 -1.2907209396362305
63545035 -1.283456802368164
72430928 -1.2890911102294922
77221547 -1.2789440155029297
82228671 -1.2891736030578613
87208164 -1.2849359512329102
92118212 -1.2983484268188477
97111105 -1.2754120826721191
102116802 -1.2856502532958984
107485053 -1.2797999382019043
112021052 -1.2935419082641602
116963871 -1.2727375030517578
122020770 -1.2824749946594238
127037379 -1.2802796363830566
131989854 -1.296116828918457
136951649 -1.2752461433410645
141920790 -1.283522605895996
146858283 -1.2794628143310547
151932638 -1.2941303253173828
156764390 -1.2753067016601562
161738537 -1.280980110168457
166792664 -1.2808146476745605
171648163 -1.295405387878418
176599849 -1.2771000862121582
181566624 -1.2778582572937012
186587448 -1.2725539207458496
191483901 -1.286667823791504
196433753 -1.2696466445922852
201400637 -1.2733068466186523
206378372 -1.2699241638183594
211323973 -1.287649154663086
216265159 -1.2740273475646973
221269973 -1.2756142616271973
226195850 -1.2738780975341797
233955166 -1.2899274826049805
238942612 -1.2693729400634766
243878351 -1.2790169715881348
248851116 -1.2872638702392578
253753012 -1.2926836013793945
258698368 -1.2721867561340332
263682078 -1.2815141677856445
268623034 -1.2850136756896973
273601126 -1.2904868125915527
278572073 -1.269209861755371
283522274 -1.2824091911315918
288441930 -1.2917914390563965
293418571 -1.300926685333252
298448715 -1.2793898582458496
303457942 -1.287229061126709
308417155 -1.288379192352295
313433947 -1.2934389114379883
318348832 -1.2691402435302734
323270342 -1.283360481262207
328220731 -1.2884211540222168
333197109 -1.3008661270141602
338172499 -1.2769761085510254
343135288 -1.2902064323425293
348086972 -1.290848731994629
353121436 -1.3010225296020508
357993532 -1.2739529609680176
362962236 -1.2855167388916016
367907202 -1.282938003540039
372851908 -1.2934250831604004
377837308 -1.2703843116760254
382791559 -1.284162998199463
387764095 -1.2773027420043945
392703120 -1.2891054153442383
397643891 -1.2657337188720703
402602793 -1.2794933319091797
407584736 -1.276292324066162
412619836 -1.2924871444702148
417573773 -1.2703852653503418
422561743 -1.2815742492675781
427498839 -1.277122974395752
432449780 -1.2903170585632324
437409525 -1.271371841430664
442379960 -1.2837071418762207
447353256 -1.2779264450073242
452311679 -1.294339656829834
457239057 -1.2725048065185547
462224085 -1.2837629318237305
467159276 -1.2773566246032715
472092124 -1.2969722747802734
477069773 -1.2760376930236816
482008557 -1.2840766906738281
487033025 -1.2780098915100098
491933123 -1.29286527633667
496882704 -1.274956226348877
501828503 -1.2825536727905273
506798950 -1.276810646057129
511735703 -1.2946586608886719
516705494 -1.2804217338562012
521660874 -1.284438133239746
526615134 -1.2808561325073242
531565749 -1.3000550270080566
537059359 -1.2841086387634277
542023358 -1.2858376502990723
546979307 -1.2775402069091797
552166901 -1.292984962463379
557335836 -1.2727994918823242
562271042 -1.2846121788024902
567242491 -1.281480312347412
572212991 -1.2969470024108887
577155986 -1.276773452758789
582098135 -1.2838988304138184
587093335 -1.2798690795898438
592015150 -1.2945590019226074
597055497 -1.2775182723999023
601962883 -1.2863330841064453
606932692 -1.28228759765625
611874603 -1.2968988418579102
616831163 -1.2796730995178223
621799811 -1.288100242614746
627133421 -1.2828879356384277
632074509 -1.296994686126709
637264764 -1.2736568450927734
642137808 -1.281923770904541
647088420 -1.2738933563232422
652059394 -1.2861218452453613
657032503 -1.2680511474609375
661969517 -1.2781944274902344
667091785 -1.275731086730957
671962795 -1.2921934127807617
676952437 -1.272953987121582
682390732 -1.281886100769043
793365173 -1.2815194129943848
800449683 -1.2824020385742188
805461567 -1.2808923721313477
810509468 -1.2952690124511719
815755292 -1.2845511436462402
820846832 -1.278273582458496
826107097 -1.2767438888549805
831318153 -1.294893741607666
836772401 -1.279818058013916
843675638 -1.2811527252197266
848685185 -1.2858119010925293
853626751 -1.2922148704528809
858586431 -1.2708234786987305
863582786 -1.2810382843017578
868533785 -1.283337116241455
874909700 -1.2912507057189941
879942536 -1.271641731262207
885104661 -1.2773466110229492
890188407 -1.2881174087524414
895376808 -1.2819876670837402
900496480 -1.26806640625
906263301 -1.266984462738037
910502603 -1.2851285934448242
915494542 -1.276392936706543
920512128 -1.2717280387878418
925475928 -1.2732009887695312
930619282 -1.289823055267334
935987633 -1.2769489288330078
941035477 -1.2747087478637695
946040741 -1.270057201385498
950960244 -1.2895474433898926
956276956 -1.2798938751220703
961229157 -1.2806482315063477
966197023 -1.2786946296691895
971154417 -1.2974953651428223
976114908 -1.2846860885620117
981111787 -1.2818808555603027
986036771 -1.2793655395507812
991022967 -1.296262264251709
995969204 -1.2834367752075195
988323 -1.279365062713623
5903559 -1.2790513038635254
10839422 -1.2955923080444336
15890383 -1.2857656478881836
21178218 -1.2819299697875977
26186858 -1.2785329818725586
31142642 -1.2950072288513184
36204910 -1.2817797660827637
41240211 -1.2785844802856445
46270707 -1.277602195739746
51842218 -1.2934131622314453
57475860 -1.2807865142822266
61720527 -1.2860922813415527
66703731 -1.280242919921875
71562564 -1.2945914268493652
77669743 -1.270075798034668
82622542 -1.2812609672546387
87587790 -1.278801441192627
92552349 -1.2912802696228027
97495443 -1.2731976509094238
102455161 -1.2858037948608398
107389572 -1.2805933952331543
112361454 -1.2910232543945312
117378965 -1.2724909782409668
122430512 -1.2839365005493164
127461630 -1.2793126106262207
132338040 -1.2923197746276855
137284395 -1.2721891403198242
142230297 -1.28837251663208
147228593 -1.2860369682312012
152162686 -1.2980856895446777
157121554 -1.2766332626342773
162089982 -1.2891974449157715
167078559 -1.286109447479248
171989813 -1.299626350402832
177578653 -1.277897834777832
181941390 -1.284489631652832
187146348 -1.283212661743164
195111687 -1.2968440055847168
200015378 -1.2719449996948242
205000312 -1.2779788970947266
209963693 -1.2978572845458984
214923082 -1.2915425300598145
219864085 -1.277392864227295
224876155 -1.283064365386963
230062533 -1.288398265838623
235060861 -1.2828693389892578
240038012 -1.2664637565612793
244993524 -1.2735366821289062
249959881 -1.2888274192810059
254886880 -1.2859077453613281
259974896 -1.2701992988586426
264837370 -1.2786211967468262
269849034 -1.2915558815002441
274766569 -1.2856926918029785
279754549 -1.270998477935791
284671902 -1.2788166999816895
289700720 -1.2921571731567383
294868816 -1.2927446365356445
299779299 -1.2758655548095703
304741151 -1.281266212463379
309675572 -1.2940707206726074
314670635 -1.2925753593444824
319591352 -1.275632381439209
324639186 -1.2841415405273438
329518480 -1.2950053215026855
334498644 -1.293747901916504
339430456 -1.273916244506836
344394028 -1.2833447456359863
349411035 -1.2910799980163574
354298219 -1.2908120155334473
359278948 -1.2723541259765625
364226863 -1.2840261459350586
369172160 -1.2935113906860352
374123972 -1.2975339889526367
379113488 -1.2747440338134766
384059463 -1.2833571434020996
389035946 -1.2867698669433594
393957729 -1.2887072563171387
398930325 -1.2641448974609375
403900189 -1.2732529640197754
408832949 -1.2802553176879883
413789061 -1.286421298980713
418771939 -1.2675671577453613
423705081 -1.2780766487121582
428650329 -1.2806992530822754
433612915 -1.2855587005615234
438575149 -1.268770694732666
443582781 -1.2860088348388672
448488014 -1.2866673469543457
453475003 -1.2941555976867676
458396483 -1.2719635963439941
463362651 -1.2840867042541504
468314604 -1.2814536094665527
473277669 -1.2884697914123535
478977901 -1.2662501335144043
483879696 -1.2785954475402832
488813685 -1.2886428833007812
493758945 -1.2941784858703613
498741617 -1.2734155654907227
503680767 -1.2858085632324219
508657983 -1.2874665260314941
513874312 -1.29827880859375
518811539 -1.275559902191162
523771702 -1.284867763519287
528725095 -1.2877488136291504
533684783 -1.289900779724121
538656770 -1.2690329551696777
543600872 -1.2800469398498535
548559759 -1.282209873199463
553504149 -1.2919111251831055
558462813 -1.272261142730713
563428890 -1.2822799682617188
568383409 -1.2870182991027832
573343286 -1.294912338256836
578303767 -1.275763988494873
583252734 -1.2845821380615234
588209066 -1.282158374786377
593179758 -1.2897047996520996
598125220 -1.2653064727783203
603497474 -1.2728919982910156
608487120 -1.2776813507080078
613396234 -1.2894797325134277
618370592 -1.2655925750732422
623326913 -1.2785592079162598
628303499 -1.2797155380249023
633236539 -1.2902936935424805
638240789 -1.2660784721374512
643135434 -1.2791123390197754
648106567 -1.275928020477295
653075509 -1.2863202095031738
658048427 -1.2662849426269531
662978910 -1.280548095703125
667929915 -1.2824115753173828
672921160 -1.2989377975463867
685305551 -1.2756867408752441
695961844 -1.291168212890625
701138964 -1.278411865234375
706851985 -1.2795190811157227
711877708 -1.294769287109375
717844006 -1.275618076324463
723023731 -1.285264492034912
728201318 -1.2840328216552734
733259081 -1.2932982444763184
738692155 -1.2698121070861816
744010341 -1.2831363677978516
749070730 -1.2925667762756348
754311306 -1.2943401336669922
760071093 -1.2746310234069824
765138394 -1.2780780792236328
771195148 -1.2915902137756348
776220388 -1.279329776763916
782922634 -1.2842955589294434
788196629 -1.2822394371032715
793269109 -1.2941412925720215
800404371 -1.2737812995910645
805509139 -1.2775888442993164
810734967 -1.291959285736084
815793349 -1.2850899696350098
820835143 -1.2762575149536133
825933772 -1.27769136428833
836551673 -1.297318935394287
844169010 -1.2823057174682617
849145150 -1.2881040573120117
854190575 -1.2905278205871582
859369841 -1.2713494300842285
864403323 -1.2845535278320312
869337540 -1.2894845008850098
874357178 -1.290022850036621
879294922 -1.2673687934875488
884259368 -1.2787861824035645
889192290 -1.2872962951660156
894250960 -1.2907896041870117
899208588 -1.2687253952026367
904192431 -1.2818732261657715
909109142 -1.2863478660583496
914079607 -1.286696434020996
919036280 -1.265749454498291
924028140 -1.280080795288086
929040696 -1.286109447479248
933937593 -1.2903733253479004
938942598 -1.270050048828125
943884386 -1.2816543579101562
948868214 -1.285475730895996
953726112 -1.29109525680542
958713568 -1.2721757888793945
963659237 -1.2817187309265137
968606975 -1.285771369934082
973557814 -1.294893741607666
978546143 -1.2735333442687988
983552070 -1.287034034729004
988475403 -1.2865896224975586
993676668 -1.295128345489502
998778141 -1.2717432975769043
6971466 -1.2810864448547363
12027027 -1.2974457740783691
17073323 -1.2805914878845215
22044039 -1.2901015281677246
27350422 -1.285104751586914
32259261 -1.3018107414245605
37240035 -1.2825937271118164
42172184 -1.2862682342529297
47109836 -1.278040885925293
52141255 -1.2942638397216797
57318131 -1.277289867401123
62003178 -1.2818760871887207
67590976 -1.2745184898376465
72663924 -1.293346881866455
78122532 -1.2689909934997559
83040980 -1.2789998054504395
88004204 -1.2798724174499512
92945114 -1.2923946380615234
97908099 -1.2709436416625977
102876294 -1.282689094543457
107834225 -1.2792243957519531
112765420 -1.2913851737976074
117742965 -1.2708439826965332
122711680 -1.2812304496765137
127663463 -1.276526927947998
132615995 -1.2905526161193848
137573944 -1.2741966247558594
142649473 -1.2830777168273926
147534977 -1.2768349647521973
152470507 -1.2940220832824707
157398037 -1.273637294769287
162391462 -1.2791786193847656
167306644 -1.2732949256896973
172319092 -1.2896137237548828
177230633 -1.2750968933105469
182350033 -1.2868742942810059
187367346 -1.2796778678894043
192279532 -1.2935271263122559
197241348 -1.2745966911315918
202173943 -1.279371738433838
207158319 -1.2767009735107422
212080121 -1.2925076484680176
217252540 -1.2747936248779297
222265840 -1.2833385467529297
227219454 -1.279798984527588
232190269 -1.2950654029846191
237109558 -1.2767691612243652
242075014 -1.2829084396362305
247073876 -1.2772126197814941
252011650 -1.2932138442993164
257477780 -1.2714943885803223
262404121 -1.2844891548156738
267366166 -1.2799344062805176
272416391 -1.293802261352539
277405301 -1.2743415832519531
282328865 -1.2833104133605957
287295800 -1.2803359031677246
292284964 -1.2944698333740234
297233043 -1.2721505165100098
302210745 -1.2849574089050293
307129804 -1.2794194221496582
312107161 -1.2954354286193848
317071053 -1.2741131782531738
322372615 -1.283933162689209
327317614 -1.2799410820007324
332278855 -1.2963519096374512
337397560 -1.2752423286437988
342224491 -1.2838759422302246
347190767 -1.2816214561462402
352186970 -1.2999463081359863
357075430 -1.2813529968261719
362100675 -1.2863483428955078
367028835 -1.277130126953125
371993576 -1.287994384765625
377302010 -1.267477035522461
382433713 -1.2726340293884277
387690982 -1.2738795280456543
392665149 -1.2909660339355469
397632122 -1.2687277793884277
402623585 -1.2798633575439453
407632133 -1.2734980583190918
412531350 -1.2902374267578125
417491590 -1.2733736038208008
424710278 -1.2834324836730957
429697588 -1.2858338356018066
434672298 -1.2835869789123535
440978179 -1.2626605033874512
446121125 -1.2665519714355469
451263867 -1.2857637405395508
456328906 -1.2774748802185059
461189061 -1.2769412994384766
466163329 -1.2774462699890137
474321979 -1.2973666191101074
479427746 -1.2734346389770508
484474793 -1.2795782089233398
489411958 -1.2839922904968262
494363759 -1.283979892730713
499355660 -1.264157772064209
504347002 -1.2763237953186035
509238130 -1.287247657775879
514219263 -1.2926383018493652
519186869 -1.278768539428711
524122578 -1.2873854637145996
529075988 -1.2901630401611328
534045047 -1.294236660003662
539035189 -1.273569107055664
543973170 -1.2846312522888184
548912803 -1.2871675491333008
553932692 -1.2934527397155762
558822601 -1.270592212677002
563792731 -1.2821731567382812
568733607 -1.2813067436218262
573815434 -1.2885088920593262
578777338 -1.2673683166503906
583712224 -1.2807936668395996
588657120 -1.284468173980713
593620354 -1.2963228225708008
598574321 -1.2758970260620117
603520693 -1.2863283157348633
608473580 -1.285109519958496
613424748 -1.2942695617675781
618405735 -1.2694616317749023
623344050 -1.281174659729004
628291399 -1.279944896697998
633318542 -1.2920494079589844
638329112 -1.2661957740783691
643204871 -1.2761902809143066
648140576 -1.2754831314086914
653128121 -1.2876839637756348
658058748 -1.2677555084228516
663018150 -1.283703327178955
667988334 -1.2831940650939941
672976623 -1.2964262962341309
705044572 -1.2705092430114746
710457839 -1.2891783714294434
715593574 -1.2824349403381348
729334672 -1.2709736824035645
747270360 -1.2727246284484863
764535405 -1.2871570587158203
769785780 -1.288693904876709
775401374 -1.287919521331787
780837595 -1.2742328643798828
786525251 -1.279125690460205
804487277 -1.2885079383850098
824525689 -1.2928476333618164
829512372 -1.2976059913635254
834874708 -1.295191764831543
858186168 -1.2807936668395996
872847505 -1.2968006134033203
890167928 -1.2878570556640625
895529853 -1.279609203338623
900474074 -1.2656474113464355
905631530 -1.2693991661071777
910800776 -1.284142017364502
921180058 -1.2768945693969727
927764375 -1.2739067077636719
932831852 -1.2852940559387207
938161446 -1.265139102935791
944218001 -1.275266170501709
949525816 -1.2835912704467773
954710863 -1.2839231491088867
959721333 -1.2655386924743652
964651959 -1.2729840278625488
969610630 -1.2802348136901855
974556329 -1.2806735038757324
979534508 -1.2647500038146973
984585137 -1.276538372039795
989555794 -1.285379409790039
994542035 -1.289330005645752
999485828 -1.2719101905822754
4504154 -1.2839150428771973
9617916 -1.2897047996520996
14508936 -1.2878446578979492
19472913 -1.269287109375
24498592 -1.2800321578979492
29444093 -1.292834758758545
34430430 -1.2978382110595703
39476794 -1.2786192893981934
44326371 -1.2891783714294434
49577347 -1.297441005706787
54790116 -1.2945871353149414
59733452 -1.271852970123291
65275333 -1.2758979797363281
71433700 -1.2888712882995605
76385749 -1.2820253372192383
82305246 -1.2827458381652832
87217974 -1.2778797149658203
92186117 -1.2939376831054688
97727435 -1.2741165161132812
102596232 -1.278517246246338
107511715 -1.2736811637878418
112464577 -1.2893180847167969
117644553 -1.2730207443237305
122600401 -1.284379482269287
127579224 -1.2779192924499512
132518539 -1.290076732635498
137450350 -1.27421236038208
142405654 -1.2814831733703613
147375267 -1.27494478225708
153448374 -1.2915701866149902
157291728 -1.2723188400268555
162256188 -1.2800440788269043
167256585 -1.2709403038024902
172164612 -1.2868309020996094
177123473 -1.2683091163635254
182102940 -1.2763185501098633
187049204 -1.272292137145996
192103752 -1.2912497520446777
197312822 -1.276343822479248
202012588 -1.2818632125854492
206983125 -1.2777776718139648
211966648 -1.295243263244629
216853977 -1.278233528137207
221827960 -1.2769346237182617
228126595 -1.2740135192871094
233008135 -1.2870721817016602
239950109 -1.267054557800293
242944166 -1.280550479888916
247899969 -1.2768311500549316
252886176 -1.2878174781799316
257794200 -1.26939058303833
262747504 -1.279923439025879
267700672 -1.2760982513427734
272721049 -1.2912335395812988
277884445 -1.2724738121032715
282690207 -1.283928394317627
287665180 -1.2784857749938965
294863498 -1.290895938873291
299775989 -1.2734994888305664
304715289 -1.28267240524292
309677357 -1.2900261878967285
314637656 -1.292067527770996
319594615 -1.2754716873168945
324539551 -1.283792495727539
329519374 -1.2900314331054688
334462729 -1.2910685539245605
339411519 -1.2710447311401367
344995917 -1.2834362983703613
349833769 -1.2942147254943848
354796054 -1.2949652671813965
359785454 -1.2770586013793945
364711757 -1.2838573455810547
369731347 -1.292487621307373
375322134 -1.2882261276245117
380577839 -1.2775230407714844
385648921 -1.2786927223205566
390622995 -1.2916984558105469
395535685 -1.2858195304870605
400537524 -1.277303695678711
405601721 -1.278489589691162
410434698 -1.288975715637207
415387492 -1.2803797721862793
420345131 -1.26655912399292
425318734 -1.2694826126098633
434740517 -1.2854666709899902
439674011 -1.2726860046386719
444656927 -1.281205654144287
449646480 -1.2888431549072266
454637567 -1.28718900680542
459629405 -1.264265537261963
464562323 -1.270888328552246
469503790 -1.2779922485351562
474575950 -1.2776832580566406
479500220 -1.2595539093017578
484467313 -1.2742257118225098
489426941 -1.28474760055542
494624154 -1.2875652313232422
499511964 -1.2665257453918457
504445730 -1.2749638557434082
509418819 -1.283400058746338
514382746 -1.2864627838134766
519367175 -1.2707748413085938
524265403 -1.2830801010131836
529233156 -1.2905664443969727
534196977 -1.29115629196167
539168164 -1.2689104080200195
544184047 -1.282118797302246
549117653 -1.2894606590270996
554099773 -1.2959837913513184
559045545 -1.2790627479553223
564021957 -1.2905573844909668
569752553 -1.2923564910888672
574701364 -1.2936625480651855
579662016 -1.274467945098877
584646262 -1.2812995910644531
589609544 -1.2943077087402344
594666784 -1.2936921119689941
599543523 -1.2741923332214355
604505394 -1.285543441772461
609467047 -1.2906665802001953
614445337 -1.2902369499206543
619405774 -1.2664546966552734
624397023 -1.276111125946045
629366378 -1.2829694747924805
634391299 -1.283836841583252
639304306 -1.265779972076416
644259162 -1.2757787704467773
649207276 -1.2833313941955566
654222485 -1.2875571250915527
659157969 -1.2646164894104004
664096071 -1.2712693214416504
669057687 -1.2745361328125
707935843 -1.2794818878173828
747035985 -1.2716550827026367
754071229 -1.2876319885253906
758717635 -1.2648935317993164
765434606 -1.279778003692627
770434244 -1.2921090126037598
775551136 -1.2881922721862793
781095496 -1.2744498252868652
787096257 -1.2751307487487793
793376515 -1.2879819869995117
798747286 -1.2681288719177246
804770974 -1.2796096801757812
810219105 -1.292823314666748
815285731 -1.2886009216308594
820239636 -1.2719025611877441
825772222 -1.2741484642028809
832194685 -1.2891263961791992
838341019 -1.274256706237793
843445838 -1.2817530632019043
848597232 -1.2861385345458984
853645719 -1.2942047119140625
858769515 -1.270780086517334
864359765 -1.280890941619873
869572194 -1.286341667175293
874677915 -1.2907142639160156
879615300 -1.2734174728393555
884635758 -1.280336856842041
889548248 -1.2876505851745605
894505125 -1.2905402183532715
899462749 -1.2698383331298828
904485272 -1.283106803894043
909484724 -1.2894768714904785
914459557 -1.2915735244750977
919393392 -1.269136905670166
924365179 -1.2822775840759277
929403178 -1.2907447814941406
934314931 -1.2924742698669434
939351758 -1.2672152519226074
944304562 -1.2728586196899414
949264750 -1.2784152030944824
957395574 -1.282620906829834
959186483 -1.264845848083496
964149214 -1.2797627449035645
970304792 -1.2847046852111816
974070339 -1.2903270721435547
979077352 -1.2677478790283203
984255947 -1.2785887718200684
989424189 -1.2821025848388672
994393724 -1.283609390258789
999803527 -1.2634515762329102
5437254 -1.2741947174072266
10758027 -1.2842659950256348
16774033 -1.2758207321166992
21741897 -1.2713871002197266
27131581 -1.2750635147094727
32300756 -1.291745662689209
37863232 -1.2768516540527344
42772871 -1.2856645584106445
47708181 -1.2825427055358887
52666546 -1.2951045036315918
57709164 -1.2740230560302734
63057503 -1.2811694145202637
67974062 -1.2777581214904785
72946237 -1.2904376983642578
78245191 -1.2711095809936523
83255582 -1.287309169769287
88158371 -1.2888317108154297
93086081 -1.2973780632019043
98073244 -1.2728033065795898
103009873 -1.2819242477416992
107982538 -1.2775969505310059
112924869 -1.2894353866577148
117888398 -1.2705464363098145
122914333 -1.282458782196045
127823431 -1.2789955139160156
132797585 -1.294517993927002
137749565 -1.2752575874328613
142857320 -1.2839670181274414
147798860 -1.2782135009765625
152749678 -1.2908244132995605
157705788 -1.2704639434814453
162671182 -1.2813339233398438
167785261 -1.2768731117248535
172718107 -1.2901005744934082
177616280 -1.2707839012145996
182612547 -1.27852201461792
187630664 -1.272383213043213
192659502 -1.2847375869750977
197493717 -1.265213966369629
202432922 -1.2765693664550781
207443061 -1.2728142738342285
212409575 -1.289205551147461
217900511 -1.268934726715088
222849763 -1.2777647972106934
227788138 -1.2734284400939941
232756179 -1.2861275672912598
237711920 -1.2677035331726074
242662557 -1.2791099548339844
247607298 -1.2753872871398926
252563921 -1.2902274131774902
257583063 -1.269587516784668
262651581 -1.2788305282592773
267617942 -1.272141456604004
272591825 -1.2879652976989746
277583328 -1.264613151550293
282498256 -1.276435375213623
287578263 -1.2735486030578613
292620375 -1.2902498245239258
298380727 -1.2714753150939941
303573170 -1.2788538932800293
308529590 -1.27799654006958
313500935 -1.287264347076416
318430573 -1.266575813293457
323393056 -1.2797331809997559
328342124 -1.2776422500610352
333403944 -1.2900171279907227
338332733 -1.2711234092712402
343437388 -1.2846670150756836
348549965 -1.28082275390625
353518752 -1.2880620956420898
358500580 -1.265512466430664
363424188 -1.2799992561340332
368370088 -1.28118896484375
373331672 -1.293159008026123
378287184 -1.2678470611572266
383238252 -1.2776274681091309
388225935 -1.2725415229797363
393292971 -1.2866082191467285
398253978 -1.266305923461914
403190567 -1.2814373970031738
408263695 -1.281970500946045
413112081 -1.2939767837524414
418104672 -1.2709274291992188
423026154 -1.2799835205078125
427981927 -1.2766966819763184
432930941 -1.288254737854004
437905104 -1.2710356712341309
442859669 -1.2811365127563477
447830393 -1.2764668464660645
452777097 -1.2903456687927246
457740232 -1.2712364196777344
462687129 -1.280294418334961
467632322 -1.2727251052856445
472597739 -1.2870440483093262
477538510 -1.270772933959961
484491078 -1.2751507759094238
489479208 -1.2807354927062988
494482373 -1.2842340469360352
499605483 -1.2680163383483887
504535663 -1.280540943145752
509484870 -1.284360408782959
514447683 -1.2824625968933105
519400566 -1.2610034942626953
524339425 -1.272977352142334
529356998 -1.2783584594726562
534312038 -1.284703254699707
539239722 -1.2629847526550293
544217485 -1.2731547355651855
549189359 -1.276803970336914
554154842 -1.2825427055358887
559134928 -1.2657470703125
564066145 -1.2777738571166992
569013833 -1.2814750671386719
574319367 -1.2888665199279785
578933598 -1.2679557800292969
584245127 -1.2813096046447754
590068183 -1.287123203277588
595057166 -1.2816410064697266
600099544 -1.2642459869384766
605006480 -1.2696399688720703
609978170 -1.2802271842956543
614970716 -1.2791180610656738
619873839 -1.265028953552246
625021043 -1.2739911079406738
630412768 -1.2875347137451172
635357161 -1.2813782691955566
640379100 -1.2685260772705078
645296152 -1.2754325866699219
650332181 -1.2880878448486328
655221131 -1.2869086265563965
660172639 -1.2716407775878906
665153861 -1.274251937866211
670103894 -1.2855348587036133
675106486 -1.283642292022705
680069523 -1.267817497253418
687167565 -1.2758512496948242
707338315 -1.2713603973388672
734758732 -1.270057201385498
753238770 -1.279280185699463
758682041 -1.2650432586669922
764823461 -1.271219253540039
770270966 -1.276298999786377
775789866 -1.2736396789550781
780868000 -1.2646183967590332
786021052 -1.2627167701721191
791593649 -1.2772130966186523
803265290 -1.2639479637145996
808325159 -1.2714543342590332
813211052 -1.2873353958129883
819741942 -1.2687416076660156
825069253 -1.27622652053833
835262647 -1.2885584831237793
841384288 -1.2734947204589844
846407471 -1.271303653717041
851438378 -1.2891898155212402
856715942 -1.2772412300109863
863124888 -1.2811217308044434
868088128 -1.2815523147583008
873065970 -1.295323371887207
878125777 -1.2758698463439941
883163664 -1.2876644134521484
888307651 -1.2844600677490234
893256800 -1.29628324508667
898393971 -1.2747445106506348
903386346 -1.2824301719665527
908346868 -1.2821063995361328
913362723 -1.2924232482910156
918959662 -1.2701406478881836
924566168 -1.278658390045166
929579954 -1.2871484756469727
934540503 -1.2866787910461426
939468906 -1.266042709350586
944451587 -1.2730655670166016
949417007 -1.2810778617858887
954350880 -1.2826662063598633
959418695 -1.2578339576721191
964372676 -1.267636775970459
969324697 -1.2776498794555664
974317137 -1.2821593284606934
979332916 -1.2654023170471191
984224132 -1.2787017822265625
989205139 -1.284921646118164
994233021 -1.289416790008545
999183008 -1.2658820152282715
4192055 -1.276515007019043
9106108 -1.279411792755127
14164012 -1.286513328552246
19044545 -1.2642688751220703
24000468 -1.275970458984375
28988870 -1.279477596282959
33961354 -1.2849631309509277
38924365 -1.2658729553222656
43901158 -1.279043197631836
48804076 -1.2836723327636719
53782492 -1.2934494018554688
58712056 -1.272871494293213
63683030 -1.2846260070800781
68613785 -1.2817678451538086
74523652 -1.2897377014160156
78794549 -1.2639336585998535
83649883 -1.275334358215332
88595725 -1.2737383842468262
93537270 -1.2841792106628418
98520646 -1.2681231498718262
103461989 -1.2806062698364258
108410051 -1.278881549835205
113457793 -1.2888541221618652
118338850 -1.2686309814453125
123358396 -1.281905174255371
128246786 -1.2832045555114746
133225415 -1.2929110527038574
138166547 -1.2702860832214355
143119092 -1.2803955078125
148075475 -1.2747764587402344
153033500 -1.286402702331543
157983170 -1.2661609649658203
162954599 -1.276965618133545
167919459 -1.271986961364746
172877393 -1.2873377799987793
177819641 -1.2663078308105469
182809181 -1.2783126831054688
187742648 -1.274308204650879
192674538 -1.289198875427246
197675566 -1.2688908576965332
202612679 -1.278984546661377
207587646 -1.275507926940918
212517901 -1.2922759056091309
217482431 -1.2700409889221191
222419766 -1.2834458351135254
227403573 -1.2768163681030273
232386037 -1.2920646667480469
237312731 -1.2738447189331055
242306762 -1.2843737602233887
247221116 -1.2776641845703125
252198865 -1.2896509170532227
257133624 -1.269601821899414
262075705 -1.2791552543640137
267042453 -1.2745575904846191
272016998 -1.2871088981628418
276953786 -1.2737860679626465
281941066 -1.2783584594726562
286875734 -1.2749595642089844
291966303 -1.2906556129455566
296804051 -1.2722277641296387
301816081 -1.273303508758545
306731467 -1.268165111541748
311705837 -1.2813377380371094
316636282 -1.272996425628662
321732861 -1.273611068725586
326725534 -1.2683591842651367
331685474 -1.2830586433410645
336661622 -1.270808219909668
341552323 -1.2702913284301758
346518705 -1.2719159126281738
352129937 -1.292128086090088
358067367 -1.270280361175537
363035707 -1.2813782691955566
368020450 -1.275726318359375
372992922 -1.286705493927002
378840158 -1.268078327178955
383759331 -1.277575969696045
388719736 -1.2824296951293945
393640153 -1.2889666557312012
398637688 -1.266561508178711
403683580 -1.279416561126709
408621184 -1.2800378799438477
413576351 -1.2892885208129883
418544503 -1.2661776542663574
423555595 -1.2794013023376465
428446977 -1.2791228294372559
433402256 -1.2862873077392578
438354282 -1.2634258270263672
443319184 -1.276789665222168
448267194 -1.272054672241211
453237349 -1.2818384170532227
458219734 -1.2619290351867676
463148813 -1.2761168479919434
468128764 -1.273298740386963
473066370 -1.286426067352295
478015907 -1.2645721435546875
482957806 -1.2759876251220703
487920705 -1.275902271270752
492883040 -1.289966106414795
497832240 -1.2694673538208008
502796970 -1.2828545570373535
507841036 -1.281745433807373
512842102 -1.2957582473754883
517793444 -1.2740058898925781
522749629 -1.2810068130493164
527718613 -1.272632122039795
532692573 -1.2851486206054688
537673950 -1.265549659729004
542679533 -1.2745838165283203
547604371 -1.2703099250793457
552583225 -1.287539005279541
557588697 -1.268376350402832
562474609 -1.2795186042785645
567465165 -1.271148681640625
572401781 -1.290590763092041
577371533 -1.2749872207641602
582357339 -1.2858800888061523
587300407 -1.2765450477600098
592256065 -1.2929587364196777
597304111 -1.2741608619689941
602162894 -1.2768254280090332
607100427 -1.2713756561279297
612059741 -1.289067268371582
617677353 -1.2729926109313965
622765268 -1.2786478996276855
627721624 -1.2731356620788574
632674737 -1.2914495468139648
637844883 -1.2723398208618164
642766053 -1.281665325164795
647723815 -1.273484230041504
652669984 -1.2854342460632324
658183975 -1.264876365661621
663102688 -1.2745399475097656
668078961 -1.2727642059326172
673026580 -1.2884869575500488
700285643 -1.2702827453613281
728279045 -1.2799944877624512
733658532 -1.284311294555664
739032208 -1.2681293487548828
745252714 -1.2808570861816406
753743762 -1.294558048248291
793491385 -1.270092487335205
798750588 -1.270418643951416
803911512 -1.285696029663086
808949603 -1.283524990081787
813918829 -1.2904443740844727
819016887 -1.2707867622375488
824054625 -1.2819018363952637
829276621 -1.2850642204284668
834445013 -1.2889881134033203
839608510 -1.269270896911621
844617621 -1.2806506156921387
849716729 -1.2845635414123535
854972973 -1.2808904647827148
860242299 -1.264261245727539
865243734 -1.2740325927734375
870235247 -1.2880220413208008
875257621 -1.2835702896118164
880160106 -1.2693772315979004
885183406 -1.2732620239257812
890065254 -1.2842450141906738
895021275 -1.2786364555358887
900048618 -1.26182222366333
904985651 -1.2726030349731445
909952446 -1.2814397811889648
914922521 -1.2803173065185547
919886502 -1.265427589416504
924863793 -1.271082878112793
930010110 -1.280409336090088
935034375 -1.2780718803405762
939966968 -1.2604317665100098
945073176 -1.2692303657531738
949855487 -1.2817997932434082
954846281 -1.284590244293213
959794160 -1.2696881294250488
964768256 -1.2826156616210938
969949544 -1.291429042816162
974868996 -1.2890172004699707
979876054 -1.2668724060058594
984915874 -1.2730717658996582
993810436 -1.2862434387207031
998849156 -1.2695684432983398
4015016 -1.285658359527588
9052128 -1.2885422706604004
14281559 -1.2946195602416992
19234984 -1.2741384506225586
24241094 -1.286722183227539
29617207 -1.2904505729675293
34693743 -1.2919659614562988
39770742 -1.2710366249084473
44788419 -1.2785348892211914
49877444 -1.2850127220153809
54845559 -1.2856345176696777
60089156 -1.2701644897460938
65071878 -1.276003360748291
70012392 -1.2878570556640625
75141865 -1.2896523475646973
80444856 -1.2739167213439941
85484539 -1.2775120735168457
90395379 -1.2884111404418945
95353618 -1.2821025848388672
100318391 -1.2672491073608398
105285640 -1.2704715728759766
110235007 -1.2823882102966309
115186887 -1.2828974723815918
120159494 -1.2713379859924316
125097513 -1.278296947479248
130069944 -1.2895355224609375
135028097 -1.2868056297302246
139958005 -1.27083158493042
144930897 -1.2764463424682617
149916963 -1.28759765625
154882003 -1.2846593856811523
159844865 -1.2663707733154297
164779444 -1.271740436553955
169743117 -1.2843408584594727
174745888 -1.281179428100586
179678385 -1.263711929321289
184660732 -1.2717218399047852
189603963 -1.2810702323913574
194547318 -1.2857098579406738
199557100 -1.2689008712768555
204461696 -1.2769041061401367
209449040 -1.283355712890625
214370941 -1.2863807678222656
219375051 -1.2632627487182617
224274011 -1.270371437072754
229258387 -1.2756662368774414
234222340 -1.283109188079834
239155100 -1.264136791229248
244137890 -1.2735905647277832
249088804 -1.2792549133300781
254526401 -1.2867908477783203
259429141 -1.2680583000183105
264389117 -1.2772712707519531
269342904 -1.287794589996338
274336878 -1.2936153411865234
279264015 -1.273697853088379
284199698 -1.2838168144226074
289162401 -1.287355899810791
294128040 -1.2922677993774414
299083739 -1.2730927467346191
304027209 -1.2866535186767578
309015541 -1.2887592315673828
317887216 -1.276754379272461
322828192 -1.2856521606445312
327775218 -1.2817058563232422
332756581 -1.2944917678833008
337702924 -1.2752962112426758
342636982 -1.2836332321166992
347596814 -1.2782607078552246
352618546 -1.2924847602844238
358017712 -1.2739686965942383
362993243 -1.2827835083007812
367945502 -1.2765593528747559
372975059 -1.2866616249084473
377934550 -1.266845703125
382940845 -1.2763218879699707
388064675 -1.2706542015075684
393017773 -1.2833409309387207
397962425 -1.261317253112793
402970390 -1.2707090377807617
407906075 -1.265547752380371
412934579 -1.279810905456543
417819389 -1.2613601684570312
422747633 -1.2710609436035156
427710461 -1.2667694091796875
432701039 -1.2834773063659668
437628419 -1.2653226852416992
442575518 -1.2772674560546875
447528916 -1.2749419212341309
452493812 -1.286910057067871
457469292 -1.2670350074768066
462408895 -1.2743620872497559
467372547 -1.2684946060180664
472663155 -1.286557674407959
477675532 -1.268582820892334
482655561 -1.281630039215088
487601757 -1.275926113128662
492539161 -1.290670394897461
497497480 -1.272575855255127
502460625 -1.282163143157959
507434076 -1.2774925231933594
512380261 -1.2934293746948242
517734148 -1.2739605903625488
522283614 -1.2868213653564453
527240672 -1.2825794219970703
532202629 -1.2990679740905762
537326398 -1.277575969696045
542208307 -1.2830471992492676
547395531 -1.2757115364074707
552094999 -1.2911691665649414
557660754 -1.2754154205322266
562648368 -1.2796154022216797
567594817 -1.2752647399902344
572527647 -1.2877492904663086
577581440 -1.2674312591552734
582516229 -1.2751407623291016
587403632 -1.2752366065979004
592375552 -1.2912702560424805
597552665 -1.2729763984680176
602454341 -1.2798428535461426
607406943 -1.271955966949463
612382317 -1.2860732078552246
617376637 -1.2689752578735352
622548116 -1.2764248847961426
627450900 -1.273488998413086
632426671 -1.2879700660705566
637743945 -1.2691459655761719
642349233 -1.2768678665161133
647259819 -1.273550033569336
652226904 -1.290112018585205
657267262 -1.2698860168457031
662130160 -1.273366928100586
667100637 -1.2670135498046875
672070564 -1.2845253944396973
677068683 -1.2694554328918457
715393151 -1.2769017219543457
751223175 -1.283625602722168
784591455 -1.2700004577636719
795532445 -1.286898136138916
803348577 -1.2787394523620605
809086220 -1.2801599502563477
814268758 -1.2882027626037598
820380791 -1.265366554260254
828287209 -1.2672529220581055
834403735 -1.2851238250732422
842910387 -1.2657585144042969
848188999 -1.27756929397583
854306470 -1.2910752296447754
864293346 -1.2784605026245117
879691272 -1.2837085723876953
889931006 -1.2677884101867676
893624160 -1.2869033813476562
899860777 -1.2656254768371582
912387166 -1.2818422317504883
918874115 -1.2646517753601074
923863958 -1.2753729820251465
928855623 -1.2793912887573242
933831709 -1.2878379821777344
938790799 -1.2684993743896484
948847318 -1.2771210670471191
953979169 -1.2799253463745117
959419326 -1.2598824501037598
964432246 -1.2716975212097168
975104450 -1.2812495231628418
979456276 -1.2627854347229004
984441101 -1.2724318504333496
991418988 -1.2826414108276367
996436307 -1.2788796424865723
1912906 -1.2757573127746582
6820869 -1.2702665328979492
14698319 -1.281059741973877
19723703 -1.2630372047424316
26279388 -1.2679800987243652
32199148 -1.2771668434143066
37514627 -1.2643299102783203
46276421 -1.2739315032958984
48617405 -1.2786059379577637
53714102 -1.2883071899414062
58647486 -1.26875638961792
65490765 -1.279454231262207
76177664 -1.2695064544677734
82861941 -1.2703642845153809
90061667 -1.2836203575134277
95009763 -1.2794642448425293
99952026 -1.268758773803711
104910579 -1.2767267227172852
109914620 -1.2905893325805664
114836400 -1.2856354713439941
119797206 -1.2692666053771973
125174999 -1.277848720550537
130215851 -1.28800630569458
135176271 -1.280893325805664
140083146 -1.2656102180480957
145053044 -1.2707653045654297
150020718 -1.2818078994750977
155001739 -1.2772555351257324
159951907 -1.2632365226745605
164956172 -1.2763252258300781
169948274 -1.289804458618164
174875358 -1.2849922180175781
179845924 -1.2695436477661133
184809254 -1.2740817070007324
189763811 -1.2829723358154297
194710380 -1.2787652015686035
199652670 -1.26212739944458
204604774 -1.2727022171020508
209567637 -1.2773327827453613
214522097 -1.276559829711914
219519620 -1.255751609802246
224692119 -1.2693510055541992
229670644 -1.2821545600891113
234645670 -1.2844977378845215
239544188 -1.2647709846496582
244502681 -1.2756009101867676
249498362 -1.2798585891723633
254424228 -1.2801613807678223
259362850 -1.2577261924743652
264328426 -1.2665414810180664
271723022 -1.2726325988769531
276694191 -1.263563632965088
281671964 -1.2660465240478516
286605571 -1.2645387649536133
291567318 -1.280195713043213
296582120 -1.2694048881530762
301487342 -1.2716002464294434
306433534 -1.2677617073059082
311396149 -1.282820224761963
316363809 -1.2728071212768555
321320530 -1.2692022323608398
326265826 -1.2687201499938965
331233077 -1.2818312644958496
336220727 -1.2719554901123047
341149059 -1.2661547660827637
346101738 -1.2676477432250977
351036642 -1.288374900817871
356033703 -1.283369541168213
360959171 -1.2749872207641602
365909140 -1.2781744003295898
370867367 -1.29103422164917
375815674 -1.2838916778564453
380786641 -1.2718071937561035
385827457 -1.2713208198547363
390756857 -1.2840027809143066
395695144 -1.2767157554626465
400678122 -1.266831398010254
405624347 -1.2735309600830078
410658410 -1.2933368682861328
415574901 -1.290757656097412
420534272 -1.2745060920715332
425521223 -1.2730202674865723
430466112 -1.2839665412902832
435412051 -1.2801408767700195
440419796 -1.2652068138122559
445444267 -1.2677035331726074
450287746 -1.2815656661987305
455256222 -1.279101848602295
460224569 -1.2650761604309082
465153729 -1.2696456909179688
470114646 -1.284346580505371
475076131 -1.280120849609375
480040100 -1.2648472785949707
485059096 -1.2667150497436523
490015383 -1.2734251022338867
495000497 -1.27252197265625
499961388 -1.2580294609069824
504907792 -1.2656960487365723
509867695 -1.2757353782653809
514799539 -1.2741641998291016
519767338 -1.2553648948669434
524742816 -1.2624683380126953
529687883 -1.277099609375
534640548 -1.2792754173278809
539623231 -1.2614750862121582
544538064 -1.2707395553588867
549497946 -1.278365135192871
554464904 -1.2810187339782715
559473636 -1.2608652114868164
564403298 -1.270188331604004
569427099 -1.2800955772399902
574323208 -1.2855076789855957
579315012 -1.2658329010009766
584252301 -1.2761149406433105
589199046 -1.2814569473266602
595841180 -1.27976655960083
600802357 -1.2759051322937012
605757696 -1.2793965339660645
610710111 -1.29429292678833
615663238 -1.2895264625549316
620686312 -1.279843807220459
625633236 -1.2804956436157227
630548313 -1.2902870178222656
635521619 -1.2847862243652344
640466761 -1.269228458404541
645429789 -1.2747292518615723
650366010 -1.2872581481933594
655386001 -1.2839007377624512
660290293 -1.2740001678466797
665240908 -1.2790279388427734
670212707 -1.2900938987731934
675183429 -1.2846441268920898
680414479 -1.266702651977539
713579372 -1.2655248641967773
724434591 -1.2730183601379395
729747275 -1.2785234451293945
735257670 -1.2763280868530273
740932472 -1.2595577239990234
749436769 -1.2611312866210938
756010778 -1.274674415588379
761181227 -1.2667021751403809
766511400 -1.2689952850341797
771580499 -1.286405086517334
777053484 -1.2777924537658691
782247811 -1.280665397644043
790269701 -1.2774653434753418
795885472 -1.2771596908569336
801042202 -1.2646398544311523
806231676 -1.2673287391662598
811673379 -1.2834200859069824
818144577 -1.2696199417114258
823545242 -1.2802047729492188
828831818 -1.2820148468017578
833808965 -1.292529582977295
839141120 -1.27008056640625
844522394 -1.282402515411377
849980939 -1.2934894561767578
855346131 -1.2860517501831055
860251137 -1.2713727951049805
865345965 -1.2765402793884277
870932907 -1.2844343185424805
880093560 -1.261974811553955
885503041 -1.274704933166504
891341138 -1.2871184349060059
896278199 -1.2770390510559082
901313360 -1.2720904350280762
906756132 -1.27093505859375
912155932 -1.2847676277160645
917727439 -1.2729268074035645
922931852 -1.274120807647705
927847879 -1.2712149620056152
932789906 -1.2818169593811035
937809972 -1.260960578918457
942878588 -1.2735118865966797
947809831 -1.2717571258544922
952763603 -1.2856388092041016
958182296 -1.2660279273986816
963096830 -1.2728967666625977
968145729 -1.2736234664916992
973041368 -1.2848405838012695
978020655 -1.2637138366699219
983084708 -1.2741742134094238
988097738 -1.2712030410766602
993038447 -1.281299114227295
998026642 -1.2583370208740234
2968683 -1.2687201499938965
8295349 -1.272111415863037
13302975 -1.2858400344848633
18264604 -1.267568588256836
23226995 -1.2793641090393066
28156127 -1.2766180038452148
33082451 -1.287477970123291
38056960 -1.2655596733093262
43084503 -1.273169994354248
47977326 -1.2698273658752441
53243618 -1.2824931144714355
58376553 -1.2618532180786133
63436752 -1.2753772735595703
68385558 -1.272167682647705
73450183 -1.2851696014404297
78947049 -1.2659406661987305
83845807 -1.279832363128662
88886077 -1.2834587097167969
93845700 -1.2913389205932617
98824646 -1.2679777145385742
103771835 -1.2802047729492188
108715287 -1.2816076278686523
113671584 -1.2881741523742676
118627351 -1.2629828453063965
123585390 -1.273249626159668
128548827 -1.273972511291504
133517906 -1.285585880279541
138476896 -1.2661523818969727
143414130 -1.2811479568481445
148363525 -1.2795095443725586
153314031 -1.294276237487793
158914131 -1.269083023071289
163236413 -1.279555320739746
168260293 -1.2764530181884766
173139188 -1.2882294654846191
178130669 -1.2682914733886719
183143324 -1.2788667678833008
188027802 -1.2750625610351562
192996249 -1.2897577285766602
197942589 -1.2680277824401855
202927015 -1.274024486541748
207862738 -1.2691364288330078
212797004 -1.282379150390625
217762601 -1.2612929344177246
222725497 -1.273118019104004
227688575 -1.2675342559814453
232671504 -1.2821483612060547
237587909 -1.2658824920654297
242560635 -1.2778801918029785
247527494 -1.271357536315918
252453091 -1.2887516021728516
257404374 -1.271836280822754
262376502 -1.2789454460144043
267346975 -1.2720589637756348
272287744 -1.2884860038757324
277234228 -1.2726588249206543
282212415 -1.2751054763793945
287153876 -1.2704248428344727
292208826 -1.285295009613037
297435783 -1.2697291374206543
303018381 -1.275317668914795
307935800 -1.2744603157043457
312952714 -1.2898845672607422
318016622 -1.2687177658081055
322883509 -1.2803044319152832
328241481 -1.2744412422180176
333199713 -1.2859439849853516
338110190 -1.262857437133789
343066427 -1.2749676704406738
348011459 -1.2715730667114258
352954596 -1.2836055755615234
357999121 -1.2643370628356934
363194116 -1.2734274864196777
368117520 -1.2729263305664062
373107252 -1.286268711090088
378387893 -1.2703170776367188
383691823 -1.2827229499816895
388649221 -1.2786688804626465
393627489 -1.2850737571716309
399998791 -1.2592272758483887
405019070 -1.2665119171142578
409956666 -1.2791075706481934
414909509 -1.2791023254394531
420953043 -1.2634344100952148
425855231 -1.2709016799926758
430798857 -1.2871522903442383
435747541 -1.2791881561279297
440706564 -1.2722220420837402
445661931 -1.275926113128662
450682477 -1.287491798400879
455576101 -1.279280185699463
460569318 -1.2685256004333496
465531132 -1.2703790664672852
470481507 -1.2840862274169922
475432903 -1.2775774002075195
480436245 -1.2657570838928223
485362921 -1.2706012725830078
490489279 -1.2831063270568848
495450246 -1.2795038223266602
500397814 -1.271413803100586
505359184 -1.2746272087097168
510312680 -1.2934761047363281
515297096 -1.2861347198486328
522996111 -1.2701921463012695
527890026 -1.270932674407959
532872323 -1.2819304466247559
537799821 -1.2619819641113281
542819903 -1.2754411697387695
547775340 -1.2718663215637207
554608769 -1.2853007316589355
559534710 -1.262925148010254
564482036 -1.2790369987487793
569488668 -1.2868952751159668
574433119 -1.2868428230285645
579466489 -1.265279769897461
584396113 -1.2766952514648438
589382308 -1.2790751457214355
594317044 -1.2785048484802246
599269767 -1.2580208778381348
604215205 -1.2684764862060547
609156807 -1.2722578048706055
614122631 -1.2794346809387207
619109342 -1.2582168579101562
624053991 -1.2733111381530762
629025365 -1.2809982299804688
633965805 -1.2868480682373047
638934052 -1.263533592224121
644039282 -1.2774147987365723
648822277 -1.27705717086792
653796860 -1.2804455757141113
658734018 -1.2583050727844238
664594711 -1.2697372436523438
669535846 -1.2779078483581543
674508746 -1.2856144905090332
679441795 -1.2687172889709473
704765777 -1.2794628143310547
712362112 -1.2846460342407227
719304463 -1.2627267837524414
724998592 -1.2701549530029297
730574369 -1.2790842056274414
744220221 -1.279383659362793
751103187 -1.2928357124328613
756818958 -1.2807502746582031
762075228 -1.278696060180664
767377992 -1.2713122367858887
774804170 -1.286642074584961
794884055 -1.2763242721557617
804033571 -1.2758827209472656
809166982 -1.2783312797546387
814448347 -1.2834482192993164
819734529 -1.2613115310668945
824863488 -1.270796298980713
829957693 -1.282681941986084
835359082 -1.278132438659668
840326970 -1.2605094909667969
845393286 -1.264747142791748
850404832 -1.2753729820251465
855470165 -1.270535945892334
860604761 -1.2601957321166992
866113968 -1.2670259475708008
873401704 -1.2823424339294434
878315129 -1.2630696296691895
883287148 -1.2750296592712402
888740665 -1.268899917602539
894070930 -1.2819790840148926
899038368 -1.2587475776672363
904035874 -1.2687444686889648
909145952 -1.272688388824463
914013027 -1.2816944122314453
918979374 -1.260765552520752
923994756 -1.2740583419799805
929195869 -1.2787933349609375
934143574 -1.2835969924926758
939073008 -1.26470947265625
944041000 -1.2766976356506348
949025453 -1.2841053009033203
954004835 -1.292595386505127
958903525 -1.2690167427062988
963831795 -1.2796707153320312
968923276 -1.2794914245605469
973970440 -1.2859196662902832
979069527 -1.2613000869750977
