1665324482.6516633 -1.444878101348877
1665324483.0681376 -1.2643351554870605
1665324483.0681376 -1.2718453407287598
1665324483.0681376 -1.2805500030517578
1665324483.069182 -1.25852632522583
1665324483.069182 -1.271028995513916
1665324483.069182 -1.27447509765625
1665324483.0701323 -1.2880945205688477
1665324483.0701323 -1.26552152633667
1665324483.0701323 -1.2795658111572266
1665324483.0701323 -1.2755417823791504
1665324483.0711305 -1.2826404571533203
1665324483.0711305 -1.2610621452331543
1665324483.0711305 -1.2730989456176758
1665324483.0711305 -1.2726707458496094
1665324483.0721314 -1.2803606986999512
1665324483.0721314 -1.2605500221252441
1665324483.0721314 -1.2778940200805664
1665324483.0721314 -1.2767386436462402
1665324483.0721314 -1.28582763671875
1665324483.0721314 -1.2616801261901855
1665324483.0721314 -1.2779622077941895
1665324483.0721314 -1.279118537902832
1665324483.0768764 -1.2868633270263672
1665324483.081899 -1.2640681266784668
1665324483.0871336 -1.2787480354309082
1665324483.0921204 -1.2776737213134766
1665324483.0973504 -1.2831172943115234
1665324483.1021574 -1.2607579231262207
1665324483.107424 -1.278663158416748
1665324483.1124275 -1.2801661491394043
1665324483.1169293 -1.2881159782409668
1665324483.1222248 -1.2646498680114746
1665324483.1283066 -1.282292366027832
1665324483.1333847 -1.289869785308838
1665324483.1400418 -1.281947135925293
1665324483.1431682 -1.2602734565734863
1665324483.1487179 -1.2746925354003906
1665324483.1572816 -1.2778515815734863
1665324483.158603 -1.281700611114502
1665324483.1636443 -1.2636923789978027
1665324483.170037 -1.277043342590332
1665324483.173393 -1.276750087738037
1665324483.1783597 -1.2748489379882812
1665324483.1834164 -1.2513227462768555
1665324483.188077 -1.2679791450500488
1665324483.1932442 -1.276700496673584
1665324483.1974936 -1.2849602699279785
1665324483.2029877 -1.2637996673583984
1665324483.2081623 -1.2788524627685547
1665324483.2131417 -1.2800178527832031
1665324483.2178283 -1.2843108177185059
1665324483.2227862 -1.2601308822631836
1665324483.2278395 -1.2751202583312988
1665324483.2327743 -1.27500581741333
1665324483.237952 -1.282773494720459
1665324483.243124 -1.2579655647277832
1665324483.2480383 -1.273728847503662
1665324483.2529316 -1.2758550643920898
1665324483.2581959 -1.2821049690246582
1665324483.2629347 -1.2620782852172852
1665324483.2682176 -1.2798452377319336
1665324483.272716 -1.2791690826416016
1665324483.2780037 -1.2886934280395508
1665324483.2828996 -1.2673935890197754
1665324483.287535 -1.2879071235656738
1665324483.2935576 -1.284193515777588
1665324483.2980053 -1.2896652221679688
1665324483.3029542 -1.2626347541809082
1665324483.3077765 -1.2747201919555664
1665324483.312965 -1.2749137878417969
1665324483.3178756 -1.2890548706054688
1665324483.3225904 -1.2651219367980957
1665324483.32765 -1.2782397270202637
1665324483.33292 -1.2752342224121094
1665324483.3385177 -1.281691074371338
1665324483.3435676 -1.2599735260009766
1665324483.3488424 -1.2709941864013672
1665324483.3538525 -1.2803678512573242
1665324483.3591292 -1.2786650657653809
1665324483.3644245 -1.2601885795593262
1665324483.369156 -1.272942066192627
1665324483.3740044 -1.281120777130127
1665324483.3793914 -1.280374526977539
1665324483.3841584 -1.259735107421875
1665324483.3894684 -1.2700862884521484
1665324483.394124 -1.2765607833862305
1665324483.3995523 -1.2734718322753906
1665324483.4035473 -1.256455421447754
1665324483.4095397 -1.2715940475463867
1665324483.4138823 -1.278397560119629
1665324483.4196107 -1.277097225189209
1665324483.4236705 -1.2572321891784668
1665324483.428673 -1.2742657661437988
1665324483.4331732 -1.279648780822754
1665324483.4379706 -1.2884807586669922
1665324483.4440153 -1.2695536613464355
1665324483.4479613 -1.283952236175537
1665324483.4532156 -1.2839345932006836
1665324483.459417 -1.284252643585205
1665324483.463935 -1.2618608474731445
1665324483.4679902 -1.2804265022277832
1665324483.4729795 -1.2815847396850586
1665324483.477972 -1.2857856750488281
1665324483.4833705 -1.2657151222229004
1665324483.4882052 -1.2813982963562012
1665324483.493406 -1.2814221382141113
1665324483.4984202 -1.285830020904541
1665324483.5034575 -1.265404224395752
1665324483.5084736 -1.2832918167114258
1665324483.5129209 -1.2825322151184082
1665324483.5184996 -1.2843036651611328
1665324483.5236228 -1.263190746307373
1665324483.5280805 -1.2849836349487305
1665324483.5332408 -1.2822957038879395
1665324483.538031 -1.2868971824645996
1665324483.543545 -1.2616400718688965
1665324483.547711 -1.2742242813110352
1665324483.553054 -1.2724742889404297
1665324483.557575 -1.2798924446105957
1665324483.56251 -1.259371280670166
1665324483.5677443 -1.2763590812683105
1665324483.5725327 -1.2725424766540527
1665324483.577301 -1.282254695892334
1665324483.5823667 -1.2619380950927734
1665324483.5874574 -1.2747187614440918
1665324483.5929708 -1.269944667816162
1665324483.5970666 -1.2772040367126465
1665324483.602516 -1.2559733390808105
1665324483.6071956 -1.269711971282959
1665324483.612526 -1.2675204277038574
1665324483.6171074 -1.2773938179016113
1665324483.622099 -1.2592072486877441
1665324483.6268187 -1.2736997604370117
1665324483.6316173 -1.2724571228027344
1665324483.637368 -1.280871868133545
1665324483.6423843 -1.2622737884521484
1665324483.647438 -1.2772436141967773
1665324483.6523771 -1.2783570289611816
1665324483.6573968 -1.2889738082885742
1665324483.6616175 -1.2669157981872559
1665324483.6666162 -1.2764983177185059
1665324483.6716146 -1.2725977897644043
1665324483.6766012 -1.2850713729858398
1665324483.6814215 -1.268045425415039
1665324483.6869404 -1.2792301177978516
1665324483.6913495 -1.2782278060913086
1665324483.695908 -1.2880711555480957
1665324483.7012482 -1.2690553665161133
1665324483.7060344 -1.2744688987731934
1665324483.714719 -1.2738080024719238
1665324483.7157545 -1.2860031127929688
1665324483.7207031 -1.2750816345214844
1665324483.7256885 -1.2784028053283691
1665324483.7306762 -1.2803339958190918
1665324483.7356627 -1.2928180694580078
1665324483.740649 -1.2745037078857422
1665324483.7476315 -1.2704176902770996
1665324483.7556095 -1.2684831619262695
1665324483.7566068 -1.2790727615356445
1665324483.7625897 -1.265540599822998
1665324483.7665792 -1.2699165344238281
1665324483.7705696 -1.2723278999328613
1665324483.7755563 -1.2882485389709473
1665324483.782537 -1.2745165824890137
1665324483.7855287 -1.2688474655151367
1665324483.7905145 -1.2700896263122559
1665324483.7945042 -1.2826056480407715
1665324483.799491 -1.2730450630187988
1665324483.8044775 -1.2678585052490234
1665324483.8094642 -1.2722816467285156
1665324483.8154485 -1.2866520881652832
1665324483.8194373 -1.2768020629882812
1665324483.8254213 -1.267984390258789
1665324483.830259 -1.269874095916748
1665324483.8353462 -1.2829546928405762
1665324483.8416893 -1.268193244934082
1665324483.8460557 -1.2703332901000977
1665324483.8500433 -1.2736077308654785
1665324483.8570259 -1.291414737701416
1665324483.860018 -1.2769708633422852
1665324483.8706696 -1.2746219635009766
1665324483.8706696 -1.27260160446167
1665324483.876654 -1.2857551574707031
1665324483.8806434 -1.2698631286621094
1665324483.8856294 -1.2723088264465332
1665324483.8906596 -1.2702417373657227
1665324483.8956468 -1.286233901977539
1665324483.900617 -1.2719178199768066
1665324483.9056394 -1.2707819938659668
1665324483.9135852 -1.26954984664917
1665324483.915604 -1.2856769561767578
1665324483.9205942 -1.2709660530090332
1665324483.9260437 -1.2732114791870117
1665324483.9317029 -1.274308681488037
1665324483.935893 -1.2913036346435547
1665324483.9411874 -1.2780227661132812
1665324483.994011 -1.2737960815429688
1665324483.999859 -1.2843818664550781
1665324484.0099459 -1.2636971473693848
1665324484.0201602 -1.2808551788330078
1665324484.0245473 -1.2688279151916504
1665324484.0302057 -1.273493766784668
1665324484.035558 -1.2809953689575195
1665324484.043959 -1.267838954925537
1665324484.0504239 -1.269970417022705
1665324484.0561254 -1.287426471710205
1665324484.061554 -1.2768220901489258
1665324484.0662198 -1.2781710624694824
1665324484.0714593 -1.2710609436035156
1665324484.0794456 -1.2810125350952148
1665324484.0877109 -1.2578105926513672
1665324484.0934422 -1.2704362869262695
1665324484.0997303 -1.2784361839294434
1665324484.1067066 -1.256392002105713
1665324484.111992 -1.2719650268554688
1665324484.1172996 -1.285780429840088
1665324484.122306 -1.270775318145752
1665324484.1362572 -1.2821259498596191
1665324484.1362572 -1.278599739074707
1665324484.1372557 -1.289863109588623
1665324484.1412764 -1.2690329551696777
1665324484.1472607 -1.281759262084961
1665324484.1522489 -1.2759647369384766
1665324484.1572132 -1.2829952239990234
1665324484.1636279 -1.2616887092590332
1665324484.1684756 -1.277550220489502
1665324484.1730652 -1.2869129180908203
1665324484.1790886 -1.291029453277588
1665324484.1839979 -1.2767095565795898
1665324484.1893642 -1.287064552307129
1665324484.1970353 -1.2933597564697266
1665324484.2030535 -1.2653388977050781
1665324484.2094612 -1.2808341979980469
1665324484.2137842 -1.2815141677856445
1665324484.2193408 -1.2778525352478027
1665324484.224112 -1.257291316986084
1665324484.2289023 -1.2698020935058594
1665324484.2340875 -1.2778048515319824
1665324484.239594 -1.2762060165405273
1665324484.2461877 -1.261284351348877
1665324484.2523258 -1.2717251777648926
1665324484.256158 -1.2851839065551758
1665324484.2615373 -1.2735648155212402
1665324484.2669513 -1.280447006225586
1665324484.2720702 -1.27726411819458
1665324484.277478 -1.2857356071472168
1665324484.283462 -1.2604179382324219
1665324484.2864537 -1.2679071426391602
1665324484.2919803 -1.2690033912658691
1665324484.2960289 -1.281013011932373
1665324484.301362 -1.2673053741455078
1665324484.3065324 -1.2746906280517578
1665324484.3116179 -1.2734146118164062
1665324484.316913 -1.2852363586425781
1665324484.3212178 -1.2689013481140137
1665324484.3272617 -1.2753548622131348
1665324484.3314147 -1.2769160270690918
1665324484.3365238 -1.287890911102295
1665324484.3425455 -1.2652978897094727
1665324484.3475776 -1.278134822845459
1665324484.3530068 -1.2772526741027832
1665324484.3580174 -1.2817754745483398
1665324484.3639226 -1.2630343437194824
1665324484.3672123 -1.2790184020996094
1665324484.3723078 -1.280026912689209
1665324484.377419 -1.2914056777954102
1665324484.3821752 -1.2710843086242676
1665324484.3867748 -1.2819485664367676
1665324484.392217 -1.2784509658813477
1665324484.3973079 -1.287031650543213
1665324484.401971 -1.2654013633728027
1665324484.407352 -1.276566505432129
1665324484.412629 -1.2744159698486328
1665324484.417687 -1.2816123962402344
1665324484.4225528 -1.2649359703063965
1665324484.4270384 -1.278843879699707
1665324484.4324386 -1.2801055908203125
1665324484.4370322 -1.2890958786010742
1665324484.4422336 -1.2668204307556152
1665324484.4467592 -1.2796025276184082
1665324484.4520407 -1.2760190963745117
1665324484.457127 -1.2863430976867676
1665324484.462496 -1.2689738273620605
1665324484.4670753 -1.2801966667175293
1665324484.4720418 -1.2766895294189453
1665324484.476523 -1.2856879234313965
1665324484.481924 -1.2629361152648926
1665324484.4868681 -1.2744030952453613
1665324484.4918985 -1.272115707397461
1665324484.4968417 -1.2858710289001465
1665324484.5018811 -1.2691912651062012
1665324484.5070221 -1.2761034965515137
1665324484.5116084 -1.2708425521850586
1665324484.517774 -1.285299301147461
1665324484.5231807 -1.260167121887207
1665324484.5281937 -1.2738471031188965
1665324484.5332415 -1.2737932205200195
1665324484.537325 -1.2823486328125
1665324484.5425162 -1.2632951736450195
1665324484.547738 -1.2781295776367188
1665324484.5525954 -1.2747035026550293
1665324484.5575402 -1.284721851348877
1665324484.5626373 -1.2633886337280273
1665324484.567298 -1.2788996696472168
1665324484.5727687 -1.2760353088378906
1665324484.5776114 -1.284052848815918
1665324484.582934 -1.2627134323120117
1665324484.587929 -1.2769579887390137
1665324484.5931935 -1.2781062126159668
1665324484.5974543 -1.286268711090088
1665324484.6024618 -1.2633109092712402
1665324484.6074793 -1.2793302536010742
1665324484.6124618 -1.2770295143127441
1665324484.617412 -1.2856979370117188
1665324484.6225095 -1.266047477722168
1665324484.6277962 -1.28281831741333
1665324484.6328382 -1.2806367874145508
1665324484.637668 -1.2874155044555664
1665324484.6436074 -1.263437271118164
1665324484.6500437 -1.2787284851074219
1665324484.652913 -1.2831544876098633
1665324484.6583948 -1.2881817817687988
1665324484.6631649 -1.266514778137207
1665324484.667673 -1.2843608856201172
1665324484.6729348 -1.2850537300109863
1665324484.6780381 -1.2939319610595703
1665324484.6829617 -1.2670745849609375
1665324484.6883273 -1.2801132202148438
1665324484.6935482 -1.278221607208252
1665324484.6981573 -1.2829532623291016
1665324484.703227 -1.261335849761963
1665324484.7087052 -1.2763218879699707
1665324484.7135503 -1.272799015045166
1665324484.718069 -1.2776241302490234
1665324484.7223392 -1.2559680938720703
1665324484.7277005 -1.2707529067993164
1665324484.7335324 -1.2694082260131836
1665324484.737578 -1.2793583869934082
1665324484.7426076 -1.2593698501586914
1665324484.7476616 -1.2752571105957031
1665324484.752885 -1.2735042572021484
1665324484.7578983 -1.2815847396850586
1665324484.7631896 -1.2590289115905762
1665324484.7674212 -1.272634506225586
1665324484.773358 -1.2699246406555176
1665324484.7773788 -1.2801756858825684
1665324484.7822347 -1.2609667778015137
1665324484.7915542 -1.2747645378112793
1665324484.7915542 -1.2762317657470703
1665324484.803479 -1.2885217666625977
1665324484.803479 -1.2685070037841797
1665324484.806467 -1.2804288864135742
1665324484.8114536 -1.275312900543213
1665324484.8164706 -1.287862777709961
1665324484.8214266 -1.267643928527832
1665324484.8264158 -1.2780370712280273
1665324484.8314028 -1.27524995803833
1665324484.837385 -1.285534381866455
1665324484.8413756 -1.2640790939331055
1665324484.8463619 -1.276637077331543
1665324484.8513477 -1.2761836051940918
1665324484.8608317 -1.2893915176391602
1665324484.8633494 -1.2700433731079102
1665324484.8664663 -1.2842774391174316
1665324484.8749444 -1.2826118469238281
1665324484.8759415 -1.2914791107177734
1665324484.881449 -1.2707009315490723
1665324484.8894458 -1.277245044708252
1665324484.894432 -1.2724285125732422
1665324484.8954306 -1.2856230735778809
1665324484.9014122 -1.2674918174743652
1665324484.9083931 -1.2759151458740234
1665324484.9113853 -1.2765135765075684
1665324484.9163713 -1.2887954711914062
1665324484.9207616 -1.2698912620544434
1665324484.9257479 -1.2756476402282715
1665324484.9307368 -1.2744474411010742
1665324484.9357748 -1.2867670059204102
1665324484.9437003 -1.2710542678833008
1665324484.9884243 -1.2799072265625
1665324485.0053797 -1.2696104049682617
1665324485.0133574 -1.2644352912902832
1665324485.015352 -1.2764921188354492
1665324485.0250046 -1.2681241035461426
1665324485.0288408 -1.2681465148925781
1665324485.0340562 -1.2828927040100098
1665324485.0400414 -1.2781405448913574
1665324485.049518 -1.2645964622497559
1665324485.0562816 -1.2778816223144531
1665324485.0661285 -1.2574167251586914
1665324485.0816164 -1.2749371528625488
1665324485.092049 -1.266817569732666
1665324485.0975058 -1.2850403785705566
1665324485.1026778 -1.265523910522461
1665324485.108322 -1.279308795928955
1665324485.1154034 -1.2860608100891113
1665324485.1204164 -1.2825555801391602
1665324485.1299438 -1.2769451141357422
1665324485.139932 -1.2792577743530273
1665324485.1449187 -1.2635579109191895
1665324485.1489463 -1.2735800743103027
1665324485.1588795 -1.2873926162719727
1665324485.1638637 -1.2644801139831543
1665324485.168851 -1.2747821807861328
1665324485.173836 -1.2864232063293457
1665324485.1788554 -1.287491798400879
1665324485.1838098 -1.264915943145752
1665324485.1893194 -1.2745957374572754
1665324485.1939714 -1.2833456993103027
1665324485.1990325 -1.2812285423278809
1665324485.204226 -1.2600183486938477
1665324485.2092817 -1.2700366973876953
1665324485.217696 -1.27813720703125
1665324485.2192516 -1.2795114517211914
1665324485.2240338 -1.260413646697998
1665324485.229376 -1.2715368270874023
1665324485.2340305 -1.2786674499511719
1665324485.238948 -1.2811198234558105
1665324485.2441814 -1.2596802711486816
1665324485.250331 -1.2697882652282715
1665324485.255568 -1.2764711380004883
1665324485.259674 -1.269636631011963
1665324485.2655814 -1.2579240798950195
1665324485.2701828 -1.2676501274108887
1665324485.2754946 -1.2828369140625
1665324485.2805061 -1.2744112014770508
1665324485.2847502 -1.2617416381835938
1665324485.2912443 -1.2669367790222168
1665324485.2963068 -1.28287935256958
1665324485.3016334 -1.2696027755737305
1665324485.3074734 -1.273752212524414
1665324485.311437 -1.2747883796691895
1665324485.3165295 -1.2878384590148926
1665324485.3210902 -1.2725911140441895
1665324485.3273926 -1.2746219635009766
1665324485.3325384 -1.2740840911865234
1665324485.3381655 -1.2862749099731445
1665324485.343494 -1.260648250579834
1665324485.348785 -1.2781524658203125
1665324485.3537455 -1.2820816040039062
1665324485.3599813 -1.2839951515197754
1665324485.3638182 -1.2631702423095703
1665324485.369041 -1.2816448211669922
1665324485.374004 -1.285581111907959
1665324485.378486 -1.2807765007019043
1665324485.3841434 -1.2597880363464355
1665324485.3881276 -1.2754015922546387
1665324485.3933067 -1.2866806983947754
1665324485.3994465 -1.2874174118041992
1665324485.4034126 -1.2637133598327637
1665324485.4087117 -1.277130126953125
1665324485.4139948 -1.2849140167236328
1665324485.4221172 -1.2783665657043457
1665324485.424711 -1.2647085189819336
1665324485.4290118 -1.2803478240966797
1665324485.4340024 -1.2865653038024902
1665324485.439531 -1.280838966369629
1665324485.4441166 -1.2608795166015625
1665324485.4493535 -1.2754406929016113
1665324485.4535847 -1.2810521125793457
1665324485.4587922 -1.2772340774536133
1665324485.4640284 -1.2541542053222656
1665324485.4688792 -1.2726020812988281
1665324485.475174 -1.2810497283935547
1665324485.4835575 -1.2619576454162598
1665324485.4878333 -1.2806363105773926
1665324485.4927702 -1.2790369987487793
1665324485.501448 -1.2826251983642578
1665324485.5067112 -1.2717056274414062
1665324485.5111198 -1.27217435836792
1665324485.517208 -1.2845797538757324
1665324485.5243065 -1.270714282989502
1665324485.5274785 -1.2759637832641602
1665324485.5315926 -1.2740888595581055
1665324485.5373688 -1.2843713760375977
1665324485.5428958 -1.265988826751709
1665324485.5479603 -1.2758469581604004
1665324485.5524242 -1.2724785804748535
1665324485.5576794 -1.2824225425720215
1665324485.563422 -1.2640657424926758
1665324485.5675678 -1.2765536308288574
1665324485.5725398 -1.2743959426879883
1665324485.578003 -1.283862590789795
1665324485.582246 -1.2623295783996582
1665324485.5875394 -1.2791223526000977
1665324485.5928292 -1.2797298431396484
1665324485.5978448 -1.2896428108215332
1665324485.6025648 -1.268049716949463
1665324485.6075747 -1.2811412811279297
1665324485.612091 -1.2764348983764648
1665324485.6175559 -1.2837848663330078
1665324485.6219628 -1.2616167068481445
1665324485.6275134 -1.272383213043213
1665324485.6321208 -1.275038719177246
1665324485.6374006 -1.2914104461669922
1665324485.64183 -1.27219820022583
1665324485.646578 -1.2814974784851074
1665324485.651865 -1.2756619453430176
1665324485.657141 -1.2841591835021973
1665324485.6621444 -1.2633771896362305
1665324485.6670911 -1.2730636596679688
1665324485.671866 -1.2738909721374512
1665324485.6775599 -1.2886261940002441
1665324485.6817205 -1.270808219909668
1665324485.6870298 -1.2779998779296875
1665324485.6916988 -1.2757930755615234
1665324485.6974192 -1.287184238433838
1665324485.700892 -1.2696471214294434
1665324485.7061458 -1.2724523544311523
1665324485.711461 -1.2696919441223145
1665324485.7163103 -1.28348970413208
1665324485.7208347 -1.2703156471252441
1665324485.727471 -1.2720413208007812
1665324485.7309892 -1.269721508026123
1665324485.7367465 -1.2852416038513184
1665324485.7415442 -1.2699971199035645
1665324485.7462258 -1.270280361175537
1665324485.751539 -1.2695074081420898
1665324485.7559762 -1.2845377922058105
1665324485.7612755 -1.2721796035766602
1665324485.7655337 -1.2722125053405762
1665324485.770608 -1.2728447914123535
1665324485.7766564 -1.2841720581054688
1665324485.780947 -1.2729616165161133
1665324485.7859182 -1.2662549018859863
1665324485.7915618 -1.2679429054260254
1665324485.7991168 -1.2852253913879395
1665324485.80278 -1.2620000839233398
1665324485.8082526 -1.2803387641906738
1665324485.8135273 -1.2807121276855469
1665324485.8179915 -1.285433292388916
1665324485.8235285 -1.261873722076416
1665324485.8282545 -1.2752623558044434
1665324485.8327374 -1.2727370262145996
1665324485.837363 -1.2810211181640625
1665324485.842651 -1.262132167816162
1665324485.8478522 -1.2760462760925293
1665324485.8535717 -1.2741684913635254
1665324485.8575606 -1.277623176574707
1665324485.8632817 -1.256812572479248
1665324485.8674483 -1.2712421417236328
1665324485.873226 -1.2744035720825195
1665324485.8773718 -1.2844386100769043
1665324485.8822324 -1.2672429084777832
1665324485.8869965 -1.2833104133605957
1665324485.8925846 -1.2782983779907227
1665324485.8975284 -1.2838387489318848
1665324485.9027963 -1.2622284889221191
1665324485.907833 -1.274461269378662
1665324485.9127622 -1.2756328582763672
1665324485.92174 -1.286339282989502
1665324485.92174 -1.264845848083496
1665324485.92672 -1.2754316329956055
1665324485.9317067 -1.2745075225830078
1665324485.9366937 -1.285379409790039
1665324485.9496586 -1.2677288055419922
1665324485.9656162 -1.2683801651000977
1665324485.9706047 -1.2835164070129395
1665324485.9735959 -1.2886381149291992
1665324485.9795794 -1.2872624397277832
1665324485.9835691 -1.265707015991211
1665324485.9895525 -1.2789559364318848
1665324485.9935417 -1.2921710014343262
1665324485.99915 -1.2890801429748535
1665324486.0031414 -1.2718653678894043
1665324486.008126 -1.2815513610839844
1665324486.014111 -1.2833847999572754
1665324486.0196037 -1.2723441123962402
1665324486.027089 -1.2563042640686035
1665324486.0325806 -1.272132396697998
1665324486.0375996 -1.2775979042053223
1665324486.0432172 -1.2567782402038574
1665324486.0483873 -1.270085334777832
1665324486.05788 -1.2819643020629883
1665324486.063854 -1.2580156326293945
1665324486.0687203 -1.2753996849060059
1665324486.0737112 -1.2821588516235352
1665324486.0791636 -1.2797422409057617
1665324486.0851474 -1.2649245262145996
1665324486.0894506 -1.2730722427368164
1665324486.0954363 -1.280336856842041
1665324486.100425 -1.2632412910461426
1665324486.1061535 -1.263991355895996
1665324486.1111393 -1.2664165496826172
1665324486.1171231 -1.2852153778076172
1665324486.1221106 -1.2689948081970215
1665324486.1271083 -1.285590648651123
1665324486.1319816 -1.285524845123291
1665324486.1369708 -1.2918577194213867
1665324486.141957 -1.2674732208251953
1665324486.146978 -1.2831745147705078
1665324486.1529293 -1.2834982872009277
1665324486.156676 -1.2904706001281738
1665324486.1616626 -1.265791893005371
1665324486.1677427 -1.2823677062988281
1665324486.17311 -1.2841081619262695
1665324486.1780815 -1.288212776184082
1665324486.1835454 -1.2665925025939941
1665324486.1866977 -1.2829856872558594
1665324486.193491 -1.2833776473999023
1665324486.19805 -1.2936878204345703
1665324486.2027993 -1.2678794860839844
1665324486.2082295 -1.2835521697998047
1665324486.2135587 -1.2809386253356934
1665324486.2179487 -1.2858786582946777
1665324486.2235098 -1.2626924514770508
1665324486.2282832 -1.2774548530578613
1665324486.2324507 -1.2781457901000977
1665324486.238024 -1.2824368476867676
1665324486.2436218 -1.264284610748291
1665324486.2479684 -1.278763771057129
1665324486.2526755 -1.2792778015136719
1665324486.2581382 -1.2852044105529785
1665324486.2627249 -1.2591962814331055
1665324486.2684472 -1.2748045921325684
1665324486.273546 -1.2719593048095703
1665324486.2779763 -1.276780605316162
1665324486.2833993 -1.257049560546875
1665324486.287634 -1.2738733291625977
1665324486.2929204 -1.2733235359191895
1665324486.2979777 -1.2836761474609375
1665324486.3027449 -1.2615981101989746
1665324486.3077533 -1.2756948471069336
1665324486.3130496 -1.2734355926513672
1665324486.3181024 -1.2817754745483398
1665324486.3230278 -1.2621650695800781
1665324486.3280866 -1.276895523071289
1665324486.3334239 -1.2737340927124023
1665324486.3385468 -1.27933931350708
1665324486.3448846 -1.2562503814697266
1665324486.348814 -1.2691330909729004
1665324486.3545687 -1.277158260345459
1665324486.359734 -1.2782068252563477
1665324486.3642101 -1.2600064277648926
1665324486.3700705 -1.2758378982543945
1665324486.374052 -1.283277988433838
1665324486.379538 -1.2838268280029297
1665324486.3846457 -1.2647418975830078
1665324486.3895836 -1.2791643142700195
1665324486.3939688 -1.2881155014038086
1665324486.3992634 -1.2859416007995605
1665324486.4041436 -1.2665109634399414
1665324486.4098055 -1.2784748077392578
1665324486.415504 -1.2872095108032227
1665324486.4192905 -1.2863450050354004
1665324486.4253159 -1.2734479904174805
1665324486.4299858 -1.2860288619995117
1665324486.4372227 -1.2933101654052734
1665324486.4432838 -1.272770881652832
1665324486.4473774 -1.285055160522461
1665324486.4533315 -1.2796573638916016
1665324486.4579823 -1.2899971008300781
1665324486.4633613 -1.2706551551818848
1665324486.4675686 -1.277231216430664
1665324486.472222 -1.2725672721862793
1665324486.477375 -1.2813587188720703
1665324486.482254 -1.2624578475952148
1665324486.4872732 -1.2763257026672363
1665324486.4922864 -1.2783617973327637
1665324486.4973989 -1.2922706604003906
1665324486.5022962 -1.2697248458862305
1665324486.507413 -1.2778677940368652
1665324486.5123098 -1.268885612487793
1665324486.5165322 -1.2779841423034668
1665324486.523646 -1.2519245147705078
1665324486.528698 -1.2694282531738281
1665324486.5337539 -1.2703018188476562
1665324486.5377603 -1.2751946449279785
1665324486.543761 -1.2527432441711426
1665324486.547793 -1.2681879997253418
1665324486.5528069 -1.271139144897461
1665324486.5580356 -1.2805132865905762
1665324486.5635579 -1.2559900283813477
1665324486.5679848 -1.2761664390563965
1665324486.5727053 -1.2751784324645996
1665324486.5780509 -1.283616065979004
1665324486.5824971 -1.2635269165039062
1665324486.5873506 -1.281196117401123
1665324486.5934072 -1.2779617309570312
1665324486.5975955 -1.283696174621582
1665324486.6024907 -1.2591419219970703
1665324486.6074207 -1.2767853736877441
1665324486.6133747 -1.2794127464294434
1665324486.617706 -1.2898950576782227
1665324486.622174 -1.2694878578186035
1665324486.6275115 -1.2834463119506836
1665324486.6325917 -1.2813477516174316
1665324486.637568 -1.2911791801452637
1665324486.6424618 -1.2703371047973633
1665324486.6474762 -1.2835578918457031
1665324486.6528494 -1.2834467887878418
1665324486.6578684 -1.2906303405761719
1665324486.6628041 -1.2697882652282715
1665324486.6675618 -1.2801556587219238
1665324486.6722827 -1.2824044227600098
1665324486.6775453 -1.2902154922485352
1665324486.6820316 -1.2663493156433105
1665324486.6873431 -1.2817339897155762
1665324486.6918972 -1.278459072113037
1665324486.696946 -1.2912187576293945
1665324486.701622 -1.2718873023986816
1665324486.7076495 -1.2824463844299316
1665324486.7126591 -1.2784991264343262
1665324486.71768 -1.2886853218078613
1665324486.72273 -1.2685604095458984
1665324486.7270167 -1.2772045135498047
1665324486.7316196 -1.2764902114868164
1665324486.736667 -1.2900280952453613
1665324486.742001 -1.2706942558288574
1665324486.7470126 -1.274444580078125
1665324486.752482 -1.2740669250488281
1665324486.7576604 -1.2861175537109375
1665324486.7620807 -1.2681374549865723
1665324486.7664487 -1.2742838859558105
1665324486.7719228 -1.2746143341064453
1665324486.7772105 -1.2868046760559082
1665324486.7814002 -1.2714815139770508
1665324486.7872884 -1.2713823318481445
1665324486.7921202 -1.2691044807434082
1665324486.7969706 -1.2838540077209473
1665324486.8023462 -1.2686219215393066
1665324486.8074245 -1.2774949073791504
1665324486.8124897 -1.2759480476379395
1665324486.8173912 -1.2873611450195312
1665324486.8219268 -1.267043113708496
1665324486.8275247 -1.271890640258789
1665324486.831462 -1.2645902633666992
1665324486.8364618 -1.2763848304748535
1665324486.8416848 -1.2583045959472656
1665324486.8465128 -1.2664151191711426
1665324486.8518155 -1.2643117904663086
1665324486.857833 -1.2828006744384766
1665324486.8615718 -1.2706236839294434
1665324486.866049 -1.276374340057373
1665324486.871081 -1.2747464179992676
1665324486.8763378 -1.2924089431762695
1665324486.881655 -1.2769322395324707
1665324486.8859386 -1.2766413688659668
1665324486.8915188 -1.2766051292419434
1665324486.8964946 -1.2914390563964844
1665324486.9022012 -1.2813663482666016
1665324486.9062254 -1.2810869216918945
1665324486.911436 -1.2773585319519043
1665324486.9164898 -1.2909245491027832
1665324486.9212778 -1.2793655395507812
1665324486.9261487 -1.2780051231384277
1665324486.9315515 -1.280519962310791
1665324486.9355502 -1.2952938079833984
1665324486.9415476 -1.2861051559448242
1665324486.9874883 -1.2811174392700195
1665324486.9925015 -1.2718791961669922
1665324486.9977906 -1.2812118530273438
1665324487.002795 -1.2598299980163574
1665324487.0079873 -1.273740291595459
1665324487.0132787 -1.2797269821166992
1665324487.0185704 -1.2830009460449219
1665324487.0245714 -1.262986660003662
1665324487.0295515 -1.2719230651855469
1665324487.0355778 -1.27960205078125
1665324487.0415156 -1.271580696105957
1665324487.0465033 -1.2688469886779785
1665324487.0524874 -1.2717180252075195
1665324487.058471 -1.2824020385742188
1665324487.0654528 -1.2670083045959473
1665324487.0704386 -1.275583267211914
1665324487.0909235 -1.2858777046203613
1665324487.1028895 -1.2902979850769043
1665324487.122836 -1.2717690467834473
1665324487.1278224 -1.2828655242919922
1665324487.133807 -1.2904505729675293
1665324487.1388726 -1.2895865440368652
1665324487.14293 -1.267927646636963
1665324487.1479516 -1.2856683731079102
1665324487.153904 -1.2918744087219238
1665324487.1588905 -1.2866802215576172
1665324487.163877 -1.2646942138671875
1665324487.168864 -1.2801499366760254
1665324487.173849 -1.287426471710205
1665324487.1788373 -1.283597469329834
1665324487.1848202 -1.2704405784606934
1665324487.1888115 -1.2843146324157715
1665324487.1967902 -1.2940125465393066
1665324487.1997812 -1.2829241752624512
1665324487.2037706 -1.2667264938354492
1665324487.2094545 -1.2813410758972168
1665324487.2145338 -1.2931151390075684
1665324487.219522 -1.2875561714172363
1665324487.2245061 -1.2733855247497559
1665324487.2294922 -1.2788658142089844
1665324487.23448 -1.2877883911132812
1665324487.2385087 -1.2773966789245605
1665324487.2434962 -1.2605695724487305
1665324487.2492716 -1.2718591690063477
1665324487.2542992 -1.2868456840515137
1665324487.259246 -1.2804818153381348
1665324487.264457 -1.26536226272583
1665324487.2694452 -1.2741694450378418
1665324487.2751007 -1.2840876579284668
1665324487.2801743 -1.2776427268981934
1665324487.2843194 -1.2612042427062988
1665324487.289667 -1.266176700592041
1665324487.294406 -1.2789430618286133
1665324487.29993 -1.2736310958862305
1665324487.3049803 -1.2607612609863281
1665324487.3100014 -1.2747259140014648
1665324487.3150344 -1.2871227264404297
1665324487.3194091 -1.2802023887634277
1665324487.324798 -1.2638287544250488
1665324487.32995 -1.2706122398376465
1665324487.3354754 -1.282148838043213
1665324487.3415318 -1.2751307487487793
1665324487.3456075 -1.2658586502075195
1665324487.3507755 -1.2696166038513184
1665324487.3557084 -1.283146858215332
1665324487.3613722 -1.2773618698120117
1665324487.3662667 -1.2708945274353027
1665324487.3703365 -1.2771167755126953
1665324487.3755167 -1.2961525917053223
1665324487.3804326 -1.2859711647033691
1665324487.3854516 -1.276465892791748
1665324487.3900404 -1.2785310745239258
1665324487.397061 -1.2905802726745605
1665324487.4022195 -1.2698521614074707
1665324487.4075322 -1.2775335311889648
1665324487.4119892 -1.2753925323486328
1665324487.4173844 -1.292497158050537
1665324487.4218595 -1.273484230041504
1665324487.4260166 -1.2849440574645996
1665324487.4319632 -1.2810115814208984
1665324487.4369104 -1.2965879440307617
1665324487.4419355 -1.277906894683838
1665324487.4469204 -1.2817058563232422
1665324487.4519076 -1.2775788307189941
1665324487.4562988 -1.2911224365234375
1665324487.4612687 -1.2745141983032227
1665324487.4690547 -1.2766413688659668
1665324487.4720795 -1.2725505828857422
1665324487.4770405 -1.284355640411377
1665324487.4820068 -1.2638845443725586
1665324487.48704 -1.2738842964172363
1665324487.4921274 -1.2707109451293945
1665324487.4970646 -1.2835278511047363
1665324487.5021377 -1.2679600715637207
1665324487.5071483 -1.2757630348205566
1665324487.5121574 -1.270885944366455
1665324487.5170705 -1.282458782196045
1665324487.5220792 -1.262925624847412
1665324487.5265849 -1.2700576782226562
1665324487.5317852 -1.2651543617248535
1665324487.5363507 -1.276052474975586
1665324487.541761 -1.2605128288269043
1665324487.5468035 -1.2694530487060547
1665324487.5522153 -1.2688522338867188
1665324487.5572016 -1.2822189331054688
1665324487.5621874 -1.26652193069458
1665324487.566422 -1.2762885093688965
1665324487.572238 -1.2749671936035156
1665324487.5772429 -1.2878313064575195
1665324487.5818295 -1.2699713706970215
1665324487.587353 -1.2799887657165527
1665324487.5921028 -1.2754745483398438
1665324487.5968976 -1.2859830856323242
1665324487.60234 -1.2658185958862305
1665324487.6079493 -1.2771482467651367
1665324487.6121051 -1.2771577835083008
1665324487.6173837 -1.2883758544921875
1665324487.6226513 -1.2731313705444336
1665324487.6276684 -1.2890701293945312
1665324487.632974 -1.2845335006713867
1665324487.6376386 -1.293703556060791
1665324487.6439404 -1.272249698638916
1665324487.6491785 -1.2834782600402832
1665324487.6529212 -1.2760286331176758
1665324487.658152 -1.2787938117980957
1665324487.6632476 -1.2585258483886719
1665324487.6683025 -1.2756266593933105
1665324487.6748524 -1.2769718170166016
1665324487.6782556 -1.2814226150512695
1665324487.6831455 -1.26131010055542
1665324487.6880918 -1.278672695159912
1665324487.6933699 -1.2765812873840332
1665324487.6983876 -1.2864189147949219
1665324487.7023153 -1.2673249244689941
1665324487.7081974 -1.284390926361084
1665324487.7134051 -1.2803802490234375
1665324487.718384 -1.285994529724121
1665324487.7235262 -1.2578048706054688
1665324487.7281065 -1.2734222412109375
1665324487.7333696 -1.2750635147094727
1665324487.7377863 -1.2825021743774414
1665324487.742778 -1.2620177268981934
1665324487.7480235 -1.2780728340148926
1665324487.7530458 -1.2796859741210938
1665324487.7581015 -1.2913665771484375
1665324487.7630737 -1.269446849822998
1665324487.767525 -1.2807698249816895
1665324487.773525 -1.276811122894287
1665324487.7777357 -1.2845306396484375
1665324487.7827399 -1.2644758224487305
1665324487.7872658 -1.2746062278747559
1665324487.793374 -1.2753114700317383
1665324487.797371 -1.2899689674377441
1665324487.8024793 -1.2641253471374512
1665324487.8074794 -1.2755122184753418
1665324487.812192 -1.2724361419677734
1665324487.8173575 -1.2837419509887695
1665324487.8224087 -1.2656469345092773
1665324487.8274271 -1.2747893333435059
1665324487.8324769 -1.274427890777588
1665324487.8376188 -1.2845678329467773
1665324487.842671 -1.2654523849487305
1665324487.8466883 -1.274322509765625
1665324487.8518426 -1.2702250480651855
1665324487.857914 -1.283402442932129
1665324487.8619714 -1.2650909423828125
1665324487.866714 -1.270763874053955
1665324487.8720927 -1.273219108581543
1665324487.878109 -1.2862052917480469
1665324487.881698 -1.270162582397461
1665324487.8865433 -1.2751474380493164
1665324487.8919203 -1.2728157043457031
1665324487.8964572 -1.285313606262207
1665324487.9014657 -1.2650337219238281
1665324487.9067452 -1.2702579498291016
1665324487.9117947 -1.2689175605773926
1665324487.9170132 -1.2863478660583496
1665324487.921304 -1.271470546722412
1665324487.926812 -1.2725472450256348
1665324487.9315555 -1.2718439102172852
1665324487.935733 -1.2939696311950684
1665324487.9415166 -1.281257152557373
1665324487.947302 -1.2818374633789062
1665324487.9775248 -1.279036045074463
1665324487.9849083 -1.2632980346679688
1665324487.9888635 -1.277799129486084
1665324487.9938405 -1.2865209579467773
1665324487.9994833 -1.2860283851623535
1665324488.0055346 -1.270111083984375
1665324488.0100908 -1.2762775421142578
1665324488.01551 -1.2891054153442383
1665324488.0203977 -1.2773828506469727
1665324488.0256143 -1.2643437385559082
1665324488.0307186 -1.2666325569152832
1665324488.0395112 -1.2794361114501953
1665324488.0441897 -1.2560524940490723
1665324488.0493078 -1.2718734741210938
1665324488.053107 -1.2766108512878418
1665324488.0594723 -1.2802748680114746
1665324488.0640907 -1.2618732452392578
1665324488.0688658 -1.2768349647521973
1665324488.0740628 -1.2826366424560547
1665324488.0793533 -1.2778396606445312
1665324488.0846279 -1.2559614181518555
1665324488.089683 -1.266829490661621
1665324488.094942 -1.2753796577453613
1665324488.1002054 -1.2699837684631348
1665324488.1054893 -1.2653594017028809
1665324488.1107879 -1.2736692428588867
1665324488.1157882 -1.2852115631103516
1665324488.1204321 -1.2762727737426758
1665324488.1264758 -1.2695612907409668
1665324488.131527 -1.272376537322998
1665324488.1362727 -1.2863869667053223
1665324488.1414185 -1.2741408348083496
1665324488.1486337 -1.2684764862060547
1665324488.1505897 -1.2739028930664062
1665324488.1625397 -1.2880158424377441
1665324488.1625397 -1.2791657447814941
1665324488.1655376 -1.2728691101074219
1665324488.170519 -1.2792186737060547
1665324488.1755056 -1.2903499603271484
1665324488.1804914 -1.2765884399414062
1665324488.1844792 -1.2689390182495117
1665324488.1905122 -1.2759995460510254
1665324488.1947565 -1.2892112731933594
1665324488.1997428 -1.2810330390930176
1665324488.2047324 -1.2725377082824707
1665324488.2097173 -1.2799558639526367
1665324488.2166994 -1.2934813499450684
1665324488.2202804 -1.279172420501709
1665324488.2256982 -1.270207405090332
1665324488.2302022 -1.2791800498962402
1665324488.2386875 -1.290921688079834
1665324488.2416785 -1.277115821838379
1665324488.2446697 -1.2667689323425293
1665324488.251651 -1.274118423461914
1665324488.2546432 -1.285074234008789
1665324488.2596297 -1.272881031036377
1665324488.2656138 -1.263662338256836
1665324488.2706008 -1.2697582244873047
1665324488.2745955 -1.2839179039001465
1665324488.2796133 -1.2776837348937988
1665324488.2845638 -1.2646279335021973
1665324488.2895818 -1.2736258506774902
1665324488.3021626 -1.288651943206787
1665324488.3021626 -1.27943754196167
1665324488.3061924 -1.2658400535583496
1665324488.3091662 -1.2727603912353516
1665324488.3141317 -1.2815055847167969
1665324488.3231068 -1.2711529731750488
1665324488.3241029 -1.2573213577270508
1665324488.3290892 -1.2651176452636719
1665324488.3380675 -1.2793073654174805
1665324488.339065 -1.2744026184082031
1665324488.3474813 -1.2706718444824219
1665324488.350456 -1.2769880294799805
1665324488.35644 -1.2932958602905273
1665324488.3614697 -1.2746214866638184
1665324488.366414 -1.278285026550293
1665324488.371401 -1.2759346961975098
1665324488.3756988 -1.284651756286621
1665324488.381334 -1.2694110870361328
1665324488.386322 -1.2713613510131836
1665324488.3913405 -1.2748208045959473
1665324488.3952978 -1.286646842956543
1665324488.400959 -1.2736849784851074
1665324488.406343 -1.2725396156311035
1665324488.4112458 -1.2734088897705078
1665324488.4162285 -1.289029598236084
1665324488.4213765 -1.2758550643920898
1665324488.4276276 -1.2739496231079102
1665324488.4309652 -1.276688575744629
1665324488.4360037 -1.2934961318969727
1665324488.4415004 -1.2818098068237305
1665324488.4461453 -1.2780590057373047
1665324488.4513862 -1.2766637802124023
1665324488.4562082 -1.290480136871338
1665324488.461521 -1.2766203880310059
1665324488.466244 -1.271367073059082
1665324488.4708462 -1.2722697257995605
1665324488.4759977 -1.2926340103149414
1665324488.481298 -1.28004789352417
1665324488.4853327 -1.2733969688415527
1665324488.4914446 -1.2751693725585938
1665324488.495562 -1.2890048027038574
1665324488.5014071 -1.278975486755371
1665324488.5057285 -1.2671575546264648
1665324488.511485 -1.2709465026855469
1665324488.5147085 -1.2846274375915527
1665324488.5203943 -1.275589942932129
1665324488.5260394 -1.2685236930847168
1665324488.5315435 -1.2714781761169434
1665324488.5359814 -1.280993938446045
1665324488.5404963 -1.2701377868652344
1665324488.5457458 -1.2638864517211914
1665324488.5499034 -1.2702240943908691
1665324488.5559382 -1.2862262725830078
1665324488.5608249 -1.2796621322631836
1665324488.5648224 -1.2659788131713867
1665324488.5703535 -1.271308422088623
1665324488.5748777 -1.2840766906738281
1665324488.579969 -1.275245189666748
1665324488.584415 -1.2614507675170898
1665324488.5916383 -1.2685790061950684
1665324488.5966792 -1.2818188667297363
1665324488.6014326 -1.2676825523376465
1665324488.606536 -1.2719693183898926
1665324488.6117623 -1.268542766571045
1665324488.6170228 -1.2817878723144531
1665324488.6217692 -1.2677497863769531
1665324488.6270661 -1.2731170654296875
1665324488.6317763 -1.2723755836486816
1665324488.6365964 -1.285804271697998
1665324488.6414378 -1.270843505859375
1665324488.6468024 -1.2757935523986816
1665324488.6517901 -1.276538372039795
1665324488.656671 -1.2895350456237793
1665324488.6611059 -1.2721748352050781
1665324488.6668458 -1.2771005630493164
1665324488.6713884 -1.2806358337402344
1665324488.6778002 -1.2939577102661133
1665324488.6826322 -1.2661395072937012
1665324488.6872692 -1.2849359512329102
1665324488.6933124 -1.2851881980895996
1665324488.6976292 -1.2946748733520508
1665324488.7029214 -1.271615982055664
1665324488.7076604 -1.2860298156738281
1665324488.7127104 -1.2832403182983398
1665324488.7179363 -1.294126033782959
1665324488.7229238 -1.2745771408081055
1665324488.7275534 -1.288449764251709
1665324488.7335346 -1.2831544876098633
1665324488.7375362 -1.2883496284484863
1665324488.7420945 -1.2637224197387695
1665324488.7471766 -1.2765121459960938
1665324488.752845 -1.2766270637512207
1665324488.757867 -1.2872610092163086
1665324488.763163 -1.2639636993408203
1665324488.767858 -1.2784628868103027
1665324488.7723694 -1.2760281562805176
1665324488.7773488 -1.2842817306518555
1665324488.7823496 -1.262413501739502
1665324488.7873497 -1.273186206817627
1665324488.7934587 -1.272881031036377
1665324488.7969873 -1.284715175628662
1665324488.8026135 -1.2629213333129883
1665324488.8076184 -1.2733006477355957
1665324488.812024 -1.2674217224121094
1665324488.817625 -1.2779903411865234
1665324488.8207483 -1.2555651664733887
1665324488.827323 -1.2652511596679688
1665324488.8315358 -1.2636184692382812
1665324488.8369234 -1.2780237197875977
1665324488.8434572 -1.265200138092041
1665324488.8466792 -1.2724590301513672
1665324488.851878 -1.2723884582519531
1665324488.856536 -1.2880840301513672
1665324488.861386 -1.2708802223205566
1665324488.8666975 -1.2714729309082031
1665324488.8717499 -1.2694473266601562
1665324488.8770409 -1.2842903137207031
1665324488.8818305 -1.270820140838623
1665324488.8853922 -1.2771124839782715
1665324488.8915823 -1.2769708633422852
1665324488.896422 -1.2913002967834473
1665324488.9048975 -1.2739605903625488
1665324488.906414 -1.2736835479736328
1665324488.9115074 -1.2732157707214355
1665324488.915474 -1.2874789237976074
1665324488.9213698 -1.2780342102050781
1665324488.9264197 -1.2786545753479004
1665324488.931116 -1.282120704650879
1665324488.935563 -1.2922873497009277
1665324488.9415445 -1.2796711921691895
1665324488.9882348 -1.2704663276672363
1665324489.014167 -1.2794504165649414
1665324489.0289874 -1.2822480201721191
1665324489.0342343 -1.2775077819824219
1665324489.0395014 -1.2778477668762207
1665324489.0500906 -1.2617273330688477
1665324489.0595632 -1.2816810607910156
1665324489.0651164 -1.2601990699768066
1665324489.070077 -1.2704811096191406
1665324489.076353 -1.2816863059997559
1665324489.0811079 -1.2715778350830078
1665324489.0861154 -1.2661304473876953
1665324489.091739 -1.269622802734375
1665324489.097535 -1.2838168144226074
1665324489.1023796 -1.269676685333252
1665324489.1078255 -1.2781076431274414
1665324489.11353 -1.2757811546325684
1665324489.1184304 -1.2863554954528809
1665324489.123474 -1.2619590759277344
1665324489.129525 -1.2755236625671387
1665324489.1340601 -1.2826628684997559
1665324489.139699 -1.2818341255187988
1665324489.1453614 -1.2641010284423828
1665324489.1495004 -1.2766289710998535
1665324489.1540532 -1.2864856719970703
1665324489.159169 -1.2803773880004883
1665324489.1642768 -1.2608966827392578
1665324489.169298 -1.277327060699463
1665324489.1765106 -1.2853131294250488
1665324489.1785362 -1.2881178855895996
1665324489.1835237 -1.2700281143188477
1665324489.1885092 -1.2860479354858398
1665324489.1934958 -1.28914213180542
1665324489.1986368 -1.2887020111083984
1665324489.203159 -1.2698702812194824
1665324489.2094848 -1.282869815826416
1665324489.2147841 -1.2886686325073242
1665324489.218771 -1.284437656402588
1665324489.2244463 -1.2633051872253418
1665324489.2287447 -1.2800230979919434
1665324489.2341275 -1.2843060493469238
1665324489.239095 -1.2825188636779785
1665324489.2441626 -1.2632722854614258
1665324489.2491894 -1.2782068252563477
1665324489.2543292 -1.2834081649780273
1665324489.2617326 -1.2823529243469238
1665324489.2668307 -1.2742481231689453
1665324489.2718203 -1.2729778289794922
1665324489.2807972 -1.283285140991211
1665324489.2848196 -1.2650847434997559
1665324489.2888088 -1.2675127983093262
1665324489.291823 -1.2708616256713867
1665324489.2967532 -1.2827835083007812
1665324489.3024588 -1.257711410522461
1665324489.308441 -1.2741246223449707
1665324489.3164198 -1.2733464241027832
1665324489.3243983 -1.2834386825561523
1665324489.3243983 -1.261207103729248
1665324489.3273914 -1.2778606414794922
1665324489.3320072 -1.275698184967041
1665324489.3399882 -1.2855095863342285
1665324489.3439777 -1.2604303359985352
1665324489.3499613 -1.2668757438659668
1665324489.353951 -1.280076026916504
1665324489.3589385 -1.2751193046569824
1665324489.3649223 -1.2630000114440918
1665324489.3709056 -1.2772307395935059
1665324489.374897 -1.2904090881347656
1665324489.378885 -1.2825593948364258
1665324489.384546 -1.2648015022277832
1665324489.3895326 -1.2771687507629395
1665324489.3945198 -1.2899351119995117
1665324489.4109924 -1.2863588333129883
1665324489.4109924 -1.2666683197021484
1665324489.4109924 -1.279815673828125
1665324489.413984 -1.29072904586792
1665324489.41897 -1.2876553535461426
1665324489.4239886 -1.267674446105957
1665324489.4289448 -1.2797303199768066
1665324489.4339647 -1.2846894264221191
1665324489.4389174 -1.2792706489562988
1665324489.444413 -1.2586894035339355
1665324489.4489083 -1.272505760192871
1665324489.4538949 -1.2806434631347656
1665324489.4586604 -1.2799348831176758
1665324489.463648 -1.2604560852050781
1665324489.4691405 -1.2756409645080566
1665324489.4736354 -1.2852721214294434
1665324489.4786537 -1.2869234085083008
1665324489.4835608 -1.2658896446228027
1665324489.4885461 -1.2768888473510742
1665324489.493571 -1.2815184593200684
1665324489.4983203 -1.2805328369140625
1665324489.5033903 -1.2600979804992676
1665324489.508836 -1.272073745727539
1665324489.5139558 -1.2751655578613281
1665324489.518773 -1.278803825378418
1665324489.5238833 -1.2597007751464844
1665324489.5289176 -1.2744522094726562
1665324489.5339806 -1.2785015106201172
1665324489.5390108 -1.2843852043151855
1665324489.5440392 -1.2634878158569336
1665324489.5488477 -1.2765417098999023
1665324489.553835 -1.2810521125793457
1665324489.5598183 -1.2832303047180176
1665324489.5640228 -1.264510154724121
1665324489.5684223 -1.2769179344177246
1665324489.576238 -1.2797431945800781
1665324489.581664 -1.2719430923461914
1665324489.5875468 -1.2747788429260254
1665324489.592097 -1.2733440399169922
1665324489.5974422 -1.288346290588379
1665324489.602321 -1.2707266807556152
1665324489.609591 -1.282465934753418
1665324489.614288 -1.288116455078125
1665324489.6204777 -1.2903022766113281
1665324489.6242003 -1.2653565406799316
1665324489.6295292 -1.277632236480713
1665324489.6336906 -1.2813749313354492
1665324489.6431186 -1.2678146362304688
1665324489.6481884 -1.2765207290649414
1665324489.6548312 -1.2738347053527832
1665324489.6592076 -1.2812366485595703
1665324489.6642284 -1.2596216201782227
1665324489.6691287 -1.271787166595459
1665324489.6740081 -1.276212215423584
1665324489.6791596 -1.2827105522155762
1665324489.684243 -1.2659173011779785
1665324489.6890829 -1.2810864448547363
1665324489.6941192 -1.2856521606445312
1665324489.6995301 -1.289046287536621
1665324489.703569 -1.2647080421447754
1665324489.7095332 -1.2756667137145996
1665324489.7139187 -1.2791624069213867
1665324489.7186751 -1.2818503379821777
1665324489.7236974 -1.2604327201843262
1665324489.7289746 -1.2746891975402832
1665324489.7339864 -1.2783355712890625
1665324489.738204 -1.2873682975769043
1665324489.744084 -1.265645980834961
1665324489.7493222 -1.2793450355529785
1665324489.753332 -1.2847280502319336
1665324489.758839 -1.2916288375854492
1665324489.7635622 -1.2673048973083496
1665324489.768284 -1.2795839309692383
1665324489.7735543 -1.2786540985107422
1665324489.778102 -1.2871317863464355
1665324489.7828317 -1.2674560546875
1665324489.788254 -1.2788658142089844
1665324489.7935286 -1.2815680503845215
1665324489.7980666 -1.287602424621582
1665324489.8034267 -1.266068458557129
1665324489.8078268 -1.2749805450439453
1665324489.8137188 -1.2738776206970215
1665324489.8179789 -1.2810392379760742
1665324489.8232691 -1.2596940994262695
1665324489.8282764 -1.2704424858093262
1665324489.8334365 -1.269658088684082
1665324489.8384593 -1.2808952331542969
1665324489.8435094 -1.262779712677002
1665324489.8476427 -1.2757434844970703
1665324489.8523238 -1.276759147644043
1665324489.8577235 -1.289146900177002
1665324489.8622787 -1.2660179138183594
1665324489.8675811 -1.277754306793213
1665324489.8733234 -1.270535945892334
1665324489.8774614 -1.285050868988037
1665324489.8840842 -1.2635893821716309
1665324489.887596 -1.2698407173156738
1665324489.892524 -1.269327163696289
1665324489.8975344 -1.2831506729125977
1665324489.9032502 -1.26637601852417
1665324489.9083374 -1.27974271774292
1665324489.9120705 -1.279006004333496
1665324489.917411 -1.2957053184509277
1665324489.9222267 -1.2763333320617676
1665324489.9278917 -1.2839908599853516
1665324489.9327755 -1.2805371284484863
1665324489.9371357 -1.2913570404052734
1665324489.943219 -1.2722234725952148
1665324489.9528658 -1.2753996849060059
1665324489.961129 -1.2846736907958984
1665324489.964847 -1.2687335014343262
1665324489.9701283 -1.2749948501586914
1665324489.9764473 -1.2858681678771973
1665324490.03218 -1.2748913764953613
1665324490.04073 -1.2815756797790527
1665324490.0457783 -1.2652173042297363
1665324490.0512762 -1.2679314613342285
1665324490.0560226 -1.2854804992675781
1665324490.0649226 -1.2683954238891602
1665324490.0698757 -1.2725958824157715
1665324490.0773404 -1.2859230041503906
1665324490.0851157 -1.2633705139160156
1665324490.0917447 -1.2743124961853027
1665324490.0972977 -1.2885537147521973
1665324490.1016495 -1.275458812713623
1665324490.1091118 -1.274550437927246
1665324490.1127286 -1.274064064025879
1665324490.118458 -1.293726921081543
1665324490.124777 -1.2676477432250977
1665324490.1294835 -1.2808475494384766
1665324490.1357079 -1.2871570587158203
1665324490.1393893 -1.2869048118591309
1665324490.1443446 -1.2669825553894043
1665324490.1491845 -1.2811341285705566
1665324490.1544461 -1.2885804176330566
1665324490.160245 -1.2909808158874512
1665324490.1650207 -1.2697181701660156
1665324490.1693575 -1.2801151275634766
1665324490.1755512 -1.2875714302062988
1665324490.1796012 -1.2866477966308594
1665324490.1846454 -1.266815185546875
1665324490.1896513 -1.2785491943359375
1665324490.1936643 -1.287088394165039
1665324490.1986487 -1.287010669708252
1665324490.2036357 -1.2650580406188965
1665324490.2086217 -1.277738094329834
1665324490.21361 -1.2855377197265625
1665324490.2223728 -1.284219741821289
1665324490.2247708 -1.275393009185791
1665324490.2311926 -1.2791423797607422
1665324490.2378929 -1.293644905090332
1665324490.241501 -1.2799797058105469
1665324490.2459404 -1.2708029747009277
1665324490.2510374 -1.2710742950439453
1665324490.2558765 -1.2850561141967773
1665324490.2609708 -1.2760586738586426
1665324490.265431 -1.2693591117858887
1665324490.2706776 -1.2749133110046387
1665324490.278528 -1.2884416580200195
1665324490.2848485 -1.2655267715454102
1665324490.2884107 -1.2827439308166504
1665324490.2934356 -1.27925443649292
1665324490.2988527 -1.2867169380187988
1665324490.3035607 -1.2666292190551758
1665324490.3081508 -1.2841038703918457
1665324490.3133533 -1.2827205657958984
1665324490.3185787 -1.2891831398010254
1665324490.3232996 -1.2646503448486328
1665324490.3281336 -1.279536247253418
1665324490.3331852 -1.278048038482666
1665324490.3390574 -1.2864117622375488
1665324490.345954 -1.266972541809082
1665324490.3513198 -1.2808046340942383
1665324490.3558433 -1.2923555374145508
1665324490.3608103 -1.2836666107177734
1665324490.3660412 -1.2721757888793945
1665324490.3710854 -1.2775840759277344
1665324490.3754315 -1.2896313667297363
1665324490.3804183 -1.2784667015075684
1665324490.3854058 -1.2728605270385742
1665324490.3923862 -1.2807354927062988
1665324490.395375 -1.2936210632324219
1665324490.400408 -1.2855010032653809
1665324490.405393 -1.273137092590332
1665324490.410412 -1.2754640579223633
1665324490.4157205 -1.2887616157531738
1665324490.4207065 -1.2758245468139648
1665324490.4256938 -1.2710003852844238
1665324490.4326756 -1.2766218185424805
1665324490.4416528 -1.289963722229004
1665324490.4426515 -1.2822823524475098
1665324490.4506617 -1.2694144248962402
1665324490.4506617 -1.2733116149902344
1665324490.4556139 -1.2860541343688965
1665324490.4606004 -1.276658535003662
1665324490.4685802 -1.2673015594482422
1665324490.4695766 -1.2748103141784668
1665324490.4745631 -1.2868986129760742
1665324490.4845371 -1.279649257659912
1665324490.485904 -1.2661638259887695
1665324490.4900308 -1.273880958557129
1665324490.4950168 -1.2863011360168457
1665324490.5000284 -1.2844862937927246
1665324490.5045109 -1.2683520317077637
1665324490.5100045 -1.2733573913574219
1665324490.5150843 -1.2840404510498047
1665324490.519486 -1.2788410186767578
1665324490.5239809 -1.2642674446105957
1665324490.5299654 -1.2729315757751465
1665324490.5339541 -1.2831826210021973
1665324490.544046 -1.2771844863891602
1665324490.545084 -1.2683992385864258
1665324490.5496511 -1.2750420570373535
1665324490.5588334 -1.2893400192260742
1665324490.5598319 -1.2816801071166992
1665324490.5658147 -1.268770694732666
1665324490.5698042 -1.2737445831298828
1665324490.5747917 -1.2866120338439941
1665324490.580286 -1.2806310653686523
1665324490.585272 -1.26824951171875
1665324490.589261 -1.2743821144104004
1665324490.595168 -1.2948732376098633
1665324490.6003993 -1.2839970588684082
1665324490.6053631 -1.2705402374267578
1665324490.611348 -1.2730350494384766
1665324490.6146564 -1.285815715789795
1665324490.6207297 -1.277310848236084
1665324490.6258903 -1.2661714553833008
1665324490.6306016 -1.2692995071411133
1665324490.6346765 -1.2868361473083496
1665324490.640411 -1.2833399772644043
1665324490.6455505 -1.2729458808898926
1665324490.6507194 -1.2750072479248047
1665324490.6553867 -1.292344570159912
1665324490.6605003 -1.2818293571472168
1665324490.6651018 -1.2655844688415527
1665324490.6701248 -1.2680869102478027
1665324490.6752267 -1.2869181632995605
1665324490.680346 -1.2853078842163086
1665324490.6851263 -1.2721004486083984
1665324490.690242 -1.2803864479064941
1665324490.6954343 -1.289402961730957
1665324490.700236 -1.2842741012573242
1665324490.7048886 -1.2669258117675781
1665324490.710131 -1.2734766006469727
1665324490.715566 -1.290665626525879
1665324490.7205374 -1.2893967628479004
1665324490.7255406 -1.2715325355529785
1665324490.7303998 -1.276876449584961
1665324490.7351522 -1.285402774810791
1665324490.7397947 -1.283714771270752
1665324490.7473204 -1.264552116394043
1665324490.749987 -1.2730183601379395
1665324490.7552514 -1.2818603515625
1665324490.7599027 -1.281144618988037
1665324490.765962 -1.2638139724731445
1665324490.7699683 -1.2746796607971191
1665324490.775423 -1.28403902053833
1665324490.7801 -1.2801470756530762
1665324490.785158 -1.2582612037658691
1665324490.790472 -1.2668070793151855
1665324490.7955904 -1.2785191535949707
1665324490.8014262 -1.2751426696777344
1665324490.8055413 -1.2626090049743652
1665324490.812078 -1.2710061073303223
1665324490.8174574 -1.2849268913269043
1665324490.8233802 -1.2697296142578125
1665324490.8271794 -1.2731060981750488
1665324490.832479 -1.2738075256347656
1665324490.8376865 -1.2883849143981934
1665324490.846074 -1.2691755294799805
1665324490.8494039 -1.2781577110290527
1665324490.8524144 -1.273515224456787
1665324490.856924 -1.2847647666931152
1665324490.862625 -1.2657403945922852
1665324490.8675652 -1.274388313293457
1665324490.8729787 -1.2726783752441406
1665324490.878031 -1.285926342010498
1665324490.8832865 -1.2661852836608887
1665324490.8883393 -1.2841920852661133
1665324490.8932467 -1.2869009971618652
1665324490.898155 -1.294717788696289
1665324490.902444 -1.2702350616455078
1665324490.9081159 -1.2855949401855469
1665324490.9125514 -1.2801122665405273
1665324490.9180593 -1.2906250953674316
1665324490.9240549 -1.2630095481872559
1665324490.9283283 -1.2773284912109375
1665324490.9330738 -1.2773017883300781
1665324490.9380257 -1.2844672203063965
1665324490.9433188 -1.2622690200805664
1665324490.948619 -1.2772860527038574
1665324490.9646623 -1.2925128936767578
1665324490.973566 -1.2834229469299316
1665324490.9833474 -1.2895903587341309
1665324490.9876895 -1.276984691619873
1665324490.9935527 -1.2714691162109375
1665324491.013378 -1.264554500579834
1665324491.040007 -1.2807106971740723
1665324491.0764837 -1.260179042816162
1665324491.0816836 -1.2755184173583984
1665324491.0876467 -1.2793664932250977
1665324491.0937502 -1.2801146507263184
1665324491.0982072 -1.2899680137634277
1665324491.104745 -1.2668509483337402
1665324491.1092424 -1.2777342796325684
1665324491.1145163 -1.2845897674560547
1665324491.1207418 -1.2842988967895508
1665324491.1457198 -1.2692794799804688
1665324491.1502366 -1.2753467559814453
1665324491.1641302 -1.2854084968566895
1665324491.1698844 -1.2808332443237305
1665324491.1751714 -1.293250560760498
1665324491.1801789 -1.2923908233642578
1665324491.1871343 -1.2705707550048828
1665324491.1921222 -1.277967929840088
1665324491.1974063 -1.2933907508850098
1665324491.2076714 -1.274510383605957
1665324491.2076714 -1.2828669548034668
1665324491.212693 -1.2799005508422852
1665324491.2176774 -1.2900686264038086
1665324491.2226636 -1.266629695892334
1665324491.2276483 -1.2803845405578613
1665324491.2326033 -1.2783851623535156
1665324491.2427506 -1.2877798080444336
1665324491.249576 -1.2715601921081543
1665324491.2524116 -1.2695879936218262
1665324491.26016 -1.2809700965881348
1665324491.2643483 -1.2572379112243652
1665324491.2683523 -1.2726130485534668
1665324491.274245 -1.2805805206298828
1665324491.2789795 -1.282820701599121
1665324491.283738 -1.2625203132629395
1665324491.2895236 -1.2731471061706543
1665324491.2943187 -1.2777233123779297
1665324491.2991264 -1.2819080352783203
1665324491.3040867 -1.2598485946655273
1665324491.3088415 -1.2735157012939453
1665324491.3140128 -1.2774829864501953
1665324491.3192816 -1.281541347503662
1665324491.3248987 -1.2612395286560059
1665324491.329738 -1.276197910308838
1665324491.3346705 -1.285254955291748
1665324491.3394222 -1.284886360168457
1665324491.344437 -1.2640390396118164
1665324491.3494408 -1.2757158279418945
1665324491.3546915 -1.2821049690246582
1665324491.3619554 -1.2860832214355469
1665324491.3643339 -1.266794204711914
1665324491.3697116 -1.2818093299865723
1665324491.3738382 -1.288609504699707
1665324491.3793223 -1.2905535697937012
1665324491.3843784 -1.2691521644592285
1665324491.3886175 -1.2832651138305664
1665324491.3947184 -1.287424087524414
1665324491.3982599 -1.2907509803771973
1665324491.404081 -1.2685980796813965
1665324491.4093046 -1.2792153358459473
1665324491.4144988 -1.286705493927002
1665324491.4190114 -1.288508415222168
1665324491.4367318 -1.265380859375
1665324491.4367318 -1.2778120040893555
1665324491.4367318 -1.283923625946045
1665324491.452735 -1.2851543426513672
1665324491.452735 -1.2636241912841797
1665324491.452735 -1.278824806213379
1665324491.4537215 -1.2812180519104004
1665324491.4577222 -1.2813758850097656
1665324491.4641738 -1.2573370933532715
1665324491.4683068 -1.2694878578186035
1665324491.473663 -1.273763656616211
1665324491.479073 -1.2789435386657715
1665324491.4837778 -1.2602686882019043
1665324491.4880784 -1.2765002250671387
1665324491.5000472 -1.2768206596374512
1665324491.5000472 -1.2824592590332031
1665324491.5030398 -1.259638786315918
1665324491.5090225 -1.2737064361572266
1665324491.5130124 -1.2739477157592773
1665324491.5179982 -1.2803702354431152
1665324491.5229847 -1.2570548057556152
1665324491.5279715 -1.2747101783752441
1665324491.5339556 -1.2772703170776367
1665324491.5379462 -1.286278247833252
1665324491.5449266 -1.2654261589050293
1665324491.5479193 -1.2833919525146484
1665324491.5549 -1.2815651893615723
1665324491.5588903 -1.2893013954162598
1665324491.5668688 -1.262791633605957
1665324491.5678658 -1.2777867317199707
1665324491.5738497 -1.2824983596801758
1665324491.5778384 -1.2910475730895996
1665324491.5838366 -1.264291763305664
1665324491.5882988 -1.274104118347168
1665324491.593285 -1.2745022773742676
1665324491.598272 -1.280550479888916
1665324491.6032588 -1.2590880393981934
1665324491.6086195 -1.2746329307556152
1665324491.6126082 -1.2807660102844238
1665324491.618591 -1.2916631698608398
1665324491.623296 -1.267836093902588
1665324491.629245 -1.27943754196167
1665324491.6332335 -1.2799782752990723
1665324491.6382196 -1.2853102684020996
1665324491.6432078 -1.2601256370544434
1665324491.6516383 -1.275580883026123
1665324491.653633 -1.2797951698303223
1665324491.6581414 -1.2875652313232422
1665324491.6651225 -1.265944004058838
1665324491.6682127 -1.2796921730041504
1665324491.6731994 -1.2800884246826172
1665324491.6782236 -1.284031867980957
1665324491.683204 -1.2648067474365234
1665324491.6881745 -1.2803926467895508
1665324491.6928046 -1.282447338104248
1665324491.697779 -1.291593074798584
1665324491.702766 -1.2688703536987305
1665324491.7077527 -1.2814445495605469
1665324491.7127388 -1.278296947479248
1665324491.7180548 -1.2870392799377441
1665324491.7236364 -1.2640728950500488
1665324491.7282674 -1.2772464752197266
1665324491.7333715 -1.2739949226379395
1665324491.7379024 -1.2856998443603516
1665324491.7456286 -1.2659635543823242
1665324491.7501109 -1.2754907608032227
1665324491.7551725 -1.283522129058838
1665324491.7597768 -1.280867576599121
1665324491.7645814 -1.2620172500610352
1665324491.7699869 -1.2696270942687988
1665324491.7747629 -1.279123306274414
1665324491.7793741 -1.2805309295654297
1665324491.784451 -1.262148380279541
1665324491.7896051 -1.272892951965332
1665324491.7948241 -1.276989459991455
1665324491.7991076 -1.2813539505004883
1665324491.8053818 -1.2612557411193848
1665324491.8093705 -1.272909164428711
1665324491.8141868 -1.2834405899047852
1665324491.818981 -1.2856507301330566
1665324491.8240743 -1.2623043060302734
1665324491.8290257 -1.273024559020996
1665324491.8338432 -1.2765555381774902
1665324491.8391163 -1.280080795288086
1665324491.8441365 -1.260495662689209
1665324491.8494403 -1.2740583419799805
1665324491.854503 -1.2773747444152832
1665324491.8595567 -1.2840771675109863
1665324491.8638515 -1.261509895324707
1665324491.8680513 -1.27569580078125
1665324491.8740194 -1.2861828804016113
1665324491.879421 -1.2918667793273926
1665324491.8850102 -1.2695059776306152
1665324491.8890262 -1.282435417175293
1665324491.8941393 -1.286363124847412
1665324491.8995566 -1.2912683486938477
1665324491.9037485 -1.267855167388916
1665324491.9095595 -1.2812151908874512
1665324491.9139771 -1.2844433784484863
1665324491.9184773 -1.2896785736083984
1665324491.9261167 -1.2635440826416016
1665324491.9315536 -1.273237705230713
1665324491.93562 -1.2904791831970215
1665324491.9415467 -1.2823600769042969
1665324491.946092 -1.2743396759033203
1665324491.9637399 -1.2796974182128906
1665324492.016507 -1.2799382209777832
1665324492.0525923 -1.286630630493164
1665324492.0660455 -1.2578234672546387
1665324492.0723352 -1.272773265838623
1665324492.0784476 -1.291560173034668
1665324492.1003711 -1.278327465057373
1665324492.1076508 -1.2741007804870605
1665324492.113367 -1.2752857208251953
1665324492.1190925 -1.2845697402954102
1665324492.123801 -1.2646241188049316
1665324492.1289587 -1.2753691673278809
1665324492.138987 -1.2841391563415527
1665324492.153869 -1.2783493995666504
1665324492.1580677 -1.2908086776733398
1665324492.1691234 -1.2795791625976562
1665324492.1752815 -1.2912468910217285
1665324492.1797159 -1.2885465621948242
1665324492.185389 -1.268747329711914
1665324492.1897042 -1.2819066047668457
1665324492.1955407 -1.287611961364746
1665324492.2029412 -1.2741904258728027
1665324492.207555 -1.2781014442443848
1665324492.212432 -1.2746295928955078
1665324492.2169013 -1.291158676147461
1665324492.2218673 -1.2754030227661133
1665324492.2268536 -1.2853550910949707
1665324492.2318404 -1.2796201705932617
1665324492.236827 -1.2900075912475586
1665324492.242811 -1.2671222686767578
1665324492.2477975 -1.2729220390319824
1665324492.254282 -1.276808261871338
1665324492.258889 -1.2814984321594238
1665324492.2640386 -1.2607245445251465
1665324492.2686086 -1.2717137336730957
1665324492.2742167 -1.2756562232971191
1665324492.2785313 -1.2822794914245605
1665324492.2840533 -1.2630295753479004
1665324492.2889285 -1.276334285736084
1665324492.293573 -1.2810239791870117
1665324492.2989316 -1.285566806793213
1665324492.3040571 -1.2596511840820312
1665324492.308787 -1.272346019744873
1665324492.315361 -1.2741365432739258
1665324492.319613 -1.2784638404846191
1665324492.3249116 -1.2592501640319824
1665324492.3296924 -1.2754864692687988
1665324492.3346293 -1.281834602355957
1665324492.339815 -1.2859301567077637
1665324492.3462465 -1.2769684791564941
1665324492.3519425 -1.2798514366149902
1665324492.3575099 -1.2891130447387695
1665324492.3613029 -1.2741360664367676
1665324492.366869 -1.2712135314941406
1665324492.3718567 -1.2722282409667969
1665324492.3775377 -1.2853446006774902
1665324492.3815427 -1.278942584991455
1665324492.3864594 -1.2744755744934082
1665324492.3915112 -1.2786064147949219
1665324492.3968103 -1.2922911643981934
1665324492.4013965 -1.2802205085754395
1665324492.4073405 -1.2735943794250488
1665324492.4123611 -1.2746391296386719
1665324492.4173393 -1.2877845764160156
1665324492.4215434 -1.2749972343444824
1665324492.4273615 -1.2705140113830566
1665324492.4320378 -1.2702908515930176
1665324492.4364984 -1.2835702896118164
1665324492.4420598 -1.268571376800537
1665324492.4466116 -1.2672019004821777
1665324492.4518814 -1.2664341926574707
1665324492.456129 -1.2817058563232422
1665324492.4614224 -1.272449016571045
1665324492.4661047 -1.2775235176086426
1665324492.4719973 -1.2765278816223145
1665324492.4772987 -1.2904505729675293
1665324492.4815667 -1.2787961959838867
1665324492.488403 -1.2743358612060547
1665324492.4914362 -1.2690463066101074
1665324492.4958713 -1.281486988067627
1665324492.5016565 -1.269911766052246
1665324492.5058634 -1.2678089141845703
1665324492.511577 -1.2715530395507812
1665324492.5183587 -1.286217212677002
1665324492.5235868 -1.2618122100830078
1665324492.5289736 -1.274895191192627
1665324492.533205 -1.2753510475158691
1665324492.5384164 -1.2845873832702637
1665324492.5435119 -1.2624826431274414
1665324492.5482473 -1.2812228202819824
1665324492.5532353 -1.284864902496338
1665324492.5587838 -1.2911438941955566
1665324492.563323 -1.262537956237793
1665324492.56832 -1.2768378257751465
1665324492.5731316 -1.273939609527588
1665324492.5781562 -1.2831177711486816
1665324492.5836463 -1.259772777557373
1665324492.589089 -1.2744369506835938
1665324492.5930305 -1.278325080871582
1665324492.5990224 -1.288644790649414
1665324492.6039987 -1.2655878067016602
1665324492.6079876 -1.2755813598632812
1665324492.6129742 -1.2716121673583984
