1665324527.1578727 -0.7022838592529297
1665324527.1578727 -0.7027106285095215
1665324527.16685 -0.6768531799316406
1665324527.1738613 -0.7091941833496094
1665324527.1788192 -0.691464900970459
1665324527.1848006 -0.6938776969909668
1665324527.1897876 -0.7024574279785156
1665324527.1957715 -0.7028660774230957
1665324527.2027514 -0.6856746673583984
1665324527.206741 -0.6989030838012695
1665324527.2107298 -0.7111644744873047
1665324527.2157166 -0.7028684616088867
1665324527.220705 -0.6823716163635254
1665324527.2281253 -0.6959271430969238
1665324527.233112 -0.7127199172973633
1665324527.2371013 -0.6991791725158691
1665324527.2462351 -0.6941766738891602
1665324527.2502244 -0.7029647827148438
1665324527.2532165 -0.7151603698730469
1665324527.2592006 -0.694366455078125
1665324527.2662168 -0.6926841735839844
1665324527.272238 -0.7002339363098145
1665324527.276227 -0.7047276496887207
1665324527.2812145 -0.6912174224853516
1665324527.286452 -0.7024936676025391
1665324527.2916121 -0.7083687782287598
1665324527.2975988 -0.6989097595214844
1665324527.3045802 -0.6835532188415527
1665324527.3080575 -0.6930341720581055
1665324527.3128612 -0.7083282470703125
1665324527.3198564 -0.6928753852844238
1665324527.3248537 -0.6880044937133789
1665324527.3325064 -0.6986122131347656
1665324527.338818 -0.7029709815979004
1665324527.3427699 -0.6905202865600586
1665324527.3510046 -0.7028217315673828
1665324527.3553388 -0.6993207931518555
1665324527.3608909 -0.6777524948120117
1665324527.3657956 -0.6855940818786621
1665324527.3703961 -0.6998085975646973
1665324527.3769124 -0.7017970085144043
1665324527.381151 -0.6819663047790527
1665324527.385958 -0.6894774436950684
1665324527.3907042 -0.6986179351806641
1665324527.3954973 -0.7037944793701172
1665324527.400702 -0.681769847869873
1665324527.4089694 -0.6888866424560547
1665324527.4133081 -0.705965518951416
1665324527.4180248 -0.6868720054626465
1665324527.4231741 -0.6839871406555176
1665324527.428828 -0.6991305351257324
1665324527.4333155 -0.7185945510864258
1665324527.438281 -0.6984949111938477
1665324527.4438424 -0.6938204765319824
1665324527.4482183 -0.7016239166259766
1665324527.4535682 -0.7143959999084473
1665324527.457838 -0.7009029388427734
1665324527.4630709 -0.6918368339538574
1665324527.4682348 -0.6967411041259766
1665324527.4734204 -0.7085161209106445
1665324527.4783795 -0.6912956237792969
1665324527.482614 -0.680445671081543
1665324527.4881444 -0.6901202201843262
1665324527.4933994 -0.7074356079101562
1665324527.4980354 -0.6945834159851074
1665324527.503504 -0.6810793876647949
1665324527.5104544 -0.6886396408081055
1665324527.5124712 -0.7044582366943359
1665324527.5177846 -0.691431999206543
1665324527.5217643 -0.6812748908996582
1665324527.527783 -0.6940226554870605
1665324527.531774 -0.7102093696594238
1665324527.5372696 -0.701235294342041
1665324527.5422635 -0.6891260147094727
1665324527.5472503 -0.6965985298156738
1665324527.552505 -0.7073860168457031
1665324527.5575044 -0.6946954727172852
1665324527.5624757 -0.6840333938598633
1665324527.566762 -0.6874027252197266
1665324527.5723314 -0.7046961784362793
1665324527.5773177 -0.6926178932189941
1665324527.5825438 -0.6929264068603516
1665324527.587515 -0.6998028755187988
1665324527.592426 -0.7138590812683105
1665324527.5974512 -0.6974387168884277
1665324527.602721 -0.6780567169189453
1665324527.607811 -0.6875801086425781
1665324527.6131027 -0.7075767517089844
1665324527.6176374 -0.6979341506958008
1665324527.6225605 -0.6871047019958496
1665324527.6271265 -0.6946582794189453
1665324527.6321216 -0.7070736885070801
1665324527.6373434 -0.6940417289733887
1665324527.6425266 -0.685509204864502
1665324527.6474612 -0.6973533630371094
1665324527.652191 -0.7064447402954102
1665324527.6571572 -0.6935691833496094
1665324527.6626594 -0.6815052032470703
1665324527.6672761 -0.6942949295043945
1665324527.6731632 -0.7056083679199219
1665324527.6771626 -0.6906261444091797
1665324527.6828384 -0.6851730346679688
1665324527.6880386 -0.6950674057006836
1665324527.6924667 -0.7128701210021973
1665324527.698162 -0.7007989883422852
1665324527.7034328 -0.6919345855712891
1665324527.7072423 -0.6970090866088867
1665324527.7132242 -0.7101893424987793
1665324527.716216 -0.6915283203125
1665324527.7222083 -0.6830844879150391
1665324527.727188 -0.6930818557739258
1665324527.7321851 -0.7135701179504395
1665324527.737505 -0.7062139511108398
1665324527.7424948 -0.6992855072021484
1665324527.748035 -0.705047607421875
1665324527.7532117 -0.7140240669250488
1665324527.7581851 -0.6993803977966309
1665324527.763728 -0.6890859603881836
1665324527.7692504 -0.6912250518798828
1665324527.7735376 -0.7074580192565918
1665324527.778541 -0.6937661170959473
1665324527.7831364 -0.6854767799377441
1665324527.7883809 -0.6953616142272949
1665324527.7933161 -0.7147459983825684
1665324527.7981918 -0.6954541206359863
1665324527.8033042 -0.6855430603027344
1665324527.8081193 -0.6918091773986816
1665324527.818098 -0.7069520950317383
1665324527.8190897 -0.6896147727966309
1665324527.8230462 -0.683013916015625
1665324527.8285282 -0.6883096694946289
1665324527.8328393 -0.7033476829528809
1665324527.8379254 -0.6910390853881836
1665324527.8435388 -0.6807956695556641
1665324527.8485756 -0.6886496543884277
1665324527.8528256 -0.700960636138916
1665324527.8580372 -0.6903729438781738
1665324527.8624885 -0.6861867904663086
1665324527.8687308 -0.6980819702148438
1665324527.8729143 -0.7183933258056641
1665324527.878536 -0.7052011489868164
1665324527.8828776 -0.6976771354675293
1665324527.8878555 -0.703028678894043
1665324527.8928168 -0.7152323722839355
1665324527.897968 -0.696843147277832
1665324527.9027662 -0.6842923164367676
1665324527.9074597 -0.6936564445495605
1665324527.912382 -0.7065696716308594
1665324527.9197745 -0.6968412399291992
1665324527.9231207 -0.684166431427002
1665324527.928161 -0.6935172080993652
1665324527.932786 -0.709406852722168
1665324527.9376101 -0.6937708854675293
1665324527.9424894 -0.6867051124572754
1665324527.9497948 -0.6987228393554688
1665324527.9661138 -0.6927714347839355
1665324527.9745028 -0.7018952369689941
1665324527.9793642 -0.6853537559509277
1665324527.985377 -0.6884646415710449
1665324528.0161302 -0.6939663887023926
1665324528.0240536 -0.6887998580932617
1665324528.0266006 -0.6987390518188477
1665324528.0308263 -0.7116403579711914
1665324528.0595443 -0.7158784866333008
1665324528.0868945 -0.7114443778991699
1665324528.0937326 -0.7038407325744629
1665324528.098994 -0.687462329864502
1665324528.1039732 -0.6891880035400391
1665324528.1092262 -0.6981644630432129
1665324528.114209 -0.7143707275390625
1665324528.119179 -0.6942963600158691
1665324528.1241496 -0.6943836212158203
1665324528.1305149 -0.6973886489868164
1665324528.1349912 -0.7071518898010254
1665324528.1402035 -0.6851253509521484
1665324528.1455972 -0.6847119331359863
1665324528.1509068 -0.691429615020752
1665324528.1555705 -0.6962370872497559
1665324528.163467 -0.6780557632446289
1665324528.1684818 -0.6877603530883789
1665324528.172875 -0.7056841850280762
1665324528.1776512 -0.6958904266357422
1665324528.1826794 -0.6873612403869629
1665324528.1886158 -0.703160285949707
1665324528.1945932 -0.720393180847168
1665324528.1986086 -0.7009096145629883
1665324528.2035682 -0.6908626556396484
1665324528.208554 -0.6871485710144043
1665324528.2135444 -0.7022428512573242
1665324528.2185278 -0.6876177787780762
1665324528.2255108 -0.6874556541442871
1665324528.2285025 -0.6966376304626465
1665324528.2334876 -0.7184686660766602
1665324528.246455 -0.7068471908569336
1665324528.246455 -0.7058544158935547
1665324528.2484493 -0.7061991691589355
1665324528.253437 -0.7191042900085449
1665324528.2584224 -0.700615406036377
1665324528.2634082 -0.6907558441162109
1665324528.2683966 -0.6902370452880859
1665324528.276374 -0.7031903266906738
1665324528.2783685 -0.6901416778564453
1665324528.283355 -0.6833000183105469
1665324528.2883413 -0.6866827011108398
1665324528.294326 -0.7009005546569824
1665324528.2983146 -0.6879754066467285
1665324528.303065 -0.6799793243408203
1665324528.3080547 -0.693511962890625
1665324528.3130398 -0.706303596496582
1665324528.3180268 -0.6900186538696289
1665324528.3230138 -0.6818032264709473
1665324528.328001 -0.6945853233337402
1665324528.3330185 -0.7107582092285156
1665324528.3383472 -0.6926789283752441
1665324528.3438692 -0.6868481636047363
1665324528.352846 -0.6917729377746582
1665324528.352846 -0.7087783813476562
1665324528.3588383 -0.6949691772460938
1665324528.3671842 -0.6957569122314453
1665324528.3681824 -0.700800895690918
1665324528.3751628 -0.7168922424316406
1665324528.378155 -0.6993408203125
1665324528.3835094 -0.698707103729248
1665324528.3884962 -0.7067432403564453
1665324528.393175 -0.7206411361694336
1665324528.398168 -0.7019791603088379
1665324528.4032114 -0.6955814361572266
1665324528.4080112 -0.699028491973877
1665324528.4129999 -0.7145047187805176
1665324528.4209807 -0.6990232467651367
1665324528.4229748 -0.690117359161377
1665324528.43004 -0.6948060989379883
1665324528.433645 -0.7115688323974609
1665324528.4394608 -0.6935930252075195
1665324528.443698 -0.6840143203735352
1665324528.4488664 -0.6908292770385742
1665324528.4534585 -0.700469970703125
1665324528.4593499 -0.6828198432922363
1665324528.463616 -0.681373119354248
1665324528.4682324 -0.6931576728820801
1665324528.4733744 -0.7074089050292969
1665324528.4777427 -0.6950273513793945
1665324528.4834151 -0.6895804405212402
1665324528.4884028 -0.6958794593811035
1665324528.4926865 -0.7088160514831543
1665324528.4979842 -0.6941490173339844
1665324528.5032144 -0.6787099838256836
1665324528.508015 -0.6861753463745117
1665324528.5126877 -0.7042751312255859
1665324528.5181363 -0.6954717636108398
1665324528.5235534 -0.6820430755615234
1665324528.5276132 -0.6933746337890625
1665324528.532504 -0.708549976348877
1665324528.538099 -0.7001690864562988
1665324528.5426025 -0.6873807907104492
1665324528.5478964 -0.6998095512390137
1665324528.5531006 -0.72015380859375
1665324528.5581214 -0.7044563293457031
1665324528.563047 -0.6929225921630859
1665324528.5680046 -0.6981801986694336
1665324528.5734203 -0.7049770355224609
1665324528.5783114 -0.6934680938720703
1665324528.5838273 -0.6876459121704102
1665324528.5895407 -0.6986417770385742
1665324528.593919 -0.715888500213623
1665324528.5991254 -0.7026729583740234
1665324528.6036835 -0.6941742897033691
1665324528.6087685 -0.7006444931030273
1665324528.6133585 -0.7143306732177734
1665324528.6185186 -0.6974058151245117
1665324528.623824 -0.6801953315734863
1665324528.6279933 -0.6870779991149902
1665324528.6356287 -0.7041425704956055
1665324528.6383429 -0.6937332153320312
1665324528.643253 -0.6814980506896973
1665324528.6483562 -0.6859545707702637
1665324528.6540694 -0.6986188888549805
1665324528.658828 -0.6854143142700195
1665324528.662833 -0.671628475189209
1665324528.668173 -0.6883687973022461
1665324528.6733596 -0.7094602584838867
1665324528.678122 -0.6982479095458984
1665324528.6833482 -0.6850266456604004
1665324528.687951 -0.6982145309448242
1665324528.694017 -0.7116870880126953
1665324528.6993148 -0.6950569152832031
1665324528.7037823 -0.6880087852478027
1665324528.709114 -0.6931872367858887
1665324528.713871 -0.7101254463195801
1665324528.7183661 -0.7007026672363281
1665324528.727584 -0.6978344917297363
1665324528.7285502 -0.7074394226074219
1665324528.7331927 -0.718055248260498
1665324528.7387443 -0.6988739967346191
1665324528.743862 -0.687960147857666
1665324528.7484608 -0.6974148750305176
1665324528.75305 -0.7161765098571777
1665324528.757605 -0.7025246620178223
1665324528.7635612 -0.6902866363525391
1665324528.7675846 -0.6984825134277344
1665324528.7725704 -0.7104949951171875
1665324528.7784498 -0.6955442428588867
1665324528.7832284 -0.6856937408447266
1665324528.78896 -0.695622444152832
1665324528.793351 -0.7073020935058594
1665324528.7984564 -0.6901426315307617
1665324528.8036702 -0.6731319427490234
1665324528.8083453 -0.6839890480041504
1665324528.8133016 -0.7003884315490723
1665324528.8184507 -0.6909785270690918
1665324528.823929 -0.6763958930969238
1665324528.8284826 -0.6830916404724121
1665324528.8340526 -0.7043108940124512
1665324528.8403401 -0.6959261894226074
1665324528.8473248 -0.6933388710021973
1665324528.848324 -0.7022867202758789
1665324528.853311 -0.7113199234008789
1665324528.8582969 -0.7013249397277832
1665324528.8632827 -0.6898202896118164
1665324528.8673124 -0.6945233345031738
1665324528.8733933 -0.708122730255127
1665324528.8779416 -0.6996049880981445
1665324528.8834445 -0.6929082870483398
1665324528.8885188 -0.6969442367553711
1665324528.893239 -0.7113256454467773
1665324528.8983135 -0.7056703567504883
1665324528.9022765 -0.695824146270752
1665324528.9085405 -0.7067255973815918
1665324528.9128833 -0.7229976654052734
1665324528.91867 -0.7087931632995605
1665324528.923409 -0.6950464248657227
1665324528.9279194 -0.7011303901672363
1665324528.9328775 -0.711946964263916
1665324528.9381437 -0.6959929466247559
1665324528.9430747 -0.678596019744873
1665324528.9740152 -0.6882734298706055
1665324528.9822047 -0.6835460662841797
1665324528.988149 -0.6905384063720703
1665324529.0094042 -0.6818857192993164
1665324529.0142884 -0.7024674415588379
1665324529.0200868 -0.6836328506469727
1665324529.025547 -0.6798305511474609
1665324529.0315259 -0.6938338279724121
1665324529.0500982 -0.7016043663024902
1665324529.064175 -0.7097759246826172
1665324529.071522 -0.7075281143188477
1665324529.0777934 -0.7099857330322266
1665324529.0840895 -0.6922783851623535
1665324529.0924191 -0.7065591812133789
1665324529.1021655 -0.69940185546875
1665324529.113324 -0.6923933029174805
1665324529.1270082 -0.6822271347045898
1665324529.1350183 -0.70928955078125
1665324529.1493855 -0.6928167343139648
1665324529.1536198 -0.7049283981323242
1665324529.159429 -0.6931228637695312
1665324529.164495 -0.6812701225280762
1665324529.1697938 -0.6907243728637695
1665324529.1750734 -0.7014279365539551
1665324529.180004 -0.6806216239929199
1665324529.1852756 -0.682373046875
1665324529.1902757 -0.6904921531677246
1665324529.1952622 -0.7063794136047363
1665324529.2002625 -0.6929078102111816
1665324529.2061381 -0.6993751525878906
1665324529.222799 -0.7129244804382324
1665324529.2275815 -0.6979055404663086
1665324529.2330709 -0.7069826126098633
1665324529.23819 -0.6963667869567871
1665324529.2430677 -0.6839056015014648
1665324529.2496874 -0.6937541961669922
1665324529.2542102 -0.7118163108825684
1665324529.2589638 -0.6939024925231934
1665324529.2639594 -0.6912136077880859
1665324529.2692301 -0.6970186233520508
1665324529.2742414 -0.7117280960083008
1665324529.2789743 -0.7010908126831055
1665324529.2839942 -0.6909537315368652
1665324529.2895465 -0.6989822387695312
1665324529.2939436 -0.7125558853149414
1665324529.2989416 -0.6926193237304688
1665324529.303931 -0.6760854721069336
1665324529.3119028 -0.6825718879699707
1665324529.3138974 -0.7001008987426758
1665324529.318884 -0.6883959770202637
1665324529.3248663 -0.6797671318054199
1665324529.3288975 -0.6950979232788086
1665324529.333841 -0.710442066192627
1665324529.3388567 -0.6953163146972656
1665324529.3438485 -0.6914377212524414
1665324529.3488014 -0.6966218948364258
1665324529.3577769 -0.7134847640991211
1665324529.3587742 -0.6951794624328613
1665324529.3667526 -0.6898884773254395
1665324529.368749 -0.6979427337646484
1665324529.3747315 -0.7107996940612793
1665324529.3787208 -0.6952667236328125
1665324529.387697 -0.6878156661987305
1665324529.3886955 -0.693303108215332
1665324529.3956773 -0.7112579345703125
1665324529.4016604 -0.699617862701416
1665324529.403654 -0.6923332214355469
1665324529.4086413 -0.7024116516113281
1665324529.4176164 -0.7174367904663086
1665324529.4186153 -0.7026515007019043
1665324529.423601 -0.6863985061645508
1665324529.4284241 -0.6919069290161133
1665324529.433413 -0.7054710388183594
1665324529.4383998 -0.6916227340698242
1665324529.4433885 -0.6797966957092285
1665324529.448373 -0.6949138641357422
1665324529.4533591 -0.7082176208496094
1665324529.4580035 -0.6977152824401855
1665324529.4631493 -0.6830711364746094
1665324529.467668 -0.6901321411132812
1665324529.4736624 -0.7000389099121094
1665324529.4779184 -0.6912117004394531
1665324529.4822295 -0.6823420524597168
1665324529.4919603 -0.6943192481994629
1665324529.4929583 -0.7074050903320312
1665324529.4979494 -0.7015519142150879
1665324529.502936 -0.6869606971740723
1665324529.5079224 -0.6991767883300781
1665324529.5129094 -0.7128639221191406
1665324529.5178957 -0.7039699554443359
1665324529.5219188 -0.6833791732788086
1665324529.5269024 -0.6940197944641113
1665324529.5326664 -0.7058868408203125
1665324529.5371008 -0.7016839981079102
1665324529.5430346 -0.6824145317077637
1665324529.5470226 -0.6948285102844238
1665324529.5523858 -0.7079372406005859
1665324529.557778 -0.7040057182312012
1665324529.5627277 -0.6893548965454102
1665324529.5679762 -0.6986799240112305
1665324529.5727403 -0.7118711471557617
1665324529.5776796 -0.7065472602844238
1665324529.5825188 -0.6827483177185059
1665324529.587033 -0.6929383277893066
1665324529.5923812 -0.7017970085144043
1665324529.597418 -0.7028799057006836
1665324529.6024528 -0.6828322410583496
1665324529.6075056 -0.6926689147949219
1665324529.611517 -0.7051548957824707
1665324529.6177108 -0.7068300247192383
1665324529.6221187 -0.6869101524353027
1665324529.626775 -0.6915116310119629
1665324529.6321106 -0.6910719871520996
1665324529.636999 -0.6888914108276367
1665324529.6428409 -0.671320915222168
1665324529.654815 -0.6856732368469238
1665324529.659782 -0.6942844390869141
1665324529.6641135 -0.6893219947814941
1665324529.6687934 -0.6962275505065918
1665324529.6754024 -0.7108554840087891
1665324529.6795084 -0.6913471221923828
1665324529.6853597 -0.6880807876586914
1665324529.6892316 -0.6955471038818359
1665324529.6942391 -0.715909481048584
1665324529.6996775 -0.6974897384643555
1665324529.7042668 -0.6883277893066406
1665324529.7091107 -0.697697639465332
1665324529.7143743 -0.7138853073120117
1665324529.7194371 -0.6933088302612305
1665324529.7244937 -0.690028190612793
1665324529.7290115 -0.7017550468444824
1665324529.7339551 -0.7189474105834961
1665324529.7608738 -0.7026796340942383
1665324529.7608738 -0.690704345703125
1665324529.7608738 -0.694828987121582
1665324529.7608738 -0.7065205574035645
1665324529.7608738 -0.6905093193054199
1665324529.763865 -0.6837053298950195
1665324529.7678833 -0.6907596588134766
1665324529.772869 -0.7074413299560547
1665324529.7778287 -0.695859432220459
1665324529.7828474 -0.6770648956298828
1665324529.788598 -0.6848049163818359
1665324529.7932136 -0.7006292343139648
1665324529.7994819 -0.6889224052429199
1665324529.8036933 -0.678952693939209
1665324529.8094318 -0.6892919540405273
1665324529.8136294 -0.7062520980834961
1665324529.8193157 -0.6956043243408203
1665324529.8239076 -0.6793928146362305
1665324529.8282177 -0.6877613067626953
1665324529.83358 -0.707484245300293
1665324529.8381948 -0.7034463882446289
1665324529.843601 -0.6932005882263184
1665324529.8484647 -0.702906608581543
1665324529.8534086 -0.7147250175476074
1665324529.8586798 -0.709568977355957
1665324529.8636897 -0.6976909637451172
1665324529.8682265 -0.7076859474182129
1665324529.8737874 -0.7135844230651855
1665324529.878502 -0.7041854858398438
1665324529.883613 -0.6894102096557617
1665324529.8882113 -0.7001495361328125
1665324529.8935554 -0.7154951095581055
1665324529.8986802 -0.707695484161377
1665324529.9031596 -0.6925983428955078
1665324529.9074407 -0.6973457336425781
1665324529.9131815 -0.7057771682739258
1665324529.9176714 -0.700596809387207
1665324529.9227362 -0.6754350662231445
1665324529.9273238 -0.6879067420959473
1665324529.9328363 -0.6987128257751465
1665324529.93785 -0.6958026885986328
1665324529.9435222 -0.6761574745178223
1665324529.9500644 -0.681541919708252
1665324529.9621406 -0.695950984954834
1665324530.0002909 -0.685086727142334
1665324530.005712 -0.6956424713134766
1665324530.0107827 -0.7071800231933594
1665324530.0149977 -0.7265996932983398
1665324530.0202513 -0.7052297592163086
1665324530.0253098 -0.7028074264526367
1665324530.030474 -0.7062711715698242
1665324530.035574 -0.7162175178527832
1665324530.0434926 -0.693939208984375
1665324530.056081 -0.7058768272399902
1665324530.0681467 -0.7005329132080078
1665324530.0735402 -0.713470458984375
1665324530.0788682 -0.6998677253723145
1665324530.0841389 -0.6847200393676758
1665324530.0891244 -0.6923341751098633
1665324530.0979495 -0.7042884826660156
1665324530.105417 -0.6806588172912598
1665324530.1107895 -0.6858959197998047
1665324530.115846 -0.6943998336791992
1665324530.121102 -0.6707096099853516
1665324530.1261559 -0.6740355491638184
1665324530.1311946 -0.6838417053222656
1665324530.136215 -0.7012424468994141
1665324530.1411304 -0.6862478256225586
1665324530.1459534 -0.6889891624450684
1665324530.1504164 -0.695584774017334
1665324530.1565192 -0.7076935768127441
1665324530.1606197 -0.6888604164123535
1665324530.1661367 -0.6929464340209961
1665324530.1717095 -0.7019767761230469
1665324530.176548 -0.7141022682189941
1665324530.1810033 -0.6940145492553711
1665324530.1854804 -0.6991705894470215
1665324530.1906264 -0.7049598693847656
1665324530.196632 -0.7138576507568359
1665324530.2059991 -0.6881923675537109
1665324530.2064698 -0.6928925514221191
1665324530.2120464 -0.705650806427002
1665324530.2164478 -0.7154407501220703
1665324530.2215412 -0.6949434280395508
1665324530.2261965 -0.7015762329101562
1665324530.231468 -0.7070708274841309
1665324530.2375977 -0.7091116905212402
1665324530.2439003 -0.6827392578125
1665324530.248138 -0.6903805732727051
1665324530.2532089 -0.7041716575622559
1665324530.25816 -0.7020306587219238
1665324530.2640567 -0.6849780082702637
1665324530.2693543 -0.6884779930114746
1665324530.275428 -0.6929779052734375
1665324530.2795417 -0.6764926910400391
1665324530.285064 -0.6749820709228516
1665324530.2934797 -0.697509765625
1665324530.2978969 -0.699303150177002
1665324530.3035362 -0.6863608360290527
1665324530.3080037 -0.6986794471740723
1665324530.312722 -0.7088446617126465
1665324530.3175616 -0.7015180587768555
1665324530.3231742 -0.6788859367370605
1665324530.3281782 -0.6890521049499512
1665324530.3334692 -0.7021207809448242
1665324530.3379602 -0.7051849365234375
1665324530.3454702 -0.687645435333252
1665324530.3497646 -0.6951665878295898
1665324530.3550088 -0.7125835418701172
1665324530.3593137 -0.6929969787597656
1665324530.3654165 -0.6907510757446289
1665324530.3696668 -0.7009077072143555
1665324530.3767877 -0.7254667282104492
1665324530.3798378 -0.7149062156677246
1665324530.384228 -0.7099394798278809
1665324530.3900287 -0.7128763198852539
1665324530.394224 -0.7198266983032227
1665324530.399819 -0.6910796165466309
1665324530.405531 -0.6825695037841797
1665324530.4095366 -0.685455322265625
1665324530.4147196 -0.6967759132385254
1665324530.419987 -0.6833887100219727
1665324530.424498 -0.6709179878234863
1665324530.4295387 -0.6849517822265625
1665324530.434558 -0.7021603584289551
1665324530.439505 -0.6843380928039551
1665324530.444493 -0.6794857978820801
1665324530.4494789 -0.6867189407348633
1665324530.45424 -0.7094278335571289
1665324530.4592292 -0.6995429992675781
1665324530.4672081 -0.6906108856201172
1665324530.4791772 -0.6947393417358398
1665324530.4791772 -0.706749439239502
1665324530.4791772 -0.6868185997009277
1665324530.4841633 -0.675255298614502
1665324530.4901474 -0.6863245964050293
1665324530.4941366 -0.7033710479736328
1665324530.4981453 -0.6977024078369141
1665324530.5051072 -0.6901130676269531
1665324530.5080988 -0.7005243301391602
1665324530.5160794 -0.7148528099060059
1665324530.5180721 -0.702880859375
1665324530.5230587 -0.6894979476928711
1665324530.5290442 -0.7020974159240723
1665324530.5330317 -0.7237014770507812
1665324530.5380979 -0.7212362289428711
1665324530.5430763 -0.705662727355957
1665324530.5481572 -0.7149238586425781
1665324530.553163 -0.721747875213623
1665324530.55815 -0.7095451354980469
1665324530.5633333 -0.6861295700073242
1665324530.567867 -0.6896700859069824
1665324530.573361 -0.6967172622680664
1665324530.579377 -0.6903800964355469
1665324530.584363 -0.6770009994506836
1665324530.5873566 -0.6906247138977051
1665324530.5933409 -0.7012448310852051
1665324530.5998516 -0.6959543228149414
1665324530.6028445 -0.6789264678955078
1665324530.608858 -0.6858282089233398
1665324530.612818 -0.6939640045166016
1665324530.6178045 -0.6907896995544434
1665324530.6227908 -0.6729655265808105
1665324530.627815 -0.6830277442932129
1665324530.632808 -0.6958885192871094
1665324530.637795 -0.6918478012084961
1665324530.6427367 -0.6750288009643555
1665324530.6477807 -0.6862998008728027
1665324530.6564386 -0.7019715309143066
1665324530.658433 -0.7011151313781738
1665324530.662421 -0.6881117820739746
1665324530.6685412 -0.7051811218261719
1665324530.6736205 -0.7181744575500488
1665324530.6783862 -0.7112150192260742
1665324530.6832016 -0.6919345855712891
1665324530.688193 -0.7005748748779297
1665324530.6928644 -0.7079553604125977
1665324530.6977792 -0.7100191116333008
1665324530.7031345 -0.6941723823547363
1665324530.7092338 -0.7018613815307617
1665324530.7134528 -0.711158275604248
1665324530.7183828 -0.706122875213623
1665324530.723466 -0.6847391128540039
1665324530.7277653 -0.6954727172851562
1665324530.7333927 -0.705169677734375
1665324530.7381663 -0.7068519592285156
1665324530.7426803 -0.6871414184570312
1665324530.7516642 -0.6988248825073242
1665324530.7526686 -0.7106657028198242
1665324530.7576916 -0.7079877853393555
1665324530.7626767 -0.6807117462158203
1665324530.7676346 -0.6780476570129395
1665324530.7726488 -0.6840596199035645
1665324530.777595 -0.684535026550293
1665324530.7825801 -0.6714987754821777
1665324530.7875676 -0.6844592094421387
1665324530.7925532 -0.692713737487793
1665324530.7975407 -0.6950736045837402
1665324530.802712 -0.6757450103759766
1665324530.8079414 -0.6884407997131348
1665324530.8126602 -0.6924920082092285
1665324530.8173933 -0.694176197052002
1665324530.8233955 -0.6811690330505371
1665324530.827113 -0.6924495697021484
1665324530.832103 -0.7048487663269043
1665324530.8373828 -0.7092642784118652
1665324530.8423872 -0.6895875930786133
1665324530.8473597 -0.696652889251709
1665324530.8522484 -0.7048797607421875
1665324530.8573081 -0.7114791870117188
1665324530.8622475 -0.7002754211425781
1665324530.8673453 -0.7052302360534668
1665324530.8722186 -0.7121210098266602
1665324530.8770337 -0.7070255279541016
1665324530.8824468 -0.6873898506164551
1665324530.8871715 -0.6953368186950684
1665324530.8920512 -0.6998023986816406
1665324530.8970432 -0.7055950164794922
1665324530.9016037 -0.6847724914550781
1665324530.9069102 -0.6904950141906738
1665324530.91136 -0.6966433525085449
1665324530.9166517 -0.7053236961364746
1665324530.9217117 -0.681065559387207
1665324530.9298434 -0.678246021270752
1665324530.9349287 -0.6915531158447266
1665324530.9398737 -0.6820535659790039
1665324530.945338 -0.6780910491943359
1665324530.963848 -0.6910910606384277
1665324530.96852 -0.6875171661376953
1665324530.9760354 -0.7046875953674316
1665324530.980863 -0.6871285438537598
1665324530.9872065 -0.691779613494873
1665324530.992261 -0.7041096687316895
1665324530.9972773 -0.7095913887023926
1665324531.0021791 -0.6859769821166992
1665324531.008401 -0.6935272216796875
1665324531.042052 -0.7096138000488281
1665324531.0500782 -0.6987571716308594
1665324531.0560682 -0.7113494873046875
1665324531.0610754 -0.6950187683105469
1665324531.0661204 -0.6952066421508789
1665324531.0715456 -0.6995654106140137
1665324531.076127 -0.7089066505432129
1665324531.0813751 -0.6881904602050781
1665324531.0864177 -0.6798005104064941
1665324531.0919628 -0.6833429336547852
1665324531.0960066 -0.6972231864929199
1665324531.1013052 -0.6820178031921387
1665324531.1053457 -0.6792659759521484
1665324531.1114335 -0.6856136322021484
1665324531.1161368 -0.700251579284668
1665324531.1215124 -0.6779088973999023
1665324531.12585 -0.6742978096008301
1665324531.1309497 -0.6830248832702637
1665324531.1359942 -0.7013816833496094
1665324531.140637 -0.6840248107910156
1665324531.145278 -0.6870565414428711
1665324531.150599 -0.6971530914306641
1665324531.1563625 -0.7119464874267578
1665324531.160507 -0.688868522644043
1665324531.165991 -0.6885528564453125
1665324531.1721168 -0.7006921768188477
1665324531.1778724 -0.7056050300598145
1665324531.1827905 -0.6899724006652832
1665324531.1877377 -0.7038774490356445
1665324531.1927724 -0.7177953720092773
1665324531.1977587 -0.7201991081237793
1665324531.2035317 -0.6945676803588867
1665324531.207368 -0.6945343017578125
1665324531.2119856 -0.700833797454834
1665324531.2172687 -0.7086172103881836
1665324531.222549 -0.6849336624145508
1665324531.232036 -0.6979794502258301
1665324531.237288 -0.7113857269287109
1665324531.2423122 -0.690096378326416
1665324531.2511418 -0.6925339698791504
1665324531.256078 -0.7027249336242676
1665324531.261973 -0.6757931709289551
1665324531.267513 -0.6843180656433105
1665324531.2732105 -0.6896514892578125
1665324531.277217 -0.695408821105957
1665324531.2823532 -0.6731967926025391
1665324531.2871873 -0.6732025146484375
1665324531.291932 -0.679624080657959
1665324531.2971468 -0.6890048980712891
1665324531.3024442 -0.6753835678100586
1665324531.3078196 -0.6928954124450684
1665324531.3129647 -0.7068328857421875
1665324531.325978 -0.7120141983032227
1665324531.3315184 -0.6979532241821289
1665324531.336013 -0.7160749435424805
1665324531.341599 -0.6942329406738281
1665324531.3472488 -0.7049117088317871
1665324531.3517234 -0.7141885757446289
1665324531.3569932 -0.7197456359863281
1665324531.362032 -0.6930832862854004
1665324531.3670387 -0.698173999786377
1665324531.3720665 -0.7010965347290039
1665324531.3763506 -0.7064709663391113
1665324531.3815541 -0.690392017364502
1665324531.387396 -0.6956219673156738
1665324531.3915594 -0.6996779441833496
1665324531.3975315 -0.7143359184265137
1665324531.4016988 -0.6939444541931152
1665324531.407357 -0.6900787353515625
1665324531.4110384 -0.6882095336914062
1665324531.4161763 -0.6996145248413086
1665324531.4216785 -0.676579475402832
1665324531.4265254 -0.6827888488769531
1665324531.430783 -0.6928038597106934
1665324531.4360766 -0.7037887573242188
1665324531.4407995 -0.6790704727172852
1665324531.4466257 -0.6755518913269043
1665324531.4516761 -0.6795916557312012
1665324531.456728 -0.6941547393798828
1665324531.4610865 -0.6790404319763184
1665324531.465967 -0.6811461448669434
1665324531.4721003 -0.693152904510498
1665324531.4766996 -0.7087311744689941
1665324531.4820292 -0.695742130279541
1665324531.4875333 -0.7008752822875977
1665324531.4919653 -0.7083911895751953
1665324531.4975274 -0.7125716209411621
1665324531.5029922 -0.6916170120239258
1665324531.5075276 -0.6965813636779785
1665324531.512064 -0.6988940238952637
1665324531.5163345 -0.7096548080444336
1665324531.5218153 -0.69061279296875
1665324531.5255606 -0.69219970703125
1665324531.531235 -0.6939225196838379
1665324531.5362186 -0.708531379699707
1665324531.5412054 -0.6900854110717773
1665324531.546192 -0.6987810134887695
1665324531.5512116 -0.710263729095459
1665324531.5585816 -0.724609375
1665324531.5605774 -0.7018203735351562
1665324531.572546 -0.6973862648010254
1665324531.572546 -0.6917548179626465
1665324531.5815222 -0.6985387802124023
1665324531.5825195 -0.6745471954345703
1665324531.588502 -0.673283576965332
1665324531.5914955 -0.6824445724487305
1665324531.5994742 -0.6981453895568848
1665324531.6064537 -0.6794719696044922
1665324531.6064537 -0.6807699203491211
1665324531.6114402 -0.68621826171875
1665324531.6164289 -0.691375732421875
1665324531.6214128 -0.6772751808166504
1665324531.6283946 -0.6812591552734375
1665324531.631386 -0.6952786445617676
1665324531.6360867 -0.7078266143798828
1665324531.6420712 -0.689030647277832
1665324531.6470573 -0.6925177574157715
1665324531.6530414 -0.7006187438964844
1665324531.6580288 -0.6999707221984863
1665324531.6620543 -0.6819405555725098
1665324531.668002 -0.6959681510925293
1665324531.672988 -0.709618091583252
1665324531.6769786 -0.715120792388916
1665324531.6819644 -0.7020363807678223
1665324531.686951 -0.7066764831542969
1665324531.6939309 -0.7102851867675781
1665324531.6969209 -0.707857608795166
1665324531.7029045 -0.6889939308166504
1665324531.7078917 -0.6932892799377441
1665324531.7118819 -0.7032113075256348
1665324531.7168686 -0.709174633026123
1665324531.7218537 -0.6942830085754395
1665324531.7268717 -0.6965789794921875
1665324531.73187 -0.7010087966918945
1665324531.7373595 -0.7002191543579102
1665324531.7412817 -0.672816276550293
1665324531.7473152 -0.6810822486877441
1665324531.7513072 -0.6893062591552734
1665324531.7555013 -0.6982455253601074
1665324531.761523 -0.6787176132202148
1665324531.7665093 -0.6843299865722656
1665324531.771495 -0.6897821426391602
1665324531.776483 -0.6969747543334961
1665324531.7814677 -0.6771912574768066
1665324531.7864184 -0.682375431060791
1665324531.79208 -0.6941447257995605
1665324531.7975414 -0.7100257873535156
1665324531.8022256 -0.6882009506225586
1665324531.806592 -0.6914811134338379
1665324531.8115852 -0.6944489479064941
1665324531.8168128 -0.7003698348999023
1665324531.8218243 -0.6762862205505371
1665324531.8264816 -0.6834683418273926
1665324531.8319595 -0.6968345642089844
1665324531.8373451 -0.7178926467895508
1665324531.8416069 -0.7040348052978516
1665324531.8476565 -0.7095127105712891
1665324531.8516438 -0.7134566307067871
1665324531.8574674 -0.7228026390075684
1665324531.8605945 -0.6978054046630859
1665324531.8667893 -0.6968307495117188
1665324531.8715935 -0.6965847015380859
1665324531.8766453 -0.7057404518127441
1665324531.880327 -0.6862854957580566
1665324531.8894014 -0.685605525970459
1665324531.8944826 -0.7015833854675293
1665324531.8997595 -0.698552131652832
1665324531.904097 -0.684715747833252
1665324531.9095 -0.6940469741821289
1665324531.9139893 -0.707700252532959
1665324531.9185317 -0.7035479545593262
1665324531.9238088 -0.6860084533691406
1665324531.9288008 -0.6933574676513672
1665324531.9339821 -0.7027883529663086
1665324531.9397795 -0.6969261169433594
1665324531.943573 -0.6722426414489746
1665324531.9865537 -0.6786594390869141
1665324531.9921122 -0.6991734504699707
1665324531.9975364 -0.7172207832336426
1665324532.002953 -0.699862003326416
1665324532.0076945 -0.704808235168457
1665324532.0135152 -0.7075328826904297
1665324532.017365 -0.7079944610595703
1665324532.0223129 -0.6860146522521973
1665324532.0283084 -0.6941843032836914
1665324532.033318 -0.7057795524597168
1665324532.0383356 -0.7143864631652832
1665324532.0443983 -0.6915349960327148
1665324532.0488281 -0.6985220909118652
1665324532.0539308 -0.7038712501525879
1665324532.0602188 -0.6893930435180664
1665324532.0654974 -0.6793255805969238
1665324532.0698187 -0.6858534812927246
1665324532.0754273 -0.6991372108459473
1665324532.0806937 -0.6858930587768555
1665324532.0879977 -0.6789884567260742
1665324532.0972633 -0.6986126899719238
1665324532.1020038 -0.6745948791503906
1665324532.1070092 -0.6752424240112305
1665324532.1122363 -0.6870517730712891
1665324532.1175168 -0.698451042175293
1665324532.1227865 -0.6772756576538086
1665324532.1275399 -0.6841902732849121
1665324532.1335409 -0.6967706680297852
1665324532.1385508 -0.7033281326293945
1665324532.1427748 -0.6863389015197754
1665324532.1490862 -0.6977519989013672
1665324532.1541011 -0.7080926895141602
1665324532.1593354 -0.7084779739379883
1665324532.1635547 -0.6870498657226562
1665324532.1694715 -0.6937885284423828
1665324532.173579 -0.7044267654418945
1665324532.1786602 -0.7054381370544434
1665324532.183694 -0.6862435340881348
1665324532.1885965 -0.6948685646057129
1665324532.1944938 -0.7062726020812988
1665324532.1984348 -0.7096719741821289
1665324532.2034245 -0.6927680969238281
1665324532.2100084 -0.700103759765625
1665324532.2139878 -0.7117104530334473
1665324532.2199697 -0.7006711959838867
1665324532.22432 -0.678992748260498
1665324532.2286632 -0.686309814453125
1665324532.2338724 -0.6925449371337891
1665324532.2392106 -0.6819686889648438
1665324532.2459915 -0.66827392578125
1665324532.2493622 -0.6820831298828125
1665324532.2544343 -0.6924633979797363
1665324532.25963 -0.687626838684082
1665324532.264331 -0.6711158752441406
1665324532.2691085 -0.682429313659668
1665324532.274658 -0.6988039016723633
1665324532.280406 -0.6948180198669434
1665324532.2849298 -0.6868042945861816
1665324532.2898219 -0.6952152252197266
1665324532.295022 -0.7052488327026367
1665324532.300101 -0.6940107345581055
1665324532.3047867 -0.6788315773010254
1665324532.3098543 -0.6899809837341309
1665324532.3152006 -0.7015962600708008
1665324532.3205228 -0.6925177574157715
1665324532.3250458 -0.6838812828063965
1665324532.3303592 -0.6978754997253418
1665324532.3355293 -0.7146315574645996
1665324532.3400576 -0.7088384628295898
1665324532.344935 -0.6990399360656738
1665324532.3502436 -0.7052173614501953
1665324532.3553977 -0.7223925590515137
1665324532.3602014 -0.7155756950378418
1665324532.365786 -0.7013235092163086
1665324532.3703275 -0.705223560333252
1665324532.375384 -0.7086734771728516
1665324532.3812413 -0.6859898567199707
1665324532.3855035 -0.6719827651977539
1665324532.389709 -0.6799960136413574
1665324532.3953805 -0.6974515914916992
1665324532.4004326 -0.6837339401245117
1665324532.4054885 -0.6758565902709961
1665324532.410036 -0.6877880096435547
1665324532.415055 -0.6999144554138184
1665324532.4200044 -0.6862888336181641
1665324532.426008 -0.6732616424560547
1665324532.430078 -0.6810603141784668
1665324532.4354815 -0.6988801956176758
1665324532.4401078 -0.695244312286377
1665324532.444854 -0.6855068206787109
1665324532.4499784 -0.7001419067382812
1665324532.4555128 -0.7180490493774414
1665324532.4602027 -0.7062149047851562
1665324532.4644706 -0.6805605888366699
1665324532.4695435 -0.684657096862793
1665324532.474788 -0.6974196434020996
1665324532.4798553 -0.6918835639953613
1665324532.4848914 -0.6809401512145996
1665324532.4897974 -0.6962285041809082
1665324532.4940765 -0.7093429565429688
1665324532.49955 -0.7036666870117188
1665324532.505549 -0.6943001747131348
1665324532.51007 -0.7040805816650391
1665324532.5142999 -0.7170872688293457
1665324532.5193686 -0.7145648002624512
1665324532.5264013 -0.6957168579101562
1665324532.5301042 -0.7068591117858887
1665324532.5349705 -0.7166519165039062
1665324532.5398426 -0.7001757621765137
1665324532.5450926 -0.6815376281738281
1665324532.5494258 -0.6876540184020996
1665324532.5547113 -0.694206714630127
1665324532.559356 -0.6889619827270508
1665324532.564969 -0.6750402450561523
1665324532.5697112 -0.6861004829406738
1665324532.5754368 -0.7020912170410156
1665324532.580001 -0.6927056312561035
1665324532.5847285 -0.6768298149108887
1665324532.5900135 -0.6852836608886719
1665324532.5947611 -0.6926102638244629
1665324532.599806 -0.6874203681945801
1665324532.6042871 -0.6708378791809082
1665324532.6094239 -0.6825551986694336
1665324532.6142359 -0.6946845054626465
1665324532.619364 -0.6865158081054688
1665324532.624188 -0.6742382049560547
1665324532.6291842 -0.6861844062805176
1665324532.6341693 -0.700810432434082
1665324532.646137 -0.7046794891357422
1665324532.6471348 -0.6934828758239746
1665324532.6491294 -0.7068519592285156
1665324532.6531174 -0.7190628051757812
1665324532.6581035 -0.7185778617858887
1665324532.6630898 -0.699005126953125
1665324532.6680763 -0.7038431167602539
1665324532.6730628 -0.7071380615234375
1665324532.6780832 -0.7053875923156738
1665324532.6880233 -0.6821169853210449
1665324532.6880233 -0.6972570419311523
1665324532.69301 -0.7088313102722168
1665324532.6979978 -0.7051258087158203
1665324532.7039804 -0.6889438629150391
1665324532.708969 -0.6943893432617188
1665324532.7129567 -0.700932502746582
1665324532.717943 -0.6958708763122559
1665324532.7239604 -0.6767764091491699
1665324532.7279167 -0.6855969429016113
1665324532.7378898 -0.6950902938842773
1665324532.7388873 -0.6905593872070312
1665324532.7438738 -0.6753497123718262
1665324532.748862 -0.6879496574401855
1665324532.753884 -0.7020359039306641
1665324532.7588353 -0.6966137886047363
1665324532.7638214 -0.6785440444946289
1665324532.7688084 -0.6871604919433594
1665324532.7737944 -0.7009320259094238
1665324532.778781 -0.69561767578125
1665324532.7837665 -0.6769237518310547
1665324532.7887528 -0.6840744018554688
1665324532.7937403 -0.690009593963623
1665324532.7987266 -0.6909809112548828
1665324532.808702 -0.6776294708251953
1665324532.808702 -0.6900491714477539
1665324532.8138523 -0.7093696594238281
1665324532.822817 -0.706148624420166
1665324532.823815 -0.6884598731994629
1665324532.8332996 -0.6972403526306152
1665324532.8332996 -0.7084164619445801
1665324532.8396611 -0.7019863128662109
1665324532.844639 -0.6873512268066406
1665324532.849625 -0.7001194953918457
1665324532.8546116 -0.7153544425964355
1665324532.8596308 -0.7024631500244141
1665324532.8637629 -0.6918158531188965
1665324532.8713832 -0.6979990005493164
1665324532.8753462 -0.7036862373352051
1665324532.8793366 -0.7010393142700195
1665324532.8843226 -0.6852250099182129
1665324532.8900845 -0.6977019309997559
1665324532.8950787 -0.7082347869873047
1665324532.9000967 -0.7003746032714844
1665324532.9047382 -0.6827101707458496
1665324532.9097192 -0.688723087310791
1665324532.9149334 -0.6937699317932129
1665324532.9199443 -0.6809825897216797
1665324532.9249501 -0.6666221618652344
1665324532.9297447 -0.6792774200439453
1665324532.9350066 -0.6992087364196777
1665324532.9400117 -0.700075626373291
1665324533.0035312 -0.6854977607727051
1665324533.0100505 -0.7001519203186035
1665324533.0160081 -0.7132606506347656
1665324533.0215383 -0.7015838623046875
1665324533.0253906 -0.6873259544372559
1665324533.031533 -0.6907525062561035
1665324533.0397427 -0.7009191513061523
1665324533.040964 -0.6841797828674316
1665324533.0472646 -0.681640625
1665324533.0536823 -0.7027630805969238
1665324533.059809 -0.7093667984008789
1665324533.0665686 -0.6893959045410156
1665324533.0715928 -0.6945047378540039
1665324533.0766513 -0.7051882743835449
1665324533.0817213 -0.6839437484741211
1665324533.0868618 -0.6759762763977051
1665324533.0909045 -0.6788949966430664
1665324533.097159 -0.7006568908691406
1665324533.1013627 -0.6872143745422363
1665324533.1058927 -0.6846103668212891
1665324533.1109154 -0.6898527145385742
1665324533.1161442 -0.7072896957397461
1665324533.121424 -0.693138599395752
1665324533.1261375 -0.6852798461914062
1665324533.1308978 -0.6927461624145508
1665324533.1361322 -0.7086372375488281
1665324533.1408873 -0.6959905624389648
1665324533.145968 -0.6926259994506836
1665324533.1515262 -0.697535514831543
1665324533.156109 -0.7140102386474609
1665324533.1611845 -0.6912336349487305
1665324533.165501 -0.681427001953125
1665324533.1707957 -0.6901216506958008
1665324533.176087 -0.7118706703186035
1665324533.1810942 -0.6915802955627441
1665324533.1861875 -0.6893353462219238
1665324533.1910646 -0.6950178146362305
1665324533.1967864 -0.7056674957275391
1665324533.2007668 -0.6900796890258789
1665324533.2059402 -0.6830282211303711
1665324533.2110696 -0.6916842460632324
1665324533.2163203 -0.7059369087219238
1665324533.2215104 -0.6907868385314941
1665324533.2259421 -0.6864280700683594
1665324533.2309263 -0.6935105323791504
1665324533.237005 -0.7121686935424805
1665324533.242256 -0.6882963180541992
1665324533.2462966 -0.6881418228149414
1665324533.251957 -0.6929721832275391
1665324533.2567892 -0.7098679542541504
1665324533.2617376 -0.691986083984375
1665324533.266559 -0.6908679008483887
1665324533.2714655 -0.6916923522949219
1665324533.2774956 -0.7052736282348633
1665324533.2817202 -0.6836309432983398
1665324533.2870111 -0.6772723197937012
1665324533.2911837 -0.6848492622375488
1665324533.2970488 -0.7042713165283203
1665324533.3022642 -0.6912622451782227
1665324533.3074055 -0.6937952041625977
1665324533.3112552 -0.6999197006225586
1665324533.3162634 -0.7145185470581055
1665324533.322034 -0.6914243698120117
1665324533.3265357 -0.6905384063720703
1665324533.3313696 -0.6974673271179199
1665324533.3364315 -0.7068643569946289
1665324533.344491 -0.6839933395385742
1665324533.3492088 -0.6891002655029297
1665324533.3537576 -0.6962466239929199
1665324533.3585174 -0.7050409317016602
1665324533.3638334 -0.6820387840270996
1665324533.3680997 -0.6858210563659668
1665324533.3733995 -0.693535327911377
1665324533.3788452 -0.7034111022949219
1665324533.3838682 -0.6856851577758789
1665324533.388891 -0.6906065940856934
1665324533.393102 -0.6978054046630859
1665324533.398147 -0.7011580467224121
1665324533.403364 -0.6788616180419922
1665324533.4080756 -0.687532901763916
1665324533.4135184 -0.6967306137084961
1665324533.418121 -0.7035408020019531
1665324533.4235318 -0.6836767196655273
1665324533.4281845 -0.6922650337219238
1665324533.4333646 -0.7001781463623047
1665324533.4379451 -0.7063360214233398
1665324533.444087 -0.6895718574523926
1665324533.448116 -0.6960673332214355
1665324533.4525964 -0.6995344161987305
1665324533.4578888 -0.7092132568359375
1665324533.4625304 -0.6920537948608398
1665324533.467826 -0.6947512626647949
1665324533.473135 -0.7028264999389648
1665324533.4772646 -0.7126121520996094
1665324533.4829295 -0.6868438720703125
1665324533.4904337 -0.6861071586608887
1665324533.4959533 -0.7048072814941406
1665324533.5012476 -0.6985683441162109
1665324533.5055559 -0.6841034889221191
1665324533.510749 -0.6926121711730957
1665324533.5155885 -0.6987748146057129
1665324533.5212789 -0.687777042388916
1665324533.5258026 -0.6730785369873047
1665324533.5302713 -0.682682991027832
1665324533.5350592 -0.6964254379272461
1665324533.539813 -0.6903119087219238
1665324533.5448282 -0.6860160827636719
1665324533.5508249 -0.6960954666137695
1665324533.5552807 -0.7062454223632812
1665324533.5600646 -0.702613353729248
1665324533.5652575 -0.6839866638183594
1665324533.5707715 -0.6897201538085938
1665324533.5748143 -0.6991562843322754
1665324533.5795193 -0.6966671943664551
1665324533.5854223 -0.6838059425354004
1665324533.5901477 -0.6960768699645996
1665324533.5941312 -0.7065410614013672
1665324533.5993226 -0.6984415054321289
1665324533.6045644 -0.6790652275085449
1665324533.6093986 -0.688359260559082
1665324533.6144042 -0.7039380073547363
1665324533.6194384 -0.7035455703735352
1665324533.624031 -0.6921606063842773
1665324533.6296966 -0.7034921646118164
1665324533.6344717 -0.7087078094482422
1665324533.6395013 -0.7047491073608398
1665324533.6443875 -0.6858024597167969
1665324533.64937 -0.6935057640075684
1665324533.6547682 -0.700350284576416
1665324533.6592593 -0.6997895240783691
1665324533.664196 -0.6836991310119629
1665324533.6687453 -0.6930384635925293
1665324533.674038 -0.7035913467407227
1665324533.6793275 -0.7008428573608398
1665324533.6843812 -0.6772031784057617
1665324533.689438 -0.6825480461120605
1665324533.6944032 -0.6951389312744141
1665324533.6990383 -0.6967706680297852
1665324533.7045288 -0.6783585548400879
1665324533.7094047 -0.6832656860351562
1665324533.7140927 -0.6961460113525391
1665324533.7200308 -0.6980352401733398
1665324533.7243092 -0.6794958114624023
1665324533.728262 -0.6842536926269531
1665324533.7335634 -0.6983551979064941
1665324533.7388387 -0.7054910659790039
1665324533.7438562 -0.6926474571228027
1665324533.7491245 -0.699547290802002
1665324533.7551627 -0.7084498405456543
1665324533.7581525 -0.7115364074707031
1665324533.7631001 -0.6848697662353516
1665324533.7680857 -0.6852669715881348
1665324533.7730715 -0.6917963027954102
1665324533.778059 -0.7002859115600586
1665324533.7840416 -0.681708812713623
1665324533.7920218 -0.6942472457885742
1665324533.7950134 -0.7060317993164062
1665324533.7985163 -0.7109198570251465
1665324533.8030126 -0.6878681182861328
1665324533.8105066 -0.6949787139892578
1665324533.814972 -0.7139401435852051
1665324533.8215158 -0.7035884857177734
1665324533.8294947 -0.6866869926452637
1665324533.834481 -0.7022542953491211
1665324533.8404648 -0.7005143165588379
1665324533.8444843 -0.6771731376647949
1665324533.8494382 -0.6870684623718262
1665324533.8554225 -0.696258544921875
1665324533.8594124 -0.694098949432373
1665324533.864078 -0.6853547096252441
1665324533.8700624 -0.6951589584350586
1665324533.8750498 -0.703394889831543
1665324533.879038 -0.6982612609863281
1665324533.891039 -0.6784205436706543
1665324533.891039 -0.6915059089660645
1665324533.8969905 -0.7014846801757812
1665324533.8989851 -0.698002815246582
1665324533.9059665 -0.6828117370605469
1665324533.911992 -0.6942939758300781
1665324533.914945 -0.7068881988525391
1665324533.921188 -0.703096866607666
1665324533.9271739 -0.6916012763977051
1665324533.9302442 -0.6991310119628906
1665324533.936193 -0.7080965042114258
1665324533.9398522 -0.7035999298095703
1665324533.975734 -0.6879358291625977
1665324533.9956455 -0.7030034065246582
1665324534.0030558 -0.690000057220459
1665324534.0077949 -0.6869382858276367
1665324534.0145037 -0.6919622421264648
1665324534.0216212 -0.6882424354553223
1665324534.0277164 -0.678403377532959
1665324534.0326858 -0.6936740875244141
1665324534.0380664 -0.7026677131652832
1665324534.0432203 -0.6806788444519043
1665324534.049712 -0.6886839866638184
1665324534.0560935 -0.6993045806884766
1665324534.0619478 -0.6865806579589844
1665324534.0672247 -0.68609619140625
1665324534.073534 -0.6980938911437988
1665324534.0798967 -0.7086753845214844
1665324534.0901399 -0.6873369216918945
1665324534.1107173 -0.6870841979980469
1665324534.1155612 -0.699286937713623
1665324534.132833 -0.6922392845153809
1665324534.1391468 -0.7078762054443359
1665324534.145125 -0.6904478073120117
1665324534.1513755 -0.7032427787780762
1665324534.1591673 -0.7096242904663086
1665324534.1674411 -0.6872463226318359
1665324534.1754086 -0.6849288940429688
1665324534.1802588 -0.6835880279541016
1665324534.1855366 -0.6677684783935547
1665324534.1892407 -0.6806540489196777
1665324534.1951098 -0.6974196434020996
1665324534.2003965 -0.6970176696777344
1665324534.2046862 -0.676048755645752
1665324534.2093709 -0.6876540184020996
1665324534.215448 -0.6990251541137695
1665324534.2203908 -0.6960735321044922
1665324534.225392 -0.6904397010803223
1665324534.2314065 -0.7012786865234375
1665324534.2355185 -0.7153282165527344
1665324534.2414014 -0.7054014205932617
1665324534.2561038 -0.7003517150878906
1665324534.2561038 -0.7077822685241699
1665324534.2613015 -0.6933746337890625
1665324534.2659347 -0.6794962882995605
1665324534.2716959 -0.6942415237426758
1665324534.2755828 -0.7121038436889648
1665324534.281399 -0.7020306587219238
1665324534.2914076 -0.6878600120544434
1665324534.2969902 -0.7067131996154785
1665324534.3017309 -0.6880068778991699
1665324534.306939 -0.6788511276245117
1665324534.3114312 -0.6866884231567383
1665324534.3163798 -0.7023906707763672
1665324534.3212006 -0.6884794235229492
1665324534.3262203 -0.6784257888793945
1665324534.3314073 -0.6850557327270508
1665324534.3367038 -0.6960020065307617
1665324534.3448133 -0.6772804260253906
1665324534.3499126 -0.6958808898925781
1665324534.3554757 -0.7098875045776367
1665324534.3595555 -0.7093796730041504
1665324534.3653967 -0.6938314437866211
1665324534.3700218 -0.6985926628112793
1665324534.3745801 -0.7076220512390137
1665324534.380046 -0.6977138519287109
1665324534.3855228 -0.6790151596069336
1665324534.3899295 -0.6888890266418457
1665324534.3943472 -0.7008142471313477
1665324534.399637 -0.7052016258239746
1665324534.4049146 -0.6895780563354492
1665324534.409208 -0.6973681449890137
1665324534.4152868 -0.7053718566894531
1665324534.4200318 -0.7077288627624512
1665324534.4252279 -0.6870517730712891
1665324534.4293768 -0.6956400871276855
1665324534.4344127 -0.7084307670593262
1665324534.4395382 -0.7126812934875488
1665324534.4436672 -0.6938138008117676
1665324534.4507172 -0.7007002830505371
1665324534.4543858 -0.7047243118286133
1665324534.459358 -0.7018241882324219
1665324534.4641058 -0.6763396263122559
1665324534.4693668 -0.6825990676879883
1665324534.4743884 -0.68896484375
1665324534.479437 -0.6964974403381348
1665324534.4836476 -0.6800928115844727
1665324534.4897568 -0.6836438179016113
1665324534.493758 -0.6940388679504395
1665324534.4992511 -0.6976637840270996
1665324534.5041041 -0.6736297607421875
1665324534.5090194 -0.6754860877990723
1665324534.5136003 -0.6859197616577148
1665324534.5195863 -0.6982645988464355
1665324534.5236106 -0.6775031089782715
1665324534.5288508 -0.6832189559936523
1665324534.5338378 -0.6929912567138672
1665324534.5400975 -0.699775218963623
1665324534.543228 -0.6810646057128906
1665324534.54939 -0.6908535957336426
1665324534.5541387 -0.6999564170837402
1665324534.5593953 -0.7117352485656738
1665324534.563891 -0.690157413482666
1665324534.568196 -0.6974515914916992
1665324534.5734065 -0.7036452293395996
1665324534.5784082 -0.7133350372314453
1665324534.5832658 -0.6924347877502441
1665324534.5894272 -0.6992793083190918
1665324534.5937433 -0.7061796188354492
1665324534.599757 -0.7115039825439453
1665324534.6035485 -0.6953182220458984
1665324534.6090395 -0.7000713348388672
1665324534.6137953 -0.7055377960205078
1665324534.618265 -0.7091937065124512
1665324534.6234698 -0.6832833290100098
1665324534.6284192 -0.6872053146362305
1665324534.6334028 -0.6939101219177246
1665324534.6383893 -0.7046909332275391
1665324534.6428864 -0.6836977005004883
1665324534.648154 -0.686490535736084
1665324534.6531355 -0.6887412071228027
1665324534.6581311 -0.6938109397888184
1665324534.6630967 -0.6710858345031738
1665324534.6680884 -0.6730713844299316
1665324534.6733108 -0.6826992034912109
1665324534.6781757 -0.6979012489318848
1665324534.6833403 -0.6802306175231934
1665324534.688124 -0.683596134185791
1665324534.6926963 -0.6932821273803711
1665324534.6979573 -0.7072896957397461
1665324534.7030566 -0.6846880912780762
1665324534.7080202 -0.6864557266235352
1665324534.7130222 -0.6926488876342773
1665324534.7174954 -0.7119512557983398
1665324534.722691 -0.6903209686279297
1665324534.7274537 -0.6894769668579102
1665324534.7325776 -0.698523998260498
1665324534.7375553 -0.71209716796875
1665324534.7429688 -0.6938924789428711
1665324534.747971 -0.6981525421142578
1665324534.7530007 -0.7054328918457031
1665324534.7581952 -0.7185487747192383
1665324534.7629776 -0.7006363868713379
1665324534.7709522 -0.7024435997009277
1665324534.7767968 -0.71453857421875
1665324534.7810688 -0.6980929374694824
1665324534.7861326 -0.6812543869018555
1665324534.7914107 -0.6916723251342773
1665324534.8004048 -0.7065553665161133
1665324534.8014052 -0.6939654350280762
1665324534.8063931 -0.6771230697631836
1665324534.8113728 -0.6849441528320312
1665324534.8153877 -0.6955995559692383
1665324534.8203847 -0.6864919662475586
1665324534.825359 -0.6727409362792969
1665324534.8303456 -0.682856559753418
1665324534.8363001 -0.6922988891601562
1665324534.841318 -0.682985782623291
1665324534.846274 -0.6769561767578125
1665324534.851511 -0.6877584457397461
1665324534.8562796 -0.7022647857666016
1665324534.861254 -0.6919617652893066
1665324534.8652425 -0.6770367622375488
1665324534.8712256 -0.6863670349121094
1665324534.8752148 -0.7052841186523438
1665324534.880202 -0.6979846954345703
1665324534.888182 -0.6889948844909668
1665324534.9011462 -0.6970310211181641
1665324534.9011462 -0.7135868072509766
1665324534.9011462 -0.7009515762329102
1665324534.9051368 -0.6872925758361816
1665324534.911121 -0.7011337280273438
1665324534.9185987 -0.7159032821655273
1665324534.9200964 -0.7090492248535156
1665324534.9280753 -0.6950974464416504
1665324534.9300702 -0.7051563262939453
1665324534.9385874 -0.7138895988464355
1665324534.9405758 -0.7115716934204102
1665324534.9465606 -0.6927251815795898
1665324534.9751248 -0.6901750564575195
1665324534.9761238 -0.700469970703125
1665324534.982758 -0.6804847717285156
1665324534.9867828 -0.6769466400146484
1665324534.9917333 -0.6874260902404785
1665324535.0066943 -0.6800332069396973
1665324535.0107086 -0.6897492408752441
1665324535.0216544 -0.7035565376281738
1665324535.0237436 -0.6731395721435547
1665324535.0287323 -0.6739401817321777
1665324535.0345337 -0.6853618621826172
1665324535.03952 -0.6932854652404785
1665324535.0484967 -0.6777300834655762
1665324535.05551 -0.6985855102539062
1665324535.0604644 -0.699831485748291
1665324535.06604 -0.6867952346801758
1665324535.0720396 -0.6996750831604004
1665324535.0766323 -0.7107234001159668
1665324535.0818624 -0.69830322265625
1665324535.08706 -0.693213939666748
1665324535.0923128 -0.7048368453979492
1665324535.098045 -0.7189249992370605
1665324535.1030877 -0.6983270645141602
1665324535.1077857 -0.6939377784729004
1665324535.1131551 -0.6983461380004883
1665324535.1181877 -0.7156076431274414
1665324535.1234374 -0.6943631172180176
1665324535.1287048 -0.6993875503540039
1665324535.1342576 -0.7039918899536133
1665324535.139586 -0.7123584747314453
1665324535.1464896 -0.6883172988891602
1665324535.1516638 -0.6844663619995117
1665324535.1576228 -0.6969738006591797
1665324535.1640966 -0.6758651733398438
1665324535.1690073 -0.6793298721313477
1665324535.17408 -0.6913533210754395
1665324535.1853716 -0.6984186172485352
1665324535.1919098 -0.6799097061157227
1665324535.1962304 -0.6951656341552734
1665324535.2012343 -0.6912369728088379
1665324535.2060385 -0.6748843193054199
1665324535.2114286 -0.6840553283691406
1665324535.2160454 -0.6979508399963379
1665324535.2209532 -0.6958103179931641
1665324535.2265856 -0.6790504455566406
1665324535.2308447 -0.6914396286010742
1665324535.235985 -0.7040472030639648
1665324535.2412858 -0.701725959777832
1665324535.2463312 -0.6948537826538086
1665324535.2513895 -0.7083244323730469
1665324535.256668 -0.721738338470459
1665324535.2606585 -0.7131104469299316
1665324535.2661586 -0.6958127021789551
1665324535.2715232 -0.7025418281555176
1665324535.2759385 -0.7132787704467773
1665324535.2815347 -0.7048273086547852
1665324535.2854514 -0.6906270980834961
1665324535.290447 -0.7031993865966797
1665324535.2966344 -0.7172565460205078
1665324535.3011253 -0.7021055221557617
1665324535.3061795 -0.6818509101867676
1665324535.311178 -0.6852025985717773
1665324535.3161554 -0.6956315040588379
1665324535.3214045 -0.6907482147216797
1665324535.3258247 -0.6736774444580078
1665324535.3314462 -0.6836647987365723
1665324535.3361862 -0.6956391334533691
1665324535.3407457 -0.6946086883544922
1665324535.3461506 -0.6793270111083984
1665324535.3510308 -0.6867289543151855
1665324535.3560553 -0.6985306739807129
1665324535.3608017 -0.6947221755981445
1665324535.3658502 -0.684788703918457
1665324535.3719358 -0.6966552734375
1665324535.3759854 -0.7132740020751953
1665324535.3819916 -0.6987133026123047
1665324535.3855748 -0.680689811706543
1665324535.390132 -0.6907997131347656
1665324535.3971794 -0.7009587287902832
1665324535.4019673 -0.6849069595336914
1665324535.4075427 -0.6770768165588379
1665324535.4133935 -0.6884307861328125
1665324535.4173958 -0.7119369506835938
1665324535.422354 -0.6996269226074219
1665324535.427823 -0.6929664611816406
1665324535.4325655 -0.6994938850402832
1665324535.4375114 -0.7149777412414551
1665324535.4421253 -0.7000637054443359
1665324535.44743 -0.6912040710449219
1665324535.451656 -0.7001943588256836
1665324535.4572134 -0.7130298614501953
1665324535.4622605 -0.6956648826599121
1665324535.4673827 -0.6852421760559082
1665324535.4724038 -0.6910343170166016
1665324535.4764962 -0.701418399810791
1665324535.482542 -0.6894898414611816
1665324535.4875946 -0.6847963333129883
1665324535.4915743 -0.6998844146728516
1665324535.4978204 -0.7133793830871582
1665324535.5017629 -0.7023115158081055
1665324535.5074165 -0.6832542419433594
1665324535.5121331 -0.6886281967163086
1665324535.516362 -0.6975512504577637
1665324535.5215862 -0.6840357780456543
1665324535.5261397 -0.669795036315918
1665324535.5317526 -0.6799650192260742
1665324535.5355153 -0.6984977722167969
1665324535.5411785 -0.6911249160766602
1665324535.5461516 -0.678278923034668
1665324535.5514526 -0.6901774406433105
1665324535.5561538 -0.7040390968322754
1665324535.561355 -0.6955432891845703
1665324535.5662801 -0.6831645965576172
1665324535.5716324 -0.6971926689147949
1665324535.5762286 -0.7129931449890137
1665324535.5815172 -0.7055091857910156
1665324535.5865524 -0.6930456161499023
1665324535.5913582 -0.6974825859069824
1665324535.5999653 -0.7059216499328613
1665324535.600779 -0.7006301879882812
1665324535.606017 -0.6857237815856934
1665324535.610605 -0.6977500915527344
1665324535.6155915 -0.7122373580932617
1665324535.6207232 -0.7038326263427734
1665324535.6258829 -0.6817502975463867
1665324535.631547 -0.6909322738647461
1665324535.6355193 -0.7032546997070312
1665324535.6402504 -0.6987524032592773
1665324535.6456864 -0.6830282211303711
1665324535.6509726 -0.6965312957763672
1665324535.6559842 -0.7041459083557129
1665324535.6602764 -0.7055025100708008
1665324535.6657686 -0.6858100891113281
1665324535.670491 -0.694788932800293
1665324535.6755645 -0.6973896026611328
1665324535.6805668 -0.6932806968688965
1665324535.685591 -0.6815519332885742
1665324535.6900125 -0.6888995170593262
1665324535.695449 -0.6973171234130859
1665324535.7030447 -0.702181339263916
1665324535.7057557 -0.6815567016601562
1665324535.7096677 -0.6844158172607422
1665324535.7155542 -0.6952066421508789
1665324535.7215483 -0.6979589462280273
1665324535.7250576 -0.6834044456481934
1665324535.7321246 -0.696070671081543
1665324535.7373939 -0.7159910202026367
1665324535.7419436 -0.7066936492919922
1665324535.7477138 -0.6953372955322266
1665324535.753457 -0.6957635879516602
1665324535.7575524 -0.7060947418212891
1665324535.7625458 -0.685081958770752
1665324535.7676477 -0.6775941848754883
1665324535.772938 -0.6847524642944336
1665324535.777594 -0.7042794227600098
1665324535.7826688 -0.6992254257202148
1665324535.7873445 -0.6933760643005371
1665324535.7926166 -0.7022862434387207
1665324535.7975826 -0.713660717010498
1665324535.8035738 -0.6954855918884277
1665324535.8075752 -0.6824612617492676
1665324535.812561 -0.6904301643371582
1665324535.8165884 -0.704139232635498
1665324535.8215754 -0.689763069152832
1665324535.826522 -0.6754984855651855
1665324535.8315501 -0.6773591041564941
1665324535.836528 -0.6924343109130859
1665324535.8414857 -0.6832494735717773
1665324535.8464897 -0.6798739433288574
1665324535.8514664 -0.6986293792724609
1665324535.8564727 -0.7148427963256836
1665324535.8614285 -0.711970329284668
1665324535.866392 -0.7007699012756348
1665324535.8715281 -0.7082443237304688
1665324535.876243 -0.717864990234375
1665324535.8816397 -0.7048425674438477
1665324535.8872523 -0.6864643096923828
1665324535.891431 -0.6905102729797363
1665324535.8970413 -0.7078399658203125
1665324535.9016852 -0.6986250877380371
1665324535.9063895 -0.6834311485290527
1665324535.9111185 -0.6887516975402832
1665324535.9168363 -0.7025628089904785
1665324535.921844 -0.6909713745117188
1665324535.9262786 -0.6773014068603516
1665324535.931398 -0.6933455467224121
1665324535.9374042 -0.7100181579589844
1665324535.9428644 -0.7051849365234375
1665324535.9878244 -0.6946620941162109
1665324536.0087662 -0.6857810020446777
1665324536.0137532 -0.6961688995361328
1665324536.0187402 -0.7084331512451172
1665324536.0257215 -0.689424991607666
1665324536.0297112 -0.7014727592468262
1665324536.036692 -0.7078475952148438
1665324536.0396838 -0.700232982635498
1665324536.0446725 -0.681788444519043
1665324536.0526495 -0.6906089782714844
1665324536.0616252 -0.7105627059936523
1665324536.0626614 -0.6953039169311523
1665324536.067609 -0.692204475402832
1665324536.072596 -0.6976089477539062
1665324536.078638 -0.7128934860229492
1665324536.084207 -0.6916260719299316
1665324536.0932722 -0.6998372077941895
1665324536.1031647 -0.6931424140930176
1665324536.1126952 -0.690253734588623
1665324536.1186419 -0.695502758026123
1665324536.131989 -0.6674480438232422
1665324536.1349812 -0.6841259002685547
1665324536.1400006 -0.6856145858764648
1665324536.1499915 -0.6762781143188477
1665324536.1499915 -0.6995000839233398
1665324536.1569223 -0.7167930603027344
1665324536.161909 -0.7050375938415527
1665324536.1668963 -0.6839156150817871
1665324536.172912 -0.6926045417785645
1665324536.1779084 -0.7100329399108887
1665324536.1828156 -0.6952114105224609
1665324536.1887252 -0.6956615447998047
1665324536.1936793 -0.694572925567627
1665324536.199663 -0.7064943313598633
1665324536.2026553 -0.6853542327880859
1665324536.20903 -0.6885662078857422
1665324536.2148707 -0.6984057426452637
1665324536.21868 -0.7151584625244141
1665324536.2236636 -0.6974844932556152
1665324536.2281206 -0.7026243209838867
1665324536.2336793 -0.7107877731323242
1665324536.2380626 -0.7242355346679688
1665324536.2439911 -0.6960663795471191
1665324536.2496717 -0.6986360549926758
1665324536.2539337 -0.701392650604248
1665324536.259492 -0.7073259353637695
1665324536.2642999 -0.6842427253723145
1665324536.26978 -0.6846771240234375
1665324536.274399 -0.6898660659790039
1665324536.2800953 -0.692990779876709
1665324536.2844765 -0.6690406799316406
1665324536.2925177 -0.6758761405944824
1665324536.2959256 -0.6873407363891602
1665324536.3004992 -0.6968941688537598
1665324536.305054 -0.6817102432250977
1665324536.3097796 -0.6819047927856445
1665324536.3165321 -0.6873359680175781
1665324536.3200238 -0.6893372535705566
1665324536.3250186 -0.664616584777832
1665324536.3300636 -0.6691322326660156
1665324536.334959 -0.6826252937316895
1665324536.3404322 -0.6975393295288086
1665324536.3472295 -0.6871843338012695
1665324536.3525894 -0.7029514312744141
1665324536.3573325 -0.7187461853027344
1665324536.3623354 -0.7012686729431152
1665324536.3676102 -0.6876730918884277
1665324536.373106 -0.700472354888916
1665324536.3783605 -0.7124366760253906
1665324536.3829927 -0.6987690925598145
1665324536.3880897 -0.6990871429443359
1665324536.4008708 -0.7076482772827148
1665324536.4060857 -0.6887707710266113
1665324536.4109738 -0.6946978569030762
1665324536.4192235 -0.7027788162231445
1665324536.4207177 -0.7036738395690918
1665324536.4258435 -0.6912579536437988
1665324536.4311407 -0.6967206001281738
1665324536.436121 -0.7082629203796387
1665324536.4408135 -0.6996774673461914
1665324536.44548 -0.6779565811157227
1665324536.4507773 -0.6868858337402344
1665324536.4559171 -0.6978569030761719
1665324536.461691 -0.697425365447998
1665324536.4669747 -0.6705894470214844
1665324536.4719863 -0.6787381172180176
1665324536.4762692 -0.6903247833251953
1665324536.482346 -0.6828708648681641
1665324536.4874 -0.6690716743469238
1665324536.4915571 -0.6793303489685059
1665324536.496779 -0.6934032440185547
1665324536.5015638 -0.6946883201599121
1665324536.5064244 -0.6817626953125
1665324536.510894 -0.6919617652893066
1665324536.517083 -0.7052736282348633
1665324536.521542 -0.6988630294799805
1665324536.525845 -0.6765131950378418
1665324536.5315163 -0.6907401084899902
1665324536.536038 -0.7049560546875
1665324536.5407364 -0.7060532569885254
1665324536.5459726 -0.6942138671875
1665324536.5501149 -0.7076902389526367
1665324536.5563896 -0.7138385772705078
1665324536.56083 -0.7101807594299316
1665324536.5659404 -0.6943840980529785
1665324536.570753 -0.7099723815917969
1665324536.5760052 -0.7144584655761719
1665324536.5802684 -0.7175521850585938
1665324536.585757 -0.7014708518981934
1665324536.592033 -0.7093672752380371
1665324536.5956829 -0.7153730392456055
1665324536.6003554 -0.7140083312988281
1665324536.6060927 -0.6843838691711426
1665324536.6101253 -0.6830945014953613
1665324536.6156063 -0.686737060546875
1665324536.6237338 -0.6891846656799316
1665324536.625743 -0.669379711151123
1665324536.6300824 -0.6771097183227539
1665324536.6355047 -0.6902742385864258
1665324536.6401331 -0.6895580291748047
1665324536.6450381 -0.6705431938171387
1665324536.6501002 -0.6810359954833984
1665324536.6549459 -0.6949939727783203
1665324536.659947 -0.6989326477050781
1665324536.6649706 -0.6767668724060059
1665324536.6699445 -0.6815276145935059
1665324536.6752994 -0.685737133026123
1665324536.6794837 -0.6908998489379883
1665324536.6852744 -0.6705288887023926
1665324536.692117 -0.6735563278198242
1665324536.696869 -0.6967296600341797
1665324536.7014985 -0.6965732574462891
1665324536.7071457 -0.6910009384155273
1665324536.7114096 -0.7074570655822754
1665324536.7165446 -0.7218489646911621
1665324536.722006 -0.7157120704650879
1665324536.726808 -0.6979570388793945
1665324536.7319903 -0.7084035873413086
1665324536.7369373 -0.7187938690185547
1665324536.7421107 -0.7073602676391602
1665324536.7471662 -0.6988859176635742
1665324536.7522223 -0.7107806205749512
1665324536.7564986 -0.7180047035217285
1665324536.76176 -0.7077407836914062
1665324536.766721 -0.6841168403625488
1665324536.7718377 -0.6841835975646973
1665324536.7763813 -0.6940107345581055
1665324536.781796 -0.6888628005981445
1665324536.7863383 -0.6791424751281738
1665324536.7915883 -0.6877431869506836
1665324536.7969313 -0.7006726264953613
1665324536.8014991 -0.6898622512817383
1665324536.806553 -0.6706352233886719
1665324536.8114476 -0.6825084686279297
1665324536.8167405 -0.6900405883789062
1665324536.8207479 -0.6781005859375
1665324536.8257577 -0.6651120185852051
1665324536.8307445 -0.6799478530883789
1665324536.8357315 -0.6995387077331543
1665324536.840717 -0.6962070465087891
1665324536.845704 -0.6793608665466309
1665324536.850691 -0.6846771240234375
1665324536.8560226 -0.6975669860839844
1665324536.861093 -0.7048301696777344
1665324536.8657765 -0.6933045387268066
1665324536.8715222 -0.699702262878418
1665324536.8760421 -0.7097787857055664
1665324536.8810956 -0.7062959671020508
1665324536.8861563 -0.6847596168518066
1665324536.8915462 -0.6902189254760742
1665324536.8960133 -0.6987128257751465
1665324536.9008543 -0.6997385025024414
1665324536.9059918 -0.6839776039123535
1665324536.9105248 -0.6969618797302246
1665324536.915436 -0.7096195220947266
1665324536.920759 -0.7134618759155273
1665324536.9252777 -0.6931328773498535
1665324536.9303825 -0.6977725028991699
1665324536.9355202 -0.7050809860229492
1665324536.9402933 -0.7103061676025391
1665324536.945072 -0.6895432472229004
1665324536.9503407 -0.6959905624389648
1665324536.9633484 -0.7045316696166992
1665324536.9703147 -0.6729154586791992
1665324536.9756215 -0.6805191040039062
1665324536.9802065 -0.688927173614502
1665324536.9851198 -0.6673226356506348
1665324536.990479 -0.6810274124145508
1665324536.9975147 -0.7048516273498535
1665324537.001966 -0.7002625465393066
1665324537.0068457 -0.6880397796630859
1665324537.0135126 -0.6916999816894531
1665324537.0191433 -0.7014780044555664
1665324537.023495 -0.6839122772216797
1665324537.0279777 -0.6808271408081055
1665324537.0332775 -0.6913919448852539
1665324537.0396755 -0.7144837379455566
1665324537.045512 -0.6975812911987305
1665324537.0518794 -0.6996870040893555
1665324537.057827 -0.7097039222717285
1665324537.0671587 -0.7045679092407227
1665324537.0733576 -0.6983518600463867
1665324537.0900862 -0.7111630439758301
1665324537.1030562 -0.7006711959838867
1665324537.1120303 -0.6843070983886719
1665324537.1240017 -0.6869783401489258
