0.667927544, -1.0936219692230225
0.669919101, -1.0956780910491943
0.671942767, -1.1339688301086426
0.673949432, -1.139375925064087
0.675979909, -1.138272762298584
0.678022753, -1.1105611324310303
0.680019242, -1.0854549407958984
0.682076669, -1.113999366760254
0.684101199, -1.12441086769104
0.686105107, -1.1203489303588867
0.688141301, -1.1004762649536133
0.690158836, -1.1132380962371826
0.69226144, -1.135725736618042
0.694279185, -1.1502618789672852
0.696322828, -1.1396098136901855
0.698361141, -1.1025581359863281
0.700384806, -1.1061599254608154
0.70250193, -1.1372816562652588
0.704504663, -1.143739938735962
0.7065514, -1.1242835521697998
0.708576504, -1.1134145259857178
0.71058612, -1.1299612522125244
0.712626045, -1.1484863758087158
0.714634422, -1.1520795822143555
0.716641457, -1.1270935535430908
0.71869455, -1.113858699798584
0.720734808, -1.10640287399292
0.722763039, -1.1331186294555664
0.724781795, -1.1361544132232666
0.72685727, -1.1045913696289062
0.728859572, -1.0952849388122559
0.731618558, -1.127770185470581
0.733668928, -1.1376569271087646
0.736195178, -1.130234718322754
0.738232733, -1.0933384895324707
0.740244494, -1.0962038040161133
0.742312411, -1.1069610118865967
0.744319225, -1.1083452701568604
0.746346106, -1.0831468105316162
0.748802161, -1.083641529083252
0.751381359, -1.1035261154174805
0.753397758, -1.1264336109161377
0.755372474, -1.1317250728607178
0.757423631, -1.1095466613769531
0.759527148, -1.0922350883483887
0.763562003, -1.1098828315734863
0.765591718, -1.1119589805603027
0.76764074, -1.0998308658599854
0.769819733, -1.1009399890899658
0.771847656, -1.1289143562316895
0.773888108, -1.1419947147369385
0.775957383, -1.1309287548065186
0.777987297, -1.0930297374725342
0.780001011, -1.0858354568481445
0.782060784, -1.1111421585083008
0.784238921, -1.1258981227874756
0.78698449, -1.1069049835205078
0.789206363, -1.0913176536560059
0.791011634, -1.1243388652801514
0.793084717, -1.1308543682098389
0.795078841, -1.1427698135375977
0.797111772, -1.1089777946472168
0.799757015, -1.0929019451141357
0.80281879, -1.1273913383483887
0.804994681, -1.1311829090118408
0.806837206, -1.108586311340332
0.808972156, -1.100959062576294
0.810917187, -1.1213862895965576
0.812957167, -1.1238696575164795
0.814985483, -1.142850399017334
0.817069651, -1.1196818351745605
0.819024219, -1.090646505355835
0.821089124, -1.1045806407928467
0.823637369, -1.1152033805847168
0.828266975, -1.1146986484527588
0.830149428, -1.106743574142456
0.83217822, -1.140641450881958
0.834239918, -1.1562843322753906
0.83641764, -1.1419427394866943
0.838468527, -1.110642910003662
0.840545855, -1.122239351272583
0.843198858, -1.140904426574707
0.845135354, -1.1311671733856201
0.847435454, -1.1293551921844482
0.849566586, -1.11749267578125
0.85159385, -1.1396269798278809
0.855090452, -1.1496944427490234
0.857222404, -1.1403591632843018
0.861129608, -1.1052625179290771
0.863253362, -1.1356067657470703
0.865456606, -1.1101815700531006
0.867477186, -1.1109044551849365
0.869618681, -1.1036007404327393
0.871967286, -1.133239984512329
0.8742196, -1.1585423946380615
0.875964423, -1.151115894317627
0.878032842, -1.1063480377197266
0.880013296, -1.1019208431243896
0.882056676, -1.130488634109497
0.884099117, -1.1287760734558105
0.886095312, -1.116943120956421
0.888152619, -1.1126203536987305
0.890860948, -1.1134357452392578
0.892288226, -1.1292247772216797
0.894361783, -1.1433897018432617
0.896386627, -1.14524507522583
0.898479467, -1.1112079620361328
0.900568894, -1.1146609783172607
0.902616679, -1.1190950870513916
0.904628538, -1.1315031051635742
0.906852848, -1.1211001873016357
0.908927599, -1.1035246849060059
0.911071458, -1.1267969608306885
0.913141998, -1.1348752975463867
0.915204559, -1.1352834701538086
0.918446639, -1.1079323291778564
0.923200463, -1.1236445903778076
0.926214014, -1.1070663928985596
0.928206159, -1.1028265953063965
0.930239982, -1.1132056713104248
0.932266016, -1.1374657154083252
0.9343166, -1.1524157524108887
0.936308348, -1.1265673637390137
0.938366541, -1.0974304676055908
0.940426547, -1.0873894691467285
0.942765532, -1.1089763641357422
0.945386769, -1.0993502140045166
0.947383846, -1.0978052616119385
0.950774594, -1.0876977443695068
0.952795986, -1.1330897808074951
0.95494356, -1.1403212547302246
0.957084295, -1.1215424537658691
0.959739458, -1.0940287113189697
0.96265882, -1.1230666637420654
0.965713017, -1.1040220260620117
0.967257354, -1.101752519607544
0.969478458, -1.093048334121704
0.973992843, -1.1254417896270752
0.976105085, -1.1291253566741943
0.979238496, -1.0958080291748047
0.982945592, -1.113935947418213
0.98508991, -1.1197459697723389
0.987067403, -1.107442855834961
0.997728006, -1.092864990234375
0.999759997, -1.0895752906799316
1.001950477, -1.1260275840759277
1.004149885, -1.1276967525482178
1.006153805, -1.122361660003662
1.008204979, -1.1139929294586182
1.010242587, -1.1149194240570068
1.01228607, -1.1333611011505127
1.014325749, -1.1496508121490479
1.016351827, -1.1293134689331055
1.018480761, -1.0996201038360596
1.020693135, -1.106938123703003
1.022642215, -1.1207706928253174
1.024687196, -1.1084356307983398
1.026716472, -1.103205919265747
1.028812743, -1.0959253311157227
1.030875817, -1.1215143203735352
1.032872113, -1.141956090927124
1.03492804, -1.1531872749328613
1.037048073, -1.121307611465454
1.038964054, -1.0774385929107666
1.040982992, -1.1094138622283936
1.043075952, -1.1345279216766357
1.045084058, -1.1134648323059082
1.047541046, -1.1156225204467773
1.049723826, -1.109384536743164
1.052114093, -1.1282165050506592
1.05432629, -1.1397066116333008
1.056528565, -1.122835397720337
1.058582019, -1.082148790359497
1.060667254, -1.0923106670379639
1.062750635, -1.1137495040893555
1.064726994, -1.1106414794921875
1.066759325, -1.094144582748413
1.069025751, -1.0730838775634766
1.072067724, -1.1351139545440674
1.074118436, -1.1512885093688965
1.076118336, -1.131760597229004
1.078278957, -1.0960659980773926
1.080380409, -1.1036391258239746
1.082408222, -1.1300451755523682
1.08445641, -1.1209063529968262
1.086586506, -1.1258423328399658
1.088691668, -1.1072230339050293
1.090664158, -1.134979248046875
1.092764132, -1.1448392868041992
1.094780561, -1.151012659072876
1.096818648, -1.1250567436218262
1.098860817, -1.0973989963531494
1.100954993, -1.1232373714447021
1.102878595, -1.1315829753875732
1.104895096, -1.1182308197021484
1.106938139, -1.1109201908111572
1.108957791, -1.1079628467559814
1.110966743, -1.1376945972442627
1.113012006, -1.125148057937622
1.115060047, -1.1511785984039307
1.117091316, -1.1039676666259766
1.11914933, -1.0935795307159424
1.121237648, -1.109144926071167
1.123293705, -1.1239430904388428
1.125297232, -1.1047563552856445
1.127326722, -1.1079919338226318
1.129352852, -1.108567714691162
1.13136788, -1.1434030532836914
1.13339345, -1.153698444366455
1.135431385, -1.1466052532196045
1.13745255, -1.1062703132629395
1.13947462, -1.0953314304351807
1.141513195, -1.131885290145874
1.144025327, -1.1355767250061035
1.146117565, -1.1211740970611572
1.14820693, -1.1233103275299072
1.1503836139999999, -1.1265873908996582
1.152745151, -1.143583059310913
1.154918209, -1.163574457168579
1.156972375, -1.1185131072998047
1.1589957260000001, -1.0853276252746582
1.161036242, -1.120013952255249
1.163043952, -1.13323974609375
1.165064656, -1.1219704151153564
1.16758133, -1.1223461627960205
1.1695492650000001, -1.1056342124938965
1.171525366, -1.1451990604400635
1.17353989, -1.1405518054962158
1.175626529, -1.134603500366211
1.177590188, -1.1047959327697754
1.179657439, -1.0887925624847412
1.181629562, -1.1118721961975098
1.183722841, -1.123596429824829
1.185748836, -1.1115138530731201
1.187734955, -1.1040353775024414
1.189783707, -1.1141068935394287
1.191797473, -1.1426703929901123
1.193803452, -1.1603033542633057
1.195848618, -1.149261474609375
1.197875029, -1.109283208847046
1.199891006, -1.1000068187713623
1.201950334, -1.1146860122680664
1.203979392, -1.1305482387542725
1.205990847, -1.1019575595855713
1.207996892, -1.1074566841125488
1.2100228610000001, -1.1197147369384766
1.21205353, -1.1342577934265137
1.214127272, -1.1530754566192627
1.216135064, -1.1371159553527832
1.218170381, -1.1133151054382324
1.2212507910000001, -1.1162846088409424
1.2234142430000001, -1.135314702987671
1.22542379, -1.1156375408172607
1.227441207, -1.1197242736816406
1.229623122, -1.1182286739349365
1.231562423, -1.1430249214172363
1.233607411, -1.1631934642791748
1.235594053, -1.1503040790557861
1.237628039, -1.1164798736572266
1.239645301, -1.1002895832061768
1.241680755, -1.130922794342041
1.243780506, -1.1189219951629639
1.245786291, -1.1085333824157715
1.24774714, -1.1225125789642334
1.249829686, -1.0936846733093262
1.251835918, -1.1398227214813232
1.2538757249999999, -1.1560072898864746
1.255908307, -1.1277577877044678
1.257946242, -1.1034307479858398
1.259946921, -1.0981318950653076
1.2620906920000001, -1.1193454265594482
1.264032694, -1.1287305355072021
1.266066265, -1.1138124465942383
1.268078433, -1.1057147979736328
1.270105544, -1.1191279888153076
1.272155741, -1.1475660800933838
1.274194059, -1.1585636138916016
1.276210921, -1.1442315578460693
1.278256599, -1.1115477085113525
1.280413981, -1.114455223083496
1.282430377, -1.136977195739746
1.285806117, -1.138066053390503
1.28797377, -1.1260254383087158
1.289997225, -1.1200671195983887
1.292016989, -1.145481824874878
1.294049687, -1.1490705013275146
1.2960719059999999, -1.134810209274292
1.2981110249999999, -1.0976746082305908
1.300173894, -1.0919163227081299
1.302191451, -1.1274077892303467
1.304167656, -1.1169352531433105
1.3062211449999999, -1.0995757579803467
1.308240754, -1.1014714241027832
1.310243363, -1.1029257774353027
1.31229763, -1.14485502243042
1.3143725050000001, -1.155683994293213
1.3163333210000001, -1.129685878753662
1.318386547, -1.111886978149414
1.320409105, -1.1176161766052246
1.322430506, -1.1278009414672852
1.324453409, -1.1315851211547852
1.326528451, -1.1294457912445068
1.328563379, -1.1206717491149902
1.330535863, -1.1251840591430664
1.332586179, -1.141498327255249
1.334622857, -1.1473784446716309
1.3366491200000001, -1.1152112483978271
1.338646018, -1.109438180923462
1.340710043, -1.1206083297729492
1.342737902, -1.1327261924743652
1.344724211, -1.135343313217163
1.3467520020000001, -1.1282954216003418
1.349595202, -1.1022837162017822
1.351659249, -1.1437764167785645
1.353701509, -1.1541657447814941
1.355720169, -1.1473608016967773
1.357726362, -1.0984349250793457
1.359752589, -1.1012904644012451
1.361808831, -1.1145434379577637
1.363781982, -1.1241304874420166
1.365819976, -1.1126680374145508
1.367826995, -1.1048266887664795
1.3698536909999999, -1.0946743488311768
1.371888986, -1.124215841293335
1.373943537, -1.1393051147460938
1.375946157, -1.1261112689971924
1.377959245, -1.0954792499542236
1.380038155, -1.0931775569915771
1.382027991, -1.1172544956207275
1.384051814, -1.1194088459014893
1.386114201, -1.1034433841705322
1.388114444, -1.1040351390838623
1.390127629, -1.115433931350708
1.392141707, -1.1389575004577637
1.39419449, -1.1492195129394531
1.396277072, -1.1311094760894775
1.398227869, -1.097604751586914
1.400282978, -1.1054697036743164
1.402311158, -1.1220827102661133
1.404314822, -1.1271851062774658
1.406332774, -1.118983268737793
1.408363412, -1.1124072074890137
1.410405595, -1.1264071464538574
1.412423225, -1.144202470779419
1.414433825, -1.1553473472595215
1.41645814, -1.129772663116455
1.418501883, -1.1040737628936768
1.420522754, -1.125762701034546
1.422630494, -1.1363790035247803
1.424567985, -1.136793851852417
1.426578575, -1.1324303150177002
1.428632002, -1.1144187450408936
1.4306714010000001, -1.1287624835968018
1.432669106, -1.1444370746612549
1.434701258, -1.1499426364898682
1.436765306, -1.1152210235595703
1.44037211, -1.0925793647766113
1.442553975, -1.1309638023376465
1.444577905, -1.1272802352905273
1.446580113, -1.1074488162994385
1.448620174, -1.0916259288787842
1.450798471, -1.1225547790527344
1.4528772509999999, -1.1410672664642334
1.454894086, -1.1430773735046387
1.457061411, -1.116396188735962
1.459051667, -1.0929107666015625
1.463860707, -1.1180057525634766
1.467908754, -1.1097404956817627
1.470078475, -1.1111009120941162
1.472116805, -1.148237705230713
1.474218385, -1.1655597686767578
1.478169937, -1.152190923690796
1.480328434, -1.1164450645446777
1.483802182, -1.1398725509643555
1.485814562, -1.132103443145752
1.487810967, -1.1255626678466797
1.489869085, -1.1288061141967773
1.491878402, -1.1384122371673584
1.493868228, -1.1482527256011963
1.495940703, -1.1403546333312988
1.497981061, -1.1098401546478271
1.499970585, -1.1015090942382812
1.501980407, -1.1369075775146484
1.5040001570000001, -1.1409707069396973
1.506030679, -1.1236233711242676
1.508054026, -1.1150190830230713
1.5101017319999999, -1.1281118392944336
1.512131525, -1.1500000953674316
1.514260376, -1.1611559391021729
1.5162085360000002, -1.1376953125
1.518251357, -1.1171419620513916
1.5203957049999999, -1.1283223628997803
1.522437741, -1.1354725360870361
1.524488278, -1.1330323219299316
1.5265351759999999, -1.1358959674835205
1.5285532769999999, -1.1135694980621338
1.5305763529999998, -1.1277515888214111
1.5325775259999999, -1.1499660015106201
1.534604656, -1.1458954811096191
1.5366698570000001, -1.1242618560791016
1.53867314, -1.0957996845245361
1.540788743, -1.1023058891296387
1.5427957509999999, -1.1158638000488281
1.544777434, -1.1086039543151855
1.546796805, -1.0934081077575684
1.5488147209999998, -1.0938546657562256
1.550849512, -1.1193499565124512
1.552864923, -1.1320106983184814
1.554908542, -1.1337549686431885
1.556919117, -1.0992100238800049
1.558937825, -1.063011646270752
1.560976241, -1.100942611694336
1.563000883, -1.1050488948822021
1.56503106, -1.1028156280517578
1.567077483, -1.0982344150543213
1.569074921, -1.0837082862854004
1.571096713, -1.1180150508880615
1.5731606569999999, -1.1316587924957275
1.575164863, -1.1329717636108398
1.5771790060000002, -1.1086187362670898
1.579228274, -1.090996503829956
1.5812296460000002, -1.1058685779571533
1.583262255, -1.1143267154693604
1.585327554, -1.1082518100738525
1.587341082, -1.1249215602874756
1.589477925, -1.1084706783294678
1.591482753, -1.1404714584350586
1.593477545, -1.1489150524139404
1.595512436, -1.1364719867706299
1.5975275500000001, -1.1018478870391846
1.599546862, -1.1019108295440674
1.601593318, -1.126086950302124
1.603631918, -1.133467435836792
1.605667105, -1.1239166259765625
1.6076687760000001, -1.1076905727386475
1.6096839859999998, -1.1087381839752197
1.612323277, -1.130687952041626
1.6143667430000002, -1.1523842811584473
1.616369717, -1.131821632385254
1.618407693, -1.099719524383545
1.621053586, -1.1095972061157227
1.623047112, -1.1139240264892578
1.6250857189999999, -1.1073293685913086
1.6271196890000001, -1.1223046779632568
1.629147034, -1.1018247604370117
1.6312228549999999, -1.1315526962280273
1.633213837, -1.148271083831787
1.635210573, -1.1624784469604492
1.6373021639999998, -1.1227083206176758
1.639252387, -1.1037068367004395
1.641301815, -1.1240484714508057
1.6433485559999998, -1.1408758163452148
1.64532474, -1.1227405071258545
1.647372744, -1.1201136112213135
1.64938973, -1.1155376434326172
1.651418693, -1.1560490131378174
1.65343369, -1.158127784729004
1.655474812, -1.1595814228057861
1.657545738, -1.124422311782837
1.659532834, -1.1112511157989502
1.661543862, -1.1403241157531738
1.663621893, -1.1559691429138184
1.665624886, -1.1396775245666504
1.667839708, -1.1330554485321045
1.6697411500000001, -1.124720811843872
1.67173669, -1.143765926361084
1.673778729, -1.1596896648406982
1.675778558, -1.1485893726348877
1.677823812, -1.1153333187103271
1.679884284, -1.103518009185791
1.683951024, -1.1255605220794678
1.68592903, -1.1147081851959229
1.68794592, -1.1110806465148926
1.690450617, -1.1202802658081055
1.6924388719999999, -1.1339187622070312
1.6944380890000001, -1.1602802276611328
1.696506935, -1.122528314590454
1.698548057, -1.0941779613494873
1.700971902, -1.123664140701294
1.7030155489999999, -1.1300313472747803
1.705023422, -1.116314172744751
1.707056352, -1.112180233001709
1.709077771, -1.1045606136322021
1.711138692, -1.1450629234313965
1.713148855, -1.15690016746521
1.715171548, -1.15041184425354
1.71723848, -1.1278178691864014
1.719254008, -1.1045849323272705
1.7212646889999998, -1.124948263168335
1.723286903, -1.1325397491455078
1.725331412, -1.1203737258911133
1.727336265, -1.1189749240875244
1.729362842, -1.1144990921020508
1.7314013639999999, -1.1399223804473877
1.733414856, -1.1553146839141846
1.73544634, -1.141113519668579
1.737482419, -1.1209583282470703
1.739515936, -1.0931353569030762
1.741581228, -1.1166858673095703
1.743843439, -1.1191070079803467
1.7458935119999999, -1.1113214492797852
1.747892685, -1.1018528938293457
1.74990887, -1.0968053340911865
1.751975146, -1.1309232711791992
1.7539911080000001, -1.1433331966400146
1.755990391, -1.124619960784912
1.758120714, -1.0976495742797852
1.760087207, -1.0946159362792969
1.762118053, -1.1173136234283447
1.7641218429999999, -1.127549171447754
1.766136798, -1.1060028076171875
1.7681679319999999, -1.0873308181762695
1.770204248, -1.0997190475463867
1.77224267, -1.1186914443969727
1.774236584, -1.1503174304962158
1.7762659140000001, -1.1138861179351807
1.778311185, -1.0825068950653076
1.780449674, -1.0934937000274658
1.782434636, -1.1089410781860352
1.78449801, -1.12113618850708
1.7865218980000002, -1.105454921722412
1.7885403420000001, -1.100271463394165
1.793836588, -1.1374468803405762
1.795856905, -1.1341466903686523
1.797940106, -1.1054408550262451
1.799909482, -1.096050500869751
1.8019310640000001, -1.1091258525848389
1.80396388, -1.1266565322875977
1.806917761, -1.114793062210083
1.8089539989999999, -1.099867582321167
1.8109582199999998, -1.1190435886383057
1.8129505190000001, -1.1368350982666016
1.814977635, -1.1388695240020752
1.8170477630000001, -1.1125853061676025
1.819089855, -1.078287124633789
1.821071782, -1.1206254959106445
1.823091975, -1.1273491382598877
1.825109677, -1.1210112571716309
1.827134094, -1.112713098526001
1.8292410829999999, -1.1086084842681885
1.831207737, -1.1310594081878662
1.83398117, -1.1355762481689453
1.836077347, -1.134220838546753
1.838115627, -1.1079065799713135
1.84013332, -1.1075410842895508
1.842167041, -1.1275665760040283
1.844212556, -1.1401853561401367
1.846397106, -1.1103320121765137
1.848362193, -1.106307029724121
1.850419106, -1.1394243240356445
1.852422318, -1.151129961013794
1.854454494, -1.1545495986938477
1.8564785700000002, -1.1329345703125
1.858991009, -1.1028790473937988
1.860996923, -1.1210858821868896
1.863018466, -1.128282070159912
1.865055742, -1.1145660877227783
1.867093312, -1.103774070739746
1.869199746, -1.1046812534332275
1.8711486609999999, -1.1217024326324463
1.873198163, -1.1420831680297852
1.8751996979999999, -1.145580768585205
1.877232529, -1.1100473403930664
1.879235101, -1.0931720733642578
1.88126828, -1.119086742401123
1.883372092, -1.1242737770080566
1.885322548, -1.1081926822662354
1.887353145, -1.118920087814331
1.8893840229999999, -1.123603105545044
1.891429156, -1.137017011642456
1.8934377709999999, -1.1397490501403809
1.8955065819999999, -1.1414072513580322
1.8975007929999999, -1.1085827350616455
1.899537136, -1.0948705673217773
1.901554497, -1.1295976638793945
1.903567842, -1.1266019344329834
1.905575608, -1.0932269096374512
1.907605107, -1.1003456115722656
1.909635515, -1.0948762893676758
1.9120957729999999, -1.1307353973388672
1.914152363, -1.1505794525146484
1.916154895, -1.122070074081421
1.918167094, -1.0956189632415771
1.9201964839999999, -1.0970089435577393
1.922210797, -1.1162846088409424
1.9242566559999998, -1.123608112335205
1.926263227, -1.1044297218322754
1.9283224799999998, -1.0964689254760742
1.930367747, -1.141087532043457
1.932385414, -1.1482417583465576
1.934397085, -1.1474602222442627
1.936405199, -1.1163451671600342
1.9384417520000001, -1.1013576984405518
1.940516358, -1.107478380203247
1.942562493, -1.1194171905517578
1.944608692, -1.13295578956604
1.9465787890000001, -1.1177892684936523
1.948593227, -1.1020126342773438
1.950620555, -1.1603899002075195
1.95265933, -1.1592133045196533
1.954674334, -1.158294916152954
1.956698426, -1.1227545738220215
1.9587297590000001, -1.1097052097320557
1.9607493489999999, -1.131406307220459
1.963051098, -1.1393089294433594
1.964919206, -1.1309614181518555
1.966917682, -1.1175165176391602
1.968953175, -1.0949370861053467
1.9709635049999998, -1.1299161911010742
1.973003246, -1.1444132328033447
1.975033334, -1.1387228965759277
1.977074923, -1.1097517013549805
1.9791049699999999, -1.0750770568847656
1.981100941, -1.110908031463623
1.983133088, -1.117063283920288
1.9851733459999998, -1.0980265140533447
1.987178772, -1.0993053913116455
1.989199875, -1.0948143005371094
1.9912524889999998, -1.1351912021636963
1.993282387, -1.1416730880737305
1.995285012, -1.1415150165557861
1.997325483, -1.115053415298462
1.999337602, -1.1148302555084229
2.001401939, -1.1301932334899902
2.003415239, -1.1335783004760742
2.005419335, -1.127974033355713
2.007433548, -1.1238975524902344
2.00949341, -1.1251599788665771
2.011603488, -1.151482105255127
2.01362011, -1.1594738960266113
2.015676427, -1.137376070022583
2.018424602, -1.1214320659637451
2.020387053, -1.123436689376831
2.022394689, -1.1484081745147705
2.024438353, -1.1426904201507568
2.026508982, -1.1223998069763184
2.028598104, -1.1125144958496094
2.032599295, -1.150357723236084
2.034560647, -1.1630079746246338
2.036617957, -1.1358263492584229
2.039334922, -1.1035823822021484
2.041348352, -1.1276764869689941
2.043349044, -1.1324620246887207
2.045373264, -1.115635871887207
2.047390204, -1.106612205505371
2.049426209, -1.1069691181182861
2.051464305, -1.126013994216919
2.053471052, -1.1519434452056885
2.055518273, -1.137371301651001
2.057545696, -1.1085612773895264
2.059626697, -1.0938847064971924
2.061614864, -1.1190941333770752
2.063642477, -1.1080093383789062
2.065674735, -1.0893402099609375
2.067700333, -1.093843936920166
2.069725605, -1.0961685180664062
2.071800802, -1.1171631813049316
2.073785563, -1.1450636386871338
2.075817527, -1.132439136505127
2.07782354, -1.0865883827209473
2.079835164, -1.10347318649292
2.081896184, -1.115159273147583
2.083931599, -1.124375820159912
2.085936062, -1.1023833751678467
2.087976087, -1.1023633480072021
2.089979849, -1.1104824542999268
2.092015486, -1.1272671222686768
2.094046091, -1.1488213539123535
2.096054008, -1.1248703002929688
2.098121994, -1.0924389362335205
2.100162588, -1.0883727073669434
2.102557407, -1.128443717956543
2.104610609, -1.1213526725769043
2.106616211, -1.1109447479248047
2.108642867, -1.0918540954589844
2.110688759, -1.1197595596313477
2.112688543, -1.153130054473877
2.114729704, -1.152858018875122
2.116757253, -1.1227307319641113
2.118772076, -1.1009187698364258
2.120805266, -1.1229784488677979
2.122859086, -1.118816614151001
2.124881118, -1.1185345649719238
2.126891232, -1.098905086517334
2.128987671, -1.079988718032837
2.131007025, -1.111649513244629
2.133070407, -1.1234078407287598
2.1350522610000002, -1.1274900436401367
2.137049928, -1.0950512886047363
2.139118718, -1.0805559158325195
2.141159663, -1.1042215824127197
2.143180682, -1.1110496520996094
2.145175053, -1.1106197834014893
2.147211195, -1.1054346561431885
2.149285201, -1.103158950805664
2.151372674, -1.1234853267669678
2.153372315, -1.1537425518035889
2.155354814, -1.1476898193359375
2.157395865, -1.1025981903076172
2.159780114, -1.109060287475586
2.161747071, -1.1316468715667725
2.163766967, -1.1168198585510254
2.165844449, -1.1115732192993164
2.167875188, -1.104574203491211
2.16987022, -1.1194820404052734
2.171885643, -1.138584852218628
2.17394988, -1.162623643875122
2.175939556, -1.1283984184265137
2.177966783, -1.10355544090271
2.180002218, -1.114638090133667
2.1820594030000002, -1.1269865036010742
2.184061243, -1.1324450969696045
2.186058597, -1.1147546768188477
2.188101775, -1.1018383502960205
2.190135626, -1.1203105449676514
2.192198509, -1.14223051071167
2.194182644, -1.148960828781128
2.196227204, -1.1158089637756348
2.198234179, -1.0965120792388916
2.200246349, -1.1081821918487549
2.202278021, -1.1231935024261475
2.204650355, -1.122084617614746
2.20671459, -1.110985279083252
2.20870575, -1.103898286819458
2.210727458, -1.1401221752166748
2.212747799, -1.1484947204589844
2.21477268, -1.1484875679016113
2.216809113, -1.1151902675628662
2.218856609, -1.0907649993896484
2.221607847, -1.1123230457305908
2.222889248, -1.1203093528747559
2.224896742, -1.1137948036193848
2.226970211, -1.099865198135376
2.228961842, -1.096994400024414
2.230998436, -1.132883071899414
2.233003065, -1.1419780254364014
2.235069559, -1.1410858631134033
2.237081788, -1.114612340927124
2.239092499, -1.0876431465148926
2.241125443, -1.1226377487182617
2.243148377, -1.1413788795471191
2.2451609, -1.1216893196105957
2.247195415, -1.1135501861572266
2.24922472, -1.1136674880981445
2.251246539, -1.147071123123169
2.253275084, -1.1548302173614502
2.255320208, -1.1464502811431885
2.257385982, -1.112389326095581
2.259375529, -1.1074228286743164
2.261380799, -1.1240592002868652
2.263485668, -1.1230616569519043
2.265427071, -1.1250078678131104
2.267482393, -1.1071147918701172
2.269474587, -1.1192443370819092
2.271516131, -1.1418414115905762
2.273583468, -1.15592360496521
2.275567514, -1.1175196170806885
2.277589442, -1.091346025466919
2.279611203, -1.0897924900054932
2.281623026, -1.115708351135254
2.283661806, -1.1203892230987549
2.285745608, -1.1067323684692383
2.287956771, -1.0914256572723389
2.289984014, -1.1128013134002686
2.292023235, -1.1326372623443604
2.294031346, -1.1431193351745605
2.296050622, -1.1166958808898926
2.298108843, -1.091449499130249
2.300108668, -1.1166143417358398
2.3021343659999998, -1.1268832683563232
2.304162742, -1.1212494373321533
2.306193119, -1.1047725677490234
2.308220754, -1.10270357131958
2.310250367, -1.134873390197754
2.312278312, -1.1452455520629883
2.314398161, -1.157505750656128
2.316420749, -1.1235122680664062
2.318425866, -1.0958786010742188
2.320445692, -1.1220014095306396
2.322464974, -1.1229777336120605
2.32451159, -1.1152715682983398
2.326530645, -1.1088318824768066
2.3285494350000002, -1.0922715663909912
2.330578617, -1.1316025257110596
2.332621384, -1.1374502182006836
2.334713419, -1.132951021194458
2.336664418, -1.097360372543335
2.338681137, -1.0883545875549316
2.340719682, -1.1104326248168945
2.342718974, -1.1119122505187988
2.344746685, -1.100494384765625
2.34706599, -1.097411870956421
2.348822751, -1.08158278465271
2.350858235, -1.1095399856567383
2.352913239, -1.1188783645629883
2.354931995, -1.1336231231689453
2.356951364, -1.1028802394866943
2.358989751, -1.0766229629516602
2.361018621, -1.114349603652954
2.363025841, -1.1058969497680664
2.3650456699999998, -1.1001343727111816
2.367100321, -1.099672794342041
2.369126071, -1.0966272354125977
2.371135056, -1.1286060810089111
2.373167406, -1.1502830982208252
2.375265388, -1.1164515018463135
2.377216869, -1.0961644649505615
2.379258333, -1.0876984596252441
2.381297295, -1.1066584587097168
2.383317019, -1.119781494140625
2.385348087, -1.1105923652648926
2.3873506190000002, -1.0929160118103027
2.389395869, -1.104675054550171
2.3914306339999998, -1.131901502609253
2.393449668, -1.1497547626495361
2.395485291, -1.1316187381744385
2.397504401, -1.0948944091796875
2.399509181, -1.1042113304138184
2.40156046, -1.1231191158294678
2.40356802, -1.1204321384429932
2.405594283, -1.1292979717254639
2.407640456, -1.111447811126709
2.4096246150000002, -1.1159203052520752
2.411666334, -1.1447668075561523
2.413793158, -1.151163101196289
2.4157555569999998, -1.1286942958831787
2.417788831, -1.1051363945007324
2.419831839, -1.1084065437316895
2.4219729389999998, -1.1187164783477783
2.424217303, -1.1206557750701904
2.426327588, -1.1028287410736084
2.42838018, -1.0901169776916504
2.430335739, -1.1336758136749268
2.432395961, -1.1415362358093262
2.440667643, -1.1556084156036377
2.444531661, -1.135030746459961
2.446523087, -1.1129982471466064
2.448568366, -1.0977365970611572
2.450572305, -1.1370902061462402
2.452608232, -1.1537799835205078
2.4546541619999998, -1.158923864364624
2.456642673, -1.1254775524139404
2.458664886, -1.0965657234191895
2.460735762, -1.106004238128662
2.4627123539999998, -1.1119048595428467
2.464744851, -1.1244237422943115
2.466786189, -1.1280994415283203
2.46883667, -1.1062638759613037
2.470862008, -1.1475424766540527
2.472910136, -1.1630828380584717
2.474886023, -1.1468055248260498
2.476933845, -1.1239655017852783
2.479006078, -1.1165399551391602
2.481087194, -1.1404104232788086
2.483082946, -1.1376361846923828
2.485110457, -1.1324832439422607
2.4871093699999998, -1.1132762432098389
2.489174221, -1.1236438751220703
2.491175858, -1.1622989177703857
2.49331543, -1.167428731918335
2.4952755890000002, -1.1584687232971191
2.497291422, -1.1177561283111572
2.499610564, -1.1042547225952148
2.501628642, -1.1352894306182861
2.5036426880000002, -1.1443753242492676
2.505672563, -1.1343896389007568
2.507714869, -1.1180322170257568
2.509760007, -1.1432571411132812
2.5117535, -1.1639678478240967
2.51381726, -1.1711773872375488
2.5157987889999998, -1.1405408382415771
2.517815433, -1.105985164642334
2.519953502, -1.1133801937103271
2.521984653, -1.1267809867858887
2.5240045269999998, -1.136350154876709
2.52604712, -1.1248862743377686
2.528070525, -1.1069743633270264
2.530091744, -1.1429359912872314
2.532131081, -1.1636497974395752
2.534136272, -1.1561555862426758
2.536158399, -1.1313111782073975
2.5381993769999998, -1.113992691040039
2.540245647, -1.1185050010681152
2.542245763, -1.1331591606140137
2.544270066, -1.1283366680145264
2.546339258, -1.1321823596954346
2.548350285, -1.1045310497283936
2.550414431, -1.1385316848754883
2.552483229, -1.1545422077178955
2.5544584329999998, -1.1594114303588867
2.556498074, -1.123464584350586
2.558502793, -1.089318037033081
2.560652247, -1.1143269538879395
2.562603045, -1.1252343654632568
2.564628611, -1.1109232902526855
2.5667074960000003, -1.1178953647613525
2.568689737, -1.1025495529174805
2.5707407780000002, -1.1336236000061035
2.572780714, -1.1346774101257324
2.574772599, -1.1397497653961182
2.576799029, -1.1029033660888672
2.578814177, -1.0848822593688965
2.580913759, -1.106191873550415
2.582878754, -1.1087169647216797
2.5848998659999998, -1.106921911239624
2.586912809, -1.0992181301116943
2.58895646, -1.0996029376983643
2.590992029, -1.1333155632019043
2.5930051670000003, -1.1500160694122314
2.595023769, -1.1405200958251953
2.597358848, -1.105126142501831
2.599368658, -1.0868842601776123
2.601409398, -1.1106374263763428
2.603426413, -1.1208930015563965
2.605458606, -1.1097335815429688
2.607487082, -1.108628511428833
2.6095303210000003, -1.112661600112915
2.611529192, -1.13736891746521
2.613569553, -1.146679401397705
2.615612286, -1.1256251335144043
2.617644163, -1.0929503440856934
2.619660794, -1.0903232097625732
2.621673294, -1.1044869422912598
2.62370873, -1.105158805847168
2.625805426, -1.0972087383270264
2.627762133, -1.0835773944854736
2.629796166, -1.1183009147644043
2.631836596, -1.1368873119354248
2.6338309, -1.1607062816619873
2.63588556, -1.1238181591033936
2.637899973, -1.1080737113952637
2.639923568, -1.1079800128936768
2.641956997, -1.123347282409668
2.643966478, -1.1228480339050293
2.645997062, -1.1157491207122803
2.648015474, -1.1045260429382324
2.650056562, -1.120673418045044
2.652095545, -1.1460669040679932
2.654101397, -1.1472156047821045
2.656114482, -1.1205391883850098
2.6581565019999998, -1.0906367301940918
2.660239525, -1.113886833190918
2.662220774, -1.1173956394195557
2.664246639, -1.1125094890594482
2.6662674429999997, -1.100832462310791
2.668393567, -1.095482349395752
2.670394537, -1.1214687824249268
2.6723996850000002, -1.1204845905303955
