0.82921471, 0.07433938980102539
0.831218283, 0.06394052505493164
0.833240004, 0.06981563568115234
0.83527692, 0.06894636154174805
0.837334803, 0.08979988098144531
0.839306195, 0.09629487991333008
0.841343764, 0.0824737548828125
0.843365136, 0.07494974136352539
0.845401273, 0.08084344863891602
0.847421254, 0.0870366096496582
0.850521567, 0.08008480072021484
0.852520423, 0.06620979309082031
0.85452174, 0.06356334686279297
0.856550174, 0.0802459716796875
0.858590566, 0.08976268768310547
0.860600726, 0.07581520080566406
0.862640611, 0.06621313095092773
0.86467412, 0.0758814811706543
0.866683717, 0.07141590118408203
0.868720403, 0.07811164855957031
0.870715666, 0.0684814453125
0.872744891, 0.06746768951416016
0.874810112, 0.06447744369506836
0.876967288, 0.07948637008666992
0.879043999, 0.09149646759033203
0.881009013, 0.0726919174194336
0.883032656, 0.06302595138549805
0.885059304, 0.07260560989379883
0.887124895, 0.07786226272583008
0.889153855, 0.07096529006958008
0.891169018, 0.07463359832763672
0.893198976, 0.05618000030517578
0.895229453, 0.050662994384765625
0.897346398, 0.07377338409423828
0.899357928, 0.08031892776489258
0.901318896, 0.07336807250976562
0.903388517, 0.07013607025146484
0.905414307, 0.06460952758789062
0.907419124, 0.07796049118041992
0.909848951, 0.0727534294128418
0.91148107, 0.06745672225952148
0.913484636, 0.05399799346923828
0.915496466, 0.06269693374633789
0.917520518, 0.08142518997192383
0.919577969, 0.08733367919921875
0.921623397, 0.06186246871948242
0.923631673, 0.04945802688598633
0.925661044, 0.0660104751586914
0.927702707, 0.07657289505004883
0.929741055, 0.06927108764648438
0.931786586, 0.04875516891479492
0.933817058, 0.04976701736450195
0.935819414, 0.06350183486938477
0.937884166, 0.069488525390625
0.940418593, 0.06481456756591797
0.942439802, 0.06775903701782227
0.944515362, 0.062099456787109375
0.946458959, 0.06572532653808594
0.948523702, 0.06853961944580078
0.950543385, 0.055346012115478516
0.952559725, 0.0604853630065918
0.95466514, 0.05869579315185547
0.956759526, 0.08504867553710938
0.958728608, 0.09551572799682617
0.962038679, 0.07213973999023438
0.964056321, 0.07042455673217773
0.966078837, 0.07522249221801758
0.968134395, 0.0882105827331543
0.970219478, 0.06908273696899414
0.972198626, 0.060774803161621094
0.974215731, 0.06954765319824219
0.976279592, 0.07390642166137695
0.978273704, 0.08893918991088867
0.980293054, 0.080322265625
0.982297954, 0.0642862319946289
0.984322678, 0.06965494155883789
0.986352543, 0.07050371170043945
0.988410839, 0.08624553680419922
0.99042281, 0.07065343856811523
0.992640695, 0.06983232498168945
0.994471602, 0.062422752380371094
0.996499973, 0.09217309951782227
0.998495217, 0.08331680297851562
1.000551787, 0.07566452026367188
1.002611606, 0.07438898086547852
1.004585537, 0.08087539672851562
1.006606246, 0.07377958297729492
1.008685734, 0.07658958435058594
1.010663399, 0.05534791946411133
1.012698614, 0.07004022598266602
1.014721344, 0.05939197540283203
1.016736468, 0.07822227478027344
1.018769542, 0.08241510391235352
1.020820962, 0.06824731826782227
1.022838129, 0.05899238586425781
1.024876309, 0.06906509399414062
1.026935167, 0.08114480972290039
1.029320863, 0.07286834716796875
1.031424991, 0.059160709381103516
1.033448294, 0.055434226989746094
1.035443493, 0.07026195526123047
1.037490587, 0.07753515243530273
1.04036019, 0.0762176513671875
1.042419456, 0.08138799667358398
1.044516908, 0.07430171966552734
1.046864687, 0.07015037536621094
1.048879858, 0.0737147331237793
1.050939693, 0.06208324432373047
1.052915145, 0.06324434280395508
1.054983873, 0.06549263000488281
1.057537909, 0.07969284057617188
1.059587446, 0.08125591278076172
1.061581242, 0.07147455215454102
1.063602083, 0.0632166862487793
1.065622213, 0.07627725601196289
1.067666542, 0.0806875228881836
1.069673722, 0.07449102401733398
1.071746819, 0.06471681594848633
1.073807948, 0.05758047103881836
1.075831713, 0.07377767562866211
1.080566345, 0.08865547180175781
1.083968895, 0.06158304214477539
1.086127309, 0.06435489654541016
1.088204311, 0.08101654052734375
1.090173197, 0.06467342376708984
1.092166516, 0.05190706253051758
1.0942931790000001, 0.04747295379638672
1.096330881, 0.06829643249511719
1.09866984, 0.08028745651245117
1.100719494, 0.06550407409667969
1.102783763, 0.06092500686645508
1.104776811, 0.06313180923461914
1.106828147, 0.06769180297851562
1.108996998, 0.0661935806274414
1.111519312, 0.05157804489135742
1.113540654, 0.0465550422668457
1.115558043, 0.06330251693725586
1.117583239, 0.06804370880126953
1.119653089, 0.06753158569335938
1.121660749, 0.059972286224365234
1.123669016, 0.05798530578613281
1.126739566, 0.0653371810913086
1.128640855, 0.0776219367980957
1.130622168, 0.05030345916748047
1.132665915, 0.05326414108276367
1.134680258, 0.04587984085083008
1.136733536, 0.06327486038208008
1.138727192, 0.06244611740112305
1.140871121, 0.04802131652832031
1.14299461, 0.05475759506225586
1.14503996, 0.05622148513793945
1.147035123, 0.06361722946166992
1.1491161619999999, 0.06476783752441406
1.15124724, 0.05398130416870117
1.153244801, 0.053678035736083984
1.155261926, 0.05294656753540039
1.157306093, 0.07538175582885742
1.159854073, 0.07625865936279297
1.161433808, 0.04815530776977539
1.163467075, 0.058086395263671875
1.165507976, 0.06874227523803711
1.167504923, 0.07288980484008789
1.169670005, 0.07308101654052734
1.171622078, 0.057488441467285156
1.173797969, 0.06272363662719727
1.175755399, 0.06531763076782227
1.177754265, 0.08232402801513672
1.17998871, 0.07145881652832031
1.181786378, 0.053689002990722656
1.183919197, 0.05657196044921875
1.18595786, 0.07132101058959961
1.187991194, 0.05933856964111328
1.190008183, 0.0663919448852539
1.192029627, 0.06030607223510742
1.194052428, 0.05525493621826172
1.196064771, 0.07099533081054688
1.198134417, 0.07355213165283203
1.200202357, 0.06452035903930664
1.202220208, 0.05177927017211914
1.204227984, 0.06204795837402344
1.206243241, 0.06988191604614258
1.208302175, 0.058072566986083984
1.210348513, 0.05351877212524414
1.2123611699999999, 0.048844337463378906
1.214503683, 0.05416536331176758
1.216561663, 0.06911039352416992
1.218624344, 0.07862424850463867
1.220630977, 0.055680274963378906
1.222674273, 0.053287506103515625
1.224773795, 0.05836629867553711
1.2268492420000001, 0.06886577606201172
1.228838899, 0.07661581039428711
1.231564867, 0.05841827392578125
1.233574884, 0.050934791564941406
1.235587822, 0.061682701110839844
1.237592662, 0.08091402053833008
1.24009752, 0.07512855529785156
1.242647944, 0.060465335845947266
1.244676809, 0.06562566757202148
1.246737471, 0.06898641586303711
1.24876136, 0.07204818725585938
1.250782124, 0.06626653671264648
1.252788713, 0.05603742599487305
1.254806802, 0.06663227081298828
1.256852849, 0.08793783187866211
1.258924045, 0.07836341857910156
1.260917439, 0.06812858581542969
1.26290743, 0.06496810913085938
1.264944378, 0.07169294357299805
1.266984835, 0.07254600524902344
1.269071343, 0.07041120529174805
1.271235729, 0.06796646118164062
1.273249001, 0.06612491607666016
1.275309543, 0.06780195236206055
1.277316903, 0.08201360702514648
1.279345905, 0.08398866653442383
1.281348038, 0.06338262557983398
1.283358617, 0.07097768783569336
1.2853957, 0.06387948989868164
1.28754433, 0.07721519470214844
1.289471012, 0.061121463775634766
1.291538093, 0.06173419952392578
1.293542158, 0.06093025207519531
1.295573743, 0.0706472396850586
1.297594533, 0.07504653930664062
1.299658368, 0.06840705871582031
1.301652285, 0.06292009353637695
1.3036921000000001, 0.06707525253295898
1.305700689, 0.07510662078857422
1.307738229, 0.08272123336791992
1.309775405, 0.06927967071533203
1.311798473, 0.06397485733032227
1.313843127, 0.055736541748046875
1.315847722, 0.07261514663696289
1.317853272, 0.083099365234375
1.319887102, 0.08544206619262695
1.321909724, 0.0591278076171875
1.3239313560000001, 0.06775188446044922
1.325971818, 0.06566953659057617
1.327997767, 0.0724782943725586
1.330039736, 0.06396770477294922
1.332032721, 0.058689117431640625
1.334055835, 0.051319122314453125
1.336104373, 0.0748906135559082
1.338176209, 0.08162546157836914
1.3402292980000001, 0.07192182540893555
1.342243911, 0.06475830078125
1.3442699839999999, 0.06821870803833008
1.346251044, 0.07271575927734375
1.348312049, 0.07342863082885742
1.350332861, 0.05153799057006836
1.352414823, 0.05834531784057617
1.354493329, 0.05378437042236328
1.356499097, 0.07613706588745117
1.358508101, 0.0761265754699707
1.3605379819999999, 0.062355995178222656
1.3630530539999999, 0.05822563171386719
1.3650587619999999, 0.05750751495361328
1.367065768, 0.07547330856323242
1.3692195520000001, 0.06773900985717773
1.371393843, 0.05736064910888672
1.3733911939999999, 0.056371212005615234
1.3753793380000001, 0.07291555404663086
1.377427296, 0.07416486740112305
1.382027627, 0.05501508712768555
1.384061956, 0.06514167785644531
1.386062748, 0.070159912109375
1.388100079, 0.07900428771972656
1.390239274, 0.06315183639526367
1.392282881, 0.06253862380981445
1.39430847, 0.04964113235473633
1.396326283, 0.07638216018676758
1.398398901, 0.07966279983520508
1.400362814, 0.06589841842651367
1.402429124, 0.06315279006958008
1.404424018, 0.06409168243408203
1.406477752, 0.08081865310668945
1.40854725, 0.07216501235961914
1.410563608, 0.05728435516357422
1.412595472, 0.05252408981323242
1.414648366, 0.06425762176513672
1.416642323, 0.0763249397277832
1.418651465, 0.07732248306274414
1.420785957, 0.060851097106933594
1.422875843, 0.05716896057128906
1.424833556, 0.056487083435058594
1.426923733, 0.059302330017089844
1.428919609, 0.06325721740722656
1.430942211, 0.05204343795776367
1.432966326, 0.052796363830566406
1.4349909410000001, 0.05347871780395508
1.437046514, 0.08032369613647461
1.440823073, 0.07577371597290039
1.442894842, 0.0634307861328125
1.444902145, 0.06566286087036133
1.446942217, 0.05802488327026367
1.44903569, 0.06001710891723633
1.451121391, 0.0414881706237793
1.453166925, 0.054255008697509766
1.4552173019999999, 0.0657196044921875
1.457242496, 0.06746625900268555
1.45925858, 0.07179737091064453
1.461284757, 0.04863166809082031
1.463314888, 0.052985191345214844
1.465331237, 0.05278730392456055
1.467379469, 0.06485748291015625
1.469726705, 0.05748796463012695
1.471442071, 0.05505084991455078
1.473496219, 0.046891212463378906
1.475549356, 0.06699228286743164
1.477520211, 0.06072044372558594
1.479699315, 0.060271263122558594
1.4819635660000001, 0.046120643615722656
1.483967648, 0.054836273193359375
1.4859960939999999, 0.06433248519897461
1.487991547, 0.07344532012939453
1.49004887, 0.058931827545166016
1.492103661, 0.04792070388793945
1.494112669, 0.05353879928588867
1.496265138, 0.06403732299804688
1.498254816, 0.07368993759155273
1.500283194, 0.05353879928588867
1.502369486, 0.05475807189941406
1.504448301, 0.04837608337402344
1.5064860389999999, 0.06094217300415039
1.508521339, 0.06821727752685547
1.510516703, 0.03937864303588867
1.5125522500000002, 0.04809856414794922
1.5146005219999998, 0.05075979232788086
1.51668303, 0.07372188568115234
1.518724861, 0.07876157760620117
1.5207692609999999, 0.06479263305664062
1.522797685, 0.050459861755371094
1.5248366500000001, 0.06046009063720703
1.526858627, 0.05948352813720703
1.528871029, 0.06239604949951172
1.5309846870000001, 0.056540489196777344
1.533010395, 0.047582149505615234
1.5350755999999999, 0.046692848205566406
1.537131604, 0.0673375129699707
1.539130416, 0.07061386108398438
1.541148931, 0.05711650848388672
1.543194056, 0.05049896240234375
1.5452596079999998, 0.052074432373046875
1.547282386, 0.07838249206542969
1.5495713740000001, 0.059314727783203125
1.551602292, 0.05670928955078125
1.553737012, 0.05433511734008789
1.5557351719999999, 0.06008481979370117
1.557928989, 0.07798194885253906
1.560138703, 0.062422752380371094
1.562282881, 0.06357908248901367
1.564286662, 0.06635904312133789
1.566327857, 0.07720470428466797
1.5683664830000001, 0.06750965118408203
1.572046788, 0.05272245407104492
1.574084284, 0.05312347412109375
1.576093864, 0.06922006607055664
1.578200676, 0.0718379020690918
1.5801305380000001, 0.05621528625488281
1.582203773, 0.05361366271972656
1.5842239390000001, 0.05260038375854492
1.586227918, 0.06196308135986328
1.588272028, 0.06299781799316406
1.59026792, 0.06250238418579102
1.5923092859999999, 0.0506134033203125
1.5943626910000002, 0.05451536178588867
1.596327659, 0.06177330017089844
1.598425736, 0.07805156707763672
1.60040717, 0.05492401123046875
1.602419583, 0.06278228759765625
1.604442112, 0.0678095817565918
1.6064611389999999, 0.07518243789672852
1.6084941719999999, 0.08512163162231445
1.6105446429999999, 0.06044435501098633
1.612554942, 0.05724143981933594
1.614571266, 0.0677947998046875
1.6166347129999998, 0.06480979919433594
1.618624152, 0.06844091415405273
1.621580485, 0.06555747985839844
1.62362386, 0.06566476821899414
1.625657226, 0.0653676986694336
1.627645037, 0.07655000686645508
1.630543713, 0.062100887298583984
1.633682264, 0.05298185348510742
1.6357243970000002, 0.06913900375366211
1.637727102, 0.07436704635620117
1.639719395, 0.06636333465576172
1.6418134439999998, 0.0534358024597168
1.6439332420000001, 0.060135841369628906
1.645955701, 0.055583953857421875
1.647965669, 0.07624578475952148
1.650003908, 0.060175418853759766
1.6520473789999999, 0.06367015838623047
1.654126412, 0.05886077880859375
1.656255161, 0.0776376724243164
1.658206532, 0.06565332412719727
1.660247217, 0.05454826354980469
1.662261416, 0.059859275817871094
1.6642750720000001, 0.06538009643554688
1.666295894, 0.0644068717956543
1.668335753, 0.07788801193237305
1.6703726429999999, 0.053874969482421875
1.672382265, 0.056862831115722656
1.674395574, 0.05086469650268555
1.6764364600000001, 0.07093954086303711
1.6784676969999999, 0.0759882926940918
1.6804890719999999, 0.05406951904296875
1.6824856320000001, 0.06276369094848633
1.684527656, 0.05931901931762695
1.686617917, 0.058879852294921875
1.6886144349999999, 0.06058979034423828
1.692264127, 0.05259561538696289
1.6947526389999998, 0.06333684921264648
1.696743234, 0.07480287551879883
1.698841281, 0.08218002319335938
1.700866527, 0.07269144058227539
1.702814816, 0.06273794174194336
1.704883908, 0.06163835525512695
1.706868831, 0.06722259521484375
1.7089373650000002, 0.06468725204467773
1.7110943889999999, 0.053099632263183594
1.713127607, 0.056719303131103516
1.7152987579999999, 0.06921148300170898
1.717223863, 0.08164072036743164
1.7192400289999998, 0.07872200012207031
1.7212430109999999, 0.06139802932739258
1.7232616950000001, 0.057923316955566406
1.725276314, 0.07704305648803711
1.727319142, 0.0764012336730957
1.7293589, 0.07091856002807617
1.731405315, 0.060246944427490234
1.733412696, 0.051718711853027344
1.735423795, 0.061955928802490234
1.737442036, 0.0773625373840332
1.739819331, 0.07567262649536133
1.741488694, 0.05701112747192383
1.743517104, 0.06396961212158203
1.745541782, 0.07209253311157227
1.7475518129999998, 0.07120704650878906
1.7496027490000001, 0.054013729095458984
1.751623251, 0.06206989288330078
1.753700774, 0.06135416030883789
1.7557296660000001, 0.07483673095703125
1.757750031, 0.07487058639526367
1.759767571, 0.07964801788330078
1.761815417, 0.06690597534179688
1.763875176, 0.07413864135742188
1.7660988039999999, 0.0769796371459961
1.768022628, 0.07749080657958984
1.770061135, 0.0765523910522461
1.7720758509999999, 0.06844043731689453
1.774111209, 0.06418514251708984
1.776133669, 0.09248781204223633
1.778176712, 0.09724807739257812
1.780217585, 0.07521772384643555
1.782383016, 0.0708913803100586
1.784438986, 0.07155990600585938
1.786489335, 0.07645988464355469
1.788524714, 0.07566356658935547
1.79055024, 0.06657648086547852
1.792903907, 0.06018257141113281
1.794830919, 0.06460952758789062
1.796975229, 0.08120393753051758
1.7989324629999999, 0.08342361450195312
1.80256377, 0.06232595443725586
1.804601635, 0.06409931182861328
1.806619049, 0.07166719436645508
1.808625765, 0.07429218292236328
1.810654974, 0.051167964935302734
1.8126903030000001, 0.04906272888183594
1.814698131, 0.05999183654785156
1.816748627, 0.07513427734375
1.818809388, 0.07990884780883789
1.820789872, 0.05982255935668945
1.822800189, 0.06433343887329102
1.824889428, 0.06150341033935547
1.826967311, 0.0639500617980957
1.828953251, 0.06046772003173828
1.8309821720000001, 0.05028486251831055
1.8330133119999998, 0.05184125900268555
1.835038876, 0.06514930725097656
1.837057785, 0.08175802230834961
1.839081034, 0.0688014030456543
1.8411182400000001, 0.06345844268798828
1.84379488, 0.06164216995239258
1.845846855, 0.0633554458618164
1.847888076, 0.07706832885742188
1.8498848030000001, 0.07277870178222656
1.851927106, 0.06269359588623047
1.854024721, 0.056601524353027344
1.8560221719999999, 0.07358121871948242
1.8581016099999998, 0.08686399459838867
1.8600928570000002, 0.06338787078857422
1.8621365939999999, 0.06023836135864258
1.864156288, 0.06209707260131836
1.866327175, 0.0679163932800293
1.868290332, 0.07420778274536133
1.8703172590000001, 0.05579805374145508
1.872333708, 0.05923032760620117
1.87438326, 0.06296205520629883
1.876490495, 0.07254552841186523
1.8784497949999999, 0.08034420013427734
1.881918732, 0.05884218215942383
1.883917104, 0.06356430053710938
1.886342876, 0.0758357048034668
1.888355993, 0.07998323440551758
1.890376141, 0.06999921798706055
1.8924501569999999, 0.06796598434448242
1.894527799, 0.06586980819702148
1.896588876, 0.07575845718383789
1.898597318, 0.08636617660522461
1.90066604, 0.06659126281738281
1.902651535, 0.06596517562866211
1.904669557, 0.0697011947631836
1.906724892, 0.07110309600830078
1.908803126, 0.06487274169921875
1.910751705, 0.06595039367675781
1.9128518890000001, 0.049257755279541016
1.914837326, 0.06970548629760742
1.916888857, 0.07276439666748047
1.918870557, 0.08359909057617188
1.9209127179999999, 0.06827449798583984
1.9229721720000001, 0.061577796936035156
1.924965604, 0.0649566650390625
1.927014582, 0.06972742080688477
1.929074784, 0.06965494155883789
1.9310554359999998, 0.059155941009521484
1.933077076, 0.060152530670166016
1.9350793830000002, 0.0742940902709961
1.9371621490000002, 0.0832972526550293
1.93942331, 0.0720815658569336
1.9419673689999999, 0.0642247200012207
1.94348661, 0.063140869140625
1.945538615, 0.06586265563964844
1.947560639, 0.07567977905273438
1.9495932809999998, 0.06669855117797852
1.951624157, 0.048523902893066406
1.953638131, 0.03921318054199219
1.955663441, 0.06590986251831055
1.957728957, 0.08320236206054688
1.9597485, 0.06516647338867188
1.96174067, 0.06558895111083984
1.963778421, 0.06638193130493164
1.965811649, 0.07604312896728516
1.9678185780000002, 0.08638238906860352
1.969863427, 0.057848453521728516
1.971887669, 0.05977821350097656
1.973964206, 0.051306724548339844
1.975944277, 0.07548141479492188
1.978005244, 0.07368755340576172
1.980009719, 0.0606532096862793
1.982010228, 0.0616450309753418
1.984032875, 0.0669546127319336
1.9860719009999999, 0.06261205673217773
1.988085977, 0.06212472915649414
1.990122645, 0.05425214767456055
1.992158503, 0.05913829803466797
1.994209588, 0.048584938049316406
1.996204221, 0.07610034942626953
1.998223967, 0.07415151596069336
2.000730961, 0.05797910690307617
2.00273547, 0.05826425552368164
2.00475224, 0.04519081115722656
2.006786981, 0.05905914306640625
2.009158921, 0.06275749206542969
2.01089019, 0.04735422134399414
2.012958195, 0.048567771911621094
2.014921967, 0.05709266662597656
2.017095856, 0.06931638717651367
2.019163612, 0.06601524353027344
2.02117514, 0.061573028564453125
2.023222112, 0.05510997772216797
2.025241025, 0.05376148223876953
2.02728014, 0.06411504745483398
2.029273745, 0.07050561904907227
2.031337139, 0.0637502670288086
2.033338606, 0.05083799362182617
2.035340595, 0.07251119613647461
2.037376527, 0.0755319595336914
2.039476453, 0.061588287353515625
2.041499573, 0.06246471405029297
2.043520774, 0.0522608757019043
2.045544678, 0.06474590301513672
2.047584217, 0.07296514511108398
2.049605927, 0.05977582931518555
2.051697702, 0.06382608413696289
2.053636344, 0.061090946197509766
2.055694508, 0.06923389434814453
2.05769515, 0.07541084289550781
2.059728666, 0.07098197937011719
2.061808801, 0.06635189056396484
2.063815283, 0.05223560333251953
2.065806835, 0.06262731552124023
2.067824501, 0.0725703239440918
2.069861999, 0.06019783020019531
2.071876006, 0.05557727813720703
2.073910873, 0.0435032844543457
2.075923068, 0.06638717651367188
2.077942149, 0.06863737106323242
2.080014396, 0.05726432800292969
2.082007767, 0.04926109313964844
2.084039675, 0.05375814437866211
2.08607646, 0.05951118469238281
2.088124999, 0.0620875358581543
2.090135173, 0.05814075469970703
2.092144146, 0.047738075256347656
2.094269274, 0.04990243911743164
2.09628552, 0.06582164764404297
2.09843874, 0.07582283020019531
2.100509173, 0.064697265625
2.102509992, 0.0560765266418457
2.104520603, 0.058394432067871094
2.106526068, 0.06748819351196289
2.10855654, 0.06250810623168945
2.110571629, 0.04026508331298828
2.11264364, 0.0499420166015625
2.1146366, 0.0600428581237793
2.116659955, 0.08017683029174805
2.118684999, 0.07707929611206055
2.120722919, 0.05519294738769531
2.122738229, 0.055846214294433594
2.124789575, 0.06317710876464844
2.126794572, 0.06543254852294922
2.1288213049999998, 0.06724071502685547
2.130868595, 0.06573486328125
2.132862209, 0.0619044303894043
2.134893385, 0.07714223861694336
2.136957251, 0.09361457824707031
2.139065737, 0.07788276672363281
2.141516289, 0.07122659683227539
2.143578372, 0.06570291519165039
2.146108923, 0.07935476303100586
2.148400326, 0.08347272872924805
2.150496356, 0.0652017593383789
2.152766421, 0.06885576248168945
2.154712275, 0.07000494003295898
2.156814868, 0.08746147155761719
2.15895, 0.08870983123779297
2.160918109, 0.06990528106689453
2.162922283, 0.06637096405029297
2.164970897, 0.07849550247192383
2.167085878, 0.07425975799560547
2.1691222310000002, 0.07134723663330078
2.171131247, 0.0641794204711914
2.173199681, 0.0643305778503418
2.175207134, 0.0811166763305664
2.177208535, 0.09100675582885742
2.179269642, 0.0860295295715332
2.181315806, 0.06538057327270508
2.183311002, 0.07749605178833008
2.185326965, 0.07893753051757812
2.187448294, 0.09052038192749023
2.189478502, 0.06167793273925781
2.19144836, 0.06683969497680664
2.193570545, 0.0648946762084961
2.195531166, 0.0794057846069336
2.197649023, 0.08411550521850586
2.199602948, 0.08696746826171875
2.2016343369999998, 0.072509765625
2.203622603, 0.08116960525512695
2.205664807, 0.08675956726074219
2.207694621, 0.0802001953125
2.209713641, 0.06635046005249023
2.211787272, 0.06872272491455078
2.213779518, 0.05893373489379883
2.215802444, 0.0794057846069336
2.217896051, 0.08650493621826172
2.21984153, 0.0778055191040039
2.221862926, 0.07860660552978516
2.223899073, 0.08010053634643555
2.225922787, 0.08115386962890625
2.228019751, 0.07170772552490234
2.230058741, 0.0620121955871582
2.232073084, 0.06472635269165039
2.234089266, 0.06075906753540039
2.2361349, 0.07854843139648438
2.238233011, 0.0806279182434082
2.240168855, 0.06547832489013672
2.242203202, 0.06496763229370117
2.244235902, 0.07025861740112305
2.246394909, 0.0667262077331543
2.248429634, 0.06975460052490234
2.250440712, 0.05777788162231445
2.252502175, 0.06382608413696289
2.260349579, 0.08504486083984375
2.261419951, 0.06520271301269531
2.2634411229999998, 0.06822776794433594
2.265465531, 0.06398916244506836
2.2675179659999998, 0.08693408966064453
2.269493031, 0.062415122985839844
2.271532075, 0.05705881118774414
2.2735484550000002, 0.049130916595458984
2.275597879, 0.07321977615356445
2.27851493, 0.09124135971069336
2.28051476, 0.060231685638427734
2.282530354, 0.05612325668334961
2.284540181, 0.06033945083618164
2.2865843630000002, 0.07743597030639648
2.288604683, 0.06589078903198242
2.290631634, 0.05250692367553711
2.292642844, 0.05858135223388672
2.294778881, 0.058850765228271484
2.296920962, 0.07903194427490234
2.29894239, 0.0785207748413086
2.300955668, 0.06685686111450195
2.30299587, 0.05599212646484375
2.305064473, 0.06330537796020508
2.307090327, 0.06536674499511719
2.309141811, 0.06179094314575195
2.311203393, 0.06605195999145508
2.313204774, 0.04969930648803711
2.315242094, 0.07054328918457031
2.317399545, 0.08445167541503906
2.319296067, 0.07399940490722656
2.321312808, 0.06590461730957031
2.323343768, 0.06188249588012695
2.325376363, 0.08305692672729492
2.327380703, 0.07913398742675781
2.3294190710000002, 0.061707496643066406
2.331464657, 0.06762266159057617
2.333487695, 0.0704798698425293
2.335514786, 0.0774374008178711
2.337542708, 0.08664941787719727
2.339619223, 0.07527494430541992
2.341612674, 0.07247781753540039
2.343626405, 0.0655665397644043
2.345672172, 0.07848978042602539
2.347674886, 0.08013343811035156
2.349724134, 0.06114912033081055
2.351745341, 0.06050395965576172
2.353775579, 0.06205606460571289
2.355791115, 0.07913923263549805
2.35786475, 0.08722972869873047
2.360449355, 0.06916332244873047
2.3626859590000002, 0.0688328742980957
2.364610539, 0.0697183609008789
2.366620655, 0.08081340789794922
2.370343895, 0.0792398452758789
2.372341034, 0.06324434280395508
2.374386044, 0.06293010711669922
2.376398219, 0.08349323272705078
2.3786294, 0.088623046875
2.380584266, 0.07101249694824219
2.382648075, 0.06123542785644531
2.384658742, 0.07959699630737305
2.386669749, 0.07222461700439453
2.388713986, 0.07540130615234375
2.39070415, 0.06532573699951172
2.392750231, 0.06892967224121094
2.394790157, 0.0701451301574707
2.396797261, 0.08182668685913086
2.398905961, 0.07914400100708008
2.400864452, 0.0602874755859375
2.402886225, 0.06547784805297852
2.404919401, 0.06438350677490234
2.406976254, 0.07969331741333008
2.408949851, 0.06440305709838867
2.410988529, 0.07061576843261719
2.413022324, 0.050438880920410156
2.415029895, 0.06318950653076172
2.417060239, 0.08893156051635742
2.419622259, 0.07057905197143555
2.42166769, 0.0791177749633789
2.424014048, 0.07851600646972656
2.426057942, 0.08768320083618164
2.428070804, 0.08837747573852539
2.430102012, 0.0644521713256836
2.432340226, 0.07216119766235352
2.434162236, 0.0785984992980957
2.436176674, 0.08623266220092773
2.438258076, 0.08259916305541992
2.442159986, 0.0716552734375
2.444247002, 0.0786886215209961
2.446339876, 0.07470560073852539
2.448334416, 0.06412267684936523
2.450341325, 0.06333684921264648
2.452491642, 0.05912971496582031
2.45452847, 0.07301616668701172
2.456542153, 0.0842127799987793
2.458625454, 0.08247518539428711
2.46060926, 0.06923580169677734
2.46262034, 0.07292842864990234
2.464644145, 0.07751274108886719
2.466672521, 0.07174491882324219
2.468715608, 0.06504249572753906
2.4707189, 0.06253194808959961
2.472756045, 0.041289329528808594
2.474805613, 0.06972074508666992
2.476820148, 0.07820320129394531
2.479297843, 0.07460880279541016
2.481339036, 0.0646519660949707
2.483441781, 0.06925106048583984
2.485401505, 0.07522344589233398
2.487429902, 0.07146406173706055
2.489923489, 0.0617680549621582
2.491959108, 0.06593513488769531
2.494022657, 0.050351619720458984
2.496075507, 0.06688547134399414
2.498056948, 0.08066082000732422
2.500067729, 0.05737638473510742
2.5020993799999998, 0.0680851936340332
2.50411996, 0.06508541107177734
2.506146675, 0.0718541145324707
2.508198407, 0.06521415710449219
2.51030312, 0.05851936340332031
2.512297648, 0.051488399505615234
2.5142843409999998, 0.0682992935180664
2.516301653, 0.07178735733032227
2.518457079, 0.07053899765014648
2.520483115, 0.05706167221069336
2.522529342, 0.06154346466064453
2.524544412, 0.06168079376220703
2.526556691, 0.07308053970336914
2.528591851, 0.06548547744750977
2.530769276, 0.05254220962524414
2.532917264, 0.061833858489990234
2.534915474, 0.05567598342895508
2.536914837, 0.0813298225402832
2.538938903, 0.07528162002563477
2.541078334, 0.060384273529052734
2.543108663, 0.07003402709960938
2.545136485, 0.07311010360717773
2.54714856, 0.07650566101074219
2.549354472, 0.06654024124145508
2.551218644, 0.04981851577758789
2.553241407, 0.048578739166259766
2.555280934, 0.0715947151184082
2.557310009, 0.08596086502075195
2.5593195829999997, 0.07427263259887695
2.561512691, 0.06022500991821289
2.563539113, 0.06449413299560547
2.565580497, 0.0712594985961914
2.567609874, 0.06499433517456055
2.569610089, 0.06601238250732422
2.57162112, 0.06740283966064453
2.573663516, 0.06037425994873047
2.5757141150000002, 0.06987714767456055
2.578916546, 0.0771017074584961
2.581361317, 0.05454206466674805
2.583321053, 0.0588994026184082
2.5854890409999998, 0.06672096252441406
2.588781933, 0.06481504440307617
2.590820325, 0.04072141647338867
2.592931514, 0.045377254486083984
2.594927476, 0.06273221969604492
2.596958505, 0.07320404052734375
2.598976211, 0.06231546401977539
2.601013216, 0.04622220993041992
2.603013649, 0.0587921142578125
2.605039701, 0.06710386276245117
2.60707866, 0.07097053527832031
2.609100356, 0.054253578186035156
2.61113441, 0.04953145980834961
2.613143546, 0.04616260528564453
2.615179438, 0.06950712203979492
2.617248832, 0.07776689529418945
2.619287886, 0.06603050231933594
2.621314049, 0.05997800827026367
2.623330769, 0.05817461013793945
2.625359774, 0.06557512283325195
2.627381889, 0.06530284881591797
2.629906345, 0.052835941314697266
2.631925691, 0.05159425735473633
2.633957233, 0.06395912170410156
2.635969909, 0.07720184326171875
2.638006159, 0.07238960266113281
2.640034375, 0.053122520446777344
2.64207593, 0.05639076232910156
2.64409423, 0.0567326545715332
2.646150371, 0.06304693222045898
2.648163767, 0.07070112228393555
2.6505782509999998, 0.051586151123046875
2.652633359, 0.044045448303222656
2.654635022, 0.06110715866088867
2.656660644, 0.06389474868774414
2.658660313, 0.06167030334472656
2.6606813049999998, 0.04987144470214844
2.662714136, 0.051651954650878906
2.664760834, 0.0710902214050293
2.666778006, 0.06908702850341797
2.668791904, 0.07057046890258789
2.67082214, 0.05266857147216797
2.672851288, 0.053981781005859375
2.674874009, 0.0732583999633789
2.676941136, 0.08090448379516602
2.678969617, 0.08088302612304688
2.680961385, 0.05686140060424805
2.682980711, 0.06480836868286133
2.6850339549999998, 0.07128238677978516
2.687067159, 0.07587909698486328
2.68906818, 0.06920337677001953
2.691090413, 0.06056928634643555
2.693112508, 0.05118083953857422
2.695135622, 0.058963775634765625
2.698829077, 0.0641627311706543
2.700841636, 0.05509519577026367
2.702849021, 0.049146175384521484
2.70489925, 0.06110191345214844
2.706924699, 0.07326078414916992
2.708948199, 0.05386209487915039
2.711001751, 0.05520057678222656
2.712999548, 0.048480987548828125
2.715020975, 0.07088041305541992
2.717126328, 0.07193517684936523
2.719163595, 0.06743860244750977
2.72119762, 0.060164451599121094
2.723292731, 0.05484771728515625
2.725242048, 0.07690048217773438
2.727273284, 0.07540035247802734
2.72928686, 0.0670166015625
2.73133035, 0.06369972229003906
2.733343568, 0.06635713577270508
2.736213358, 0.0777897834777832
2.738246879, 0.07636356353759766
2.740291082, 0.06913185119628906
2.74230499, 0.0640554428100586
2.744332635, 0.0662999153137207
2.74638845, 0.07275009155273438
2.748438965, 0.07069253921508789
2.75043835, 0.060504913330078125
2.7524412480000002, 0.04810476303100586
2.754463468, 0.06654787063598633
2.756514134, 0.0695347785949707
2.758619771, 0.07492685317993164
2.7606298479999998, 0.051079750061035156
2.762606876, 0.05013751983642578
2.764632155, 0.06500911712646484
2.7666671320000003, 0.07443618774414062
2.768701149, 0.05908393859863281
2.7707076969999997, 0.055928707122802734
2.772779132, 0.05633735656738281
2.774806583, 0.061532020568847656
2.776795973, 0.06505155563354492
2.778913117, 0.06464195251464844
2.780850772, 0.050145626068115234
2.782865539, 0.06771516799926758
2.784956055, 0.06755828857421875
2.787026895, 0.07818889617919922
2.788985027, 0.05520009994506836
2.791020747, 0.04492902755737305
2.793047493, 0.0418400764465332
2.79507484, 0.06512594223022461
2.7971324539999998, 0.0837717056274414
2.799241026, 0.06991863250732422
2.801269281, 0.05766868591308594
2.803296503, 0.05861949920654297
2.805308097, 0.05483531951904297
2.807354111, 0.0626974105834961
2.8093787949999998, 0.05427074432373047
2.811401953, 0.06307411193847656
2.813427583, 0.053227901458740234
2.815441695, 0.0719289779663086
2.817493165, 0.08421516418457031
2.819490089, 0.07145023345947266
2.821566679, 0.06705808639526367
2.8235620040000002, 0.06851387023925781
2.825571153, 0.0668492317199707
2.827597273, 0.08036518096923828
2.829625642, 0.06705999374389648
2.831651836, 0.08228778839111328
2.833694036, 0.07589054107666016
2.835723605, 0.08162736892700195
2.837924139, 0.08942365646362305
2.839772029, 0.07179069519042969
2.841783619, 0.05211782455444336
