0.657209643, 1.5708961486816406
0.659300808, 1.5659931898117065
0.661484631, 1.5678331851959229
0.663471105, 1.569578766822815
0.66545733, 1.5728000402450562
0.667480942, 1.5712743997573853
0.669500971, 1.57245671749115
0.671512064, 1.5761587619781494
0.673586813, 1.5698301792144775
0.675579766, 1.5653659105300903
0.677638329, 1.5654807090759277
0.679661638, 1.5712647438049316
0.681705853, 1.5703192949295044
0.683722041, 1.569223165512085
0.685731862, 1.5714573860168457
0.687789474, 1.5743870735168457
0.689801289, 1.575161099433899
0.691837219, 1.577744722366333
0.693851266, 1.5650821924209595
0.695935097, 1.5628825426101685
0.697980383, 1.5674703121185303
0.700150578, 1.569175124168396
0.702228493, 1.569490909576416
0.704253888, 1.5687981843948364
0.706284597, 1.5716452598571777
0.708301537, 1.5721021890640259
0.710372267, 1.57272207736969
0.712338974, 1.5782265663146973
0.714450184, 1.568627953529358
0.716404373, 1.573448657989502
0.718461098, 1.5695288181304932
0.720529304, 1.5743716955184937
0.722571931, 1.5769017934799194
0.724598031, 1.56916081905365
0.726638007, 1.5662078857421875
0.728622614, 1.568688154220581
0.730728045, 1.5821964740753174
0.732752036, 1.573989987373352
0.734713525, 1.5780243873596191
0.736814429, 1.5838005542755127
0.738857394, 1.5731991529464722
0.740854983, 1.5709655284881592
0.743331288, 1.5782673358917236
0.745337603, 1.5709978342056274
0.747442756, 1.5728249549865723
0.749759171, 1.5769968032836914
0.752107884, 1.574467658996582
0.754359836, 1.570072889328003
0.756371304, 1.5802366733551025
0.758362551, 1.573992133140564
0.76042412, 1.5745209455490112
0.763026328, 1.569206714630127
0.765113948, 1.5744566917419434
0.767407703, 1.571471929550171
0.769425087, 1.5664708614349365
0.771491846, 1.5743427276611328
0.773527857, 1.5696208477020264
0.776011834, 1.564073920249939
0.777566866, 1.5628972053527832
0.779695633, 1.5613703727722168
0.781621685, 1.566475749015808
0.783700056, 1.576134204864502
0.78792542, 1.570974588394165
0.790024053, 1.577242374420166
0.792090111, 1.5728356838226318
0.794179106, 1.57224440574646
0.798212032, 1.5716884136199951
0.80021936, 1.5704214572906494
0.802271468, 1.5787333250045776
0.804245886, 1.5723448991775513
0.806261019, 1.575989007949829
0.808355123, 1.576015830039978
0.810361419, 1.5782960653305054
0.812362011, 1.5790588855743408
0.814370577, 1.5705604553222656
0.816406652, 1.572221040725708
0.818446721, 1.570810079574585
0.820524141, 1.5694434642791748
0.822482932, 1.5724215507507324
0.824953044, 1.5705078840255737
0.826974883, 1.5705811977386475
0.829642382, 1.572773814201355
0.831624568, 1.5765405893325806
0.833692052, 1.567020297050476
0.835692832, 1.5687952041625977
0.837752254, 1.567402958869934
0.839750148, 1.567001461982727
0.84180226, 1.5698387622833252
0.843907733, 1.5718822479248047
0.845867729, 1.5722742080688477
0.847918776, 1.566837191581726
0.849954683, 1.563254475593567
0.851980245, 1.5667381286621094
0.853986674, 1.5636484622955322
0.85611211, 1.5626106262207031
0.858204622, 1.5582690238952637
0.860173203, 1.5734788179397583
0.862166028, 1.559013843536377
0.864234256, 1.5657713413238525
0.866249835, 1.5649925470352173
0.868276126, 1.5689113140106201
0.870276239, 1.5743658542633057
0.872308565, 1.575037956237793
0.874364749, 1.5647118091583252
0.876375367, 1.5717695951461792
0.878389394, 1.5712486505508423
0.880444906, 1.573535442352295
0.882448152, 1.572628378868103
0.884446799, 1.5702093839645386
0.886509253, 1.576784610748291
0.888560404, 1.5666295289993286
0.892040323, 1.5621051788330078
0.894025028, 1.5728440284729004
0.896050736, 1.5616443157196045
0.89810444, 1.561436653137207
0.900128778, 1.5656988620758057
0.902129824, 1.5693752765655518
0.904158861, 1.5704498291015625
0.906176475, 1.5683246850967407
0.908233625, 1.570042610168457
0.910309832, 1.5697661638259888
0.912250401, 1.5737435817718506
0.914280205, 1.5731606483459473
0.916311362, 1.573073148727417
0.918378373, 1.5669832229614258
0.920541336, 1.568576455116272
0.922547755, 1.564645767211914
0.924565123, 1.569535732269287
0.92660403, 1.57350492477417
0.928780305, 1.5666759014129639
0.930721399, 1.569288730621338
0.932715853, 1.5718894004821777
0.934768955, 1.5632904767990112
0.936760157, 1.567224383354187
0.938790548, 1.5698397159576416
0.940860648, 1.5737658739089966
0.942872111, 1.575149655342102
0.944926265, 1.5692914724349976
0.946894176, 1.5681607723236084
0.948933073, 1.5799283981323242
0.950969768, 1.579160451889038
0.953021732, 1.57676100730896
0.955004034, 1.5704853534698486
0.957029282, 1.5717767477035522
0.959085998, 1.567302942276001
0.961072648, 1.5779736042022705
0.963120131, 1.572862982749939
0.965146257, 1.5674947500228882
0.96715496, 1.5711255073547363
0.969202085, 1.567059874534607
0.971213703, 1.5821306705474854
0.973299595, 1.5703625679016113
0.975261091, 1.5647286176681519
0.977289029, 1.577021598815918
0.979321852, 1.5705145597457886
0.981335843, 1.5694000720977783
0.983373242, 1.5705130100250244
0.985445914, 1.5763643980026245
0.987422059, 1.5760164260864258
0.989478493, 1.5757205486297607
0.991510448, 1.580939769744873
0.994223283, 1.5735212564468384
0.996236752, 1.5625205039978027
0.998282668, 1.5709338188171387
1.000295575, 1.5682063102722168
1.002343676, 1.5715141296386719
1.004386142, 1.5655173063278198
1.006363743, 1.5713151693344116
1.008388183, 1.5700712203979492
1.01040857, 1.5713117122650146
1.012449199, 1.5745257139205933
1.014489415, 1.5699912309646606
1.016504318, 1.5694866180419922
1.01851524, 1.5759419202804565
1.020562306, 1.5736665725708008
1.022590687, 1.566540002822876
1.024611578, 1.5775370597839355
1.026619027, 1.5765645503997803
1.028826949, 1.5712432861328125
1.031042659, 1.578867793083191
1.032764148, 1.5803511142730713
1.034742163, 1.5759485960006714
1.036750248, 1.579216480255127
1.038783708, 1.5733883380889893
1.040810872, 1.5797650814056396
1.042863849, 1.5746333599090576
1.044892132, 1.5817649364471436
1.046930169, 1.5818204879760742
1.048956245, 1.570907473564148
1.050970234, 1.5813523530960083
1.05307217, 1.57379150390625
1.05503845, 1.5672554969787598
1.057045649, 1.5751327276229858
1.059075854, 1.5621511936187744
1.061126374, 1.572449803352356
1.063167763, 1.562969446182251
1.06520122, 1.564897894859314
1.067233155, 1.570788860321045
1.069249272, 1.5692346096038818
1.071280726, 1.5724866390228271
1.073475938, 1.5702567100524902
1.0754316, 1.5650076866149902
1.077440288, 1.5641205310821533
1.079459745, 1.5645692348480225
1.08149216, 1.5740110874176025
1.083515843, 1.5736942291259766
1.085546622, 1.5728806257247925
1.08757879, 1.565303921699524
1.089613869, 1.5752859115600586
1.09161436, 1.5766640901565552
1.093684099, 1.5694897174835205
1.095688181, 1.5616021156311035
1.097721455, 1.5720200538635254
1.09973118, 1.5701282024383545
1.101771642, 1.576371192932129
1.103810543, 1.5723012685775757
1.105813797, 1.575223684310913
1.107840732, 1.578245997428894
1.109915001, 1.5795948505401611
1.111891319, 1.5762486457824707
1.11390295, 1.5736870765686035
1.115918322, 1.571178674697876
1.117979544, 1.5701305866241455
1.120280106, 1.5733788013458252
1.122258443, 1.5778889656066895
1.124281177, 1.5719189643859863
1.126279108, 1.573906421661377
1.12830083, 1.5667102336883545
1.130325917, 1.577505111694336
1.1323541910000001, 1.5733015537261963
1.13436607, 1.5626921653747559
1.136400221, 1.5732567310333252
1.138409162, 1.5723607540130615
1.140450873, 1.572200059890747
1.142479763, 1.5620335340499878
1.1445267829999999, 1.5665936470031738
1.146539268, 1.5694866180419922
1.148548429, 1.5747385025024414
1.1505799429999999, 1.57840895652771
1.152616635, 1.5681631565093994
1.154698797, 1.5666687488555908
1.156729621, 1.5744471549987793
1.158740692, 1.5705270767211914
1.160775364, 1.5795828104019165
1.162815139, 1.5772535800933838
1.164856269, 1.575373649597168
1.166851028, 1.5728956460952759
1.168923754, 1.5796902179718018
1.170949398, 1.5812358856201172
1.172966213, 1.5691746473312378
1.174975092, 1.5723350048065186
1.177014636, 1.5750000476837158
1.179073587, 1.5747805833816528
1.181052087, 1.5731052160263062
1.183096456, 1.575547218322754
1.185125638, 1.5703837871551514
1.187129903, 1.5747344493865967
1.189156583, 1.5748274326324463
1.191203949, 1.5722750425338745
1.193208137, 1.5731275081634521
1.195234984, 1.5679807662963867
1.19728599, 1.5827662944793701
1.19928329, 1.5672550201416016
1.20136562, 1.5793942213058472
1.203344404, 1.569176197052002
1.205378032, 1.5665199756622314
1.207423322, 1.572356939315796
1.209441065, 1.567267656326294
1.211450318, 1.5768457651138306
1.213531031, 1.5750832557678223
1.215522229, 1.5689785480499268
1.217553056, 1.5646418333053589
1.219591072, 1.5705240964889526
1.221642061, 1.571045160293579
1.22363069, 1.5709632635116577
1.225652263, 1.5719068050384521
1.227713725, 1.5655250549316406
1.229740787, 1.5754592418670654
1.231743415, 1.5718588829040527
1.233781583, 1.5734413862228394
1.235782012, 1.5721396207809448
1.237812655, 1.5658620595932007
1.240257937, 1.5695127248764038
1.242242656, 1.5824788808822632
1.244347122, 1.5721421241760254
1.246301138, 1.5803627967834473
1.248320591, 1.5721385478973389
1.250429051, 1.5784707069396973
1.2526651580000001, 1.573225975036621
1.254605853, 1.573289155960083
1.256718472, 1.5762430429458618
1.2586293610000001, 1.5725499391555786
1.26092721, 1.5726349353790283
1.2629614359999999, 1.5745980739593506
1.264982936, 1.5695924758911133
1.267026301, 1.576114296913147
1.269044098, 1.572519302368164
1.271116653, 1.5752663612365723
1.2731020929999999, 1.5644513368606567
1.2751916030000001, 1.5688875913619995
1.27727191, 1.5727367401123047
1.279274386, 1.5704174041748047
1.281248075, 1.5713915824890137
1.283279944, 1.5686736106872559
1.285298456, 1.568979024887085
1.2873784289999999, 1.5746341943740845
1.28935446, 1.5658388137817383
1.291400943, 1.5748114585876465
1.293461427, 1.5615811347961426
1.2954452779999999, 1.5699818134307861
1.297467143, 1.5650742053985596
1.299543287, 1.570042610168457
1.301543104, 1.5701154470443726
1.303544008, 1.5711488723754883
1.3055597159999999, 1.5718756914138794
1.307649258, 1.5744640827178955
1.3097076460000001, 1.5706782341003418
1.311715237, 1.5756579637527466
1.313820399, 1.5676674842834473
1.3158224459999999, 1.573258399963379
1.317827982, 1.5721867084503174
1.3198770739999999, 1.5829192399978638
1.321879898, 1.5753142833709717
1.323927228, 1.5741190910339355
1.325908834, 1.5751802921295166
1.327925261, 1.5808225870132446
1.330462725, 1.5773353576660156
1.33201918, 1.5691874027252197
1.334035395, 1.581022024154663
1.336114393, 1.5774505138397217
1.338096793, 1.5686676502227783
1.340114727, 1.571015477180481
1.3421339030000001, 1.5772427320480347
1.34417833, 1.5687031745910645
1.34623288, 1.5753202438354492
1.348312904, 1.5750668048858643
1.3503399, 1.5738224983215332
1.352357339, 1.5766003131866455
1.354380308, 1.579169750213623
1.356425826, 1.5731048583984375
1.358466095, 1.5740275382995605
1.360494398, 1.5753045082092285
1.362477608, 1.5752485990524292
1.364531935, 1.5696845054626465
1.366513426, 1.5791977643966675
1.368592129, 1.5766994953155518
1.370576435, 1.5725737810134888
1.372633285, 1.5710877180099487
1.374634085, 1.5728182792663574
1.3766722869999999, 1.5668609142303467
1.378700915, 1.563401699066162
1.380751633, 1.5705598592758179
1.382765509, 1.5718358755111694
1.384769576, 1.5693713426589966
1.3867888609999999, 1.5770201683044434
1.388818403, 1.571799635887146
1.390863406, 1.5775058269500732
1.392904447, 1.5810658931732178
1.394920377, 1.5719554424285889
1.396948692, 1.5813732147216797
1.398962471, 1.570913553237915
1.400966548, 1.5731077194213867
1.40300246, 1.5804617404937744
1.405019231, 1.5778748989105225
1.407080667, 1.567991018295288
1.409072025, 1.577178716659546
1.411124857, 1.579951286315918
1.413132219, 1.5760939121246338
1.4152147990000001, 1.570698618888855
1.4172294, 1.5733959674835205
1.419236976, 1.567525029182434
1.421243292, 1.5736805200576782
1.4232753439999999, 1.5741890668869019
1.4253078129999999, 1.5824053287506104
1.4273210459999999, 1.5756512880325317
1.429386963, 1.5742745399475098
1.431354024, 1.5776281356811523
1.433399275, 1.574931025505066
1.435431964, 1.5676469802856445
1.43745832, 1.5697474479675293
1.439508797, 1.5692309141159058
1.441697556, 1.5661649703979492
1.443718081, 1.5690836906433105
1.445713544, 1.5704851150512695
1.447766882, 1.5722254514694214
1.4497719550000001, 1.5699032545089722
1.451799655, 1.5795228481292725
1.453856609, 1.561570167541504
1.455860769, 1.571468710899353
1.4578755380000001, 1.568488359451294
1.459917013, 1.5688072443008423
1.461949148, 1.5696327686309814
1.46394421, 1.5717954635620117
1.466004895, 1.5683307647705078
1.467993659, 1.5732407569885254
1.4700424220000001, 1.5826529264450073
1.472104193, 1.582005500793457
1.474111986, 1.5738837718963623
1.476084673, 1.5692577362060547
1.478127374, 1.5746004581451416
1.480154803, 1.5666570663452148
1.4821787770000001, 1.5739233493804932
1.484231847, 1.5707721710205078
1.486238298, 1.5729179382324219
1.488253259, 1.5726816654205322
1.490318394, 1.57760488986969
1.492332331, 1.5647945404052734
1.494358823, 1.5695950984954834
1.496424285, 1.5650696754455566
1.498387777, 1.5656951665878296
1.500432032, 1.5749268531799316
1.5024391609999999, 1.57402503490448
1.5044979710000002, 1.5667837858200073
1.5065305150000001, 1.5664634704589844
1.5085436030000001, 1.5658644437789917
1.510565861, 1.566587209701538
1.512584456, 1.5620710849761963
1.514587795, 1.5649988651275635
1.516611919, 1.564435362815857
1.518651476, 1.565124273300171
1.520680655, 1.5678670406341553
1.522700293, 1.5619497299194336
1.524736151, 1.5593140125274658
1.5267376929999998, 1.5714693069458008
1.528984495, 1.567712426185608
1.530922165, 1.5748064517974854
1.532956174, 1.5663719177246094
1.535090219, 1.5652027130126953
1.5370386169999999, 1.5629770755767822
1.539057136, 1.5688631534576416
1.5410826850000001, 1.5676209926605225
1.543114397, 1.5721464157104492
1.54512554, 1.570627212524414
1.547194523, 1.5754832029342651
1.549181107, 1.5677993297576904
1.551218811, 1.5752182006835938
1.553240557, 1.577086329460144
1.555254495, 1.565946340560913
1.557282592, 1.578189730644226
1.5593392430000002, 1.5706088542938232
1.5613855970000001, 1.5786769390106201
1.563425292, 1.5746967792510986
1.5654210819999999, 1.5729423761367798
1.567419989, 1.5781331062316895
1.569466027, 1.5712604522705078
1.571464374, 1.5812345743179321
1.573520502, 1.5731980800628662
1.575530877, 1.560179591178894
1.577544215, 1.5768909454345703
1.579600771, 1.5677907466888428
1.581596476, 1.5713756084442139
1.58361041, 1.5690444707870483
1.5856704000000001, 1.5744962692260742
1.587673971, 1.5703483819961548
1.589714128, 1.571402907371521
1.5918491289999999, 1.57368803024292
1.593864264, 1.5699959993362427
1.595911767, 1.5709316730499268
1.597940975, 1.5716882944107056
1.600057216, 1.5678173303604126
1.602147659, 1.575084924697876
1.6051086460000001, 1.5759868621826172
1.607142456, 1.5727794170379639
1.6091815889999999, 1.5750775337219238
1.611248796, 1.5810582637786865
1.613312488, 1.5748242139816284
1.6154258339999998, 1.5749728679656982
1.6175082760000001, 1.5726218223571777
1.620700335, 1.5723984241485596
1.624311203, 1.577089548110962
1.626406744, 1.579972505569458
1.628495561, 1.5749478340148926
1.633170862, 1.5743424892425537
1.63457738, 1.5690346956253052
1.636644386, 1.5751540660858154
1.6386548269999999, 1.5780904293060303
1.64074358, 1.5788363218307495
1.643200832, 1.5718939304351807
1.645296477, 1.5704460144042969
1.647286265, 1.5749675035476685
1.649302523, 1.5741546154022217
1.651330659, 1.5711041688919067
1.653379901, 1.5775377750396729
1.65540014, 1.56644606590271
1.657393586, 1.5711019039154053
1.659530036, 1.565961241722107
1.661496136, 1.5707979202270508
1.663524867, 1.5653603076934814
1.665517331, 1.566922903060913
1.667623003, 1.5723578929901123
1.66956324, 1.5712642669677734
1.6715955820000001, 1.5756466388702393
1.673634378, 1.572437047958374
1.675660229, 1.5690650939941406
1.677789483, 1.5755608081817627
1.6797167929999999, 1.5673229694366455
1.681749057, 1.5729974508285522
1.6837625969999999, 1.5730199813842773
1.685776707, 1.5848701000213623
1.6878001660000002, 1.5808987617492676
1.689857002, 1.5742690563201904
1.691904979, 1.5731160640716553
1.693913666, 1.5768767595291138
1.695933556, 1.569387674331665
1.697952216, 1.5740547180175781
1.700048233, 1.5661628246307373
1.702053336, 1.5764384269714355
1.704044205, 1.574152946472168
1.7060528289999999, 1.5658435821533203
1.70809073, 1.5684747695922852
1.710716418, 1.5680898427963257
1.7127773849999999, 1.5771474838256836
1.714761148, 1.573664903640747
1.716813584, 1.564548373222351
1.718807864, 1.5661845207214355
1.720850263, 1.5619330406188965
1.72286325, 1.568772315979004
1.724923937, 1.5596559047698975
1.726940048, 1.5625641345977783
1.728940119, 1.5592563152313232
1.7309906590000002, 1.5671143531799316
1.733490234, 1.5636658668518066
1.7354603, 1.5555248260498047
1.73752963, 1.5647181272506714
1.739512224, 1.5662593841552734
1.741631746, 1.5616486072540283
1.743679764, 1.5633759498596191
1.745684538, 1.5570707321166992
1.747735348, 1.5631400346755981
1.7497796289999998, 1.565385341644287
1.752149494, 1.5633476972579956
1.754123378, 1.5631163120269775
1.7561439110000001, 1.5643227100372314
1.7581938830000001, 1.5642175674438477
1.760197478, 1.566756010055542
1.762217412, 1.5682299137115479
1.764238521, 1.571622371673584
1.766290326, 1.5649867057800293
1.768496836, 1.5767366886138916
1.770411253, 1.5727351903915405
1.772355724, 1.5682754516601562
1.774469378, 1.5698553323745728
1.776443762, 1.5725371837615967
1.778438726, 1.5752758979797363
1.7805355729999999, 1.5717331171035767
1.782496086, 1.5695600509643555
1.784588706, 1.5699431896209717
1.7865568459999999, 1.5656895637512207
1.788593086, 1.568129301071167
1.790602814, 1.571481466293335
1.7926437, 1.5648329257965088
1.794670277, 1.5636999607086182
1.796699013, 1.5670161247253418
1.7987200269999999, 1.568360686302185
1.800774451, 1.5601797103881836
1.802791617, 1.564821720123291
1.804800861, 1.566948413848877
1.80683354, 1.568713665008545
1.809266856, 1.5704628229141235
1.811324033, 1.5699164867401123
1.813326432, 1.5612362623214722
1.815349661, 1.5639965534210205
1.8173753700000002, 1.5597715377807617
1.819405344, 1.566997766494751
1.821444276, 1.5724005699157715
1.823458746, 1.5695064067840576
1.825476248, 1.568310260772705
1.82748376, 1.5679634809494019
1.829560765, 1.5658711194992065
1.832534605, 1.5690525770187378
1.835802126, 1.5676805973052979
1.8378056109999998, 1.5776879787445068
1.839849184, 1.569435715675354
1.841854742, 1.576171875
1.843879581, 1.5789210796356201
1.8459158580000001, 1.5754709243774414
1.847930266, 1.5666043758392334
1.849977298, 1.5776786804199219
1.851978056, 1.5750783681869507
1.854004841, 1.5722715854644775
1.85607498, 1.566314697265625
1.8580643810000002, 1.5702075958251953
1.8600871429999999, 1.5722460746765137
1.8621187940000001, 1.5704327821731567
1.864142561, 1.563813328742981
1.866191937, 1.5617032051086426
1.8682060950000001, 1.5586895942687988
1.870216436, 1.5683412551879883
1.872272014, 1.5676954984664917
1.874310966, 1.5637483596801758
1.876324517, 1.5613102912902832
1.880052624, 1.568525791168213
1.8820827709999999, 1.571373701095581
1.884156939, 1.5665514469146729
1.886143999, 1.5661087036132812
1.888167041, 1.5685725212097168
1.890213462, 1.5701825618743896
1.892279524, 1.567885398864746
1.894317949, 1.5661075115203857
1.897644012, 1.5707721710205078
1.899622639, 1.5721198320388794
1.901647739, 1.5640275478363037
1.903667745, 1.5713300704956055
1.905685814, 1.5707695484161377
1.907702561, 1.5690058469772339
1.9097410510000001, 1.5633697509765625
1.911795005, 1.5683283805847168
1.913866179, 1.572497010231018
1.91580938, 1.5660977363586426
1.9178345289999998, 1.5663087368011475
1.920389387, 1.5688203573226929
1.922407194, 1.5646934509277344
1.9244398029999998, 1.5717023611068726
1.926489133, 1.5719853639602661
1.928481144, 1.5700654983520508
1.931509987, 1.5714726448059082
1.933051552, 1.5635802745819092
1.935076026, 1.5654373168945312
1.937122532, 1.560889720916748
1.9391169129999999, 1.5690727233886719
1.941339272, 1.5718835592269897
1.943337737, 1.5612521171569824
1.9453557209999999, 1.5643858909606934
1.947404439, 1.5681955814361572
1.94940783, 1.5712714195251465
1.951419851, 1.5671545267105103
1.953483538, 1.563962697982788
1.9555090339999999, 1.5690183639526367
1.957523814, 1.5741026401519775
1.959545286, 1.566035270690918
1.961585769, 1.5675625801086426
1.963642635, 1.5636094808578491
1.96559918, 1.565822958946228
1.967630587, 1.5667030811309814
1.969710222, 1.5680382251739502
1.971806596, 1.5698320865631104
1.973797399, 1.5711098909378052
1.975831809, 1.5586448907852173
1.977897063, 1.5618572235107422
1.979880773, 1.5660654306411743
1.9819334579999999, 1.5731805562973022
1.983945013, 1.573618769645691
1.985966993, 1.5693062543869019
1.987983115, 1.567106008529663
1.990008674, 1.569157361984253
1.992047882, 1.5711424350738525
1.994098792, 1.565834879875183
1.996100776, 1.568845510482788
1.9981185849999998, 1.568291425704956
2.00015001, 1.57209312915802
2.002192566, 1.573015809059143
2.004213406, 1.5713750123977661
2.006218362, 1.5779130458831787
2.008261512, 1.5735633373260498
2.010291666, 1.5746269226074219
2.012642907, 1.5705467462539673
2.014313007, 1.5754117965698242
2.016354996, 1.5668847560882568
2.018389689, 1.5692145824432373
2.020422303, 1.5625746250152588
2.022536473, 1.5586767196655273
2.02455491, 1.5646926164627075
2.026557313, 1.5701448917388916
2.02864076, 1.5679397583007812
2.033257802, 1.5656256675720215
2.035662099, 1.5603454113006592
2.038369477, 1.5645925998687744
2.040343604, 1.5619182586669922
2.042477982, 1.5724728107452393
2.045330556, 1.5699174404144287
2.047352506, 1.5751770734786987
2.049349761, 1.569961667060852
2.051443326, 1.5752822160720825
2.053439208, 1.5711355209350586
2.055863551, 1.5672879219055176
2.057469396, 1.575981855392456
2.06036948, 1.5655181407928467
2.062591908, 1.5647201538085938
2.064615155, 1.572124719619751
2.066641049, 1.564767837524414
2.068706107, 1.5615174770355225
2.070674623, 1.5683528184890747
2.072715868, 1.5715094804763794
2.074836429, 1.5666062831878662
2.076845097, 1.5655848979949951
2.078848742, 1.568941354751587
2.080859103, 1.5667134523391724
2.082886642, 1.5743443965911865
2.084912444, 1.5657912492752075
2.086964401, 1.5673868656158447
2.089008948, 1.5631539821624756
2.090991333, 1.566762924194336
2.095027079, 1.5632466077804565
2.097080574, 1.5683834552764893
2.09936688, 1.5635168552398682
2.101396723, 1.5695525407791138
2.103386637, 1.5682218074798584
2.105407001, 1.5639925003051758
2.107440971, 1.5739946365356445
2.112576115, 1.5648096799850464
2.114574182, 1.5654664039611816
2.116631667, 1.570216178894043
2.118603043, 1.5631906986236572
2.12113062, 1.5634195804595947
2.123166993, 1.5684007406234741
2.125174524, 1.5650285482406616
2.127267717, 1.5712459087371826
2.1292740549999998, 1.5719959735870361
2.131275866, 1.5775666236877441
2.133303262, 1.5713975429534912
2.135352334, 1.5639958381652832
2.137380228, 1.568859338760376
2.139377806, 1.5685265064239502
2.141422239, 1.567228078842163
2.14359561, 1.5746655464172363
2.145605984, 1.571143388748169
2.147675108, 1.5729857683181763
2.14967505, 1.5768992900848389
2.151697966, 1.575418472290039
2.153744089, 1.5758284330368042
2.155752005, 1.5679347515106201
2.157790824, 1.5625251531600952
2.15979987, 1.5672252178192139
2.161822469, 1.5678715705871582
2.163874242, 1.5675749778747559
2.165868033, 1.5708518028259277
2.167911683, 1.5633107423782349
2.1699388649999998, 1.5725841522216797
2.171969094, 1.5769898891448975
2.174038428, 1.5667977333068848
2.176019579, 1.56295907497406
2.179973552, 1.5648841857910156
2.181980314, 1.560193419456482
2.184008152, 1.5626649856567383
2.1860398500000002, 1.5618550777435303
2.188112712, 1.5671508312225342
2.190443581, 1.5722901821136475
2.192538053, 1.576637864112854
2.194511041, 1.567465901374817
2.19667837, 1.57017982006073
2.198676395, 1.5729436874389648
2.200694263, 1.5703052282333374
2.202704258, 1.5715690851211548
2.204743023, 1.565570592880249
2.206945874, 1.5718638896942139
2.208913386, 1.5788626670837402
2.210979869, 1.5735948085784912
2.214161929, 1.573739767074585
2.216181669, 1.5644869804382324
2.218211279, 1.5580074787139893
2.220197975, 1.5697059631347656
2.222250617, 1.5668118000030518
2.224306003, 1.5667036771774292
2.226338954, 1.5659606456756592
2.22838015, 1.5647292137145996
2.230724462, 1.5690453052520752
2.232673256, 1.56765615940094
2.234688735, 1.56264328956604
2.236764211, 1.563551902770996
2.238767024, 1.566821813583374
2.240771677, 1.5680187940597534
2.24280457, 1.5653672218322754
2.249927146, 1.5606334209442139
2.251914635, 1.5678215026855469
2.253958979, 1.5737831592559814
2.256014358, 1.5576266050338745
2.258130751, 1.5590871572494507
2.260293855, 1.5691845417022705
2.26240706, 1.5722532272338867
2.264551563, 1.5681087970733643
2.266572362, 1.5657719373703003
2.268632044, 1.5710806846618652
2.270609054, 1.570939540863037
2.272642394, 1.563027024269104
2.274671392, 1.5617156028747559
2.276739422, 1.5616304874420166
2.2786975529999998, 1.5600368976593018
2.280731179, 1.5618077516555786
2.282745179, 1.5672094821929932
2.2848052770000002, 1.5744497776031494
2.286853438, 1.568711757659912
2.288884185, 1.5681300163269043
2.290991187, 1.5726039409637451
2.292974129, 1.5663797855377197
2.2950206, 1.5667108297348022
2.297040956, 1.5722391605377197
2.299054875, 1.5664501190185547
2.301107975, 1.5725017786026
2.3031229619999998, 1.5652573108673096
2.305126503, 1.5612714290618896
2.3071927260000002, 1.5677645206451416
2.309180125, 1.5625238418579102
2.311554856, 1.5698885917663574
2.313581569, 1.56612229347229
2.3155947599999998, 1.554499864578247
2.317654502, 1.5604703426361084
2.320629221, 1.561619520187378
2.322633393, 1.565861463546753
2.324660999, 1.5595145225524902
2.326947312, 1.561539649963379
2.328965501, 1.5680711269378662
2.330996798, 1.5673224925994873
2.333013111, 1.56339430809021
2.335063948, 1.5615613460540771
2.337074972, 1.566558837890625
2.339085458, 1.5643980503082275
2.341175694, 1.565830945968628
2.343347016, 1.556962251663208
2.34531261, 1.5645430088043213
2.347342172, 1.5644075870513916
2.349378719, 1.5664129257202148
2.351419231, 1.564494013786316
2.353508843, 1.5658103227615356
2.355562367, 1.5648620128631592
2.357516416, 1.564513921737671
2.359561354, 1.5737745761871338
2.361567876, 1.566217064857483
2.363627577, 1.5740983486175537
2.365603686, 1.5640666484832764
2.3676729659999998, 1.5704529285430908
2.369674975, 1.568993091583252
2.371715455, 1.575426697731018
2.373758499, 1.5637668371200562
2.375812186, 1.560774564743042
2.377915622, 1.572129487991333
2.379992289, 1.567095160484314
2.382142847, 1.5689483880996704
2.384203759, 1.5707616806030273
2.388948556, 1.5674993991851807
2.391164733, 1.5733864307403564
2.393306281, 1.5646921396255493
2.3954100560000002, 1.56239914894104
2.39776044, 1.5683749914169312
2.40060988, 1.560643196105957
2.402649789, 1.5652105808258057
2.404691352, 1.5582435131072998
2.406702205, 1.5650184154510498
2.408727162, 1.5597305297851562
2.410772316, 1.5656614303588867
2.412797624, 1.5699269771575928
2.414813071, 1.562469244003296
2.416838965, 1.5606586933135986
2.418850353, 1.5618163347244263
2.420879296, 1.5719572305679321
2.42290201, 1.5705223083496094
2.425024319, 1.5693950653076172
2.428588724, 1.572724461555481
2.430618838, 1.5728232860565186
2.432644891, 1.5686724185943604
2.434681432, 1.5688605308532715
2.436708392, 1.5701600313186646
2.441056075, 1.5681543350219727
2.443205897, 1.5655591487884521
2.44522703, 1.5703288316726685
2.447315321, 1.5706591606140137
2.449304347, 1.5661125183105469
2.451345356, 1.5752525329589844
2.453581088, 1.5708496570587158
2.455826115, 1.5618557929992676
2.458817307, 1.5641918182373047
2.460816975, 1.5722038745880127
2.462823354, 1.5654747486114502
2.464896471, 1.5695323944091797
2.466934809, 1.567223310470581
2.469139384, 1.5649278163909912
2.471574203, 1.5739187002182007
2.473801099, 1.5681999921798706
2.475771042, 1.5572744607925415
2.477853776, 1.5613571405410767
2.479844139, 1.5603351593017578
2.481882627, 1.5612894296646118
2.483938498, 1.5688722133636475
2.485935713, 1.5715131759643555
2.487947998, 1.5738215446472168
2.490091811, 1.5750129222869873
2.492109006, 1.568100929260254
2.494140891, 1.571997880935669
2.496132349, 1.5698986053466797
2.498176104, 1.5730210542678833
2.500231143, 1.5743138790130615
2.502432306, 1.5695743560791016
2.504441806, 1.5684584379196167
2.506495855, 1.573398470878601
2.508454995, 1.5761620998382568
2.510594256, 1.5697920322418213
2.512638176, 1.572187066078186
2.514999338, 1.5662801265716553
2.517004685, 1.5669867992401123
2.519018647, 1.5604643821716309
2.521045692, 1.564511775970459
2.523086118, 1.5743975639343262
2.525097414, 1.5774357318878174
2.527155345, 1.5761594772338867
2.529163266, 1.564427375793457
2.531230547, 1.5645209550857544
2.533198741, 1.5699466466903687
2.535246644, 1.5639033317565918
2.537350279, 1.5727348327636719
2.539332683, 1.5693180561065674
2.541415745, 1.5704333782196045
2.543383827, 1.5691781044006348
2.545382266, 1.5682172775268555
2.54742061, 1.5601301193237305
2.549501717, 1.5611125230789185
2.551460774, 1.5724401473999023
2.5534797620000003, 1.5683107376098633
2.555536011, 1.568105697631836
2.557548975, 1.571598768234253
2.559566392, 1.5656627416610718
2.561593604, 1.5651061534881592
2.563623249, 1.5765929222106934
2.565657383, 1.5667870044708252
2.56766441, 1.5672829151153564
2.569729403, 1.574837565422058
2.571755887, 1.5763890743255615
2.573875868, 1.5703749656677246
2.575837926, 1.5733683109283447
2.577839095, 1.5774102210998535
2.57986914, 1.5704114437103271
2.58193908, 1.573554277420044
2.583936493, 1.5781872272491455
2.585979359, 1.5661506652832031
2.587999787, 1.5724196434020996
2.590045759, 1.569719672203064
2.592040143, 1.5711894035339355
2.5940656840000003, 1.5737597942352295
2.59610302, 1.5693113803863525
2.59811389, 1.561448097229004
2.600170145, 1.567319393157959
2.602168736, 1.568713903427124
2.604193605, 1.5737992525100708
2.6062540309999997, 1.5713136196136475
2.608243133, 1.5658237934112549
2.610284235, 1.5718413591384888
2.612332463, 1.5746248960494995
2.614336264, 1.5689860582351685
2.616340145, 1.568070411682129
2.618700479, 1.5710148811340332
2.620889178, 1.563736915588379
2.6229034540000002, 1.5636281967163086
2.6249630440000002, 1.5684900283813477
2.626974116, 1.5690686702728271
2.629720222, 1.5709950923919678
2.631718414, 1.5748505592346191
2.633708384, 1.5687670707702637
2.635759045, 1.5613130331039429
2.63776632, 1.5614376068115234
2.639795409, 1.5634596347808838
2.6418214410000003, 1.5646917819976807
2.64383591, 1.5685948133468628
2.645867129, 1.5715842247009277
2.647914685, 1.5738027095794678
2.649923674, 1.5703532695770264
2.65197217, 1.5824273824691772
2.653974386, 1.5610170364379883
2.65600739, 1.5701727867126465
2.658016823, 1.5708086490631104
2.6600548, 1.5662462711334229
2.662081692, 1.5769755840301514
2.664100431, 1.5781176090240479
2.6661112300000003, 1.5683822631835938
2.6681599179999997, 1.5725607872009277
2.67032782, 1.573570728302002
2.672323504, 1.5738919973373413
2.674358161, 1.5688221454620361
2.676410388, 1.5615203380584717
2.678404627, 1.5679595470428467
2.6804147289999998, 1.5661064386367798
