0.728042237, -2.2026968002319336
0.730075344, -2.2083961963653564
0.732091537, -2.207244873046875
0.734151897, -2.205672264099121
0.736274056, -2.199690818786621
0.738277842, -2.2091434001922607
0.740268207, -2.2174949645996094
0.742310918, -2.2115437984466553
0.744345281, -2.2038326263427734
0.746350627, -2.1963133811950684
0.748408117, -2.209625482559204
0.750454583, -2.2130374908447266
0.752459257, -2.205618381500244
0.754486214, -2.2069993019104004
0.756581039, -2.200502395629883
0.758551279, -2.210308790206909
0.76057119, -2.2251973152160645
0.76258525, -2.215787649154663
0.764633093, -2.2021379470825195
0.766668101, -2.197579860687256
0.768657797, -2.2032017707824707
0.770692971, -2.2101263999938965
0.77271156, -2.2013375759124756
0.774757364, -2.201380491256714
0.776749619, -2.1913509368896484
0.778805512, -2.2047362327575684
0.780832304, -2.2231132984161377
0.782834626, -2.213456392288208
0.785021197, -2.2001514434814453
0.786972076, -2.1988863945007324
0.790563135, -2.2119181156158447
0.792564921, -2.2067487239837646
0.795387823, -2.201653003692627
0.797332803, -2.1912832260131836
0.79938394, -2.2116591930389404
0.801410741, -2.2202208042144775
0.803456, -2.20986008644104
0.805443047, -2.1984167098999023
0.807507554, -2.208951950073242
0.809518798, -2.2155873775482178
0.811534017, -2.2115113735198975
0.813576309, -2.2080113887786865
0.815595989, -2.1967928409576416
0.817670834, -2.1975932121276855
0.819659789, -2.221339702606201
0.82261861, -2.2273831367492676
0.824568627, -2.2117273807525635
0.826590141, -2.205251693725586
0.828620235, -2.212419271469116
0.830646898, -2.2143642902374268
0.832660936, -2.2046005725860596
0.834695315, -2.2005836963653564
0.836744023, -2.1942801475524902
0.83943786, -2.203932523727417
0.841364741, -2.214836597442627
0.843397956, -2.201794147491455
0.845488012, -2.1914708614349365
0.847439938, -2.1952147483825684
0.849466447, -2.203712224960327
0.851494794, -2.2023375034332275
0.853524323, -2.2013556957244873
0.85556179, -2.1901814937591553
0.857567246, -2.192256212234497
0.859592237, -2.2029387950897217
0.861619316, -2.2111902236938477
0.863654708, -2.199425458908081
0.865711772, -2.188396692276001
0.867713904, -2.193089723587036
0.869763082, -2.2070233821868896
0.871854328, -2.2078826427459717
0.873839269, -2.2062783241271973
0.875949947, -2.1987688541412354
0.877907453, -2.1985747814178467
0.879951075, -2.2179408073425293
0.881968952, -2.223062515258789
0.884032902, -2.2147090435028076
0.886478623, -2.196913242340088
0.888540317, -2.2118399143218994
0.890547381, -2.2179996967315674
0.892593389, -2.205968141555786
0.894642355, -2.1998257637023926
0.896686651, -2.2010498046875
0.898674007, -2.212897539138794
0.900723324, -2.2233641147613525
0.902763283, -2.2109627723693848
0.904789992, -2.203066825866699
0.906784428, -2.1968131065368652
0.908824244, -2.206068515777588
0.910893243, -2.20733380317688
0.912919849, -2.1961312294006348
0.914955069, -2.1909422874450684
0.917053283, -2.1908628940582275
0.918980395, -2.2063136100769043
0.921031767, -2.2187719345092773
0.923055313, -2.2081615924835205
0.925100275, -2.198122501373291
0.927113081, -2.202011823654175
0.929174314, -2.213188648223877
0.931145592, -2.208170175552368
0.933199657, -2.195669412612915
0.935203084, -2.1909689903259277
0.937260353, -2.188337802886963
0.939293583, -2.2014873027801514
0.941301669, -2.2182416915893555
0.943321294, -2.2101938724517822
0.945367584, -2.2015199661254883
0.94750559, -2.212240219116211
0.949533522, -2.2122573852539062
0.952073982, -2.2096188068389893
0.95406717, -2.201810598373413
0.956390956, -2.193568706512451
0.958484071, -2.212031602859497
0.960585083, -2.2252252101898193
0.962622359, -2.211230993270874
0.964661961, -2.199605703353882
0.966765307, -2.197601795196533
0.968833549, -2.206122875213623
0.97087092, -2.211895227432251
0.972886736, -2.203150510787964
0.975015365, -2.192444324493408
0.977074994, -2.1990036964416504
0.979098196, -2.215467929840088
0.981113842, -2.221487045288086
0.983124744, -2.2118496894836426
0.985161411, -2.1979875564575195
0.987166818, -2.2010631561279297
0.989223952, -2.2086892127990723
0.991240868, -2.2083566188812256
0.993250539, -2.200005531311035
0.995303937, -2.190528631210327
0.997312526, -2.195697069168091
0.999417153, -2.2129967212677
1.001421265, -2.217958450317383
1.003447572, -2.205671548843384
1.007536174, -2.193222761154175
1.009588211, -2.20599627494812
1.012197241, -2.2106990814208984
1.014208088, -2.2051563262939453
1.016255492, -2.1960556507110596
1.018339375, -2.203920364379883
1.020447189, -2.2222161293029785
1.0224764, -2.2171552181243896
1.024516876, -2.2075448036193848
1.027949814, -2.199674606323242
1.030107031, -2.220130443572998
1.032106596, -2.212528944015503
1.034210154, -2.2072930335998535
1.036170819, -2.2005198001861572
1.040378782, -2.2032620906829834
1.042359822, -2.220099925994873
1.044541284, -2.2068538665771484
1.046694922, -2.204503297805786
1.048599788, -2.206843614578247
1.050611196, -2.213019847869873
1.052706292, -2.2073121070861816
1.054718986, -2.1986465454101562
1.0567184059999999, -2.18966007232666
1.058760953, -2.202878713607788
1.060812773, -2.2179064750671387
1.062797032, -2.205017328262329
1.06481817, -2.191206455230713
1.066837982, -2.194197177886963
1.068881104, -2.2057275772094727
1.070916659, -2.2100164890289307
1.0729211300000001, -2.2061262130737305
1.07507485, -2.195469856262207
1.077554554, -2.184309244155884
1.079546327, -2.2096145153045654
1.081585688, -2.2207717895507812
1.0835797679999999, -2.2064576148986816
1.085621706, -2.1971588134765625
1.088403928, -2.2024738788604736
1.090435126, -2.2041361331939697
1.09245208, -2.2035295963287354
1.094522655, -2.202338457107544
1.096537398, -2.1926212310791016
1.09859108, -2.2046403884887695
1.100626556, -2.2181649208068848
1.102680982, -2.2138023376464844
1.105505417, -2.1969854831695557
1.107629787, -2.2018370628356934
1.109657141, -2.2156195640563965
1.11175311, -2.2101447582244873
1.113828832, -2.2094876766204834
1.115797477, -2.196056365966797
1.117854204, -2.197887897491455
1.119845276, -2.222804307937622
1.1219109760000001, -2.2160794734954834
1.123940691, -2.199934959411621
1.125932094, -2.2021844387054443
1.128013625, -2.208277940750122
1.142106715, -2.213592767715454
1.144214855, -2.20400333404541
1.146205984, -2.199178695678711
1.148296891, -2.206840753555298
1.150315422, -2.206160545349121
1.152310752, -2.2024996280670166
1.154492714, -2.2007834911346436
1.156680969, -2.1942217350006104
1.158723177, -2.211268186569214
1.161148906, -2.2171685695648193
1.163110568, -2.209275245666504
1.16514697, -2.1961472034454346
1.167207444, -2.1953494548797607
1.169242437, -2.201721668243408
1.171427627, -2.208996534347534
1.173369945, -2.209097385406494
1.175435586, -2.201903820037842
1.177462931, -2.196415901184082
1.179439846, -2.2150774002075195
1.181517833, -2.219501256942749
1.183597367, -2.2085232734680176
1.18567804, -2.1996846199035645
1.18767196, -2.2029223442077637
1.189710265, -2.211792230606079
1.191724561, -2.2168850898742676
1.193763994, -2.208280324935913
1.19583528, -2.199317693710327
1.197809879, -2.201902389526367
1.199837594, -2.220564603805542
1.20185873, -2.214724063873291
1.203889706, -2.2023417949676514
1.206680509, -2.188727378845215
1.208689939, -2.209505558013916
1.210696337, -2.206294536590576
1.21278077, -2.200347900390625
1.214773218, -2.190824270248413
1.216763805, -2.1845321655273438
1.218795899, -2.1978931427001953
1.220799575, -2.2096221446990967
1.222863757, -2.1962485313415527
1.224870259, -2.189338445663452
1.226936434, -2.1936419010162354
1.228942244, -2.201455593109131
1.230995314, -2.2063727378845215
1.233033173, -2.2000746726989746
1.235022323, -2.1938722133636475
1.237471673, -2.1899776458740234
1.239559575, -2.207204818725586
1.241535559, -2.2159640789031982
1.243585871, -2.2046632766723633
1.245583472, -2.19518780708313
1.247611477, -2.2002952098846436
1.249636684, -2.206995964050293
1.251664977, -2.208665370941162
1.253691774, -2.209608554840088
1.255720526, -2.198141574859619
1.25777917, -2.197862386703491
1.259761148, -2.212751865386963
1.261796331, -2.2154347896575928
1.263813805, -2.203336477279663
1.265855895, -2.193547010421753
1.267903504, -2.1963796615600586
1.269969627, -2.2007405757904053
1.2721120209999999, -2.2022690773010254
1.273989144, -2.2004926204681396
1.2760216039999999, -2.1899473667144775
1.278157313, -2.196802854537964
1.280236079, -2.2169055938720703
1.282259525, -2.2151153087615967
1.284318773, -2.201767921447754
1.286739004, -2.1886515617370605
1.288810299, -2.206922769546509
1.290801855, -2.213552236557007
1.2928578609999999, -2.2043228149414062
1.2948712310000001, -2.202726364135742
1.296897919, -2.1909868717193604
1.2989273190000001, -2.2114508152008057
1.300994335, -2.218343496322632
1.303039315, -2.2041709423065186
1.305103833, -2.1937878131866455
1.3070893639999999, -2.196364164352417
1.309156535, -2.204350471496582
1.311179115, -2.2071683406829834
1.313242447, -2.2017276287078857
1.315263355, -2.196232557296753
1.317321495, -2.192689895629883
1.319322684, -2.2154362201690674
1.321343559, -2.2231075763702393
1.323364077, -2.208561897277832
1.3253969159999999, -2.2030930519104004
1.327463188, -2.1975412368774414
1.329502074, -2.2040810585021973
1.331509627, -2.207719326019287
1.33350463, -2.203057289123535
1.336259747, -2.194946765899658
1.3375779159999999, -2.1951327323913574
1.339626504, -2.2192189693450928
1.341679402, -2.21439266204834
1.343678259, -2.2056796550750732
1.3456934010000001, -2.199556589126587
1.3477486220000001, -2.206416368484497
1.3497428870000001, -2.2109427452087402
1.351761771, -2.2116122245788574
1.35386124, -2.2040834426879883
1.355937239, -2.1933555603027344
1.357922484, -2.1951942443847656
1.361432199, -2.2133281230926514
1.36355311, -2.2011735439300537
1.365665436, -2.187800645828247
1.367633219, -2.199551820755005
1.369638933, -2.207993268966675
1.371661972, -2.2011117935180664
1.373723369, -2.195236921310425
1.375750847, -2.188260555267334
1.377728536, -2.1903278827667236
1.379768017, -2.2051374912261963
1.3818027019999999, -2.208367347717285
1.383871462, -2.194476366043091
1.386967168, -2.190760612487793
1.388959585, -2.201178550720215
1.391089348, -2.206817626953125
1.393433807, -2.202247142791748
1.395716419, -2.1943161487579346
1.397574743, -2.1939566135406494
1.3996408009999999, -2.214501142501831
1.401625969, -2.2216861248016357
1.403689795, -2.2053911685943604
1.40570797, -2.1979281902313232
1.4077943290000001, -2.199650764465332
1.409861525, -2.202998638153076
1.411840097, -2.2067489624023438
1.41386478, -2.200509786605835
1.416083157, -2.1905272006988525
1.418102304, -2.1990342140197754
1.4201100150000001, -2.220221996307373
1.4222203150000001, -2.2088403701782227
1.424277057, -2.2015042304992676
1.42641378, -2.193014621734619
1.428520033, -2.202349901199341
1.43051009, -2.2072348594665527
1.43289508, -2.2043285369873047
1.434943493, -2.2038614749908447
1.436982268, -2.191809892654419
1.439267521, -2.204207181930542
1.442596974, -2.20141863822937
1.444578347, -2.1985092163085938
1.446592265, -2.1895477771759033
1.448600619, -2.1972575187683105
1.450686613, -2.2044527530670166
1.45268617, -2.195284605026245
1.454669378, -2.189397096633911
1.457550911, -2.1792185306549072
1.459595693, -2.2083280086517334
1.461619943, -2.211395740509033
1.463630291, -2.1989150047302246
1.465668818, -2.188969850540161
1.468180793, -2.2016654014587402
1.470214347, -2.2071280479431152
1.472237784, -2.208012342453003
1.474297491, -2.205029010772705
1.476278357, -2.197996139526367
1.480624444, -2.206341028213501
1.482823838, -2.2135207653045654
1.484874194, -2.202057123184204
1.486906885, -2.1993608474731445
1.488947608, -2.2111175060272217
1.490967738, -2.2151038646698
1.493004346, -2.209832191467285
1.495022324, -2.204453468322754
1.498117186, -2.1917738914489746
1.5001536739999999, -2.2161805629730225
1.502223346, -2.2046008110046387
1.504242562, -2.1995863914489746
1.506416394, -2.1921157836914062
1.508438274, -2.2023279666900635
1.51047589, -2.2029452323913574
1.51250149, -2.1978909969329834
1.514543444, -2.194148540496826
1.516541187, -2.185652017593384
1.518570438, -2.1994378566741943
1.520601283, -2.2131288051605225
1.5226489920000001, -2.2015247344970703
1.524637846, -2.198655128479004
1.5266842729999999, -2.1969330310821533
1.528698743, -2.209009885787964
1.531509238, -2.210883855819702
1.5335282399999999, -2.19991397857666
1.535596821, -2.189535140991211
1.537780221, -2.192314863204956
1.539819117, -2.21596622467041
1.541881211, -2.218209743499756
1.543877548, -2.2042276859283447
1.545894157, -2.1976265907287598
1.547934592, -2.202202796936035
1.549985865, -2.210449457168579
1.5519742029999999, -2.206275701522827
1.553997223, -2.197556972503662
1.556081289, -2.1855807304382324
1.5580812750000002, -2.193274974822998
1.560118509, -2.2174735069274902
1.562135052, -2.213491678237915
1.56422075, -2.201765775680542
1.566307622, -2.1965582370758057
1.5682496320000001, -2.1993632316589355
1.570345592, -2.2070295810699463
1.572309363, -2.2040767669677734
1.574468719, -2.198392629623413
1.576396479, -2.186436176300049
1.578433602, -2.19846248626709
1.580458402, -2.215580940246582
1.582500244, -2.20637583732605
1.5845416829999999, -2.2007546424865723
1.586669544, -2.200652837753296
1.588646111, -2.212409496307373
1.590703457, -2.2116360664367676
1.592698599, -2.2047030925750732
1.594742289, -2.191316604614258
1.596871214, -2.185676097869873
1.598991777, -2.2090697288513184
1.6009667570000001, -2.2140676975250244
1.602985055, -2.204463005065918
1.6050267790000001, -2.1969470977783203
1.607081568, -2.2003839015960693
1.6091112189999999, -2.2048497200012207
1.6111234639999998, -2.2094218730926514
1.613537504, -2.200244426727295
1.6156262940000001, -2.1891462802886963
1.617671898, -2.191335916519165
1.619710416, -2.2147958278656006
1.6217696689999999, -2.2165260314941406
1.62377104, -2.2063095569610596
1.625801608, -2.2037222385406494
1.6285495239999999, -2.206613779067993
1.630587349, -2.211085796356201
1.6326274139999999, -2.204453468322754
1.6346011759999999, -2.2050058841705322
1.63730179, -2.1999967098236084
1.63928122, -2.2149970531463623
1.6413734039999999, -2.2226758003234863
1.643435293, -2.209080457687378
1.645474017, -2.200685501098633
1.64750724, -2.200723886489868
1.649606172, -2.209135055541992
1.651723473, -2.2095131874084473
1.653742455, -2.2040414810180664
1.655761634, -2.1948437690734863
1.657806626, -2.195976972579956
1.659806517, -2.2057881355285645
1.661837944, -2.210394859313965
1.6638599360000002, -2.201439619064331
1.666488781, -2.1923036575317383
1.668493274, -2.196967363357544
1.670522687, -2.2065467834472656
1.672576216, -2.199549913406372
1.6746013560000002, -2.1940126419067383
1.676618043, -2.1827690601348877
1.678616067, -2.197133779525757
1.680643962, -2.2073779106140137
1.6827040599999998, -2.2052886486053467
1.68474106, -2.194456100463867
1.68672138, -2.1879711151123047
1.688815887, -2.201521396636963
1.690776362, -2.20963454246521
1.69279968, -2.2035346031188965
1.694838464, -2.2010092735290527
1.6970245, -2.1909310817718506
1.6990643840000001, -2.2131662368774414
1.701080567, -2.223855495452881
1.703096397, -2.2085378170013428
1.7051365139999999, -2.197134256362915
1.707135716, -2.1916093826293945
1.709192408, -2.205915927886963
1.7111932520000002, -2.2086806297302246
1.713238294, -2.1989264488220215
1.715371105, -2.1937294006347656
1.717368563, -2.1886045932769775
1.71938527, -2.2062807083129883
1.721415646, -2.2168149948120117
1.723431309, -2.2025907039642334
1.725489508, -2.191642999649048
1.7274921349999999, -2.1936659812927246
1.729543913, -2.1988415718078613
1.7315572719999999, -2.2010960578918457
1.733565779, -2.1936285495758057
1.735587957, -2.1895461082458496
1.737615558, -2.1851956844329834
1.7396413819999998, -2.2031102180480957
1.741651489, -2.210648775100708
1.74371513, -2.196291446685791
1.74573606, -2.1896331310272217
1.747755774, -2.1936073303222656
1.7498035889999999, -2.201056957244873
1.7518106329999998, -2.2024683952331543
1.75383432, -2.197666645050049
1.75585988, -2.1908769607543945
1.7578841459999999, -2.192840099334717
1.759911313, -2.212398052215576
1.76192197, -2.2074882984161377
1.764226357, -2.198915719985962
1.766214321, -2.199519395828247
1.768231704, -2.207068920135498
1.770245458, -2.2090649604797363
1.772290027, -2.2074851989746094
1.7743118230000001, -2.2056360244750977
1.776377706, -2.1963438987731934
1.778346601, -2.2054998874664307
1.7804218280000002, -2.2223823070526123
1.7824321429999999, -2.214935541152954
1.7844184520000002, -2.2084436416625977
1.78648428, -2.205997943878174
1.788538349, -2.210972547531128
1.790511066, -2.215709924697876
1.792536795, -2.208585023880005
1.794558831, -2.207581043243408
1.796986588, -2.1907918453216553
1.800693376, -2.2082059383392334
1.8021600370000002, -2.207540512084961
1.804221799, -2.1972239017486572
1.806200595, -2.1936187744140625
1.808229313, -2.195802688598633
1.810268455, -2.202322483062744
1.813337317, -2.201436996459961
1.8152885250000002, -2.193786382675171
1.817315925, -2.183380603790283
1.819335963, -2.1970374584198
1.821335789, -2.2088687419891357
1.823377592, -2.2009458541870117
1.825420157, -2.1920363903045654
1.827442038, -2.1932380199432373
1.829456245, -2.2015340328216553
1.831477779, -2.210874557495117
1.8344296679999998, -2.2029330730438232
1.836414867, -2.1890106201171875
1.8384327790000001, -2.1946499347686768
1.840481486, -2.216803550720215
1.843437778, -2.2101666927337646
1.8454620240000001, -2.1953368186950684
1.847565336, -2.191399335861206
1.8495145549999998, -2.203287363052368
1.8515628309999999, -2.2118093967437744
1.853595227, -2.2031161785125732
1.855614871, -2.187940835952759
1.85763882, -2.189713478088379
1.859680206, -2.2021255493164062
1.8617184, -2.208224058151245
1.8637202510000002, -2.19511342048645
1.865752477, -2.183523654937744
1.867783707, -2.1899068355560303
1.869816804, -2.2024152278900146
1.871838233, -2.200577735900879
1.8739027350000002, -2.1975133419036865
1.875876755, -2.189326763153076
1.877970355, -2.194162368774414
1.880045709, -2.209383010864258
1.882060235, -2.214594602584839
1.8840805010000001, -2.1990222930908203
1.887518296, -2.1896960735321045
1.888256036, -2.1981446743011475
1.890338646, -2.2048606872558594
1.892310105, -2.1974565982818604
1.894322624, -2.194612741470337
1.8965623950000001, -2.1877636909484863
1.899899435, -2.2073981761932373
1.901941852, -2.209193706512451
1.903916718, -2.1968538761138916
1.905938191, -2.191910982131958
1.907992715, -2.197974920272827
1.910001087, -2.2021031379699707
1.912008962, -2.201720714569092
1.914046304, -2.19801664352417
1.9160774329999999, -2.1792843341827393
1.918101419, -2.1879019737243652
1.9201725440000001, -2.209029197692871
1.922140086, -2.212636947631836
1.924166997, -2.199556589126587
1.9261952039999999, -2.195690870285034
1.9282446279999998, -2.208650588989258
1.930279753, -2.216158151626587
1.93227422, -2.2129812240600586
1.9343279230000001, -2.2024261951446533
1.936329419, -2.193009614944458
1.938353793, -2.205134391784668
1.940425926, -2.2199954986572266
1.942499583, -2.2109062671661377
1.946295197, -2.2032806873321533
1.947610379, -2.202367067337036
1.949626402, -2.2112157344818115
1.951645725, -2.208872079849243
1.955016943, -2.2028090953826904
1.957041155, -2.1911604404449463
1.959039578, -2.201155662536621
1.961099773, -2.2126855850219727
1.963120488, -2.200629711151123
1.965129619, -2.1936769485473633
1.967216735, -2.1885669231414795
1.969216648, -2.203901529312134
1.9712299450000001, -2.212129592895508
1.973291457, -2.2011663913726807
1.975281971, -2.198112726211548
1.977369542, -2.194486379623413
1.979354362, -2.2127652168273926
1.9815935630000001, -2.217676877975464
1.983712774, -2.206482410430908
1.985691951, -2.2012057304382324
1.9876967319999999, -2.200706958770752
1.989741552, -2.2129039764404297
1.991764538, -2.2165277004241943
1.998538358, -2.2014026641845703
2.000061612, -2.216944694519043
2.002650383, -2.2133495807647705
2.005600915, -2.1951420307159424
2.007957453, -2.2024431228637695
2.013367489, -2.207339286804199
2.015315722, -2.192986249923706
2.017334818, -2.1796581745147705
2.01936121, -2.203559398651123
2.021414552, -2.207610607147217
2.023432289, -2.193770408630371
2.025468691, -2.1833064556121826
2.027492284, -2.1898019313812256
2.029498653, -2.1956675052642822
2.0315454, -2.2013633251190186
2.033680742, -2.1937339305877686
2.035643371, -2.19089937210083
2.037674911, -2.18727970123291
2.039705711, -2.2049033641815186
2.041894206, -2.2062573432922363
2.043742478, -2.19236421585083
2.045780068, -2.193859577178955
2.047909966, -2.198824644088745
2.049955869, -2.2026615142822266
2.051948803, -2.2070469856262207
2.053968287, -2.204509973526001
2.05601236, -2.1912574768066406
2.058018279, -2.194122076034546
2.060042921, -2.2124738693237305
2.062079224, -2.21297287940979
2.064088205, -2.2044637203216553
2.06613473, -2.1978797912597656
2.068134237, -2.1982953548431396
2.070201059, -2.2105154991149902
2.072225029, -2.2118983268737793
2.07422943, -2.2043843269348145
2.076269246, -2.195688247680664
2.078350875, -2.1988961696624756
2.080289304, -2.220276355743408
2.082330163, -2.2146072387695312
2.084339912, -2.201423406600952
2.086390032, -2.1921019554138184
2.088395838, -2.1995227336883545
2.090449371, -2.20559024810791
2.093779328, -2.2038729190826416
2.095745766, -2.1898679733276367
2.098552702, -2.186426877975464
2.100566624, -2.2125096321105957
2.102549485, -2.21083664894104
2.104577143, -2.196383237838745
2.106599415, -2.186446189880371
2.1086256, -2.1975696086883545
2.110875974, -2.203474283218384
2.112671082, -2.199040651321411
2.114703821, -2.1933658123016357
2.116892621, -2.1847898960113525
2.118906262, -2.198281764984131
2.12204248, -2.2135441303253174
2.124033958, -2.199240207672119
2.126777536, -2.1940109729766846
2.128782397, -2.2087950706481934
2.130733609, -2.2155094146728516
2.132798606, -2.209599018096924
2.1348779, -2.2084524631500244
2.137045422, -2.190964698791504
2.139061748, -2.2094504833221436
2.141090837, -2.226351261138916
2.143121365, -2.213411331176758
2.145132759, -2.2005763053894043
2.147168363, -2.2054765224456787
2.149176088, -2.2091708183288574
2.151219347, -2.2155818939208984
2.153233122, -2.206545829772949
2.155268008, -2.1972734928131104
2.157307958, -2.184231758117676
2.1593029440000002, -2.2025084495544434
2.1613112660000002, -2.212631940841675
2.163373669, -2.2010512351989746
2.165391729, -2.189915418624878
2.16772358, -2.1996521949768066
2.169781098, -2.2065412998199463
2.171782504, -2.209784746170044
2.173819001, -2.2029407024383545
2.175870071, -2.1915743350982666
2.178628115, -2.185976266860962
2.180648966, -2.2103044986724854
2.182620593, -2.205716609954834
2.184672227, -2.1999497413635254
2.186694165, -2.200213670730591
2.18872626, -2.2044920921325684
2.19076024, -2.2034201622009277
2.192771209, -2.1953976154327393
2.194803831, -2.197096109390259
2.196885057, -2.1842188835144043
2.198893771, -2.1974618434906006
2.200909385, -2.21122670173645
2.2029182, -2.2007923126220703
2.206382859, -2.1930959224700928
2.208422761, -2.1995108127593994
2.210476417, -2.2021615505218506
2.212559577, -2.203325033187866
2.214566487, -2.199233055114746
2.216745148, -2.1862683296203613
2.218779594, -2.2047059535980225
2.220814891, -2.215233564376831
2.222838741, -2.2023556232452393
2.224932849, -2.1978516578674316
2.226989531, -2.1921045780181885
2.229020811, -2.200183391571045
2.230951191, -2.2067415714263916
2.232995634, -2.2009952068328857
2.23516798, -2.191730499267578
2.2372035710000002, -2.183204412460327
2.239203743, -2.2050578594207764
2.241262906, -2.2145798206329346
2.243255073, -2.2026679515838623
2.245296151, -2.194498062133789
2.247314212, -2.188016891479492
2.249388356, -2.195281982421875
2.252430024, -2.1993792057037354
2.254347638, -2.1948864459991455
2.256400856, -2.1790218353271484
2.258751776, -2.185042142868042
2.261178535, -2.2096354961395264
2.263133411, -2.2042768001556396
2.265170614, -2.1921989917755127
2.267269541, -2.1972439289093018
2.270415779, -2.208786725997925
2.272574511, -2.2039525508880615
2.274741901, -2.202746629714966
2.2767457589999998, -2.1905879974365234
2.278749059, -2.1997036933898926
2.280779946, -2.217653512954712
2.282783045, -2.2072348594665527
2.284824032, -2.201765537261963
2.286850946, -2.2023699283599854
2.288921061, -2.2095611095428467
2.29091274, -2.2179133892059326
2.292937758, -2.213196039199829
2.294979878, -2.2091925144195557
2.297019843, -2.200090169906616
2.299020773, -2.2183289527893066
2.301089565, -2.2240161895751953
2.303041716, -2.2074289321899414
2.305123128, -2.198411464691162
2.307107035, -2.198066473007202
2.309153319, -2.2055253982543945
2.311164053, -2.21103572845459
2.313169889, -2.2040443420410156
2.315204582, -2.199361801147461
2.317249132, -2.1973071098327637
2.319256469, -2.2129087448120117
2.321452404, -2.2175936698913574
2.323458393, -2.2041399478912354
2.325508387, -2.19543719291687
2.32813755, -2.193840742111206
2.330609917, -2.210362195968628
2.332626522, -2.2011806964874268
2.334892297, -2.1969354152679443
2.337156847, -2.1835598945617676
2.3391777, -2.206493377685547
2.341200642, -2.2147793769836426
2.343260354, -2.206057071685791
2.3452483490000002, -2.1952035427093506
2.347263895, -2.1959190368652344
2.349293532, -2.204132556915283
2.351313846, -2.210494041442871
2.353376091, -2.1985645294189453
2.355363788, -2.2003726959228516
2.357393229, -2.1986091136932373
2.359432213, -2.210742473602295
2.361467244, -2.2184414863586426
2.36348474, -2.204287528991699
2.365537195, -2.193822145462036
2.367577819, -2.201639175415039
2.369566849, -2.213050365447998
2.371581045, -2.2070040702819824
2.3735982460000002, -2.203460931777954
2.375683083, -2.1993157863616943
2.377698711, -2.1965701580047607
2.379763035, -2.214033842086792
2.381720378, -2.21722412109375
2.383743824, -2.2018706798553467
2.385784388, -2.1952881813049316
2.387793092, -2.195352554321289
2.389839773, -2.199337959289551
2.391853352, -2.202075242996216
2.393857203, -2.199096202850342
2.395909772, -2.1871519088745117
2.397933732, -2.189232110977173
2.39995621, -2.2097182273864746
2.401962801, -2.2102203369140625
2.404033434, -2.1944594383239746
2.406020733, -2.1826183795928955
2.408083137, -2.1889283657073975
2.410094683, -2.1947412490844727
2.412106986, -2.1963412761688232
2.414152519, -2.1940805912017822
2.41615612, -2.181506633758545
2.418312429, -2.196977138519287
2.420337449, -2.2139315605163574
2.422340745, -2.2107717990875244
2.424405455, -2.202340602874756
2.426398803, -2.1936020851135254
2.428436081, -2.1983468532562256
2.430619405, -2.2036263942718506
2.432656461, -2.2095072269439697
2.434688177, -2.2036068439483643
2.437039841, -2.192333221435547
2.440532, -2.2095911502838135
2.4426001729999998, -2.2193431854248047
2.444607476, -2.2100162506103516
2.44663638, -2.200660467147827
2.448660592, -2.2058796882629395
2.450767217, -2.2089059352874756
2.4528376290000002, -2.2073421478271484
2.454831692, -2.1993401050567627
2.456877071, -2.1827049255371094
2.458977081, -2.200984477996826
2.460951233, -2.2136826515197754
2.463057765, -2.209385395050049
2.465016561, -2.195810079574585
2.46715382, -2.1949081420898438
2.469124168, -2.2028236389160156
2.471179385, -2.2111289501190186
2.473152982, -2.2034363746643066
2.475224199, -2.1926934719085693
2.477328962, -2.1821978092193604
2.479390672, -2.204474449157715
2.481382675, -2.21417236328125
2.483400167, -2.2003400325775146
2.4854859, -2.1963133811950684
2.487451828, -2.197176933288574
2.489629484, -2.210554361343384
2.491741603, -2.2094507217407227
2.493779429, -2.196988105773926
2.495929217, -2.19100022315979
2.497842355, -2.188570976257324
2.499865192, -2.2094500064849854
2.501891539, -2.213082790374756
2.503901924, -2.197470188140869
2.507698522, -2.1857595443725586
2.509649044, -2.207648992538452
2.511657125, -2.2029240131378174
2.513740439, -2.1977269649505615
2.515784511, -2.1902718544006348
2.5177413939999997, -2.1895949840545654
2.519757157, -2.2047274112701416
2.521790996, -2.2112178802490234
2.5238067920000002, -2.2008771896362305
2.525847944, -2.195131778717041
2.527880462, -2.1982479095458984
2.529913139, -2.206002712249756
2.531935374, -2.2035529613494873
2.534000261, -2.202078104019165
2.536000278, -2.188293695449829
2.538159481, -2.1941287517547607
2.540146339, -2.2092125415802
2.5421619030000002, -2.2078611850738525
2.544203027, -2.1923952102661133
2.546551838, -2.181201457977295
2.54823773, -2.192460775375366
2.550266046, -2.196732997894287
2.55228921, -2.1938323974609375
2.554412845, -2.189578056335449
2.55641128, -2.181718111038208
2.558380827, -2.1881661415100098
2.560432241, -2.208563804626465
2.5624971, -2.206042766571045
2.564560498, -2.1964333057403564
2.567073021, -2.1912102699279785
2.5690104480000002, -2.1994235515594482
2.571043565, -2.2022078037261963
2.573094535, -2.197784423828125
2.575191786, -2.1983580589294434
2.57712164, -2.1904654502868652
2.579146736, -2.2095515727996826
2.581196865, -2.219698905944824
2.583197132, -2.209080934524536
2.585219179, -2.205000638961792
2.587250778, -2.1987545490264893
2.58927362, -2.2053911685943604
2.5913128050000003, -2.202723979949951
2.593359581, -2.201125383377075
2.5953766590000003, -2.195659637451172
2.597416578, -2.187623977661133
2.599460054, -2.2075576782226562
2.601489027, -2.2207143306732178
2.60354217, -2.209940195083618
2.6054785750000002, -2.2125349044799805
2.607498608, -2.2043938636779785
2.609537516, -2.2046024799346924
2.611559487, -2.203528881072998
2.6135848299999997, -2.201348066329956
2.618034812, -2.1936845779418945
2.620027747, -2.213721513748169
2.622463658, -2.2155253887176514
2.624490557, -2.1959657669067383
2.626503099, -2.1861162185668945
2.628545765, -2.193995952606201
2.630599493, -2.202627658843994
2.633240266, -2.1961913108825684
2.635296428, -2.193969249725342
2.637355837, -2.194627523422241
2.639722518, -2.2025160789489746
2.641369589, -2.2130091190338135
2.643419105, -2.200950860977173
2.645433863, -2.1877050399780273
2.647482272, -2.1889808177948
2.649586609, -2.2024736404418945
2.651545601, -2.2012572288513184
2.65362541, -2.198728561401367
2.6556498299999998, -2.2002289295196533
2.657624892, -2.196861982345581
2.659644213, -2.2115955352783203
2.661675229, -2.222388744354248
2.663721494, -2.2069926261901855
2.665738264, -2.1967289447784424
2.667775808, -2.198312759399414
2.669782736, -2.2012929916381836
2.671827301, -2.2017910480499268
2.673827222, -2.2047555446624756
2.675853141, -2.199148654937744
2.677927847, -2.1926627159118652
2.679924418, -2.2114920616149902
2.681962587, -2.2189924716949463
2.683956535, -2.2044761180877686
2.6859967, -2.195859909057617
2.688012524, -2.192737102508545
2.6900958839999998, -2.1974754333496094
2.692775749, -2.1973907947540283
2.69471543, -2.195303440093994
2.696794984, -2.1893465518951416
2.698820236, -2.199068546295166
2.701856513, -2.2142724990844727
2.703856605, -2.2008535861968994
2.705877192, -2.1961772441864014
2.707899427, -2.197237014770508
2.709942144, -2.207191228866577
2.712001516, -2.208461284637451
2.713984086, -2.201622724533081
2.716031154, -2.1898396015167236
2.7180531610000003, -2.1940715312957764
2.72007615, -2.206176519393921
2.722102638, -2.2068886756896973
2.724113456, -2.2041356563568115
2.726149806, -2.1942481994628906
2.728169138, -2.202261447906494
2.730241331, -2.2116751670837402
2.732216944, -2.2144289016723633
2.73426729, -2.2108864784240723
2.7362789530000002, -2.2018887996673584
2.738285789, -2.203051805496216
