0.626149772, -0.3093290328979492
0.62814827, -0.3126845359802246
0.630199118, -0.30088329315185547
0.632240123, -0.28411865234375
0.634237823, -0.27115941047668457
0.636263444, -0.25378847122192383
0.63829297, -0.2837405204772949
0.64036128, -0.28016114234924316
0.642358135, -0.2764415740966797
0.644400156, -0.30173826217651367
0.646403988, -0.30297398567199707
0.648442897, -0.30584073066711426
0.65046296, -0.3073413372039795
0.652518847, -0.2836148738861084
0.654509948, -0.26826977729797363
0.657283045, -0.26448941230773926
0.658559664, -0.28949666023254395
0.660665957, -0.28302788734436035
0.662718791, -0.2916145324707031
0.664771455, -0.3195216655731201
0.666777036, -0.3203768730163574
0.668813587, -0.324735164642334
0.670837135, -0.3163018226623535
0.672879213, -0.2972378730773926
0.67486109, -0.27884864807128906
0.67688876, -0.28909754753112793
0.678906299, -0.29868364334106445
0.680931525, -0.29433774948120117
0.68298265, -0.30597472190856934
0.684987214, -0.3143951892852783
0.687077328, -0.3218226432800293
0.69029086, -0.31746435165405273
0.691346214, -0.31125450134277344
0.693354651, -0.2886686325073242
0.695398408, -0.276580810546875
0.697399126, -0.2881639003753662
0.699440486, -0.2896232604980469
0.701435081, -0.2905709743499756
0.703459054, -0.3088703155517578
0.705557952, -0.31412267684936523
0.707523783, -0.32584071159362793
0.70960051, -0.31714916229248047
0.711668991, -0.3135507106781006
0.71372821, -0.2838144302368164
0.715707691, -0.26399922370910645
0.717740551, -0.2919731140136719
0.719791322, -0.2792806625366211
0.722145429, -0.2785036563873291
0.724198357, -0.2990593910217285
0.726223382, -0.3033885955810547
0.728267412, -0.313478946685791
0.730313177, -0.2937963008880615
0.7323178, -0.28267526626586914
0.734320671, -0.26427173614501953
0.736381131, -0.24947381019592285
0.73846091, -0.2763180732727051
0.740776687, -0.27113914489746094
0.742894532, -0.2856290340423584
0.744863823, -0.29727602005004883
0.746911101, -0.30893445014953613
0.748924596, -0.30211329460144043
0.750970255, -0.30768251419067383
0.752996249, -0.27584218978881836
0.755023066, -0.26033759117126465
0.757058781, -0.2673051357269287
0.75905136, -0.2819945812225342
0.761090123, -0.2745339870452881
0.763148163, -0.28766822814941406
0.765214997, -0.30565905570983887
0.767148321, -0.3143002986907959
0.769223556, -0.30504822731018066
0.771224466, -0.30133605003356934
0.773265726, -0.2722132205963135
0.775257626, -0.264509916305542
0.777287382, -0.2679421901702881
0.779299371, -0.2764451503753662
0.781333985, -0.2768127918243408
0.783397983, -0.294583797454834
0.785426125, -0.30423712730407715
0.787432533, -0.32002687454223633
0.78951632, -0.3095221519470215
0.791509067, -0.3009490966796875
0.793543478, -0.28316283226013184
0.795556309, -0.2677271366119385
0.797576086, -0.28472471237182617
0.799580804, -0.2853982448577881
0.801921526, -0.2908003330230713
0.803893537, -0.3069579601287842
0.805942461, -0.30997443199157715
0.809670729, -0.3183271884918213
0.811578528, -0.3022773265838623
0.813580096, -0.2834651470184326
0.815675579, -0.26268982887268066
0.817682658, -0.2854781150817871
0.81965878, -0.28662848472595215
0.821709909, -0.2803206443786621
0.823719459, -0.30478978157043457
0.825728988, -0.3110225200653076
0.827771171, -0.31865787506103516
0.829818115, -0.3173213005065918
0.831821742, -0.30320000648498535
0.833840821, -0.29129695892333984
0.835869101, -0.2663719654083252
0.838073225, -0.2960093021392822
0.840151437, -0.29017114639282227
0.842146533, -0.28343749046325684
0.844220745, -0.3076333999633789
0.846197882, -0.30545997619628906
0.848224599, -0.3253798484802246
0.850296285, -0.3101067543029785
0.852275856, -0.28697657585144043
0.854309635, -0.2708907127380371
0.856291751, -0.2631187438964844
0.858327567, -0.28497862815856934
0.860380833, -0.27767252922058105
0.86242587, -0.2856917381286621
0.864405448, -0.29673290252685547
0.866434798, -0.314892053604126
0.868478298, -0.31691980361938477
0.870511288, -0.30652713775634766
0.872520461, -0.2893855571746826
0.874581317, -0.2736504077911377
0.876621145, -0.2702600955963135
0.878956893, -0.2900257110595703
0.881987533, -0.2779381275177002
0.883018798, -0.28984618186950684
0.885099332, -0.3070855140686035
0.887084502, -0.3137052059173584
0.889104025, -0.31542229652404785
0.891404079, -0.2960209846496582
0.89321121, -0.2704896926879883
0.895217779, -0.25427842140197754
0.897248837, -0.2680203914642334
0.899245918, -0.27135300636291504
0.90126864, -0.2763040065765381
0.903355157, -0.2877016067504883
0.905320602, -0.3020188808441162
0.907512248, -0.3213629722595215
0.909470898, -0.3001246452331543
0.911501541, -0.298189640045166
0.913591252, -0.276745080947876
0.915588614, -0.26599788665771484
0.91758696, -0.28003883361816406
0.91961156, -0.2808668613433838
0.921647624, -0.2849714756011963
0.923666349, -0.3048243522644043
0.925714534, -0.30837368965148926
0.92771214, -0.3217287063598633
0.929773527, -0.3083968162536621
0.933619462, -0.2913825511932373
0.9356145, -0.26171255111694336
0.937644714, -0.28572726249694824
0.939685029, -0.27712273597717285
0.941702067, -0.287306547164917
0.943737834, -0.29689979553222656
0.945735002, -0.3085336685180664
0.9477798, -0.3236198425292969
0.949849058, -0.31755948066711426
0.951820116, -0.31278300285339355
0.953845243, -0.2889134883880615
0.955872288, -0.27236223220825195
0.957938317, -0.30557775497436523
0.95996653, -0.2898859977722168
0.961977943, -0.2893834114074707
0.963974794, -0.3142685890197754
0.966012865, -0.3184165954589844
0.96802443, -0.31931328773498535
0.970074872, -0.30084824562072754
0.97210354, -0.29738640785217285
0.97413989, -0.28304314613342285
0.976176504, -0.26163315773010254
0.978291617, -0.29360532760620117
0.980284442, -0.28100013732910156
0.982283265, -0.28511953353881836
0.984306912, -0.3042573928833008
0.986345828, -0.313173770904541
0.988369235, -0.3171396255493164
0.990378869, -0.315584659576416
0.992424397, -0.2922327518463135
0.994451633, -0.2730996608734131
0.996475878, -0.27776241302490234
0.998500885, -0.2963557243347168
1.001918462, -0.2898139953613281
1.004084811, -0.3121182918548584
1.00620219, -0.31209397315979004
1.00815953, -0.31739044189453125
1.010568147, -0.30967092514038086
1.013241048, -0.2767825126647949
1.015230664, -0.2641756534576416
1.017273912, -0.2663087844848633
1.01930617, -0.2766385078430176
1.021316942, -0.2754988670349121
1.023329496, -0.2848982810974121
1.025393087, -0.29598474502563477
1.027381707, -0.31464481353759766
1.029408778, -0.2952418327331543
1.031477625, -0.293475866317749
1.033474443, -0.2729504108428955
1.035478353, -0.260730504989624
1.037527926, -0.27688097953796387
1.039539965, -0.2802717685699463
1.041578219, -0.27923154830932617
1.04367644, -0.2885611057281494
1.045741762, -0.2979867458343506
1.047770655, -0.3154115676879883
1.049772972, -0.30249977111816406
1.051818694, -0.29076457023620605
1.053832658, -0.2804992198944092
1.055865759, -0.25821876525878906
1.057889678, -0.2920360565185547
1.059932787, -0.2832210063934326
1.06192281, -0.289961576461792
1.063981575, -0.31040358543395996
1.0660212040000001, -0.3110330104827881
1.0680464060000001, -0.32300448417663574
1.070063507, -0.3023655414581299
1.072080586, -0.3040463924407959
1.074150132, -0.2798740863800049
1.076160886, -0.2702164649963379
1.078160761, -0.29687023162841797
1.080248424, -0.2839655876159668
1.082263496, -0.2918267250061035
1.084303418, -0.30761122703552246
1.086274216, -0.3197133541107178
1.088329178, -0.3173379898071289
1.090382053, -0.30510449409484863
1.092373965, -0.28990983963012695
1.094377607, -0.26603150367736816
1.096439515, -0.2613489627838135
1.09846919, -0.2832622528076172
1.10051415, -0.2812659740447998
1.102533661, -0.283876895904541
1.104576626, -0.3107492923736572
1.106937029, -0.3219287395477295
1.110779556, -0.3217167854309082
1.1128522730000001, -0.2965881824493408
1.114908908, -0.2811892032623291
1.116955584, -0.2861325740814209
1.118959586, -0.3006272315979004
1.120990954, -0.28965091705322266
1.123031112, -0.3010108470916748
1.125093285, -0.31760287284851074
1.127095421, -0.3322446346282959
1.129159125, -0.31220006942749023
1.131146338, -0.31265854835510254
1.133238006, -0.28168201446533203
1.135212718, -0.26438403129577637
1.137267572, -0.2760598659515381
1.139282596, -0.2864058017730713
1.141284459, -0.2762019634246826
1.1433325380000001, -0.28355979919433594
1.145350158, -0.3070237636566162
1.1473700629999999, -0.3147459030151367
1.149365119, -0.2983705997467041
1.151413285, -0.305600643157959
1.153436329, -0.293428897857666
1.155477473, -0.260159969329834
1.15747521, -0.2801194190979004
1.159534312, -0.2878150939941406
1.16154011, -0.2901945114135742
1.163600448, -0.3012092113494873
1.1656379430000001, -0.3086552619934082
1.167637789, -0.31977415084838867
1.16963751, -0.30434203147888184
1.171675449, -0.30211448669433594
1.173700173, -0.2797250747680664
1.175723658, -0.25736141204833984
1.177761544, -0.2838618755340576
1.179791753, -0.2935059070587158
1.181816673, -0.2832198143005371
1.18390304, -0.3069343566894531
1.185855778, -0.3073275089263916
1.187921195, -0.31815004348754883
1.189919107, -0.30100178718566895
1.191931527, -0.2930283546447754
1.193984258, -0.2737269401550293
1.196004596, -0.26349830627441406
1.198015286, -0.2911520004272461
1.200042498, -0.28450703620910645
1.20206892, -0.2811267375946045
1.204097067, -0.31310343742370605
1.20612856, -0.30970001220703125
1.208166037, -0.32175183296203613
1.210202509, -0.31051111221313477
1.21222908, -0.2924342155456543
1.214241426, -0.26982879638671875
1.216259503, -0.25795960426330566
1.21836348, -0.2922384738922119
1.220380465, -0.2843501567840576
1.222360315, -0.2858541011810303
1.224384983, -0.3163468837738037
1.226385229, -0.3114645481109619
1.228416979, -0.31491780281066895
1.230446525, -0.312624454498291
1.232522519, -0.2906203269958496
1.23451425, -0.27205944061279297
1.236692259, -0.26874518394470215
1.238834677, -0.28696298599243164
1.24079787, -0.28273487091064453
1.242811214, -0.2836892604827881
1.244830817, -0.3115856647491455
1.24686995, -0.32378649711608887
1.24887678, -0.3151998519897461
1.250926296, -0.30887627601623535
1.252986705, -0.2924346923828125
1.254992302, -0.25521159172058105
1.257020314, -0.27422046661376953
1.259084842, -0.2860379219055176
1.261077663, -0.2749152183532715
1.263197613, -0.28559112548828125
1.265268118, -0.31406450271606445
1.267240796, -0.32819557189941406
1.269306827, -0.31312084197998047
1.271288823, -0.3166842460632324
1.273352029, -0.2961900234222412
1.2753496260000001, -0.2693781852722168
1.277368375, -0.29221367835998535
1.279415984, -0.29450535774230957
1.281740289, -0.29431962966918945
1.283576258, -0.31117820739746094
1.285638992, -0.32227563858032227
1.2876235839999999, -0.3300814628601074
1.2896508469999999, -0.3122279644012451
1.291715696, -0.3030374050140381
1.293761635, -0.27988195419311523
1.2957761159999999, -0.2657902240753174
1.297813121, -0.29300904273986816
1.299896625, -0.2906806468963623
1.301926501, -0.2891983985900879
1.303939755, -0.30855321884155273
1.305984538, -0.3078956604003906
1.3080050810000001, -0.32405853271484375
1.310032184, -0.30110716819763184
1.3120431049999999, -0.3056764602661133
1.314114205, -0.2852439880371094
1.316114178, -0.26772284507751465
1.318121621, -0.2928318977355957
1.320164072, -0.29773545265197754
1.322179085, -0.29064059257507324
1.324201027, -0.30956578254699707
1.326229685, -0.3187141418457031
1.328268556, -0.32346010208129883
1.330282109, -0.31230854988098145
1.33229977, -0.2963576316833496
1.334339787, -0.27160215377807617
1.3363752340000001, -0.26360034942626953
1.3383926320000001, -0.28807735443115234
1.340416224, -0.27433061599731445
1.342426269, -0.28786563873291016
1.3446442730000001, -0.31278562545776367
1.346515936, -0.3160970211029053
1.348523715, -0.3175532817840576
1.350541, -0.3121330738067627
1.35257906, -0.2947678565979004
1.3546105210000001, -0.27750349044799805
1.356614966, -0.2696113586425781
1.358647513, -0.3002479076385498
1.360673356, -0.2847411632537842
1.362706061, -0.2947230339050293
1.364707839, -0.3229219913482666
1.3667460710000001, -0.32099199295043945
1.368793684, -0.31175732612609863
1.370791933, -0.31369924545288086
1.372890731, -0.29343438148498535
1.374899941, -0.26751279830932617
1.37688718, -0.2816781997680664
1.378940184, -0.288952112197876
1.380931042, -0.28222060203552246
1.382959797, -0.29483485221862793
1.384987859, -0.3146398067474365
1.387012598, -0.3323974609375
1.389025232, -0.3135673999786377
1.391283513, -0.3037230968475342
1.393085714, -0.2934834957122803
1.395382466, -0.2734551429748535
1.397497689, -0.2897038459777832
1.399492504, -0.2979414463043213
1.40150919, -0.2950551509857178
1.403547006, -0.30530452728271484
1.405563816, -0.3106656074523926
1.407587245, -0.3308258056640625
1.409611336, -0.3225724697113037
1.411668754, -0.30866050720214844
1.413674391, -0.27881383895874023
1.415690956, -0.26181507110595703
1.417738823, -0.2956058979034424
1.419770692, -0.2883486747741699
1.421770398, -0.2805356979370117
1.423832873, -0.2996954917907715
1.426048269, -0.30932140350341797
1.428006946, -0.3110065460205078
1.4300545740000001, -0.30762624740600586
1.43205287, -0.29756832122802734
1.434085213, -0.28047919273376465
1.436131879, -0.2627372741699219
1.438125415, -0.30138254165649414
1.440770978, -0.2808725833892822
1.443287507, -0.3083932399749756
1.4452941670000001, -0.3124232292175293
1.447322162, -0.32855987548828125
1.449402957, -0.31745314598083496
1.451397861, -0.3101680278778076
1.4534546210000001, -0.2881002426147461
1.455505338, -0.26769161224365234
1.457526318, -0.29018568992614746
1.459542665, -0.2901434898376465
1.461577774, -0.2883312702178955
1.463573465, -0.31362342834472656
1.465623423, -0.3096427917480469
1.467634928, -0.3302927017211914
1.469657255, -0.3121614456176758
1.471694342, -0.31064772605895996
1.473817872, -0.30043601989746094
1.475739811, -0.2756764888763428
1.477757713, -0.30013370513916016
1.479786826, -0.3047628402709961
1.481814585, -0.2947671413421631
1.483836, -0.3174290657043457
1.4858760850000001, -0.3251323699951172
1.487898111, -0.3311183452606201
1.4899347760000001, -0.31073522567749023
1.491979527, -0.3097820281982422
1.494020004, -0.29381632804870605
1.496009446, -0.2637019157409668
1.498023702, -0.2910780906677246
1.500077706, -0.29381752014160156
1.5020791070000001, -0.28622984886169434
1.50410008, -0.2993769645690918
1.506122126, -0.32024526596069336
1.508197996, -0.3250405788421631
1.510202195, -0.31060266494750977
1.512232735, -0.3030126094818115
1.514231171, -0.2846102714538574
1.5162506690000002, -0.2750992774963379
1.518280128, -0.2962911128997803
1.520285608, -0.2891371250152588
1.522338317, -0.2916696071624756
1.524357582, -0.31455087661743164
1.526627501, -0.3125638961791992
1.528396205, -0.3152811527252197
1.530452886, -0.31324267387390137
1.532642988, -0.2892172336578369
1.534691611, -0.27268290519714355
1.536716421, -0.27446699142456055
1.538759036, -0.2860684394836426
1.540787102, -0.27422428131103516
1.5428126500000001, -0.28169965744018555
1.544851158, -0.2985265254974365
1.546875521, -0.3129312992095947
1.548896274, -0.2976572513580322
1.55091456, -0.2939884662628174
1.552946449, -0.2822384834289551
1.5549822720000002, -0.26210451126098633
1.5570338019999999, -0.27678799629211426
1.559016733, -0.2840006351470947
1.561043212, -0.28668212890625
1.563070923, -0.28563499450683594
1.565108841, -0.30720043182373047
1.567144355, -0.3226139545440674
1.5691534919999999, -0.3060004711151123
1.571251271, -0.3057527542114258
1.573267746, -0.2738759517669678
1.575293457, -0.26928067207336426
1.577340156, -0.28396058082580566
1.579352213, -0.2853522300720215
1.581392549, -0.29096364974975586
1.5834109760000001, -0.30269360542297363
1.585432973, -0.30979132652282715
1.587463217, -0.32770228385925293
1.589590479, -0.3135678768157959
1.5916950079999999, -0.3044455051422119
1.59371065, -0.2870063781738281
1.595736188, -0.268660306930542
1.597753236, -0.29401564598083496
1.5998186479999998, -0.2901296615600586
1.601806198, -0.2957494258880615
1.60386441, -0.3105814456939697
1.605843128, -0.313187837600708
1.607885165, -0.32608795166015625
1.610069395, -0.3120231628417969
1.6119137289999999, -0.30245280265808105
1.613951962, -0.2834451198577881
1.616024353, -0.2594871520996094
1.61801799, -0.2961606979370117
1.6200397739999999, -0.2857956886291504
1.622053034, -0.2811095714569092
1.6240887019999999, -0.2998666763305664
1.626114735, -0.3140134811401367
1.628163424, -0.3278639316558838
1.630174, -0.30778074264526367
1.632209378, -0.29958486557006836
1.634255414, -0.2776939868927002
1.636225926, -0.26981568336486816
1.6382548639999999, -0.29961299896240234
1.640294782, -0.29492878913879395
1.642335363, -0.29079246520996094
1.6443419449999999, -0.3178551197052002
1.646361206, -0.3157777786254883
1.648456297, -0.32205796241760254
1.65041415, -0.30560946464538574
1.652482346, -0.29590606689453125
1.654484801, -0.2760634422302246
1.656521964, -0.2734999656677246
1.658519702, -0.28601622581481934
1.660675141, -0.2797970771789551
1.6626887849999998, -0.2794322967529297
1.664719089, -0.30365705490112305
1.6667116530000001, -0.3169996738433838
1.6688227960000002, -0.30318284034729004
1.67077446, -0.30794739723205566
1.6727929700000002, -0.2807350158691406
1.67481526, -0.2680807113647461
1.6768790569999998, -0.27155256271362305
1.678922093, -0.289015531539917
1.680901577, -0.2787210941314697
1.682923959, -0.29224681854248047
1.685700253, -0.31064748764038086
1.6876891619999999, -0.31803107261657715
1.6903502590000001, -0.3093991279602051
1.6923031800000001, -0.29486536979675293
1.694321479, -0.27834415435791016
1.696358085, -0.27082347869873047
1.698362183, -0.2922220230102539
1.7003857789999999, -0.28411030769348145
1.702436235, -0.29026174545288086
1.704476914, -0.31115055084228516
1.706479842, -0.32209062576293945
1.708490428, -0.31741929054260254
1.7105376190000001, -0.31165504455566406
1.71257054, -0.2858002185821533
1.714562174, -0.27054262161254883
1.71658628, -0.2773590087890625
1.718671827, -0.2887086868286133
1.720665263, -0.29432010650634766
1.7227086150000002, -0.30243492126464844
1.724726899, -0.3173997402191162
1.726768593, -0.33257293701171875
1.728808088, -0.3296775817871094
1.730832589, -0.31923556327819824
1.732834631, -0.2955348491668701
1.734861363, -0.2814505100250244
1.7369300509999999, -0.2796924114227295
1.7389206270000002, -0.2995262145996094
1.740948341, -0.2894783020019531
1.742969455, -0.2959604263305664
1.74500154, -0.31446099281311035
1.747007183, -0.32656168937683105
1.749037987, -0.31101036071777344
1.751089158, -0.30603718757629395
1.75315426, -0.2885773181915283
1.755113801, -0.2703893184661865
1.7571594259999999, -0.28011035919189453
1.759176558, -0.2940802574157715
1.761435946, -0.2905442714691162
1.7634164, -0.2995431423187256
1.765442502, -0.3162837028503418
1.767500069, -0.33041810989379883
1.769503359, -0.3248767852783203
1.771589605, -0.30852437019348145
1.773611389, -0.2993612289428711
1.775604696, -0.27581119537353516
1.777643833, -0.29598498344421387
1.779651667, -0.28657007217407227
1.7816931, -0.29778003692626953
1.783732848, -0.3089869022369385
1.7857875509999999, -0.30779027938842773
1.787784554, -0.3350565433502197
1.789801382, -0.313007116317749
1.791845687, -0.2972102165222168
1.793843421, -0.28773069381713867
1.795891371, -0.265972375869751
1.797887391, -0.2902505397796631
1.799923691, -0.2924518585205078
1.801941819, -0.2925286293029785
1.8039757490000001, -0.31603217124938965
1.8059882630000001, -0.3134481906890869
1.808026887, -0.32591795921325684
1.810049576, -0.3115274906158447
1.813008044, -0.29687976837158203
1.814971632, -0.2683899402618408
1.817049673, -0.2668418884277344
1.819080402, -0.27952122688293457
1.8211169040000001, -0.28240418434143066
1.8231544469999998, -0.28221845626831055
1.8252184470000001, -0.294968843460083
1.827208476, -0.31012535095214844
1.829262392, -0.2937915325164795
1.831252111, -0.2927846908569336
1.8332845660000001, -0.2829625606536865
1.8353143200000002, -0.25940918922424316
1.8373559510000002, -0.2795274257659912
1.8393858760000001, -0.27469921112060547
1.841381248, -0.2773001194000244
1.8433844339999998, -0.29323792457580566
1.845425997, -0.30511045455932617
1.847447405, -0.3171727657318115
1.84946638, -0.29259419441223145
1.85151521, -0.2960226535797119
1.853627517, -0.2800917625427246
1.8556288269999999, -0.2592465877532959
1.857611798, -0.283174991607666
1.859632535, -0.2773616313934326
1.861653425, -0.2722611427307129
1.863734639, -0.30330848693847656
1.865761193, -0.30533623695373535
1.867735752, -0.3199954032897949
1.8697460320000001, -0.29968905448913574
1.871788206, -0.29820847511291504
1.8738124969999999, -0.27622509002685547
1.8758247780000001, -0.2591838836669922
1.877862084, -0.29062438011169434
1.8798793360000001, -0.28491663932800293
1.881893874, -0.29059839248657227
1.883967775, -0.308394193649292
1.88597729, -0.3316500186920166
1.8880089899999999, -0.32917070388793945
1.890053953, -0.31543421745300293
1.8920411270000002, -0.3067197799682617
1.894066961, -0.2899510860443115
1.896083075, -0.2790513038635254
1.8981035560000001, -0.29817891120910645
1.900230273, -0.2945830821990967
1.9021922, -0.2988705635070801
1.904239577, -0.3130812644958496
1.906235196, -0.3252866268157959
1.9083725459999998, -0.32715821266174316
1.911119531, -0.30995988845825195
1.9131300850000001, -0.2927379608154297
1.915167144, -0.274139404296875
1.917215075, -0.28467702865600586
1.919236623, -0.3024787902832031
1.9212385159999998, -0.29510974884033203
1.923274033, -0.3127562999725342
1.925309014, -0.32006263732910156
1.927361104, -0.3335914611816406
1.929391444, -0.31884193420410156
1.931405529, -0.31304121017456055
1.933439322, -0.3007168769836426
1.935427834, -0.2726864814758301
1.937488477, -0.29254722595214844
1.939493475, -0.2906148433685303
1.941631163, -0.28213977813720703
1.9437945239999999, -0.3095870018005371
1.945868656, -0.31475114822387695
1.9478714400000001, -0.31561851501464844
1.949884665, -0.30881595611572266
1.953039329, -0.29738473892211914
1.955042702, -0.257169246673584
1.957086376, -0.2756936550140381
1.9605580900000001, -0.2922086715698242
1.962538292, -0.2882533073425293
1.9645800119999999, -0.309283971786499
1.966633903, -0.3205757141113281
1.9686199119999999, -0.3144056797027588
1.970634086, -0.3154335021972656
1.972702155, -0.2946939468383789
1.974877029, -0.2664487361907959
1.976745292, -0.2719402313232422
1.978770312, -0.28730297088623047
1.980809834, -0.28431129455566406
1.982804696, -0.28989219665527344
1.9848514879999999, -0.3083219528198242
1.986838774, -0.315706729888916
1.988887203, -0.30552101135253906
1.9909221480000001, -0.2964136600494385
1.992933191, -0.27843356132507324
1.9949747869999999, -0.2625284194946289
1.997109721, -0.2743387222290039
1.999139806, -0.2816894054412842
2.001436852, -0.2836720943450928
2.003563545, -0.30579161643981934
2.005543891, -0.3175222873687744
2.007830911, -0.33096981048583984
2.009656284, -0.30877065658569336
2.011753698, -0.30144476890563965
2.013732438, -0.2906210422515869
2.015787431, -0.2674095630645752
2.017841811, -0.29135751724243164
2.019829566, -0.28911828994750977
2.021860218, -0.28998517990112305
2.023873383, -0.3052365779876709
2.02595813, -0.3096303939819336
2.028026389, -0.3258681297302246
2.030085435, -0.31438517570495605
2.03203939, -0.2970728874206543
2.034124128, -0.2836606502532959
2.036295986, -0.26526927947998047
2.038359858, -0.2891347408294678
2.040358869, -0.28695178031921387
2.042414315, -0.2913367748260498
2.04444487, -0.3199939727783203
2.046435662, -0.3234882354736328
2.0485522, -0.31589436531066895
2.050494352, -0.31112241744995117
2.052531512, -0.29708266258239746
2.054576211, -0.27394795417785645
2.056591924, -0.2746307849884033
2.058626565, -0.2874314785003662
2.060635067, -0.2838273048400879
2.063901345, -0.28340864181518555
2.065840178, -0.3082892894744873
2.067889864, -0.32255053520202637
2.070709381, -0.31003689765930176
2.073534041, -0.2871251106262207
2.074743867, -0.26633358001708984
2.076863431, -0.269381046295166
2.078868371, -0.2869758605957031
2.080853044, -0.28139448165893555
2.082879824, -0.29097604751586914
2.084873154, -0.31037330627441406
2.086900407, -0.3168344497680664
2.088913047, -0.30632710456848145
2.090958532, -0.296375036239624
2.092995773, -0.28357672691345215
2.095023675, -0.2636070251464844
2.097044147, -0.2703428268432617
2.099087137, -0.27791881561279297
2.101090707, -0.2733337879180908
2.103121502, -0.28415703773498535
2.105206212, -0.30263686180114746
2.107192958, -0.31186985969543457
2.109270098, -0.30318284034729004
2.111250678, -0.2916700839996338
2.113295028, -0.2736964225769043
2.115498206, -0.2588469982147217
2.119884013, -0.28296828269958496
2.122581812, -0.280301570892334
2.12567445, -0.3074147701263428
2.127746166, -0.31857919692993164
2.130876867, -0.3058030605316162
2.132857704, -0.2886698246002197
2.134901812, -0.2694549560546875
2.137144405, -0.28170347213745117
2.139138815, -0.27855920791625977
2.141150962, -0.2803821563720703
2.143162478, -0.29384303092956543
2.1455649980000002, -0.3092172145843506
2.148338873, -0.3176267147064209
2.151295365, -0.29968810081481934
2.153337974, -0.2802903652191162
2.155369474, -0.268648624420166
2.157383489, -0.2864713668823242
2.159385475, -0.28183674812316895
2.161592392, -0.2822072505950928
2.163597727, -0.3030850887298584
2.165719258, -0.30765438079833984
2.167731869, -0.3270728588104248
2.1701797210000002, -0.31058239936828613
2.172070923, -0.2961616516113281
2.174824847, -0.2734034061431885
2.176918781, -0.28138184547424316
2.17888508, -0.2883145809173584
2.1809019259999998, -0.2793760299682617
2.182906626, -0.28873348236083984
2.185779389, -0.3024277687072754
2.187865543, -0.31427574157714844
2.189845312, -0.30013442039489746
2.191862666, -0.28827905654907227
2.193896533, -0.2725393772125244
2.195914725, -0.25873517990112305
2.19792251, -0.28713297843933105
2.199966425, -0.27301788330078125
2.202004154, -0.29239702224731445
2.20406343, -0.31426525115966797
2.206068293, -0.31456780433654785
2.20814693, -0.3242526054382324
2.210089382, -0.31586265563964844
2.212116958, -0.2928738594055176
2.214166256, -0.2808206081390381
2.216308902, -0.2705066204071045
2.2182542610000002, -0.28701210021972656
2.220267479, -0.28119802474975586
2.222410794, -0.2859642505645752
2.224379461, -0.304218053817749
2.226409428, -0.30986738204956055
2.228421245, -0.3138918876647949
2.230465595, -0.30577826499938965
2.2325737390000002, -0.276536226272583
2.234562239, -0.2718489170074463
2.236613223, -0.2665219306945801
2.238668783, -0.27715182304382324
2.240694873, -0.27924513816833496
2.242671853, -0.2903625965118408
2.244699886, -0.30976033210754395
2.246764276, -0.31914663314819336
2.248750138, -0.3089265823364258
2.250789368, -0.31121373176574707
2.252801304, -0.2849719524383545
2.254868118, -0.2757406234741211
2.257205523, -0.2759411334991455
2.259243346, -0.27776622772216797
2.261249534, -0.2763829231262207
2.265495187, -0.2894599437713623
2.267603701, -0.31347012519836426
2.269606946, -0.2944207191467285
2.27163123, -0.28699517250061035
2.273639742, -0.28231215476989746
2.275718183, -0.2577705383300781
2.277697082, -0.27873682975769043
2.279777341, -0.27805328369140625
2.281747923, -0.28568506240844727
2.283766529, -0.3027939796447754
2.285809295, -0.309680700302124
2.287828598, -0.32665252685546875
2.289846903, -0.30493688583374023
2.291944558, -0.29784631729125977
2.2939990679999998, -0.28681254386901855
2.29601659, -0.274583101272583
2.2980514579999998, -0.2931182384490967
2.300085244, -0.299450159072876
2.302075268, -0.29325056076049805
2.304105329, -0.31381988525390625
2.306145785, -0.3180265426635742
2.308171928, -0.32674098014831543
2.310205776, -0.3155057430267334
2.312235282, -0.298520565032959
2.31424399, -0.28810906410217285
2.316296292, -0.2710459232330322
2.318345012, -0.2995579242706299
2.320342117, -0.30429744720458984
2.322360733, -0.3017861843109131
2.324526472, -0.3177070617675781
2.326560771, -0.3376171588897705
2.329267994, -0.3257474899291992
2.331284211, -0.3255422115325928
2.333340386, -0.3068208694458008
2.335346209, -0.2806079387664795
2.337392867, -0.2941019535064697
2.3393976690000002, -0.2933948040008545
2.341438735, -0.28446149826049805
2.343439517, -0.3025219440460205
2.345489201, -0.3155667781829834
2.347532917, -0.3194763660430908
2.349614588, -0.2984907627105713
2.351664044, -0.2921326160430908
2.353694715, -0.28104400634765625
2.355701644, -0.25893473625183105
2.357854252, -0.2783823013305664
2.359865155, -0.2764313220977783
2.361884131, -0.28180980682373047
2.363911593, -0.3006875514984131
2.36597918, -0.3040006160736084
2.367990885, -0.3100776672363281
2.370046859, -0.30812978744506836
2.372094, -0.29440879821777344
2.374092129, -0.2724616527557373
2.376101929, -0.2568538188934326
2.378147589, -0.2915976047515869
2.380208924, -0.27527809143066406
2.382180803, -0.28937268257141113
2.384199593, -0.29708194732666016
2.386279749, -0.30657482147216797
2.388262849, -0.3070719242095947
2.390297014, -0.2964634895324707
2.392309545, -0.2763495445251465
2.394421081, -0.26445508003234863
2.396358019, -0.2628669738769531
2.398393047, -0.2740037441253662
2.400427979, -0.27742838859558105
2.402460395, -0.27713823318481445
2.404498519, -0.2992126941680908
2.40650486, -0.30744481086730957
2.408526928, -0.30530643463134766
2.410973349, -0.2942850589752197
2.413032645, -0.2805910110473633
2.415049775, -0.2540299892425537
2.41708746, -0.2763712406158447
2.419115512, -0.284787654876709
2.421131886, -0.27365565299987793
2.423158599, -0.2934551239013672
2.425198693, -0.30040836334228516
2.427216751, -0.3108382225036621
2.429324907, -0.2983086109161377
2.431556593, -0.2987942695617676
2.433643977, -0.27106499671936035
2.435756563, -0.2631382942199707
2.4377971609999998, -0.2851741313934326
2.439960458, -0.2813293933868408
2.442316247, -0.2848777770996094
2.444347098, -0.3059253692626953
2.446384466, -0.3226497173309326
2.448397214, -0.32259607315063477
2.4504559439999998, -0.31926560401916504
2.452444173, -0.30145788192749023
2.4544518269999998, -0.2834296226501465
2.456543838, -0.28488922119140625
2.458515651, -0.3029818534851074
2.460537755, -0.3001418113708496
2.4625649960000002, -0.30513644218444824
2.464642206, -0.3191838264465332
2.466652727, -0.33069682121276855
2.46866859, -0.3249208927154541
2.47067888, -0.31922030448913574
2.472690968, -0.29293394088745117
2.474819035, -0.27431488037109375
2.476843744, -0.2835874557495117
2.478852255, -0.291515588760376
2.480849198, -0.2846081256866455
2.482888761, -0.2984626293182373
2.484914279, -0.31264543533325195
2.48695283, -0.32614874839782715
2.4889674250000002, -0.3131558895111084
2.4915351660000002, -0.3083939552307129
2.493533189, -0.28136396408081055
2.495552568, -0.2708146572113037
2.497558924, -0.2870805263519287
2.499579103, -0.2881183624267578
2.501629908, -0.29196858406066895
2.503638049, -0.3021845817565918
2.505669376, -0.30880212783813477
2.507685967, -0.3210484981536865
2.509871028, -0.30193209648132324
2.511809376, -0.29491400718688965
2.513843421, -0.2761368751525879
2.515870515, -0.25927162170410156
2.517891296, -0.2788200378417969
2.519931765, -0.27889156341552734
2.5219401660000003, -0.28548717498779297
2.524038272, -0.30066800117492676
2.526053321, -0.31238508224487305
2.528087953, -0.3200380802154541
2.530120325, -0.3038215637207031
2.532112175, -0.29395031929016113
2.5341647309999997, -0.27544403076171875
2.53620831, -0.2700347900390625
2.538247764, -0.288010835647583
2.540266549, -0.2843139171600342
2.542274589, -0.28692197799682617
2.544316791, -0.30480337142944336
2.5463548940000003, -0.31292128562927246
2.54838246, -0.3162202835083008
2.5505858249999998, -0.3040475845336914
2.552586812, -0.28305983543395996
2.554604287, -0.2643446922302246
2.5566185040000002, -0.27051401138305664
2.558810818, -0.28380751609802246
2.561299946, -0.27692151069641113
2.56324422, -0.29349565505981445
2.565285425, -0.30405259132385254
2.567290382, -0.3209528923034668
2.5693373189999997, -0.3040027618408203
2.571718274, -0.3008558750152588
2.573730164, -0.2842679023742676
2.575705025, -0.2636566162109375
2.577710243, -0.29376864433288574
2.579795817, -0.2773709297180176
2.581775555, -0.2823808193206787
2.583816826, -0.3097116947174072
2.5858435379999998, -0.3074004650115967
2.587865583, -0.3164043426513672
2.58989646, -0.3089566230773926
2.591911986, -0.300098180770874
2.593939108, -0.2829933166503906
2.595990517, -0.26569128036499023
2.597985624, -0.29338932037353516
2.600061986, -0.28578805923461914
2.602062499, -0.29583144187927246
2.6040968920000003, -0.31047487258911133
2.606099444, -0.32312846183776855
2.60814024, -0.3279452323913574
2.610165543, -0.31565189361572266
2.612194833, -0.3043999671936035
2.614195325, -0.28374171257019043
2.616214072, -0.27477312088012695
2.618283961, -0.3008091449737549
2.6202778, -0.29538965225219727
2.622318493, -0.3008601665496826
2.624374111, -0.31943678855895996
2.6263622460000002, -0.3224780559539795
2.62837084, -0.31667160987854004
2.6305034320000003, -0.32312679290771484
2.632449048, -0.29369449615478516
2.634497021, -0.2743833065032959
2.6365318049999997, -0.2683563232421875
2.63857101, -0.2970566749572754
2.64058294, -0.28374719619750977
2.642604936, -0.2947545051574707
2.644607536, -0.3142735958099365
2.646762952, -0.3254892826080322
