0.124357413, 0.09905681014060974
0.126447106, 0.09640339016914368
0.128372147, 0.0924685001373291
0.130423839, 0.09062281250953674
0.132436473, 0.12847432494163513
0.134437864, 0.11295995116233826
0.136538515, 0.09217190742492676
0.138507131, 0.08041113615036011
0.140580346, 0.08105999231338501
0.142565422, 0.11552044749259949
0.144615253, 0.10119208693504333
0.146600539, 0.10326316952705383
0.148637474, 0.09238442778587341
0.150669305, 0.09936988353729248
0.152695952, 0.13546499609947205
0.154744499, 0.11577877402305603
0.156751916, 0.10789170861244202
0.158803269, 0.08573979139328003
0.160775609, 0.09813088178634644
0.162866394, 0.12774744629859924
0.164905485, 0.10247156023979187
0.167856371, 0.11370548605918884
0.169918026, 0.10284414887428284
0.171996469, 0.1354278028011322
0.173973224, 0.12493553757667542
0.176590731, 0.12057867646217346
0.178572063, 0.10853621363639832
0.180584412, 0.09591066837310791
0.182665475, 0.11969336867332458
0.184665547, 0.09557846188545227
0.186686594, 0.09492570161819458
0.188760166, 0.08859366178512573
0.190776931, 0.09681865572929382
0.192767648, 0.13105908036231995
0.19480525, 0.1106242835521698
0.196822762, 0.09887218475341797
0.198832281, 0.08516868948936462
0.200894872, 0.08763277530670166
0.20289165, 0.10923680663108826
0.204947135, 0.09975549578666687
0.206947901, 0.08995777368545532
0.208994775, 0.08838504552841187
0.211022028, 0.09441381692886353
0.213042202, 0.13172218203544617
0.215106753, 0.11278608441352844
0.217142936, 0.104440838098526
0.219253644, 0.08992505073547363
0.221149448, 0.10351750254631042
0.223155186, 0.11434319615364075
0.225197651, 0.10106495022773743
0.227247934, 0.09896612167358398
0.229286909, 0.08948001265525818
0.231341275, 0.11235812306404114
0.233413733, 0.12952789664268494
0.235482119, 0.11011454463005066
0.237549308, 0.09688296914100647
0.239547711, 0.09173351526260376
0.241578931, 0.10102769732475281
0.243618895, 0.1164112389087677
0.245696457, 0.0909624993801117
0.247681501, 0.09143978357315063
0.249689921, 0.09145772457122803
0.252066752, 0.10898837447166443
0.25410616, 0.10761788487434387
0.256520281, 0.09800955653190613
0.258544441, 0.08380714058876038
0.260549012, 0.07588765025138855
0.262574994, 0.09840142726898193
0.264601688, 0.08354860544204712
0.266707179, 0.08210417628288269
0.268716823, 0.08967205882072449
0.270780194, 0.09104591608047485
0.272806104, 0.11733731627464294
0.276663749, 0.10137560963630676
0.278641519, 0.08091425895690918
0.280693188, 0.07508388161659241
0.28272528, 0.0995120108127594
0.28471834, 0.093502938747406
0.286735758, 0.08927276730537415
0.288812738, 0.09980371594429016
0.290815031, 0.09262979030609131
0.292828741, 0.11719062924385071
0.294903736, 0.11247649788856506
0.297028068, 0.1016717255115509
0.299281216, 0.08710405230522156
0.301150282, 0.08565470576286316
0.303087878, 0.11380282044410706
0.305123974, 0.09664076566696167
0.307173046, 0.10199478268623352
0.309238711, 0.10183283686637878
0.311246333, 0.10666242241859436
0.313398414, 0.13888511061668396
0.315424751, 0.11164513230323792
0.317420779, 0.10729250311851501
0.319437564, 0.08774635195732117
0.32145174, 0.10403725504875183
0.323489199, 0.12627056241035461
0.325620111, 0.10102197527885437
0.327574171, 0.11124798655509949
0.329600528, 0.10067608952522278
0.331634978, 0.11408224701881409
0.333607599, 0.13220736384391785
0.335649902, 0.11318716406822205
0.337677065, 0.09681406617164612
0.339690303, 0.08971083164215088
0.341948587, 0.11382004618644714
0.343998125, 0.10739508271217346
0.346009374, 0.10268214344978333
0.348028517, 0.10353395342826843
0.350083041, 0.11107572913169861
0.35211862, 0.1367703378200531
0.354141361, 0.13234451413154602
0.356208647, 0.11681434512138367
0.358198335, 0.09849497675895691
0.360244534, 0.09233999252319336
0.362260898, 0.11775949597358704
0.364267809, 0.09682515263557434
0.366302249, 0.09650149941444397
0.36831729, 0.08987364172935486
0.370366573, 0.1054360568523407
0.372385526, 0.13967153429985046
0.374392128, 0.12792524695396423
0.376435585, 0.098194420337677
0.378447469, 0.1043456494808197
0.380467298, 0.09516936540603638
0.382502416, 0.1191224753856659
0.384535901, 0.09919169545173645
0.386559499, 0.09251832962036133
0.3885669, 0.09228178858757019
0.390598928, 0.09381672739982605
0.392654212, 0.12977251410484314
0.394695076, 0.10813263058662415
0.396687421, 0.0929231345653534
0.398713885, 0.09490934014320374
0.400744551, 0.09399640560150146
0.402804935, 0.11259487271308899
0.404777074, 0.09329277276992798
0.407028573, 0.09139221906661987
0.408984873, 0.08696910738945007
0.410999294, 0.09973034262657166
0.413460496, 0.12371012568473816
0.415425046, 0.10359343886375427
0.417484359, 0.09730961918830872
0.419503249, 0.07894110679626465
0.421508167, 0.08605805039405823
0.423548237, 0.10248997807502747
0.425548274, 0.09016889333724976
0.427579087, 0.08712354302406311
0.429643748, 0.08059120178222656
0.431684483, 0.10463938117027283
0.433712784, 0.12073507905006409
0.435800163, 0.10174259543418884
0.437782632, 0.09286174178123474
0.441480113, 0.08150866627693176
0.443716252, 0.09989672899246216
0.445703512, 0.09007924795150757
0.447733133, 0.10442379117012024
0.449804993, 0.09044334292411804
0.452050814, 0.11508473753929138
0.454077272, 0.11523023247718811
0.456095681, 0.10435763001441956
0.458140113, 0.09465503692626953
0.460141221, 0.09033119678497314
0.462156473, 0.11259111762046814
0.464255603, 0.112164705991745
0.466244731, 0.10958626866340637
0.468285171, 0.11360946297645569
0.470255856, 0.10546502470970154
0.472288234, 0.13175031542778015
0.474332623, 0.12590184807777405
0.476368757, 0.10535082221031189
0.478359607, 0.10203352570533752
0.480417435, 0.09076637029647827
0.482462185, 0.12131932377815247
0.484458503, 0.10830160975456238
0.486480527, 0.10221025347709656
0.488548985, 0.10619714856147766
0.490541467, 0.1125955879688263
0.492554579, 0.13201084733009338
0.494570645, 0.11709114909172058
0.496657284, 0.10562959313392639
0.498699857, 0.09168824553489685
0.500722391, 0.08953148126602173
0.502752948, 0.12016060948371887
0.504775933, 0.09667164087295532
0.506827991, 0.09699895977973938
0.508848295, 0.10165712237358093
0.510861277, 0.10978659987449646
0.513021717, 0.1371231973171234
0.514995063, 0.1198779046535492
0.517004585, 0.10350421071052551
0.519047593, 0.09476718306541443
0.521087305, 0.10170391201972961
0.523100463, 0.12284937500953674
0.525126762, 0.10333868861198425
0.527219686, 0.10068151354789734
0.529439092, 0.1021895706653595
0.531500952, 0.12496742606163025
0.533511072, 0.14105090498924255
0.535521764, 0.11717477440834045
0.5375437, 0.11041483283042908
0.539727257, 0.08668985962867737
0.541744242, 0.10905900597572327
0.543736082, 0.11347666382789612
0.545760432, 0.09962606430053711
0.547837565, 0.1068255603313446
0.54980591, 0.0933225154876709
0.55184144, 0.1198447048664093
0.553867957, 0.12533226609230042
0.555927834, 0.09992501139640808
0.557930788, 0.09678670763969421
0.559949271, 0.07369685173034668
0.56202619, 0.09297671914100647
0.564039891, 0.0916820764541626
0.566059517, 0.0786055326461792
0.568112992, 0.09157717227935791
0.570405692, 0.08779445290565491
0.572170907, 0.12234082818031311
0.574170154, 0.11738160252571106
0.576384888, 0.10720434784889221
0.578269453, 0.08848151564598083
0.580330298, 0.08432820439338684
0.58233816, 0.09703758358955383
0.58438599, 0.09004446864128113
0.586368016, 0.09184923768043518
0.588442954, 0.10305902361869812
0.590436238, 0.09198126196861267
0.592454572, 0.11802175641059875
0.594499267, 0.10724398493766785
0.596516739, 0.09650108218193054
0.598526126, 0.08825686573982239
0.600591137, 0.09505113959312439
0.602577661, 0.10950282216072083
0.604626093, 0.10398849844932556
0.606633243, 0.09330949187278748
0.608702242, 0.09100621938705444
0.610766788, 0.08767366409301758
0.612714838, 0.12199792265892029
0.614739156, 0.10600236058235168
0.616782009, 0.08930155634880066
0.618871479, 0.08498665690422058
0.620888389, 0.08650392293930054
0.622915052, 0.10548803210258484
0.624939855, 0.09116649627685547
0.626957286, 0.09185287356376648
0.629001305, 0.0955415666103363
0.631365676, 0.0968574583530426
0.63430846, 0.12542548775672913
0.636344828, 0.10435947775840759
0.638359799, 0.10081925988197327
0.640573067, 0.08467954397201538
0.642659105, 0.10508760809898376
0.644712817, 0.08214810490608215
0.646693322, 0.08826121687889099
0.648695134, 0.10089829564094543
0.650780484, 0.0974527895450592
0.652763405, 0.12400808930397034
0.654799592, 0.109845370054245
0.656811429, 0.10882088541984558
0.658832503, 0.10866287350654602
0.660856103, 0.0975099503993988
0.662919926, 0.11268779635429382
0.664910336, 0.1008545458316803
0.666950737, 0.10677000880241394
0.668966996, 0.10244163870811462
0.67112182, 0.10877195000648499
0.673163883, 0.14974001049995422
0.675168077, 0.13482043147087097
0.677233674, 0.11335483193397522
0.679250216, 0.10158142447471619
0.681269137, 0.10618618130683899
0.683305409, 0.12102851271629333
0.685343082, 0.10279127955436707
0.68736483, 0.11373826861381531
0.689387422, 0.10103484988212585
0.691425063, 0.11555972695350647
0.693436461, 0.1330130398273468
0.695471344, 0.1249033510684967
0.697491731, 0.10464075207710266
0.699522974, 0.0953742265701294
0.701569317, 0.09989914298057556
0.703567558, 0.12250533699989319
0.705585049, 0.1024562418460846
0.707618689, 0.09814953804016113
0.709652791, 0.09945496916770935
0.711669751, 0.11148211359977722
0.713929449, 0.1304827630519867
0.715920851, 0.1075337827205658
0.717985881, 0.09563714265823364
0.719976829, 0.07658454775810242
0.722034602, 0.12001696228981018
0.724013925, 0.10373899340629578
0.72605834, 0.09126043319702148
0.728092206, 0.0965765118598938
0.730099897, 0.09023013710975647
0.732137983, 0.1179979145526886
0.734247439, 0.11787441372871399
0.736261559, 0.09503063559532166
0.738330592, 0.08532989025115967
0.740339053, 0.07772162556648254
0.742349533, 0.10776594281196594
0.744376977, 0.10762575268745422
0.746401389, 0.08870750665664673
0.748454009, 0.09174290299415588
0.750448936, 0.09750434756278992
0.753236193, 0.13214007019996643
0.755929057, 0.1137341558933258
0.757950527, 0.10117033123970032
0.759978179, 0.08698722720146179
0.762049507, 0.10447362065315247
0.7640429, 0.10755279660224915
0.766075157, 0.08819794654846191
0.768067566, 0.09262165427207947
0.770117584, 0.08738043904304504
0.772139824, 0.11962959170341492
0.774168412, 0.1286645233631134
0.776214788, 0.11933794617652893
0.778213434, 0.10443642735481262
0.780236455, 0.084816575050354
0.782292791, 0.1220526397228241
0.784289621, 0.11045309901237488
0.7863214, 0.09546265006065369
0.78831924, 0.09727221727371216
0.790373541, 0.08784610033035278
0.7924591, 0.11675813794136047
0.795018786, 0.10762640833854675
0.797055636, 0.09596392512321472
0.799084659, 0.07763132452964783
0.801206513, 0.09176787734031677
0.803203051, 0.10515299439430237
0.805239101, 0.08353766798973083
0.807282974, 0.09782853722572327
0.80925876, 0.1041172444820404
0.811281718, 0.10958501696586609
0.81332487, 0.12834879755973816
0.815350837, 0.11605200171470642
0.81736574, 0.10925528407096863
0.819379592, 0.0937386155128479
0.821411731, 0.10876545310020447
0.823455828, 0.12667420506477356
0.825509018, 0.09331953525543213
0.827499672, 0.10362032055854797
0.829528643, 0.10491380095481873
0.83158176, 0.11597797274589539
0.833595387, 0.1422593891620636
0.835606591, 0.12335732579231262
0.837621972, 0.10793331265449524
0.839692597, 0.0998692512512207
0.841662658, 0.11305561661720276
0.843725052, 0.11445251107215881
0.845731759, 0.10176464915275574
0.847748811, 0.10496512055397034
0.849768209, 0.10806301236152649
0.851837108, 0.11727353930473328
0.853901625, 0.12516602873802185
0.855857468, 0.11026015877723694
0.857872658, 0.10654422640800476
0.85990175, 0.0937207043170929
0.861923013, 0.1038455069065094
0.863968692, 0.10897228121757507
0.866075096, 0.10232558846473694
0.868010819, 0.10931816697120667
0.870100968, 0.09242865443229675
0.87215514, 0.12883630394935608
0.874601292, 0.13476255536079407
0.876555374, 0.10102984309196472
0.878533435, 0.08876052498817444
0.880564743, 0.09115341305732727
0.882597352, 0.12421020865440369
0.884608074, 0.10484704375267029
0.88667453, 0.10366466641426086
0.888652485, 0.10652479529380798
0.890871119, 0.09970790147781372
0.892881803, 0.13152620196342468
0.89491102, 0.1120169460773468
0.896938988, 0.10029956698417664
0.898980542, 0.09392085671424866
0.901012637, 0.09711003303527832
0.903026013, 0.12250950932502747
0.905038739, 0.10250481963157654
0.907068752, 0.09869924187660217
0.909123975, 0.09321659803390503
0.911107857, 0.10452362895011902
0.913155184, 0.1334637701511383
0.915265043, 0.1083691418170929
0.917302475, 0.09689962863922119
0.920548738, 0.0925496518611908
0.922551023, 0.10577896237373352
0.924580821, 0.0917009711265564
0.926625149, 0.09279251098632812
0.928645301, 0.08264952898025513
0.930656374, 0.0830671489238739
0.932709084, 0.11983492970466614
0.934721557, 0.1035132110118866
0.936814301, 0.09977030754089355
0.938774569, 0.08332881331443787
0.94079, 0.08015808463096619
0.942803536, 0.11063572764396667
0.944843787, 0.09944227337837219
0.946887395, 0.09873625636100769
0.948891672, 0.08996725082397461
0.950909621, 0.08939662575721741
0.953019422, 0.12631186842918396
0.955093162, 0.11171713471412659
0.957103836, 0.09579896926879883
0.960988581, 0.09368583559989929
0.963022745, 0.12838813662528992
0.965029914, 0.09944888949394226
0.967082265, 0.10569074749946594
0.969168644, 0.10527840256690979
0.971180447, 0.1012471616268158
0.973228022, 0.12979820370674133
0.975256309, 0.11297395825386047
0.97730499, 0.10320135951042175
0.979879901, 0.08866715431213379
0.982020168, 0.11073735356330872
0.983959304, 0.11709591746330261
0.985980191, 0.10617461800575256
0.988068017, 0.10462316870689392
0.990034232, 0.10380598902702332
0.992047512, 0.11481472849845886
0.994077625, 0.12257131934165955
0.996135927, 0.10738381743431091
0.998148542, 0.09713318943977356
1.00015555, 0.08900997042655945
1.002233882, 0.11597123742103577
1.004428394, 0.10720935463905334
1.006462372, 0.10027387738227844
1.008506092, 0.10743370652198792
1.01049878, 0.10497841238975525
1.012630341, 0.12956443428993225
1.014640407, 0.12139818072319031
1.016669781, 0.10430297255516052
1.018713583, 0.09477126598358154
1.020777973, 0.09155264496803284
1.022761577, 0.11168989539146423
1.024801304, 0.09605985879898071
1.026797659, 0.09721052646636963
1.028830829, 0.09654673933982849
1.030902786, 0.09978669881820679
1.032890585, 0.1296471655368805
1.034897897, 0.1116076409816742
1.036933669, 0.0993678867816925
1.039213026, 0.0908171534538269
1.041031512, 0.08187910914421082
1.04307824, 0.11705103516578674
1.045129941, 0.09616988897323608
1.047156664, 0.10759046673774719
1.049197138, 0.10391667485237122
1.051376408, 0.10634329915046692
1.053223421, 0.13323518633842468
1.055268746, 0.10685232281684875
1.057325749, 0.1003631055355072
1.059303362, 0.09088173508644104
1.061336733, 0.09627223014831543
1.063446986, 0.11302688717842102
1.065532217, 0.1082368791103363
1.06749721, 0.11274996399879456
1.069525411, 0.09511613845825195
1.07165759, 0.11299154162406921
1.073697019, 0.13962486386299133
1.075687007, 0.10763606429100037
1.077701754, 0.10670188069343567
1.079763978, 0.08853667974472046
1.081800481, 0.0984254777431488
1.083815772, 0.10664322972297668
1.085794296, 0.09245318174362183
1.087880665, 0.08699271082878113
1.089932566, 0.08911758661270142
1.091987217, 0.11882558465003967
1.094019312, 0.126768559217453
1.096065026, 0.10464760661125183
1.098070815, 0.09835284948348999
1.100102949, 0.08691999316215515
1.102123406, 0.10517248511314392
1.104154907, 0.11017605662345886
1.106200236, 0.08815738558769226
1.108239821, 0.0888407826423645
1.110298738, 0.08712208271026611
1.112272744, 0.11541429162025452
1.114294362, 0.12125453352928162
1.11629954, 0.10322442650794983
1.118352259, 0.091147780418396
1.120367554, 0.08965474367141724
1.122381214, 0.1255911886692047
1.124413054, 0.1154262125492096
1.126431312, 0.10123643279075623
1.128445163, 0.09775587916374207
1.130551849, 0.09504422545433044
1.132524433, 0.13197556138038635
1.134536516, 0.12876734137535095
1.136610193, 0.11003145575523376
1.138619587, 0.09647387266159058
1.140654924, 0.09604954719543457
1.142678976, 0.12809816002845764
1.144705251, 0.09850171208381653
1.146788051, 0.09252938628196716
1.148772349, 0.10103020071983337
1.15078615, 0.09822714328765869
1.1527858659999999, 0.13224175572395325
1.154826739, 0.10906192660331726
1.156880125, 0.0948810875415802
1.158871804, 0.092222660779953
1.1609054699999999, 0.09005406498908997
1.162956326, 0.11111381649971008
1.1649461269999999, 0.09446185827255249
1.166992555, 0.10001465678215027
1.168998422, 0.10278216004371643
1.171039137, 0.10290971398353577
1.173045425, 0.13028493523597717
1.175161245, 0.11285176873207092
1.177143493, 0.09675216674804688
1.179175465, 0.08792281150817871
1.181198076, 0.08958908915519714
1.183335559, 0.10533109307289124
1.18535521, 0.08970630168914795
1.187375705, 0.09134060144424438
1.189411464, 0.10278299450874329
1.191427004, 0.1071532666683197
1.193475325, 0.13302502036094666
1.195506317, 0.1125386655330658
1.197514947, 0.10379531979560852
1.199602465, 0.0881713330745697
1.201560574, 0.10681679844856262
1.203579319, 0.11105141043663025
1.205612509, 0.10069170594215393
1.2076429100000001, 0.10590872168540955
1.20966277, 0.09841632843017578
1.211729112, 0.1224835216999054
1.213720862, 0.13864663243293762
1.215745843, 0.11352595686912537
1.217764879, 0.10587009787559509
1.2197913360000001, 0.0905809998512268
1.221905439, 0.10540816187858582
1.223870471, 0.11048242449760437
1.225882914, 0.09612607955932617
1.227905922, 0.09208369255065918
1.229958979, 0.08971545100212097
1.231944303, 0.11759927868843079
1.233966492, 0.13360998034477234
1.236000488, 0.1116890013217926
1.238661994, 0.10743841528892517
1.240070005, 0.08852344751358032
1.242092947, 0.10705062747001648
1.24410099, 0.1001119315624237
1.246152045, 0.09058526158332825
1.248175341, 0.09003019332885742
1.2502256919999999, 0.08443644642829895
1.252291504, 0.10835275053977966
1.2544924499999999, 0.1152661144733429
1.256523059, 0.09297788143157959
1.258584049, 0.09808424115180969
1.2606071509999999, 0.0814366340637207
1.262916872, 0.11059865355491638
1.2649024770000001, 0.09003856778144836
1.2669101249999999, 0.0821785032749176
1.268953632, 0.08257231116294861
1.271214979, 0.08631709218025208
1.273178744, 0.12192216515541077
1.275223015, 0.10244789719581604
1.277232332, 0.10012486577033997
1.279260063, 0.08702695369720459
1.281288889, 0.10137829184532166
1.283298043, 0.11741450428962708
1.285327749, 0.08717572689056396
1.287343858, 0.091280996799469
1.289375243, 0.09311830997467041
1.29140326, 0.1062035858631134
1.293427734, 0.12803980708122253
1.295452898, 0.10161665081977844
1.297492822, 0.09841355681419373
1.29950837, 0.08642545342445374
1.301771279, 0.10085126757621765
1.303556288, 0.11739608645439148
1.3056142, 0.09748849272727966
1.307609404, 0.10200861096382141
1.309647689, 0.08562469482421875
1.311708025, 0.10314932465553284
1.313722236, 0.12215247750282288
1.315716152, 0.10024860501289368
1.317803242, 0.09736299514770508
1.319805014, 0.08550432324409485
1.321808718, 0.10871890187263489
1.323820747, 0.1143331229686737
1.325877849, 0.0899619460105896
1.327868317, 0.09658637642860413
1.330047896, 0.08820047974586487
1.33207937, 0.11509403586387634
1.334082127, 0.11710229516029358
1.336102886, 0.10419276356697083
1.338137638, 0.09155529737472534
1.34016122, 0.09372317790985107
1.3421928699999999, 0.1059054434299469
1.344216342, 0.1084928810596466
1.346232354, 0.0936620831489563
1.34826263, 0.11119350790977478
1.350886056, 0.10315242409706116
1.352335864, 0.12818226218223572
1.354331995, 0.11877772212028503
1.356357308, 0.10211202502250671
1.358754796, 0.09091827273368835
1.360821678, 0.09760996699333191
1.362790583, 0.11410418152809143
1.364809325, 0.1010376513004303
1.366844237, 0.0986170768737793
1.368917253, 0.10131540894508362
1.370901512, 0.10212138295173645
1.3729355509999999, 0.13377222418785095
1.374981607, 0.11534258723258972
1.376988363, 0.09383085370063782
1.3790059669999999, 0.08196091651916504
1.381036401, 0.0900888741016388
1.383064682, 0.10681477189064026
1.38507239, 0.09231498837471008
1.38708957, 0.08937400579452515
1.389124305, 0.08567845821380615
1.391409392, 0.09271836280822754
1.393195214, 0.1178455650806427
1.395215964, 0.10982397198677063
1.397216847, 0.0913204550743103
1.399261393, 0.07255411148071289
1.401283892, 0.08162987232208252
1.403309221, 0.09957289695739746
1.405324466, 0.07757383584976196
1.407366291, 0.08588120341300964
1.409377361, 0.08569261431694031
1.411498661, 0.08777514100074768
1.41343755, 0.11991944909095764
1.415468734, 0.10116127133369446
1.417478423, 0.09386509656906128
1.419508362, 0.08812496066093445
1.422461684, 0.0936138927936554
1.424365431, 0.0940367579460144
1.426405317, 0.0860108733177185
1.428443733, 0.09798136353492737
1.430461053, 0.08715415000915527
1.432487307, 0.12812605500221252
1.434497852, 0.12015816569328308
1.436536075, 0.10187843441963196
1.4404488, 0.0880100429058075
1.442473337, 0.10235586762428284
1.444486442, 0.10213080048561096
1.446511814, 0.08358260989189148
1.4485410380000001, 0.08823052048683167
1.450559915, 0.08149945735931396
1.452797995, 0.12387201189994812
1.454860133, 0.11192038655281067
1.45684778, 0.1010916531085968
1.4588726379999999, 0.08906307816505432
1.461009819, 0.08747884631156921
1.463060183, 0.10671082139015198
1.465054136, 0.08455568552017212
1.4670662110000001, 0.08380952477455139
1.4691191940000001, 0.0930003821849823
1.471142176, 0.09479239583015442
1.473165178, 0.1323225200176239
1.4754696840000001, 0.11975803971290588
1.4775095710000001, 0.10624584555625916
1.479553052, 0.09703060984611511
1.482765575, 0.0957808792591095
1.484761008, 0.10750982165336609
1.486815253, 0.10317692160606384
1.48879015, 0.10288557410240173
1.4908362849999999, 0.10675862431526184
1.492852061, 0.13121065497398376
1.49486215, 0.11388948559761047
1.496897796, 0.10038772225379944
1.498948943, 0.09572890400886536
1.500956577, 0.08414337038993835
1.502985199, 0.1129051148891449
1.5050090790000001, 0.09550955891609192
1.5070439979999999, 0.09160572290420532
1.509057445, 0.0865682065486908
1.511085996, 0.09520861506462097
1.5131122320000001, 0.12229576706886292
1.515176313, 0.10872265696525574
1.517152264, 0.08715590834617615
1.5192014870000001, 0.08034729957580566
1.521227656, 0.0891386866569519
1.523238939, 0.10512611269950867
1.525258647, 0.09310227632522583
1.527309536, 0.0812082290649414
1.529337102, 0.09621185064315796
1.531543538, 0.10062673687934875
1.533468991, 0.12126895785331726
1.535494342, 0.1024981439113617
1.537730807, 0.093242347240448
1.539777418, 0.07229676842689514
1.5418008890000001, 0.08790099620819092
1.543872211, 0.1043231189250946
1.5459055739999998, 0.07747840881347656
1.547903952, 0.09447234869003296
1.549917475, 0.09587433934211731
1.552009398, 0.10836967825889587
1.553968827, 0.1286872923374176
1.5559844840000001, 0.11064454913139343
1.5580156280000002, 0.08675754070281982
1.560083277, 0.08686122298240662
1.562080999, 0.09558567404747009
1.564100512, 0.10065582394599915
1.566153022, 0.09073078632354736
1.5681549110000002, 0.09891960024833679
1.5701994030000002, 0.0914505124092102
1.5722268640000001, 0.11887720227241516
1.574224727, 0.13292226195335388
1.576274439, 0.1093379557132721
1.5783106550000001, 0.10204359889030457
1.580303535, 0.08610910177230835
1.582332673, 0.10375890135765076
1.584371386, 0.10073426365852356
1.5864332650000001, 0.09111547470092773
1.588403773, 0.08932033181190491
1.590440408, 0.08651897311210632
1.592591586, 0.1197039783000946
1.594612895, 0.11162605881690979
1.596622087, 0.09467852115631104
1.598707431, 0.09318819642066956
1.6006696809999998, 0.08756035566329956
1.602724679, 0.1170983612537384
1.604814927, 0.09783178567886353
1.606770704, 0.08695515990257263
1.60881143, 0.09195318818092346
1.610963929, 0.09176379442214966
1.6129829, 0.12708386778831482
1.614960522, 0.10228165984153748
1.617022973, 0.0968097448348999
1.619001843, 0.08971992135047913
1.621054171, 0.08001434803009033
1.623044004, 0.1116119921207428
1.625085081, 0.1014343798160553
1.627113713, 0.09653958678245544
1.629178824, 0.09413483738899231
1.631151792, 0.10038307309150696
1.633319074, 0.12629470229148865
1.635353373, 0.10641464591026306
1.6373716630000001, 0.09765565395355225
1.639418287, 0.09192532300949097
1.64142308, 0.09304457902908325
1.64344459, 0.11863771080970764
1.645472668, 0.09673503041267395
1.64750308, 0.09008917212486267
1.649534906, 0.09803652763366699
1.65155275, 0.11272963881492615
1.6538073930000001, 0.12658008933067322
1.655816491, 0.11790159344673157
1.657840526, 0.10667464137077332
1.659868147, 0.090476393699646
1.661900709, 0.11077770590782166
1.663924948, 0.12175324559211731
1.6659685400000002, 0.09632554650306702
1.667966732, 0.1027163565158844
1.669983648, 0.09165745973587036
1.6720275660000001, 0.11571112275123596
1.6740754500000001, 0.12357529997825623
1.6760781869999999, 0.10599496960639954
1.6781050309999999, 0.09382280707359314
1.6801187789999998, 0.08862435817718506
1.682154744, 0.10245099663734436
1.6842331929999999, 0.10535731911659241
1.686280196, 0.0904126763343811
1.688290876, 0.09956958889961243
1.690320946, 0.10088661313056946
1.6924065430000002, 0.11215409636497498
1.694370094, 0.11646494269371033
1.6964036, 0.09982255101203918
1.6984349490000001, 0.0912642776966095
1.7004618329999999, 0.07733029127120972
1.702478363, 0.09936600923538208
1.70452252, 0.09700486063957214
1.706547841, 0.08166858553886414
1.708571462, 0.09569469094276428
1.710621666, 0.10042831301689148
1.713152054, 0.12142422795295715
1.715125552, 0.11266139149665833
1.717156629, 0.09932085871696472
1.719198454, 0.08189740777015686
1.721240989, 0.08174994587898254
1.723252133, 0.11051282286643982
1.7253087950000001, 0.0865233838558197
1.727287607, 0.09033849835395813
1.7293516759999998, 0.09713780879974365
1.731339668, 0.10904255509376526
1.733845517, 0.13082042336463928
1.7362579949999999, 0.10110780596733093
1.7382932370000002, 0.0944201648235321
1.740341993, 0.0913461446762085
1.742307917, 0.10479512810707092
1.744371629, 0.10271117091178894
1.7466577110000001, 0.09497511386871338
1.748669807, 0.09054914116859436
1.750764655, 0.08943897485733032
1.752745732, 0.11859646439552307
1.7547650670000001, 0.09577310085296631
1.7568561, 0.08869197964668274
1.758878659, 0.07564535737037659
1.760916908, 0.07558771967887878
1.762933747, 0.11262544989585876
1.764960826, 0.10401979088783264
1.766974142, 0.09132471680641174
1.769009521, 0.0980718731880188
1.771125515, 0.09482306241989136
1.773118183, 0.12122556567192078
1.775103839, 0.0996440052986145
1.777174555, 0.09127634763717651
1.779199517, 0.08377578854560852
1.781264685, 0.08787879347801208
1.783254355, 0.11292901635169983
1.78525014, 0.09956425428390503
1.78726776, 0.09764215350151062
1.789326781, 0.09799674153327942
1.791412809, 0.1146058738231659
1.7935201809999999, 0.1372741162776947
1.7954734129999999, 0.1117987334728241
1.797527758, 0.10460153222084045
1.7995557359999999, 0.08512023091316223
1.801602532, 0.0902794897556305
1.8035976630000001, 0.1152600347995758
1.805659219, 0.09986543655395508
1.807710965, 0.0942869484424591
1.809661572, 0.09354740381240845
1.811743632, 0.11165890097618103
1.813729608, 0.13274148106575012
1.815748347, 0.11943420767784119
1.8177869169999998, 0.10617360472679138
1.819788373, 0.08266475796699524
1.821990085, 0.10733744502067566
1.823962678, 0.11166688799858093
1.825988173, 0.09229832887649536
1.828061141, 0.10288789868354797
1.830060162, 0.08981278538703918
1.832557541, 0.1153656542301178
1.834297681, 0.13069894909858704
1.836288564, 0.11199888586997986
1.838335235, 0.09641200304031372
1.84035298, 0.08394202589988708
1.842379608, 0.10408774018287659
1.844421417, 0.1031828224658966
1.8464130189999999, 0.09436497092247009
1.848436887, 0.09948870539665222
1.850552937, 0.09616053104400635
1.853161235, 0.12308725714683533
1.855164553, 0.10520222783088684
1.857222887, 0.09574523568153381
1.859230242, 0.09188330173492432
1.861240183, 0.0924549400806427
1.863275781, 0.11033007502555847
1.8653226969999999, 0.09500637650489807
1.867337609, 0.08985736966133118
1.869550608, 0.09546205401420593
1.871451146, 0.1009884774684906
1.873579287, 0.12150827050209045
1.8755871929999999, 0.11058607697486877
1.8776375779999999, 0.1021522581577301
1.879667107, 0.08559221029281616
1.881658235, 0.08744454383850098
1.883714468, 0.0985809862613678
1.885706394, 0.07893970608711243
1.8877908620000001, 0.09049332141876221
1.889782158, 0.08592990040779114
1.891839993, 0.09963563084602356
1.8943105999999998, 0.12298396229743958
1.896325477, 0.10097530484199524
1.898362069, 0.09039413928985596
1.90036708, 0.07890152931213379
1.902367376, 0.1007973849773407
1.9044210700000002, 0.09628865122795105
1.90643211, 0.08341223001480103
1.908556948, 0.09224018454551697
1.910673252, 0.07675749063491821
1.9125797169999998, 0.11607369780540466
1.914599574, 0.11920872330665588
1.916661213, 0.10283538699150085
1.9208586250000002, 0.07907435297966003
1.922888322, 0.10454067587852478
1.9269113930000001, 0.08296111226081848
1.929047977, 0.0945277214050293
1.931053455, 0.09598910808563232
1.933073692, 0.13351044058799744
1.93544849, 0.12157866358757019
1.937482754, 0.106812983751297
1.9395080569999998, 0.0931597650051117
1.94155781, 0.09851512312889099
1.944725194, 0.1170019805431366
1.946740751, 0.10733947157859802
1.948778654, 0.09577685594558716
1.95080776, 0.09751775860786438
1.952862133, 0.12895944714546204
1.954861221, 0.11147287487983704
1.956909928, 0.09690824151039124
1.958918493, 0.09416800737380981
1.9609311470000002, 0.09072518348693848
1.962960082, 0.11541232466697693
1.9650065780000001, 0.10360607504844666
1.967030453, 0.09634718298912048
1.969075364, 0.09831643104553223
1.971079526, 0.10491213202476501
1.973082301, 0.1333141028881073
1.975221346, 0.11059948801994324
1.9772003790000001, 0.10573861002922058
1.979241847, 0.0883389413356781
1.981310793, 0.0892360508441925
1.9833177050000002, 0.1194327175617218
1.9853692139999999, 0.10175982117652893
1.9873757909999998, 0.09661883115768433
1.989385515, 0.09630858898162842
1.991423929, 0.1117880642414093
1.99352296, 0.14118775725364685
1.9955544010000001, 0.11318162083625793
1.997554805, 0.09805536270141602
1.999620641, 0.09098601341247559
2.001611037, 0.09726417064666748
2.003663355, 0.11182889342308044
2.005672389, 0.09662973880767822
2.007685254, 0.09333628416061401
2.009732555, 0.09661498665809631
2.011780874, 0.11282750964164734
2.013762575, 0.1357869803905487
2.015804362, 0.11048892140388489
2.017832934, 0.09982287883758545
2.01983595, 0.08517199754714966
2.021911232, 0.0949493944644928
2.023888622, 0.10492119193077087
2.02594657, 0.09122630953788757
2.02796985, 0.08879631757736206
2.030054697, 0.08500805497169495
2.032016294, 0.10092398524284363
2.034066276, 0.11654689908027649
2.036090964, 0.10668203234672546
2.038108929, 0.093131422996521
2.040149403, 0.0798393189907074
2.042169634, 0.10034099221229553
2.044194454, 0.10582610964775085
2.046250893, 0.08536648750305176
2.048297205, 0.09202539920806885
2.050504594, 0.08731076121330261
2.052458113, 0.11390259861946106
2.054467865, 0.11972352862358093
2.056549599, 0.094257652759552
2.058528015, 0.08917921781539917
2.060552487, 0.08798065781593323
2.062573563, 0.10935166478157043
2.064830847, 0.10134151577949524
2.06679632, 0.0867137610912323
2.068878244, 0.08666470646858215
2.070882072, 0.08425956964492798
2.072884684, 0.11465594172477722
2.074896447, 0.11292234063148499
2.076955753, 0.09673666954040527
2.07898497, 0.08863577246665955
2.081016173, 0.09005647897720337
2.083009584, 0.12050530314445496
2.085100862, 0.09671813249588013
2.087172551, 0.09483698010444641
2.089196153, 0.10060939192771912
2.09125434, 0.09957656264305115
2.093274684, 0.12526634335517883
2.095252748, 0.12344178557395935
2.0972877580000002, 0.11101433634757996
2.099319697, 0.09092745184898376
2.101354619, 0.08864131569862366
2.103373528, 0.1190701425075531
2.105394249, 0.10260698199272156
2.10743796, 0.10798856616020203
2.109456216, 0.10323348641395569
2.111502365, 0.10427585244178772
2.113518962, 0.13401475548744202
2.11551764, 0.11776229739189148
2.117562144, 0.09930464625358582
2.119572156, 0.08990126848220825
2.121592303, 0.09001034498214722
2.123670686, 0.11736354231834412
2.125662308, 0.10338279604911804
2.127687419, 0.10513070225715637
2.129710426, 0.09035629034042358
2.131791302, 0.10821846127510071
2.133808374, 0.13894179463386536
2.135822867, 0.11479589343070984
2.137889392, 0.09589248895645142
2.139930659, 0.08747270703315735
2.141900004, 0.09873741865158081
2.143931665, 0.11124375462532043
2.1459695, 0.10299447178840637
2.148000171, 0.10612896084785461
