0.251121428, -0.08942145109176636
0.253515254, -0.09808498620986938
0.256792564, -0.11160105466842651
0.258761428, -0.10525548458099365
0.260816658, -0.08576709032058716
0.262892778, -0.10086643695831299
0.264864207, -0.11219137907028198
0.266861507, -0.09049755334854126
0.268893165, -0.08675134181976318
0.271010408, -0.08981955051422119
0.273084275, -0.09656292200088501
0.275258309, -0.10172110795974731
0.277305397, -0.10694986581802368
0.279453449, -0.1063728928565979
0.281350162, -0.0870237946510315
0.283357258, -0.10224354267120361
0.285431584, -0.11407387256622314
0.287431323, -0.10317069292068481
0.289432991, -0.08622622489929199
0.291467047, -0.08765995502471924
0.293580214, -0.10703098773956299
0.295561056, -0.11009180545806885
0.297564042, -0.10928183794021606
0.299721781, -0.10496103763580322
0.301689983, -0.10128462314605713
0.303656952, -0.10683661699295044
0.30568643, -0.11244523525238037
0.307727366, -0.10362249612808228
0.309750199, -0.09391146898269653
0.311763155, -0.09711098670959473
0.313854694, -0.11445862054824829
0.315846721, -0.10950815677642822
0.317842356, -0.11126691102981567
0.319944107, -0.10360091924667358
0.321902979, -0.09714400768280029
0.323923898, -0.10859119892120361
0.325959833, -0.10942494869232178
0.328033151, -0.08885949850082397
0.330009534, -0.08672440052032471
0.332056242, -0.08922064304351807
0.334147856, -0.10600519180297852
0.336110088, -0.10636734962463379
0.338260741, -0.10545575618743896
0.34022512, -0.08925122022628784
0.342388338, -0.0953664779663086
0.344411359, -0.11304295063018799
0.346509906, -0.10541903972625732
0.348459405, -0.08452308177947998
0.3505026, -0.08437764644622803
0.352521383, -0.09363573789596558
0.354567767, -0.10006320476531982
0.356576339, -0.10767751932144165
0.358604949, -0.11086320877075195
0.360613446, -0.09456348419189453
0.362667662, -0.0988842248916626
0.365543656, -0.10401183366775513
0.367557181, -0.09859883785247803
0.369590387, -0.09368896484375
0.371614156, -0.09060591459274292
0.373676836, -0.10397732257843018
0.375668105, -0.10889387130737305
0.377731214, -0.10941731929779053
0.379716464, -0.09982645511627197
0.381743432, -0.09930819272994995
0.383795547, -0.10983729362487793
0.385797664, -0.11680817604064941
0.387843306, -0.10119819641113281
0.389830082, -0.08649098873138428
0.391873482, -0.09156250953674316
0.393892849, -0.10420465469360352
0.395989117, -0.10745686292648315
0.397955251, -0.10972940921783447
0.399947736, -0.1004406213760376
0.402003007, -0.09615284204483032
0.404046033, -0.10724848508834839
0.406061235, -0.11231589317321777
0.408092079, -0.09429442882537842
0.410266454, -0.08352404832839966
0.412284967, -0.09046250581741333
0.414444984, -0.10045415163040161
0.416462773, -0.09776026010513306
0.418460866, -0.10392612218856812
0.420527928, -0.08619529008865356
0.422762515, -0.09111779928207397
0.424839837, -0.10417008399963379
0.426867996, -0.10244041681289673
0.42892443, -0.09363526105880737
0.430971733, -0.08761286735534668
0.432994163, -0.09565925598144531
0.435222211, -0.10213285684585571
0.437226214, -0.10959160327911377
0.441205612, -0.10419720411300659
0.443291706, -0.10398465394973755
0.445303243, -0.11585694551467896
0.447450262, -0.10092753171920776
0.449332465, -0.08696675300598145
0.451353936, -0.08622968196868896
0.453505296, -0.10404622554779053
0.455540628, -0.10380077362060547
0.457550102, -0.10305380821228027
0.459584658, -0.10044419765472412
0.461608536, -0.09291374683380127
0.463619389, -0.10561144351959229
0.465763246, -0.11004364490509033
0.467770086, -0.1047365665435791
0.469804488, -0.08943676948547363
0.472012479, -0.10388511419296265
0.474180665, -0.10645937919616699
0.47714114, -0.10992574691772461
0.479171092, -0.10713446140289307
0.481221499, -0.0961003303527832
0.483221604, -0.09487324953079224
0.485383769, -0.11092323064804077
0.48859721, -0.08908301591873169
0.490573446, -0.09083437919616699
0.492594142, -0.09266453981399536
0.49467228, -0.09923768043518066
0.496834088, -0.09792828559875488
0.498901696, -0.10249578952789307
0.500934169, -0.09575545787811279
0.502924968, -0.08669799566268921
0.504974302, -0.10535097122192383
0.506990254, -0.10358518362045288
0.509020128, -0.09087443351745605
0.511086105, -0.08996957540512085
0.513077366, -0.09257519245147705
0.515202306, -0.10507386922836304
0.517133463, -0.11233240365982056
0.519673295, -0.10222077369689941
0.521605275, -0.09531444311141968
0.523672516, -0.10428017377853394
0.525716545, -0.11632543802261353
0.528591013, -0.10066545009613037
0.53079356, -0.08281612396240234
0.532818571, -0.08796989917755127
0.534868862, -0.10110801458358765
0.536921527, -0.10977721214294434
0.53904379, -0.10799235105514526
0.541305152, -0.09188538789749146
0.543370009, -0.09907937049865723
0.545530868, -0.09781420230865479
0.547540241, -0.09608495235443115
0.549552171, -0.07882124185562134
0.551576675, -0.08164113759994507
0.553717818, -0.10239803791046143
0.555767787, -0.10859817266464233
0.557798005, -0.09772557020187378
0.55983418, -0.09047055244445801
0.561991078, -0.08827155828475952
0.564151333, -0.10688126087188721
0.56610861, -0.09717893600463867
0.568212593, -0.08513742685317993
0.570217107, -0.08912461996078491
0.572270065, -0.10122185945510864
0.574320561, -0.10398983955383301
0.576345888, -0.11231642961502075
0.578350332, -0.11365771293640137
0.580448343, -0.10488259792327881
0.582469424, -0.1035916805267334
0.585260773, -0.11361706256866455
0.587241559, -0.1076284646987915
0.589295521, -0.0928850769996643
0.59138859, -0.10308140516281128
0.593387667, -0.10847282409667969
0.595393897, -0.1077721118927002
0.597527098, -0.10931384563446045
0.599741839, -0.10526108741760254
0.601678401, -0.09371697902679443
0.603672532, -0.1045944094657898
0.6058182, -0.11134260892868042
0.607817719, -0.10125952959060669
0.609853329, -0.07985734939575195
0.611937953, -0.09204870462417603
0.61391522, -0.10312187671661377
0.615920872, -0.10883063077926636
0.618010747, -0.11155200004577637
0.620029214, -0.09784966707229614
0.622267772, -0.08871054649353027
0.624447741, -0.10891902446746826
0.62654594, -0.09425705671310425
0.628599025, -0.092335045337677
0.630583373, -0.0935589075088501
0.632670725, -0.09737294912338257
0.634732255, -0.10111939907073975
0.63677615, -0.10665607452392578
0.638792907, -0.10659050941467285
0.640889822, -0.09337544441223145
0.643694891, -0.0939149260520935
0.645721121, -0.10531944036483765
0.647722574, -0.0896989107131958
0.649747484, -0.08576959371566772
0.651930027, -0.08885550498962402
0.653936928, -0.09463697671890259
0.655945909, -0.10676425695419312
0.657977432, -0.10715341567993164
0.660016821, -0.09345483779907227
0.662051055, -0.0904272198677063
0.664051693, -0.10769504308700562
0.666206612, -0.1091768741607666
0.668136808, -0.09062165021896362
0.670166447, -0.07956647872924805
0.672238721, -0.08876299858093262
0.674277041, -0.09840387105941772
0.676307371, -0.10704916715621948
0.678309252, -0.1059495210647583
0.680525485, -0.09452033042907715
0.682546766, -0.09043872356414795
0.685737079, -0.11219102144241333
0.687740703, -0.09958267211914062
0.689755785, -0.07931548357009888
0.691840113, -0.08673202991485596
0.693813316, -0.10423612594604492
0.695844729, -0.10661131143569946
0.697861591, -0.10093951225280762
0.699969921, -0.09882301092147827
0.701944028, -0.08631813526153564
0.703955279, -0.09954565763473511
0.706015048, -0.10263729095458984
0.708174907, -0.08416867256164551
0.710016922, -0.0753333568572998
0.712048943, -0.08305656909942627
0.714083296, -0.10212045907974243
0.716116253, -0.10575103759765625
0.71812453, -0.09593582153320312
0.72017075, -0.09830039739608765
0.722174263, -0.09125101566314697
0.724205628, -0.10276639461517334
0.726244647, -0.10228955745697021
0.728274015, -0.09015220403671265
0.730318948, -0.07410311698913574
0.73231656, -0.08230143785476685
0.73435836, -0.09897768497467041
0.736370225, -0.10721808671951294
0.738417082, -0.10816937685012817
0.740440034, -0.09043514728546143
0.742466316, -0.09485167264938354
0.744517349, -0.11505383253097534
0.746564177, -0.10471856594085693
0.748637062, -0.09475666284561157
0.750656491, -0.0928383469581604
0.752684085, -0.09235060214996338
0.754714252, -0.10391205549240112
0.756944629, -0.10733294486999512
0.758969716, -0.10613858699798584
0.760952395, -0.09384322166442871
0.762991799, -0.10474932193756104
0.765010734, -0.11535012722015381
0.767047454, -0.11273139715194702
0.76906189, -0.09168851375579834
0.771090899, -0.09385019540786743
0.773158407, -0.09760642051696777
0.775138409, -0.10443413257598877
0.777177745, -0.10700041055679321
0.779226093, -0.1037711501121521
0.781716669, -0.09386581182479858
0.783735627, -0.11230117082595825
0.78578496, -0.11809927225112915
0.787788315, -0.09468632936477661
0.7898439, -0.08630740642547607
0.791870894, -0.10172909498214722
0.793906426, -0.10295307636260986
0.795886722, -0.10816317796707153
0.797910944, -0.10868597030639648
0.799945748, -0.09966623783111572
0.801994161, -0.09620106220245361
0.80401847, -0.11523020267486572
0.806015559, -0.1116449236869812
0.809568366, -0.10041707754135132
0.811596016, -0.09047174453735352
0.813630868, -0.09188103675842285
0.815642377, -0.11065667867660522
0.817665215, -0.10645818710327148
0.819739585, -0.09982877969741821
0.821758428, -0.0911596417427063
0.823790112, -0.10067594051361084
0.825805919, -0.10263371467590332
0.827903132, -0.09398245811462402
0.830209749, -0.08199244737625122
0.832164696, -0.09032446146011353
0.835870812, -0.1112210750579834
0.836713883, -0.1050836443901062
0.838729998, -0.10322034358978271
0.840772443, -0.0953400731086731
0.842859397, -0.09158486127853394
0.845090769, -0.10716408491134644
0.846890729, -0.09991133213043213
0.848943287, -0.08599686622619629
0.850973174, -0.09846359491348267
0.852982576, -0.08774405717849731
0.854981228, -0.1006593108177185
0.85698947, -0.10564541816711426
0.859027903, -0.09612709283828735
0.86109684, -0.09028118848800659
0.863077617, -0.09122389554977417
0.865113128, -0.10035443305969238
0.867125454, -0.10192084312438965
0.869168337, -0.08157718181610107
0.87121019, -0.08669596910476685
0.873230277, -0.09535735845565796
0.875241624, -0.10416722297668457
0.877297866, -0.11032611131668091
0.879323106, -0.1092524528503418
0.881324169, -0.09902995824813843
0.883326063, -0.10210627317428589
0.88535336, -0.11684048175811768
0.887437461, -0.10291934013366699
0.889453813, -0.09503352642059326
0.891494075, -0.08809840679168701
0.893560449, -0.09514391422271729
0.8955317, -0.10660809278488159
0.89756508, -0.10916626453399658
0.899626986, -0.10267114639282227
0.901636746, -0.0879254937171936
0.903640178, -0.10353273153305054
0.905662424, -0.10757571458816528
0.907703969, -0.09935557842254639
0.909706273, -0.09173953533172607
0.911754545, -0.09487175941467285
0.913744333, -0.10348176956176758
0.915783367, -0.10744714736938477
0.917849803, -0.110964834690094
0.919832564, -0.105388343334198
0.921885949, -0.09454911947250366
0.923895746, -0.1035909652709961
0.925948481, -0.11540853977203369
0.927946565, -0.09436482191085815
0.929959341, -0.08618682622909546
0.932007707, -0.08611059188842773
0.934015629, -0.09817242622375488
0.936080621, -0.0995071530342102
0.938070079, -0.10377514362335205
0.940093964, -0.09907829761505127
0.942170488, -0.09395641088485718
0.944201625, -0.1127961277961731
0.946203121, -0.11373555660247803
0.948221189, -0.09848415851593018
0.95022575, -0.09231185913085938
0.952308295, -0.10260289907455444
0.954362002, -0.11107367277145386
0.956332552, -0.10958433151245117
0.958349176, -0.10157972574234009
0.960406133, -0.0965811014175415
0.962415179, -0.09753698110580444
0.964417416, -0.11186611652374268
0.9664658, -0.1035950779914856
0.968505997, -0.08062446117401123
0.970512727, -0.09284383058547974
0.977278135, -0.09526348114013672
0.979258538, -0.09710735082626343
0.981276115, -0.094662606716156
0.983278242, -0.0860365629196167
0.985322819, -0.10907834768295288
0.98736452, -0.10483479499816895
0.989378459, -0.0957343578338623
0.99141664, -0.091427743434906
0.993427117, -0.09302622079849243
0.995475156, -0.09786641597747803
0.997475888, -0.10330373048782349
0.999504095, -0.09892439842224121
1.001538244, -0.08108335733413696
1.00554795, -0.08605456352233887
1.007568687, -0.09073036909103394
1.009620726, -0.08296823501586914
1.011613797, -0.08796679973602295
1.014341744, -0.09560352563858032
1.015925298, -0.10312628746032715
1.017922626, -0.10719054937362671
1.020091825, -0.09955453872680664
1.022152074, -0.09596383571624756
1.024169031, -0.09797108173370361
1.026273383, -0.10767257213592529
1.02827153, -0.09345436096191406
1.030271667, -0.08518773317337036
1.03230429, -0.09220695495605469
1.034505907, -0.11142474412918091
1.036514774, -0.1131330132484436
1.038543194, -0.09906584024429321
1.04058172, -0.09423989057540894
1.042597692, -0.09701943397521973
1.044847947, -0.11338233947753906
1.046652474, -0.10495054721832275
1.048715048, -0.08780699968338013
1.05071217, -0.08228874206542969
1.052756475, -0.0980377197265625
1.054746784, -0.10795456171035767
1.056826965, -0.10930538177490234
1.058817957, -0.10887348651885986
1.060862167, -0.0915103554725647
1.062850846, -0.0926060676574707
1.064888722, -0.10281038284301758
1.066957697, -0.09879922866821289
1.0689539670000001, -0.08351868391036987
1.070964808, -0.07561719417572021
1.072983845, -0.08751732110977173
1.076407693, -0.0911569595336914
1.078342279, -0.09931904077529907
1.0803961069999999, -0.0819253921508789
1.082379809, -0.08396780490875244
1.084455378, -0.10728627443313599
1.086472791, -0.10420823097229004
1.088468859, -0.08916538953781128
1.090479748, -0.07728040218353271
1.092518037, -0.08847296237945557
1.094544623, -0.09608036279678345
1.096562917, -0.10193216800689697
1.098593967, -0.09080743789672852
1.100610627, -0.08665710687637329
1.102640501, -0.09094405174255371
1.104695056, -0.1079217791557312
1.106703067, -0.10307711362838745
1.108735247, -0.0902177095413208
1.110843055, -0.08353102207183838
1.11283605, -0.10195577144622803
1.114862463, -0.10497623682022095
1.116918588, -0.11465489864349365
1.118938095, -0.10981148481369019
1.120924782, -0.09581124782562256
1.122965862, -0.09169977903366089
1.125345548, -0.09884297847747803
1.127327585, -0.10205209255218506
1.129694427, -0.09567493200302124
1.1317363010000001, -0.09333837032318115
1.133739132, -0.10170340538024902
1.135781831, -0.10492056608200073
1.1378033140000001, -0.09621953964233398
1.13989028, -0.09932523965835571
1.141862271, -0.08477139472961426
1.143884215, -0.09817475080490112
1.145906529, -0.10201352834701538
1.147954682, -0.09003084897994995
1.149946075, -0.08377856016159058
1.151975489, -0.09006601572036743
1.15402635, -0.09812426567077637
1.156028587, -0.10076713562011719
1.158063742, -0.10181152820587158
1.160079751, -0.09964960813522339
1.162111529, -0.09522473812103271
1.164161999, -0.10493695735931396
1.1661494000000001, -0.10679864883422852
1.168209337, -0.09070557355880737
1.170332663, -0.08291494846343994
1.172272324, -0.09155142307281494
1.174317241, -0.10138928890228271
1.176436583, -0.10875976085662842
1.178373111, -0.09817314147949219
1.180410923, -0.10263311862945557
1.182633411, -0.09228283166885376
1.186833162, -0.10201936960220337
1.18881026, -0.09101825952529907
1.190856534, -0.08454757928848267
1.192909076, -0.09578442573547363
1.194907901, -0.1011507511138916
1.19695201, -0.10614258050918579
1.198983584, -0.11017405986785889
1.201052654, -0.09876084327697754
1.203011676, -0.09734582901000977
1.205047365, -0.11038607358932495
1.207120296, -0.09982287883758545
1.20919718, -0.08580213785171509
1.211215865, -0.08335626125335693
1.21324769, -0.09566491842269897
1.215629329, -0.11201584339141846
1.217601645, -0.10829728841781616
1.219655069, -0.09982120990753174
1.221653966, -0.08548307418823242
1.223676142, -0.09174495935440063
1.225742546, -0.11196696758270264
1.22785642, -0.09815788269042969
1.229864911, -0.07948702573776245
1.231899366, -0.08949166536331177
1.233945673, -0.09965658187866211
1.23594487, -0.10361611843109131
1.237962547, -0.1038314700126648
1.240376125, -0.09307974576950073
1.242411915, -0.09531295299530029
1.244506281, -0.10703122615814209
1.2464568520000001, -0.10688835382461548
1.248508078, -0.08442831039428711
1.250529465, -0.08469223976135254
1.252579862, -0.09702843427658081
1.254585566, -0.10140222311019897
1.25659726, -0.09950941801071167
1.258627267, -0.10252374410629272
1.260657506, -0.09982627630233765
1.262659715, -0.08842748403549194
1.264721397, -0.10700386762619019
1.266753419, -0.0982511043548584
1.268751982, -0.09607332944869995
1.27077541, -0.08213400840759277
1.27279466, -0.09513342380523682
1.274827407, -0.10220968723297119
1.276883527, -0.10437321662902832
1.278896885, -0.10824424028396606
1.280903337, -0.10007679462432861
1.282943089, -0.09351664781570435
1.285175482, -0.10693532228469849
1.286976301, -0.09940856695175171
1.289023388, -0.08264899253845215
1.291040318, -0.09205281734466553
1.293059634, -0.08617532253265381
1.29523067, -0.09931951761245728
1.297195253, -0.10148447751998901
1.299247452, -0.09392642974853516
1.301264935, -0.0921662449836731
1.303355451, -0.09760791063308716
1.3053073880000001, -0.1086801290512085
1.307332142, -0.10096663236618042
1.309371042, -0.08282655477523804
1.311399033, -0.08512413501739502
1.3134591420000001, -0.09212446212768555
1.3154961840000001, -0.09671783447265625
1.3175152909999999, -0.10828447341918945
1.319540015, -0.09191417694091797
1.321551006, -0.08917951583862305
1.3236009, -0.09871160984039307
1.325637331, -0.11119973659515381
1.32764691, -0.09393364191055298
1.329653966, -0.08017635345458984
1.331706099, -0.08676612377166748
1.333705536, -0.09509563446044922
1.335744539, -0.10020530223846436
1.337775672, -0.10374855995178223
1.339785947, -0.0933719277381897
1.341816514, -0.08619242906570435
1.343871654, -0.0984986424446106
1.345857645, -0.10874885320663452
1.347901291, -0.09875404834747314
1.349953659, -0.08514297008514404
1.351980426, -0.089241623878479
1.354021876, -0.10720062255859375
1.3560363020000001, -0.10966342687606812
1.358066439, -0.10281360149383545
1.36005848, -0.097098708152771
1.3620976040000001, -0.08604097366333008
1.364124095, -0.10561823844909668
1.366174654, -0.10870987176895142
1.368191705, -0.09850156307220459
1.370230749, -0.09107524156570435
1.372232547, -0.09397417306900024
1.374274527, -0.10669463872909546
1.37633404, -0.10838419198989868
1.378343733, -0.1017906665802002
1.380358558, -0.08502852916717529
1.382386082, -0.08726608753204346
1.384402176, -0.10577625036239624
1.386637811, -0.09800785779953003
1.388648627, -0.081573486328125
1.390766804, -0.08199238777160645
1.39278273, -0.09899359941482544
1.394756783, -0.10651516914367676
1.396809295, -0.10749977827072144
1.398778444, -0.10861486196517944
1.40081792, -0.10176849365234375
1.4028294510000001, -0.1011626124382019
1.404911483, -0.117226243019104
1.4069374749999999, -0.10125625133514404
1.408935343, -0.09898006916046143
1.410990842, -0.08885324001312256
1.412981265, -0.09793353080749512
1.415041748, -0.10790401697158813
1.417059246, -0.11323869228363037
1.419066207, -0.10607081651687622
1.421096662, -0.10283011198043823
1.423127251, -0.09819436073303223
1.4256199760000001, -0.12145668268203735
1.428003978, -0.09100496768951416
1.430007643, -0.08453589677810669
1.432044271, -0.09562021493911743
1.434055589, -0.10055214166641235
1.436084451, -0.10078340768814087
1.4385160639999999, -0.11207377910614014
1.440725252, -0.09421420097351074
1.442839744, -0.08694785833358765
1.444884639, -0.11542397737503052
1.446943407, -0.09738385677337646
1.448949747, -0.08680856227874756
1.450944522, -0.08011293411254883
1.452976027, -0.09056746959686279
1.455254242, -0.10251569747924805
1.457279388, -0.10173749923706055
1.459351167, -0.10045415163040161
1.461314732, -0.08617115020751953
1.463351441, -0.08783912658691406
1.465473505, -0.10396993160247803
1.467408938, -0.09091836214065552
1.469448353, -0.08471101522445679
1.471477384, -0.09097349643707275
1.47349834, -0.09377753734588623
1.475525695, -0.10035502910614014
1.4775410390000001, -0.10434162616729736
1.47957045, -0.0976719856262207
1.481608407, -0.09435731172561646
1.4836322499999999, -0.1013231873512268
1.485704218, -0.1099122166633606
1.487722236, -0.09189289808273315
1.489728038, -0.08186131715774536
1.4918070110000001, -0.09653419256210327
1.4937778800000001, -0.10667628049850464
1.4958409719999999, -0.11302036046981812
1.497853967, -0.11407506465911865
1.499847324, -0.1050485372543335
1.501904776, -0.09710830450057983
1.503905697, -0.1095382571220398
1.5059392360000001, -0.10807919502258301
1.5079859899999999, -0.09322100877761841
1.509984379, -0.08789211511611938
1.512016126, -0.09422051906585693
1.514060382, -0.09934127330780029
1.5160763579999998, -0.10798835754394531
1.518102571, -0.10432469844818115
1.5201089300000001, -0.09922116994857788
1.522137817, -0.09967541694641113
1.5241604930000001, -0.10823702812194824
1.526203304, -0.10843580961227417
1.528234663, -0.08582496643066406
1.530242594, -0.08565205335617065
1.5322546529999999, -0.10017454624176025
1.534299455, -0.10227370262145996
1.5363231160000002, -0.10433518886566162
1.538350745, -0.10655969381332397
1.540371224, -0.09855204820632935
1.542398408, -0.09364759922027588
1.544427737, -0.11603224277496338
1.546464736, -0.10897302627563477
1.548467636, -0.09386831521987915
1.550492535, -0.08464813232421875
1.552566538, -0.0870409607887268
1.554767899, -0.10238641500473022
1.557194819, -0.11666464805603027
1.559310121, -0.10403090715408325
1.5613395570000002, -0.09922432899475098
1.563372481, -0.10195177793502808
1.565397878, -0.10979634523391724
1.56739223, -0.10444796085357666
1.5694297769999999, -0.09423065185546875
1.572019914, -0.09689497947692871
1.5740633979999998, -0.10598456859588623
1.576063144, -0.10902482271194458
1.578102192, -0.10885775089263916
1.580130517, -0.10241854190826416
1.58215978, -0.10028254985809326
1.5842262360000001, -0.11560893058776855
1.5862545749999999, -0.11236530542373657
1.5882565039999998, -0.09320396184921265
1.590752698, -0.08562803268432617
1.592767437, -0.08857685327529907
1.594784741, -0.09816920757293701
1.596869586, -0.09993278980255127
1.598896533, -0.10163438320159912
1.6009580460000001, -0.09677761793136597
1.6029589899999999, -0.09559261798858643
1.604979427, -0.10641425848007202
1.6070037130000001, -0.09670466184616089
1.609024426, -0.08793580532073975
1.61105922, -0.08756351470947266
1.613082406, -0.09707009792327881
1.615240632, -0.10389679670333862
1.617280594, -0.10131347179412842
1.6194222919999999, -0.09865796566009521
1.621714442, -0.09643751382827759
1.6236790509999999, -0.09984612464904785
1.625699701, -0.10727816820144653
1.627764413, -0.09969222545623779
1.629831647, -0.08582788705825806
1.631798597, -0.09233146905899048
1.633789068, -0.10372376441955566
1.63586543, -0.1115255355834961
1.637874925, -0.10877358913421631
1.639873121, -0.10106849670410156
1.641945427, -0.1007547378540039
1.644001775, -0.11040854454040527
1.646070807, -0.1145704984664917
1.648028916, -0.09703439474105835
1.650073467, -0.09383803606033325
1.652096966, -0.08894872665405273
1.654124394, -0.09754830598831177
1.656148021, -0.11681628227233887
1.658204502, -0.10218799114227295
1.660228067, -0.09952181577682495
1.662212239, -0.09369081258773804
1.6642442119999998, -0.1150323748588562
1.66629799, -0.11637836694717407
1.6683071649999999, -0.0935596227645874
1.670334543, -0.08367902040481567
1.6723416100000001, -0.09771966934204102
1.6743664809999999, -0.11238139867782593
1.6763886700000001, -0.10836762189865112
1.678447141, -0.10427343845367432
1.6804554170000001, -0.09790849685668945
1.682483787, -0.09170609712600708
1.6863920449999998, -0.11092323064804077
1.686946034, -0.1098213791847229
1.688627168, -0.09776198863983154
1.690636223, -0.08610731363296509
1.692670611, -0.10242372751235962
1.69467197, -0.10451000928878784
1.696699414, -0.11159694194793701
1.6987222320000002, -0.10370773077011108
1.7007621240000002, -0.08588755130767822
1.703440434, -0.09602999687194824
1.705464027, -0.11155587434768677
1.7074624539999999, -0.10829567909240723
1.70951871, -0.09000730514526367
1.711561575, -0.08476823568344116
1.7135791660000002, -0.09293174743652344
1.715597731, -0.10199123620986938
1.717692745, -0.11956202983856201
1.719674792, -0.10281533002853394
1.721683453, -0.09498155117034912
1.723710487, -0.10817486047744751
1.7257398099999999, -0.11915522813796997
1.727774932, -0.10500121116638184
1.729786404, -0.10089945793151855
1.731821505, -0.09085166454315186
1.734044117, -0.10122144222259521
1.7360427029999999, -0.10432177782058716
1.7380799059999998, -0.10793173313140869
1.740150638, -0.09145671129226685
1.742154835, -0.09400147199630737
1.744153164, -0.10415846109390259
1.7462476599999999, -0.10602307319641113
1.748202806, -0.10113281011581421
1.750225891, -0.08577525615692139
1.752298674, -0.0946962833404541
1.754320183, -0.09490334987640381
1.756444823, -0.09887427091598511
1.758447625, -0.10112696886062622
1.760491807, -0.09002095460891724
1.762498276, -0.08490478992462158
1.764563433, -0.11194491386413574
1.766572443, -0.10313427448272705
1.768691133, -0.09807360172271729
1.770698247, -0.08600008487701416
1.772705077, -0.09442323446273804
1.774800656, -0.10581481456756592
1.776834165, -0.11017268896102905
1.778833003, -0.10822361707687378
1.78083682, -0.09616094827651978
1.782891456, -0.09785127639770508
1.784884819, -0.11290252208709717
1.786911646, -0.1047937273979187
1.789000314, -0.09884601831436157
1.790963916, -0.0905417799949646
1.7933019959999998, -0.1020473837852478
1.79528659, -0.10804557800292969
1.797329062, -0.11121851205825806
1.799385689, -0.10398167371749878
1.801362651, -0.09256130456924438
1.803400001, -0.09252941608428955
1.805432654, -0.11050426959991455
1.807461408, -0.09470832347869873
1.809468257, -0.08975481986999512
1.811533134, -0.087943434715271
1.8135242379999998, -0.09604465961456299
1.8155767950000001, -0.10547268390655518
1.81757374, -0.09969508647918701
1.819630166, -0.09702390432357788
1.821681318, -0.08255499601364136
1.8236488290000001, -0.10631108283996582
1.825732285, -0.10836124420166016
1.82778832, -0.0940389633178711
1.829749606, -0.07739537954330444
1.831792372, -0.0833505392074585
1.833813889, -0.09431487321853638
1.835837586, -0.10787844657897949
1.837848525, -0.09170281887054443
1.839856507, -0.09830260276794434
1.8418949150000001, -0.0961998701095581
1.8439490630000002, -0.10555249452590942
1.8460332350000002, -0.11192601919174194
1.8479933929999999, -0.09910184144973755
1.850032187, -0.08385056257247925
1.852043251, -0.09162849187850952
1.854084584, -0.09855234622955322
1.8560981829999998, -0.10474914312362671
1.858120316, -0.1050599217414856
1.860144003, -0.0999070405960083
1.862201508, -0.09514731168746948
1.864226817, -0.11334997415542603
1.866248972, -0.11431342363357544
1.8682577550000001, -0.1022537350654602
1.870286604, -0.08484387397766113
1.8723151599999999, -0.09670847654342651
1.874503726, -0.10535132884979248
1.878644389, -0.11004191637039185
1.880657134, -0.0912778377532959
1.882640581, -0.09797453880310059
1.8847039890000001, -0.11070770025253296
1.8870198519999999, -0.09958809614181519
1.888999388, -0.09004044532775879
1.891154502, -0.08645319938659668
1.893295598, -0.091971755027771
1.895479195, -0.10358816385269165
1.897553114, -0.10368764400482178
1.8994944820000002, -0.09409165382385254
1.901536847, -0.08969438076019287
1.903555125, -0.09729164838790894
1.905659228, -0.11901581287384033
1.9076194869999998, -0.10291475057601929
1.909631767, -0.08335328102111816
1.911659054, -0.08913600444793701
1.913741061, -0.09861695766448975
1.915714862, -0.0994340181350708
1.917734728, -0.10723835229873657
1.919770693, -0.0948406457901001
1.921837544, -0.09022915363311768
1.9238472519999998, -0.10866767168045044
1.925832376, -0.11720043420791626
1.92785245, -0.10467088222503662
1.929881832, -0.08805668354034424
1.931923636, -0.09408915042877197
1.933973371, -0.10090553760528564
1.9360123470000001, -0.11110579967498779
1.93804303, -0.11221086978912354
1.940052175, -0.10175782442092896
1.94257367, -0.0949360728263855
1.9445497760000001, -0.11338979005813599
1.947873135, -0.10868418216705322
1.9498917470000001, -0.09771937131881714
1.951959218, -0.0889664888381958
1.9540094959999998, -0.10305672883987427
1.956007759, -0.11005562543869019
1.958012785, -0.10892480611801147
1.96004318, -0.09514647722244263
1.96215401, -0.09132194519042969
1.964342338, -0.10789579153060913
1.966364805, -0.09762835502624512
1.968354728, -0.087596595287323
1.9703932050000001, -0.0826827883720398
1.972438957, -0.09639298915863037
1.975016599, -0.0937190055847168
1.977103943, -0.10212695598602295
1.979198461, -0.09674990177154541
1.983281999, -0.0895337462425232
1.9852533970000001, -0.10602915287017822
1.987261363, -0.10939455032348633
1.989338737, -0.09418445825576782
1.99175203, -0.0925600528717041
1.993500563, -0.10530006885528564
1.995520494, -0.10571539402008057
1.9975559189999998, -0.11428505182266235
1.999576834, -0.1120336651802063
2.001617916, -0.09238392114639282
2.003625715, -0.10420536994934082
2.007217148, -0.11078375577926636
2.009205123, -0.08863681554794312
2.011642443, -0.09902405738830566
2.0136581, -0.10268652439117432
2.015768974, -0.11119723320007324
2.017816118, -0.10868948698043823
2.019885395, -0.1104784607887268
2.022056455, -0.09324818849563599
2.023981094, -0.10871541500091553
2.025993714, -0.11998581886291504
2.028019318, -0.09560680389404297
2.030032582, -0.08732032775878906
2.032091677, -0.0945926308631897
2.034347705, -0.1056172251701355
2.036436048, -0.10257565975189209
2.038440295, -0.11185264587402344
2.040438548, -0.09724551439285278
2.043435451, -0.08451688289642334
2.045610819, -0.11766761541366577
2.04762114, -0.0989275574684143
2.049644706, -0.09177577495574951
2.051699038, -0.09075534343719482
2.053787355, -0.1012079119682312
2.055727273, -0.10033303499221802
2.057748971, -0.1091427206993103
2.059779711, -0.10621136426925659
2.061813532, -0.09568518400192261
2.063847482, -0.10413646697998047
2.065884374, -0.11023741960525513
2.067884358, -0.09818941354751587
2.069909983, -0.09194207191467285
2.071965279, -0.09957647323608398
2.073972465, -0.09274458885192871
2.076081744, -0.09974515438079834
2.078080186, -0.11089032888412476
2.080108046, -0.09805387258529663
2.082098111, -0.09418737888336182
2.084123595, -0.10331302881240845
2.08614034, -0.12228286266326904
2.088193967, -0.09706181287765503
2.090223637, -0.08621931076049805
2.092271916, -0.09919947385787964
2.094280202, -0.1002843976020813
2.09633337, -0.10577577352523804
2.098309905, -0.10880088806152344
2.100326286, -0.09824156761169434
2.102353518, -0.09508085250854492
2.10438284, -0.1094970703125
2.106397732, -0.10192567110061646
2.108489107, -0.09353888034820557
2.11047144, -0.08380335569381714
2.112533424, -0.09046965837478638
2.114572551, -0.09507066011428833
2.11654281, -0.10274660587310791
2.11855118, -0.10555148124694824
2.120676187, -0.09715336561203003
2.1227736090000002, -0.08229464292526245
2.124822393, -0.09975481033325195
2.1268405870000002, -0.10434538125991821
2.128823272, -0.09035629034042358
2.130882034, -0.0786086916923523
2.132944976, -0.09074151515960693
2.134939651, -0.10953980684280396
2.136962267, -0.11007213592529297
2.138969516, -0.10876733064651489
2.141002934, -0.10322201251983643
2.143037892, -0.10157769918441772
2.145073942, -0.11786806583404541
2.147161576, -0.10731840133666992
2.149913824, -0.08970868587493896
2.151969083, -0.0922345519065857
2.154069076, -0.10288840532302856
2.156072444, -0.1094023585319519
2.1580540360000002, -0.11735326051712036
2.160063726, -0.10441714525222778
2.162116158, -0.10254412889480591
2.164211413, -0.11937308311462402
2.166212786, -0.10940420627593994
2.168227039, -0.09552109241485596
2.17025969, -0.08942621946334839
2.172281062, -0.09566545486450195
2.174322968, -0.10445529222488403
2.176318517, -0.10764718055725098
2.178429669, -0.11365479230880737
2.180438917, -0.10075509548187256
2.182409884, -0.09296876192092896
2.184447961, -0.10862171649932861
2.186450849, -0.10477131605148315
2.188493132, -0.09428471326828003
2.190531981, -0.07964920997619629
2.192535084, -0.09129691123962402
2.194639139, -0.10279154777526855
2.196596533, -0.10648012161254883
2.198611773, -0.10383790731430054
2.200627968, -0.09134125709533691
2.204043467, -0.09254807233810425
2.204717226, -0.10663473606109619
2.206725212, -0.10663503408432007
2.208723379, -0.09513497352600098
2.210775259, -0.08534455299377441
2.212796926, -0.0993850827217102
2.2148434200000002, -0.11455321311950684
2.216855154, -0.10894453525543213
2.218880255, -0.11270761489868164
2.22089206, -0.10069149732589722
2.222963501, -0.10375815629959106
2.22493062, -0.10814684629440308
2.226974193, -0.10855227708816528
2.229012825, -0.09789788722991943
2.231070274, -0.09185975790023804
2.23309194, -0.09940236806869507
2.235104631, -0.10614442825317383
2.237168027, -0.10347497463226318
2.239136893, -0.10545152425765991
2.241159673, -0.09571397304534912
2.24319698, -0.09464240074157715
2.245237176, -0.11374503374099731
2.247272099, -0.10202884674072266
2.249273014, -0.09436225891113281
2.251342146, -0.08571773767471313
2.2533369580000002, -0.09674942493438721
2.25535639, -0.10551309585571289
2.25741164, -0.10847002267837524
2.259405035, -0.09835362434387207
2.261431587, -0.08852726221084595
2.263471146, -0.09064394235610962
2.265488588, -0.10349917411804199
2.2674999, -0.09908026456832886
2.269543827, -0.08104604482650757
