0.005887614, 0.40063491463661194
0.007918491, 0.41307133436203003
0.01005059, 0.42071375250816345
0.012349786, 0.409248948097229
0.014411774, 0.3931845426559448
0.016404923, 0.4031512141227722
0.018466043, 0.42579737305641174
0.020492646, 0.43173691630363464
0.022507234, 0.4230401813983917
0.024519874, 0.3961796164512634
0.026542628, 0.41310739517211914
0.02855937, 0.42032450437545776
0.031611714, 0.41513097286224365
0.033661078, 0.39523547887802124
0.035665402, 0.39138075709342957
0.037681952, 0.4046628475189209
0.039718726, 0.4166336953639984
0.041736716, 0.41862139105796814
0.043772818, 0.40000760555267334
0.045776091, 0.3904772102832794
0.047846861, 0.4084717929363251
0.049844488, 0.4211229383945465
0.051888932, 0.41515734791755676
0.05393176, 0.4024614691734314
0.056620286, 0.4048570990562439
0.058575936, 0.41828295588493347
0.060606706, 0.4132451117038727
0.062636286, 0.4094081223011017
0.064644326, 0.40005508065223694
0.066671542, 0.4166262745857239
0.06875026, 0.42838168144226074
0.070726386, 0.42691799998283386
0.072810821, 0.41759902238845825
0.074800448, 0.3959069848060608
0.076807729, 0.42219093441963196
0.078841579, 0.42807868123054504
0.080870625, 0.42140862345695496
0.082907551, 0.40874987840652466
0.084913904, 0.4053041338920593
0.086933886, 0.41650858521461487
0.088985256, 0.4369584619998932
0.090972193, 0.43383505940437317
0.09338824, 0.414282888174057
0.095407211, 0.4078443646430969
0.097393159, 0.40825527906417847
0.099512314, 0.42769408226013184
0.101470385, 0.41183149814605713
0.103514767, 0.40098392963409424
0.1055435, 0.40221983194351196
0.107532197, 0.4061359465122223
0.109551418, 0.415729284286499
0.111593049, 0.42441311478614807
0.113677594, 0.3988291025161743
0.115726793, 0.39028307795524597
0.117748913, 0.40896153450012207
0.120522768, 0.4209899604320526
0.130102417, 0.41767847537994385
0.133557353, 0.4213991165161133
0.135584539, 0.39103391766548157
0.137639777, 0.40883976221084595
0.13973917, 0.4319123923778534
0.141676248, 0.42099708318710327
0.143718606, 0.4101700186729431
0.145746497, 0.411129891872406
0.148900329, 0.4286741018295288
0.150862191, 0.43232086300849915
0.155350492, 0.41607290506362915
0.157857638, 0.4115443229675293
0.159869801, 0.42896199226379395
0.162333634, 0.423164427280426
0.164360689, 0.3918747007846832
0.166409636, 0.4035903215408325
0.168518721, 0.40809521079063416
0.171486507, 0.4184674918651581
0.173496611, 0.3871793746948242
0.175544348, 0.38567954301834106
0.177548311, 0.4061308205127716
0.179647024, 0.42116203904151917
0.181680445, 0.40509793162345886
0.184370262, 0.39078107476234436
0.186398435, 0.408843457698822
0.188467391, 0.417214035987854
0.190734535, 0.42070281505584717
0.193121039, 0.41592830419540405
0.195805415, 0.38549667596817017
0.197278036, 0.4061618745326996
0.199409571, 0.4261700212955475
0.201533886, 0.4195549190044403
0.205503735, 0.4022637605667114
0.207561495, 0.42387762665748596
0.209725361, 0.4315148890018463
0.212324067, 0.42029571533203125
0.214838782, 0.396906316280365
0.216859937, 0.41535425186157227
0.218892114, 0.4250190258026123
0.220928908, 0.4244459569454193
0.222925959, 0.40935054421424866
0.225206382, 0.3996754288673401
0.227201991, 0.42428058385849
0.229283609, 0.4377441108226776
0.231321376, 0.4232865571975708
0.233360795, 0.4104747176170349
0.235423601, 0.40414631366729736
0.237559827, 0.4187164902687073
0.239545405, 0.4270220398902893
0.241639232, 0.42396318912506104
0.243626967, 0.40519338846206665
0.245835261, 0.4058963656425476
0.247788311, 0.41949281096458435
0.250506106, 0.4219176173210144
0.252664571, 0.41952604055404663
0.25444895, 0.4042505621910095
0.256530771, 0.40088608860969543
0.258605953, 0.41130372881889343
0.260655609, 0.429058313369751
0.262685599, 0.4163300096988678
0.266874591, 0.40363889932632446
0.268858116, 0.4275784194469452
0.270962467, 0.4229583740234375
0.27449545, 0.4099169373512268
0.276506195, 0.4028613269329071
0.278612858, 0.4223385751247406
0.280586753, 0.41803115606307983
0.282591519, 0.4117077887058258
0.284667, 0.4048530161380768
0.28667575, 0.3984895646572113
0.288940077, 0.42177528142929077
0.29100187, 0.4176264703273773
0.293017242, 0.40249893069267273
0.295109121, 0.3854677677154541
0.297067596, 0.41418665647506714
0.299118412, 0.4282471239566803
0.301396615, 0.4199698865413666
0.303685557, 0.3973213732242584
0.306205116, 0.4057392477989197
0.308242422, 0.42096006870269775
0.310257907, 0.41753682494163513
0.312314066, 0.40885987877845764
0.314475413, 0.39076486229896545
0.316507806, 0.4017876386642456
0.318501557, 0.41523510217666626
0.320629633, 0.41616421937942505
0.322734795, 0.4139856994152069
0.324757046, 0.40765249729156494
0.326816995, 0.4169238209724426
0.329293663, 0.4242994785308838
0.331402497, 0.41610100865364075
0.333413194, 0.3923806846141815
0.335478533, 0.3873240053653717
0.337536996, 0.40543046593666077
0.339608316, 0.421583890914917
0.341646481, 0.4084555208683014
0.343983735, 0.39387068152427673
0.346046142, 0.39979803562164307
0.348019598, 0.4030190110206604
0.350116269, 0.4128895103931427
0.352147737, 0.403399258852005
0.354399253, 0.38703861832618713
0.356581128, 0.40333816409111023
0.358713946, 0.42297589778900146
0.360707145, 0.425453245639801
0.362992453, 0.405481219291687
0.365019559, 0.40197819471359253
0.367039483, 0.4089071452617645
0.369156832, 0.41808784008026123
0.371227978, 0.41824352741241455
0.373317817, 0.4141419231891632
0.375539059, 0.3933899402618408
0.377538942, 0.4235706627368927
0.379802736, 0.43164828419685364
0.381869116, 0.4224938154220581
0.384536388, 0.4055866599082947
0.386535487, 0.42733341455459595
0.388571162, 0.43692028522491455
0.390686126, 0.43670883774757385
0.392695751, 0.4305461049079895
0.394982151, 0.405042827129364
0.397063426, 0.4165777564048767
0.399057888, 0.42618030309677124
0.401104141, 0.42611244320869446
0.403335966, 0.41433364152908325
0.40531965, 0.3993375897407532
0.40733137, 0.4172864854335785
0.409365298, 0.4224148690700531
0.411399539, 0.41713204979896545
0.413405927, 0.4046325087547302
0.415503619, 0.39418530464172363
0.4174696, 0.3983307182788849
0.41953081, 0.41276153922080994
0.421530334, 0.4148246943950653
0.423589675, 0.39359039068222046
0.425588259, 0.39613255858421326
0.427602215, 0.4237411916255951
0.429648352, 0.4268364906311035
0.431723499, 0.42054226994514465
0.433671983, 0.4092634916305542
0.435717954, 0.4019467234611511
0.437752565, 0.4106537401676178
0.440338952, 0.4270322024822235
0.442536791, 0.42063000798225403
0.444733547, 0.40723252296447754
0.446763071, 0.41796019673347473
0.448781758, 0.43842121958732605
0.450846195, 0.41972455382347107
0.453013244, 0.40878811478614807
0.455132061, 0.3896304965019226
0.457181267, 0.40889641642570496
0.459149416, 0.4320310056209564
0.461195591, 0.4322112798690796
0.463206938, 0.4148600399494171
0.46522819, 0.4009125828742981
0.46727797, 0.4243353605270386
0.469279532, 0.42392683029174805
0.471334891, 0.4085862934589386
0.473595135, 0.4005812406539917
0.475704176, 0.38290396332740784
0.477658565, 0.40528976917266846
0.47969872, 0.4189074635505676
0.481739973, 0.4129476249217987
0.483750787, 0.39802873134613037
0.485762879, 0.4052182137966156
0.487794984, 0.4129936099052429
0.489812856, 0.41555723547935486
0.491845638, 0.4064668118953705
0.494398562, 0.38804712891578674
0.496104283, 0.3930148184299469
0.49816574, 0.40097448229789734
0.500310695, 0.4115046560764313
0.502336262, 0.4150894284248352
0.504390367, 0.39643722772598267
0.506464787, 0.4039382040500641
0.508443835, 0.42722824215888977
0.510480344, 0.4237643778324127
0.512584072, 0.4240507185459137
0.514544421, 0.3954703211784363
0.51658573, 0.4002722203731537
0.518583542, 0.4129132628440857
0.52061608, 0.41895249485969543
0.522638096, 0.42305997014045715
0.524713964, 0.40133559703826904
0.526693904, 0.41461503505706787
0.528698045, 0.42976805567741394
0.530871065, 0.42304521799087524
0.532886765, 0.4142434298992157
0.534952377, 0.3879282474517822
0.536958711, 0.4112604260444641
0.538998395, 0.4199945330619812
0.54141597, 0.41873979568481445
0.543430264, 0.40746334195137024
0.545424574, 0.4007353186607361
0.547464026, 0.42014047503471375
0.549671386, 0.431052565574646
0.551670124, 0.41286662220954895
0.553676146, 0.3898884952068329
0.555702307, 0.39276954531669617
0.557708929, 0.410137802362442
0.559756166, 0.41585201025009155
0.561764558, 0.41535207629203796
0.563798056, 0.41040825843811035
0.565796956, 0.4195288121700287
0.568165478, 0.4287886321544647
0.570162078, 0.43403804302215576
0.572181431, 0.4148336350917816
0.57422838, 0.3926175534725189
0.576293214, 0.3973252773284912
0.578293193, 0.40992677211761475
0.58034489, 0.41065865755081177
0.582355715, 0.4146071970462799
0.584388195, 0.3955197036266327
0.58641416, 0.40846532583236694
0.588426867, 0.4263876676559448
0.590472717, 0.4276018738746643
0.592549974, 0.4227249026298523
0.59454263, 0.4045572876930237
0.59654667, 0.41259416937828064
0.598585756, 0.41242897510528564
0.600647066, 0.4212144613265991
0.602631792, 0.4240398108959198
0.604639971, 0.4086701273918152
0.606674781, 0.4118349850177765
0.608711417, 0.42455634474754333
0.610721032, 0.4271528422832489
0.61336044, 0.4189603924751282
0.615370607, 0.3922753930091858
0.617420055, 0.40705859661102295
0.61946515, 0.4253618121147156
0.621438789, 0.4220590889453888
0.623499828, 0.40341728925704956
0.625507683, 0.4017103612422943
0.627573159, 0.42072704434394836
0.629579363, 0.43125003576278687
0.631626247, 0.4202585816383362
0.633624992, 0.3967086970806122
0.63565358, 0.39433154463768005
0.637682635, 0.4027290642261505
0.639715154, 0.41677355766296387
0.641778763, 0.4126681983470917
0.645670523, 0.3891450762748718
0.64768754, 0.40793460607528687
0.649971352, 0.4154052734375
0.652009962, 0.40108591318130493
0.654018363, 0.39257606863975525
0.656040656, 0.3977901339530945
0.658062556, 0.4152872562408447
0.660120464, 0.41414397954940796
0.662134958, 0.41189560294151306
0.664145094, 0.38850048184394836
0.666163492, 0.39573904871940613
0.668207856, 0.4146982431411743
0.670242541, 0.4117562472820282
0.672240171, 0.4041944444179535
0.674300415, 0.3971738815307617
0.676316132, 0.4004423916339874
0.678376962, 0.4238875210285187
0.680339186, 0.43374982476234436
0.682384404, 0.4216620922088623
0.684424521, 0.4012216329574585
0.686444188, 0.40588635206222534
0.688483359, 0.42613622546195984
0.690474188, 0.41769641637802124
0.69252003, 0.4202975928783417
0.694597142, 0.3915821313858032
0.696596548, 0.4085570275783539
0.698606089, 0.42576345801353455
0.700606503, 0.42471686005592346
0.702638492, 0.42036208510398865
0.704722792, 0.413523405790329
0.706705408, 0.42037448287010193
0.708731754, 0.4222401976585388
0.71073889, 0.4115923047065735
0.712784673, 0.40004971623420715
0.714835566, 0.37696945667266846
0.716828072, 0.4096081256866455
0.718857146, 0.42184871435165405
0.720873582, 0.4217410981655121
0.722907627, 0.41740721464157104
0.724940747, 0.40098315477371216
0.726966028, 0.41495275497436523
0.729003201, 0.42349502444267273
0.731007206, 0.4187142848968506
0.733075413, 0.40125641226768494
0.735060051, 0.39292070269584656
0.737081953, 0.41247305274009705
0.739126349, 0.42544254660606384
0.74396398, 0.4246039092540741
0.746063982, 0.4127112627029419
0.74805701, 0.4287833571434021
0.750146448, 0.42804086208343506
0.752319282, 0.42669814825057983
0.754227873, 0.4025033712387085
0.756241832, 0.40769851207733154
0.758287649, 0.42205610871315
0.760292788, 0.43458887934684753
0.762304519, 0.4347846508026123
0.764346758, 0.41005435585975647
0.766389016, 0.42277729511260986
0.768400947, 0.42354530096054077
0.770435537, 0.4298557937145233
0.772451659, 0.4108593463897705
0.774550458, 0.3888426423072815
0.776515216, 0.3974649906158447
0.778524324, 0.41391754150390625
0.780564067, 0.4171934425830841
0.782570402, 0.4094129502773285
0.784590733, 0.3937540352344513
0.786633707, 0.41021227836608887
0.788632461, 0.4203341007232666
0.79068491, 0.41545602679252625
0.792686396, 0.40730521082878113
0.794764335, 0.38478243350982666
0.796808224, 0.3941018283367157
0.798851363, 0.41357436776161194
0.801062464, 0.4099424481391907
0.803433334, 0.4070974290370941
0.805468956, 0.40273407101631165
0.807464455, 0.4141456186771393
0.809506372, 0.4246782958507538
0.811542154, 0.42073187232017517
0.813564832, 0.39891472458839417
0.815576183, 0.3837611675262451
0.81762885, 0.4148266613483429
0.81962943, 0.4288516342639923
0.821674739, 0.4238487780094147
0.823707508, 0.4109667241573334
0.825731364, 0.40488240122795105
0.827770262, 0.4206358790397644
0.829803704, 0.4248655438423157
0.831796531, 0.41384202241897583
0.833861014, 0.3959077298641205
0.835886557, 0.38816818594932556
0.837883939, 0.40924695134162903
0.839916735, 0.4137565791606903
0.841938008, 0.416938841342926
0.845332284, 0.39357906579971313
0.847347618, 0.41684478521347046
0.849306162, 0.4160275459289551
0.85133446, 0.4144127666950226
0.853356748, 0.39714404940605164
0.855392781, 0.3903253972530365
0.857378558, 0.40136557817459106
0.859407464, 0.42161276936531067
0.861431097, 0.41225987672805786
0.863483732, 0.40157634019851685
0.865481825, 0.3969336748123169
0.86750394, 0.41643625497817993
0.869545089, 0.42586350440979004
0.87161105, 0.4037373960018158
0.873669816, 0.393726646900177
0.875767287, 0.39272981882095337
0.877863117, 0.4117843508720398
0.87983307, 0.42811256647109985
0.881869488, 0.4281558692455292
0.883932744, 0.41131746768951416
0.885931756, 0.4097018837928772
0.887992878, 0.4242941737174988
0.889994344, 0.4287475347518921
0.891999025, 0.42442139983177185
0.894118195, 0.4093576669692993
0.896593082, 0.40975069999694824
0.899077948, 0.42998072504997253
0.90109401, 0.4401727318763733
0.903120772, 0.4233548045158386
0.90515956, 0.396350622177124
0.907195874, 0.4178818464279175
0.909407018, 0.44050607085227966
0.911338063, 0.4165783226490021
0.914288076, 0.40957406163215637
0.916226123, 0.39793387055397034
0.91826538, 0.4196570813655853
0.920288145, 0.4181147813796997
0.922276229, 0.41639944911003113
0.924350602, 0.40794509649276733
0.926342904, 0.402244508266449
0.928362559, 0.4233989715576172
0.930476062, 0.4193381667137146
0.932456858, 0.4174303114414215
0.934549982, 0.39881473779678345
0.936578194, 0.4041860103607178
0.938569648, 0.41556230187416077
0.940648729, 0.4270908832550049
0.942622674, 0.4176570475101471
0.944740757, 0.3994540870189667
0.946744629, 0.41095638275146484
0.948733016, 0.4340355694293976
0.950766511, 0.43393778800964355
0.952904371, 0.42701011896133423
0.954894481, 0.40429165959358215
0.956867047, 0.41797247529029846
0.958893752, 0.43145108222961426
0.96097239, 0.4289628267288208
0.967685168, 0.4171755313873291
0.969846802, 0.4279344975948334
0.971881287, 0.4207365810871124
0.973912757, 0.39465126395225525
0.97593291, 0.39650097489356995
0.977962581, 0.4197409152984619
0.979978045, 0.4281381070613861
0.982021585, 0.4116297960281372
0.98403564, 0.3996926546096802
0.98605474, 0.40406593680381775
0.988080227, 0.42214640974998474
0.990196901, 0.422146201133728
0.992162289, 0.4103964567184448
0.99416241, 0.3945857882499695
0.996199341, 0.4008953273296356
0.998249588, 0.41807350516319275
1.000247349, 0.41655224561691284
1.002287979, 0.41624075174331665
1.004297926, 0.39488765597343445
1.006329953, 0.3977179527282715
1.008346725, 0.42070522904396057
1.01036601, 0.4106459617614746
1.012909492, 0.4125755727291107
1.014484961, 0.4003174901008606
1.016578626, 0.4048355519771576
1.01859855, 0.4135282337665558
1.020659506, 0.42471104860305786
1.022655852, 0.4126315414905548
1.024700998, 0.3919655680656433
1.026755393, 0.3979930877685547
1.028752605, 0.41277876496315
1.03096111, 0.4136033356189728
1.032997956, 0.4156574010848999
1.03502293, 0.3932248651981354
1.037027118, 0.40595394372940063
1.0390496869999999, 0.42181655764579773
1.041114768, 0.4324834942817688
1.043099724, 0.41922396421432495
1.0451762549999999, 0.40737655758857727
1.047173711, 0.42761680483818054
1.04916989, 0.4262818694114685
1.051222089, 0.41764184832572937
1.053227799, 0.41587063670158386
1.05525536, 0.39294666051864624
1.057361027, 0.4122293293476105
1.059323148, 0.4344860315322876
1.061369734, 0.43745356798171997
1.063401462, 0.42081889510154724
1.065443597, 0.41334375739097595
1.067505542, 0.432487428188324
1.069438724, 0.42942193150520325
1.071462312, 0.42358219623565674
1.073531693, 0.4087958335876465
1.075520523, 0.39613357186317444
1.077556277, 0.40477749705314636
1.079571408, 0.4308815002441406
1.081597838, 0.43042585253715515
1.08362156, 0.4104786813259125
1.085655111, 0.4032408595085144
1.087684772, 0.4114452004432678
1.089683468, 0.4245460629463196
1.091723446, 0.41995003819465637
1.093833176, 0.4019831120967865
1.096061692, 0.39000359177589417
1.098235663, 0.41677457094192505
1.100263829, 0.4268644452095032
1.102357062, 0.42934662103652954
1.104334097, 0.41316211223602295
1.106358115, 0.4180232584476471
1.108402463, 0.43356916308403015
1.110480422, 0.4330446720123291
1.11248718, 0.42607951164245605
1.114473189, 0.39082762598991394
1.116502032, 0.4064043164253235
1.118542503, 0.4295252859592438
1.120563161, 0.43742769956588745
1.122591729, 0.4285181760787964
1.124671084, 0.41600722074508667
1.126741478, 0.4240349531173706
1.128760843, 0.44677937030792236
1.130819161, 0.43185874819755554
1.132825572, 0.4148499667644501
1.1348648510000001, 0.39797037839889526
1.136917467, 0.4098680019378662
1.138921961, 0.41692882776260376
1.140916532, 0.4116004705429077
1.142950025, 0.4076973795890808
1.144976961, 0.39844682812690735
1.146998086, 0.4097425639629364
1.149040928, 0.432331919670105
1.151095036, 0.4181394875049591
1.153112662, 0.4024617075920105
1.1550899829999999, 0.3861178457736969
1.157167059, 0.41084402799606323
1.159171211, 0.419502317905426
1.161272049, 0.4134751856327057
1.163247741, 0.406036376953125
1.165263343, 0.39714211225509644
1.167327994, 0.41114985942840576
1.169317705, 0.42000120878219604
1.171340888, 0.4210118353366852
1.173375324, 0.41229483485221863
1.175387133, 0.39827030897140503
1.177433248, 0.41801077127456665
1.17944666, 0.4238439202308655
1.181571492, 0.4185923635959625
1.183536529, 0.4068659543991089
1.18557951, 0.4023713171482086
1.188007131, 0.42253708839416504
1.189785034, 0.4320959746837616
1.191829427, 0.42610445618629456
1.193834091, 0.4019352197647095
1.195888374, 0.40832197666168213
1.197887545, 0.4208323061466217
1.199930232, 0.4364146590232849
1.20195133, 0.43307551741600037
1.204009897, 0.40990933775901794
1.206012661, 0.40898963809013367
1.2080158540000001, 0.4215879738330841
1.210046327, 0.43128305673599243
1.212073905, 0.4188120365142822
1.214121112, 0.4066130816936493
1.216116446, 0.407992959022522
1.2181612450000001, 0.4193628430366516
1.220173671, 0.43092554807662964
1.222251236, 0.42809033393859863
1.224243076, 0.4105846881866455
1.226260128, 0.4157007038593292
1.228271686, 0.4200536608695984
1.230305061, 0.41807106137275696
1.232324966, 0.41075366735458374
1.234432065, 0.3986890912055969
1.236404331, 0.3952958881855011
1.238419255, 0.41725707054138184
1.240439062, 0.4242451786994934
1.242494721, 0.4278503656387329
1.244519897, 0.410942941904068
1.246545025, 0.41374707221984863
1.248551868, 0.43204373121261597
1.250572464, 0.42974045872688293
1.252668625, 0.4146701991558075
1.254830646, 0.3959904611110687
1.256883823, 0.39669835567474365
1.259448083, 0.4308103322982788
1.263687717, 0.42842015624046326
1.265834945, 0.40551668405532837
1.26786027, 0.418529212474823
1.269915937, 0.427256315946579
1.272057329, 0.4148945212364197
1.273958327, 0.40428903698921204
1.275971012, 0.4032041132450104
1.278000982, 0.4155125021934509
1.279993153, 0.42783045768737793
1.28200928, 0.4286600947380066
1.284061842, 0.40766939520835876
1.2861122919999999, 0.40693581104278564
1.288133156, 0.4267934560775757
1.290135985, 0.421282023191452
1.292161285, 0.41680043935775757
1.294468565, 0.40949705243110657
1.296737271, 0.4165142774581909
1.298761341, 0.43046268820762634
1.300773613, 0.43319225311279297
1.302815805, 0.43223652243614197
1.304832842, 0.4126906096935272
1.306845808, 0.4114674925804138
1.3088716360000001, 0.41722622513771057
1.310941141, 0.4230020046234131
1.3129304849999999, 0.4137577712535858
1.314961051, 0.3945541977882385
1.31698508, 0.40125665068626404
1.319026101, 0.42014360427856445
1.321031304, 0.43058258295059204
1.323088059, 0.4187110364437103
1.325147434, 0.40443065762519836
1.327199728, 0.42366060614585876
1.329197387, 0.4263353645801544
1.331228173, 0.41154712438583374
1.333243595, 0.40498000383377075
1.3352638159999999, 0.38257524371147156
1.337281334, 0.4052325189113617
1.339306807, 0.4238509237766266
1.341332316, 0.42944908142089844
1.343354301, 0.4118976294994354
1.345397184, 0.40730905532836914
1.34742048, 0.4208473563194275
1.349434162, 0.421848863363266
1.351491501, 0.4237169027328491
1.353680671, 0.4143925905227661
1.355742681, 0.3921453654766083
1.357780994, 0.4191720485687256
1.359795555, 0.43619468808174133
1.361831341, 0.43582385778427124
1.363864121, 0.4139362871646881
1.365882928, 0.4178546965122223
1.367941071, 0.4343221187591553
1.37009526, 0.4314050078392029
1.372101612, 0.41657018661499023
1.374163774, 0.40393486618995667
1.376234746, 0.3913964629173279
1.378206487, 0.4074740707874298
1.380239661, 0.4230308532714844
1.382242435, 0.4083860516548157
1.384270756, 0.39707374572753906
1.386315938, 0.40650254487991333
1.3883315600000001, 0.4142684042453766
1.3903502890000001, 0.41741785407066345
1.392371074, 0.410870760679245
1.394390829, 0.38557228446006775
1.39643395, 0.39521583914756775
1.398448548, 0.4132024645805359
1.4005039830000001, 0.41538745164871216
1.402496553, 0.4090462923049927
1.404678986, 0.4010719060897827
1.406725372, 0.41147977113723755
1.408783074, 0.4213811159133911
1.4108274760000001, 0.4260695278644562
1.412826194, 0.424279123544693
1.414845771, 0.40540584921836853
1.4169654440000001, 0.4155135452747345
1.418916291, 0.41931986808776855
1.4209974650000001, 0.42562350630760193
1.42297592, 0.4197794497013092
1.424997433, 0.3996996581554413
1.4270039190000001, 0.41842755675315857
1.429081327, 0.4351017475128174
1.4310578600000001, 0.42788663506507874
1.433104871, 0.42270395159721375
1.4351097720000001, 0.40076032280921936
1.437153549, 0.42360198497772217
1.439471447, 0.4315274655818939
1.441582659, 0.4201401174068451
1.443542932, 0.3992809057235718
1.44559816, 0.3923407196998596
1.447571153, 0.41179248690605164
1.4496768420000001, 0.42299729585647583
1.451656218, 0.4177562892436981
1.453715151, 0.4075765311717987
1.455996542, 0.3921963572502136
1.458078818, 0.4076920747756958
1.46016672, 0.427111953496933
1.462195417, 0.42042824625968933
1.464241545, 0.40802764892578125
1.466310262, 0.410745233297348
1.468358629, 0.41859200596809387
1.470406791, 0.43113502860069275
1.472408236, 0.42224666476249695
1.4746366929999999, 0.3971308469772339
1.476657474, 0.4132530689239502
1.478653928, 0.42825543880462646
1.4807545819999999, 0.4397227466106415
1.482761912, 0.4237714409828186
1.484795286, 0.4055298864841461
1.486820969, 0.41580867767333984
1.4888339290000001, 0.4300166964530945
1.490894266, 0.4293372631072998
1.492910352, 0.4222518503665924
1.4949229, 0.3991478383541107
1.4969443, 0.4145790934562683
1.498976907, 0.42895984649658203
1.500992154, 0.43122586607933044
1.503017375, 0.42078065872192383
1.5050217620000002, 0.39733433723449707
1.507117286, 0.4119689464569092
1.509136368, 0.424993634223938
1.511102808, 0.42520391941070557
1.513124345, 0.41297557950019836
1.5163468199999999, 0.39974915981292725
1.5185217309999999, 0.41405898332595825
1.520547635, 0.41787517070770264
1.522665442, 0.4137021005153656
1.524712216, 0.3975052833557129
1.5266960790000002, 0.4086245596408844
1.528690588, 0.42398321628570557
1.530698822, 0.4323952794075012
1.5333234519999999, 0.41871681809425354
1.535276893, 0.3920200765132904
1.537551216, 0.41257721185684204
1.539453384, 0.429571270942688
1.541488551, 0.42731356620788574
1.543537401, 0.4082287549972534
1.545595825, 0.39755335450172424
1.547560791, 0.4267222285270691
1.5495817079999998, 0.4332553446292877
1.551601507, 0.4231437146663666
1.553669433, 0.40761443972587585
1.555673555, 0.3932415246963501
1.559617386, 0.4081675112247467
1.561577285, 0.4122178554534912
1.563599916, 0.4034470021724701
1.5656309240000001, 0.3995472192764282
1.567655132, 0.41789954900741577
1.569701174, 0.42775535583496094
1.5717097450000002, 0.42291226983070374
1.573790749, 0.40652430057525635
1.5757882730000001, 0.3909773528575897
1.577809812, 0.40341874957084656
1.579838619, 0.41952189803123474
1.581885875, 0.4191136062145233
1.583878479, 0.39159291982650757
1.585912961, 0.3956659138202667
1.587913167, 0.41449517011642456
1.589953955, 0.4268743395805359
1.591965788, 0.4183608889579773
1.593991696, 0.39944034814834595
1.596032321, 0.4000873267650604
1.5980579750000001, 0.41338905692100525
1.600136482, 0.42914146184921265
1.602129448, 0.4153885543346405
1.60413046, 0.4040657579898834
1.606235399, 0.4039497673511505
1.6084104620000002, 0.4149317741394043
1.6104155580000001, 0.4173465371131897
1.612451209, 0.4134909510612488
1.614540324, 0.39783328771591187
1.616558075, 0.40073883533477783
1.6188293489999999, 0.424826443195343
1.620806937, 0.42470771074295044
1.622837573, 0.4143763482570648
1.624854917, 0.38993942737579346
1.6268856619999998, 0.4023762047290802
1.628924434, 0.41179993748664856
1.630945646, 0.4192541241645813
1.632970423, 0.39831244945526123
1.6350134, 0.38800808787345886
1.637033766, 0.39816513657569885
1.639034878, 0.41684579849243164
1.64111235, 0.41695648431777954
1.643094874, 0.41405096650123596
1.645144847, 0.3929646909236908
1.647141898, 0.4005488455295563
1.649218989, 0.41915860772132874
1.6512729739999998, 0.4262278079986572
1.653221867, 0.40971067547798157
1.655238571, 0.3919646143913269
1.657360816, 0.4151540696620941
1.6593157920000001, 0.42336368560791016
1.661371207, 0.43053919076919556
1.663361909, 0.4222445785999298
1.665393249, 0.4118039011955261
1.667435896, 0.418878972530365
1.669463672, 0.43162769079208374
1.6714797510000001, 0.4206310212612152
1.6737687650000002, 0.40257683396339417
1.675754873, 0.3937724828720093
1.677774128, 0.40828007459640503
1.679828484, 0.4306415617465973
1.6818719949999998, 0.4228021800518036
1.683894362, 0.402333527803421
1.68592683, 0.40357860922813416
1.687928291, 0.42282596230506897
1.6899306589999998, 0.4214142858982086
1.692004193, 0.40873101353645325
1.6940601229999999, 0.3905433118343353
1.696036844, 0.38830605149269104
1.698045765, 0.4015636146068573
1.700062307, 0.41547510027885437
1.7020899969999999, 0.41039004921913147
1.7041034069999998, 0.40320414304733276
1.706180576, 0.40853047370910645
1.708167614, 0.42575138807296753
1.710244044, 0.43034330010414124
1.712258829, 0.4196038842201233
1.71425763, 0.3994908928871155
1.716338914, 0.4013552665710449
1.718337907, 0.4089179039001465
1.720356814, 0.42749717831611633
1.7223888139999999, 0.41804826259613037
1.725537798, 0.40541377663612366
1.727572211, 0.4104468822479248
1.729589762, 0.4188966453075409
1.7315711980000001, 0.41514667868614197
1.733592158, 0.40247100591659546
1.735647344, 0.3857654333114624
1.73769077, 0.41145721077919006
1.739711566, 0.4184572398662567
1.741756911, 0.4132453203201294
1.7437740819999998, 0.39879703521728516
1.745807207, 0.398042768239975
1.747808866, 0.40974751114845276
1.749855804, 0.4203943610191345
1.7518814969999998, 0.39852359890937805
1.753898019, 0.3812200427055359
1.755972141, 0.3744015693664551
1.7579279909999999, 0.3973689079284668
1.759965861, 0.4146946370601654
1.761983372, 0.4079592525959015
1.76406822, 0.3917895257472992
1.766645411, 0.3954315483570099
1.768580358, 0.4128267168998718
1.770590431, 0.4153614938259125
1.772999191, 0.4047687351703644
1.775033672, 0.3963058590888977
1.777029934, 0.41067805886268616
1.779084234, 0.42073556780815125
1.781080999, 0.4227045774459839
1.783106261, 0.42452472448349
1.785210792, 0.4032520055770874
1.7871718730000001, 0.4099390208721161
1.7892254699999999, 0.4279429018497467
1.791215778, 0.4187593162059784
1.793947741, 0.4120686650276184
1.795262106, 0.3856154978275299
1.797304442, 0.4157578647136688
1.799313301, 0.4274156093597412
1.801353575, 0.43013012409210205
1.803379872, 0.41627374291419983
1.805403997, 0.40683576464653015
1.807410899, 0.4147847592830658
1.811851203, 0.426608145236969
1.812624177, 0.4220094084739685
1.8148001329999999, 0.39704838395118713
1.8167871070000001, 0.39729660749435425
1.818832226, 0.4235617220401764
1.8208294459999999, 0.42092958092689514
1.822870333, 0.40283912420272827
1.824959175, 0.38868072628974915
1.826942663, 0.40158915519714355
1.828974236, 0.4201534390449524
1.830979659, 0.416615754365921
1.833012272, 0.4130112826824188
1.835201411, 0.38863152265548706
1.837232625, 0.41220441460609436
1.839225975, 0.4281861186027527
1.841257044, 0.4274950921535492
1.843323352, 0.41174837946891785
1.845342986, 0.4083125591278076
1.847337194, 0.416861891746521
1.849362425, 0.42839866876602173
1.851445658, 0.4200703203678131
1.85348967, 0.4119391441345215
1.85550708, 0.3969597816467285
1.857505931, 0.4146902859210968
1.8595062580000001, 0.436251699924469
1.861565992, 0.42957672476768494
1.8635959199999999, 0.42118173837661743
1.865583788, 0.4159303903579712
1.867613622, 0.4274907410144806
1.869664404, 0.4258570969104767
1.871723724, 0.41376668214797974
1.8737728649999998, 0.3939823508262634
1.875850469, 0.3927558362483978
1.8779065369999999, 0.4069348871707916
1.879879885, 0.42521077394485474
1.8818922219999998, 0.4164012372493744
1.883950945, 0.41254734992980957
1.885963966, 0.410530686378479
1.887947657, 0.41253310441970825
1.889980539, 0.4166032373905182
1.892033734, 0.41051748394966125
1.894064966, 0.38992488384246826
1.896049885, 0.3872263729572296
1.898097392, 0.3976542353630066
1.9001206320000001, 0.41746431589126587
1.902154187, 0.41608691215515137
1.9042004000000001, 0.4117344617843628
1.906198631, 0.4043737053871155
1.908213196, 0.4123392105102539
1.910266671, 0.4128095209598541
1.9122740120000001, 0.40960195660591125
1.9142887690000001, 0.39309439063072205
1.91631805, 0.3910960257053375
1.918367952, 0.40569183230400085
1.920427508, 0.4171142280101776
1.922397069, 0.41699790954589844
1.924428422, 0.4046582877635956
1.926491371, 0.3951259255409241
1.928505821, 0.4228685796260834
1.930511442, 0.42722025513648987
1.932530678, 0.4157871901988983
1.93458312, 0.3980652987957001
1.9366216729999999, 0.3871266543865204
1.9386589650000001, 0.40480491518974304
1.940806872, 0.4184943735599518
1.943749935, 0.40181294083595276
1.945760672, 0.39668411016464233
1.947800545, 0.4131079912185669
1.949800519, 0.4200487434864044
1.951824084, 0.4086671769618988
1.953897853, 0.40172797441482544
1.9558882, 0.38856667280197144
1.957905346, 0.41056033968925476
1.9599444670000001, 0.4263307452201843
1.962015225, 0.4175831079483032
1.9640028649999999, 0.4023473560810089
1.9660655390000001, 0.40234285593032837
1.968064906, 0.4173637628555298
1.971964254, 0.4311887323856354
1.9740372339999999, 0.39718225598335266
1.9763260059999999, 0.40105631947517395
1.9783627190000002, 0.4102373421192169
1.9805350819999998, 0.42186132073402405
1.982560681, 0.4259781241416931
1.984625273, 0.4010193347930908
1.986620846, 0.4147000312805176
1.988654435, 0.4244222640991211
1.990629825, 0.4307015538215637
1.992833785, 0.4204672574996948
1.995899223, 0.3910658657550812
1.996980322, 0.40519872307777405
1.999091774, 0.41218435764312744
2.001791625, 0.4256691336631775
2.003758567, 0.4076424837112427
2.005821028, 0.40209031105041504
2.007801047, 0.41222190856933594
2.009792752, 0.425193727016449
2.011818111, 0.4204445481300354
2.013885513, 0.405012845993042
2.016128436, 0.40052127838134766
2.018207431, 0.42682111263275146
2.020209874, 0.4292251765727997
2.022308363, 0.4185450077056885
2.024412542, 0.4015817642211914
2.026482905, 0.4083206057548523
2.028543553, 0.41975724697113037
2.030574585, 0.41559144854545593
