0.148838413, 1.0237157344818115
0.150855667, 1.0055878162384033
0.152879201, 1.0046358108520508
0.154912037, 0.9968770146369934
0.156957875, 0.9737134575843811
0.158974536, 0.9783523082733154
0.160987811, 0.9756019115447998
0.163027724, 0.9754611849784851
0.165039535, 0.9885562658309937
0.167560295, 0.990359902381897
0.170098396, 1.00795578956604
0.172066241, 1.0035299062728882
0.174094653, 1.0038084983825684
0.176110966, 0.9886126518249512
0.178146999, 0.9795165061950684
0.180197508, 0.9842069149017334
0.182201146, 0.9875293970108032
0.184221089, 0.9856172800064087
0.186249596, 0.9918361306190491
0.188266686, 1.0121512413024902
0.190301643, 1.0116175413131714
0.192485327, 1.0110678672790527
0.194450975, 1.0095913410186768
0.196480282, 0.9935278296470642
0.198484614, 0.9818722009658813
0.200514339, 0.9810095429420471
0.202558952, 0.9861150979995728
0.204585116, 0.9864116311073303
0.206630365, 0.9911513924598694
0.208619095, 1.0185617208480835
0.210638217, 0.9992369413375854
0.212682644, 0.9998104572296143
0.214702438, 0.9980376958847046
0.216778686, 0.9883518218994141
0.218777455, 0.9843844175338745
0.220793275, 0.9997885823249817
0.22326426, 0.996526837348938
0.225331973, 0.9943808317184448
0.227322308, 1.007056474685669
0.229328813, 1.0227012634277344
0.231352326, 1.0046608448028564
0.233379182, 1.0081617832183838
0.235537515, 0.992656946182251
0.237462703, 0.9741652011871338
0.239491286, 0.9897729158401489
0.241526311, 0.9805368781089783
0.243556476, 0.9805086851119995
0.245575267, 1.0016950368881226
0.247596852, 1.0013686418533325
0.249658995, 1.0086089372634888
0.251659318, 1.0027081966400146
0.253684368, 1.008573293685913
0.255747787, 0.9894068837165833
0.2579823, 0.9722825288772583
0.259844391, 0.9982157945632935
0.26185325, 0.986200213432312
0.263863388, 0.9808047413825989
0.265920463, 1.0028364658355713
0.267928106, 1.004023790359497
0.269984622, 1.0087933540344238
0.271989968, 1.0038151741027832
0.274024714, 0.9878051280975342
0.276059774, 0.977230429649353
0.278090188, 0.9685955047607422
0.280083627, 0.9704039096832275
0.28211177, 0.9733744859695435
0.28419741, 0.9794431328773499
0.286157326, 0.9996587634086609
0.288198834, 0.9997997879981995
0.290248417, 0.9976077079772949
0.29225035, 0.995881974697113
0.294297433, 0.9821079969406128
0.296335825, 0.9750759601593018
0.298318059, 0.9648090600967407
0.300340315, 0.9931282997131348
0.302381007, 0.9853167533874512
0.304406299, 0.9890420436859131
0.306424622, 1.007896900177002
0.308478434, 1.0011993646621704
0.310476761, 1.002129077911377
0.312503865, 0.9985427856445312
0.31455117, 0.9971212148666382
0.316546954, 0.9745655059814453
0.318590996, 0.9811899662017822
0.320606366, 0.9946200847625732
0.322627244, 0.9773999452590942
0.324666292, 0.995880663394928
0.326682897, 1.0008234977722168
0.328775747, 1.0113072395324707
0.330732567, 1.0119175910949707
0.332782118, 0.9948607683181763
0.334782763, 0.9815837144851685
0.336829162, 0.9788302183151245
0.338849506, 0.988337516784668
0.340855684, 0.9863089323043823
0.34289318, 0.9862911701202393
0.344916689, 0.9962055087089539
0.346965055, 0.997328519821167
0.348981023, 1.0226069688796997
0.351205234, 1.004478931427002
0.353251903, 1.0000810623168945
0.3552818, 0.9865430593490601
0.357285675, 0.9814331531524658
0.359275251, 0.9880787134170532
0.36130994, 0.9876554012298584
0.363320718, 0.983709454536438
0.365371795, 0.9863675832748413
0.367390534, 1.0025124549865723
0.369420738, 1.0081148147583008
0.371472724, 1.0180041790008545
0.373477973, 1.0032474994659424
0.375484335, 0.993979811668396
0.377929119, 0.9777796268463135
0.380196259, 0.994857668876648
0.382213856, 0.9890682697296143
0.384366526, 0.9896538257598877
0.386402756, 1.0101875066757202
0.388440744, 1.012619972229004
0.390478878, 1.008355736732483
0.392496416, 0.9943467378616333
0.394500286, 1.0065295696258545
0.396579471, 0.9779224395751953
0.398590297, 0.9743965268135071
0.400633345, 0.9807430505752563
0.402653952, 0.9829918146133423
0.404691366, 0.9762042760848999
0.406718559, 1.000596046447754
0.408740499, 1.0103527307510376
0.410750515, 1.0023245811462402
0.412788123, 1.0110020637512207
0.414840022, 0.9920080900192261
0.416853727, 0.9835433959960938
0.41886518, 0.9849776029586792
0.420891486, 0.987382173538208
0.422920598, 0.9809563755989075
0.424932403, 1.0012004375457764
0.427011111, 1.0069384574890137
0.429092908, 1.006902813911438
0.431111811, 1.0067882537841797
0.4332014, 1.020583152770996
0.435208329, 0.9902713894844055
0.437214322, 0.9728971719741821
0.439612603, 0.9831384420394897
0.442553617, 0.9794198274612427
0.444563428, 0.9846676588058472
0.44653982, 1.0121145248413086
0.448569475, 1.0064373016357422
0.450595674, 1.0127124786376953
0.452628778, 1.0084476470947266
0.454648372, 1.0032742023468018
0.456678725, 0.981629490852356
0.458715158, 0.9883391857147217
0.460729478, 0.9859890341758728
0.462793113, 0.9823808073997498
0.464768695, 0.9770549535751343
0.466811218, 0.9866714477539062
0.468828884, 1.0101268291473389
0.470886657, 1.0015374422073364
0.472879379, 1.0034246444702148
0.474949365, 0.9938866496086121
0.476966842, 0.9767935276031494
0.479013684, 0.975114643573761
0.481009182, 0.989891529083252
0.483052313, 0.9792448878288269
0.485094737, 0.9918991923332214
0.487091165, 1.0031816959381104
0.489219658, 1.0163637399673462
0.491251491, 0.9864058494567871
0.493256643, 0.9974873661994934
0.49563709, 0.9845873117446899
0.497698495, 0.9674357175827026
0.499735446, 0.9925390481948853
0.501777854, 0.9889869689941406
0.503799539, 0.9953323006629944
0.505818798, 1.0011011362075806
0.507829955, 1.009257435798645
0.509872099, 1.0218713283538818
0.511894639, 1.0115429162979126
0.513910061, 0.9965953826904297
0.515960962, 0.9833943843841553
0.517962598, 0.9734103083610535
0.519996238, 0.9862245321273804
0.522034716, 0.9749782085418701
0.524047876, 0.9883170127868652
0.526074751, 0.9875552654266357
0.528196448, 1.0066354274749756
0.530232758, 0.9995555877685547
0.532271323, 0.9967716336250305
0.534280893, 0.9922298192977905
0.536321829, 0.98531174659729
0.538325103, 0.9744608402252197
0.543514869, 0.9874246120452881
0.545466746, 0.9961177706718445
0.547496485, 0.9958838224411011
0.549506336, 1.0162665843963623
0.551580626, 0.9973090887069702
0.553743358, 1.0082827806472778
0.555774076, 0.985383152961731
0.557780163, 0.9664510488510132
0.559790254, 0.9808458089828491
0.561876437, 0.9839854836463928
0.564230925, 0.9794058799743652
0.566475997, 0.979676365852356
0.56852293, 0.9966088533401489
0.570510232, 1.0062553882598877
0.57254979, 1.0049412250518799
0.574590375, 0.9832382798194885
0.576575396, 0.9750788807868958
0.578686746, 0.9693132638931274
0.580648123, 0.9778406620025635
0.582689035, 0.9855175018310547
0.584701625, 0.9831252098083496
0.586744419, 0.9902235269546509
0.58873957, 1.0052262544631958
0.590789196, 0.9967548847198486
0.593102347, 1.001874327659607
0.595055158, 0.9777711629867554
0.59709075, 0.9624160528182983
0.599111575, 0.9953380227088928
0.601145414, 0.9799988269805908
0.603169693, 0.9783165454864502
0.605223802, 0.9923235177993774
0.607239831, 0.994786262512207
0.609313779, 1.0134687423706055
0.611328903, 1.0020420551300049
0.613333958, 0.9993656873703003
0.615332694, 0.9850016832351685
0.617358408, 0.967676043510437
0.619527175, 0.9876202344894409
0.621486806, 0.9849621057510376
0.623503414, 0.988134503364563
0.625525732, 1.0080924034118652
0.627581666, 1.0094419717788696
0.629593923, 1.0229190587997437
0.631694254, 1.0196516513824463
0.633668586, 1.0103530883789062
0.635709759, 0.9931226968765259
0.637713946, 0.9742879867553711
0.639788912, 0.9879761934280396
0.641806797, 0.9817984700202942
0.643791259, 0.9873793721199036
0.645829515, 0.998572587966919
0.647844774, 0.9976310729980469
0.649873852, 1.0079182386398315
0.651894613, 1.0007350444793701
0.65391761, 0.9991636276245117
0.655952406, 0.9847275018692017
0.65797576, 0.9791066646575928
0.660000333, 0.9983526468276978
0.662116387, 0.983853280544281
0.66404631, 0.9917647242546082
0.666068703, 1.005739688873291
0.668121149, 1.0052409172058105
0.670171463, 1.0176219940185547
0.67216173, 1.0182170867919922
0.674177741, 1.0000667572021484
0.676227521, 0.9858680963516235
0.67823848, 0.9781169891357422
0.680248892, 0.9896758794784546
0.682912198, 0.9858473539352417
0.684315985, 0.9802594780921936
0.686347713, 1.0026609897613525
0.688380284, 1.013940453529358
0.690392583, 1.0176615715026855
0.69248126, 1.0042057037353516
0.694481641, 0.9977973699569702
0.696517846, 0.9794561862945557
0.698532438, 0.9787377119064331
0.700567136, 0.9767072200775146
0.702609008, 0.9894740581512451
0.704794222, 0.9942764639854431
0.706820075, 1.0013952255249023
0.708814752, 1.0042463541030884
0.710875009, 1.0048047304153442
0.71393499, 1.0053646564483643
0.71492321, 0.9912461042404175
0.716983044, 0.972005307674408
0.718962982, 0.9718409776687622
0.721020317, 0.9828238487243652
0.723013903, 0.9782495498657227
0.725037745, 0.9813334941864014
0.72706929, 0.9991662502288818
0.729116699, 1.0063340663909912
0.73112723, 0.9952087998390198
0.733163119, 0.9983166456222534
0.735169142, 0.9762798547744751
0.73719767, 0.9558067917823792
0.739987076, 0.9734094142913818
0.742229322, 0.9794782400131226
0.744233947, 0.9791408181190491
0.748771832, 0.9958316087722778
0.750844572, 0.9966014623641968
0.753035716, 1.0050098896026611
0.755045121, 0.9911572933197021
0.757129512, 0.9681912660598755
0.75913269, 0.9893698692321777
0.761161298, 0.9816011190414429
0.763197453, 0.9862358570098877
0.766320529, 1.0001461505889893
0.768321576, 1.011749029159546
0.770353776, 1.005504846572876
0.772425065, 1.0096065998077393
0.774469116, 0.998824954032898
0.776486176, 0.9805783033370972
0.780270697, 0.9880460500717163
0.782605772, 0.9913806915283203
0.784649112, 0.997085452079773
0.786682034, 1.0018467903137207
0.78869436, 1.007521152496338
0.790701861, 1.0075953006744385
0.792893026, 0.9981415867805481
0.79481539, 0.9979476928710938
0.796842926, 0.9823916554450989
0.798860225, 0.9850401282310486
0.800886388, 0.9836821556091309
0.802934068, 0.9829317927360535
0.804967054, 0.9875687956809998
0.806952877, 0.9920663833618164
0.808982848, 1.0177048444747925
0.811005866, 1.0062519311904907
0.813126492, 1.0030303001403809
0.815063022, 0.9807387590408325
0.817138053, 0.9727349281311035
0.819150769, 0.9836316108703613
0.82114937, 0.9807493686676025
0.82316246, 0.9834771752357483
0.825195793, 0.9883182644844055
0.827274575, 1.0022602081298828
0.829257132, 1.0276681184768677
0.831299749, 1.0085269212722778
0.833312155, 1.0052709579467773
0.835334549, 0.9954972267150879
0.839783587, 0.9700045585632324
0.841844503, 0.9812841415405273
0.843856178, 0.9812970161437988
0.84601992, 1.0006263256072998
0.848027963, 1.0029075145721436
0.850031092, 1.005638837814331
0.852062364, 1.0060973167419434
0.854080722, 0.9966695308685303
0.856142952, 0.983377993106842
0.858154911, 0.9728367924690247
0.860176445, 0.9753878116607666
0.862237737, 0.9828650951385498
0.864295753, 0.9795554876327515
0.866248568, 0.9929125308990479
0.868323376, 1.0043649673461914
0.870295095, 0.9941316843032837
0.872349065, 1.0032439231872559
0.87435221, 0.9855184555053711
0.876430082, 0.989952802658081
0.878421378, 0.9775296449661255
0.880480084, 0.9845999479293823
0.882465053, 0.9953173398971558
0.884486326, 0.986750602722168
0.886525113, 1.0036273002624512
0.888562919, 1.0133121013641357
0.890581656, 0.9947271347045898
0.892653, 1.0040841102600098
0.894612375, 0.9903593063354492
0.896734546, 0.9828670620918274
0.898722697, 0.9904043674468994
0.900744341, 0.9887964725494385
0.902771559, 0.9897733926773071
0.904827668, 0.9960213303565979
0.906838496, 1.0114156007766724
0.90915984, 1.0125179290771484
0.91112907, 0.9964137077331543
0.913207184, 1.0014814138412476
0.915149673, 0.999575138092041
0.91719909, 0.9796238541603088
0.919216878, 0.9943814277648926
0.921249339, 0.9851731061935425
0.923262298, 0.9921326041221619
0.925312762, 1.0082021951675415
0.927351306, 1.0105929374694824
0.929441257, 1.007318139076233
0.932006187, 1.01073157787323
0.934043648, 1.0053865909576416
0.936072439, 0.9937746524810791
0.93815263, 0.9705074429512024
0.940149624, 0.9903057813644409
0.942120338, 0.98270583152771
0.944172715, 0.9858124852180481
0.946307661, 1.005672812461853
0.948258641, 1.0116844177246094
0.950296417, 0.9964596033096313
0.953318646, 1.0009735822677612
0.955365994, 1.0018895864486694
0.957341717, 0.9823058247566223
0.959383343, 0.9765782356262207
0.961417771, 0.9829322099685669
0.963423201, 0.9841872453689575
0.965462727, 1.004523515701294
0.9674811, 1.0046602487564087
0.969498407, 1.0097211599349976
0.971697669, 1.0078965425491333
0.973553958, 0.9960387945175171
0.975587967, 0.9853824377059937
0.977843876, 0.9621820449829102
0.980563572, 0.982277512550354
0.982500353, 0.9784542322158813
0.984620506, 0.9852488040924072
0.986626357, 0.996532678604126
0.98863554, 1.0063931941986084
0.99066369, 1.0063217878341675
0.992689896, 1.0096349716186523
0.994726469, 0.9964929223060608
0.99675642, 0.9876638650894165
0.9987844, 0.9892228245735168
1.000838606, 0.9832911491394043
1.002822319, 0.9931367635726929
1.004857375, 0.9979779720306396
1.006884564, 1.0054713487625122
1.008954281, 1.0341732501983643
1.011007934, 1.0246124267578125
1.013083879, 1.002359390258789
1.015060791, 0.9933750033378601
1.017082687, 0.9907013773918152
1.019090895, 0.993569016456604
1.021138672, 0.9966803789138794
1.023146134, 0.9928420782089233
1.025165361, 0.9912818670272827
1.027173573, 1.011874794960022
1.029230779, 1.020904302597046
1.032050688, 1.0168853998184204
1.034052945, 1.0067840814590454
1.036178571, 0.9850401282310486
1.03817149, 0.9757043123245239
1.040230049, 0.9916397333145142
1.042431334, 0.9839229583740234
1.044358899, 0.987603485584259
1.046381639, 1.0005806684494019
1.048528429, 1.0127372741699219
1.05048916, 1.0028927326202393
1.052547669, 1.0203264951705933
1.054547452, 0.999222993850708
1.056589564, 0.9841560125350952
1.058605265, 0.9895055890083313
1.060855041, 0.988244891166687
1.063439921, 0.9846220016479492
1.065441929, 1.0047085285186768
1.067481402, 1.0031083822250366
1.069604129, 1.0094573497772217
1.071609282, 1.0040229558944702
1.0736299950000001, 1.005502700805664
1.075647327, 0.9930682182312012
1.077729389, 0.9677813053131104
1.080096612, 0.9830859899520874
1.08207318, 0.9913090467453003
1.084234924, 0.988693356513977
1.086207878, 0.9947870373725891
1.088221436, 0.9990180134773254
1.090256565, 0.9874643087387085
1.092297113, 1.0060513019561768
1.094307734, 0.9927462339401245
1.0963466020000001, 0.9689087867736816
1.098465474, 0.9673678874969482
1.100408296, 0.9726199507713318
1.102440587, 0.9784864187240601
1.104477017, 0.987363338470459
1.106490949, 0.993941068649292
1.108513228, 1.0056242942810059
1.110542391, 1.006308913230896
1.112604209, 1.0029017925262451
1.1146569610000001, 0.9964821338653564
1.116688888, 0.973853588104248
1.118663642, 0.982143759727478
1.121098049, 0.9918301105499268
1.123047008, 0.993410587310791
1.126347577, 0.9861661791801453
1.128621061, 1.0026328563690186
1.130605189, 1.0059661865234375
1.133227045, 1.0092095136642456
1.134799543, 0.9926916360855103
1.136816987, 0.9641363620758057
1.138866459, 0.9806832075119019
1.140886731, 0.9818757772445679
1.14292101, 0.9933397769927979
1.144923203, 0.9981774687767029
1.14695028, 1.007210373878479
1.149069512, 1.008662462234497
1.151053762, 1.0110766887664795
1.153266586, 0.995952844619751
1.155240183, 0.9961328506469727
1.157313533, 0.9882241487503052
1.1593628790000001, 0.9903266429901123
1.161971554, 0.9940153360366821
1.163998852, 0.9961100816726685
1.1660408580000001, 1.0168097019195557
1.168027307, 1.0061957836151123
1.170070344, 1.0095274448394775
1.172143266, 1.0141875743865967
1.17416213, 0.9910167455673218
1.176212858, 0.9805133938789368
1.178204213, 0.9752257466316223
1.180235345, 0.9937184453010559
1.182323372, 0.9858624935150146
1.184319568, 0.9913666844367981
1.186294169, 1.0142858028411865
1.188317649, 1.0145540237426758
1.190348489, 1.0127146244049072
1.192402122, 1.0016021728515625
1.195238012, 1.0074974298477173
1.197269669, 0.9815696477890015
1.199300016, 0.997706413269043
1.201298891, 0.9903275966644287
1.203349007, 0.9933949708938599
1.205344129, 0.9990888833999634
1.207369171, 1.0126773118972778
1.2094067609999999, 1.0179709196090698
1.21190427, 1.0201655626296997
1.213451077, 1.0088236331939697
1.215479926, 0.990429162979126
1.21755219, 0.9744782447814941
1.220921523, 0.992351770401001
1.223037152, 0.9792819023132324
1.225039069, 0.9880082011222839
1.227113532, 1.0147559642791748
1.229403797, 1.0198978185653687
1.231412364, 1.0119833946228027
1.233536388, 1.015526533126831
1.23584325, 0.9855895042419434
1.237925017, 0.9787377119064331
1.239928277, 0.9936093091964722
1.241967027, 0.9925341010093689
1.244459105, 0.9962309002876282
1.246546259, 1.0176526308059692
1.248613652, 1.0145025253295898
1.250633489, 1.012431263923645
1.253192924, 1.0085525512695312
1.255130192, 1.0025839805603027
1.25723286, 0.9710330367088318
1.259207923, 0.9848896265029907
1.26123658, 0.9867223501205444
1.263350598, 0.9782949686050415
1.2653435659999999, 0.9964845180511475
1.267391814, 1.0010528564453125
1.269410784, 1.0185794830322266
1.271534705, 1.009850263595581
1.273581314, 1.0012145042419434
1.275621996, 1.0026670694351196
1.277639834, 0.9795937538146973
1.2796638900000001, 0.9950805902481079
1.281683834, 0.9873286485671997
1.283940636, 0.9927945733070374
1.285944711, 0.9977428913116455
1.287986537, 1.0098748207092285
1.289986461, 1.0046501159667969
1.291999767, 1.005154013633728
1.2940712730000001, 0.9952950477600098
1.296079898, 0.9884983897209167
1.29811188, 0.9770945310592651
1.30012332, 0.9916365742683411
1.302162538, 0.9838957190513611
1.3042457, 0.9958535432815552
1.306223664, 1.0075020790100098
1.308262, 1.0144867897033691
1.310323948, 1.0057570934295654
1.312325086, 1.011003017425537
1.31434578, 0.9994308948516846
1.316361388, 0.9795535206794739
1.318376023, 0.98750901222229
1.320406959, 0.9990240931510925
1.322540897, 0.9945690631866455
1.324564626, 0.9995257258415222
1.326569014, 1.007363200187683
1.328639376, 1.0133196115493774
1.330621822, 1.0119690895080566
1.333094571, 1.0115883350372314
1.335091455, 0.9956996440887451
1.3371620499999999, 0.9776057004928589
1.339134695, 0.9873272776603699
1.341205494, 0.9827308058738708
1.343260625, 0.9868505597114563
1.3452519010000001, 0.9849436283111572
1.347299714, 1.0032899379730225
1.3493035230000001, 1.005364179611206
1.35142699, 1.0071280002593994
1.356146507, 1.0024081468582153
1.358153277, 0.9786686897277832
1.360205513, 0.9867172241210938
1.362218225, 0.9812213182449341
1.364296363, 0.9770020246505737
1.366271073, 0.9968132972717285
1.368296406, 1.0125930309295654
1.37033154, 1.0050984621047974
1.372433813, 1.0095289945602417
1.374490542, 0.9948445558547974
1.376552449, 0.9743740558624268
1.378536762, 0.9740915894508362
1.38055948, 0.97484290599823
1.382604726, 0.9933421015739441
1.384607967, 0.9903640747070312
1.38664177, 1.0110387802124023
1.388681892, 1.0039210319519043
1.390698971, 1.0088578462600708
1.392716034, 1.0119972229003906
1.394741742, 0.9964861869812012
1.396777447, 0.9677845239639282
1.398822957, 0.9833400249481201
1.400823782, 0.9889436364173889
1.402921488, 0.9844585657119751
1.404933901, 0.9927177429199219
1.406949018, 1.0011059045791626
1.4089802630000001, 1.0156781673431396
1.411114022, 0.9959806203842163
1.4130891380000001, 0.9960938692092896
1.4151434649999999, 0.9899909496307373
1.4171366779999999, 0.9825854301452637
1.419147551, 0.9936398267745972
1.4212438760000001, 0.9953175783157349
1.423247041, 0.9894939064979553
1.425304792, 0.9979654550552368
1.427323789, 1.0169146060943604
1.429299767, 1.0191348791122437
1.431354346, 1.0065674781799316
1.433371091, 1.0119248628616333
1.4353839769999999, 0.9991042613983154
1.437405959, 0.9759737849235535
1.43944684, 0.9985612630844116
1.442715712, 0.9895722270011902
1.444754763, 1.002148151397705
1.446792779, 1.0051660537719727
1.4487957900000001, 1.0109983682632446
1.4508889919999999, 1.0207970142364502
1.452861259, 1.0052645206451416
1.45490472, 0.9943978786468506
1.456931974, 0.9640285968780518
1.458937385, 0.9820422530174255
1.46098571, 0.9855980277061462
1.463231908, 0.9799317121505737
1.465230451, 0.9794515371322632
1.467224749, 1.0080116987228394
1.469239809, 1.0144925117492676
1.4712905059999999, 1.0092263221740723
1.473303896, 1.0078984498977661
1.475341741, 0.9923392534255981
1.477365415, 0.9689383506774902
1.479394775, 0.9850078821182251
1.4814011200000001, 0.9784992337226868
1.483431533, 0.9835109114646912
1.485449757, 0.9953713417053223
1.487468498, 1.0112709999084473
1.489629723, 1.0046507120132446
1.491588035, 0.9920644164085388
1.493606576, 0.9985721111297607
1.495630583, 0.9750145673751831
1.497740693, 0.9767559170722961
1.499722381, 0.9867128729820251
1.501693038, 0.9992525577545166
1.50372812, 0.9998216032981873
1.505752045, 0.9989529252052307
1.507820728, 1.0096027851104736
1.50983091, 0.9998711347579956
1.511831345, 1.0002597570419312
1.513857152, 0.9985522031784058
1.5159093829999999, 0.9790404438972473
1.517904316, 0.975088894367218
1.519961624, 0.997014045715332
1.521972393, 0.985243558883667
1.5239963520000002, 0.9831827878952026
1.5260094899999999, 1.0058716535568237
1.528063519, 1.0031297206878662
1.530104723, 1.0124742984771729
1.532126208, 1.0073802471160889
1.5341496669999999, 0.9915841817855835
1.536147609, 0.9710870385169983
1.5381810420000002, 0.976662278175354
1.540216976, 0.9742271304130554
1.5422592320000001, 0.9958372116088867
1.544279822, 0.991089940071106
1.5463082030000002, 0.9976654052734375
1.548300979, 1.010474681854248
1.5507013459999999, 1.011857509613037
1.552786013, 1.0062525272369385
1.5547467369999999, 0.9885814785957336
1.557580521, 0.9841920137405396
1.559638143, 0.9715330600738525
1.562963213, 0.9881855249404907
1.5650295060000001, 0.9815599918365479
1.5670253939999998, 1.0035446882247925
1.5690648230000002, 1.0199060440063477
1.571062365, 1.001342535018921
1.573082389, 1.0040760040283203
1.57511596, 0.9927650690078735
1.577211468, 0.9811256527900696
1.579206354, 0.9720827341079712
1.5812319929999998, 0.9774376153945923
1.583282056, 0.9897260069847107
1.58537896, 0.9910210371017456
1.587367483, 0.9972407221794128
1.589447996, 1.0139715671539307
1.591908198, 1.000203013420105
1.5947250849999999, 0.9950355291366577
1.5967679380000002, 0.9743064045906067
1.5987956479999998, 1.0012270212173462
1.600852996, 0.9905441999435425
1.6028416349999999, 0.9992325305938721
1.604899921, 1.002768635749817
1.606934082, 1.017183780670166
1.608959515, 1.0226898193359375
1.610995622, 1.0055806636810303
1.613015779, 1.0002591609954834
1.615020181, 0.9958697557449341
1.61709944, 0.9801011085510254
1.619074687, 0.9954118728637695
1.621233844, 0.9836800694465637
1.6232381660000001, 0.988760769367218
1.625244278, 1.0052658319473267
1.6273016569999998, 1.005145788192749
1.6293168599999999, 1.0239108800888062
1.631367237, 1.0110101699829102
1.633902763, 0.9970062971115112
1.635958, 0.9910497665405273
1.6379260169999998, 0.9782232046127319
1.64001079, 0.9986294507980347
1.642091385, 0.9839240312576294
1.644121153, 0.9831662178039551
1.646129307, 0.9898161888122559
1.648151709, 1.0106801986694336
1.650169904, 0.9963023662567139
1.652229244, 0.9998371601104736
1.654234899, 0.9957610368728638
1.6564065000000001, 0.9819866418838501
1.658391505, 0.9748455882072449
1.660393573, 0.9817413091659546
1.662420373, 0.9829598665237427
1.664438493, 0.9922162294387817
1.666465918, 0.9931755065917969
1.668575884, 1.0072455406188965
1.670557725, 1.0056346654891968
1.6726185839999999, 0.9940522313117981
1.674622017, 0.9936695098876953
1.676646621, 0.9708871841430664
1.67867547, 0.9741031527519226
1.680732407, 0.9821885228157043
1.6827595739999999, 0.98618483543396
1.6847736420000001, 0.9901568293571472
1.686766435, 1.0014519691467285
1.6888090070000001, 1.0018610954284668
1.690939915, 0.9914265871047974
1.692934795, 1.0036122798919678
1.6949690309999998, 0.9845313429832458
1.6969807000000001, 0.9776757955551147
1.699047544, 0.9891728162765503
1.701067514, 0.9776046872138977
1.703116846, 0.9913284182548523
1.705245312, 0.99261873960495
1.70715824, 1.006422758102417
1.7091691180000002, 1.0039424896240234
1.711289214, 1.0014559030532837
1.713221219, 0.9984723329544067
1.71527797, 0.9850454330444336
1.717281819, 0.9668927192687988
1.719303775, 0.9807114601135254
1.721323343, 0.9897907972335815
1.723360969, 0.9837707281112671
1.7254054189999999, 1.0023727416992188
1.7275098180000001, 0.9978318214416504
1.729471546, 1.005056381225586
1.7334135229999998, 1.0056143999099731
1.736276404, 0.9856957197189331
1.738277979, 0.9710519313812256
1.74031757, 0.9774306416511536
1.743027648, 0.9848347902297974
1.745056779, 0.9923022985458374
1.747060495, 1.0053808689117432
1.7491309099999999, 1.0122528076171875
1.751152131, 1.0031377077102661
1.753299481, 1.0043017864227295
1.7553027970000001, 0.9947924613952637
1.7595363339999999, 0.9722859859466553
1.761474165, 0.981742262840271
1.7643953300000002, 0.9796501398086548
1.7664081889999999, 1.0017290115356445
1.76848922, 1.0072802305221558
1.7704403119999998, 1.000848650932312
1.772496847, 1.0084724426269531
1.774521139, 0.9862399101257324
1.77658771, 0.9797240495681763
1.779031594, 0.9840223789215088
1.781166654, 0.9749537706375122
1.783274034, 0.9817690849304199
1.7873144970000001, 0.9947633147239685
1.789766482, 0.9965002536773682
1.7922322510000002, 0.9997717142105103
1.794107992, 0.9829976558685303
1.796104246, 0.9826174974441528
1.798153677, 0.9719457030296326
1.800143716, 0.9887635707855225
1.802195514, 0.9880790710449219
1.804256512, 0.9852120280265808
1.8062774369999999, 0.9983346462249756
1.808427679, 1.016442894935608
1.8103993950000001, 0.9975653290748596
1.8127935320000002, 1.0079176425933838
1.814756961, 0.9875977635383606
1.816793338, 0.9755992889404297
1.818815026, 0.9837378263473511
1.821864623, 0.9868995547294617
1.8241541300000002, 0.9848802089691162
1.826181973, 1.0074111223220825
1.828394396, 1.0028703212738037
1.83063844, 1.0042362213134766
1.8327737, 0.9949939846992493
1.834823177, 0.9962931871414185
1.836818233, 0.9606482982635498
1.83884961, 0.9885455369949341
1.840863429, 0.9771305322647095
1.842911212, 0.9785903692245483
1.8449515220000001, 0.9854815602302551
1.84696733, 0.9997192621231079
1.848983648, 0.9969271421432495
1.851403146, 1.0012478828430176
1.8532484070000002, 0.9853121042251587
1.8552947340000001, 0.9823192954063416
1.857409581, 0.9758726358413696
1.8593623620000002, 0.9848295450210571
1.861415593, 0.9850085377693176
1.8647184669999999, 0.9842284321784973
1.866744646, 1.0007648468017578
1.8689308059999998, 1.0048494338989258
1.870975219, 1.002949833869934
1.874382664, 0.9843573570251465
1.87676289, 0.9691816568374634
1.878769648, 0.9827876687049866
1.880817502, 0.9812201261520386
1.882871972, 0.9915632009506226
1.88484634, 0.9868846535682678
1.886896198, 1.0006697177886963
1.889653997, 1.012083649635315
1.89157382, 1.0066028833389282
1.893598555, 1.006269931793213
1.8956765610000001, 0.993423342704773
1.897661207, 0.9787688255310059
1.899658812, 0.9892101883888245
1.901705617, 0.9824234247207642
1.90375087, 0.9870496988296509
1.905759592, 0.9968541264533997
1.9078022959999998, 1.014148235321045
1.909850165, 1.012235403060913
1.911869849, 1.003110408782959
1.913894314, 0.9951758980751038
1.915920808, 0.9884745478630066
1.917964923, 0.9652568697929382
1.919961644, 0.9830977916717529
1.9220025870000002, 0.9884895086288452
1.924023938, 0.9765820503234863
1.926026987, 1.0008434057235718
1.9281169569999999, 1.008159875869751
1.930227081, 1.0110385417938232
1.932170811, 1.0017014741897583
1.93419103, 0.9967544078826904
1.9362010349999998, 0.9760746955871582
1.938276207, 0.9713051319122314
1.940335305, 0.9820128679275513
1.942405124, 0.985529899597168
1.944443293, 0.9818074703216553
1.9465089679999998, 0.9819062948226929
1.9487117870000001, 0.9973292350769043
1.9507313819999998, 0.9893574714660645
1.952785171, 0.9984462261199951
1.954827108, 0.9889806509017944
1.9568177690000002, 0.9759469032287598
1.958868048, 0.9840596914291382
1.960898123, 0.965120792388916
1.9632211019999999, 0.9819142818450928
1.964930726, 0.9924174547195435
1.9670593859999999, 0.9928903579711914
1.969075196, 1.005265712738037
1.971345994, 1.0070900917053223
1.973366033, 1.0047681331634521
1.975414722, 0.9886239767074585
1.97740624, 0.965294361114502
1.979459838, 1.0007539987564087
1.981463298, 0.988877534866333
1.983819006, 0.9882313013076782
1.98584071, 1.0052464008331299
1.987887791, 1.0174360275268555
1.9899753279999999, 1.002342939376831
1.992241717, 1.0129871368408203
1.994424694, 0.9925605058670044
1.9964134470000001, 0.9813792705535889
1.998511819, 0.9782958030700684
2.000550905, 0.9940536022186279
2.00339371, 0.9754605293273926
2.005479771, 0.9932346940040588
2.007801181, 1.0213298797607422
2.009823717, 1.0118962526321411
2.011838956, 1.0014127492904663
2.013866444, 1.0050781965255737
2.015899997, 0.9777231812477112
2.017948777, 0.9745361804962158
2.019976571, 0.9890685081481934
2.022016307, 0.9845700263977051
2.024068894, 0.9872995615005493
2.026081439, 1.0036932229995728
2.028119404, 0.9973917007446289
2.030126217, 1.0002617835998535
2.03215623, 1.0096063613891602
2.034200464, 0.9979028701782227
2.036658052, 0.9669206142425537
2.038701768, 0.9747849702835083
2.040697025, 0.9807232022285461
2.042739674, 0.9924488067626953
2.044762795, 0.9983119964599609
2.04682064, 0.9945188760757446
2.04889804, 1.0176053047180176
2.051383584, 1.0096102952957153
2.052921205, 1.0025025606155396
2.054926301, 0.9945553541183472
2.05694616, 0.9666287899017334
2.05895711, 0.9824852347373962
2.060995245, 0.9795571565628052
2.06302428, 0.9751847982406616
2.065072403, 0.9861272573471069
2.06707665, 0.9936195611953735
2.069087316, 1.0115277767181396
2.071417288, 0.9948967695236206
2.073224488, 1.005831003189087
2.075233457, 0.9881136417388916
2.077284188, 0.9760052561759949
2.079295262, 0.990740180015564
2.081313947, 0.9746026992797852
2.083323181, 0.9861704707145691
2.085376918, 1.0001857280731201
2.087391055, 1.0060360431671143
2.089452285, 1.0155681371688843
2.091450752, 1.0008387565612793
2.0934827990000002, 0.9926862716674805
2.095492002, 0.9709211587905884
2.097529723, 0.9721466302871704
2.099535632, 0.9812187552452087
2.101584176, 0.9789056181907654
2.103585509, 0.989111602306366
2.105641271, 0.9943755865097046
2.107678365, 1.0048142671585083
2.109695747, 1.008800983428955
2.111873231, 1.009636402130127
2.113759284, 0.9972660541534424
2.115812459, 0.9859403371810913
2.117854623, 0.9745113849639893
2.119869436, 0.994257926940918
2.12187367, 0.9966869354248047
2.123913609, 0.9943097829818726
2.125925615, 1.0102689266204834
2.127944704, 1.0209729671478271
2.130023673, 1.0049108266830444
2.131995051, 1.0138813257217407
2.134020494, 0.9921823740005493
2.136066896, 0.980543851852417
2.138210513, 0.9776825308799744
2.140202697, 0.9837545156478882
2.142240958, 0.9796236157417297
2.144304661, 0.9774484634399414
2.1463028299999998, 1.0036593675613403
2.148320796, 1.007557988166809
2.150363615, 1.0050300359725952
2.152372401, 1.0081150531768799
2.154445666, 0.994152307510376
2.156415675, 0.9681581258773804
2.158486528, 0.9746781587600708
2.160533158, 0.9879839420318604
2.162508977, 0.9824906587600708
2.164546202, 0.9893064498901367
2.166550609, 0.9949450492858887
2.168598737, 1.0123002529144287
2.1706258529999998, 1.006563425064087
2.173073187, 1.0062700510025024
