0.449363299, 1.449471354484558
0.451378183, 1.4596315622329712
0.453421924, 1.46108078956604
0.455439257, 1.474351167678833
0.457464683, 1.4662057161331177
0.459538348, 1.453923225402832
0.461523499, 1.4514713287353516
0.463570126, 1.4565062522888184
0.465580241, 1.4555245637893677
0.467605054, 1.4492632150650024
0.469628067, 1.4585398435592651
0.471684439, 1.4601705074310303
0.473734885, 1.4580007791519165
0.475883031, 1.4710564613342285
0.477822884, 1.4670047760009766
0.479836009, 1.4482682943344116
0.481885016, 1.452245831489563
0.483896536, 1.4536768198013306
0.485924368, 1.4536070823669434
0.48794536, 1.4450801610946655
0.490028491, 1.4621163606643677
0.492058102, 1.4623994827270508
0.494146601, 1.4643702507019043
0.496307891, 1.475436806678772
0.498266129, 1.4679920673370361
0.500284324, 1.4635460376739502
0.502354264, 1.4583563804626465
0.505130872, 1.458518385887146
0.507179099, 1.4519071578979492
0.509160684, 1.4575551748275757
0.511239735, 1.464124321937561
0.513342354, 1.4831697940826416
0.515369955, 1.4817068576812744
0.517376405, 1.4712860584259033
0.519417371, 1.4658485651016235
0.522252986, 1.4657126665115356
0.524223868, 1.455277919769287
0.526264099, 1.4568371772766113
0.528264285, 1.453500509262085
0.531994852, 1.464870810508728
0.534019639, 1.4743566513061523
0.536356808, 1.477508544921875
0.538376204, 1.4577715396881104
0.540422517, 1.4623231887817383
0.542455238, 1.4580106735229492
0.544541096, 1.456701397895813
0.546591304, 1.451295256614685
0.548669447, 1.4474281072616577
0.550664014, 1.46316397190094
0.552847595, 1.469428539276123
0.554835242, 1.4730850458145142
0.556867565, 1.4789915084838867
0.558983283, 1.4602447748184204
0.56096193, 1.4619063138961792
0.562981511, 1.460588812828064
0.564987401, 1.4497016668319702
0.56702854, 1.454174518585205
0.569073754, 1.4576225280761719
0.571075199, 1.4527554512023926
0.573106957, 1.4639973640441895
0.575123604, 1.4710724353790283
0.577176561, 1.4658122062683105
0.579173129, 1.463486671447754
0.5812354, 1.4652212858200073
0.583234466, 1.4534674882888794
0.585524766, 1.4451963901519775
0.587495549, 1.447979211807251
0.589571077, 1.4550620317459106
0.592503753, 1.463325023651123
0.593646205, 1.4623974561691284
0.59564834, 1.4765979051589966
0.597764852, 1.4655948877334595
0.599833041, 1.448691725730896
0.601865981, 1.4552375078201294
0.603876696, 1.4548057317733765
0.605971242, 1.4562183618545532
0.607938549, 1.4476027488708496
0.609989285, 1.4600595235824585
0.61222166, 1.4605069160461426
0.614585268, 1.4640636444091797
0.616602944, 1.4600175619125366
0.618594873, 1.4476910829544067
0.622804357, 1.441631555557251
0.625680266, 1.4445918798446655
0.62768845, 1.4376449584960938
0.629716691, 1.4468446969985962
0.631717335, 1.4548395872116089
0.6337247, 1.4599473476409912
0.635772031, 1.4721053838729858
0.637781216, 1.459446907043457
0.639816819, 1.4492313861846924
0.641822753, 1.4509787559509277
0.643887928, 1.4471981525421143
0.645894268, 1.451764702796936
0.64791039, 1.4550610780715942
0.649940897, 1.463811993598938
0.652010152, 1.4707551002502441
0.65398758, 1.4738322496414185
0.656011988, 1.4743099212646484
0.658035472, 1.468950629234314
0.660404584, 1.4512747526168823
0.662335352, 1.455264687538147
0.664374335, 1.451711893081665
0.666378384, 1.4518001079559326
0.668432506, 1.4466807842254639
0.670924926, 1.443755865097046
0.672486237, 1.4531936645507812
0.674528253, 1.4646780490875244
0.67653302, 1.4561307430267334
0.678549091, 1.4439857006072998
0.680567541, 1.4489332437515259
0.682642305, 1.448773980140686
0.684621927, 1.4456686973571777
0.686643376, 1.4491552114486694
0.688780482, 1.443535327911377
0.690731048, 1.4496195316314697
0.692758901, 1.4566556215286255
0.694802473, 1.469878911972046
0.696908479, 1.4625072479248047
0.699084246, 1.4566017389297485
0.701116945, 1.450763463973999
0.703144505, 1.453017234802246
0.705175576, 1.4499973058700562
0.707179787, 1.4410147666931152
0.709221226, 1.4528295993804932
0.711240928, 1.4538853168487549
0.713285378, 1.464701533317566
0.715370334, 1.464214563369751
0.717436177, 1.4537618160247803
0.719482851, 1.446265697479248
0.721537229, 1.4559391736984253
0.723535871, 1.4610384702682495
0.725578223, 1.453586459159851
0.727575689, 1.4465608596801758
0.729747102, 1.4520541429519653
0.73201255, 1.4533926248550415
0.734042385, 1.4663214683532715
0.736076129, 1.4692658185958862
0.738095701, 1.4518194198608398
0.740126869, 1.4523570537567139
0.742182535, 1.447718620300293
0.74478837, 1.4473462104797363
0.746829326, 1.4470560550689697
0.748851616, 1.4601387977600098
0.750864629, 1.4526009559631348
0.752896072, 1.4612492322921753
0.754920885, 1.4649187326431274
0.75694817, 1.47654128074646
0.758978019, 1.4553848505020142
0.761003858, 1.44766366481781
0.763052913, 1.4504551887512207
0.765069086, 1.445163369178772
0.767083809, 1.4463856220245361
0.769116707, 1.4527522325515747
0.771125548, 1.4454790353775024
0.773202759, 1.4661659002304077
0.775199613, 1.4721969366073608
0.77771304, 1.4600780010223389
0.779761666, 1.4512218236923218
0.782046516, 1.4585850238800049
0.784080007, 1.452713966369629
0.786095964, 1.45232355594635
0.788117698, 1.4545503854751587
0.790144906, 1.4549877643585205
0.792457423, 1.4661856889724731
0.794463334, 1.4693785905838013
0.796556375, 1.474396824836731
0.799965443, 1.4552829265594482
0.801888502, 1.464604377746582
0.803927716, 1.4520752429962158
0.805960924, 1.4485602378845215
0.807986581, 1.4431389570236206
0.810043939, 1.4531995058059692
0.812087644, 1.4525870084762573
0.814097574, 1.464548110961914
0.816086627, 1.4648741483688354
0.818109669, 1.4578052759170532
0.820169609, 1.4514745473861694
0.822136977, 1.4474741220474243
0.824175855, 1.4507495164871216
0.826250776, 1.4542341232299805
0.8282516, 1.4478387832641602
0.830303919, 1.4626604318618774
0.832390654, 1.4607042074203491
0.835765019, 1.4698563814163208
0.837805059, 1.4641668796539307
0.839811059, 1.4577560424804688
0.841860319, 1.4645816087722778
0.843935198, 1.4626272916793823
0.845990754, 1.4650543928146362
0.847938473, 1.4568284749984741
0.850072811, 1.4625667333602905
0.853856363, 1.4733158349990845
0.855904694, 1.4685704708099365
0.857894083, 1.4573625326156616
0.859946754, 1.4570975303649902
0.861958788, 1.4652142524719238
0.863977957, 1.4578297138214111
0.865999653, 1.4529637098312378
0.868082721, 1.4466357231140137
0.870394443, 1.4622210264205933
0.872295465, 1.4618585109710693
0.874318792, 1.4696800708770752
0.876357925, 1.4678981304168701
0.878407942, 1.460723876953125
0.880430773, 1.457822322845459
0.88244728, 1.4648523330688477
0.884439299, 1.4581263065338135
0.886487907, 1.4565131664276123
0.888505242, 1.462942361831665
0.890537547, 1.466326117515564
0.892548757, 1.462311863899231
0.894595227, 1.4661897420883179
0.896616887, 1.4716843366622925
0.898623677, 1.456970453262329
0.900665023, 1.4507230520248413
0.90267561, 1.4632569551467896
0.904731235, 1.4510254859924316
0.906748927, 1.4496351480484009
0.908761417, 1.4599171876907349
0.910782848, 1.4622762203216553
0.912892555, 1.4669218063354492
0.914864762, 1.4700404405593872
0.917405559, 1.4697953462600708
0.919643932, 1.464117407798767
0.922563605, 1.4676905870437622
0.924592669, 1.4560160636901855
0.926599016, 1.4624245166778564
0.928631856, 1.4568628072738647
0.930655058, 1.4638705253601074
0.932690165, 1.4661434888839722
0.934712076, 1.4755523204803467
0.936749646, 1.4737732410430908
0.938748406, 1.460749626159668
0.940809426, 1.4528878927230835
0.942809044, 1.4595578908920288
0.944830573, 1.464815378189087
0.946895678, 1.4583293199539185
0.948878963, 1.4622557163238525
0.95093919, 1.454544186592102
0.952952773, 1.4736027717590332
0.954962618, 1.4694006443023682
0.956991031, 1.4660766124725342
0.959031892, 1.4617860317230225
0.961045631, 1.4582823514938354
0.963053262, 1.4518808126449585
0.96510042, 1.4505009651184082
0.967117059, 1.4551208019256592
0.969141037, 1.4619247913360596
0.971163071, 1.457273006439209
0.973243117, 1.469924807548523
0.975255392, 1.474302887916565
0.977263905, 1.46150803565979
0.979262908, 1.4597588777542114
0.981280178, 1.4540570974349976
0.983326425, 1.4507505893707275
0.985341908, 1.4453858137130737
0.987406605, 1.45054292678833
0.98940928, 1.4560283422470093
0.991430399, 1.4559563398361206
0.993463297, 1.479150652885437
0.995472743, 1.4743391275405884
0.997553861, 1.460992455482483
0.999521536, 1.4516271352767944
1.00156986, 1.4481161832809448
1.003607309, 1.4506984949111938
1.005633618, 1.4507025480270386
1.007636248, 1.4470704793930054
1.00966897, 1.4544888734817505
1.01168205, 1.4597692489624023
1.013765801, 1.4631779193878174
1.015732497, 1.4727898836135864
1.017772827, 1.4656051397323608
1.01982245, 1.462123155593872
1.021897326, 1.4650934934616089
1.023864223, 1.4646642208099365
1.025896837, 1.4560028314590454
1.027911883, 1.4504001140594482
1.029960414, 1.4593786001205444
1.032278008, 1.4705088138580322
1.034322885, 1.4836066961288452
1.036325311, 1.4798681735992432
1.038346988, 1.467839002609253
1.04039403, 1.4640666246414185
1.04241067, 1.4664063453674316
1.044446695, 1.464806318283081
1.046476854, 1.4595468044281006
1.048501408, 1.458879828453064
1.050509035, 1.4690577983856201
1.052646922, 1.4637869596481323
1.054677192, 1.4802082777023315
1.056650031, 1.478433609008789
1.058675881, 1.4652822017669678
1.060704335, 1.4559215307235718
1.062714226, 1.468023657798767
1.064749304, 1.456910490989685
1.06677707, 1.4520007371902466
1.068810835, 1.4633727073669434
1.070822176, 1.4642072916030884
1.072853181, 1.4597413539886475
1.074902309, 1.4750827550888062
1.076949001, 1.467986822128296
1.079021916, 1.4580131769180298
1.081050186, 1.447609782218933
1.083096721, 1.475365161895752
1.085225066, 1.4587790966033936
1.087223582, 1.4495384693145752
1.089230458, 1.4614566564559937
1.091278439, 1.4676580429077148
1.093280547, 1.4687870740890503
1.095312147, 1.481705665588379
1.097344264, 1.4745475053787231
1.099360338, 1.4604488611221313
1.101771073, 1.4644367694854736
1.103756237, 1.4602463245391846
1.105776833, 1.459364414215088
1.107820455, 1.4584976434707642
1.109940578, 1.4552772045135498
1.111869798, 1.467814326286316
1.113881606, 1.4764450788497925
1.115921305, 1.4706439971923828
1.117955381, 1.457685112953186
1.119962756, 1.4543349742889404
1.122032728, 1.4533135890960693
1.124016315, 1.4498614072799683
1.126061515, 1.460717797279358
1.128082481, 1.4594125747680664
1.130103538, 1.4446818828582764
1.132164677, 1.4636361598968506
1.134219348, 1.4682433605194092
1.136229581, 1.4669142961502075
1.138278248, 1.4552828073501587
1.140319329, 1.4513481855392456
1.142326394, 1.4552160501480103
1.144341601, 1.4554060697555542
1.146383762, 1.4521828889846802
1.148389537, 1.4453396797180176
1.150469371, 1.4510589838027954
1.152441118, 1.4694656133651733
1.1544742829999999, 1.4660496711730957
1.156533627, 1.4671320915222168
1.158549427, 1.4620401859283447
1.160541988, 1.4467685222625732
1.162570131, 1.4510327577590942
1.164635838, 1.4496676921844482
1.166619788, 1.4599170684814453
1.168681063, 1.4527268409729004
1.170750997, 1.4552500247955322
1.172798571, 1.4748950004577637
1.174780584, 1.4689610004425049
1.176825472, 1.4601513147354126
1.178830118, 1.4574952125549316
1.18086538, 1.4500757455825806
1.182900248, 1.4525645971298218
1.184916714, 1.445439338684082
1.186949037, 1.447980523109436
1.188968748, 1.455438494682312
1.191107887, 1.4565068483352661
1.19316058, 1.4726529121398926
1.195167465, 1.467535376548767
1.197355166, 1.4628416299819946
1.199556293, 1.4510524272918701
1.201566604, 1.4581186771392822
1.203586979, 1.4515786170959473
1.205623272, 1.4510771036148071
1.207677082, 1.4517117738723755
1.209679311, 1.4579342603683472
1.211686479, 1.4592680931091309
1.213788581, 1.4601041078567505
1.215744648, 1.4683372974395752
1.2177804779999999, 1.4628503322601318
1.219806765, 1.4498164653778076
1.221831605, 1.4560307264328003
1.223847009, 1.456526279449463
1.225889359, 1.4483742713928223
1.2279364720000001, 1.4521404504776
1.229991863, 1.4590893983840942
1.23197235, 1.4638645648956299
1.234016198, 1.4632092714309692
1.236006843, 1.4772151708602905
1.238031698, 1.465113639831543
1.240056407, 1.4549347162246704
1.242105746, 1.4506984949111938
1.244145856, 1.4467933177947998
1.246170818, 1.4527486562728882
1.248192173, 1.4432227611541748
1.250262878, 1.4530636072158813
1.252248408, 1.4506781101226807
1.254254041, 1.4716249704360962
1.256293068, 1.4700053930282593
1.258314773, 1.4559555053710938
1.260336821, 1.4555518627166748
1.26234244, 1.4609657526016235
1.264365436, 1.4450936317443848
1.266384173, 1.456850290298462
1.26842489, 1.4498621225357056
1.2704419599999999, 1.4557595252990723
1.272512943, 1.4592247009277344
1.274501512, 1.4693036079406738
1.276531031, 1.4662857055664062
1.2785521100000001, 1.4519143104553223
1.280610604, 1.4549537897109985
1.282613443, 1.455713152885437
1.284670014, 1.4493974447250366
1.2866904670000001, 1.4496676921844482
1.288683116, 1.4479304552078247
1.290716607, 1.445826530456543
1.292826981, 1.463846206665039
1.294771197, 1.4643093347549438
1.296801766, 1.4692054986953735
1.298844454, 1.454578161239624
1.3008741879999999, 1.4529075622558594
1.302860641, 1.460998296737671
1.304934843, 1.4451829195022583
1.3069791419999999, 1.446209192276001
1.309410676, 1.4571856260299683
1.311348333, 1.4659216403961182
1.3134054339999999, 1.4708490371704102
1.315391147, 1.476762294769287
1.317435655, 1.4580672979354858
1.3194483, 1.4553457498550415
1.321471296, 1.4536885023117065
1.323515688, 1.4544885158538818
1.325519839, 1.4555799961090088
1.327545854, 1.4442853927612305
1.329647762, 1.4582072496414185
1.331619355, 1.467952013015747
1.333646086, 1.4683071374893188
1.335668377, 1.4748048782348633
1.337680607, 1.4619739055633545
1.339747323, 1.4480870962142944
1.341756087, 1.4605351686477661
1.3437875209999999, 1.4600592851638794
1.345780814, 1.459027647972107
1.347817176, 1.4474711418151855
1.349874349, 1.4570982456207275
1.351859021, 1.4641623497009277
1.3538907980000001, 1.4764875173568726
1.3559054480000001, 1.48131263256073
1.357968992, 1.4663076400756836
1.3599951319999999, 1.4619042873382568
1.361984247, 1.4619359970092773
1.364048121, 1.450347900390625
1.366058539, 1.4581732749938965
1.368126228, 1.4598149061203003
1.370546535, 1.4652459621429443
1.372163603, 1.4700201749801636
1.374239967, 1.478822112083435
1.376664806, 1.4661049842834473
1.378573077, 1.4608652591705322
1.380635357, 1.4561182260513306
1.382687036, 1.4595638513565063
1.384675323, 1.456444263458252
1.386725865, 1.4571539163589478
1.388730403, 1.45284903049469
1.390774143, 1.4582401514053345
1.392860679, 1.4749189615249634
1.394875772, 1.4710087776184082
1.396913222, 1.4642305374145508
1.398958797, 1.457977294921875
1.400982681, 1.4490443468093872
1.404898717, 1.454649806022644
1.406872966, 1.446931004524231
1.4088981010000001, 1.444370985031128
1.410943353, 1.450400710105896
1.412945559, 1.4593302011489868
1.41498089, 1.4647091627120972
1.417025351, 1.461126685142517
1.419033089, 1.4511659145355225
1.421119351, 1.43935227394104
1.423082973, 1.4454677104949951
1.425117361, 1.4410431385040283
1.427156354, 1.4449570178985596
1.4292475470000001, 1.451182246208191
1.431305417, 1.450483798980713
1.433633617, 1.470611810684204
1.43559776, 1.4667977094650269
1.437635197, 1.4586703777313232
1.440548216, 1.445112943649292
1.44266727, 1.4546505212783813
1.444679652, 1.452626347541809
1.4468097580000001, 1.4595566987991333
1.448845957, 1.459948182106018
1.4508997, 1.4616259336471558
1.4529013100000001, 1.4762853384017944
1.455018018, 1.4727295637130737
1.456954525, 1.469796061515808
1.458980234, 1.4543755054473877
1.461001805, 1.4598408937454224
1.463031944, 1.4647300243377686
1.465068782, 1.4628660678863525
1.467069143, 1.4585566520690918
1.4691234770000001, 1.4693408012390137
1.4714617859999999, 1.464174747467041
1.473159089, 1.47776460647583
1.4752042859999999, 1.4765394926071167
1.477215515, 1.4617434740066528
1.479260461, 1.45708429813385
1.481264798, 1.4531042575836182
1.483346697, 1.4530717134475708
1.485387141, 1.454738974571228
1.487413484, 1.4508439302444458
1.489379729, 1.4561896324157715
1.491400667, 1.4525541067123413
1.493544975, 1.4691777229309082
1.495656267, 1.4711410999298096
1.497669813, 1.4615014791488647
1.499726473, 1.460115909576416
1.5017214399999999, 1.4533052444458008
1.503772211, 1.4551200866699219
1.505805424, 1.4597595930099487
1.508997032, 1.4609583616256714
1.5122805480000001, 1.460648536682129
1.51428313, 1.4675607681274414
1.5162948859999998, 1.4692907333374023
1.518727272, 1.459853172302246
1.520677042, 1.4623032808303833
1.522702812, 1.4652332067489624
1.524785912, 1.461696743965149
1.526759875, 1.4649401903152466
1.528803517, 1.4641071557998657
1.530823432, 1.462349772453308
1.5328541119999999, 1.4766526222229004
1.534881838, 1.4743847846984863
1.536901908, 1.4778468608856201
1.5389233660000001, 1.459841012954712
1.540958169, 1.4587464332580566
1.542989827, 1.4569921493530273
1.5450278229999999, 1.4587312936782837
1.547037804, 1.4645079374313354
1.549077773, 1.4588539600372314
1.551080381, 1.4640307426452637
1.553137108, 1.4711300134658813
1.555154068, 1.4765366315841675
1.557238728, 1.4666221141815186
1.559279852, 1.4509658813476562
1.561286865, 1.4593794345855713
1.5633230070000002, 1.4603008031845093
1.565343692, 1.4651763439178467
1.567402983, 1.4561887979507446
1.5693937070000001, 1.4581221342086792
1.5719624319999999, 1.4659984111785889
1.5739207990000001, 1.465781569480896
1.575919608, 1.4698320627212524
1.577959815, 1.4582903385162354
1.5800033610000002, 1.4558405876159668
1.58236179, 1.4584287405014038
1.584412801, 1.4492987394332886
1.586441062, 1.4488064050674438
1.588444796, 1.4515236616134644
1.591538904, 1.4629948139190674
1.593598469, 1.4697237014770508
1.595641493, 1.468074083328247
1.597587759, 1.4638367891311646
1.599649922, 1.466942548751831
1.602217568, 1.4536234140396118
1.603671472, 1.4487134218215942
1.605718726, 1.4578025341033936
1.607727345, 1.455665946006775
1.6097874079999999, 1.4582815170288086
1.611936999, 1.4588253498077393
1.614008642, 1.4670217037200928
1.616126272, 1.4678195714950562
1.618087504, 1.4598143100738525
1.620106643, 1.4471222162246704
1.6221720039999998, 1.4575074911117554
1.624142069, 1.4562969207763672
1.62622751, 1.4636050462722778
1.628225085, 1.4587715864181519
1.630602601, 1.4622437953948975
1.632270005, 1.4763859510421753
1.634291946, 1.4744361639022827
1.636416993, 1.4831249713897705
1.638546442, 1.4709550142288208
1.6407360359999998, 1.4641783237457275
1.6427570280000001, 1.4660698175430298
1.645820068, 1.4549182653427124
1.647805075, 1.4564931392669678
1.649837389, 1.4653266668319702
1.651839599, 1.4701770544052124
1.653856768, 1.4698286056518555
1.655899086, 1.4711805582046509
1.657884213, 1.4606395959854126
1.6599311559999999, 1.452108383178711
1.662001391, 1.458790898323059
1.66400568, 1.4501396417617798
1.66599328, 1.4538360834121704
1.6680465020000002, 1.4520288705825806
1.670142973, 1.459502935409546
1.672149938, 1.4634701013565063
1.67417713, 1.4605131149291992
1.676214663, 1.4678317308425903
1.678316562, 1.4565320014953613
1.680263698, 1.4526861906051636
1.682414499, 1.4722480773925781
1.6844795160000001, 1.4584752321243286
1.6865060280000002, 1.4482972621917725
1.688498944, 1.4593580961227417
1.690928097, 1.4570637941360474
1.695589859, 1.4761825799942017
1.697669506, 1.466753363609314
1.700125452, 1.4491841793060303
1.702768367, 1.4566071033477783
1.704163197, 1.4564599990844727
1.7062115389999999, 1.453870177268982
1.70823266, 1.4619120359420776
1.7102592049999998, 1.4607611894607544
1.7122546509999998, 1.4630200862884521
1.716839216, 1.46720290184021
1.718846728, 1.4600155353546143
1.7208667260000001, 1.4529695510864258
1.722965692, 1.4560564756393433
1.7249707920000001, 1.4460188150405884
1.726978935, 1.4451441764831543
1.729043533, 1.4457029104232788
1.7310508690000002, 1.4491571187973022
1.7330457419999998, 1.4622280597686768
1.735120073, 1.4591542482376099
1.737172597, 1.460754156112671
1.739338693, 1.4539297819137573
1.74148188, 1.4570190906524658
1.7435236079999998, 1.4600627422332764
1.745558474, 1.458497405052185
1.747687773, 1.4628993272781372
1.749696996, 1.4656256437301636
1.751744892, 1.4723243713378906
1.753758571, 1.4759434461593628
1.755767767, 1.4858664274215698
1.758117293, 1.4692991971969604
1.760169879, 1.460231065750122
1.76653043, 1.4650521278381348
1.768552384, 1.461476445198059
1.7705644870000001, 1.466606616973877
1.7727499770000001, 1.4815452098846436
1.774764377, 1.4804294109344482
1.776812026, 1.4733506441116333
1.778826373, 1.4628814458847046
1.780939682, 1.4490090608596802
1.7833769670000001, 1.4673880338668823
1.785480231, 1.4644783735275269
1.787505759, 1.4587464332580566
1.7895759839999998, 1.4608561992645264
1.791986511, 1.4643847942352295
1.793864833, 1.4718116521835327
1.795864478, 1.4665817022323608
1.79833084, 1.4593309164047241
1.8005006780000001, 1.4476563930511475
1.802498995, 1.4545913934707642
1.806834241, 1.4414963722229004
1.8088372019999999, 1.4512687921524048
1.810911365, 1.4497140645980835
1.8129093790000002, 1.4605934619903564
1.814939062, 1.4710211753845215
1.816958623, 1.4607707262039185
1.818981527, 1.4574657678604126
1.821057155, 1.4510469436645508
1.823096666, 1.4614559412002563
1.825053972, 1.4566419124603271
1.8271021219999999, 1.4510914087295532
1.829139104, 1.4556344747543335
1.8312443379999999, 1.4655154943466187
1.833744209, 1.468741774559021
1.835762185, 1.4784101247787476
1.8377612989999998, 1.4695117473602295
1.839784283, 1.465377688407898
1.8418205090000002, 1.465762972831726
1.84388351, 1.462777018547058
1.845999255, 1.4659157991409302
1.848014547, 1.4527003765106201
1.850043498, 1.4571055173873901
1.852244533, 1.4756193161010742
1.854274033, 1.4679923057556152
1.85626884, 1.4702191352844238
1.858305353, 1.4574092626571655
1.8603318469999999, 1.4575495719909668
1.862500465, 1.453009009361267
1.864456468, 1.4612019062042236
1.86650773, 1.4560028314590454
1.868580619, 1.456924319267273
1.8712176029999998, 1.4578529596328735
1.873258693, 1.471782922744751
1.875289833, 1.4829144477844238
1.87856589, 1.473841667175293
1.883134512, 1.4590424299240112
1.885141197, 1.4571126699447632
1.8871626849999998, 1.4527809619903564
1.88925263, 1.4609200954437256
1.891273539, 1.4614958763122559
1.893289934, 1.4726500511169434
1.895419654, 1.4820655584335327
1.897385786, 1.4696669578552246
1.899431801, 1.4551901817321777
1.901459264, 1.4618933200836182
1.9034679049999998, 1.4711482524871826
1.9065704829999999, 1.4581607580184937
1.908627995, 1.4617350101470947
1.910641547, 1.4662375450134277
1.912716055, 1.4738024473190308
1.9147162039999999, 1.4818532466888428
1.916737471, 1.475508213043213
1.918760379, 1.4655389785766602
1.920842494, 1.460487961769104
1.9228738619999999, 1.4611963033676147
1.924847233, 1.4543348550796509
1.92687786, 1.4596346616744995
1.9290273340000001, 1.4595884084701538
1.9311637369999999, 1.4662351608276367
1.933156611, 1.4788239002227783
1.935191203, 1.4834074974060059
1.937215336, 1.473193645477295
1.939274618, 1.4585505723953247
1.941242333, 1.4496269226074219
1.9432911210000001, 1.4604355096817017
1.9453156649999999, 1.4624085426330566
1.947346557, 1.4491324424743652
1.9493673089999999, 1.4603878259658813
1.9514059480000001, 1.4630242586135864
1.9534280160000002, 1.4741556644439697
1.955451915, 1.4772981405258179
1.9574983019999999, 1.4733116626739502
1.9595073140000001, 1.46144437789917
1.961556856, 1.4680097103118896
1.963551485, 1.4602019786834717
1.965577668, 1.4530365467071533
1.9676310849999998, 1.4565601348876953
1.969711083, 1.4563665390014648
1.971669903, 1.4554716348648071
1.973699321, 1.4620132446289062
1.975689912, 1.4648293256759644
1.977780504, 1.4612782001495361
1.979748496, 1.4415520429611206
1.981801076, 1.4412298202514648
1.9838090149999998, 1.4424834251403809
1.985903585, 1.451645016670227
1.987849754, 1.445461630821228
1.9907197110000001, 1.4494677782058716
1.992711479, 1.4626988172531128
1.994697632, 1.4697648286819458
1.996712477, 1.4629954099655151
1.998774421, 1.4554238319396973
2.000806928, 1.4526004791259766
2.002873547, 1.4520267248153687
2.004876622, 1.447645664215088
2.006919238, 1.4446086883544922
2.009011075, 1.4514713287353516
2.011009426, 1.4545173645019531
2.013005629, 1.4666444063186646
2.015030106, 1.4728727340698242
2.017137588, 1.4628946781158447
2.019202456, 1.4480819702148438
2.021248625, 1.451704978942871
2.02323056, 1.4432374238967896
2.025273239, 1.4523181915283203
2.02729914, 1.444730520248413
2.029598475, 1.4541455507278442
2.031681013, 1.460787296295166
2.033637813, 1.4672704935073853
2.035700329, 1.478374719619751
2.037692828, 1.4559826850891113
2.03971122, 1.4540185928344727
2.041730342, 1.4544024467468262
2.04378717, 1.449750542640686
2.045819516, 1.4581665992736816
2.047830207, 1.4517065286636353
2.049873493, 1.4653128385543823
2.052195643, 1.4646121263504028
2.054223357, 1.4633584022521973
2.056254112, 1.4696837663650513
2.058291573, 1.45682954788208
2.06031291, 1.441159963607788
2.062314672, 1.4473876953125
2.064382651, 1.4556528329849243
2.066378037, 1.4476038217544556
2.068413482, 1.4500043392181396
2.070460994, 1.452485203742981
2.072434367, 1.4611610174179077
2.074511295, 1.464844822883606
2.076509039, 1.4609564542770386
2.078519973, 1.4455375671386719
2.080572196, 1.4381890296936035
2.08260715, 1.445716381072998
2.084677403, 1.441457748413086
2.086666389, 1.4408190250396729
2.088692592, 1.4432731866836548
2.090743035, 1.450690507888794
2.092784603, 1.4492316246032715
2.094783108, 1.4542945623397827
2.096831451, 1.4565527439117432
2.098824044, 1.4404174089431763
2.100888901, 1.4418811798095703
2.102916561, 1.4448870420455933
2.104936391, 1.433176875114441
2.106959417, 1.438012957572937
2.109866954, 1.4437174797058105
2.111796389, 1.4518548250198364
2.113844162, 1.454604148864746
2.115864928, 1.4589357376098633
2.117895539, 1.4477559328079224
2.119940859, 1.4412721395492554
2.121950884, 1.440874695777893
2.124007712, 1.4460817575454712
2.126009422, 1.4429233074188232
2.128019687, 1.4488277435302734
2.130175703, 1.4506691694259644
2.132096709, 1.4442086219787598
2.134111481, 1.4487063884735107
2.136148441, 1.452209234237671
2.138200655, 1.445470929145813
2.140201962, 1.4403337240219116
2.142288977, 1.4499366283416748
2.144243161, 1.4436029195785522
2.146264154, 1.4351598024368286
2.149646863, 1.4502112865447998
2.151753221, 1.4610204696655273
2.153793776, 1.4607977867126465
2.155838554, 1.4695740938186646
2.157842295, 1.4573739767074585
2.159864722, 1.4537311792373657
2.161887311, 1.4456833600997925
2.16390643, 1.4533313512802124
2.165923662, 1.4500797986984253
2.167954571, 1.4523504972457886
2.169985929, 1.4558264017105103
2.172004594, 1.45719313621521
2.17402794, 1.4614709615707397
2.17605149, 1.4706096649169922
2.178086613, 1.4503928422927856
2.180095846, 1.4506951570510864
2.182141654, 1.4494984149932861
2.184155444, 1.44516122341156
2.186197717, 1.446526050567627
2.188221864, 1.4441176652908325
2.190250023, 1.4515435695648193
2.192291367, 1.4584770202636719
2.194295177, 1.4664371013641357
2.196337214, 1.4757014513015747
2.198336118, 1.4536089897155762
2.200391191, 1.4498895406723022
2.202411572, 1.4522966146469116
2.20445471, 1.4446790218353271
2.206467468, 1.442659616470337
2.208480849, 1.4481489658355713
2.210505997, 1.4507715702056885
2.21255124, 1.46212637424469
2.214555279, 1.463501214981079
2.216560069, 1.4654123783111572
2.218599413, 1.4565868377685547
2.220668786, 1.4440515041351318
2.222659761, 1.4542739391326904
2.224677639, 1.4456324577331543
2.22673029, 1.4372323751449585
2.228749099, 1.4418245553970337
2.230831783, 1.441688895225525
2.232775543, 1.461135745048523
2.234828591, 1.4674043655395508
2.236830207, 1.4688057899475098
2.238866705, 1.4550960063934326
2.240898323, 1.457255482673645
2.242911388, 1.4532864093780518
2.244948658, 1.456519603729248
2.247047375, 1.4485442638397217
2.249013231, 1.455954909324646
2.251042011, 1.4580414295196533
2.253081449, 1.4630818367004395
2.255072683, 1.4636225700378418
2.257125404, 1.4570516347885132
2.259173282, 1.4476690292358398
2.261209297, 1.4487308263778687
2.263235877, 1.4535967111587524
2.26525083, 1.4453961849212646
2.267247434, 1.4404281377792358
2.269320462, 1.4493389129638672
2.271312346, 1.4568629264831543
2.273330191, 1.4675709009170532
2.275375828, 1.4606698751449585
2.277410971, 1.4506020545959473
2.279413354, 1.4342840909957886
2.281456409, 1.4404815435409546
2.283474006, 1.4390605688095093
2.285501725, 1.4341894388198853
2.287507019, 1.4332306385040283
2.289536028, 1.4457871913909912
2.291623084, 1.4473741054534912
2.293591038, 1.4623982906341553
2.295636709, 1.4593461751937866
2.297654059, 1.4467883110046387
2.29967314, 1.4409217834472656
2.301702777, 1.4474008083343506
2.30374871, 1.4431843757629395
2.305806485, 1.434533953666687
2.3078217, 1.4429264068603516
2.309862596, 1.442171573638916
2.311898031, 1.4492430686950684
2.313897938, 1.4612911939620972
2.315917908, 1.4647738933563232
2.317954301, 1.4517861604690552
2.320061496, 1.4432047605514526
2.322047413, 1.4484301805496216
2.324067423, 1.438175916671753
2.326082974, 1.4342955350875854
2.328160808, 1.4411673545837402
2.331062748, 1.4483357667922974
2.333090366, 1.4539258480072021
2.335116941, 1.4640507698059082
2.33714672, 1.4542208909988403
2.339177216, 1.4440802335739136
2.341194685, 1.441954255104065
2.343222998, 1.4488753080368042
2.345243567, 1.438969612121582
2.347324821, 1.4430155754089355
2.349331167, 1.4500571489334106
2.351339282, 1.4490687847137451
2.353382648, 1.4568959474563599
2.355387117, 1.4696098566055298
2.357446544, 1.447629690170288
2.359473681, 1.4410953521728516
2.3615736529999998, 1.4520549774169922
2.363532737, 1.453749418258667
2.365580488, 1.451448678970337
2.367640012, 1.4506959915161133
2.36983725, 1.4421935081481934
2.372045896, 1.4604671001434326
2.37407471, 1.4648220539093018
2.376142734, 1.4728820323944092
2.378131429, 1.4620094299316406
2.381442674, 1.4430969953536987
2.383479595, 1.4364486932754517
2.385511179, 1.4432134628295898
2.3875163280000002, 1.4407073259353638
2.389536713, 1.4425996541976929
2.39158117, 1.4427967071533203
2.393593567, 1.4499719142913818
2.395612916, 1.4611842632293701
2.397658167, 1.455061435699463
2.399726185, 1.4419515132904053
2.401692259, 1.443504810333252
2.403731597, 1.4356191158294678
2.4057542290000002, 1.4327747821807861
2.40779091, 1.4350131750106812
2.409808925, 1.442132592201233
2.411870408, 1.4450782537460327
2.413895569, 1.4560563564300537
2.415930838, 1.465013861656189
2.417951791, 1.4498611688613892
2.420277084, 1.4402893781661987
2.422331831, 1.4450055360794067
2.424377183, 1.444210171699524
2.426391127, 1.4401856660842896
2.428414627, 1.43711519241333
2.430427514, 1.44452965259552
2.432495707, 1.4622770547866821
2.434508171, 1.4595671892166138
2.437681476, 1.4589546918869019
2.439607221, 1.443102478981018
2.441621837, 1.445936679840088
2.443696574, 1.4471124410629272
2.445716909, 1.442617654800415
2.447735046, 1.4314109086990356
2.449893991, 1.4470059871673584
2.451971108, 1.4492909908294678
2.453947771, 1.4598702192306519
2.455994788, 1.4668327569961548
2.457987738, 1.452705979347229
2.460074556, 1.4446357488632202
2.46210135, 1.447741150856018
2.464087557, 1.444655418395996
2.466102991, 1.4484570026397705
2.468150398, 1.4413262605667114
