0.158776631, 0.15257588028907776
0.160845075, 0.14365720748901367
0.162797183, 0.1238718330860138
0.164814685, 0.1263805329799652
0.166831151, 0.12972158193588257
0.168922245, 0.13357996940612793
0.170926036, 0.12838956713676453
0.172926503, 0.14218446612358093
0.174958772, 0.14122194051742554
0.177021438, 0.13837459683418274
0.178996072, 0.15916785597801208
0.181380601, 0.1350274384021759
0.18343428, 0.12542781233787537
0.185470493, 0.1189228892326355
0.187460613, 0.14230877161026
0.189494562, 0.13350450992584229
0.191533994, 0.12461894750595093
0.193552511, 0.1486058533191681
0.195583391, 0.14184799790382385
0.197654683, 0.15662595629692078
0.199646438, 0.15667182207107544
0.201643794, 0.13587555289268494
0.203971717, 0.13073188066482544
0.205737652, 0.13442814350128174
0.207775168, 0.13983240723609924
0.209790224, 0.13514915108680725
0.211814589, 0.14253973960876465
0.213865869, 0.16062286496162415
0.215864527, 0.15178817510604858
0.217941295, 0.1525574028491974
0.21992878, 0.14353105425834656
0.221930542, 0.13431835174560547
0.223978863, 0.12721773982048035
0.225988652, 0.12203612923622131
0.228263197, 0.12897524237632751
0.23005099, 0.12469401955604553
0.232066953, 0.14734670519828796
0.234116528, 0.15450158715248108
0.236116731, 0.15653398633003235
0.238134843, 0.14970719814300537
0.240194033, 0.15062323212623596
0.242217022, 0.13337650895118713
0.24427025, 0.13000890612602234
0.246252709, 0.11993864178657532
0.248304674, 0.13071420788764954
0.25032784, 0.12640494108200073
0.252390035, 0.1359521746635437
0.25444249, 0.1658182144165039
0.256503442, 0.1487933099269867
0.258568851, 0.15788686275482178
0.260559139, 0.15422990918159485
0.262578666, 0.1357930302619934
0.264560481, 0.12079733610153198
0.266601933, 0.1259315311908722
0.268767119, 0.11694130301475525
0.270947711, 0.13265365362167358
0.272948678, 0.14613807201385498
0.274963427, 0.13714751601219177
0.277022638, 0.15736299753189087
0.279893091, 0.14973747730255127
0.281851871, 0.1340312957763672
0.283880233, 0.12151739001274109
0.28592371, 0.11416879296302795
0.287944177, 0.13282740116119385
0.289965387, 0.1283079981803894
0.291979681, 0.1292596459388733
0.294022685, 0.151729553937912
0.296125388, 0.14356744289398193
0.298070053, 0.15851333737373352
0.300118219, 0.16626885533332825
0.302122951, 0.13158616423606873
0.304165798, 0.1196412742137909
0.30621133, 0.134303480386734
0.309009588, 0.12334251403808594
0.311015268, 0.12506118416786194
0.313730336, 0.13753873109817505
0.315736188, 0.1388402283191681
0.31781422, 0.1480417251586914
0.319786781, 0.13707777857780457
0.321879365, 0.1381445825099945
0.323858063, 0.11663943529129028
0.325871857, 0.11815384030342102
0.327916283, 0.12130001187324524
0.329943472, 0.12313351035118103
0.331959806, 0.1315302848815918
0.334004299, 0.15038225054740906
0.336379954, 0.13104712963104248
0.338357863, 0.13367679715156555
0.340388951, 0.14406922459602356
0.342404115, 0.12673968076705933
0.344416534, 0.12004521489143372
0.346466338, 0.11788693070411682
0.349572318, 0.1350468099117279
0.351952059, 0.140089213848114
0.353962846, 0.15969473123550415
0.356009484, 0.13338160514831543
0.358328879, 0.16336306929588318
0.3604056, 0.15541669726371765
0.362381325, 0.136036217212677
0.364416251, 0.11576402187347412
0.366526854, 0.12496131658554077
0.368556957, 0.13350647687911987
0.370551895, 0.12601497769355774
0.372563658, 0.14006689190864563
0.374605188, 0.15477967262268066
0.376630622, 0.15001404285430908
0.378699008, 0.16076767444610596
0.381267557, 0.1473458707332611
0.383276316, 0.1372201144695282
0.385305988, 0.13305780291557312
0.387331442, 0.1287069320678711
0.389356524, 0.1486329734325409
0.391374813, 0.13260623812675476
0.393393773, 0.15658894181251526
0.39544576, 0.14531895518302917
0.397449485, 0.16620439291000366
0.399492457, 0.16743677854537964
0.401516397, 0.1485922932624817
0.403546879, 0.12214010953903198
0.405574167, 0.12510836124420166
0.407570189, 0.13722795248031616
0.409615476, 0.12458306550979614
0.411652522, 0.14846810698509216
0.413658596, 0.16867733001708984
0.415703444, 0.14774498343467712
0.41773339, 0.14252164959907532
0.41973608, 0.14876288175582886
0.421784834, 0.13896501064300537
0.423787771, 0.14078640937805176
0.425813011, 0.11592376232147217
0.42789045, 0.1264541745185852
0.429875522, 0.11669561266899109
0.431921583, 0.1286104917526245
0.43398839, 0.15842735767364502
0.435960528, 0.14279133081436157
0.437994318, 0.14975810050964355
0.442857222, 0.13007822632789612
0.453504183, 0.16120681166648865
0.455549535, 0.14747628569602966
0.457536892, 0.15320372581481934
0.459581111, 0.15933367609977722
0.461583311, 0.13465198874473572
0.463624544, 0.1174708902835846
0.465673055, 0.12937384843826294
0.467662632, 0.13083219528198242
0.469705785, 0.14147710800170898
0.471715695, 0.13086333870887756
0.474145958, 0.147578626871109
0.476116891, 0.16255566477775574
0.478142727, 0.1559481918811798
0.480177986, 0.15139266848564148
0.482210303, 0.14758995175361633
0.484216273, 0.1376364529132843
0.486264832, 0.13243821263313293
0.488259671, 0.13813048601150513
0.490302489, 0.13407635688781738
0.492303394, 0.1350894272327423
0.494354426, 0.15332552790641785
0.496366359, 0.14666152000427246
0.498459764, 0.15567639470100403
0.500752515, 0.1454816460609436
0.502760874, 0.12318310141563416
0.504809218, 0.13054752349853516
0.506811729, 0.13807633519172668
0.510007214, 0.11965304613113403
0.51195141, 0.13090699911117554
0.513951632, 0.15897852182388306
0.515987865, 0.14597588777542114
0.518000755, 0.15777015686035156
0.52008014, 0.1557556688785553
0.522054011, 0.14505931735038757
0.524089436, 0.12871506810188293
0.526106065, 0.12467655539512634
0.528143846, 0.13338425755500793
0.530170706, 0.13770171999931335
0.53222226, 0.1497335135936737
0.534218886, 0.1515216827392578
0.536234879, 0.14255550503730774
0.538260586, 0.15053704380989075
0.540326473, 0.15511861443519592
0.5423067, 0.11896544694900513
0.544377951, 0.1334916651248932
0.546373896, 0.12719416618347168
0.548541191, 0.1322445571422577
0.550588347, 0.13215413689613342
0.552684918, 0.13924813270568848
0.554660953, 0.13554167747497559
0.556664165, 0.14174503087997437
0.558695772, 0.1512671709060669
0.560710436, 0.1365698277950287
0.562757403, 0.13983279466629028
0.564785477, 0.11890709400177002
0.566794351, 0.1257653534412384
0.569169163, 0.12404638528823853
0.57239146, 0.13214072585105896
0.574390243, 0.14474505186080933
0.57641499, 0.14084509015083313
0.578465445, 0.15211176872253418
0.580491357, 0.15348970890045166
0.582495946, 0.12116652727127075
0.584555655, 0.12532800436019897
0.586550053, 0.12793949246406555
0.588568473, 0.12779197096824646
0.590686395, 0.11731430888175964
0.592723047, 0.1334947645664215
0.59475579, 0.13822734355926514
0.596765444, 0.14458203315734863
0.598999944, 0.1600407361984253
0.601330219, 0.1375533938407898
0.603365413, 0.1318506896495819
0.605383406, 0.12110865116119385
0.607463704, 0.13167476654052734
0.60943146, 0.13521870970726013
0.611441738, 0.13622725009918213
0.613515118, 0.15101251006126404
0.615477817, 0.1562463939189911
0.61755925, 0.14719098806381226
0.619556123, 0.15972602367401123
0.621574945, 0.16268891096115112
0.623592348, 0.1192774772644043
0.625635754, 0.13019439578056335
0.627670368, 0.14020800590515137
0.629724357, 0.12867596745491028
0.631722289, 0.11962154507637024
0.633735584, 0.14867186546325684
0.635767874, 0.13839402794837952
0.637786958, 0.14968714118003845
0.639844116, 0.14264598488807678
0.641853643, 0.12699580192565918
0.643871702, 0.12614953517913818
0.645902254, 0.1300114393234253
0.647904067, 0.12837958335876465
0.649969896, 0.13775715231895447
0.651980273, 0.14478936791419983
0.654016883, 0.15049400925636292
0.656050549, 0.15180286765098572
0.658097603, 0.1632813811302185
0.660080507, 0.1699671745300293
0.662136098, 0.1365753710269928
0.664152999, 0.13372695446014404
0.666168906, 0.1178751289844513
0.668221203, 0.13689717650413513
0.67023812, 0.13008224964141846
0.672266259, 0.14487457275390625
0.674259601, 0.16045096516609192
0.676293306, 0.15299704670906067
0.678337613, 0.1642512083053589
0.680340686, 0.1524241864681244
0.682366225, 0.12441518902778625
0.684397672, 0.12731218338012695
0.686428736, 0.12320595979690552
0.688449996, 0.12216874957084656
0.690476726, 0.1356286108493805
0.692514844, 0.14512255787849426
0.694530907, 0.15231797099113464
0.696631055, 0.14445346593856812
0.698589992, 0.14410459995269775
0.702050032, 0.13451868295669556
0.704068009, 0.1139051616191864
0.706078384, 0.12770196795463562
0.708135863, 0.1406615972518921
0.710145184, 0.12904351949691772
0.712441171, 0.1359005868434906
0.714422881, 0.15235504508018494
0.716445141, 0.1330377757549286
0.718476269, 0.1651197075843811
0.720537378, 0.14481890201568604
0.722530829, 0.12467491626739502
0.724542267, 0.12218436598777771
0.726565793, 0.1321016252040863
0.728808312, 0.1281948983669281
0.730659196, 0.1453390121459961
0.732695535, 0.1373390257358551
0.734695967, 0.15466776490211487
0.736810464, 0.15680193901062012
0.73876977, 0.16181930899620056
0.740794484, 0.14536821842193604
0.742809807, 0.12821340560913086
0.744888329, 0.12748432159423828
0.746880739, 0.1264995038509369
0.750214153, 0.13342717289924622
0.752268436, 0.1338416337966919
0.75430892, 0.15038371086120605
0.756290089, 0.13814717531204224
0.758322716, 0.14573216438293457
0.760353901, 0.14405912160873413
0.762439638, 0.13922667503356934
0.764837564, 0.13101685047149658
0.766620882, 0.12534365057945251
0.768698369, 0.12982630729675293
0.770726384, 0.13219687342643738
0.772741491, 0.13242560625076294
0.774753406, 0.1567291021347046
0.783220159, 0.13495057821273804
0.783459511, 0.12864115834236145
0.785522569, 0.11973178386688232
0.78755332, 0.13742303848266602
0.789591145, 0.12427681684494019
0.791655065, 0.12671199440956116
0.79369504, 0.13539373874664307
0.795712313, 0.14818382263183594
0.797728753, 0.15834829211235046
0.799795478, 0.15673139691352844
0.801851438, 0.12195777893066406
0.803844279, 0.13374605774879456
0.805832621, 0.14301088452339172
0.807908498, 0.14184924960136414
0.809918759, 0.1372278332710266
0.811928281, 0.14369365572929382
0.81393063, 0.15307846665382385
0.815965831, 0.14347180724143982
0.81802692, 0.16043448448181152
0.820033248, 0.15953823924064636
0.822067395, 0.13408508896827698
0.824071301, 0.13342618942260742
0.826112432, 0.13039547204971313
0.828237298, 0.1292964220046997
0.830226382, 0.1312219798564911
0.832238153, 0.14232319593429565
0.834270044, 0.15820151567459106
0.836299331, 0.1531246304512024
0.83832395, 0.1599920094013214
0.840383132, 0.15816432237625122
0.842422007, 0.12355276942253113
0.844401554, 0.12778326869010925
0.846443346, 0.13217458128929138
0.848584659, 0.1397663652896881
0.850577796, 0.13101115822792053
0.85255087, 0.15120616555213928
0.854578255, 0.15463709831237793
0.856949024, 0.15335878729820251
0.85864203, 0.14722290635108948
0.860666492, 0.15498188138008118
0.862698681, 0.13365808129310608
0.864710138, 0.12398841977119446
0.866775811, 0.14531004428863525
0.868752818, 0.12804633378982544
0.870808036, 0.14256545901298523
0.872843871, 0.1391664445400238
0.874838956, 0.14629307389259338
0.877970232, 0.14789697527885437
0.878990364, 0.15908274054527283
0.882249615, 0.14021489024162292
0.884306807, 0.1273777186870575
0.886255242, 0.1281103491783142
0.88831589, 0.13197463750839233
0.890328018, 0.12729838490486145
0.892337783, 0.13528943061828613
0.89437601, 0.16435468196868896
0.896413347, 0.1663893759250641
0.898424542, 0.159082293510437
0.900438844, 0.14327365159988403
0.902478584, 0.13203591108322144
0.904507935, 0.14526233077049255
0.906943726, 0.13057628273963928
0.908645781, 0.1358422040939331
0.910685643, 0.13938570022583008
0.912688313, 0.1571502983570099
0.914735276, 0.15405893325805664
0.916774939, 0.15148428082466125
0.918740183, 0.1582336127758026
0.920784773, 0.13998916745185852
0.922800226, 0.1368766725063324
0.924814123, 0.14127099514007568
0.926855999, 0.13539734482765198
0.928908288, 0.1285266876220703
0.930916482, 0.1262398660182953
0.932932491, 0.14282110333442688
0.934959656, 0.14224308729171753
0.937133136, 0.1596890389919281
0.939266614, 0.15741032361984253
0.941295348, 0.14178743958473206
0.943364029, 0.1271228790283203
0.945375216, 0.14261123538017273
0.947571707, 0.14757537841796875
0.949615563, 0.12377718091011047
0.951885528, 0.11915898323059082
0.954180158, 0.14193692803382874
0.956272605, 0.14305520057678223
0.958274612, 0.15244314074516296
0.960252002, 0.15089130401611328
0.962366597, 0.1261211335659027
0.964333213, 0.12949901819229126
0.966362194, 0.13359364867210388
0.968408909, 0.13682043552398682
0.970425417, 0.13488292694091797
0.972447008, 0.14218416810035706
0.974547839, 0.14940762519836426
0.976525251, 0.15365642309188843
0.9785409, 0.16372564435005188
0.980575658, 0.15360552072525024
0.982644729, 0.12004691362380981
0.984772851, 0.13507717847824097
0.986776651, 0.12444311380386353
0.988896103, 0.1306382715702057
0.99107958, 0.13812842965126038
0.993079021, 0.15713760256767273
0.995119437, 0.14901670813560486
0.997167099, 0.16390743851661682
0.999520043, 0.16701042652130127
1.001449039, 0.15248969197273254
1.003468669, 0.12901878356933594
1.005499991, 0.1341206431388855
1.007556397, 0.139957994222641
1.009599935, 0.1311386227607727
1.011601229, 0.13105538487434387
1.013597158, 0.14629745483398438
1.015623444, 0.13516461849212646
1.017697447, 0.15118622779846191
1.01969675, 0.1523900330066681
1.021730052, 0.15246981382369995
1.023734495, 0.13584160804748535
1.025916194, 0.1356530785560608
1.027850987, 0.15020614862442017
1.029921658, 0.13863560557365417
1.031951926, 0.13960236310958862
1.033954725, 0.14753437042236328
1.036035314, 0.14695218205451965
1.038048556, 0.14161467552185059
1.040051909, 0.15367478132247925
1.042065463, 0.1357974112033844
1.044112166, 0.12989962100982666
1.046113787, 0.12067335844039917
1.048223778, 0.13150039315223694
1.050273411, 0.12152814865112305
1.052271696, 0.14135974645614624
1.054260603, 0.14575034379959106
1.056275334, 0.1479000449180603
1.058309958, 0.1432231366634369
1.060324204, 0.14443957805633545
1.062368838, 0.12257388234138489
1.064391607, 0.12221366167068481
1.066447056, 0.1272878348827362
1.06851756, 0.12649351358413696
1.070491201, 0.14232710003852844
1.072499064, 0.13430961966514587
1.074567535, 0.14834940433502197
1.076584354, 0.15066197514533997
1.078597314, 0.14133092761039734
1.080682078, 0.14900770783424377
1.082647599, 0.1141059398651123
1.084677313, 0.11940741539001465
1.086716239, 0.13278266787528992
1.088733103, 0.12561210989952087
1.090761931, 0.12647616863250732
1.092814593, 0.12957659363746643
1.094827943, 0.1567966639995575
1.096825209, 0.1456282138824463
1.100571834, 0.15294420719146729
1.101365462, 0.1329432725906372
1.103370906, 0.12509945034980774
1.105431404, 0.12167412042617798
1.107630959, 0.1348622739315033
1.109630914, 0.135682612657547
1.111623143, 0.15297970175743103
1.113643349, 0.15662923455238342
1.115683966, 0.1605144441127777
1.117701867, 0.1724909543991089
1.119722363, 0.15076005458831787
1.121743787, 0.13850301504135132
1.123798881, 0.1424178183078766
1.125827787, 0.13237351179122925
1.127948947, 0.13187727332115173
1.129904174, 0.14045175909996033
1.131910298, 0.15271401405334473
1.133936925, 0.15842735767364502
1.135971109, 0.13735535740852356
1.137986664, 0.1661093831062317
1.140086993, 0.16679680347442627
1.142051162, 0.12555408477783203
1.144064286, 0.13224488496780396
1.146168532, 0.13343316316604614
1.149468983, 0.13872870802879333
1.151442966, 0.1355547308921814
1.153496832, 0.1513802707195282
1.155551781, 0.16125452518463135
1.157581982, 0.1516282856464386
1.1595615910000001, 0.15498515963554382
1.161627499, 0.13703861832618713
1.163644764, 0.12872442603111267
1.165950853, 0.12820985913276672
1.16851883, 0.1263531744480133
1.170500752, 0.12946614623069763
1.173154818, 0.14946302771568298
1.175219782, 0.14737221598625183
1.177214281, 0.15627169609069824
1.179232905, 0.15052857995033264
1.18128554, 0.1480197310447693
1.183301076, 0.13502153754234314
1.185332303, 0.12907525897026062
1.187895629, 0.14055368304252625
1.189835577, 0.1131686270236969
1.191936437, 0.1256289780139923
1.193889303, 0.14661988615989685
1.195905198, 0.14478489756584167
1.197952477, 0.1624089777469635
1.200035628, 0.1665206253528595
1.202059493, 0.1425645351409912
1.204118755, 0.13568788766860962
1.207836713, 0.13374748826026917
1.20953139, 0.11778393387794495
1.212021107, 0.13542455434799194
1.21402276, 0.16123723983764648
1.216365523, 0.14373740553855896
1.218056426, 0.1590067744255066
1.220098676, 0.15922477841377258
1.222123516, 0.13214224576950073
1.224132719, 0.12974029779434204
1.226146272, 0.12801530957221985
1.22820976, 0.13408616185188293
1.230233306, 0.1333056390285492
1.232237985, 0.1519067883491516
1.234260412, 0.16123303771018982
1.236280097, 0.1484469771385193
1.238389133, 0.155983567237854
1.240350192, 0.15491750836372375
1.242348221, 0.1342191994190216
1.244620165, 0.12577089667320251
1.246452648, 0.1270587146282196
1.2484592860000001, 0.1201758086681366
1.250491011, 0.11720523238182068
1.25252556, 0.14068034291267395
1.254538414, 0.15418741106987
1.257865443, 0.16449469327926636
1.259873856, 0.1546669602394104
1.262002576, 0.14418572187423706
1.26390227, 0.135530024766922
1.265930019, 0.12387526035308838
1.267964566, 0.14314162731170654
1.270021375, 0.13546952605247498
1.2720712299999999, 0.13123193383216858
1.274130708, 0.15365910530090332
1.276143804, 0.13860684633255005
1.278166232, 0.15467026829719543
1.280206307, 0.14179182052612305
1.282264729, 0.12664014101028442
1.2842372, 0.1379006803035736
1.286271797, 0.13147446513175964
1.28828837, 0.13024073839187622
1.29032504, 0.1323658525943756
1.29233794, 0.1387861967086792
1.294421669, 0.1401556134223938
1.296391644, 0.1473754644393921
1.298433516, 0.1460733711719513
1.300431733, 0.13559159636497498
1.302463833, 0.13085320591926575
1.304500334, 0.13493585586547852
1.3065110930000001, 0.12508326768875122
1.309760855, 0.13675600290298462
1.311832017, 0.1289691925048828
1.3137628270000001, 0.14314278960227966
1.315783247, 0.1394992172718048
1.318295698, 0.14314672350883484
1.32020053, 0.155141681432724
1.322253706, 0.11810174584388733
1.324274286, 0.12659797072410583
1.326313107, 0.1356167495250702
1.328303287, 0.1266278326511383
1.3303741709999999, 0.1328519880771637
1.332359491, 0.12553903460502625
1.3343654090000001, 0.1412869393825531
1.336408034, 0.1353379487991333
1.338422867, 0.1495996117591858
1.340493876, 0.13343507051467896
1.342487122, 0.11471247673034668
1.344515207, 0.11467170715332031
1.346528144, 0.12359368801116943
1.348564919, 0.13302919268608093
1.350594558, 0.1375160813331604
1.352626271, 0.12937188148498535
1.354678719, 0.1470600664615631
1.356672536, 0.13708224892616272
1.358683991, 0.14706078171730042
1.3607391070000001, 0.13221299648284912
1.362776004, 0.1332264244556427
1.364794934, 0.10607919096946716
1.3667989249999999, 0.12479978799819946
1.36881143, 0.13649126887321472
1.370847712, 0.137119859457016
1.372873634, 0.14821401238441467
1.374910476, 0.1558108925819397
1.3769275300000001, 0.1392296552658081
1.378991404, 0.1496196985244751
1.380975614, 0.15593931078910828
1.383001328, 0.13431620597839355
1.385032786, 0.13776034116744995
1.387100653, 0.13832169771194458
1.389054372, 0.14208915829658508
1.391100989, 0.14797741174697876
1.3931550879999999, 0.15494787693023682
1.395167586, 0.15834692120552063
1.3971739269999999, 0.16373398900032043
1.399211095, 0.16982856392860413
1.401251794, 0.13804012537002563
1.403290352, 0.14461058378219604
1.405297026, 0.13088712096214294
1.40731542, 0.13958382606506348
1.409405725, 0.14156323671340942
1.411347806, 0.13967913389205933
1.4133730820000001, 0.14575162529945374
1.416444899, 0.14301210641860962
1.419443646, 0.16633367538452148
1.421540662, 0.14417916536331177
1.4235942910000001, 0.13565796613693237
1.425604456, 0.12777787446975708
1.4275919639999999, 0.1372654139995575
1.429640265, 0.11915823817253113
1.431692766, 0.13159191608428955
1.433674674, 0.1631050407886505
1.435740382, 0.15174686908721924
1.437739136, 0.15782466530799866
1.439790923, 0.14434513449668884
1.441893623, 0.11813059449195862
1.443959842, 0.13932132720947266
1.4459991460000001, 0.12381339073181152
1.447996532, 0.13394546508789062
1.450090505, 0.14173904061317444
1.452118085, 0.14141443371772766
1.454089209, 0.16153359413146973
1.456123222, 0.13571986556053162
1.458220713, 0.14987123012542725
1.460270736, 0.1600797474384308
1.462277149, 0.14338967204093933
1.4642947579999999, 0.12139925360679626
1.466305547, 0.13301917910575867
1.468349775, 0.12833476066589355
1.470358122, 0.1257050335407257
1.47240442, 0.13003945350646973
1.474434947, 0.14511394500732422
1.476436924, 0.14653080701828003
1.478459496, 0.14600083231925964
1.480499512, 0.15898510813713074
1.482544304, 0.11870217323303223
1.48457825, 0.1350938081741333
1.4866019719999999, 0.12518101930618286
1.488648387, 0.12808871269226074
1.490694148, 0.13602468371391296
1.492721165, 0.1424316167831421
1.494741751, 0.1563727855682373
1.4967408930000001, 0.15979644656181335
1.499481519, 0.15782946348190308
1.501458991, 0.14400306344032288
1.503449431, 0.13160711526870728
1.50552915, 0.13674792647361755
1.5076345679999998, 0.14006257057189941
1.510122631, 0.14139345288276672
1.512142155, 0.14390239119529724
1.5141478149999998, 0.15654736757278442
1.5162139460000001, 0.145797997713089
1.518269749, 0.15350419282913208
1.52024692, 0.15543532371520996
1.522310695, 0.14357981085777283
1.524313672, 0.12961268424987793
1.526349675, 0.13109466433525085
1.528665502, 0.1308181881904602
1.532968616, 0.14508259296417236
1.535081643, 0.1496995985507965
1.5370614420000002, 0.1527692973613739
1.539425464, 0.1546034812927246
1.541263058, 0.1366874873638153
1.543263283, 0.13259506225585938
1.5452929800000001, 0.128371924161911
1.54731376, 0.1440267562866211
1.549352659, 0.14539113640785217
1.551374317, 0.14305123686790466
1.553402539, 0.14952731132507324
1.555425365, 0.13533532619476318
1.557534331, 0.14735722541809082
1.559489336, 0.16117727756500244
1.5616124120000001, 0.13680550456047058
1.5637292459999999, 0.14138159155845642
1.565761029, 0.1310962736606598
1.567866205, 0.12404108047485352
1.5702189930000001, 0.12154066562652588
1.57227453, 0.1425982415676117
1.5742638869999999, 0.1481642723083496
1.5763430600000001, 0.14391416311264038
1.578460807, 0.14482218027114868
1.580501548, 0.13602468371391296
1.5840212519999999, 0.13445615768432617
1.5860306469999998, 0.11764270067214966
1.588036403, 0.12499988079071045
1.590103449, 0.1323017179965973
1.592196816, 0.13944780826568604
1.594234083, 0.16021743416786194
1.596301921, 0.14658185839653015
1.598272706, 0.15650874376296997
1.6005574550000001, 0.14948391914367676
1.6025545810000001, 0.13721802830696106
1.604575613, 0.13790500164031982
1.6066431429999999, 0.13362166285514832
1.608702152, 0.13232752680778503
1.610722709, 0.142267107963562
1.612740311, 0.13219845294952393
1.6147825679999999, 0.14139613509178162
1.6168179679999999, 0.14605581760406494
1.618860505, 0.1565406322479248
1.620902276, 0.14541351795196533
1.623014162, 0.14114263653755188
1.6250632600000001, 0.12562447786331177
1.627087736, 0.12926426529884338
1.629155315, 0.13327765464782715
1.631160785, 0.14854171872138977
1.633234046, 0.15681937336921692
1.635248821, 0.13997980952262878
1.637300765, 0.15229928493499756
1.639478905, 0.1486322283744812
1.642777611, 0.13994088768959045
1.6448273599999998, 0.13583970069885254
1.646820199, 0.13879460096359253
1.648884043, 0.13849323987960815
1.650871653, 0.12992605566978455
1.6529033279999998, 0.14400967955589294
1.654928779, 0.14713338017463684
1.657001234, 0.14862418174743652
1.661013085, 0.1240200400352478
1.663075452, 0.13286668062210083
1.665097706, 0.11758249998092651
1.667092229, 0.13592952489852905
1.669171006, 0.1400245726108551
1.671170111, 0.13842341303825378
1.6731776, 0.1437903344631195
1.675201628, 0.13339963555335999
1.67725158, 0.1452139914035797
1.679467057, 0.14670255780220032
1.683417757, 0.1281760334968567
1.68546854, 0.12221837043762207
1.687950693, 0.12822961807250977
1.692652218, 0.12212252616882324
1.6955672339999999, 0.1284886598587036
1.697602018, 0.15482664108276367
1.699640242, 0.15174394845962524
1.701810514, 0.13858672976493835
1.706978516, 0.12243911623954773
1.7099349209999999, 0.12184974551200867
1.711910558, 0.12784996628761292
1.713968413, 0.1479087471961975
1.7160737099999999, 0.13552698493003845
1.718092135, 0.1619967818260193
1.7201478369999998, 0.14171788096427917
1.722214954, 0.1352652609348297
1.7241805860000001, 0.12324750423431396
1.726220409, 0.12486258149147034
1.728233215, 0.12724187970161438
1.730245348, 0.1306806206703186
1.7322976570000002, 0.1346752941608429
1.734479333, 0.16280066967010498
1.736539252, 0.145000159740448
1.738567685, 0.15289455652236938
1.7406503359999999, 0.15063738822937012
1.7426499789999998, 0.13264569640159607
1.744654535, 0.1351807415485382
1.746696827, 0.13844913244247437
1.748762908, 0.12466657161712646
1.7507686009999999, 0.1362622082233429
1.752811474, 0.14254647493362427
1.754808675, 0.14742669463157654
1.7568518659999999, 0.1499967873096466
1.7589520680000001, 0.14998984336853027
1.7610011060000001, 0.14434993267059326
1.763052979, 0.13342100381851196
1.7651309560000001, 0.11912474036216736
1.767125407, 0.12729859352111816
1.7694038079999999, 0.13810744881629944
1.771421768, 0.13633742928504944
