0.626366399, -0.006554797291755676
0.62839253, -0.02106596529483795
0.630409698, -0.007913187146186829
0.632440791, -0.004562795162200928
0.634463146, -0.0006690248847007751
0.636525013, -0.009819470345973969
0.638538737, -0.010839030146598816
0.640604599, -0.01279670000076294
0.642662246, -0.0035096779465675354
0.644674333, -0.003407493233680725
0.646698963, -0.0029287189245224
0.648740406, -0.017148010432720184
0.650806331, 0.004875943064689636
0.65276261, 0.0036578699946403503
0.654838528, 0.01029515266418457
0.65684979, -0.0037321746349334717
0.658838286, -0.008672460913658142
0.660904297, -0.0034771859645843506
0.662899448, -0.012422367930412292
0.664923188, -0.002951517701148987
0.666947425, -0.01827341318130493
0.668955488, -0.005033120512962341
0.671027034, 0.005446307361125946
0.673154404, 0.006137542426586151
0.675083262, 0.004962466657161713
0.677153499, -0.008673474192619324
0.679101916, -0.010075792670249939
0.681152458, -0.010169394314289093
0.683160306, -0.01873820275068283
0.685195969, -0.018610581755638123
0.687230439, -0.021238379180431366
0.689287152, -0.012938246130943298
0.691301678, -0.0010262280702590942
0.693374147, 0.0030452311038970947
0.69536379, -0.005002759397029877
0.697379717, -0.007424153387546539
0.699404108, -0.0073755234479904175
0.701464099, -0.019453413784503937
0.7034915, -0.017712287604808807
0.70549276, -0.019680127501487732
0.707495268, -0.02002955973148346
0.709553201, -0.013229027390480042
0.711578039, -0.0014842674136161804
0.713606937, 0.0014382675290107727
0.715602843, 0.000513903796672821
0.717710789, -0.0022855177521705627
0.719704543, -0.0009349137544631958
0.721737641, -0.004380539059638977
0.723766381, -0.0052706897258758545
0.72580676, -0.004571162164211273
0.727817893, -0.008102655410766602
0.729852995, -0.005950085818767548
0.731862516, 0.005951434373855591
0.733904119, 0.005958937108516693
0.735922611, 0.0005660727620124817
0.737956554, 0.003558248281478882
0.740045102, 0.00041577965021133423
0.742110984, 0.0028144419193267822
0.744057213, -0.0041136592626571655
0.746103044, 0.003728799521923065
0.748103097, -0.00846400111913681
0.750175191, 0.0016406327486038208
0.752168747, 0.0026890411972999573
0.754206187, 0.00473921000957489
0.756223398, 0.001235179603099823
0.758258552, -0.009300768375396729
0.760822952, -0.008881628513336182
0.762811088, -0.019529908895492554
0.764854036, -0.002163916826248169
0.766901757, -0.010080896317958832
0.769146534, -0.0239223912358284
0.771155356, -0.003952890634536743
0.773241525, 0.009236171841621399
0.775226269, -0.00011821091175079346
0.777215277, -0.009434983134269714
0.779256323, -0.0059940144419670105
0.781320937, -0.009745694696903229
0.783345448, -0.006834939122200012
0.785374697, 0.0018953308463096619
0.787408988, -0.008897796273231506
0.789442598, -0.015891484916210175
0.791496155, 0.006161771714687347
0.793485356, 0.001940116286277771
0.795537985, -0.0018782243132591248
0.797569928, -0.005285382270812988
0.799569822, 0.0031221285462379456
0.801608615, 0.004827842116355896
0.80362958, -0.007296748459339142
0.805652958, -0.0015460997819900513
0.807669168, -0.008161604404449463
0.80972499, -0.002269349992275238
0.811748609, 0.007541000843048096
0.813945536, 0.0051865652203559875
0.815966867, 0.0029707252979278564
0.817994055, -0.008000336587429047
0.820009267, -0.00167103111743927
0.822139006, -0.00442110002040863
0.824147637, -0.004767745733261108
0.826202638, -0.011778272688388824
0.82846292, -0.014213807880878448
0.830439629, -0.005286507308483124
0.832457283, 0.0054320842027664185
0.834500356, -0.012053847312927246
0.836548249, -0.008088909089565277
0.838637107, -0.011688955128192902
0.840764944, -0.008585475385189056
0.842817016, -0.01241360604763031
0.845081436, -0.01122593879699707
0.846982274, -0.017567604780197144
0.849124652, -0.02540764957666397
0.851144769, -0.0030573904514312744
0.853207965, -0.005310580134391785
0.855734674, -0.008394613862037659
0.857738464, -0.014476299285888672
0.859770947, -0.0023565590381622314
0.862336897, -0.005594328045845032
0.864658788, -0.0011755824089050293
0.866599085, -0.010962232947349548
0.86911351, -0.013696491718292236
0.871053886, 0.00959353893995285
0.873593753, 0.00817377120256424
0.875616313, 0.0028352662920951843
0.877610735, -0.008877784013748169
0.88154527, 0.0067380815744400024
0.883679532, -0.011446438729763031
0.885638262, 0.003001771867275238
0.887662532, -0.013709396123886108
0.889718792, 0.000973530113697052
0.891703415, 0.005247831344604492
0.893734692, 0.014626644551753998
0.895800299, 0.0065601542592048645
0.897832968, -0.0013694316148757935
0.899857075, -0.005612187087535858
0.901868102, -0.000550687313079834
0.903888732, -0.0037654414772987366
0.905952528, -0.00409737229347229
0.9079688, -0.017528407275676727
0.909964403, -0.008233211934566498
0.912030444, -0.0011361315846443176
0.914033311, -0.0022769421339035034
0.916048794, 0.000673048198223114
0.918090145, -0.0046576932072639465
0.920099525, -0.006719544529914856
0.922144853, -0.003846988081932068
0.924226102, -0.004404760897159576
0.926206033, -0.011456876993179321
0.928242176, -0.014817848801612854
0.930253664, 0.003571823239326477
0.932267667, 0.008768245577812195
0.934316406, 0.007395163178443909
0.93637784, -0.003973476588726044
0.938431769, -0.007471032440662384
0.940395902, -0.00735049694776535
0.942419578, -0.009212389588356018
0.944460979, -0.010855302214622498
0.946481373, -0.013139478862285614
0.948560845, -0.020444355905056
0.951048092, 0.008346423506736755
0.953134589, 0.00660550594329834
0.955117002, 0.007909230887889862
0.957122719, -0.0003560781478881836
0.959200967, 0.00032752007246017456
0.961286931, 0.003604605793952942
0.963295574, -0.0013726353645324707
0.965335095, -0.008338987827301025
0.967364842, -0.01609925925731659
0.969388674, -0.0056944191455841064
0.971426254, 0.005116865038871765
0.973453782, 0.007688358426094055
0.975535713, -0.0008938387036323547
0.977551659, -0.0010191425681114197
0.979579766, -0.0016098394989967346
0.981605715, -0.007296279072761536
0.983593208, -0.015301220118999481
0.985612142, -0.013490572571754456
0.987620404, -0.01330556720495224
0.989646491, -0.009696558117866516
0.99168092, -0.005567833781242371
0.993700764, -0.005496367812156677
0.995727309, -0.011683814227581024
0.997853289, -0.009903252124786377
0.999896965, -0.006645224988460541
1.001915917, -0.00745970755815506
1.003983966, -0.007837310433387756
1.006020051, -0.007276900112628937
1.008106376, -0.013150155544281006
1.010126248, -0.011996753513813019
1.012195045, 0.0027486756443977356
1.014207258, 0.008428938686847687
1.01625035, -0.0033315494656562805
1.020809352, -0.0057792216539382935
1.022902118, 0.006148286163806915
1.024957241, 0.0008585527539253235
1.027008377, -0.008513487875461578
1.029007833, -0.011941127479076385
1.031056895, 0.010071516036987305
1.033039825, 0.009905904531478882
1.035098254, 0.0065022483468055725
1.037110439, 0.00276976078748703
1.039201714, 0.0028528422117233276
1.041248152, 0.0018422827124595642
1.043241535, 0.001748695969581604
1.045288809, -0.0018946006894111633
1.047284527, -0.007214874029159546
1.049328255, -0.00976049154996872
1.051344591, 0.0006319507956504822
1.053397038, 0.006733737885951996
1.055390273, -0.0030504465103149414
1.05740997, -0.006834752857685089
1.059515034, -9.72747802734375e-05
1.06170434, -0.0021507814526557922
1.064222506, -0.013581834733486176
1.066308088, -0.008285962045192719
1.06824892, -0.015139229595661163
1.070275206, -0.010673046112060547
1.072317306, -0.0007499381899833679
1.074322712, 0.005024470388889313
1.077106037, -0.0003915950655937195
1.079198405, -0.008481398224830627
1.081158005, -0.002754099667072296
1.083207883, -0.008657790720462799
1.085253953, 0.0030572712421417236
1.08722192, -0.008520647883415222
1.089277716, -0.012098245322704315
1.091278454, 0.006791211664676666
1.093310709, 0.011878646910190582
1.095361141, 0.003414355218410492
1.097398101, 0.0020677894353866577
1.09953405, 0.00411408394575119
1.101544651, 0.003917664289474487
1.103573883, 0.00017628073692321777
1.105593505, -0.0012634918093681335
1.107644763, -0.005717433989048004
1.109820593, 0.001088060438632965
1.111782487, 0.011421822011470795
1.113820036, 0.001975037157535553
1.115889873, 0.006363034248352051
1.117929709, -0.0025716498494148254
1.119889146, 0.00719500333070755
1.121923515, -0.0018052533268928528
1.123991168, -0.011204943060874939
1.12596786, -0.010347798466682434
1.12810547, -0.017449989914894104
1.130120058, 0.0021403953433036804
1.132180645, -0.00312148779630661
1.134200632, 0.0009293258190155029
1.136198565, -0.004672423005104065
1.138261116, -0.0012213364243507385
1.140329074, -0.006182380020618439
1.142350833, -0.005800843238830566
1.144435847, -0.012594327330589294
1.146431758, -0.006677977740764618
1.148451473, -0.014207176864147186
1.151223993, 0.008346423506736755
1.153243969, 0.007998555898666382
1.155261938, 0.008058294653892517
1.157280645, 0.003373943269252777
1.159300169, 0.0005689412355422974
1.161315214, -0.011438742280006409
1.163444993, -0.009078837931156158
1.165378496, 0.003890998661518097
1.167409886, -0.0024137645959854126
1.169409685, -0.004358217120170593
1.171452662, 0.007705599069595337
1.173482373, 0.013994038105010986
1.1755096919999999, 0.015728555619716644
1.177554035, 0.008010566234588623
1.179586301, 0.0058246031403541565
1.181577983, 0.008855767548084259
1.183597878, 0.0022007375955581665
1.185701285, 0.0024784356355667114
1.18771035, -0.014442116022109985
1.189723068, 0.007134579122066498
1.191773382, 0.013149797916412354
1.193778895, 0.0128340944647789
1.19580259, 0.004560492932796478
1.19788866, -0.003154568374156952
1.199850848, 0.0028218403458595276
1.201905088, -0.01030723750591278
1.203911432, -0.006477363407611847
1.205941767, -0.007033921778202057
1.207971489, -0.015240922570228577
1.209983109, -0.01177823543548584
1.212000718, -0.0018511340022087097
1.214521141, 0.00010651350021362305
1.216523918, -0.002136029303073883
1.218621062, -0.001467093825340271
1.220586035, 0.009425140917301178
1.222616985, 0.002813689410686493
1.224620338, 0.004529356956481934
1.2266792149999999, -0.017162978649139404
1.228730837, -0.0003321245312690735
1.230786193, 0.011409737169742584
1.23272634, 0.010314233601093292
1.234777136, 0.006917215883731842
1.236791895, 0.002132400870323181
1.238804652, 0.0027047768235206604
1.2408729219999999, 0.007699534296989441
1.242867219, 0.002884611487388611
1.2449102, 0.013722389936447144
1.246984623, -0.0005822256207466125
1.248947693, -0.0024550482630729675
1.250963959, 0.006167717278003693
1.252998912, 0.0166885107755661
1.255015293, 0.007352575659751892
1.257054866, 0.0021629929542541504
1.2607952789999999, -0.0013837069272994995
1.262802883, -0.0024341121315956116
1.264850239, -0.0030063390731811523
1.266893811, -0.0030694380402565002
1.268911328, -0.004839152097702026
1.270922862, 0.003672093152999878
1.272915201, 0.018003523349761963
1.274982275, 0.012470617890357971
1.277140376, -0.0037565305829048157
1.279045545, -0.008223295211791992
1.281040637, 0.0012138932943344116
1.283063864, -0.0038332194089889526
1.285079435, -0.0007600933313369751
1.287113218, -0.006973452866077423
1.289135266, -0.006427489221096039
1.291240832, 0.0019211992621421814
1.293261365, 0.001126110553741455
1.295272961, 0.0006975233554840088
1.297311149, -0.007191076874732971
1.299437493, -0.0025861188769340515
1.301423086, -0.008248388767242432
1.303450422, -0.006489276885986328
1.30546725, -0.006056234240531921
1.307506752, -0.015203438699245453
1.309542524, -0.011108338832855225
1.311616783, -0.0025825276970863342
1.313698483, 0.0005369484424591064
1.31567715, -0.0025064200162887573
1.31775964, -0.008704476058483124
1.31972363, -0.004431143403053284
1.322007432, -0.005962349474430084
1.324060056, -0.0067594051361083984
1.326060384, -0.0064624398946762085
1.328145356, -0.0034290924668312073
1.330225645, -0.007732309401035309
1.33230555, 0.0066463276743888855
1.334398902, 0.00979507714509964
1.3364929700000001, 0.007808521389961243
1.33853412, 0.004847921431064606
1.340635479, -0.003115415573120117
1.342737719, -0.00202333927154541
1.344813123, -0.0021002963185310364
1.346800564, -0.02168074995279312
1.34975933, -0.02339351177215576
1.3518921210000001, -0.0054016560316085815
1.35395224, -0.00264778733253479
1.3563958409999999, 0.0012134313583374023
1.35851191, -0.001487448811531067
1.361529212, -0.0038675665855407715
1.363615356, -0.012198463082313538
1.3655838519999999, -0.011092953383922577
1.367653714, -0.011986643075942993
1.370387477, -0.0059449076652526855
1.372497593, 0.010460227727890015
1.374467447, 0.007552057504653931
1.376527656, 0.00778719037771225
1.37859146, 0.001728549599647522
1.380812501, 0.005480557680130005
1.38293135, -0.0009887367486953735
1.384961817, 0.003767654299736023
1.386995017, -0.0038724392652511597
1.389323425, -0.005715064704418182
1.39103186, 0.007971316576004028
1.393134587, 0.015408322215080261
1.395098296, 0.008405573666095734
1.397114735, 0.006945647299289703
1.399259863, -0.0001511499285697937
1.401271062, 0.010843798518180847
1.403254981, 0.0041673630475997925
1.405303927, 0.00034271925687789917
1.408725439, -0.0045105814933776855
1.410749934, -0.0024998486042022705
1.412797963, 0.007874123752117157
1.414797405, 0.007183276116847992
1.416816489, 0.001973450183868408
1.418894577, -0.00044946372509002686
1.42095875, 0.0006980448961257935
1.422976909, -0.004317224025726318
1.431260135, -0.01698022335767746
1.431938616, 0.0037874504923820496
1.433898498, -0.004293136298656464
1.435947193, -0.006704680621623993
1.437957548, -0.017283007502555847
1.441005217, -0.010962076485157013
1.443518364, -0.01737247407436371
1.445613917, -0.005491822957992554
1.4475845139999999, -0.010382480919361115
1.449912998, -0.018784940242767334
1.451902568, 0.0024441778659820557
1.453912661, 0.010924503207206726
1.456156466, -0.003640696406364441
1.4584609130000001, -0.0034623444080352783
1.461750053, 0.003708161413669586
1.464171119, -0.008751250803470612
1.465851611, -0.0028559640049934387
1.467922722, -0.011245891451835632
1.4699854430000001, -0.006137073040008545
1.472622533, 0.008090376853942871
1.475143724, 0.011921130120754242
1.47724407, 0.009069599211215973
1.479756718, -0.008475139737129211
1.481723113, 0.0012742504477500916
1.483785518, -0.0068479254841804504
1.485846445, -0.002461828291416168
1.4877961690000001, -0.012742452323436737
1.489863419, -0.013257443904876709
1.49205662, 0.004630036652088165
1.494062465, 0.0041836947202682495
1.496085855, -0.001139312982559204
1.498150632, -0.007548540830612183
1.5001724680000001, -0.0006035417318344116
1.502228921, -0.0037795230746269226
1.504275357, 0.0007423087954521179
1.506290142, -0.00990934669971466
1.5093613110000001, -0.013729967176914215
1.511326451, -0.0022216513752937317
1.51336231, 0.010614097118377686
1.515410523, 0.011026546359062195
1.5175340240000001, 0.001050695776939392
1.5197030649999999, 0.0035266727209091187
1.521773129, 0.0017562657594680786
1.523846492, -0.0019197016954421997
1.526286824, 0.004821620881557465
1.5283353549999998, -0.002577565610408783
1.530400605, 0.009989045560359955
1.533837192, 0.016985245048999786
1.536021179, 0.007653966546058655
1.538055613, 0.004350416362285614
1.5400818809999999, 0.011957213282585144
1.5422137930000002, 0.0004933848977088928
1.544138315, 0.004466041922569275
1.546249071, 0.002508491277694702
1.548330343, -0.01326964795589447
1.550377651, -0.001977182924747467
1.552447544, 0.01246064156293869
1.554680257, 0.008053354918956757
1.556717363, -0.00015044212341308594
1.561852836, -0.0012703686952590942
1.563921143, 0.0015145987272262573
1.5659593379999999, -0.005101405084133148
1.568408303, -0.01594560593366623
1.57063764, -0.0055659860372543335
1.5726296199999998, 0.010680362582206726
1.575407242, 0.00121963769197464
1.577589234, -0.0011525973677635193
1.579625471, -0.00033517926931381226
1.581637897, -0.001668684184551239
1.584618262, -0.009931884706020355
1.586599103, -0.0072022974491119385
1.5888942579999998, -0.010060131549835205
1.592052107, 0.004996411502361298
1.5940713450000001, 0.010278388857841492
1.596234519, 0.0033864453434944153
1.598316662, 0.0026137083768844604
1.60036088, 0.007019892334938049
1.602355601, -0.002464689314365387
1.6045154400000001, -0.00963311642408371
1.606581653, -0.005968272686004639
1.6104268290000001, -0.002108342945575714
1.612640484, 0.013778433203697205
1.6147596640000001, 0.0066852569580078125
1.616832236, 0.0014939159154891968
1.618955854, 0.0076970383524894714
1.620996675, 0.006908133625984192
1.623728877, -0.0006146654486656189
1.6257420169999999, -0.004889070987701416
1.6280332199999998, -0.00954853743314743
1.63010873, -0.00043692439794540405
1.632065887, 0.0078209787607193
1.63773222, 0.007879197597503662
1.642631672, -0.00874096155166626
1.6451523030000001, -0.01715800166130066
1.647344889, -0.010663904249668121
1.650071562, -0.019337229430675507
1.652024925, 0.004112459719181061
1.654276064, 0.0005732923746109009
1.656278546, 0.003129139542579651
1.65828977, -0.00870870053768158
1.6603051089999998, -0.004452027380466461
1.662322613, -0.0053923726081848145
1.6643574700000001, -0.00010811537504196167
1.6664028640000002, -0.007450729608535767
1.668398543, -0.008805915713310242
1.670508975, -0.0029623806476593018
1.672592994, 0.007414534687995911
1.674619871, 0.01940075308084488
1.676728067, 0.009252399206161499
1.6787310629999999, 0.004830166697502136
1.681378942, 0.003139302134513855
1.683376463, -2.352893352508545e-05
1.685392346, 0.003635019063949585
1.687513311, 0.0045969560742378235
1.689495066, 0.002687603235244751
1.691532625, 0.0038237422704696655
1.693551437, 0.012452401220798492
1.695594499, 0.007489897310733795
1.697582566, 0.008049100637435913
1.6996356609999999, 0.010400153696537018
1.701698997, 0.0014290139079093933
1.703675177, -0.0015075057744979858
1.705740408, 0.0011278912425041199
1.707761127, -0.0016446560621261597
1.7097614829999999, -0.002218104898929596
1.71178648, 0.012736998498439789
1.713943524, 0.01592259109020233
1.7160470349999999, 0.010834172368049622
1.7203642000000001, -0.005473524332046509
1.722407319, -0.004980653524398804
1.724453004, -0.007786698639392853
1.726497578, -0.005586348474025726
1.728501433, -0.020690567791461945
1.7305421760000002, -0.007044151425361633
1.733380302, 0.0022659972310066223
1.734993315, 0.0010416582226753235
1.736832296, 0.007028557360172272
1.7388556400000001, -0.009815491735935211
1.74089912, -0.007434658706188202
1.74295008, 0.0010572373867034912
1.745156997, -0.006873071193695068
1.747139982, -0.009017571806907654
1.749115045, -0.010724984109401703
1.751193723, 0.0001657232642173767
1.753493913, 0.02417430281639099
1.755500369, 0.0028043538331985474
1.7577677550000002, -0.0014664307236671448
1.759725886, 0.0129021555185318
1.761772127, 0.007348679006099701
1.7637881389999999, 0.0033273473381996155
1.765828312, 0.0021294057369232178
1.767854762, -0.009653016924858093
1.769865939, -0.0024966448545455933
1.771907196, 0.00874117761850357
1.7739554480000002, 0.01455647498369217
1.775944193, 0.008736371994018555
1.777996074, -0.00024878233671188354
1.779993958, 0.003313392400741577
1.7820361, -0.009683489799499512
1.784078914, -0.0060123056173324585
1.78609913, -0.012258999049663544
1.788111719, -0.01705603301525116
1.790131084, -0.01013229787349701
1.7925910649999999, 0.009571023285388947
1.794556949, 0.0007991418242454529
1.796592067, -0.005731448531150818
1.798745173, -0.008584953844547272
1.800996722, -0.009961456060409546
1.8030212589999999, -0.016328833997249603
1.805033317, -0.01169198751449585
1.807098663, -0.017658598721027374
1.809106453, -0.017672382295131683
1.811124064, -0.003454156219959259
1.813140154, 0.0040758103132247925
1.815182462, 0.013539701700210571
1.817211104, -0.006748296320438385
1.8192324100000001, -0.005850695073604584
1.8212871819999998, -0.009921833872795105
1.823369681, -0.005587972700595856
1.825331592, -0.006073072552680969
1.827320019, -0.010950088500976562
1.8293421730000001, -0.021342463791370392
1.831413986, 0.0022313520312309265
1.833412933, 0.007762543857097626
1.835426011, -0.0036385729908943176
1.837463657, 0.004835695028305054
1.839564252, -0.006492696702480316
1.841556943, 0.001448318362236023
1.8435934920000001, -0.0017873197793960571
1.845582681, 0.006607607007026672
1.8476167879999998, -0.008022047579288483
1.849610371, -0.006213851273059845
1.851668733, 0.007365293800830841
1.853699765, 0.00914783775806427
1.855713953, 0.000924527645111084
1.857739219, -0.006312623620033264
1.859882067, 0.002190008759498596
1.8619330280000002, -0.005618281662464142
1.863958732, -0.007734909653663635
1.865993791, -0.007616810500621796
1.867985614, -0.012086495757102966
1.8700226, -0.010549388825893402
1.872045692, 0.00879475474357605
1.874414794, 0.013189345598220825
1.876362947, -0.005886979401111603
1.878382302, 0.001827441155910492
1.88043833, 0.0009611770510673523
1.882447371, -0.004998117685317993
1.8844923470000001, -0.011122249066829681
1.8864778869999999, -0.0045817941427230835
1.888581312, -0.004931144416332245
1.8905312429999999, -0.010405860841274261
1.892595923, 0.005351029336452484
1.8946057619999999, 0.01039537787437439
1.8966308079999998, 0.0018569901585578918
1.898663132, -0.0031543001532554626
1.9006691839999998, 0.0039823055267333984
1.902689815, -0.002648092806339264
1.904724343, -0.002333693206310272
1.9067525170000001, -0.00308961421251297
1.9088322770000001, -0.00546497106552124
1.9108875410000001, 0.0044808536767959595
1.912916209, 0.024312958121299744
1.914963685, 0.01094440370798111
1.916967071, 0.00395723432302475
1.919074235, 0.0032414719462394714
1.921065067, 0.0022454261779785156
1.9230936349999999, -0.0025405213236808777
1.9251440039999999, -0.0072233304381370544
1.9271605539999999, -0.004477240145206451
1.929175917, -0.002010561525821686
1.9312567280000001, 0.004919782280921936
1.933334797, 0.007065005600452423
1.935340018, 0.010145612061023712
1.937415347, -0.0003669038414955139
1.939438298, 0.0019308477640151978
1.941428747, -0.0038106590509414673
1.9434402689999999, -0.010186754167079926
1.945467856, -0.011905014514923096
1.947540211, -0.011786259710788727
1.949530448, -0.011969968676567078
1.951600745, -0.009180381894111633
1.953606615, -0.0022579729557037354
1.955614424, -0.003838472068309784
1.957656453, -0.004874914884567261
1.959650043, -0.01240694522857666
1.9616725449999999, -0.0034464672207832336
1.963764062, -0.008155733346939087
1.9658938209999999, -0.007752612233161926
1.967853351, -0.008425503969192505
1.969889977, -0.012241147458553314
1.9718919929999998, 0.007573463022708893
1.974239702, 0.008986860513687134
1.976282146, -0.0008475705981254578
1.978271276, -0.0009245425462722778
1.98031311, -0.0006381422281265259
1.982345196, -0.008255310356616974
1.984406865, -0.011920854449272156
1.986441067, -0.003779113292694092
1.988447301, -0.014910399913787842
1.9904930749999998, -0.0017690956592559814
1.992553977, 0.01054496318101883
1.994583402, 0.009722508490085602
1.99666324, 0.0006053149700164795
1.9986312640000001, -0.010187104344367981
2.000651024, 0.0022986680269241333
2.002687127, -0.003783769905567169
2.004711663, 0.001449689269065857
2.006788337, -0.014755748212337494
2.008907661, -0.009785689413547516
2.010877207, 0.003367029130458832
2.012879751, 0.012267544865608215
2.014904706, 0.000999264419078827
2.016930549, 0.00033605843782424927
2.018961949, -0.0025412291288375854
2.021009282, 0.0038285106420516968
2.023010998, -0.004542626440525055
2.025131396, -0.005940385162830353
2.028360304, -0.013938747346401215
2.030408437, -0.009806625545024872
2.032460284, 0.0003618970513343811
2.034454356, 0.008366413414478302
2.036490956, 0.0014595016837120056
2.038515615, 0.0008586868643760681
2.040532918, 0.0012231841683387756
2.042556231, 0.0030303150415420532
2.044664098, 0.0009043291211128235
2.046680235, 0.0033882558345794678
2.048670554, -0.015362948179244995
2.05068989, -0.0034803077578544617
2.05272204, 0.007970459759235382
2.054739737, 0.007020287215709686
2.056764594, -0.00188339501619339
2.058790524, -0.006202317774295807
2.060874225, 0.003926210105419159
2.062826088, -0.009024567902088165
2.066082808, 0.002994321286678314
2.068058223, -0.006935134530067444
2.070106318, -0.007663719356060028
2.072193728, 0.004373133182525635
2.07416145, 0.0007908046245574951
2.076224529, 0.006467513740062714
2.078491872, -0.0009213536977767944
2.080547434, -0.004545360803604126
2.082532983, -0.011823944747447968
2.084587285, -0.015920519828796387
2.086591313, -0.015661582350730896
2.088669422, -0.010754160583019257
2.090658977, -0.013383105397224426
2.092661914, -0.010371237993240356
2.094702211, -0.0072944313287734985
2.096790064, -0.010659225285053253
2.098771829, -0.012845002114772797
2.100779743, -0.003851674497127533
2.102796643, -0.011180080473423004
2.104816286, -0.004570387303829193
2.10687957, -0.019631721079349518
2.108871278, -0.023395709693431854
2.110907411, -0.017699502408504486
2.112930275, 0.0016923174262046814
2.114963658, -0.0049181729555130005
2.11699123, -0.014813356101512909
2.119005036, -0.005781978368759155
2.121033125, -0.007427401840686798
2.123054863, -0.015100188553333282
2.125070697, -0.007202215492725372
2.127127478, -0.012373946607112885
2.129401948, -0.017510943114757538
2.131339421, -0.0015439465641975403
2.133365153, 0.001794956624507904
2.135398624, -0.0019938647747039795
2.137412319, -0.014926277101039886
2.139470231, -0.008355192840099335
2.141485184, -0.012786634266376495
2.14349839, -0.010242223739624023
2.145570776, -0.01344878226518631
2.147546806, -0.010702401399612427
2.149581633, -0.015194043517112732
2.151624639, 0.008338883519172668
2.15362471, 0.001172490417957306
2.155667971, 0.0010768324136734009
2.157687283, -0.0076441094279289246
2.159760912, -0.008342459797859192
2.161785665, -0.014995574951171875
2.163786842, -0.013416729867458344
2.165839424, -0.0037262439727783203
2.167856475, -0.018596820533275604
2.169897281, -0.011662185192108154
2.171938493, 0.003365851938724518
2.173937484, 0.00786774605512619
2.17596583, -0.0066007524728775024
2.178012439, -0.00842229276895523
2.180055807, -0.0025290101766586304
2.182026412, -0.0008598044514656067
2.184043048, -0.008477948606014252
2.186092934, -0.01388750970363617
2.18811998, -0.01086929440498352
2.1901462130000002, -0.009598396718502045
2.19216037, 0.007940545678138733
2.194170911, -0.0025106817483901978
2.196207605, 0.004087343811988831
2.198246801, -0.0076118409633636475
2.200273567, -0.004094630479812622
2.202301227, 0.001837208867073059
2.204298531, -0.006095968186855316
2.206345675, -0.0038663893938064575
2.20836961, -0.013114824891090393
2.210410441, -0.0021090805530548096
2.21242107, 0.005877397954463959
2.214454752, -0.003115817904472351
2.216486773, -0.0025199279189109802
2.218551656, -0.00036188215017318726
2.220542763, 0.002291731536388397
2.222555953, -0.012230418622493744
2.224582576, -0.007111579179763794
2.226608724, -0.006052330136299133
2.228639281, -0.011880084872245789
2.230666931, -0.005207523703575134
2.232707462, -0.001547306776046753
2.234712723, -0.002464279532432556
2.236764993, -0.006042934954166412
2.238775155, -0.017062626779079437
2.241364202, -0.011069588363170624
2.2433818150000002, -0.010116271674633026
2.245440292, -0.00780150294303894
2.247437549, -0.013410419225692749
2.249437985, -0.0201399028301239
2.251471072, -0.011231839656829834
2.253484004, -0.0011279210448265076
2.255539236, -0.017814218997955322
2.257532699, -0.0050355494022369385
2.259570088, -0.009897828102111816
2.261619441, -0.0075749605894088745
2.263636263, -0.014887668192386627
2.2656493429999998, -0.013021551072597504
2.2677101029999998, -0.012797363102436066
2.269744645, -0.0031543001532554626
2.271785764, -0.002575203776359558
2.27381052, 0.0014564916491508484
2.275807895, 0.001784980297088623
2.277869708, -0.004031479358673096
2.279877721, -0.006735444068908691
2.281946224, 0.004806883633136749
2.284398638, -0.005365870893001556
2.286396668, -0.008552156388759613
2.288506369, -0.013901904225349426
2.290441195, -0.0018821358680725098
2.292496499, -0.0007226914167404175
2.294532593, -0.003042057156562805
2.2965293669999998, -0.004449591040611267
2.298569994, -0.001262076199054718
2.3005921, -0.003976933658123016
2.302599802, -0.009298011660575867
2.304623763, -0.0062190815806388855
2.306654036, -0.014997869729995728
2.308691926, -0.025987572968006134
2.3107233750000002, -0.015195496380329132
2.3127340419999998, -0.0040639787912368774
2.314798464, -0.01780964434146881
2.316809329, -0.02179843932390213
2.318867393, -0.013575732707977295
2.3208342809999998, -0.012745052576065063
2.322888449, -0.013177089393138885
2.324923392, -0.009475402534008026
2.326945549, -0.019628971815109253
2.329009054, -0.02563374489545822
2.331021839, -0.004532910883426666
2.333061967, 0.0021848753094673157
2.3351126620000002, -0.004955470561981201
2.337102659, -0.01792415976524353
2.339148063, -0.007512249052524567
2.341156398, -0.010996073484420776
2.343218407, -0.007647611200809479
2.34523033, -0.004803389310836792
2.347250752, -0.00677703320980072
2.349256566, -0.007354170083999634
2.351296148, 0.008987002074718475
2.353348897, 0.01664406806230545
2.355343596, 0.007414236664772034
2.357376892, 0.008424073457717896
2.359443572, 0.007419079542160034
2.361432143, 0.005227424204349518
2.36346458, -0.0014320313930511475
2.365486352, -0.003497973084449768
2.3675257419999998, -0.00849432498216629
2.369549719, -0.003828592598438263
2.371568612, 0.009982027113437653
2.373589002, 0.01668594777584076
2.3756249289999998, 0.011000528931617737
2.377647754, 0.008943475782871246
2.379677529, -0.0022209882736206055
2.381694975, -0.0014234259724617004
2.383717966, -0.014596238732337952
2.385796459, -0.012156091630458832
2.387814015, -0.012836672365665436
2.389872071, -0.009194232523441315
2.391833654, -0.012478239834308624
2.393860283, -0.006542615592479706
2.39588389, -0.006098367273807526
2.397924694, -0.008623257279396057
2.399963698, -0.006977953016757965
2.401970258, -0.007163099944591522
2.403982416, -0.017870552837848663
2.40601329, -0.004433520138263702
2.40805039, -0.016484610736370087
2.410065123, -0.016134150326251984
2.412101541, -0.007219873368740082
2.414112701, 0.004683792591094971
2.416144258, 0.001406647264957428
2.418193188, -0.0034580156207084656
2.420207217, 0.004293717443943024
2.422217046, 0.004954405128955841
2.4242482499999998, -0.007673963904380798
2.426267872, -0.00488656759262085
2.428314926, -0.0039264485239982605
2.430332836, 0.0014092698693275452
2.432362963, 0.002229921519756317
2.434377694, -0.0014828592538833618
2.436417905, -0.005057141184806824
2.440101419, 0.0024502724409103394
2.442365237, -0.010644622147083282
2.444401655, -0.01724901795387268
2.446409177, -0.004536382853984833
2.448618437, -0.01943010836839676
2.450701469, -0.009991779923439026
2.452656217, -0.0009505301713943481
2.454703371, 0.006041616201400757
2.456709335, 0.001177571713924408
2.458740969, -0.01327667385339737
2.46078588, -0.012915253639221191
2.462829099, -0.015048302710056305
2.464846775, -0.01375405490398407
2.466863809, -0.013704381883144379
2.4689271059999998, -0.019244544208049774
2.470903934, -0.010732516646385193
2.472937411, -0.005854196846485138
2.474957739, 0.0007874742150306702
2.476989237, -0.007814638316631317
2.479072798, -0.008951090276241302
2.481085321, -0.010460399091243744
2.483112448, -0.011881649494171143
2.485131793, -0.0066803693771362305
2.487171583, -0.008421041071414948
2.489206095, -0.012140929698944092
2.491226364, -0.009068727493286133
2.49323469, 0.003921099007129669
2.495469247, 0.006886102259159088
2.4975381260000002, -0.006955951452255249
2.499537114, -0.006246291100978851
2.501582472, -0.009900674223899841
2.5035895569999997, -0.0021318867802619934
2.505621846, -0.003170423209667206
2.507690953, -0.017962150275707245
2.5097058089999997, -0.008299127221107483
2.511733061, 0.007873542606830597
2.5137695730000003, 0.009794116020202637
2.515780944, 0.0033066868782043457
2.517866315, -0.0011429265141487122
2.520134513, 0.00658145546913147
2.522158534, -0.0003053918480873108
2.524160357, -0.011309139430522919
2.526223794, -0.009637653827667236
2.52821769, -0.005566343665122986
2.530349866, -0.003623396158218384
2.532640668, 0.014189071953296661
2.534663199, 0.004557974636554718
2.536684, 0.0006760135293006897
2.538719156, 0.002822570502758026
2.5412547, -0.007477685809135437
2.543289933, 0.0011666417121887207
2.545293572, 0.00014878809452056885
2.54731757, -0.008015498518943787
2.549348483, -0.004939213395118713
2.551390729, -0.012325555086135864
2.5534095409999997, 0.006329134106636047
2.555434326, 0.00577399879693985
2.557455708, -0.0010352283716201782
2.559481892, -0.002634778618812561
2.561515964, 0.002791985869407654
2.563549561, -0.005110502243041992
2.565601176, 0.0010847672820091248
2.567560943, -0.00019973516464233398
2.569611749, -0.009148187935352325
2.571658152, 0.0063593462109565735
2.573655437, 0.01455746591091156
2.575677821, 0.010859653353691101
2.577741908, -6.382167339324951e-05
2.579733446, -0.0005112960934638977
2.581755175, 0.0006136447191238403
2.583787046, -0.0034513473510742188
2.5858329270000002, 0.007874369621276855
2.587841992, -0.011960439383983612
2.589882411, -0.019718147814273834
2.591935075, -0.0009909123182296753
2.593957874, 0.007545337080955505
2.596011931, 0.002423100173473358
2.598008368, -0.001961342990398407
2.6000340509999997, -0.0051975250244140625
2.602119459, -0.007824219763278961
2.604085324, -0.010262653231620789
2.606146173, -0.007286839187145233
2.608138529, -0.021852731704711914
2.610220219, -0.01597270369529724
2.612844319, -0.004393860697746277
2.614219345, 0.0033170580863952637
2.616249105, -0.011206142604351044
2.618282264, -0.007035180926322937
2.62029178, -0.008757643401622772
2.622329509, -0.008582636713981628
2.624370717, -0.012774042785167694
2.626400391, -0.023465581238269806
2.628448012, -0.02803800255060196
2.6304708420000003, -0.01801835000514984
2.6324493479999997, -0.005372956395149231
2.63446703, -0.007727377116680145
2.636514243, -0.010027073323726654
2.638541393, -0.009680934250354767
2.640594037, -0.0005488693714141846
2.64259074, -0.014963321387767792
2.644619868, -0.00022909045219421387
2.646644164, -0.009856589138507843
