0.009618004, -0.574927568435669
0.011560571, -0.5764251947402954
0.013568349, -0.562946081161499
0.015636364, -0.5597153306007385
0.017624195, -0.5614785552024841
0.019647729, -0.5352393388748169
0.021741361, -0.5229578614234924
0.023719812, -0.5479375720024109
0.025731409, -0.5601485967636108
0.027736551, -0.5583599209785461
0.029857996, -0.5664238333702087
0.031820091, -0.5611728429794312
0.033847328, -0.5423197746276855
0.035876662, -0.5637722611427307
0.037882355, -0.5503673553466797
0.039945553, -0.5258699655532837
0.041939325, -0.5365137457847595
0.044005806, -0.5541203022003174
0.046002319, -0.5606805086135864
0.048041179, -0.5439790487289429
0.050048601, -0.5692939758300781
0.052084897, -0.5652984976768494
0.054107967, -0.5515332818031311
0.056133169, -0.563685417175293
0.05816129, -0.5505692362785339
0.060204057, -0.5357197523117065
0.062198575, -0.5527546405792236
0.064238091, -0.5538177490234375
0.066286131, -0.5722180604934692
0.068271987, -0.5653207898139954
0.070338671, -0.5624122023582458
0.07235946, -0.5620213150978088
0.074354077, -0.5567904710769653
0.076398864, -0.5515016317367554
0.078408072, -0.5552015900611877
0.080438444, -0.5255479216575623
0.082453563, -0.5577784180641174
0.084498068, -0.5562304258346558
0.086520576, -0.5703138709068298
0.088531632, -0.5605562329292297
0.090552586, -0.5742599964141846
0.092588496, -0.5680797100067139
0.094638422, -0.5481604933738708
0.096656625, -0.5559778213500977
0.098674182, -0.5659461617469788
0.100682898, -0.5336336493492126
0.102709747, -0.5397554039955139
0.104782035, -0.5785060524940491
0.106761741, -0.5728078484535217
0.108807013, -0.5701841115951538
0.110811397, -0.560718834400177
0.112860856, -0.5590029358863831
0.114864303, -0.5550000667572021
0.116892343, -0.5565449595451355
0.11898234, -0.5492897033691406
0.120946037, -0.5365074276924133
0.124755926, -0.5486872792243958
0.126768042, -0.568810224533081
0.12878247, -0.5837436318397522
0.130834216, -0.5756046175956726
0.13280996, -0.5588617324829102
0.134853742, -0.557804524898529
0.136866369, -0.570782482624054
0.138904691, -0.5463603734970093
0.140920619, -0.5362790822982788
0.142963204, -0.5477098822593689
0.144976079, -0.5670179128646851
0.147080641, -0.570411205291748
0.149117725, -0.5762753486633301
0.151255023, -0.560759425163269
0.153294024, -0.5571116805076599
0.155279666, -0.5537972450256348
0.157300089, -0.5543875694274902
0.159311495, -0.5457687377929688
0.161354324, -0.5301157832145691
0.163395832, -0.5551761388778687
0.165412334, -0.5749927163124084
0.167446172, -0.5657079815864563
0.169472875, -0.5691125988960266
0.171477022, -0.5759517550468445
0.173508157, -0.5545991063117981
0.175543654, -0.5680927634239197
0.177584687, -0.5530518293380737
0.179639497, -0.5499647259712219
0.181669803, -0.544255256652832
0.183671399, -0.562400221824646
0.185674299, -0.5719318389892578
0.18772523, -0.5602814555168152
0.189727113, -0.5646805167198181
0.192109253, -0.560574471950531
0.193863721, -0.5325971245765686
0.195831177, -0.5501861572265625
0.197844277, -0.5539942979812622
0.199886313, -0.5258187055587769
0.201899285, -0.5400123000144958
0.203933148, -0.5484659075737
0.205994845, -0.5636124014854431
0.207981809, -0.5565884113311768
0.210505308, -0.5544326901435852
0.2125235, -0.5534916520118713
0.214555461, -0.5398329496383667
0.216628591, -0.5529404282569885
0.218613839, -0.5458219051361084
0.22062062, -0.542422354221344
0.22267437, -0.5495478510856628
0.224665039, -0.5586289763450623
0.226724012, -0.5720461010932922
0.228732627, -0.5774272680282593
0.230765892, -0.556850790977478
0.232795323, -0.5526593923568726
0.23483695, -0.5363357067108154
0.236845078, -0.5649873614311218
0.238879656, -0.5573114156723022
0.240883358, -0.5347102880477905
0.242942191, -0.5346720814704895
0.244941205, -0.5754828453063965
0.246960946, -0.5685756802558899
0.249004368, -0.5581271648406982
0.251016809, -0.5542524456977844
0.253264506, -0.555759847164154
0.255115111, -0.5422533750534058
0.257139953, -0.5460481643676758
0.259159614, -0.5453687310218811
0.261223222, -0.536611795425415
0.263237079, -0.5436599850654602
0.265266893, -0.5604242086410522
0.267427273, -0.5577293634414673
0.269488047, -0.552682101726532
0.271602977, -0.5665967464447021
0.273617718, -0.5450531244277954
0.275736926, -0.5562750697135925
0.277663571, -0.5528115630149841
0.279694443, -0.5416863560676575
0.281707455, -0.5373252630233765
0.283744244, -0.5565409064292908
0.286268049, -0.5646553635597229
0.288987781, -0.5736450552940369
0.290330499, -0.5700172185897827
0.292319089, -0.5561512112617493
0.294389447, -0.5422651767730713
0.296367145, -0.5663674473762512
0.298407275, -0.5487815737724304
0.300453096, -0.5270968079566956
0.302471474, -0.5528101325035095
0.304496128, -0.5511128306388855
0.306520364, -0.5746430158615112
0.308532235, -0.573026180267334
0.310567196, -0.5814632773399353
0.312630243, -0.5436047911643982
0.314605403, -0.5588703751564026
0.316780019, -0.5604578256607056
0.318728574, -0.5503762364387512
0.32075668, -0.5343967080116272
0.322795083, -0.5425474643707275
0.324802366, -0.5729113817214966
0.326845789, -0.5667446255683899
0.328925231, -0.5735794901847839
0.330962005, -0.5812363624572754
0.332960892, -0.5679123401641846
0.334983819, -0.5482431054115295
0.337026735, -0.5476553440093994
0.339049108, -0.5496674180030823
0.341079198, -0.5388197898864746
0.343154921, -0.5476794242858887
0.345146595, -0.5707039833068848
0.347167835, -0.5733267664909363
0.34917126, -0.5681796669960022
0.351210785, -0.5525864362716675
0.353263336, -0.5359797477722168
0.355279564, -0.5480929613113403
0.357345337, -0.548910915851593
0.359319164, -0.5329003930091858
0.361385964, -0.5221126675605774
0.363364079, -0.5465819835662842
0.365399141, -0.5716416835784912
0.36753237, -0.5542144179344177
0.369531815, -0.5742223858833313
0.371555515, -0.5687575936317444
0.37357025, -0.549214243888855
0.375611682, -0.5631462931632996
0.377629221, -0.5509068369865417
0.379631205, -0.5337952971458435
0.381675823, -0.5337507724761963
0.383683106, -0.5519545078277588
0.38572893, -0.5798598527908325
0.387764365, -0.5550394654273987
0.389792621, -0.5619749426841736
0.391780852, -0.5720324516296387
0.393832805, -0.5536506175994873
0.395871772, -0.5577191710472107
0.399234103, -0.5577912330627441
0.4012656, -0.5309249758720398
0.403276207, -0.5562444925308228
0.405336058, -0.5812495350837708
0.407332807, -0.5596136450767517
0.409450531, -0.5737690329551697
0.411395709, -0.5419749617576599
0.413417425, -0.5383251309394836
0.415473138, -0.5590075850486755
0.417511255, -0.557843804359436
0.419909422, -0.5342633724212646
0.421858668, -0.5435717105865479
0.423916679, -0.5681007504463196
0.425921275, -0.5702013373374939
0.427936126, -0.5654661655426025
0.429939796, -0.5780991911888123
0.432072089, -0.5663179755210876
0.434038814, -0.5361847281455994
0.436058784, -0.5644603967666626
0.438082874, -0.5626528859138489
0.440415242, -0.5463780760765076
0.44293085, -0.5512624382972717
0.444979872, -0.5649715662002563
0.447023147, -0.5737956762313843
0.44903955, -0.584976851940155
0.451055907, -0.5590655207633972
0.453125541, -0.5431765913963318
0.455149109, -0.5636722445487976
0.457220254, -0.5755162239074707
0.459206694, -0.5498272180557251
0.46121254, -0.5489142537117004
0.463238269, -0.5436768531799316
0.465263769, -0.5713576078414917
0.467311167, -0.5726423263549805
0.469355491, -0.5722635984420776
0.471402733, -0.5540001392364502
0.473417815, -0.5435473918914795
0.475431879, -0.5609219670295715
0.477470485, -0.551423192024231
0.47949547, -0.546998143196106
0.481504447, -0.5340790748596191
0.483545879, -0.5533292889595032
0.485596308, -0.5729779005050659
0.487701085, -0.5600093603134155
0.489721749, -0.5627432465553284
0.49188518, -0.5539392232894897
0.4939917, -0.5533808469772339
0.498073509, -0.5628347992897034
0.500147555, -0.5438613295555115
0.502313103, -0.5490919351577759
0.504246336, -0.5525398850440979
0.506232737, -0.572978138923645
0.508294827, -0.5784754753112793
0.510323512, -0.5785001516342163
0.512366806, -0.5557787418365479
0.514706534, -0.5421619415283203
0.516706401, -0.5712339282035828
0.518714366, -0.550589919090271
0.520750039, -0.532433807849884
0.522800006, -0.5435782670974731
0.524839955, -0.5696477293968201
0.526812411, -0.5716716647148132
0.528844496, -0.5761629343032837
0.530910024, -0.5610349774360657
0.53289516, -0.55808025598526
0.534918299, -0.5427059531211853
0.536959247, -0.5507984757423401
0.53905731, -0.5475099086761475
0.541049258, -0.5288119912147522
0.543173728, -0.5451472401618958
0.545196522, -0.5689670443534851
0.547236394, -0.5677774548530579
0.549277137, -0.5632538795471191
0.551384599, -0.5699933767318726
0.55335397, -0.5426523685455322
0.555369326, -0.541191041469574
0.557453097, -0.555017352104187
0.559485774, -0.5286084413528442
0.561955197, -0.5402061343193054
0.563927465, -0.5517959594726562
0.56634071, -0.5812409520149231
0.568340759, -0.5762726664543152
0.570357204, -0.5598090887069702
0.572474267, -0.5520794987678528
0.574493909, -0.5417335033416748
0.576640981, -0.5669578909873962
0.578655317, -0.5617915391921997
0.580726385, -0.5254226326942444
0.582694712, -0.5451681613922119
0.584733722, -0.5599988102912903
0.586743606, -0.5762671828269958
0.588898385, -0.5646593570709229
0.590823672, -0.5427608489990234
0.592819076, -0.5572177171707153
0.594892873, -0.5595882534980774
0.596917222, -0.5410006642341614
0.598931559, -0.5506554841995239
0.600945033, -0.5307998061180115
0.603047214, -0.5513049364089966
0.60508767, -0.5575998425483704
0.60709576, -0.572701096534729
0.609119254, -0.5854398608207703
0.613296266, -0.5518879294395447
0.615258423, -0.5589310526847839
0.617383991, -0.5399799346923828
0.619507615, -0.534660279750824
0.62271861, -0.5448230504989624
0.624453475, -0.5485439896583557
0.626533525, -0.5658764839172363
0.628586609, -0.5570710301399231
0.630624064, -0.5509727001190186
0.632661983, -0.5524963140487671
0.634666791, -0.5406859517097473
0.636735792, -0.5636566877365112
0.638739757, -0.5445451736450195
0.640729908, -0.5288965702056885
0.642812606, -0.5533962249755859
0.644908218, -0.5705340504646301
0.646930893, -0.5838472843170166
0.650639994, -0.5738853216171265
0.652679825, -0.5537934303283691
0.654680823, -0.5491392016410828
0.656703071, -0.5671069622039795
0.65874505, -0.5439236760139465
0.660784876, -0.5486077666282654
0.662780248, -0.5522825717926025
0.664816688, -0.5697187781333923
0.666900414, -0.5750889778137207
0.668847436, -0.5924216508865356
0.670894765, -0.5710364580154419
0.672940845, -0.5680651068687439
0.674938427, -0.55240797996521
0.676980884, -0.5687202215194702
0.678976939, -0.5429297089576721
0.68100985, -0.5349779725074768
0.683068573, -0.5447009801864624
0.685066088, -0.5567845106124878
0.687087018, -0.5724822282791138
0.689490695, -0.5739762187004089
0.691172397, -0.5699009299278259
0.693170869, -0.5509240031242371
0.695212893, -0.5548303127288818
0.697229682, -0.5399667620658875
0.699653836, -0.5369879007339478
0.701424794, -0.5280689001083374
0.70341952, -0.5501702427864075
0.70544221, -0.5737469792366028
0.707476889, -0.5778138041496277
0.709524392, -0.5763285756111145
0.711570401, -0.5590554475784302
0.713579112, -0.5397767424583435
0.715650443, -0.5574405789375305
0.717664343, -0.5603266358375549
0.719697923, -0.5373179316520691
0.721726349, -0.5403664708137512
0.723755591, -0.5597773790359497
0.725783471, -0.5730312466621399
0.72779809, -0.5778014659881592
0.729826024, -0.5610130429267883
0.731881602, -0.5590131878852844
0.733880104, -0.5500657558441162
0.735915644, -0.5515682101249695
0.738005825, -0.5469810366630554
0.739967451, -0.5322564840316772
0.741975127, -0.5431863069534302
0.744016821, -0.554354727268219
0.746024448, -0.5723350048065186
0.748074853, -0.5707137584686279
0.750107489, -0.5598966479301453
0.752111054, -0.5548471212387085
0.754139088, -0.553938627243042
0.756160271, -0.5561853051185608
0.758213234, -0.5392218828201294
0.760352377, -0.5248353481292725
0.762401866, -0.5481191873550415
0.764430878, -0.54475998878479
0.766443532, -0.5799128413200378
0.768496812, -0.5675479769706726
0.770515168, -0.5742822885513306
0.772542962, -0.5647475123405457
0.774570197, -0.5565630197525024
0.776566323, -0.5615234375
0.778607116, -0.5579067468643188
0.780659385, -0.5414763689041138
0.782661481, -0.559603750705719
0.784686576, -0.5631765723228455
0.786706538, -0.5724940896034241
0.789842004, -0.5651090741157532
0.791873741, -0.5638129711151123
0.79392127, -0.546999990940094
0.795935255, -0.5445705056190491
0.798072788, -0.5621262192726135
0.80004272, -0.5331400632858276
0.802045933, -0.5540540218353271
0.804079158, -0.559984028339386
0.806100199, -0.572339653968811
0.808138409, -0.5835350751876831
0.810159722, -0.5697734951972961
0.81219888, -0.5411333441734314
0.814298293, -0.5496349930763245
0.816245381, -0.5405284762382507
0.81829039, -0.5344423055648804
0.820296333, -0.5330749154090881
0.822321903, -0.5422877669334412
0.824402228, -0.5536177754402161
0.826407278, -0.5673879981040955
0.828617502, -0.5626141428947449
0.830442315, -0.5660163164138794
0.832654021, -0.55659419298172
0.834687263, -0.5503694415092468
0.836715127, -0.5690760016441345
0.838746378, -0.553854763507843
0.840792486, -0.5317552089691162
0.842800703, -0.5632508397102356
0.844821225, -0.5643735527992249
0.846831257, -0.5521133542060852
0.848886093, -0.5723209977149963
0.850894623, -0.5588913559913635
0.852912778, -0.5532624125480652
0.854947768, -0.5398436784744263
0.856994659, -0.5780826807022095
0.85900964, -0.5464736223220825
0.86109488, -0.5355020761489868
0.863084232, -0.5512878894805908
0.865086278, -0.5841260552406311
0.867179012, -0.5659602880477905
0.871363622, -0.5762113332748413
0.873383475, -0.536516547203064
0.875382131, -0.5536368489265442
0.877404529, -0.5766619443893433
0.879475907, -0.5391376614570618
0.881482237, -0.5328989624977112
0.883515154, -0.5483898520469666
0.885513382, -0.5620545148849487
0.887533499, -0.557915210723877
0.889543298, -0.5722975134849548
0.891571703, -0.5605158805847168
0.89360357, -0.5513904690742493
0.895651327, -0.5576309561729431
0.897696172, -0.5374769568443298
0.900096886, -0.5314620137214661
0.902241597, -0.5551557540893555
0.904271943, -0.5664058327674866
0.90638179, -0.5835900902748108
0.908329085, -0.5705116391181946
0.910343061, -0.5652605295181274
0.912388622, -0.5440207123756409
0.914382745, -0.5500624775886536
0.916504918, -0.5523537397384644
0.918470751, -0.5453905463218689
0.920515415, -0.5465942025184631
0.922506659, -0.5443898439407349
0.924532102, -0.5532135367393494
0.926538993, -0.5745885968208313
0.928616535, -0.5577208995819092
0.930638575, -0.5608183145523071
0.932650077, -0.5468752980232239
0.934686113, -0.5505990386009216
0.936715398, -0.5593153238296509
0.93887428, -0.5479810237884521
0.940855206, -0.5358224511146545
0.942874099, -0.5652565956115723
0.944902603, -0.5684739351272583
0.946933555, -0.577905535697937
0.949112554, -0.5653238892555237
0.950961347, -0.5599587559700012
0.95299471, -0.5346129536628723
0.955073795, -0.5695957541465759
0.957076721, -0.5624268054962158
0.95907429, -0.5482320189476013
0.961142415, -0.5365484356880188
0.963122186, -0.5388045907020569
0.965160908, -0.5544734001159668
0.967231415, -0.5594949126243591
0.969256824, -0.5686783194541931
0.971385811, -0.562326967716217
0.973318333, -0.539588987827301
0.975285128, -0.550613522529602
0.977330891, -0.5494856834411621
0.980441222, -0.531288206577301
0.981760608, -0.5389223098754883
0.983791391, -0.55027174949646
0.985819212, -0.574867308139801
0.987839759, -0.5558200478553772
0.989867596, -0.561744213104248
0.991912504, -0.565960705280304
0.993998771, -0.5372850298881531
0.995990575, -0.5591543316841125
0.998025118, -0.5348926186561584
1.000033115, -0.5338924527168274
1.002068459, -0.5366206169128418
1.004176397, -0.5575368404388428
1.006251477, -0.5745722055435181
1.008266851, -0.5661776661872864
1.010273092, -0.5776669979095459
1.012305231, -0.5566740036010742
1.014649647, -0.5438477396965027
1.01673499, -0.5559077262878418
1.019004233, -0.5501991510391235
1.02151643, -0.551833987236023
1.023711979, -0.5607976913452148
1.02571518, -0.5780160427093506
1.027712846, -0.5575941205024719
1.02980793, -0.5776869058609009
1.031858801, -0.56643146276474
1.033852759, -0.5429533123970032
1.035870941, -0.5522865653038025
1.037898072, -0.5543121695518494
1.039943781, -0.5416573882102966
1.042034497, -0.5465728640556335
1.044102416, -0.5590999126434326
1.046081061, -0.5715175271034241
1.048538309, -0.5708140730857849
1.050596003, -0.5700141787528992
1.052607568, -0.5585522651672363
1.054600797, -0.5385933518409729
1.056641122, -0.5683082938194275
1.058673702, -0.5387096405029297
1.060807981, -0.5345207452774048
1.065113391, -0.5777297616004944
1.067112697, -0.5591527819633484
1.069206299, -0.5679484009742737
1.071396722, -0.5777527093887329
1.073395127, -0.553687572479248
1.075378105, -0.544540524482727
1.0774308320000001, -0.555551290512085
1.079687805, -0.5360143780708313
1.081704688, -0.5386138558387756
1.083747896, -0.5608179569244385
1.085739652, -0.5790958404541016
1.087799559, -0.5763133764266968
1.090232798, -0.5625285506248474
1.092621465, -0.5708909630775452
1.096164581, -0.5588456392288208
1.09846625, -0.5546552538871765
1.100508643, -0.5354560017585754
1.102596691, -0.5432920455932617
1.104757145, -0.5677399039268494
1.111007441, -0.5695868730545044
1.113115915, -0.548278272151947
1.1151146299999999, -0.5458753705024719
1.119063014, -0.5653419494628906
1.119390988, -0.5356229543685913
1.121380762, -0.5255516171455383
1.123431721, -0.5509564280509949
1.125541492, -0.5732051730155945
1.12770378, -0.5559743046760559
1.129848198, -0.5524837970733643
1.131934207, -0.5529148578643799
1.133945028, -0.5494656562805176
1.135992149, -0.5629186630249023
1.138002334, -0.5407986640930176
1.140138711, -0.5511859655380249
1.142089201, -0.5543251037597656
1.144138504, -0.5635225772857666
1.146177576, -0.5620304942131042
1.148170133, -0.5537464022636414
1.150214217, -0.5599996447563171
1.15225245, -0.557043194770813
1.154246262, -0.5383104681968689
1.156273113, -0.5562631487846375
1.158300191, -0.5487013459205627
1.16033707, -0.535172164440155
1.162370193, -0.5244341492652893
1.164392636, -0.5634238123893738
1.166425099, -0.5741711854934692
1.168759155, -0.5584497451782227
1.1712316, -0.5609620809555054
1.173163631, -0.5441522598266602
1.175246869, -0.5539049506187439
1.177222873, -0.5449069738388062
1.180713904, -0.5376308560371399
1.182777809, -0.540923535823822
1.184774619, -0.5634852051734924
1.186848843, -0.5787944793701172
1.188830196, -0.5570394396781921
1.190861505, -0.5573684573173523
1.193091421, -0.5558714866638184
1.195110947, -0.5521923303604126
1.198077418, -0.5474717020988464
1.200138984, -0.5407416224479675
1.20208496, -0.5339850783348083
1.204140566, -0.554719865322113
1.206217367, -0.5674470067024231
1.208661791, -0.5638370513916016
1.21280145, -0.5497763156890869
1.215897155, -0.5627993941307068
1.218136592, -0.5421690940856934
1.220982173, -0.532508373260498
1.225995481, -0.5455186367034912
1.227975225, -0.5583503246307373
1.230067811, -0.5598402619361877
1.232151577, -0.5478281378746033
1.234153426, -0.5450996160507202
1.23615168, -0.5542939305305481
1.238249031, -0.5466954112052917
1.241358426, -0.5369544625282288
1.243579338, -0.5404030084609985
1.245542355, -0.5736042857170105
1.24775313, -0.5850868225097656
1.250629625, -0.5510598421096802
1.253716676, -0.5633359551429749
1.255693258, -0.5467098951339722
1.258815301, -0.5615070462226868
1.260849176, -0.5354006290435791
1.262897068, -0.5478163957595825
1.268317377, -0.5658709406852722
1.276254933, -0.5550466775894165
1.278363321, -0.5517120361328125
1.2804067479999999, -0.5383603572845459
1.282522616, -0.5496066212654114
1.286895304, -0.5565053820610046
1.289014303, -0.5604902505874634
1.29114167, -0.564815104007721
1.2950290309999999, -0.5435197353363037
1.297906037, -0.5532779097557068
1.300009025, -0.5355071425437927
1.302068639, -0.5502620935440063
1.305511047, -0.5538351535797119
1.307540812, -0.5730491280555725
1.310146792, -0.5758770108222961
1.31206391, -0.5562577247619629
1.314102658, -0.547234296798706
1.3162203909999999, -0.5599284172058105
1.318205208, -0.5547180771827698
1.3222445170000001, -0.5305440425872803
1.3250775940000001, -0.560136079788208
1.3271680639999999, -0.5676215291023254
1.329485827, -0.5602500438690186
1.333883239, -0.582462728023529
1.33606362, -0.5740334391593933
1.338112886, -0.5546959638595581
1.340090541, -0.5461380481719971
1.342123726, -0.5539172291755676
1.3441584469999999, -0.5584086179733276
1.346957014, -0.586581289768219
1.349220404, -0.5780103206634521
1.3512348379999999, -0.5605335235595703
1.353261398, -0.5453434586524963
1.355287405, -0.545160174369812
1.357368602, -0.562517523765564
1.359398115, -0.5410921573638916
1.3613922459999999, -0.536187469959259
1.364086483, -0.5506632924079895
1.366101455, -0.5810254812240601
1.368763204, -0.5647761821746826
1.370812035, -0.556035041809082
1.372844086, -0.566324770450592
1.374926942, -0.5474019050598145
1.376939699, -0.563457727432251
1.379267124, -0.5408342480659485
1.381256285, -0.5329558849334717
1.383230015, -0.5590697526931763
1.385329496, -0.5744708180427551
1.387328106, -0.5745445489883423
1.389333013, -0.575822651386261
1.391437317, -0.5428809523582458
1.3935954879999999, -0.5528913736343384
1.395549819, -0.5515879392623901
1.397588244, -0.5612666606903076
1.399592849, -0.531321108341217
1.401621614, -0.5342792868614197
1.403855359, -0.5513178706169128
1.411040136, -0.5775877237319946
1.413799091, -0.5526057481765747
1.41568536, -0.5591880083084106
1.418071991, -0.5473527908325195
1.420028393, -0.5427262783050537
1.422075843, -0.5652896165847778
1.424159048, -0.5579873919487
1.426377743, -0.5812389850616455
1.428418219, -0.5705063343048096
1.430454268, -0.5642330646514893
1.432498458, -0.5553171038627625
1.434605203, -0.5406060814857483
1.436603089, -0.5668088793754578
1.441222568, -0.5331747531890869
1.443404774, -0.5497488379478455
1.445894724, -0.5749800801277161
1.4479732730000001, -0.5590401291847229
1.4503578400000001, -0.5639173984527588
1.452320323, -0.5631818175315857
1.454348096, -0.542610228061676
1.456375038, -0.5739215016365051
1.458504704, -0.5494291186332703
1.460431238, -0.547032356262207
1.462466024, -0.5425382852554321
1.464488065, -0.5607505440711975
1.466573964, -0.5805484056472778
1.4685500980000001, -0.5759903192520142
1.470566219, -0.5560806393623352
1.472834688, -0.5583309531211853
1.47482415, -0.5538735389709473
1.4768478680000001, -0.5499168038368225
1.478913332, -0.5469172596931458
1.481028878, -0.5350581407546997
1.483008447, -0.5308699011802673
1.484995581, -0.5793925523757935
1.487024465, -0.5630921721458435
1.489311565, -0.5684722661972046
1.491323873, -0.5498408079147339
1.493390061, -0.5513917207717896
1.496306428, -0.5531887412071228
1.498347938, -0.5440336465835571
1.5006235220000002, -0.5349688529968262
1.502704609, -0.5522437691688538
1.505641451, -0.5576049089431763
1.507671149, -0.5605194568634033
1.509679563, -0.5678684711456299
1.511884918, -0.5626541972160339
1.5138855869999999, -0.5569157600402832
1.515917178, -0.5570884346961975
1.5180144979999999, -0.5517658591270447
1.5199674, -0.5214866399765015
1.522001298, -0.5522800087928772
1.524085714, -0.5615707039833069
1.5260700329999999, -0.5803770422935486
1.5283074829999999, -0.5602233409881592
1.531826862, -0.5661695599555969
1.5324892, -0.5549998879432678
1.534748475, -0.5518720149993896
1.536845806, -0.5614583492279053
1.539050609, -0.5310245752334595
1.5418519320000001, -0.54434734582901
1.5441643269999998, -0.5577924251556396
1.546299779, -0.5759568214416504
1.5485668449999999, -0.5682169198989868
1.551828067, -0.5675066113471985
1.55389422, -0.5480342507362366
1.5558831020000001, -0.57237309217453
1.5579054, -0.5549723505973816
1.559940831, -0.5608068704605103
1.561963123, -0.5458518862724304
1.564032071, -0.566102147102356
1.56608365, -0.5822539925575256
1.56817625, -0.5758716464042664
1.570296805, -0.5677567720413208
1.572391798, -0.5698800086975098
1.57437046, -0.5516332387924194
1.576383695, -0.5564209222793579
1.5784015569999998, -0.5531512498855591
1.580437189, -0.5296828746795654
