0.053534383, 0.27119171619415283
0.055566996, 0.26101815700531006
0.057578233, 0.2500861883163452
0.059696523, 0.24782705307006836
0.061696545, 0.2716693878173828
0.063772484, 0.2722848653793335
0.065742592, 0.26295173168182373
0.067806524, 0.2449677586555481
0.069788133, 0.2482156753540039
0.07183946, 0.26437079906463623
0.073865948, 0.2673063278198242
0.075908966, 0.25912243127822876
0.077977339, 0.24468547105789185
0.079960168, 0.2486594319343567
0.082032403, 0.2734532356262207
0.084038269, 0.2745402455329895
0.086046634, 0.26352858543395996
0.088400497, 0.24905866384506226
0.090919975, 0.25450921058654785
0.09245633, 0.27439117431640625
0.094497115, 0.26754748821258545
0.096531482, 0.26260149478912354
0.098547534, 0.24419176578521729
0.100605564, 0.26217055320739746
0.102599787, 0.28139179944992065
0.10459824, 0.2752128839492798
0.106655684, 0.25999540090560913
0.10868737, 0.24947607517242432
0.11072435, 0.26815128326416016
0.112791681, 0.28451067209243774
0.114765942, 0.26189351081848145
0.116874088, 0.26228445768356323
0.11882498, 0.25808292627334595
0.120902857, 0.28060775995254517
0.122864363, 0.2930176258087158
0.124894076, 0.2793596386909485
0.126944146, 0.271514892578125
0.128946443, 0.26588886976242065
0.130998797, 0.28602105379104614
0.132996421, 0.29875648021698
0.135026163, 0.28716349601745605
0.137113616, 0.27319711446762085
0.139072085, 0.2641351819038391
0.141107175, 0.28659409284591675
0.143140439, 0.30059754848480225
0.145153246, 0.2846202850341797
0.147222509, 0.2698136568069458
0.14923782, 0.26550453901290894
0.151279378, 0.28960126638412476
0.153265698, 0.29352205991744995
0.1552854, 0.27847975492477417
0.157318891, 0.2706252336502075
0.159348783, 0.2585906386375427
0.16135542, 0.2801850438117981
0.163401327, 0.28432798385620117
0.165438175, 0.27492743730545044
0.167412387, 0.2572438716888428
0.169461625, 0.26268523931503296
0.171493143, 0.27693676948547363
0.173513459, 0.28035539388656616
0.175542478, 0.2789369225502014
0.177591671, 0.2702127695083618
0.179619679, 0.2709929943084717
0.181836941, 0.2861626148223877
0.183792303, 0.28666776418685913
0.185822362, 0.272472620010376
0.187855954, 0.25618642568588257
0.189877767, 0.2615429162979126
0.19189755, 0.2803487181663513
0.193965611, 0.2812018394470215
0.19593467, 0.2787374258041382
0.197975311, 0.2630602717399597
0.200005826, 0.2628867030143738
0.202047868, 0.2841064929962158
0.204059918, 0.2850015163421631
0.206062571, 0.26912903785705566
0.208141007, 0.2504625916481018
0.210148183, 0.26166749000549316
0.212162442, 0.27553606033325195
0.214202108, 0.2684202790260315
0.216233561, 0.25926536321640015
0.218235637, 0.2507264018058777
0.220276562, 0.25698041915893555
0.222898703, 0.27859634160995483
0.22499124, 0.266537070274353
0.226995897, 0.2467852234840393
0.229051395, 0.24220877885818481
0.231030761, 0.26762330532073975
0.233111025, 0.2768436074256897
0.235101092, 0.27542173862457275
0.237166707, 0.2640320062637329
0.239339434, 0.2499048113822937
0.24135521, 0.2730064392089844
0.243946908, 0.27723896503448486
0.245979403, 0.2663636803627014
0.248075099, 0.2430437207221985
0.250086216, 0.2525249123573303
0.252523547, 0.2771396040916443
0.255550442, 0.2600393295288086
0.257515907, 0.2513253092765808
0.260737727, 0.2574949264526367
0.262799429, 0.2788066864013672
0.264819067, 0.27634763717651367
0.266804313, 0.2644427418708801
0.269001533, 0.2601661682128906
0.270969207, 0.274616003036499
0.273061026, 0.2798733711242676
0.275053443, 0.27861738204956055
0.277110172, 0.26574230194091797
0.279215305, 0.2504316568374634
0.281205248, 0.26677829027175903
0.283257098, 0.2803642153739929
0.285235967, 0.27358001470565796
0.287290902, 0.26725447177886963
0.28931634, 0.26056843996047974
0.291337024, 0.28515374660491943
0.293402024, 0.29678863286972046
0.295398949, 0.28078460693359375
0.29762868, 0.2675318717956543
0.300206551, 0.26077473163604736
0.30221657, 0.29074209928512573
0.304276893, 0.2891584634780884
0.306352908, 0.2671014666557312
0.308612736, 0.2602410316467285
0.310620922, 0.2801172733306885
0.312688951, 0.286562442779541
0.314993817, 0.2824714183807373
0.317162338, 0.27517640590667725
0.319265743, 0.2664681673049927
0.321796304, 0.2875346541404724
0.323785586, 0.2921466827392578
0.325853954, 0.27716565132141113
0.327984193, 0.25628912448883057
0.330002318, 0.2685917019844055
0.332271905, 0.2849222421646118
0.334261434, 0.2834673523902893
0.336316596, 0.2756831645965576
0.338853416, 0.25717031955718994
0.340522307, 0.2602279782295227
0.342488316, 0.28003162145614624
0.34459438, 0.2772158980369568
0.346803172, 0.25352704524993896
0.349131255, 0.25075697898864746
0.350801956, 0.27325284481048584
0.352862383, 0.28502070903778076
0.35497191, 0.2726481556892395
0.357038469, 0.2674093246459961
0.359110241, 0.2564252018928528
0.36107205, 0.27260899543762207
0.363114885, 0.28191864490509033
0.36516905, 0.2720191478729248
0.367134372, 0.25674402713775635
0.369197476, 0.25272268056869507
0.371218955, 0.27286940813064575
0.373231173, 0.2919744849205017
0.375331326, 0.2696501612663269
0.377775721, 0.2635483741760254
0.37975172, 0.25693631172180176
0.381760627, 0.28348028659820557
0.383830971, 0.2781084179878235
0.385839447, 0.2714947462081909
0.387911386, 0.2537662386894226
0.389934221, 0.25633376836776733
0.392022854, 0.2728533148765564
0.394010984, 0.2797898054122925
0.396082238, 0.2667539715766907
0.398081936, 0.25750190019607544
0.400159262, 0.2545415759086609
0.402123369, 0.2759183645248413
0.40417426, 0.2718425989151001
0.406201744, 0.25594669580459595
0.408210306, 0.24036777019500732
0.410244394, 0.26172882318496704
0.41230316, 0.27079105377197266
0.414298194, 0.26878583431243896
0.416327587, 0.26734185218811035
0.418379796, 0.2476862668991089
0.420452994, 0.2625240087509155
0.422448496, 0.2857860326766968
0.42446595, 0.2802653908729553
0.426785751, 0.2677680253982544
0.428808258, 0.2603626251220703
0.430803212, 0.2760844826698303
0.432846298, 0.2808939218521118
0.434842397, 0.27653247117996216
0.43697681, 0.27692508697509766
0.440993401, 0.26458537578582764
0.443378926, 0.2965412735939026
0.445395265, 0.28197503089904785
0.447406677, 0.27031344175338745
0.449417411, 0.2763628363609314
0.451467387, 0.2865329384803772
0.453489521, 0.2884089946746826
0.455521375, 0.28515422344207764
0.457878453, 0.27300477027893066
0.459708894, 0.2654021978378296
0.461713306, 0.28437840938568115
0.463712123, 0.28821277618408203
0.465728502, 0.28114795684814453
0.467760718, 0.2554361820220947
0.469767818, 0.2639082074165344
0.471794424, 0.27483391761779785
0.473818754, 0.28318727016448975
0.475842936, 0.2737042307853699
0.477893104, 0.2588711380958557
0.480070778, 0.2622925639152527
0.482066983, 0.2797039747238159
0.484137708, 0.29314708709716797
0.486163746, 0.27639108896255493
0.488182165, 0.25816357135772705
0.4903496, 0.2699495553970337
0.492399292, 0.2881903648376465
0.494386591, 0.28340834379196167
0.4963936, 0.2718813419342041
0.49877088, 0.25570833683013916
0.501064607, 0.2726481556892395
0.503109966, 0.30096638202667236
0.505171478, 0.27787673473358154
0.507568538, 0.25543898344039917
0.509592519, 0.26471012830734253
0.511599536, 0.2904602289199829
0.513621639, 0.2873903512954712
0.515638827, 0.2785418629646301
0.517668835, 0.27151477336883545
0.51970642, 0.2653235197067261
0.521741334, 0.2810230851173401
0.523759864, 0.28618961572647095
0.525789034, 0.275173544883728
0.527811385, 0.25421977043151855
0.529819529, 0.2608272433280945
0.531854648, 0.2751213312149048
0.533878316, 0.27231717109680176
0.535930124, 0.2720305323600769
0.537936052, 0.2558993697166443
0.540044462, 0.2552878260612488
0.541982957, 0.27818000316619873
0.544023858, 0.28810882568359375
0.546037291, 0.25580334663391113
0.548060949, 0.24955719709396362
0.550091833, 0.26294976472854614
0.552140448, 0.2662028670310974
0.554150449, 0.26532888412475586
0.556176708, 0.26447808742523193
0.558264774, 0.23907971382141113
0.560257425, 0.24788445234298706
0.562278279, 0.2656121850013733
0.564338153, 0.2761225700378418
0.566286135, 0.26451826095581055
0.568326871, 0.24665707349777222
0.570368264, 0.26431018114089966
0.57236678, 0.2740787863731384
0.574431686, 0.2695692777633667
0.576444536, 0.26490551233291626
0.578530108, 0.2497168779373169
0.580575742, 0.24794328212738037
0.582624078, 0.2774112820625305
0.584611879, 0.2778778672218323
0.586696579, 0.26135188341140747
0.588663879, 0.26250195503234863
0.590695117, 0.2717287540435791
0.592730368, 0.288993239402771
0.594761454, 0.27743667364120483
0.596761497, 0.25971198081970215
0.598995364, 0.25334906578063965
0.600867428, 0.2645913362503052
0.602897638, 0.2850038409233093
0.604876415, 0.2838943600654602
0.606909709, 0.26475614309310913
0.608914539, 0.2557704448699951
0.610982643, 0.273911714553833
0.612975293, 0.28682297468185425
0.614996708, 0.2837839126586914
0.617042533, 0.2616158723831177
0.619063696, 0.25638747215270996
0.621446866, 0.2693471908569336
0.623794395, 0.2966061234474182
0.625832826, 0.27374696731567383
0.627849637, 0.25369536876678467
0.629904949, 0.269786536693573
0.631892243, 0.2786540985107422
0.633979214, 0.2878674268722534
0.635932641, 0.271318256855011
0.637988254, 0.25860774517059326
0.640884548, 0.26639747619628906
0.642963888, 0.2952929735183716
0.644985738, 0.2844301462173462
0.647034764, 0.25880295038223267
0.649045119, 0.2580970525741577
0.651083952, 0.28086185455322266
0.653131523, 0.2889474630355835
0.655107041, 0.2754476070404053
0.657130348, 0.2701532244682312
0.659278295, 0.26231902837753296
0.661318622, 0.27850401401519775
0.663347386, 0.29571235179901123
0.665415754, 0.28478729724884033
0.667362218, 0.25497883558273315
0.66940044, 0.25940167903900146
0.671431449, 0.28037405014038086
0.673476706, 0.28448474407196045
0.67548243, 0.2756885886192322
0.677492463, 0.26464760303497314
0.679510885, 0.25887125730514526
0.681534075, 0.2802191376686096
0.683570431, 0.29251736402511597
0.685601364, 0.27492469549179077
0.687629813, 0.2547481656074524
0.689643972, 0.25091612339019775
0.691676978, 0.2659085988998413
0.69370681, 0.2796119451522827
0.695756289, 0.2663077712059021
0.697751025, 0.24828213453292847
0.699782967, 0.2481589913368225
0.70180418, 0.26512306928634644
0.703833519, 0.264479398727417
0.705875982, 0.2536858916282654
0.70788849, 0.23815590143203735
0.709984538, 0.253254771232605
0.711940672, 0.27069276571273804
0.71396755, 0.27313071489334106
0.721682918, 0.2680354714393616
0.724295443, 0.2742688059806824
0.726335486, 0.2628391981124878
0.728354538, 0.25381362438201904
0.730425916, 0.2597445845603943
0.732502541, 0.2796338200569153
0.734443147, 0.2808641195297241
0.736563768, 0.2767294645309448
0.738523941, 0.25324761867523193
0.740554686, 0.27050304412841797
0.742816184, 0.28748202323913574
0.744598825, 0.27637624740600586
0.746607879, 0.26389843225479126
0.748650609, 0.25857824087142944
0.750670199, 0.2722485065460205
0.752682503, 0.289608895778656
0.754701078, 0.27827614545822144
0.756757079, 0.2655019760131836
0.758879207, 0.2596960663795471
0.760838974, 0.26591479778289795
0.762889967, 0.2885335087776184
0.764851121, 0.2701326608657837
0.766867427, 0.2618257403373718
0.768915671, 0.25290799140930176
0.770923362, 0.2724776268005371
0.772962321, 0.27575719356536865
0.774982674, 0.27819645404815674
0.777031725, 0.2691986560821533
0.779037813, 0.2572207450866699
0.781125692, 0.27274757623672485
0.783245398, 0.2919297218322754
0.78526737, 0.2875412702560425
0.787379531, 0.26396292448043823
0.789341789, 0.26406508684158325
0.79141424, 0.27879446744918823
0.793390886, 0.29169440269470215
0.795407057, 0.2759195566177368
0.797567, 0.2710481882095337
0.799472958, 0.26912403106689453
0.801500382, 0.28538739681243896
0.803535088, 0.2965671420097351
0.80592075, 0.286480188369751
0.807957917, 0.2608545422554016
0.809981558, 0.2669576406478882
0.812012141, 0.27912139892578125
0.814037415, 0.2849907875061035
0.816046955, 0.28252989053726196
0.818074995, 0.2650384306907654
0.820214652, 0.2673146724700928
0.822171847, 0.2878950834274292
0.824251943, 0.2903217673301697
0.826242386, 0.26934701204299927
0.828287759, 0.2520214915275574
0.830297498, 0.26673489809036255
0.832326229, 0.2705917954444885
0.834322064, 0.2693774104118347
0.836350217, 0.2628418803215027
0.838381605, 0.24393433332443237
0.840450863, 0.25079160928726196
0.842734287, 0.2757134437561035
0.844682084, 0.27505552768707275
0.846707683, 0.261566698551178
0.849080312, 0.24650144577026367
0.850768092, 0.26194262504577637
0.852788746, 0.2735983729362488
0.854843001, 0.2690412402153015
0.856832835, 0.26156550645828247
0.858899093, 0.23355937004089355
0.86089901, 0.25660091638565063
0.862925018, 0.27655893564224243
0.864965892, 0.2700771689414978
0.866968262, 0.25347065925598145
0.869073309, 0.24824267625808716
0.871194646, 0.2739739418029785
0.87318182, 0.2759076952934265
0.87522878, 0.2643812298774719
0.877337662, 0.2599703073501587
0.879440542, 0.24568235874176025
0.881441758, 0.2614559531211853
0.883515572, 0.281582772731781
0.885472194, 0.2714197039604187
0.887515214, 0.2536934018135071
0.889560859, 0.2617931365966797
0.891587694, 0.2703515887260437
0.89359694, 0.27701878547668457
0.896009934, 0.2648318409919739
0.897983289, 0.2525414824485779
0.899995007, 0.24629950523376465
0.902056165, 0.2678748369216919
0.904073978, 0.28050392866134644
0.906149938, 0.2548946142196655
0.908148629, 0.24664968252182007
0.910146087, 0.2649921178817749
0.912197302, 0.27217280864715576
0.914224673, 0.26920920610427856
0.916240127, 0.2661712169647217
0.918295628, 0.2423936128616333
0.920324484, 0.24835222959518433
0.922351185, 0.2768329977989197
0.924342515, 0.27470827102661133
0.926364351, 0.2640705108642578
0.928921675, 0.25743240118026733
0.930865635, 0.27081602811813354
0.932898417, 0.2809099555015564
0.934917787, 0.27448344230651855
0.937062608, 0.2724759578704834
0.93910718, 0.252244234085083
0.941158268, 0.2654265761375427
0.943148267, 0.2903762459754944
0.945179811, 0.28203123807907104
0.947242855, 0.26270991563796997
0.949235102, 0.26619529724121094
0.951244566, 0.28523653745651245
0.953288678, 0.28879493474960327
0.955324223, 0.28902119398117065
0.957359501, 0.27523255348205566
0.959385765, 0.26095253229141235
0.961382537, 0.26749086380004883
0.963442144, 0.2814562916755676
0.965522585, 0.27479052543640137
0.967481897, 0.2601335048675537
0.969507429, 0.26649540662765503
0.971528434, 0.2809763550758362
0.973570933, 0.2883327603340149
0.975581502, 0.2853623032569885
0.977621502, 0.25695115327835083
0.979638927, 0.2590567469596863
0.981747106, 0.27572792768478394
0.983701692, 0.28174781799316406
0.985717668, 0.26274383068084717
0.987785382, 0.24364984035491943
0.989783881, 0.250510573387146
0.991796837, 0.26541250944137573
0.993840683, 0.27082425355911255
0.995861998, 0.2649044990539551
0.997874395, 0.25098806619644165
0.999907103, 0.25195491313934326
1.002431184, 0.2718362808227539
1.004889951, 0.262984037399292
1.007695286, 0.24702680110931396
1.009641556, 0.2506885528564453
1.011654602, 0.266141414642334
1.013780743, 0.2767098546028137
1.015769813, 0.26758623123168945
1.017763052, 0.2590727210044861
1.019843303, 0.2551734447479248
1.021890699, 0.27831071615219116
1.023923245, 0.2798921465873718
1.0258839260000001, 0.27400732040405273
1.027882635, 0.2598104476928711
1.029901465, 0.2597948908805847
1.03193116, 0.2810664772987366
1.033967354, 0.278830349445343
1.036980274, 0.27201300859451294
1.039878723, 0.25855451822280884
1.041840094, 0.2756383419036865
1.043842343, 0.28393644094467163
1.045868859, 0.26751071214675903
1.047909158, 0.24923956394195557
1.049941354, 0.256539523601532
1.051959705, 0.2756701111793518
1.054793439, 0.2797940969467163
1.057682325, 0.2562456727027893
1.05968684, 0.25470685958862305
1.061696128, 0.27364814281463623
1.0637717740000001, 0.2782352566719055
1.065804728, 0.2636406421661377
1.067830274, 0.2514260411262512
1.069877145, 0.24649578332901
1.071886814, 0.27213603258132935
1.073915151, 0.27830028533935547
1.075924283, 0.2677196264266968
1.077957814, 0.25128763914108276
1.079997397, 0.258364737033844
1.082057737, 0.2801783084869385
1.084056075, 0.28566908836364746
1.086073534, 0.2780640721321106
1.088089604, 0.25615227222442627
1.090138913, 0.26692891120910645
1.092233847, 0.2776545286178589
1.094276407, 0.28295159339904785
1.096282546, 0.2717440724372864
1.098264967, 0.26128125190734863
1.100382324, 0.26752758026123047
1.102312557, 0.29100900888442993
1.104510573, 0.290857195854187
1.106649787, 0.26955223083496094
1.108732347, 0.2571638226509094
1.111271854, 0.2698615789413452
1.113267238, 0.2812961935997009
1.115263078, 0.2692519426345825
1.117776047, 0.2692508101463318
1.119866165, 0.25756484270095825
1.121823896, 0.2779194712638855
1.123835377, 0.2802690267562866
1.125877808, 0.2705519199371338
1.127888148, 0.25300633907318115
1.129921649, 0.2510872483253479
1.131982918, 0.2734724283218384
1.133962884, 0.28132402896881104
1.135994044, 0.2637246251106262
1.138027752, 0.2582535147666931
1.140049163, 0.2606472969055176
1.142094448, 0.28291767835617065
1.144306918, 0.2851358652114868
1.146312579, 0.2665706276893616
1.1488396029999999, 0.24976062774658203
1.1503953359999999, 0.26386523246765137
1.152567394, 0.2743929624557495
1.15454093, 0.2796456217765808
1.15653764, 0.27500420808792114
1.158548927, 0.2564660906791687
1.160593183, 0.2656169533729553
1.1626096, 0.2886660695075989
1.164620845, 0.2787809371948242
1.166650024, 0.2642064094543457
1.168680016, 0.24257570505142212
1.170703615, 0.2674533724784851
1.172725381, 0.282564640045166
1.174776312, 0.27755463123321533
1.176779452, 0.262148380279541
1.178947817, 0.2608298659324646
1.18095564, 0.27001500129699707
1.18294916, 0.29403549432754517
1.185098633, 0.2745993137359619
1.1871006610000001, 0.2644367218017578
1.189153221, 0.26062095165252686
1.19115035, 0.2688286304473877
1.193215127, 0.27749574184417725
1.1952271859999999, 0.26611435413360596
1.197311624, 0.2509562373161316
1.199257515, 0.2548363208770752
1.201305119, 0.2637881636619568
1.203640646, 0.2731332778930664
1.2056462159999999, 0.2710992693901062
1.207690503, 0.2483261227607727
1.209711446, 0.25511109828948975
1.211727409, 0.26799410581588745
1.21375327, 0.2732584476470947
1.215779554, 0.26323771476745605
1.217850677, 0.2496538758277893
1.219845761, 0.2524222135543823
1.221850946, 0.27196204662323
1.223913585, 0.27730751037597656
1.225931189, 0.2752530574798584
1.22796553, 0.25643229484558105
1.229975548, 0.2571685314178467
1.231995043, 0.27916932106018066
1.234038595, 0.2763240337371826
1.2360563629999999, 0.2643783688545227
1.238435915, 0.26009875535964966
1.240507506, 0.2550129294395447
1.242499184, 0.2886578440666199
1.244516864, 0.2816629409790039
1.24655189, 0.27194881439208984
1.24893472, 0.25275713205337524
1.250892466, 0.2674749493598938
1.2529322999999999, 0.2790713310241699
1.254974391, 0.28009140491485596
1.2569975, 0.2636610269546509
1.259008262, 0.2607983946800232
1.261091934, 0.26452958583831787
1.263049513, 0.28074759244918823
1.265081158, 0.28381019830703735
1.267117518, 0.25795531272888184
1.269132551, 0.25659894943237305
1.271157436, 0.27482908964157104
1.273259264, 0.28150665760040283
1.275261651, 0.2722362279891968
1.277612539, 0.2594227194786072
1.280240486, 0.24955040216445923
1.282208427, 0.2802814841270447
1.284330257, 0.2774186134338379
1.286286766, 0.271923303604126
1.288318429, 0.257366418838501
1.290328121, 0.26635342836380005
1.292349484, 0.27924883365631104
1.294367842, 0.27649492025375366
1.296411512, 0.28105270862579346
1.298561045, 0.2564876675605774
1.300629114, 0.27119147777557373
1.302646519, 0.28539037704467773
1.304707154, 0.27962052822113037
1.306705665, 0.2695770263671875
1.308796698, 0.2595844864845276
1.310753302, 0.268437922000885
1.312815122, 0.27597761154174805
1.314845722, 0.27606916427612305
1.316918733, 0.2684309482574463
1.318862819, 0.26053106784820557
1.320895661, 0.2605803608894348
1.3229436190000001, 0.28457170724868774
1.324961415, 0.2800382971763611
1.327002503, 0.26391756534576416
1.329025231, 0.26192063093185425
1.331051521, 0.2718486785888672
1.333087834, 0.279350221157074
1.335254035, 0.2734736204147339
1.337363607, 0.259649395942688
1.339511885, 0.2513861656188965
1.341509898, 0.268191933631897
1.3435039930000001, 0.28965574502944946
1.34581065, 0.2786661982536316
1.347766931, 0.2574811577796936
1.349811243, 0.2517228126525879
1.351944955, 0.2755955457687378
1.353871286, 0.283454954624176
1.355926274, 0.26819586753845215
1.35795928, 0.2502351403236389
1.35997344, 0.2557638883590698
1.361983307, 0.26945799589157104
1.364004629, 0.27832645177841187
1.366043659, 0.2663803696632385
1.368064495, 0.25162339210510254
1.370094489, 0.25443387031555176
1.372142459, 0.2731601595878601
1.374142376, 0.27931904792785645
1.376163507, 0.268682062625885
1.378207038, 0.2552342414855957
1.380231868, 0.25422799587249756
1.382231596, 0.27749449014663696
1.384267054, 0.28053122758865356
1.386283769, 0.2681279182434082
1.3883259589999999, 0.2567759156227112
1.390382911, 0.2722017765045166
1.392375923, 0.2834170460700989
1.394411699, 0.2824510335922241
1.396449769, 0.27967238426208496
1.398530476, 0.263258695602417
1.400539978, 0.2565460801124573
1.402571268, 0.2827870845794678
1.404598939, 0.27371644973754883
1.406623021, 0.2662166953086853
1.408641286, 0.24646353721618652
1.410689309, 0.2714627981185913
1.412736825, 0.2889723777770996
1.4149178629999999, 0.2774331569671631
1.416941527, 0.275840699672699
1.419025185, 0.25472283363342285
1.42103602, 0.26522618532180786
1.42307178, 0.2835281491279602
1.425073174, 0.2681402564048767
1.427191817, 0.25957369804382324
1.429504925, 0.2574979066848755
1.43117911, 0.2731393575668335
1.433208279, 0.28517425060272217
1.435293283, 0.2832047939300537
1.437274958, 0.2715110778808594
1.440353458, 0.26000046730041504
1.443293438, 0.2916980981826782
1.445325551, 0.27086520195007324
1.447341705, 0.26130175590515137
1.4494357199999999, 0.26290684938430786
1.451428695, 0.2766813039779663
1.453410099, 0.279100239276886
1.455481963, 0.2806258201599121
1.457456862, 0.2656964659690857
1.459493346, 0.2605651021003723
1.46152721, 0.28519201278686523
1.463531753, 0.28574448823928833
1.465573223, 0.2726329565048218
1.467607787, 0.2597616910934448
1.46975549, 0.25842541456222534
1.471659549, 0.2677308917045593
1.473666348, 0.27914488315582275
1.475721688, 0.2632114887237549
1.4777961290000001, 0.26107317209243774
1.479818684, 0.25380241870880127
1.481837573, 0.275065541267395
