0.068538642, 0.8710672855377197
0.070586431, 0.8655203580856323
0.07259777, 0.8696969747543335
0.074618484, 0.8518877029418945
0.078142279, 0.8615010976791382
0.080150256, 0.8724668025970459
0.082161781, 0.8937803506851196
0.084255979, 0.8910807371139526
0.086216143, 0.8775843381881714
0.088332834, 0.8728601932525635
0.090275583, 0.8755369186401367
0.092266403, 0.8684560060501099
0.094297518, 0.8614538908004761
0.096391296, 0.8565542697906494
0.098345128, 0.8590925931930542
0.100367909, 0.8818107843399048
0.102387319, 0.882936954498291
0.104401386, 0.8806278705596924
0.106431141, 0.8666329383850098
0.108482118, 0.8787415027618408
0.110497535, 0.8749982118606567
0.112520616, 0.8750423192977905
0.11455006, 0.8665788173675537
0.116582041, 0.8564848899841309
0.118607902, 0.8570890426635742
0.120633895, 0.8780480623245239
0.12267526, 0.8986490964889526
0.124677854, 0.8925844430923462
0.126726754, 0.8699910640716553
0.128728347, 0.8750451803207397
0.130745389, 0.8803532123565674
0.132771596, 0.8760489225387573
0.134820262, 0.8783866167068481
0.13684007, 0.8688403367996216
0.138896679, 0.8706103563308716
0.141202122, 0.8898847103118896
0.143326044, 0.8910108804702759
0.145335536, 0.8750512599945068
0.147349256, 0.8715029954910278
0.149385486, 0.8615214824676514
0.151482459, 0.875882625579834
0.153490669, 0.8753176927566528
0.155508806, 0.8586176633834839
0.157570901, 0.8687117099761963
0.159633505, 0.8723263740539551
0.161607507, 0.8882595300674438
0.163617443, 0.8909056186676025
0.165664545, 0.8781943321228027
0.167676219, 0.8707494735717773
0.169685213, 0.8670793771743774
0.171744474, 0.8708806037902832
0.17376664, 0.8718340396881104
0.175804131, 0.855728030204773
0.177804012, 0.8576619625091553
0.180169935, 0.8652042150497437
0.182134095, 0.8900569677352905
0.18418068, 0.8910354375839233
0.186215522, 0.8720449209213257
0.188397283, 0.8721733093261719
0.190355583, 0.8757675886154175
0.192376092, 0.8655002117156982
0.194404764, 0.8781540393829346
0.19644629, 0.8576158285140991
0.198456673, 0.8650088310241699
0.200495446, 0.8840408325195312
0.202491834, 0.8933738470077515
0.204632845, 0.8947043418884277
0.206711902, 0.8843914270401001
0.208654355, 0.8780890703201294
0.210849991, 0.8735178709030151
0.212852909, 0.873747706413269
0.214884695, 0.8670107126235962
0.216899344, 0.8646761178970337
0.218934228, 0.8781706094741821
0.220991188, 0.8970178365707397
0.223019607, 0.8943002223968506
0.225043338, 0.8873610496520996
0.227084228, 0.8773818016052246
0.229777959, 0.8722808361053467
0.231806033, 0.8831009864807129
0.233817443, 0.8767482042312622
0.235856335, 0.8705041408538818
0.238078962, 0.8641983270645142
0.239970188, 0.8754550218582153
0.242010876, 0.8851313591003418
0.244041703, 0.9024949073791504
0.246091689, 0.8834618330001831
0.248110893, 0.8793648481369019
0.250148819, 0.8771370649337769
0.252159703, 0.8853687047958374
0.254159713, 0.8681697845458984
0.256167883, 0.8670376539230347
0.258343766, 0.8648642301559448
0.260234021, 0.8853665590286255
0.262252881, 0.8904218673706055
0.264290414, 0.8855129480361938
0.266325795, 0.8856716156005859
0.268345184, 0.8757444620132446
0.270351079, 0.8913582563400269
0.27240466, 0.8795046806335449
0.274449402, 0.8770259618759155
0.27642579, 0.8739473819732666
0.27846009, 0.8735204935073853
0.280564347, 0.8804686069488525
0.28250872, 0.9006884098052979
0.284542954, 0.8854978084564209
0.286556326, 0.8858684301376343
0.288587278, 0.8741418123245239
0.290618427, 0.874374270439148
0.292636091, 0.8793355226516724
0.294652764, 0.8741974830627441
0.296678212, 0.8700432777404785
0.298745658, 0.8730247020721436
0.300744705, 0.8943896293640137
0.302806205, 0.8970624208450317
0.304796548, 0.8875895738601685
0.306879592, 0.8786406517028809
0.30899109, 0.8705252408981323
0.311013677, 0.867870569229126
0.313050189, 0.8750873804092407
0.315056486, 0.8603721857070923
0.317085238, 0.8667615652084351
0.319117799, 0.8580689430236816
0.321148026, 0.8886944055557251
0.323147516, 0.9047888517379761
0.325181012, 0.8875235319137573
0.327213315, 0.8739355802536011
0.329261211, 0.8884469270706177
0.331278194, 0.8884090185165405
0.333279897, 0.8764731884002686
0.335323531, 0.8683153390884399
0.337359364, 0.8603802919387817
0.339367782, 0.8742787837982178
0.341383721, 0.8918311595916748
0.343450037, 0.8981000185012817
0.345451996, 0.8841418027877808
0.347466582, 0.8812465667724609
0.349523611, 0.8703106641769409
0.351529955, 0.8715274333953857
0.353562341, 0.8829401731491089
0.35557647, 0.8699948787689209
0.357718237, 0.8581787347793579
0.35980291, 0.8767032623291016
0.361804444, 0.8921852111816406
0.363822098, 0.8978102207183838
0.365895358, 0.8839631080627441
0.367898372, 0.8631753921508789
0.369921831, 0.8776670694351196
0.371924141, 0.877592921257019
0.373966224, 0.8685646057128906
0.375977056, 0.866459846496582
0.378007528, 0.8508623838424683
0.380081218, 0.8783115148544312
0.382065111, 0.8865363597869873
0.384114615, 0.8819582462310791
0.38613376, 0.8689025640487671
0.38819274, 0.8760294914245605
0.390199627, 0.8766180276870728
0.392200716, 0.8764157295227051
0.39425357, 0.879743218421936
0.396251595, 0.8634089231491089
0.39828339, 0.8754223585128784
0.400302996, 0.8802367448806763
0.402365221, 0.9032374620437622
0.406539287, 0.8810383081436157
0.409074931, 0.8675644397735596
0.410451832, 0.8759781122207642
0.412593768, 0.8748823404312134
0.414495615, 0.8740226030349731
0.416509471, 0.8584684133529663
0.418606991, 0.8611592054367065
0.420608897, 0.8779363632202148
0.422619695, 0.8883548974990845
0.424597588, 0.8882646560668945
0.426634185, 0.8661996126174927
0.428989803, 0.8766913414001465
0.430697032, 0.8832950592041016
0.432728974, 0.8737548589706421
0.434753655, 0.8723853826522827
0.436770865, 0.8695987462997437
0.440559582, 0.8629094362258911
0.442783583, 0.8994537591934204
0.444795559, 0.8907884359359741
0.446819995, 0.8764846324920654
0.448896192, 0.8565988540649414
0.450896542, 0.8628160953521729
0.452946145, 0.8695920705795288
0.454957909, 0.8612638711929321
0.457012364, 0.8499486446380615
0.458998855, 0.8730028867721558
0.461028957, 0.8854480981826782
0.463071838, 0.8902249336242676
0.465095937, 0.8880460262298584
0.467099899, 0.8777101039886475
0.469146819, 0.881710410118103
0.471166759, 0.8789362907409668
0.473285467, 0.8711881637573242
0.475216393, 0.8663512468338013
0.477266509, 0.8643946647644043
0.479291548, 0.8731770515441895
0.48129925, 0.8874998092651367
0.48335626, 0.8922913074493408
0.485341168, 0.8870164155960083
0.487386781, 0.8854131698608398
0.489397188, 0.8805400133132935
0.49146932, 0.8828353881835938
0.493446693, 0.8722132444381714
0.495471588, 0.8687319755554199
0.497529107, 0.8647326231002808
0.499529684, 0.8774033784866333
0.501552783, 0.8898141384124756
0.503598771, 0.9042434692382812
0.505603114, 0.8763778209686279
0.507643343, 0.8617033958435059
0.509762028, 0.8636472225189209
0.51177141, 0.8736225366592407
0.513824916, 0.8701789379119873
0.515832199, 0.8549681901931763
0.51793329, 0.8559895753860474
0.519884766, 0.8923240900039673
0.521904263, 0.8936026096343994
0.52393027, 0.8898504972457886
0.525969641, 0.880807638168335
0.527985381, 0.866970419883728
0.530147277, 0.8643347024917603
0.532129674, 0.8670960664749146
0.534128819, 0.8590142726898193
0.536260325, 0.8523564338684082
0.538310613, 0.8655203580856323
0.540328754, 0.8831163644790649
0.54234085, 0.8845510482788086
0.544399711, 0.8820992708206177
0.546430359, 0.8674924373626709
0.548570825, 0.8646402359008789
0.551123363, 0.8771274089813232
0.553029396, 0.8799353837966919
0.555027673, 0.8533279895782471
0.557101459, 0.8745836019515991
0.559101829, 0.8709590435028076
0.561104611, 0.8811776638031006
0.563147331, 0.8868848085403442
0.56515989, 0.8777706623077393
0.567177252, 0.8731051683425903
0.569206197, 0.8627456426620483
0.571250524, 0.8667380809783936
0.573272509, 0.8639538288116455
0.575595195, 0.8628859519958496
0.577652821, 0.8536974191665649
0.579715712, 0.8729990720748901
0.581750194, 0.87799072265625
0.583756647, 0.8810690641403198
0.585830708, 0.8700193166732788
0.587824398, 0.8747740983963013
0.589935343, 0.8744232654571533
0.591891469, 0.862268328666687
0.593906438, 0.87233567237854
0.596015939, 0.8603522777557373
0.598016095, 0.8618662357330322
0.600064646, 0.8732277154922485
0.602169945, 0.8842328786849976
0.604108292, 0.8853288888931274
0.60619516, 0.8671392202377319
0.608172181, 0.8664305210113525
0.610397397, 0.8700878620147705
0.612325858, 0.8756241798400879
0.614324025, 0.8677165508270264
0.616344407, 0.8602930307388306
0.618365919, 0.8769372701644897
0.620609711, 0.8885536193847656
0.622639422, 0.8942487239837646
0.624670585, 0.8833569288253784
0.62667478, 0.874138593673706
0.628721443, 0.8790521621704102
0.630847412, 0.8836967945098877
0.632886165, 0.8729432821273804
0.634872634, 0.8709656000137329
0.637219787, 0.8726820945739746
0.639135847, 0.8570501804351807
0.641194623, 0.8847572803497314
0.643213223, 0.8913755416870117
0.645268482, 0.8801093101501465
0.647227739, 0.8664953708648682
0.649295431, 0.86834716796875
0.651315221, 0.8747831583023071
0.653367271, 0.8692002296447754
0.655346732, 0.8548756837844849
0.65737483, 0.8664451837539673
0.659393961, 0.8672746419906616
0.661452668, 0.8763070106506348
0.663548254, 0.8885663747787476
0.665541374, 0.862943172454834
0.667573337, 0.8706358671188354
0.669607508, 0.8773180246353149
0.671623351, 0.8725323677062988
0.673644476, 0.8671845197677612
0.675650307, 0.8549035787582397
0.677711192, 0.8634458780288696
0.679709128, 0.8702982664108276
0.682203634, 0.8878600597381592
0.684196035, 0.8954808712005615
0.686224483, 0.8759853839874268
0.688282431, 0.8730708360671997
0.690566756, 0.8784598112106323
0.692654155, 0.8718998432159424
0.69470865, 0.8700453042984009
0.696718134, 0.8608715534210205
0.698725777, 0.8674471378326416
0.7007436, 0.8877636194229126
0.702782902, 0.887484073638916
0.704800311, 0.8840389251708984
0.706841562, 0.8765333890914917
0.70891988, 0.8785032033920288
0.710906726, 0.8739444017410278
0.712929313, 0.8709826469421387
0.714936968, 0.8727521896362305
0.716971919, 0.8643697500228882
0.71899562, 0.8748027086257935
0.721030014, 0.8850255012512207
0.723029872, 0.8821594715118408
0.725074981, 0.8776990175247192
0.727152315, 0.8746029138565063
0.729152637, 0.8657910823822021
0.731178094, 0.870361328125
0.733314588, 0.8755499124526978
0.735278958, 0.8743902444839478
0.737318282, 0.8553862571716309
0.739370805, 0.8609781265258789
0.741542526, 0.8731709718704224
0.743418217, 0.8827564716339111
0.745469513, 0.8772869110107422
0.747470855, 0.8704997301101685
0.74964289, 0.8633968830108643
0.751695801, 0.8538564443588257
0.753657604, 0.8672716617584229
0.755698432, 0.8603209257125854
0.759418978, 0.8560225963592529
0.761389861, 0.8829700946807861
0.763392188, 0.8824433088302612
0.765474181, 0.8829532861709595
0.767501393, 0.8721311092376709
0.769547992, 0.8612996339797974
0.771632046, 0.8654897212982178
0.773739057, 0.8760020732879639
0.775757076, 0.8590995073318481
0.777760663, 0.8602331876754761
0.779814394, 0.8711105585098267
0.781837762, 0.8941020965576172
0.783877422, 0.8910495042800903
0.785953377, 0.8686833381652832
0.787956237, 0.8708440065383911
0.790058777, 0.8707898855209351
0.792221143, 0.8593107461929321
0.794306949, 0.8681364059448242
0.796365893, 0.8627138137817383
0.798431309, 0.8552829027175903
0.800441782, 0.886451005935669
0.802451035, 0.887758731842041
0.804482895, 0.8862252235412598
0.806534245, 0.8675845861434937
0.80854135, 0.8748233318328857
0.81054546, 0.8743937015533447
0.812573901, 0.8751654624938965
0.814595368, 0.8756459951400757
0.816630247, 0.8628528118133545
0.818695351, 0.8681514263153076
0.820680858, 0.8867061138153076
0.822705097, 0.8834577798843384
0.824726366, 0.8753085136413574
0.826746876, 0.872721791267395
0.828771484, 0.8602211475372314
0.830795911, 0.8678536415100098
0.832827574, 0.8737680912017822
0.8348492, 0.8731000423431396
0.836914256, 0.8745769262313843
0.838911341, 0.8665996789932251
0.840944213, 0.8820867538452148
0.84298812, 0.894317626953125
0.845010499, 0.8836824893951416
0.847042619, 0.875182032585144
0.849040851, 0.8804670572280884
0.851062962, 0.8717654943466187
0.853085704, 0.8665741682052612
0.855126799, 0.8649122714996338
0.857375859, 0.8625651597976685
0.860437506, 0.8682299852371216
0.862455759, 0.8835601806640625
0.864485351, 0.8823151588439941
0.866516971, 0.8696085214614868
0.868535156, 0.8677432537078857
0.870571767, 0.8794777393341064
0.872586973, 0.870031476020813
0.874612419, 0.8643639087677002
0.876643323, 0.8650928735733032
0.878659444, 0.8615320920944214
0.880677821, 0.8694261312484741
0.882717409, 0.8859275579452515
0.88474772, 0.8814576864242554
0.886758607, 0.870316743850708
0.888776317, 0.8757996559143066
0.890824301, 0.8765255212783813
0.892869273, 0.880678653717041
0.894917345, 0.8772889375686646
0.896943906, 0.8761265277862549
0.898967806, 0.8685944080352783
0.90099355, 0.8844388723373413
0.903042265, 0.8889211416244507
0.905049052, 0.8754194974899292
0.907092042, 0.8702371120452881
0.909180218, 0.8786031007766724
0.911164808, 0.8714579343795776
0.913157535, 0.8664889335632324
0.915220098, 0.87339186668396
0.917214049, 0.8693541288375854
0.919232993, 0.8693909645080566
0.921271843, 0.8752385377883911
0.923278668, 0.8993085622787476
0.925301117, 0.8891832828521729
0.927358444, 0.8781610727310181
0.929389238, 0.8684426546096802
0.931385197, 0.878461480140686
0.933409016, 0.8823666572570801
0.935434843, 0.8652993440628052
0.937461015, 0.8626134395599365
0.939502822, 0.8669067621231079
0.941520731, 0.8876321315765381
0.943550834, 0.8923226594924927
0.945582891, 0.8699666261672974
0.947606458, 0.8758448362350464
0.949603919, 0.866053581237793
0.952195286, 0.8662660121917725
0.954153976, 0.8628565073013306
0.956206916, 0.8617926836013794
0.958210859, 0.8643052577972412
0.960284091, 0.868390679359436
0.962631162, 0.8930627107620239
0.964718552, 0.8809539079666138
0.966860705, 0.8666325807571411
0.968807072, 0.8695635795593262
0.970860035, 0.8648377656936646
0.972859863, 0.8642287254333496
0.974912606, 0.855262041091919
0.976927085, 0.8602612018585205
0.978962762, 0.859020471572876
0.981024313, 0.8737516403198242
0.983039392, 0.8914628028869629
0.985055391, 0.8808140754699707
0.987164968, 0.8767683506011963
0.989258776, 0.8686197996139526
0.991400235, 0.8752220869064331
0.993407143, 0.8745115995407104
0.995425924, 0.8591207265853882
0.997486272, 0.8593547344207764
0.999486606, 0.8664097785949707
1.00151125, 0.8907097578048706
1.003548064, 0.8863884210586548
1.005568021, 0.8711472749710083
1.007600843, 0.8693041801452637
1.010397938, 0.8755261898040771
1.012799271, 0.8622869253158569
1.014794232, 0.8667761087417603
1.01683036, 0.8544836044311523
1.01887451, 0.8609272241592407
1.021046786, 0.8752957582473755
1.023392628, 0.8857227563858032
1.025344151, 0.8673820495605469
1.027423205, 0.8735991716384888
1.02938615, 0.857840895652771
1.031407929, 0.8626470565795898
1.033455035, 0.8682451248168945
1.035694, 0.8561522960662842
1.037633791, 0.8622035980224609
1.039679257, 0.870330810546875
1.041692575, 0.8817009925842285
1.043720467, 0.8925740718841553
1.045760286, 0.8750221729278564
1.047834729, 0.8740588426589966
1.049903734, 0.8845596313476562
1.051889079, 0.8584579229354858
1.053917903, 0.8641870021820068
1.05597332, 0.8645111322402954
1.057998338, 0.8574889898300171
1.059995046, 0.8797515630722046
1.061990205, 0.8903185129165649
1.064024579, 0.8832215070724487
1.066078842, 0.8676732778549194
1.068120987, 0.8737069368362427
1.070144529, 0.8793994188308716
1.072232586, 0.8763052225112915
1.0742097, 0.8668301105499268
1.076232789, 0.864192008972168
1.0782547, 0.871719241142273
1.080350599, 0.8820725679397583
1.08233543, 0.885514497756958
1.084523943, 0.8892385959625244
1.08643461, 0.8714039325714111
1.088664921, 0.8640803098678589
1.0906860250000001, 0.8785632848739624
1.092773173, 0.8808844089508057
1.094773981, 0.8806827068328857
1.0971442869999999, 0.8671224117279053
1.09910272, 0.8713971376419067
1.101226497, 0.8830052614212036
1.103228527, 0.8936294317245483
1.105312187, 0.8809113502502441
1.107342469, 0.8746465444564819
1.109480287, 0.8662232160568237
1.111588988, 0.8671529293060303
1.113864773, 0.8720409870147705
1.115891239, 0.8559709787368774
1.118000104, 0.8620027303695679
1.119933836, 0.884297251701355
1.121969249, 0.8944705724716187
1.124014018, 0.8849408626556396
1.128607042, 0.8765385150909424
1.131324701, 0.8644582033157349
1.133395839, 0.881922721862793
1.135475622, 0.8617687225341797
1.13745156, 0.8734350204467773
1.139476987, 0.877941370010376
1.141511234, 0.8934671878814697
1.143515795, 0.906794548034668
1.145544939, 0.8816115856170654
1.147562421, 0.8778982162475586
1.149659276, 0.8786888122558594
1.151690744, 0.8761506080627441
1.153727369, 0.8635270595550537
1.155723643, 0.8574444055557251
1.157755189, 0.8541632890701294
1.15979547, 0.8732699155807495
1.161803071, 0.8817812204360962
1.164092044, 0.8848822116851807
1.166080773, 0.8829915523529053
1.168110282, 0.877172589302063
1.170362201, 0.8839279413223267
1.172192355, 0.8854742050170898
1.174178322, 0.8791943788528442
1.176231597, 0.867340087890625
1.178270797, 0.873427152633667
1.180354229, 0.8931010961532593
1.18246247, 0.8862994909286499
1.184506014, 0.8853037357330322
1.1865506670000001, 0.884324312210083
1.18858095, 0.8662581443786621
1.191165437, 0.8843374252319336
1.193167234, 0.879438042640686
1.195243231, 0.8680378198623657
1.197279928, 0.8672717809677124
1.199280827, 0.884028434753418
1.20131234, 0.885944128036499
1.203319626, 0.8796801567077637
1.205337199, 0.8776438236236572
1.20739075, 0.8632073402404785
1.209504377, 0.8636026382446289
1.211994278, 0.8705663681030273
1.214170467, 0.8583786487579346
1.216197642, 0.8662797212600708
1.218225127, 0.8699997663497925
1.220396811, 0.8874306678771973
1.222366421, 0.8880387544631958
1.224393359, 0.8916943073272705
1.226466871, 0.8872189521789551
1.228503725, 0.8679757118225098
1.230480753, 0.8718647956848145
1.232510191, 0.8747872114181519
1.234533195, 0.8680007457733154
1.236562178, 0.8590444326400757
1.23860133, 0.8777586221694946
1.240603312, 0.8841320276260376
1.242643123, 0.8954544067382812
1.244654676, 0.897057294845581
1.246679297, 0.8761582374572754
1.248714505, 0.8589708805084229
1.250744984, 0.874767541885376
1.25279221, 0.8757423162460327
1.254784615, 0.8733482360839844
1.256818012, 0.8566826581954956
1.258869126, 0.8602532148361206
1.260879401, 0.8903478384017944
1.262889252, 0.891472339630127
1.264917456, 0.8788899183273315
1.266949215, 0.8642795085906982
1.2689724660000001, 0.8603923320770264
1.270981063, 0.8733458518981934
1.273011012, 0.8705002069473267
1.2750319, 0.8678672313690186
1.277103722, 0.8619416952133179
1.279088727, 0.8587390184402466
1.281146753, 0.8850291967391968
1.283201902, 0.8916807174682617
1.285195115, 0.8730891942977905
1.287200019, 0.8780937194824219
1.289241451, 0.8629337549209595
1.2912623, 0.8729469776153564
1.293307147, 0.8775968551635742
1.295363226, 0.8562082052230835
1.2973802669999999, 0.8564134836196899
1.299437478, 0.8694850206375122
1.301468062, 0.8813556432723999
1.3034797120000001, 0.9012637138366699
1.305485045, 0.8838835954666138
1.307497865, 0.8732647895812988
1.309537691, 0.8682901859283447
1.31158265, 0.8827527761459351
1.313574013, 0.8897113800048828
1.315644383, 0.8543944358825684
1.317656466, 0.8566583395004272
1.319859314, 0.8761003017425537
1.321671817, 0.8883446455001831
1.323734678, 0.8953953981399536
1.325727543, 0.8719847202301025
1.327773949, 0.8734341859817505
1.329815177, 0.8754875659942627
1.331847928, 0.8687875270843506
1.333830457, 0.8644393682479858
1.33588775, 0.8572008609771729
1.3378936430000001, 0.8628267049789429
1.339902875, 0.8739690780639648
1.341949488, 0.8883591890335083
1.344234084, 0.8903012275695801
1.345994382, 0.8688896894454956
1.348585794, 0.869525671005249
1.350087839, 0.8782793283462524
1.352110885, 0.8807997703552246
1.354170497, 0.8634911775588989
1.356153833, 0.8525383472442627
1.358171917, 0.8604689836502075
1.3602204580000001, 0.8844007253646851
1.362235433, 0.8815325498580933
1.364287605, 0.8924936056137085
1.366338253, 0.8781393766403198
1.368594504, 0.8740170001983643
1.370339215, 0.8743934631347656
1.372380827, 0.8836278915405273
1.375352358, 0.8623710870742798
