0.100646815, 0.049864936619997025
0.102623813, 0.057174429297447205
0.104680105, 0.04062111675739288
0.106671306, 0.02693844959139824
0.108831678, 0.0312319565564394
0.110884729, 0.03904915601015091
0.113028134, 0.04035797342658043
0.115333869, 0.0320323184132576
0.11731833, 0.024682974442839622
0.119366805, 0.04341886565089226
0.121361862, 0.057134535163640976
0.123386821, 0.04156805947422981
0.125448053, 0.021080508828163147
0.127444701, 0.021334096789360046
0.12946478, 0.02770375646650791
0.131514947, 0.02926839515566826
0.13350719, 0.02006128802895546
0.13553623, 0.011907923966646194
0.137580429, 0.007102612406015396
0.139628031, 0.028176849707961082
0.141620226, 0.04484039545059204
0.14366283, 0.026029471307992935
0.145663329, 0.008487269282341003
0.147703733, 0.011800989508628845
0.149777048, 0.024099692702293396
0.151745361, 0.026174981147050858
0.153777678, 0.01602178066968918
0.15579944, 0.006593823432922363
0.157842852, 0.007065575569868088
0.159874143, 0.03472859412431717
0.161883476, 0.048445865511894226
0.163917308, 0.03319723904132843
0.165948309, 0.025120077654719353
0.167950807, 0.0350886806845665
0.169978249, 0.03548858314752579
0.172028348, 0.03908807411789894
0.174044537, 0.03072229027748108
0.176051919, 0.028319645673036575
0.178080985, 0.02730303257703781
0.180103168, 0.0437452457845211
0.182140273, 0.049815256148576736
0.18415653, 0.040436334908008575
0.186242002, 0.03224989026784897
0.188518459, 0.036580733954906464
0.190538804, 0.03599681705236435
0.192571507, 0.03574318066239357
0.194631146, 0.029088210314512253
0.196639095, 0.02144363895058632
0.198663622, 0.019916197285056114
0.200675455, 0.040732771158218384
0.202702798, 0.0425826720893383
0.204741583, 0.028029467910528183
0.206735447, 0.022463003173470497
0.2088005, 0.02144348993897438
0.210814381, 0.026065735146403313
0.212830261, 0.02097073756158352
0.214856057, 0.020971329882740974
0.216865133, 0.011401265859603882
0.218895316, 0.016750171780586243
0.220953942, 0.035019565373659134
0.22293948, 0.038838278502225876
0.224987187, 0.029122015461325645
0.226999518, 0.02133469097316265
0.229028837, 0.021989580243825912
0.231075841, 0.031342796981334686
0.233124788, 0.030212562531232834
0.235130093, 0.024173490703105927
0.23724436, 0.016168054193258286
0.239250155, 0.0222446508705616
0.24126201, 0.04640747606754303
0.243277963, 0.04524344205856323
0.245307302, 0.029340410605072975
0.247359929, 0.022063354030251503
0.249383889, 0.03374452143907547
0.25137121, 0.04010970517992973
0.253406336, 0.03770508989691734
0.255788162, 0.023662937805056572
0.257438566, 0.017841536551713943
0.259495709, 0.035161472856998444
0.2615045, 0.05382554978132248
0.263529524, 0.04353020712733269
0.265581953, 0.024028176441788673
0.267600684, 0.018932007253170013
0.269645028, 0.030614307150244713
0.271630246, 0.038801368325948715
0.273652586, 0.036295048892498016
0.275686878, 0.025957681238651276
0.277732219, 0.011691469699144363
0.279747011, 0.039754532277584076
0.281801857, 0.052813369780778885
0.283834915, 0.04233293980360031
0.285825186, 0.029161518439650536
0.287864571, 0.02573828585445881
0.289873742, 0.034251946955919266
0.293837016, 0.03596419841051102
0.29585658, 0.020134229212999344
0.297864394, 0.013037461787462234
0.299942694, 0.03480503335595131
0.301951751, 0.05008263513445854
0.303948125, 0.03803890943527222
0.305984073, 0.021554166451096535
0.308009689, 0.01886054500937462
0.310023097, 0.023846104741096497
0.312056994, 0.031632669270038605
0.314076401, 0.02530289627611637
0.316454462, 0.013256102800369263
0.318159986, 0.015038169920444489
0.32058369, 0.03560248017311096
0.322587885, 0.052150871604681015
0.32463471, 0.025085700675845146
0.326632551, 0.026065954938530922
0.32869167, 0.03669219836592674
0.330715261, 0.04047546908259392
0.3327677, 0.03927290067076683
0.334808749, 0.03087044321000576
0.336799874, 0.023227673023939133
0.338789772, 0.03712959587574005
0.34085398, 0.0572153702378273
0.342861716, 0.05011282488703728
0.344876821, 0.03818034380674362
0.346903019, 0.034620918333530426
0.348942756, 0.0401112362742424
0.350945127, 0.0412401482462883
0.352991323, 0.03927445784211159
0.355028342, 0.02926839515566826
0.357025747, 0.02206294611096382
0.359052535, 0.03210637718439102
0.361123836, 0.0414634644985199
0.363142996, 0.03148876130580902
0.365134611, 0.018532883375883102
0.367164899, 0.01918753795325756
0.369180472, 0.019332915544509888
0.371241241, 0.024756930768489838
0.373236806, 0.014310017228126526
0.375289646, 0.007835708558559418
0.377288273, 0.011470682919025421
0.379334011, 0.023554889485239983
0.38134066, 0.036005109548568726
0.383405298, 0.027266358956694603
0.385410178, 0.020061172544956207
0.387450048, 0.018860256299376488
0.389471251, 0.02439090609550476
0.391501187, 0.03243448585271835
0.393530924, 0.026832031086087227
0.3965294, 0.024536726996302605
0.398500561, 0.020644010975956917
0.400533553, 0.04633384570479393
0.402594113, 0.05197625979781151
0.404572278, 0.03254612535238266
0.406609327, 0.029233384877443314
0.408637086, 0.03047220967710018
0.410658403, 0.03920779749751091
0.412671983, 0.048262059688568115
0.414702022, 0.0403662733733654
0.416744528, 0.027849799022078514
0.418800313, 0.03254605457186699
0.420820637, 0.049356624484062195
0.422833356, 0.0482645183801651
0.425323797, 0.037057459354400635
0.426943046, 0.024902161210775375
0.428925062, 0.026504777371883392
0.43094475, 0.03589261323213577
0.43298007, 0.03571236506104469
0.435010269, 0.022427022457122803
0.43701422, 0.018897660076618195
0.439175457, 0.02577468380331993
0.442080273, 0.04483982175588608
0.44407975, 0.030648373067378998
0.446144927, 0.025083351880311966
0.448176763, 0.021880745887756348
0.450162599, 0.024975668638944626
0.452192166, 0.027448946610093117
0.454222782, 0.030214978381991386
0.456279435, 0.01572948321700096
0.458335863, 0.016239836812019348
0.460369754, 0.03505750745534897
0.462405712, 0.04582373425364494
0.464439634, 0.0347617045044899
0.466450011, 0.030176658183336258
0.468498965, 0.030216913670301437
0.470510261, 0.03516383469104767
0.472551104, 0.04174889996647835
0.474563613, 0.03508976101875305
0.476573752, 0.024100350216031075
0.478677217, 0.02533920481801033
0.480699189, 0.04983203113079071
0.482736339, 0.052372243255376816
0.484782169, 0.03836498409509659
0.487529396, 0.03501950204372406
0.489478688, 0.044370509684085846
0.491605552, 0.0470244474709034
0.493608064, 0.03672707825899124
0.495580071, 0.023773446679115295
0.497631514, 0.011142883449792862
0.499613051, 0.03563590720295906
0.50163128, 0.047210536897182465
0.503669586, 0.030943550169467926
0.50569893, 0.01875114068388939
0.507743185, 0.018314581364393234
0.509745354, 0.025738297030329704
0.511773244, 0.02821430191397667
0.513804246, 0.015112467110157013
0.51594646, 0.004119060933589935
0.518059577, 0.00462915375828743
0.520056586, 0.025411371141672134
0.522087334, 0.03298015147447586
0.524173831, 0.014491446316242218
0.526109684, 0.010815747082233429
0.528198882, 0.013182379305362701
0.530195824, 0.025191927328705788
0.532219908, 0.030250970274209976
0.534295415, 0.027958661317825317
0.536286333, 0.01926029659807682
0.538302624, 0.02646845392882824
0.540363815, 0.047542471438646317
0.542363735, 0.05165208503603935
0.544363254, 0.04418649524450302
0.546400754, 0.03760337829589844
0.548480926, 0.03923724964261055
0.550494683, 0.0352761372923851
0.552524375, 0.037055838853120804
0.55456759, 0.028431210666894913
0.55656902, 0.021735675632953644
0.558586868, 0.030360959470272064
0.560648176, 0.04524868726730347
0.562676349, 0.04506654292345047
0.56468024, 0.03571122884750366
0.566687307, 0.02945026382803917
0.568750365, 0.03159503638744354
0.57073371, 0.025920797139406204
0.572765659, 0.029630213975906372
0.57480562, 0.02006143517792225
0.576872129, 0.014819901436567307
0.578840348, 0.01889626681804657
0.580865076, 0.033672988414764404
0.582891947, 0.04171574488282204
0.58497016, 0.03156239166855812
0.586954053, 0.029234154149889946
0.588955859, 0.030723661184310913
0.591011833, 0.029342923313379288
0.593051413, 0.025593334808945656
0.595061102, 0.019915297627449036
0.597067371, 0.013108178973197937
0.59914937, 0.018642231822013855
0.601196063, 0.03866156190633774
0.60315216, 0.03724118322134018
0.605217548, 0.025883439928293228
0.607470994, 0.02253604307770729
0.609457506, 0.025666506960988045
0.611497247, 0.025012196972966194
0.613498075, 0.02570199966430664
0.615523441, 0.018059439957141876
0.617543881, 0.004043947905302048
0.619586758, 0.02417299896478653
0.62159123, 0.046373363584280014
0.627480066, 0.025120321661233902
0.629568458, 0.02934168465435505
0.631525646, 0.03570888936519623
0.633570244, 0.033527079969644547
0.635561104, 0.024537838995456696
0.637619658, 0.010563571006059647
0.63975012, 0.032067812979221344
0.641872644, 0.05215086415410042
0.643868875, 0.03960070013999939
0.645881556, 0.03134109824895859
0.647909394, 0.032435014843940735
0.649965592, 0.028795018792152405
0.651982845, 0.03414527326822281
0.654028432, 0.033414170145988464
0.656041018, 0.017877060920000076
0.658175641, 0.011800315231084824
0.660209596, 0.03334474563598633
0.662755635, 0.045852746814489365
0.664770613, 0.02158873714506626
0.666811429, 0.0177331380546093
0.668827305, 0.019880129024386406
0.670876648, 0.02220912277698517
0.672885567, 0.014094125479459763
0.676586045, 0.008268926292657852
0.678618997, 0.01212785392999649
0.680697151, 0.03960631787776947
0.682669398, 0.04203559085726738
0.68467807, 0.026247579604387283
0.686706308, 0.02209949493408203
0.688752012, 0.025704234838485718
0.690802508, 0.0333094447851181
0.692900723, 0.029887106269598007
0.694919767, 0.02875971421599388
0.696937856, 0.02410013973712921
0.698966755, 0.03563285991549492
0.701014921, 0.057833652943372726
0.703011751, 0.05160348117351532
0.705058154, 0.038584932684898376
0.707069242, 0.03454656898975372
0.709080107, 0.038256965577602386
0.711129126, 0.04298708215355873
0.71316149, 0.03276149183511734
0.715164804, 0.02573956921696663
0.717198728, 0.024829374626278877
0.719250468, 0.03498230129480362
0.721240431, 0.05503418296575546
0.723310161, 0.03953247889876366
0.725294344, 0.02217215858399868
0.727389899, 0.017878159880638123
0.729354069, 0.017951030284166336
0.731428207, 0.02453887090086937
0.733449573, 0.012600056827068329
0.735595802, 0.007213879376649857
0.73766581, 0.00855826586484909
0.739831847, 0.023737246170639992
0.741796765, 0.03840260207653046
0.74380608, 0.03145160526037216
0.745832622, 0.022536274045705795
0.747978249, 0.01620263233780861
0.749973097, 0.01809615269303322
0.75198013, 0.02406422793865204
0.754111111, 0.020607702434062958
0.756329526, 0.011580292135477066
0.758446147, 0.015402097254991531
0.760515866, 0.03985820338129997
0.762562763, 0.05113736912608147
0.76459476, 0.028211476281285286
0.766611052, 0.020570943132042885
0.768785373, 0.02559352107346058
0.770827818, 0.03148847818374634
0.772844656, 0.03425446152687073
0.774959715, 0.03352805972099304
0.776960501, 0.025192491710186005
0.778982432, 0.031889352947473526
0.781032265, 0.05477796867489815
0.783072193, 0.05157448723912239
0.785106418, 0.032835058867931366
0.787390357, 0.02333677001297474
0.789566812, 0.03050985559821129
0.791178762, 0.036115750670433044
0.793316357, 0.033745501190423965
0.795405156, 0.021262234076857567
0.797397349, 0.014964718371629715
0.799426833, 0.033161260187625885
0.801650452, 0.0493176095187664
0.803677406, 0.025593120604753494
0.805685108, 0.01394578441977501
0.808150646, 0.016638848930597305
0.810206369, 0.014965180307626724
0.812229928, 0.01693079248070717
0.814219172, 0.01875179447233677
0.816280192, 0.011400099843740463
0.818294111, 0.01387539878487587
0.820326134, 0.03345285356044769
0.822345663, 0.04244503751397133
0.824365911, 0.032252535223960876
0.826449958, 0.023191431537270546
0.828448956, 0.024793356657028198
0.830442123, 0.030726196244359016
0.832801447, 0.031163064762949944
0.834816073, 0.030943579971790314
0.836847488, 0.02664719708263874
0.83889749, 0.03487344831228256
0.840879111, 0.053035810589790344
0.843004758, 0.05827311426401138
0.844982729, 0.04317120090126991
0.847022754, 0.03633422404527664
0.849003258, 0.03421854227781296
0.851011496, 0.03694945573806763
0.853109435, 0.03971213102340698
0.855174763, 0.031561192125082016
0.857200993, 0.019624976441264153
0.859336645, 0.02977840043604374
0.86135628, 0.05397737771272659
0.863409358, 0.04324432462453842
0.865430365, 0.01987910456955433
0.867452819, 0.01132325828075409
0.869457234, 0.018204014748334885
0.871517833, 0.026721427217125893
0.87360784, 0.01744036003947258
0.875803479, 0.005758713930845261
0.877823489, 0.008339297026395798
0.879897723, 0.026612643152475357
0.881890094, 0.03691025823354721
0.883899427, 0.02158973552286625
0.885972808, 0.01107008382678032
0.887969977, 0.011542145162820816
0.890005986, 0.01784098893404007
0.892210858, 0.02402753010392189
0.894128091, 0.01394696906208992
0.896201909, 0.00928952544927597
0.898386571, 0.016531437635421753
0.900413915, 0.037205182015895844
0.902424522, 0.04520466551184654
0.904462744, 0.02766786701977253
0.906477782, 0.027340563014149666
0.908530064, 0.029487036168575287
0.910539307, 0.03377781808376312
0.912584983, 0.030504873022437096
0.914676688, 0.025738870725035667
0.916684075, 0.024756724014878273
0.918666369, 0.026612453162670135
0.920688793, 0.04316743463277817
0.922769062, 0.04822392016649246
0.924786982, 0.03534236550331116
0.926776013, 0.025193069130182266
0.928791808, 0.02719482220709324
0.93083217, 0.03625280782580376
0.932832156, 0.0283228550106287
0.934906044, 0.02846713922917843
0.936929586, 0.02289985865354538
0.939227339, 0.019951963797211647
0.942041923, 0.05305870994925499
0.94406291, 0.03370863199234009
0.946077632, 0.01900564134120941
0.948105119, 0.01900627091526985
0.950124957, 0.02388293668627739
0.952136264, 0.025811752304434776
0.954151751, 0.019042761996388435
0.956258288, 0.005469914525747299
0.958306959, 0.006379678845405579
0.960371461, 0.03308691829442978
0.964807917, 0.03764040023088455
0.966855022, 0.021079327911138535
0.968885168, 0.02020760253071785
0.970900477, 0.01871364936232567
0.972935965, 0.02035200595855713
0.97495987, 0.013802681118249893
0.977041185, 0.012383230030536652
0.979022197, 0.019442852586507797
0.9810792, 0.03763792663812637
0.983071859, 0.0358918160200119
0.985112278, 0.03134257346391678
0.987563276, 0.028941437602043152
0.98965934, 0.03228843957185745
0.991674173, 0.035271886736154556
0.993810391, 0.03948661684989929
0.995710599, 0.025700461119413376
0.997747827, 0.01663985848426819
0.999759882, 0.030613545328378677
1.001806513, 0.050946932286024094
1.003815301, 0.03977882117033005
1.005886776, 0.024682706221938133
1.007866751, 0.02148108184337616
1.009931101, 0.024610336869955063
1.0119866260000001, 0.03061351180076599
1.013969074, 0.0306509118527174
1.016024875, 0.016022197902202606
1.017998802, 0.01351148635149002
1.020035215, 0.031669504940509796
1.022077816, 0.04771645739674568
1.024078646, 0.033854443579912186
1.026103456, 0.016241058707237244
1.028191944, 0.012637138366699219
1.030287349, 0.020971333608031273
1.033679624, 0.025555456057190895
1.036724552, 0.004196949303150177
1.038767475, 0.011364199221134186
1.040793458, 0.03407065570354462
1.042801803, 0.03658203035593033
1.044838384, 0.02060667611658573
1.046861705, 0.017475798726081848
1.048914643, 0.019880257546901703
1.050906059, 0.02108033560216427
1.052946603, 0.02362758480012417
1.054960599, 0.014167379587888718
1.056974359, 0.009905364364385605
1.059021019, 0.023082561790943146
1.061038881, 0.045786645263433456
1.063064303, 0.04226057976484299
1.065084873, 0.028721889480948448
1.067120923, 0.03184948116540909
1.069152911, 0.03367030620574951
1.071162978, 0.0416792556643486
1.073228133, 0.033926986157894135
1.075233918, 0.022827772423624992
1.077928501, 0.01933365687727928
1.079878186, 0.04171173274517059
1.081922103, 0.05579191446304321
1.084667824, 0.0446963906288147
1.086608595, 0.025046642869710922
1.0886369870000001, 0.023300055414438248
1.090660006, 0.030216753482818604
1.092699068, 0.03610540181398392
1.094725476, 0.02471819519996643
1.096730857, 0.014129430055618286
1.098759013, 0.01776818186044693
1.100780622, 0.04218483343720436
1.102801077, 0.04829259216785431
1.104913273, 0.025556080043315887
1.106880681, 0.014164596796035767
1.108946149, 0.015402302145957947
1.110939626, 0.01412995532155037
1.1129533249999999, 0.008741684257984161
1.11499701, 0.007106520235538483
1.117048335, -0.00588642805814743
1.119024962, 0.010564852505922318
1.121051072, 0.035561852157115936
1.123111214, 0.03697972744703293
1.125220841, 0.015438947826623917
1.127246189, 0.013473652303218842
1.129252102, 0.019697051495313644
1.131366125, 0.027303138747811317
1.13331625, 0.0217349324375391
1.135316043, 0.01125231385231018
1.137382283, 0.00793791189789772
1.139435432, 0.031451910734176636
1.141418142, 0.055834732949733734
1.143448831, 0.046592820435762405
1.145510964, 0.030869517475366592
1.147614759, 0.03337901830673218
1.14958387, 0.03902225196361542
1.151653934, 0.04309653863310814
1.15365944, 0.029050415381789207
1.155653455, 0.01922391727566719
1.157775646, 0.02566627226769924
1.159785453, 0.04265740513801575
1.161832333, 0.05568035691976547
1.163810399, 0.03840269520878792
1.16584777, 0.032177507877349854
1.167873399, 0.024718940258026123
1.169941763, 0.029412133619189262
1.171911164, 0.027559055015444756
1.174170027, 0.019697239622473717
1.176228541, 0.013037145137786865
1.178275506, 0.00790436565876007
1.180245878, 0.028103627264499664
1.182255391, 0.038330480456352234
1.18430614, 0.025774788111448288
1.186324025, 0.020643524825572968
1.188367739, 0.01620309054851532
1.190394482, 0.021335020661354065
1.192400342, 0.022063609212636948
1.194575519, 0.0181320458650589
1.19662497, 0.011617187410593033
1.198612559, 0.011618655174970627
1.200634817, 0.0301038958132267
1.202750203, 0.04305126890540123
1.20476181, 0.034213557839393616
1.206901902, 0.024573206901550293
1.208811322, 0.0252645593136549
1.210825604, 0.031779564917087555
1.212855221, 0.0323263481259346
1.214869402, 0.03265365958213806
1.216949874, 0.0198419988155365
1.219353205, 0.03130391985177994
1.221390468, 0.055287111550569534
1.22341612, 0.05106169730424881
1.225438584, 0.03421325236558914
1.227464982, 0.031235627830028534
1.229462427, 0.03454529494047165
1.231518136, 0.04346339777112007
1.233603702, 0.03782261535525322
1.2356268639999999, 0.02759443037211895
1.2383999860000001, 0.020498309284448624
1.240358423, 0.04808569699525833
1.242375131, 0.05128031224012375
1.244426134, 0.03614436835050583
1.24644769, 0.026029080152511597
1.248449239, 0.02854064479470253
1.250523018, 0.030288415029644966
1.252549195, 0.02439231425523758
1.254548243, 0.01573064923286438
1.258173025, 0.0019721947610378265
1.260156775, 0.030723759904503822
1.262221244, 0.037896327674388885
1.264229495, 0.020171230658888817
1.266374845, 0.007248491048812866
1.268549836, 0.016166161745786667
1.27060877, 0.02486499398946762
1.272623545, 0.02806706912815571
1.274639533, 0.017331458628177643
1.277277998, 0.008668482303619385
1.279433419, 0.01441953331232071
1.281493218, 0.037349000573158264
1.283452601, 0.03756506368517876
1.285502128, 0.025921307504177094
1.288270893, 0.025011595338582993
1.290230894, 0.03443842753767967
1.2922593660000001, 0.03381378576159477
1.294310984, 0.030504394322633743
1.296320074, 0.026029737666249275
1.298356343, 0.02031599171459675
1.300359681, 0.050884172320365906
1.3024033130000001, 0.06387249380350113
1.30442526, 0.04091767221689224
1.306509602, 0.02755957841873169
1.308465212, 0.029634244740009308
1.310498911, 0.0378226675093174
1.312526145, 0.036764100193977356
1.314595749, 0.024791810661554337
1.3165843449999999, 0.008960094302892685
1.3188506850000001, 0.020242808386683464
1.320870626, 0.03833270072937012
1.3229017, 0.03610961139202118
1.325324404, 0.016384907066822052
1.327376415, 0.011690422892570496
1.329360213, 0.013655148446559906
1.33140138, 0.013655006885528564
1.3334498350000001, 0.017623279243707657
1.335437221, 0.012382261455059052
1.337553261, -0.0031695514917373657
1.339498396, 0.012415006756782532
1.341524697, 0.032764628529548645
1.3435512090000001, 0.02504776418209076
1.345588434, 0.011218704283237457
1.347611759, 0.013692863285541534
1.349643109, 0.02118919976055622
1.351672414, 0.024536455050110817
1.3536760380000001, 0.029593775048851967
1.3557132410000001, 0.01773194596171379
1.3577407240000001, 0.006594356149435043
1.35976078, 0.030287928879261017
1.361780979, 0.04247855022549629
1.363817859, 0.03527266904711723
1.365835814, 0.030323103070259094
1.367863938, 0.030759818851947784
1.369898788, 0.03268684446811676
1.371943444, 0.04127681255340576
1.3739343050000001, 0.03985273838043213
1.375964624, 0.027885425835847855
1.3780524299999999, 0.019006023183465004
1.3800135390000001, 0.04258346930146217
1.382048825, 0.054736386984586716
1.384588388, 0.04407506436109543
1.386611258, 0.02977716363966465
1.388641287, 0.032140910625457764
1.3906458480000001, 0.035091109573841095
1.392685745, 0.0370926707983017
1.39469828, 0.024609610438346863
1.396775524, 0.01169094443321228
1.398767923, 0.020826390013098717
1.400799527, 0.03585615009069443
1.402816055, 0.03643269091844559
1.405071896, 0.02351895533502102
1.407056403, 0.01591307297348976
1.409118192, 0.02086198888719082
1.4111117979999999, 0.023773999884724617
1.413145882, 0.02271874062716961
1.4151662649999999, 0.011033963412046432
1.417201869, -0.002652037888765335
1.41921601, 0.014674007892608643
1.421290768, 0.030436066910624504
1.423298017, 0.028541041538119316
1.425299042, 0.01219867542386055
1.427385074, 0.020643189549446106
1.429353861, 0.029594630002975464
1.431383985, 0.03414430096745491
1.433578481, 0.029048766940832138
1.435641639, 0.019842511042952538
1.437688192, 0.02326352521777153
1.440808751, 0.03567440062761307
1.44287231, 0.06179163604974747
1.44490343, 0.037273187190294266
1.446946949, 0.030105723068118095
1.448945694, 0.03901682421565056
1.450969366, 0.04291224479675293
1.453012403, 0.03301728516817093
1.455112515, 0.027012962847948074
1.457094018, 0.01241791620850563
1.459103576, 0.020825693383812904
1.461116041, 0.04211639240384102
1.463167141, 0.038147784769535065
1.465175906, 0.020534159615635872
1.46723038, 0.019696904346346855
1.469246152, 0.022936003282666206
1.4712980230000001, 0.02413664385676384
1.4733690990000001, 0.01558556780219078
1.475389727, 0.006414223462343216
1.477361658, -0.006005104631185532
1.479716301, 0.019005775451660156
1.481678903, 0.03651095926761627
1.4837500590000001, 0.02129851095378399
1.485789902, 0.008452143520116806
1.487770834, 0.014240242540836334
1.489806896, 0.027629228308796883
1.491840616, 0.021189767867326736
1.493865658, 0.01645912602543831
1.495853791, 0.007503863424062729
1.497897048, 0.009653430432081223
1.4999400569999999, 0.02883055992424488
1.5019550449999999, 0.04228927195072174
1.503971649, 0.03003261238336563
1.506224046, 0.02973978780210018
1.508258318, 0.029085323214530945
1.510294246, 0.03028598055243492
1.5122931309999998, 0.03941720724105835
1.5143669229999999, 0.03414507955312729
1.516347254, 0.025121038779616356
1.518424875, 0.021297622472047806
1.5204159000000002, 0.04371146485209465
1.5224210139999999, 0.053132496774196625
1.524465176, 0.040650852024555206
1.5264809499999998, 0.03457939252257347
1.528527642, 0.03356044739484787
1.530537, 0.03057682327926159
1.532569724, 0.03614291176199913
1.5422337609999999, 0.03134089708328247
1.5443288499999999, 0.032799944281578064
1.546365694, 0.021734686568379402
1.548367055, 0.026685893535614014
1.550387714, 0.028505830094218254
1.552426592, 0.02737600728869438
1.554453193, 0.020061392337083817
1.5564649080000001, 0.01816839724779129
1.5585175900000001, 0.017512846738100052
1.560555159, 0.03738261014223099
1.56258373, 0.0434587299823761
1.56455997, 0.02850484475493431
1.566610271, 0.023556040599942207
1.568612959, 0.025010250508785248
1.570637056, 0.029196912422776222
1.574013095, 0.0261384230107069
1.576094316, 0.014273732900619507
1.578050396, 0.008448205888271332
1.5800789929999999, 0.03629278391599655
1.582126768, 0.04989694058895111
1.5841743959999999, 0.036727532744407654
1.58616613, 0.026175925508141518
1.58820461, 0.029742935672402382
1.590237417, 0.03745526447892189
1.5922834510000001, 0.042733725160360336
1.5942735749999999, 0.03388949856162071
1.596371449, 0.022354215383529663
1.5983457159999999, 0.024939510971307755
1.60033443, 0.04965689405798912
1.602396709, 0.053835611790418625
1.604392769, 0.034439947456121445
1.606440281, 0.026429543271660805
1.6084456280000001, 0.028178870677947998
1.61046473, 0.034148603677749634
1.612540477, 0.029522856697440147
1.61453416, 0.021771414205431938
1.616563972, 0.011106245219707489
1.618581321, 0.011907674372196198
1.620628309, 0.03087230585515499
1.622642719, 0.033746086061000824
1.6246617479999999, 0.01740402728319168
1.6266977200000001, 0.01467539370059967
1.628715488, 0.017077825963497162
1.630775604, 0.02089800126850605
1.6327872540000001, 0.01838638260960579
1.634813384, 0.011143699288368225
1.637765428, 0.00779511034488678
1.640368198, 0.030398843809962273
1.642382484, 0.04517288878560066
1.644415227, 0.03302103653550148
1.646422263, 0.020680749788880348
1.648501767, 0.026210764423012733
1.650544636, 0.033891670405864716
1.652876784, 0.024830909445881844
1.654914424, 0.01820436120033264
1.6569364659999999, 0.013834480196237564
1.658987082, 0.018713857978582382
1.66102346, 0.03742203116416931
1.663005821, 0.045795097947120667
1.665045644, 0.02639484405517578
1.667181196, 0.029961660504341125
1.669158689, 0.03127283975481987
1.67130702, 0.027087276801466942
1.673411161, 0.025704026222229004
1.675450957, 0.028834519907832146
1.677445717, 0.014089275151491165
1.6794659840000001, 0.025412937626242638
1.681511026, 0.04714491590857506
1.683520465, 0.0403720885515213
1.685553656, 0.02599537931382656
1.68759654, 0.01875021494925022
1.689617886, 0.0245012566447258
1.691641997, 0.024392571300268173
1.693760766, 0.025339696556329727
1.69579346, 0.020242787897586823
1.697757154, 0.005461838096380234
1.699779296, 0.020462896674871445
1.701796638, 0.0396832637488842
1.703831612, 0.033347561955451965
1.705854338, 0.021007761359214783
1.707864646, 0.018640972673892975
1.7098985820000001, 0.02016926184296608
1.7119373919999998, 0.02308236062526703
1.713982071, 0.02603168785572052
1.7159769599999999, 0.0164935365319252
1.718005022, 0.007609482854604721
1.720047747, 0.028104592114686966
1.722078773, 0.04404588043689728
1.724115631, 0.03556589409708977
1.726140346, 0.024282313883304596
1.728162639, 0.02104254625737667
1.730232844, 0.022245192900300026
1.732229571, 0.03625582531094551
1.7342625310000002, 0.030252749100327492
1.736320292, 0.018278151750564575
1.738299904, 0.019297001883387566
1.740352144, 0.04277610406279564
1.742422612, 0.059772469103336334
1.7444094369999998, 0.04805006459355354
1.7464498050000001, 0.03283657878637314
1.748466039, 0.029926875606179237
1.75052824, 0.03702506795525551
1.752554747, 0.04255136102437973
1.754557282, 0.033090606331825256
1.756582649, 0.02151743322610855
1.758620728, 0.022536875680088997
1.7606198690000001, 0.0425911620259285
1.762644142, 0.05172593146562576
1.7646891770000002, 0.03789687156677246
1.766694238, 0.018676839768886566
1.7687327609999999, 0.01565561816096306
1.77075359, 0.01835067942738533
1.772771751, 0.02311832457780838
1.774838017, 0.010377895087003708
1.776826346, -0.002005781978368759
1.778926535, 0.002145111560821533
1.7809151490000001, 0.029379654675722122
1.78294987, 0.0380057729780674
1.78497234, 0.018895750865340233
1.786962747, 0.010888729244470596
1.7889880360000001, 0.017912641167640686
1.7910214770000001, 0.023884659633040428
1.793065602, 0.025341542437672615
1.795357934, 0.015658147633075714
1.7971008400000001, 0.012162469327449799
1.799160825, 0.022754784673452377
1.801211385, 0.051283098757267
1.803162841, 0.04884401708841324
1.805199425, 0.03097914718091488
1.807237784, 0.03341533988714218
1.809237658, 0.03600318729877472
1.811285866, 0.04084150865674019
1.813558008, 0.035819780081510544
1.8155350270000001, 0.03188927471637726
1.817603419, 0.02395584248006344
1.819611662, 0.03684016689658165
1.82163122, 0.054053373634815216
1.823705095, 0.04659184813499451
1.8256736199999999, 0.024975115433335304
1.827716604, 0.025994088500738144
1.8297653889999999, 0.03589267283678055
1.8317966810000001, 0.031709473580121994
1.833799928, 0.023046422749757767
1.8358212250000001, 0.01529277116060257
1.837843117, 0.008558310568332672
1.8398638470000002, 0.025957709178328514
1.841902704, 0.041573308408260345
1.8439442320000001, 0.02512151002883911
1.84593339, 0.015438549220561981
1.847967452, 0.01609305664896965
1.850005876, 0.024211019277572632
1.8520558980000001, 0.02060786262154579
1.854095002, 0.018058452755212784
1.856284974, 0.006774023175239563
1.8582282719999998, 0.008047420531511307
1.8602209379999999, 0.029414771124720573
1.862282597, 0.03931436315178871
1.8642774960000001, 0.02402772195637226
1.866310796, 0.017186038196086884
1.868345205, 0.017041455954313278
1.870352574, 0.024611111730337143
1.872409642, 0.028868887573480606
1.874428994, 0.02926788665354252
1.876429471, 0.017622847110033035
1.878490651, 0.020971614867448807
1.8805177560000002, 0.045103032141923904
1.882508979, 0.05151008069515228
1.884549712, 0.03709235414862633
1.8865691199999999, 0.032652661204338074
1.8885899, 0.027959950268268585
1.890615712, 0.0327276885509491
1.892670833, 0.034950293600559235
1.894751987, 0.03247334808111191
1.896707305, 0.02475644089281559
1.898749596, 0.02308119274675846
1.900787719, 0.04215281456708908
1.902821201, 0.04451272264122963
1.9048592100000001, 0.03818795084953308
1.906876783, 0.025921417400240898
1.908898957, 0.02566646970808506
1.9109285539999998, 0.027777982875704765
1.912945391, 0.03309062123298645
1.9149702259999999, 0.027594897896051407
1.9170555230000002, 0.019879421219229698
1.919032393, 0.017730411142110825
1.921080748, 0.036517657339572906
1.9230998879999999, 0.04524776339530945
1.92510626, 0.027414517477154732
1.927126699, 0.020898453891277313
1.92917441, 0.017768796533346176
1.931181303, 0.028177738189697266
1.933265405, 0.027485238388180733
1.939052138, 0.019005393609404564
1.9410547, 0.03687933459877968
1.943088789, 0.04087962210178375
1.945098621, 0.028613625094294548
1.947109005, 0.029999777674674988
1.9491515480000001, 0.028469150885939598
1.951214984, 0.027523279190063477
1.953278114, 0.031743090599775314
1.955565776, 0.037021659314632416
1.9575300310000001, 0.018678735941648483
1.959558022, 0.027486398816108704
1.961597089, 0.05212010443210602
1.963616151, 0.051576390862464905
1.9656372800000002, 0.03374621644616127
1.9676802599999998, 0.02828860469162464
1.969698795, 0.037785325199365616
1.9717109069999998, 0.04396861419081688
1.973730964, 0.0406210795044899
1.97576174, 0.028759488835930824
1.977846652, 0.011215504258871078
1.979805994, 0.02810407616198063
1.98182613, 0.04709800332784653
1.984042949, 0.03327304124832153
1.986241332, 0.019406871870160103
1.988258816, 0.019917042925953865
1.990288564, 0.028722470626235008
1.992369909, 0.03316185623407364
1.994357798, 0.024464398622512817
1.996361681, 0.0063722990453243256
1.99840771, 0.001639578491449356
2.000424925, 0.027958234772086143
2.002453023, 0.040445707738399506
2.004488305, 0.01889575645327568
2.006502749, 0.010308530181646347
2.008531122, 0.017841313034296036
2.01057518, 0.028102952986955643
2.012573644, 0.032105252146720886
2.014619682, 0.0227542445063591
2.016630098, 0.007943645119667053
2.018763382, 0.01882314682006836
2.020760555, 0.04287654533982277
2.02279233, 0.04058841988444328
2.024857779, 0.024574359878897667
2.02687284, 0.030506297945976257
2.028904925, 0.036182574927806854
2.031401957, 0.041565608233213425
2.03342002, 0.03924157842993736
2.035427084, 0.03632643073797226
2.040763424, 0.02570316568017006
2.042911258, 0.05652935430407524
2.044968933, 0.03774724900722504
2.046954317, 0.03283793479204178
2.049016108, 0.03327031061053276
2.051070322, 0.03560272231698036
2.053044398, 0.03134157881140709
2.055095607, 0.020316464826464653
2.057125186, 0.008448418229818344
2.059138969, 0.019260678440332413
2.06115267, 0.0313459113240242
2.063168908, 0.03160060569643974
2.065229553, 0.01711229234933853
2.067260736, 0.013799726963043213
2.069251227, 0.023227481171488762
2.071338177, 0.028759250417351723
2.073319082, 0.014855146408081055
2.075330288, 0.012706860899925232
2.077371913, 0.010085370391607285
2.079380492, 0.015219215303659439
2.081468796, 0.02814326249063015
2.083437458, 0.028943637385964394
2.085468955, 0.02169937640428543
2.087486892, 0.02330094203352928
2.0895110199999998, 0.0308720413595438
2.091539027, 0.03502118960022926
2.093608546, 0.027850793674588203
2.095603677, 0.025813614949584007
2.097784503, 0.018787076696753502
2.099718687, 0.022645706310868263
2.101755638, 0.04689142853021622
2.103761649, 0.04102534055709839
2.105790033, 0.02723294124007225
2.107810476, 0.025850802659988403
2.109845831, 0.03181861713528633
2.112404208, 0.03687949478626251
2.113937027, 0.03043402172625065
2.115928369, 0.02948959916830063
