0.129692254, 0.28033900260925293
0.131727686, 0.26799750328063965
0.133739552, 0.26551198959350586
0.135784035, 0.27303504943847656
0.137799694, 0.272097110748291
0.139798464, 0.2705357074737549
0.141832499, 0.2516515254974365
0.14387965, 0.2598731517791748
0.145888816, 0.26108312606811523
0.147946952, 0.2674107551574707
0.149938914, 0.2724432945251465
0.151993156, 0.26294422149658203
0.154003445, 0.2683255672454834
0.156058343, 0.26905059814453125
0.158071425, 0.2669522762298584
0.160075778, 0.2660365104675293
0.162104677, 0.2584228515625
0.164148429, 0.251678466796875
0.166164108, 0.24945807456970215
0.168181244, 0.2561342716217041
0.170221651, 0.2438194751739502
0.172231509, 0.24692916870117188
0.174265058, 0.2555973529815674
0.176273485, 0.26001429557800293
0.178308391, 0.23755097389221191
0.180352512, 0.24068212509155273
0.182365981, 0.24574804306030273
0.184384235, 0.26048898696899414
0.186412042, 0.2583277225494385
0.188437458, 0.2687416076660156
0.190487613, 0.24985361099243164
0.192506714, 0.2533450126647949
0.194540723, 0.25476551055908203
0.196583866, 0.24798274040222168
0.198553671, 0.2476949691772461
0.200596754, 0.2530183792114258
0.202631944, 0.24697566032409668
0.204643253, 0.25264930725097656
0.206682434, 0.26021337509155273
0.208711607, 0.2557985782623291
0.210712954, 0.24503517150878906
0.212741628, 0.24241375923156738
0.214777454, 0.2542586326599121
0.216818279, 0.2475266456604004
0.218892069, 0.2542719841003418
0.220902768, 0.2495572566986084
0.222925615, 0.2448570728302002
0.224950934, 0.2510654926300049
0.226964211, 0.25234055519104004
0.228994649, 0.24905633926391602
0.231008497, 0.2468886375427246
0.233033056, 0.24885773658752441
0.235069981, 0.24554777145385742
0.2371332, 0.2527496814727783
0.239111797, 0.2609426975250244
0.241218058, 0.25209641456604004
0.243164548, 0.2635200023651123
0.245211618, 0.273510217666626
0.247227869, 0.2585132122039795
0.249231624, 0.26868104934692383
0.251390396, 0.2717146873474121
0.253341122, 0.26468491554260254
0.255367042, 0.26282238960266113
0.257480305, 0.2619743347167969
0.259408384, 0.2617764472961426
0.261498433, 0.2572898864746094
0.26351151, 0.2597813606262207
0.265509912, 0.2669241428375244
0.267568274, 0.26158881187438965
0.269568897, 0.26777076721191406
0.271585807, 0.27138757705688477
0.273638648, 0.26453351974487305
0.275717747, 0.27108192443847656
0.277751498, 0.26154088973999023
0.279802578, 0.2635762691497803
0.281847513, 0.24678635597229004
0.283813581, 0.254626989364624
0.285857337, 0.25136828422546387
0.287855989, 0.26013970375061035
0.289916245, 0.2631998062133789
0.291951519, 0.2519874572753906
0.293977781, 0.25238633155822754
0.295977719, 0.2528197765350342
0.298000593, 0.2549417018890381
0.300050844, 0.2541072368621826
0.302063318, 0.25023794174194336
0.304097596, 0.2542393207550049
0.306137101, 0.250809907913208
0.308128412, 0.24959158897399902
0.310177869, 0.26593685150146484
0.312203443, 0.2621455192565918
0.314224709, 0.2654907703399658
0.316268516, 0.2578089237213135
0.318338565, 0.2643613815307617
0.320330882, 0.26430678367614746
0.32233604, 0.2522115707397461
0.324358386, 0.25745677947998047
0.326430543, 0.2678508758544922
0.328429301, 0.2629075050354004
0.330453769, 0.2630462646484375
0.332486355, 0.24897241592407227
0.334485837, 0.25484585762023926
0.336552972, 0.25290894508361816
0.338543802, 0.2464754581451416
0.340578253, 0.24466538429260254
0.342605671, 0.25136876106262207
0.344671378, 0.24905061721801758
0.346649837, 0.2521374225616455
0.348671824, 0.2544231414794922
0.35073627, 0.24852514266967773
0.352737475, 0.25749635696411133
0.354769758, 0.25785231590270996
0.356827845, 0.2468702793121338
0.358950581, 0.24626588821411133
0.360973487, 0.2482304573059082
0.363025444, 0.2503185272216797
0.365031503, 0.2473454475402832
0.367124889, 0.2497084140777588
0.369159118, 0.257598876953125
0.371177822, 0.255687952041626
0.373158956, 0.25812411308288574
0.375222594, 0.2735276222229004
0.37723793, 0.25817370414733887
0.379223488, 0.2550468444824219
0.381275428, 0.24922776222229004
0.383308304, 0.25421881675720215
0.385555844, 0.260115385055542
0.38754361, 0.2559044361114502
0.389613396, 0.2631874084472656
0.391587033, 0.2624518871307373
0.393627138, 0.2689704895019531
0.395690645, 0.2639744281768799
0.397689777, 0.2601618766784668
0.399765375, 0.25765228271484375
0.401733097, 0.23717856407165527
0.403751531, 0.25394177436828613
0.405778014, 0.2585599422454834
0.407821038, 0.2554783821105957
0.409884503, 0.2521932125091553
0.411852955, 0.25467681884765625
0.413874778, 0.2691960334777832
0.415916283, 0.2753565311431885
0.417931941, 0.2714202404022217
0.419966411, 0.2581140995025635
0.422019456, 0.2568826675415039
0.424014455, 0.2663760185241699
0.426048992, 0.2614936828613281
0.428067666, 0.2699296474456787
0.430108133, 0.2627899646759033
0.432140743, 0.25385284423828125
0.434172916, 0.2678565979003906
0.436194709, 0.2759134769439697
0.438413495, 0.26657748222351074
0.440759838, 0.2639048099517822
0.442754461, 0.2565939426422119
0.444859749, 0.26010560989379883
0.446960426, 0.2586557865142822
0.448983474, 0.26807069778442383
0.451007405, 0.26830601692199707
0.453027362, 0.2610163688659668
0.455074417, 0.2656722068786621
0.457086305, 0.2724730968475342
0.459175531, 0.272444486618042
0.461335081, 0.2610640525817871
0.463396411, 0.24121689796447754
0.465407702, 0.2576775550842285
0.467428702, 0.2573702335357666
0.469456317, 0.25261878967285156
0.471480846, 0.2553431987762451
0.473510047, 0.2520885467529297
0.475538704, 0.2640984058380127
0.477564277, 0.26404833793640137
0.479605255, 0.2503526210784912
0.481615344, 0.24748921394348145
0.483672043, 0.2503502368927002
0.485671786, 0.2596883773803711
0.487685344, 0.2658109664916992
0.489711834, 0.25694894790649414
0.491766062, 0.2500569820404053
0.493815106, 0.2479860782623291
0.495825915, 0.24920105934143066
0.497820192, 0.2497248649597168
0.499929033, 0.24809050559997559
0.501881958, 0.2571744918823242
0.503898608, 0.2545137405395508
0.505942804, 0.2544233798980713
0.507970201, 0.2678701877593994
0.509985139, 0.263232946395874
0.512041966, 0.24787592887878418
0.51404938, 0.2478466033935547
0.516055851, 0.2553853988647461
0.518078798, 0.25268054008483887
0.520130702, 0.25333285331726074
0.522126195, 0.2469775676727295
0.52414466, 0.25931429862976074
0.52620387, 0.2533388137817383
0.52821515, 0.2610902786254883
0.530255299, 0.25081920623779297
0.532260462, 0.24799370765686035
0.534309691, 0.24692749977111816
0.536368332, 0.25931620597839355
0.538347612, 0.256239652633667
0.540372829, 0.24143099784851074
0.542409475, 0.23833894729614258
0.544439834, 0.2613985538482666
0.548585016, 0.2632007598876953
0.55106, 0.2687230110168457
0.55313336, 0.2618706226348877
0.555210006, 0.26013851165771484
0.557230896, 0.25049781799316406
0.559202742, 0.2538638114929199
0.562169689, 0.25510144233703613
0.564643512, 0.2582509517669678
0.569270439, 0.26299190521240234
0.571273657, 0.26036596298217773
0.573340399, 0.26265668869018555
0.575344958, 0.26471638679504395
0.57737463, 0.2589719295501709
0.580592029, 0.25307273864746094
0.582689614, 0.2536194324493408
0.584703532, 0.26622438430786133
0.586717766, 0.27276182174682617
0.58881494, 0.26033687591552734
0.591321882, 0.26661252975463867
0.593372664, 0.27051639556884766
0.595417972, 0.26685047149658203
0.603211597, 0.26386594772338867
0.60351781, 0.25253987312316895
0.605556861, 0.2454357147216797
0.607580284, 0.25850963592529297
0.609593898, 0.27223730087280273
0.611670814, 0.2529866695404053
0.613721415, 0.2602415084838867
0.61567474, 0.2626655101776123
0.617714726, 0.2578713893890381
0.619735829, 0.2637784481048584
0.622069381, 0.2591080665588379
0.624061413, 0.2569599151611328
0.626103866, 0.25890111923217773
0.628180797, 0.2647244930267334
0.630233178, 0.2649209499359131
0.632209241, 0.25731563568115234
0.634226172, 0.255354642868042
0.636220497, 0.2623443603515625
0.638274386, 0.26439690589904785
0.640336677, 0.26813721656799316
0.642331925, 0.2472379207611084
0.644392465, 0.25066614151000977
0.646373745, 0.27158284187316895
0.648400535, 0.26096248626708984
0.650403525, 0.263599157333374
0.652444859, 0.24593067169189453
0.654473216, 0.25980186462402344
0.656497255, 0.26186394691467285
0.658523818, 0.2549247741699219
0.66054539, 0.26162266731262207
0.662607001, 0.24910187721252441
0.664649147, 0.24685955047607422
0.666616076, 0.253490686416626
0.668660889, 0.25687408447265625
0.670693024, 0.2549149990081787
0.672702435, 0.24362754821777344
0.674756125, 0.24642515182495117
0.676816349, 0.2412097454071045
0.678773537, 0.23885393142700195
0.683474237, 0.2467353343963623
0.68550692, 0.2562270164489746
0.687523608, 0.24389076232910156
0.689583678, 0.25466442108154297
0.691607605, 0.25005269050598145
0.693621408, 0.23826265335083008
0.695672409, 0.2526257038116455
0.697707628, 0.25243043899536133
0.700003632, 0.2629580497741699
0.702010152, 0.2536275386810303
0.704050465, 0.2607557773590088
0.706077427, 0.24812531471252441
0.708106029, 0.2572946548461914
0.710137712, 0.25198960304260254
0.712174016, 0.2450265884399414
0.714195141, 0.2693026065826416
0.716198022, 0.2518880367279053
0.718225582, 0.26139354705810547
0.72025764, 0.25342249870300293
0.722284238, 0.24616789817810059
0.724335649, 0.25957775115966797
0.726339558, 0.25803256034851074
0.728377263, 0.2652158737182617
0.730377182, 0.2658851146697998
0.732443956, 0.2596321105957031
0.734486985, 0.25753307342529297
0.736447559, 0.25899314880371094
0.73848294, 0.24965929985046387
0.740517599, 0.25393176078796387
0.742560188, 0.24686408042907715
0.744573958, 0.252760648727417
0.746586578, 0.25402355194091797
0.748629804, 0.26360535621643066
0.750655102, 0.25789570808410645
0.75548331, 0.2484602928161621
0.757416741, 0.2555406093597412
0.760092088, 0.24632692337036133
0.762407018, 0.2577097415924072
0.764228226, 0.257251501083374
0.766250098, 0.2560257911682129
0.768266328, 0.2596890926361084
0.770293534, 0.26065802574157715
0.772422172, 0.2637650966644287
0.774429067, 0.25538206100463867
0.776426749, 0.26688575744628906
0.778436063, 0.2689688205718994
0.780526144, 0.2649991512298584
0.782681871, 0.25113439559936523
0.784732203, 0.2575409412384033
0.786755764, 0.248399019241333
0.788769254, 0.2506828308105469
0.79083427, 0.2576713562011719
0.792806687, 0.2515256404876709
0.794902567, 0.25933361053466797
0.803286311, 0.25298428535461426
0.805289791, 0.2551279067993164
0.807308471, 0.25379085540771484
0.809327975, 0.24875736236572266
0.8114683, 0.2581899166107178
0.813367954, 0.24749231338500977
0.815449392, 0.2544677257537842
0.817442609, 0.26022982597351074
0.820197226, 0.2549312114715576
0.821530046, 0.24943184852600098
0.823575163, 0.24587249755859375
0.825567989, 0.25139904022216797
0.82758332, 0.2540442943572998
0.829618543, 0.257739782333374
0.831636188, 0.2480320930480957
0.83414169, 0.24762821197509766
0.8361172, 0.26130008697509766
0.838124637, 0.25087785720825195
0.840239035, 0.24727773666381836
0.842202384, 0.2501506805419922
0.844265024, 0.24784421920776367
0.846276548, 0.254321813583374
0.848270819, 0.26159071922302246
0.850323211, 0.2663588523864746
0.852356621, 0.25673675537109375
0.854329911, 0.2626030445098877
0.856371537, 0.25331616401672363
0.858430988, 0.25185155868530273
0.86042399, 0.2410898208618164
0.862462339, 0.24280285835266113
0.864485824, 0.2597019672393799
0.866515509, 0.2577695846557617
0.868528328, 0.2631409168243408
0.87057144, 0.25873374938964844
0.872613055, 0.2552812099456787
0.87465786, 0.2615320682525635
0.876619786, 0.2605578899383545
0.878669197, 0.2586197853088379
0.880754183, 0.25254058837890625
0.88278133, 0.2546372413635254
0.884854164, 0.2573518753051758
0.886859161, 0.25998449325561523
0.888904592, 0.26287078857421875
0.890935217, 0.25644779205322266
0.89296606, 0.26421523094177246
0.894991023, 0.2675352096557617
0.897036167, 0.2593960762023926
0.899025442, 0.25695133209228516
0.901101381, 0.2470996379852295
0.903094301, 0.2540168762207031
0.90510377, 0.2595937252044678
0.907141002, 0.2602498531341553
0.909163241, 0.2593216896057129
0.911177023, 0.2717297077178955
0.913213132, 0.25829005241394043
0.915259927, 0.2594301700592041
0.917285148, 0.25203657150268555
0.919311846, 0.25784993171691895
0.921359989, 0.25231075286865234
0.923378764, 0.2523672580718994
0.925413393, 0.2638542652130127
0.927438722, 0.25751233100891113
0.929479479, 0.26598668098449707
0.931479758, 0.27274203300476074
0.933541156, 0.26377177238464355
0.935519638, 0.26569557189941406
0.937562691, 0.26926445960998535
0.939614163, 0.27364683151245117
0.942243664, 0.25832653045654297
0.944229139, 0.25807905197143555
0.946314356, 0.26387596130371094
0.948327821, 0.2600746154785156
0.950304312, 0.24628210067749023
0.952360818, 0.24564409255981445
0.954355831, 0.25595855712890625
0.956403261, 0.2620062828063965
0.958453592, 0.25403738021850586
0.960465832, 0.25525331497192383
0.962463973, 0.24499249458312988
0.964497343, 0.258465051651001
0.966692203, 0.26178836822509766
0.968695623, 0.25867438316345215
0.970711445, 0.2565727233886719
0.972812223, 0.25568318367004395
0.974844747, 0.26737141609191895
0.976920984, 0.2659416198730469
0.978878159, 0.26764822006225586
0.980921565, 0.25269317626953125
0.982960739, 0.2464127540588379
0.985167131, 0.2525801658630371
0.987239514, 0.25449085235595703
0.989252024, 0.2515742778778076
0.991298135, 0.24575161933898926
0.993422808, 0.2513396739959717
0.995469807, 0.25052499771118164
0.997480527, 0.24576306343078613
0.99954648, 0.24553537368774414
1.001618646, 0.24652481079101562
1.003602255, 0.24772953987121582
1.005627558, 0.24199628829956055
1.007637591, 0.24336004257202148
1.009653847, 0.24118804931640625
1.011694471, 0.24243497848510742
1.013727354, 0.24785685539245605
1.015729356, 0.24354863166809082
1.017850718, 0.24022912979125977
1.019810606, 0.24625635147094727
1.021993838, 0.24726438522338867
1.023930386, 0.24073076248168945
1.025947986, 0.2500910758972168
1.02799644, 0.25327301025390625
1.030009691, 0.2494041919708252
1.032035242, 0.2377796173095703
1.034049122, 0.25429677963256836
1.036147745, 0.24913930892944336
1.038162513, 0.2521843910217285
1.040125951, 0.25177931785583496
1.042179324, 0.23847603797912598
1.044171302, 0.26242947578430176
1.046288979, 0.2552785873413086
1.048332646, 0.2604081630706787
1.050256103, 0.25841689109802246
1.052304451, 0.2575502395629883
1.05436024, 0.25069212913513184
1.056329748, 0.25550127029418945
1.058367524, 0.2637448310852051
1.060388556, 0.25463104248046875
1.062447845, 0.2518196105957031
1.064440351, 0.2528378963470459
1.066465484, 0.251110315322876
1.06851484, 0.25847411155700684
1.07051026, 0.2603468894958496
1.072534786, 0.2590806484222412
1.074648817, 0.2641756534576416
1.076610049, 0.2510499954223633
1.078670851, 0.25116467475891113
1.080693649, 0.25129151344299316
1.0827863149999999, 0.24184799194335938
1.084778752, 0.2524409294128418
1.086777817, 0.2564845085144043
1.088808311, 0.2558138370513916
1.090951258, 0.2564520835876465
1.093001051, 0.2492845058441162
1.095069518, 0.2605094909667969
1.097064165, 0.25630807876586914
1.099135796, 0.24898290634155273
1.10126253, 0.24692821502685547
1.103248447, 0.24643468856811523
1.105256811, 0.24316096305847168
1.107334327, 0.24376988410949707
1.109405388, 0.2574193477630615
1.111416941, 0.25368809700012207
1.113452895, 0.2520127296447754
1.115465512, 0.25409603118896484
1.117535123, 0.25487446784973145
1.119605605, 0.2512693405151367
1.121576437, 0.240128755569458
1.123601739, 0.23804521560668945
1.125912468, 0.24718618392944336
1.12787413, 0.25269532203674316
1.129885581, 0.25185680389404297
1.131943086, 0.24569296836853027
1.133977026, 0.2513716220855713
1.136016227, 0.25208020210266113
1.137994897, 0.25441741943359375
1.140448638, 0.2537078857421875
1.142419198, 0.2510366439819336
1.144423115, 0.24943232536315918
1.146467428, 0.2521030902862549
1.148832488, 0.2537515163421631
1.15088743, 0.26639890670776367
1.152895877, 0.24054551124572754
1.155268595, 0.2543792724609375
1.156958197, 0.23567962646484375
1.158979207, 0.24472498893737793
1.160988461, 0.24650335311889648
1.163056392, 0.23575711250305176
1.16508022, 0.24581170082092285
1.167198942, 0.2505371570587158
1.169308028, 0.2446458339691162
1.171288535, 0.25711846351623535
1.173296309, 0.24449515342712402
1.175328149, 0.2571539878845215
1.177368837, 0.25122570991516113
1.179411328, 0.2578883171081543
1.181560961, 0.2444608211517334
1.183550855, 0.24404096603393555
1.185577931, 0.24369597434997559
1.187747839, 0.2519369125366211
1.189782723, 0.2552919387817383
1.19175713, 0.2553262710571289
1.1938166749999999, 0.25496935844421387
1.195820798, 0.2614424228668213
1.197842754, 0.26024341583251953
1.199893676, 0.256483793258667
1.202001905, 0.2493140697479248
1.204032743, 0.2549772262573242
1.206071807, 0.25268054008483887
1.208100551, 0.2577064037322998
1.210142729, 0.26392102241516113
1.212280346, 0.25197386741638184
1.214251144, 0.26326990127563477
1.216338271, 0.263293981552124
1.218519679, 0.2562234401702881
1.22059527, 0.2549624443054199
1.223455432, 0.25467562675476074
1.225460265, 0.25568222999572754
1.227526994, 0.2687342166900635
1.229541018, 0.27143073081970215
1.231562543, 0.2595217227935791
1.233589981, 0.25800657272338867
1.235651755, 0.2520785331726074
1.237637276, 0.2631833553314209
1.239732693, 0.25850892066955566
1.2417093, 0.25940442085266113
1.243699689, 0.2676374912261963
1.245727241, 0.27294349670410156
1.247753655, 0.27823972702026367
1.249788803, 0.26746034622192383
1.251827926, 0.2650761604309082
1.254228829, 0.2710914611816406
1.256253885, 0.2744863033294678
1.258311839, 0.26491236686706543
1.260299724, 0.27556633949279785
1.262301951, 0.24991846084594727
1.264358412, 0.26810145378112793
1.266372111, 0.26238274574279785
1.268393436, 0.26487040519714355
1.270428385, 0.26860570907592773
1.272606367, 0.256209135055542
1.2745313870000001, 0.2635660171508789
1.276583878, 0.27286672592163086
1.278603967, 0.26436448097229004
1.280635686, 0.27010464668273926
1.282654848, 0.2573421001434326
1.285526272, 0.2648193836212158
1.288813694, 0.27541422843933105
1.2908244340000001, 0.2737400531768799
1.29346799, 0.2719597816467285
1.295476971, 0.26766109466552734
1.2975173660000001, 0.2674543857574463
1.299542172, 0.26211023330688477
1.302065406, 0.26346349716186523
1.304090084, 0.2654845714569092
1.306199921, 0.2666511535644531
1.308132713, 0.26128149032592773
1.310148304, 0.2529318332672119
1.312215516, 0.2520115375518799
1.314363658, 0.2586960792541504
1.316323232, 0.2613847255706787
1.318312503, 0.2543144226074219
1.320437487, 0.24658942222595215
1.3224635089999999, 0.2456200122833252
1.324494374, 0.25715041160583496
1.3265226509999999, 0.2595539093017578
1.328533485, 0.2716708183288574
1.330599675, 0.25248217582702637
1.332603794, 0.24627017974853516
1.3347255439999999, 0.2498798370361328
1.33681142, 0.25121641159057617
1.338819858, 0.24988269805908203
1.340868785, 0.240065336227417
1.342860954, 0.24013566970825195
1.34489474, 0.2541060447692871
1.346902719, 0.25176262855529785
1.348922402, 0.25246596336364746
1.352003791, 0.2527732849121094
1.353003352, 0.2473893165588379
1.355066125, 0.25441884994506836
1.357020731, 0.25025486946105957
1.359062883, 0.24648022651672363
1.361079857, 0.2454824447631836
1.363154087, 0.2378528118133545
1.365171838, 0.24821066856384277
1.36723009, 0.25182533264160156
1.369242447, 0.2483675479888916
1.371262533, 0.24439716339111328
1.373298772, 0.2621145248413086
1.3753183039999999, 0.26912713050842285
1.377344902, 0.25887179374694824
1.3795227190000001, 0.26358604431152344
1.381503627, 0.25316691398620605
1.383580698, 0.2481369972229004
1.385575593, 0.2560751438140869
1.387593305, 0.2629213333129883
1.38962495, 0.25711584091186523
1.3916432570000001, 0.2528388500213623
1.3936958179999999, 0.26108264923095703
1.395688451, 0.25527429580688477
1.397887002, 0.262362003326416
1.400450604, 0.25722694396972656
1.4018923220000001, 0.24417710304260254
1.403910394, 0.2519402503967285
1.405923282, 0.26167869567871094
1.407935583, 0.261979341506958
1.409964364, 0.25820398330688477
1.411992051, 0.26056838035583496
1.414067353, 0.26909518241882324
1.416094159, 0.2593841552734375
1.418129715, 0.2540910243988037
1.420149691, 0.25588130950927734
1.42217159, 0.25376081466674805
1.424236576, 0.25321316719055176
1.4262633230000001, 0.25597357749938965
1.428263137, 0.25898051261901855
1.430286148, 0.25754475593566895
1.432326721, 0.25859642028808594
1.434361599, 0.2687351703643799
1.436416253, 0.26059770584106445
1.439023712, 0.2584998607635498
1.4413786499999999, 0.26493215560913086
1.443443019, 0.2567274570465088
1.445445829, 0.2729942798614502
1.447490879, 0.28171706199645996
1.449549798, 0.2706027030944824
1.4515465619999999, 0.2665865421295166
1.453573411, 0.27370309829711914
1.455592154, 0.27300500869750977
1.457619744, 0.271167516708374
1.459695785, 0.26438331604003906
1.461718854, 0.252910852432251
1.463745633, 0.2563002109527588
1.465776296, 0.2739410400390625
1.467758436, 0.25516700744628906
1.469808553, 0.2608790397644043
1.471830387, 0.2638053894042969
1.47385119, 0.2635464668273926
1.4758671190000001, 0.25907039642333984
1.477898577, 0.2659566402435303
1.479932518, 0.25926804542541504
1.48194782, 0.25742220878601074
1.483994187, 0.27001333236694336
1.486028194, 0.26124000549316406
1.488101211, 0.25487184524536133
1.49008388, 0.2557036876678467
1.49210481, 0.2511312961578369
1.494141238, 0.25833892822265625
1.496201621, 0.2540304660797119
1.498201245, 0.260265588760376
1.500276585, 0.2566952705383301
1.502480717, 0.26311182975769043
1.504578124, 0.27097034454345703
1.506520556, 0.26308774948120117
1.508526048, 0.271251916885376
1.5106038000000002, 0.249100923538208
1.512596888, 0.2393031120300293
1.514596294, 0.2602095603942871
1.5169224319999999, 0.25156569480895996
1.518936281, 0.2577366828918457
1.520979316, 0.2557201385498047
1.522984819, 0.25084805488586426
1.525022013, 0.25478672981262207
1.52706762, 0.26201963424682617
1.52911826, 0.2674684524536133
1.53110458, 0.2653167247772217
1.533330922, 0.25130438804626465
1.535321537, 0.2617795467376709
1.5372956100000001, 0.2596743106842041
1.539379039, 0.2630026340484619
1.541598563, 0.2547299861907959
1.5437242709999999, 0.24622726440429688
1.545646978, 0.2553720474243164
1.547657048, 0.25511908531188965
1.549707378, 0.2587616443634033
1.551951319, 0.25279831886291504
1.554038582, 0.24589037895202637
1.55607122, 0.26062703132629395
1.558081335, 0.2553226947784424
1.560195211, 0.2565500736236572
1.5621587209999999, 0.25868749618530273
1.564171317, 0.26183271408081055
1.566198932, 0.27379846572875977
1.568246495, 0.2615540027618408
1.570241408, 0.2604835033416748
1.572265609, 0.2617526054382324
1.574329812, 0.26516103744506836
1.576334721, 0.26516294479370117
1.578348978, 0.2624053955078125
1.5803849300000001, 0.2666208744049072
1.58241101, 0.2508246898651123
1.5844311850000001, 0.2814302444458008
1.5864781190000001, 0.27335476875305176
1.588504333, 0.2658538818359375
1.5907298220000001, 0.2587766647338867
1.5927291810000002, 0.24839258193969727
1.594778728, 0.26164722442626953
1.5967923609999999, 0.260573148727417
1.598836436, 0.2618715763092041
1.6008776, 0.25937604904174805
1.602865178, 0.2547140121459961
1.604891328, 0.2607078552246094
1.6069509389999999, 0.2654547691345215
1.6089388709999999, 0.26259922981262207
1.610989147, 0.25484538078308105
1.61300483, 0.2573685646057129
1.61502109, 0.2621300220489502
1.61703573, 0.25730109214782715
1.619067227, 0.25323915481567383
1.6211024269999998, 0.24395489692687988
1.623127421, 0.24467062950134277
1.625195526, 0.2618584632873535
1.627230151, 0.25755977630615234
1.6292540660000001, 0.2649977207183838
1.6312511619999999, 0.2634141445159912
1.633269987, 0.25506114959716797
1.6353118420000001, 0.26885318756103516
1.637345726, 0.2548956871032715
1.6393394460000001, 0.2630155086517334
1.641649312, 0.2518630027770996
1.6436812669999998, 0.26544928550720215
1.645744519, 0.26445746421813965
1.6477551099999999, 0.2747008800506592
1.6497715990000001, 0.268430233001709
1.6517976330000002, 0.2718327045440674
1.6538165280000001, 0.2659292221069336
1.655859398, 0.2696049213409424
1.6578847030000001, 0.26497840881347656
1.6600655149999999, 0.25265932083129883
1.662027586, 0.24604535102844238
1.664100785, 0.2531850337982178
1.6660856910000001, 0.24686932563781738
1.668134722, 0.25609683990478516
1.670161604, 0.26026344299316406
1.672236962, 0.25391650199890137
1.6742189330000001, 0.2532784938812256
1.676255628, 0.25148701667785645
1.67841313, 0.2572493553161621
1.680357135, 0.23893308639526367
1.682373251, 0.23352622985839844
1.684399743, 0.24287009239196777
1.686433404, 0.2468726634979248
1.689433426, 0.2624967098236084
1.691619449, 0.2537269592285156
1.69349368, 0.24210810661315918
1.695634653, 0.24456453323364258
1.6975786309999998, 0.24348974227905273
1.6996656749999999, 0.2417442798614502
1.701980957, 0.2497565746307373
1.703958687, 0.2536344528198242
1.7060064069999998, 0.2674078941345215
1.708017056, 0.2704129219055176
1.710481959, 0.26882410049438477
1.712419253, 0.24693942070007324
1.7144558079999999, 0.26040101051330566
1.716489197, 0.25961947441101074
1.718492523, 0.2622380256652832
1.720532111, 0.2603280544281006
1.722545547, 0.2565469741821289
1.724595741, 0.2670445442199707
1.726600038, 0.2571067810058594
1.72864799, 0.2686460018157959
1.730652775, 0.26706695556640625
1.732681309, 0.2627589702606201
1.734711687, 0.26834750175476074
1.736730219, 0.2698488235473633
1.738797243, 0.2639949321746826
1.740821125, 0.2546207904815674
1.74281615, 0.24335026741027832
1.744855085, 0.25402379035949707
1.746886886, 0.2557227611541748
1.7488967930000001, 0.26734495162963867
1.750944668, 0.2638225555419922
1.753011946, 0.25974607467651367
1.7549643750000001, 0.2616539001464844
1.757083978, 0.26178860664367676
1.759042574, 0.2549149990081787
1.761143355, 0.2543461322784424
1.763126451, 0.24246740341186523
1.76515823, 0.25010061264038086
1.7673619980000002, 0.25905394554138184
1.769387265, 0.2671337127685547
1.771397452, 0.25808000564575195
1.773425952, 0.25744175910949707
1.775453411, 0.26308321952819824
1.777501731, 0.2658274173736572
1.779528729, 0.25588226318359375
1.7815599770000001, 0.254166841506958
1.7835933339999999, 0.24711203575134277
1.785676993, 0.26691341400146484
1.787606528, 0.2653524875640869
1.789705043, 0.2608046531677246
1.791996371, 0.2687404155731201
1.79371195, 0.2641582489013672
1.795733352, 0.26763057708740234
1.7977474199999999, 0.25037312507629395
1.799778543, 0.26126909255981445
1.801802283, 0.2485361099243164
1.803824082, 0.25034308433532715
1.8059662589999999, 0.2554614543914795
1.807990464, 0.253023624420166
1.810010921, 0.2681879997253418
1.81204882, 0.2569856643676758
1.814129973, 0.25715136528015137
1.8160825269999998, 0.2583014965057373
1.8181325720000001, 0.26528143882751465
1.8201687340000001, 0.2540168762207031
1.82219639, 0.25197911262512207
1.8242095090000001, 0.26493406295776367
1.8262124119999998, 0.2557539939880371
1.828239956, 0.2459561824798584
1.8302614419999998, 0.26317477226257324
1.832290595, 0.2463679313659668
1.8343646759999999, 0.26585888862609863
1.836378354, 0.25287699699401855
1.838396022, 0.2577393054962158
1.840401009, 0.2507600784301758
1.8424178549999999, 0.2528097629547119
1.844484253, 0.2603750228881836
1.8464777350000001, 0.257427453994751
1.848507699, 0.2595221996307373
1.852844489, 0.2661764621734619
1.855053842, 0.26214027404785156
1.857067518, 0.2685563564300537
1.85908323, 0.25879621505737305
1.861172746, 0.26627302169799805
1.863201921, 0.2575955390930176
1.865212309, 0.2687671184539795
1.8672370489999999, 0.26276612281799316
1.869366561, 0.2597842216491699
1.8715876219999998, 0.26449060440063477
1.873505524, 0.2617623805999756
1.8755171499999999, 0.27389073371887207
1.87753222, 0.27352070808410645
1.879571536, 0.2654552459716797
1.881582637, 0.2786295413970947
1.883616885, 0.26656126976013184
1.885647526, 0.2686617374420166
1.887678603, 0.260941743850708
1.889764014, 0.2608826160430908
1.8918873170000001, 0.2666950225830078
1.8938922329999999, 0.2667989730834961
1.89590576, 0.2630188465118408
1.8979219, 0.27155113220214844
1.89995863, 0.2622110843658447
1.9020143649999999, 0.26677608489990234
1.904063736, 0.2718534469604492
1.90602612, 0.26804685592651367
1.9080807210000001, 0.2773277759552002
1.9100993019999999, 0.2702815532684326
1.912132845, 0.2654433250427246
1.914153054, 0.2733161449432373
1.916152711, 0.2709531784057617
1.91827934, 0.2729458808898926
1.9202326269999999, 0.26458191871643066
1.9223214309999999, 0.27005839347839355
1.9256618159999999, 0.26828527450561523
1.928739612, 0.27672386169433594
1.932668678, 0.2728397846221924
1.934769003, 0.27236485481262207
1.936876012, 0.27010035514831543
1.938983506, 0.2654101848602295
1.941018522, 0.26077985763549805
1.9430189709999999, 0.2611236572265625
1.946269221, 0.2636380195617676
1.948252326, 0.27223896980285645
1.9503094989999998, 0.26468324661254883
1.952353333, 0.26409339904785156
1.95433731, 0.273526668548584
1.956357216, 0.2784287929534912
1.95839687, 0.27736520767211914
1.9604367969999998, 0.2672154903411865
1.9624536830000001, 0.24405241012573242
1.964501421, 0.25223660469055176
1.96650365, 0.2548813819885254
1.968576036, 0.2637147903442383
1.970571995, 0.26317906379699707
1.9726910050000002, 0.2568793296813965
1.9746803929999999, 0.2748680114746094
1.9766888489999999, 0.2657508850097656
1.978786719, 0.260697603225708
1.9808305430000002, 0.2639963626861572
1.9828334490000001, 0.2666287422180176
1.984876246, 0.2583811283111572
1.986884592, 0.2588787078857422
1.988945204, 0.26730775833129883
1.9909736900000001, 0.2620232105255127
1.993810978, 0.25083208084106445
1.995859058, 0.2566080093383789
1.99790479, 0.25364065170288086
1.99989859, 0.24898624420166016
2.002409437, 0.235335111618042
2.004348743, 0.24379229545593262
2.006374594, 0.25444650650024414
2.008388967, 0.2557487487792969
2.010451915, 0.2562282085418701
2.012432957, 0.25060272216796875
2.014504983, 0.25600671768188477
2.016510671, 0.25853610038757324
2.018535328, 0.26492905616760254
2.020566986, 0.26303982734680176
2.022625649, 0.2383718490600586
2.025507844, 0.2632477283477783
2.027499618, 0.2619023323059082
2.029548172, 0.26848840713500977
2.031585034, 0.26828622817993164
2.03356569, 0.262040376663208
2.035622458, 0.25591540336608887
2.037618458, 0.25206565856933594
2.039780966, 0.2558863162994385
2.042020352, 0.2586853504180908
2.043979057, 0.26600098609924316
2.046008648, 0.25788378715515137
2.048059409, 0.26662206649780273
2.050088589, 0.2654538154602051
2.052106375, 0.2591702938079834
2.054146086, 0.2612786293029785
2.056151794, 0.25926852226257324
2.058242314, 0.26110172271728516
2.060247734, 0.2581791877746582
2.06235222, 0.26209449768066406
2.064381893, 0.2746737003326416
2.066433984, 0.27254176139831543
2.06845678, 0.28568601608276367
2.070449581, 0.26605820655822754
2.072616531, 0.28758955001831055
2.074616922, 0.28472352027893066
2.076671659, 0.26932740211486816
2.078753045, 0.26500773429870605
2.080711147, 0.27033233642578125
2.082735828, 0.2664821147918701
2.084810042, 0.27984166145324707
2.086807454, 0.26737499237060547
2.088859416, 0.27693724632263184
2.0909991, 0.2798309326171875
2.093525248, 0.26612353324890137
2.096362613, 0.26195812225341797
2.098406946, 0.25814390182495117
2.100484841, 0.25618672370910645
2.102464829, 0.25435948371887207
2.104518258, 0.265413761138916
2.107117827, 0.26677966117858887
2.109128914, 0.26363468170166016
2.111389073, 0.2630932331085205
2.113395356, 0.2649271488189697
2.115424306, 0.25905394554138184
2.117474375, 0.2596423625946045
2.119476567, 0.2454824447631836
2.121476181, 0.23903441429138184
2.123525289, 0.25093746185302734
2.125557957, 0.25192928314208984
2.127581878, 0.26106905937194824
2.129592474, 0.2516348361968994
2.131623984, 0.26412391662597656
2.133640316, 0.2572312355041504
2.13569294, 0.2549448013305664
2.137707192, 0.2677338123321533
2.139709697, 0.25790858268737793
2.141854356, 0.25284624099731445
2.143815175, 0.2514352798461914
2.145823296, 0.2520308494567871
2.147876293, 0.25559258460998535
2.149910849, 0.2507822513580322
