0.350237406, 0.8197490572929382
0.352261393, 0.8228957056999207
0.354287049, 0.8189628720283508
0.35631556, 0.8229852318763733
0.358326742, 0.8172048926353455
0.360606261, 0.8144881129264832
0.363358007, 0.8038352131843567
0.365388744, 0.8200114369392395
0.36739251, 0.827091634273529
0.370071787, 0.8201075196266174
0.371450535, 0.8215144276618958
0.373525958, 0.8215523362159729
0.375507464, 0.8180838227272034
0.377838475, 0.8132277131080627
0.379824466, 0.8120175004005432
0.381870366, 0.8048473000526428
0.383894348, 0.8055950999259949
0.385952147, 0.8197806477546692
0.387936003, 0.8213075995445251
0.389955811, 0.8163190484046936
0.391996684, 0.8155284523963928
0.394014064, 0.816870391368866
0.39603563, 0.8159127831459045
0.398063246, 0.8165271878242493
0.40008581, 0.8093413710594177
0.402133061, 0.8024523854255676
0.404161594, 0.8141738772392273
0.40617221, 0.8306125998497009
0.408224484, 0.8249678015708923
0.410269487, 0.8214523196220398
0.41224952, 0.8256363272666931
0.414267584, 0.8282178044319153
0.416309996, 0.8314934372901917
0.418334416, 0.8260014653205872
0.420343106, 0.8186673521995544
0.422416961, 0.8105270266532898
0.424443802, 0.8169843554496765
0.426411433, 0.8325229287147522
0.428464429, 0.8207442164421082
0.43048385, 0.8196423649787903
0.432595423, 0.8213338255882263
0.434524337, 0.825375497341156
0.436606315, 0.829474151134491
0.439033229, 0.81986004114151
0.442303916, 0.8038321137428284
0.444351047, 0.8161937594413757
0.446373223, 0.8198478817939758
0.448385099, 0.8128140568733215
0.450419443, 0.8088197112083435
0.45245319, 0.8026884198188782
0.454481913, 0.805759608745575
0.456534382, 0.8082690834999084
0.458524197, 0.8049970269203186
0.460796448, 0.8029151558876038
0.462586051, 0.7935544848442078
0.464595933, 0.8150143027305603
0.466623292, 0.8269768357276917
0.468664234, 0.8192124962806702
0.470696598, 0.8170331120491028
0.472698576, 0.8248206973075867
0.47475129, 0.8195285201072693
0.476766259, 0.822410523891449
0.478868949, 0.8164717555046082
0.480899384, 0.8097136616706848
0.482891647, 0.8065134882926941
0.484923384, 0.823826014995575
0.4869739, 0.8359759449958801
0.488975188, 0.8277000784873962
0.491031265, 0.820379912853241
0.493046898, 0.8228437304496765
0.496455203, 0.8235743641853333
0.497115516, 0.814113199710846
0.499145821, 0.8097636103630066
0.501308146, 0.8013095259666443
0.50329829, 0.8005953431129456
0.505283244, 0.8147168755531311
0.507320125, 0.8193454146385193
0.509348967, 0.8162139058113098
0.511343663, 0.8120271563529968
0.513379544, 0.8183498978614807
0.51540219, 0.8152348399162292
0.517443615, 0.8155604004859924
0.519440284, 0.8096933960914612
0.521465707, 0.8020743727684021
0.523492477, 0.800616443157196
0.525514698, 0.8166622519493103
0.527551501, 0.8212224841117859
0.529604519, 0.8167794346809387
0.531634564, 0.8197839856147766
0.533606586, 0.8232914805412292
0.535656322, 0.8262924551963806
0.537666472, 0.8233376145362854
0.539729462, 0.8203657269477844
0.541795506, 0.8123940825462341
0.54376631, 0.8146242499351501
0.545777005, 0.8259499669075012
0.547811367, 0.8252678513526917
0.549817922, 0.8214525580406189
0.553293902, 0.8301088213920593
0.55527695, 0.8269283175468445
0.557282877, 0.8309565186500549
0.559303326, 0.8199979662895203
0.561390104, 0.8174253106117249
0.563359344, 0.8211503624916077
0.565359393, 0.8293663859367371
0.567372093, 0.8343982100486755
0.569434821, 0.828042209148407
0.571438919, 0.8220836520195007
0.57344894, 0.8211211562156677
0.575494608, 0.8215070366859436
0.577537431, 0.818959653377533
0.579536567, 0.8147111535072327
0.581617095, 0.8072358965873718
0.583622324, 0.8068937659263611
0.585659836, 0.8175967335700989
0.587675903, 0.8259796500205994
0.589737001, 0.825931966304779
0.591730947, 0.8221191763877869
0.593768324, 0.8233413100242615
0.595760258, 0.8235766291618347
0.5978431, 0.8230568766593933
0.599834606, 0.8147051930427551
0.60185826, 0.80349200963974
0.603885012, 0.8073887228965759
0.605931721, 0.8206010460853577
0.607917875, 0.8195456862449646
0.609977302, 0.8149781823158264
0.612106341, 0.8171972632408142
0.614129672, 0.8175823092460632
0.616115364, 0.8219727873802185
0.618162992, 0.8182489275932312
0.620198748, 0.813244640827179
0.622221128, 0.8013774752616882
0.624253823, 0.8117182850837708
0.626343915, 0.8174688220024109
0.628275517, 0.8139140009880066
0.630315135, 0.8045631051063538
0.632339188, 0.8102229237556458
0.634396633, 0.8077071309089661
0.636390385, 0.8180633187294006
0.63845878, 0.8142673373222351
0.640583322, 0.8117675185203552
0.642537748, 0.7985675930976868
0.64454915, 0.8121225237846375
0.646590878, 0.8200921416282654
0.648669466, 0.8139849305152893
0.650915917, 0.8133216500282288
0.652932325, 0.8124849200248718
0.654952792, 0.8137943148612976
0.657038981, 0.8188486695289612
0.659023224, 0.8118626475334167
0.661055452, 0.8083917498588562
0.663112279, 0.8101984858512878
0.66512076, 0.8161924481391907
0.667115113, 0.8266404271125793
0.66916067, 0.8204153180122375
0.67169294, 0.8186450600624084
0.673773393, 0.820243775844574
0.675739577, 0.8261666893959045
0.677763382, 0.8193902373313904
0.679794433, 0.8182862401008606
0.681806229, 0.8086563944816589
0.683854861, 0.8140372633934021
0.685894772, 0.8232946991920471
0.687897625, 0.8216102719306946
0.689931806, 0.8192197680473328
0.69217632, 0.8199827075004578
0.695537993, 0.8243134617805481
0.697575157, 0.8206245303153992
0.699635923, 0.8185473084449768
0.70168694, 0.816521942615509
0.703700317, 0.813299834728241
0.705678495, 0.8278586268424988
0.707716975, 0.8309362530708313
0.709750615, 0.8267067074775696
0.711802132, 0.8257308602333069
0.713812908, 0.8256911635398865
0.715823726, 0.8277754187583923
0.717863773, 0.8254284262657166
0.719929133, 0.8248818516731262
0.72189799, 0.8102596402168274
0.723979002, 0.8152173161506653
0.725961264, 0.8244753479957581
0.727977686, 0.828677237033844
0.730038981, 0.8296522498130798
0.732016458, 0.8260090947151184
0.734058696, 0.8295180201530457
0.736069191, 0.8258518576622009
0.738119479, 0.8211453557014465
0.740144734, 0.81617671251297
0.742154198, 0.8075750470161438
0.744168644, 0.8100404143333435
0.746236462, 0.8248050808906555
0.748216781, 0.8199185729026794
0.750259179, 0.8129965662956238
0.752282029, 0.8146870732307434
0.754324367, 0.8157574534416199
0.756376796, 0.8175494074821472
0.758385563, 0.8108770251274109
0.760401603, 0.8092649579048157
0.762417783, 0.8010678887367249
0.76451515, 0.8047550320625305
0.766492022, 0.8179849982261658
0.768544062, 0.8147650361061096
0.770772276, 0.8127376437187195
0.772779424, 0.8172505497932434
0.774838284, 0.8202258944511414
0.77692785, 0.8248832821846008
0.778958378, 0.8173993229866028
0.781436392, 0.8087033629417419
0.783463589, 0.8079332709312439
0.785495519, 0.8172903656959534
0.787514655, 0.8226630091667175
0.78955082, 0.8253733515739441
0.791581645, 0.8241198658943176
0.793613199, 0.8220904469490051
0.795710514, 0.8256595730781555
0.797996849, 0.8154826760292053
0.800570784, 0.8115529417991638
0.802794942, 0.8023447394371033
0.804749968, 0.8152710795402527
0.806800978, 0.8237455487251282
0.809001072, 0.8129447102546692
0.810914816, 0.812807023525238
0.812940698, 0.8073573708534241
0.815019246, 0.8097452521324158
0.817030961, 0.8082042336463928
0.819090376, 0.8026934266090393
0.821052309, 0.8020654320716858
0.823128672, 0.795341432094574
0.825117419, 0.8139281868934631
0.827130098, 0.8211141228675842
0.829201186, 0.8172591328620911
0.831265014, 0.8169816136360168
0.834864979, 0.8174842000007629
0.836807694, 0.8241491913795471
0.839102297, 0.8186199069023132
0.841101154, 0.8174976706504822
0.843256785, 0.810156524181366
0.845316531, 0.8242025971412659
0.847344136, 0.8369061350822449
0.849371161, 0.8298199772834778
0.851394906, 0.827305257320404
0.853406033, 0.8278167843818665
0.855440905, 0.8316531777381897
0.857464025, 0.8249273896217346
0.859492672, 0.8263006806373596
0.861529431, 0.8124949336051941
0.86354955, 0.8115293383598328
0.865686459, 0.8221914172172546
0.86772646, 0.8248372673988342
0.86974936, 0.8255153298377991
0.871769444, 0.8213832974433899
0.873784359, 0.8181106448173523
0.875840535, 0.8202796578407288
0.877824204, 0.8149076104164124
0.879857245, 0.8106420636177063
0.88197503, 0.8064635396003723
0.883921128, 0.8061224818229675
0.885938144, 0.8215954899787903
0.888039901, 0.8198496699333191
0.890037793, 0.8170397877693176
0.892029441, 0.8167656064033508
0.894051377, 0.8161789774894714
0.896091616, 0.8189219832420349
0.898129608, 0.8141282200813293
0.900173571, 0.8198637366294861
0.902261702, 0.8134050965309143
0.904235791, 0.8179759383201599
0.906244233, 0.8244239687919617
0.908300895, 0.8247057795524597
0.910287669, 0.8232818245887756
0.912331742, 0.8189508318901062
0.914355998, 0.8198276162147522
0.916399589, 0.8204403519630432
0.918439417, 0.8237759470939636
0.920484421, 0.8233274817466736
0.92247019, 0.8123098015785217
0.924549582, 0.8234923481941223
0.926512517, 0.8346056342124939
0.928599187, 0.827349841594696
0.930594654, 0.8201649785041809
0.932594633, 0.8188498616218567
0.934631036, 0.8167250752449036
0.936654184, 0.813088595867157
0.938845768, 0.8108564019203186
0.940844416, 0.8041917681694031
0.942910045, 0.7957013249397278
0.945995947, 0.8112053275108337
0.948369986, 0.8182364106178284
0.950374486, 0.8120618462562561
0.952425014, 0.8119382262229919
0.954480832, 0.8156209588050842
0.956516067, 0.8144035935401917
0.958573692, 0.8110219836235046
0.960584155, 0.8082723021507263
0.962600852, 0.7990097403526306
0.964633728, 0.7993263602256775
0.966659478, 0.8119415640830994
0.968691879, 0.8058323264122009
0.970757579, 0.8078143000602722
0.972863054, 0.809321939945221
0.974867221, 0.8114708065986633
0.97682593, 0.8161572813987732
0.978870389, 0.8110640645027161
0.981212484, 0.8056808114051819
0.983448138, 0.799361526966095
0.98545561, 0.806628406047821
0.987484605, 0.8121398091316223
0.989519454, 0.810092031955719
0.991533049, 0.8129003643989563
0.993720803, 0.8118765950202942
0.995757585, 0.8135291934013367
0.997785182, 0.812260091304779
0.999789219, 0.8069047331809998
1.002409209, 0.8030686974525452
1.004499501, 0.8123529553413391
1.006724996, 0.8252070546150208
1.008790606, 0.8243584036827087
1.010807119, 0.8232832551002502
1.012810316, 0.823855459690094
1.01487932, 0.823131263256073
1.016956108, 0.8281705975532532
1.018868793, 0.8234067559242249
1.020897216, 0.818147599697113
1.023282401, 0.8094746470451355
1.024976208, 0.8233804106712341
1.027010038, 0.8314966559410095
1.029036895, 0.8256531357765198
1.031025147, 0.8252202868461609
1.033658869, 0.8266813158988953
1.035670124, 0.8267567753791809
1.037722836, 0.8223114609718323
1.039740922, 0.8129211068153381
1.041964606, 0.8001096844673157
1.043984782, 0.8121044039726257
1.046015346, 0.8243306279182434
1.048051601, 0.8262850642204285
1.050230041, 0.8246895670890808
1.0522117, 0.8211552500724792
1.054263265, 0.8156144022941589
1.056283013, 0.8236964344978333
1.058283481, 0.8159071803092957
1.060385542, 0.8088108897209167
1.062355025, 0.8032216429710388
1.064356749, 0.8146364092826843
1.066402952, 0.8282977938652039
1.068454399, 0.8250938057899475
1.070443995, 0.8267336487770081
1.072491778, 0.8259232640266418
1.074521669, 0.8241376280784607
1.076615318, 0.8225553631782532
1.078611218, 0.8149704337120056
1.080642605, 0.8133689761161804
1.082636091, 0.8123160004615784
1.084699741, 0.8237289786338806
1.086699802, 0.8294417262077332
1.088779145, 0.8229417204856873
1.090733219, 0.8213202357292175
1.092798685, 0.8242389559745789
1.09523093, 0.8228852152824402
1.098970587, 0.8235641121864319
1.101046851, 0.8061934113502502
1.10314159, 0.799354612827301
1.105142481, 0.8090342879295349
1.107181661, 0.8146397471427917
1.109522449, 0.8069234490394592
1.111532513, 0.8078851103782654
1.113530218, 0.805853545665741
1.11559079, 0.8061802983283997
1.117589165, 0.8032968640327454
1.119658243, 0.8000500798225403
1.121673239, 0.7959540486335754
1.123721207, 0.7922218441963196
1.125792028, 0.8069072365760803
1.127796159, 0.8105077147483826
1.129815329, 0.8115441203117371
1.131884525, 0.8093716502189636
1.133922182, 0.8110869526863098
1.135935934, 0.8154198527336121
1.137993623, 0.8130409121513367
1.1399957, 0.8099574446678162
1.142078982, 0.8012028336524963
1.14405374, 0.8113226294517517
1.1460892, 0.8240788578987122
1.148142185, 0.8266578316688538
1.150247793, 0.8227640986442566
1.1522011, 0.8215480446815491
1.154217068, 0.824400007724762
1.156251242, 0.8301399350166321
1.158292748, 0.8241690993309021
1.160368924, 0.8215653300285339
1.162351257, 0.8131707310676575
1.164362959, 0.8175948262214661
1.166384206, 0.8253381848335266
1.168430055, 0.8252944350242615
1.1704648340000001, 0.818467915058136
1.172534285, 0.8190085291862488
1.174521333, 0.816490113735199
1.176555667, 0.8168633580207825
1.178583523, 0.8119869828224182
1.18060546, 0.8128940463066101
1.182627832, 0.80270916223526
1.184648501, 0.8139387965202332
1.186695392, 0.8216200470924377
1.188712513, 0.817719042301178
1.190745483, 0.8115026354789734
1.192758978, 0.8104835152626038
1.194779467, 0.813511312007904
1.19690032, 0.8153104186058044
1.198888187, 0.81513911485672
1.200928329, 0.8171032071113586
1.202938085, 0.8140268921852112
1.20497584, 0.8256976008415222
1.206985185, 0.8346343636512756
1.209024196, 0.8347026705741882
1.211044602, 0.8323070406913757
1.213079402, 0.8336089253425598
1.215105033, 0.8281607031822205
1.219521815, 0.8273783326148987
1.221523179, 0.8207003474235535
1.223542782, 0.8144822716712952
1.22556536, 0.8295161128044128
1.227641765, 0.8324906229972839
1.229635355, 0.8240992426872253
1.231653039, 0.8173982501029968
1.233671383, 0.8159957528114319
1.23568637, 0.8134303689002991
1.23772363, 0.8096775412559509
1.239753873, 0.8056016564369202
1.241775976, 0.7968446612358093
1.243815177, 0.8017240166664124
1.245823939, 0.8145509362220764
1.24787718, 0.8162429928779602
1.249888929, 0.8120611310005188
1.251964064, 0.8138657212257385
1.253987698, 0.8106109499931335
1.255969281, 0.8060620427131653
1.258180695, 0.8013333678245544
1.260193666, 0.8003785014152527
1.262208256, 0.7947474122047424
1.264244876, 0.7949367165565491
1.266284863, 0.8110281825065613
1.2683413620000001, 0.8061451315879822
1.2703652, 0.802521288394928
1.272334506, 0.8116516470909119
1.2744252600000001, 0.8044094443321228
1.276482084, 0.8062174916267395
1.278595097, 0.8036285042762756
1.280611309, 0.7967212796211243
1.282641141, 0.7914181351661682
1.28466698, 0.8026255965232849
1.286677542, 0.8155285716056824
1.288706863, 0.8157932162284851
1.290724051, 0.8169860243797302
1.2927751189999999, 0.8207383751869202
1.294798937, 0.8239626288414001
1.296885444, 0.8214114308357239
1.2989164, 0.8205429911613464
1.300964793, 0.8114637732505798
1.302997758, 0.8003972172737122
1.30501566, 0.8122019171714783
1.307048239, 0.8221473097801208
1.3090789059999999, 0.8161279559135437
1.311133119, 0.8171051144599915
1.313134732, 0.8232206702232361
1.31518019, 0.821106493473053
1.317164752, 0.8318901658058167
1.319203801, 0.8166696429252625
1.3212280619999999, 0.8090500235557556
1.323545188, 0.8064590096473694
1.325561708, 0.8159993290901184
1.32758906, 0.8161236643791199
1.3296164080000001, 0.8101051449775696
1.331949442, 0.8078485131263733
1.333690223, 0.8112054467201233
1.335783605, 0.8134134411811829
1.337804687, 0.8101410269737244
1.339830501, 0.8103335499763489
1.342287708, 0.7974672913551331
1.3438757749999999, 0.7997666001319885
1.34591653, 0.8096266388893127
1.347977947, 0.8065484166145325
1.350060578, 0.8126605153083801
1.351993348, 0.8067197203636169
1.354021205, 0.8053682446479797
1.356138689, 0.8130971789360046
1.358151959, 0.8116798996925354
1.360178383, 0.8117005228996277
1.362230381, 0.8096022009849548
1.3642817919999999, 0.8131762146949768
1.3663120069999999, 0.8234595656394958
1.368323282, 0.8236338496208191
1.370301981, 0.8208814263343811
1.372324705, 0.8249403834342957
1.374397977, 0.8249292969703674
1.376454633, 0.8302927613258362
1.378500174, 0.8279423117637634
1.380525145, 0.8287544846534729
1.382507674, 0.8230465054512024
1.384548591, 0.8276157975196838
1.38654092, 0.835494339466095
1.388589166, 0.8330309987068176
1.390674263, 0.8321097493171692
1.392656256, 0.8249592185020447
1.394668553, 0.823174774646759
1.396858088, 0.8211711049079895
1.398817135, 0.8169912695884705
1.400844088, 0.80682772397995
1.4028617890000001, 0.8037893176078796
1.404898809, 0.8156684041023254
1.406910611, 0.8190701603889465
1.408958487, 0.8150721192359924
1.411095759, 0.8048984408378601
1.4132184190000001, 0.8039980530738831
1.4152349960000001, 0.8027439713478088
1.4172443559999999, 0.7999927401542664
1.41929684, 0.7957032322883606
1.421360484, 0.7930191159248352
1.423327783, 0.7906221747398376
1.425365626, 0.80794757604599
1.427394628, 0.8191116452217102
1.429446816, 0.8120778203010559
1.4314601439999999, 0.808184802532196
1.4335936, 0.806366503238678
1.435562282, 0.807712972164154
1.437549294, 0.8076887726783752
1.439774351, 0.8053688406944275
1.442708598, 0.8011830449104309
1.444695323, 0.8160318732261658
1.446708709, 0.8253934979438782
1.448745888, 0.822231113910675
1.450792968, 0.8197632431983948
1.452808489, 0.82024747133255
1.454829635, 0.8240627646446228
1.456851868, 0.822121798992157
1.458951949, 0.8171237111091614
1.461035389, 0.8098506331443787
1.4629837700000001, 0.8038173317909241
1.465085553, 0.811761200428009
1.467019296, 0.825775682926178
1.469090443, 0.811898410320282
1.472497694, 0.8061977028846741
1.474569862, 0.8021813035011292
1.476586491, 0.8051391243934631
1.47856279, 0.7995571494102478
1.480596878, 0.7956158518791199
1.482635044, 0.7890791296958923
1.484809683, 0.8039007782936096
1.486811187, 0.8161631226539612
1.488842597, 0.8085039258003235
1.490931239, 0.806990921497345
1.492969163, 0.8111050724983215
1.49494571, 0.8109799027442932
1.496990389, 0.8187001347541809
1.499062172, 0.8106030821800232
1.501104644, 0.8075866103172302
1.5031639879999998, 0.804498016834259
1.505361026, 0.8200474381446838
1.507694136, 0.8295267224311829
1.509628938, 0.8298400044441223
1.511675448, 0.8276174664497375
1.513752034, 0.8285010457038879
1.515710918, 0.8287375569343567
1.5177736080000002, 0.8270747065544128
1.519761476, 0.8238510489463806
1.522009897, 0.8200141787528992
1.5241552299999999, 0.8192567229270935
1.52616116, 0.8329508900642395
1.528204176, 0.8357459902763367
1.530234101, 0.8348528742790222
1.532324498, 0.835428774356842
1.53619623, 0.8282269835472107
1.538227546, 0.8290068507194519
1.540362563, 0.8261688351631165
1.5425297470000001, 0.8107511401176453
1.544552025, 0.8096380829811096
1.54656268, 0.8289458155632019
1.548600958, 0.8210423588752747
1.550623545, 0.8180660605430603
1.552657746, 0.8184992671012878
1.554730609, 0.8197374939918518
1.556770658, 0.8223088383674622
1.558786462, 0.8118607401847839
1.560927422, 0.807216465473175
1.563389741, 0.8009200692176819
1.5654282940000002, 0.8177469372749329
1.5674097059999998, 0.8201829791069031
1.569438428, 0.8199923634529114
1.571521518, 0.8182646632194519
1.5735614180000002, 0.8165720105171204
1.575577675, 0.8203665614128113
1.5775954859999999, 0.8188261389732361
1.579610852, 0.8155990242958069
1.5821700010000002, 0.8076171278953552
1.584312441, 0.8125724196434021
1.586327254, 0.8254972100257874
1.5883962409999999, 0.8204650282859802
1.590370947, 0.8198416829109192
1.5924182070000001, 0.8176993727684021
1.594448677, 0.8182081580162048
1.596509145, 0.8159055113792419
1.6001822799999998, 0.8110341429710388
1.602131654, 0.794725239276886
1.604178919, 0.7976952195167542
1.6066660590000001, 0.8227816224098206
1.6086612, 0.8149892687797546
1.6106909059999999, 0.8132162690162659
1.612710374, 0.8133123517036438
1.614747374, 0.8121059536933899
1.6167697890000001, 0.8104090094566345
1.6188159020000001, 0.8070142865180969
1.620819832, 0.7996116280555725
1.622832684, 0.7960734963417053
1.624877019, 0.8040441870689392
1.626885199, 0.8218900561332703
1.628936635, 0.8078863024711609
1.630954158, 0.8058311343193054
1.63295674, 0.8073018193244934
1.635014719, 0.8114452958106995
1.637032574, 0.8079999089241028
1.6390482610000001, 0.8064891695976257
1.641080019, 0.8045027852058411
1.643126308, 0.7927517294883728
1.645115807, 0.806252658367157
1.647143345, 0.8194240927696228
1.649448893, 0.8120153546333313
1.651205768, 0.8173797726631165
1.65326701, 0.8165547251701355
1.655268357, 0.8174654841423035
1.657288416, 0.8228469491004944
1.659339729, 0.8157995343208313
1.661345751, 0.8098853230476379
1.6633535670000001, 0.8082596659660339
1.6653876250000001, 0.8172624707221985
1.667412461, 0.8260063529014587
1.669453482, 0.8198187947273254
1.671479991, 0.8215121626853943
1.673501221, 0.8283087611198425
1.6755862449999999, 0.8270761370658875
1.677581421, 0.8298365473747253
1.679676315, 0.8285905718803406
1.681608447, 0.8228662610054016
1.683679963, 0.8256149888038635
1.685724112, 0.8317793011665344
1.687723902, 0.8364478945732117
1.6897253669999999, 0.8328196406364441
1.691775218, 0.829389750957489
1.693797115, 0.8298420310020447
1.695808269, 0.8277261853218079
1.699303469, 0.8290085196495056
1.701908889, 0.8193903565406799
1.704052054, 0.8219148516654968
1.706044422, 0.8361164927482605
1.708103238, 0.8319670557975769
1.710108674, 0.820440948009491
1.7121178449999999, 0.821628987789154
1.7141630490000002, 0.8172232508659363
1.716244366, 0.8122245669364929
1.718212573, 0.8065199255943298
1.72024285, 0.8035634160041809
1.722262383, 0.8005420565605164
1.724302521, 0.807601273059845
1.7262956329999999, 0.817129909992218
1.7283469390000001, 0.8202390074729919
1.7304096150000001, 0.8161945939064026
1.732395805, 0.8166658282279968
1.7344182479999999, 0.8164504170417786
1.7364285750000001, 0.8176243901252747
1.738480376, 0.8163862824440002
1.740529783, 0.8160688281059265
1.742514672, 0.8115348219871521
1.744562289, 0.8143541216850281
1.746560841, 0.8268445134162903
1.748600933, 0.8201287388801575
1.750622317, 0.8186710476875305
1.752658026, 0.8218631148338318
1.754724028, 0.8225842118263245
1.756697708, 0.822610080242157
1.758726136, 0.8154712319374084
1.760792576, 0.8082184195518494
1.7629614409999999, 0.8010299801826477
1.764970427, 0.8064153790473938
1.767009294, 0.8166996836662292
1.769024492, 0.8100984692573547
1.771050295, 0.8065521121025085
1.773081057, 0.8080235123634338
1.7751008719999999, 0.8102558255195618
1.777121494, 0.8094357848167419
1.7791813109999999, 0.7994672656059265
1.781212273, 0.8000951409339905
1.783215615, 0.789957582950592
1.785258333, 0.8047029376029968
1.787282244, 0.8133119940757751
1.789300887, 0.8094597458839417
1.791326886, 0.8063506484031677
1.7933452239999998, 0.8074186444282532
1.795354522, 0.8060980439186096
1.7973849880000001, 0.8050301671028137
1.799434088, 0.8057754635810852
1.801434725, 0.7970992922782898
1.803475038, 0.7916246056556702
1.80547087, 0.8114301562309265
1.8075171829999999, 0.8167387843132019
1.809565245, 0.8083989024162292
1.8115801710000001, 0.8133557438850403
1.813608272, 0.8143799901008606
1.815933578, 0.8223616480827332
1.819011989, 0.820436418056488
1.821040235, 0.8142868876457214
1.823043398, 0.8057668805122375
1.825098506, 0.8224077820777893
1.827093235, 0.8310776352882385
1.82914069, 0.8267069458961487
1.831181032, 0.8248627781867981
1.833205124, 0.8252500891685486
1.835251837, 0.8286879658699036
1.837396677, 0.8245386481285095
1.8393099309999998, 0.8188601136207581
1.84156141, 0.8047735095024109
1.8435335830000001, 0.8022026419639587
1.8455773770000001, 0.8124985098838806
1.847574468, 0.8292472958564758
1.84960471, 0.8200697302818298
1.8516462169999999, 0.815129816532135
1.853663608, 0.8168359398841858
1.8557305670000002, 0.8260956406593323
1.857705656, 0.8210659623146057
1.859724183, 0.8162375092506409
1.861768927, 0.8109820485115051
1.8637743759999998, 0.8098325133323669
1.8658097790000001, 0.8273254036903381
1.867855608, 0.8243129849433899
1.8698686869999999, 0.8209661841392517
1.87189367, 0.8208680748939514
1.873921916, 0.8202295899391174
1.875929267, 0.8258915543556213
1.8779822350000002, 0.8219843506813049
1.879979608, 0.8211076855659485
1.882025347, 0.8143346905708313
1.884070761, 0.8140731453895569
1.886072259, 0.8245434165000916
1.888092639, 0.8292950987815857
1.890128466, 0.8244622349739075
1.8921582030000001, 0.8252553343772888
1.894201115, 0.8260453343391418
1.89625738, 0.8228604197502136
1.898224769, 0.8272791504859924
1.900312462, 0.8207688927650452
1.902491352, 0.8083880543708801
1.9046390469999999, 0.8134855628013611
1.906634237, 0.8247649073600769
1.908630899, 0.8169230818748474
1.9106409850000001, 0.8120107054710388
1.9126652210000001, 0.808257520198822
1.9147120979999999, 0.809208333492279
1.916721559, 0.811033308506012
1.918833528, 0.8026198744773865
1.921029712, 0.8028996586799622
1.923109689, 0.793801486492157
1.925072293, 0.8032465577125549
1.9271086689999999, 0.81341153383255
1.929124205, 0.8056612610816956
1.931163854, 0.801402747631073
1.9332516709999998, 0.8009462952613831
1.9352306129999999, 0.803719699382782
1.937268482, 0.80645352602005
1.939288736, 0.8049400448799133
1.94134159, 0.798274576663971
1.943371312, 0.7976635098457336
1.945394248, 0.8135655522346497
1.947447409, 0.8150851130485535
1.949471161, 0.8131785988807678
1.951482604, 0.8083956837654114
1.95350637, 0.8102033734321594
1.9555735890000001, 0.8113521933555603
1.957588559, 0.8098165392875671
1.9596074049999999, 0.8041496872901917
1.9616993329999999, 0.8047546744346619
1.963679148, 0.8032234311103821
1.965704692, 0.8180966973304749
1.967749025, 0.8233652710914612
1.96975869, 0.8210187554359436
1.971773566, 0.8216097950935364
1.973812911, 0.8178046345710754
1.975834699, 0.8104375004768372
1.977893199, 0.8152627348899841
1.979877102, 0.8148600459098816
1.981917602, 0.8033551573753357
1.983942908, 0.806885302066803
1.986014683, 0.8225719332695007
1.9880273320000001, 0.8188627362251282
1.990042652, 0.8219640851020813
1.992207344, 0.8196833729743958
1.9941546159999999, 0.8200858235359192
1.9961662470000001, 0.8202425837516785
1.9982301850000002, 0.8115846514701843
2.000241904, 0.8112295269966125
2.002394221, 0.8015561699867249
2.004415066, 0.809674084186554
2.006433298, 0.8215664029121399
2.008502335, 0.8263730406761169
2.010507066, 0.8227407336235046
2.012519026, 0.8231155276298523
2.014696511, 0.8234391808509827
2.016682185, 0.8206362128257751
2.018699592, 0.8192028403282166
2.02072802, 0.8100473284721375
2.022764719, 0.8050532937049866
2.024787355, 0.8167321085929871
2.026814022, 0.8282079100608826
2.028841158, 0.8249918818473816
2.030856015, 0.827526867389679
2.032935646, 0.8279308676719666
2.034934504, 0.830503523349762
2.037008383, 0.8336700797080994
2.03897158, 0.8256695866584778
2.040994895, 0.8266941905021667
2.04304605, 0.8140173554420471
2.045044473, 0.8251596093177795
2.0470663, 0.8379994034767151
2.049092021, 0.834422767162323
2.051124231, 0.830321729183197
2.053232032, 0.8307446837425232
2.055217599, 0.83476322889328
2.057220722, 0.8338903784751892
2.059308006, 0.8302187323570251
2.061301496, 0.8238860964775085
2.063274676, 0.8122614026069641
2.065305001, 0.8186008334159851
2.067366986, 0.8272632956504822
2.069391483, 0.8182159066200256
2.071380745, 0.8126419186592102
2.073404009, 0.8112496733665466
2.075438416, 0.8139951825141907
2.077457739, 0.8097336888313293
2.079511804, 0.8058584332466125
2.081532196, 0.800421416759491
2.083544275, 0.7997731566429138
2.08554814, 0.8076725602149963
2.087636318, 0.8147899508476257
2.089616804, 0.8053473830223083
2.091623614, 0.8028921484947205
2.093659453, 0.8051910996437073
2.095680462, 0.8048637509346008
2.097724643, 0.8007238507270813
2.099763923, 0.8070918917655945
2.101802533, 0.8006097674369812
2.10378978, 0.8025181889533997
2.105826556, 0.8183963894844055
2.107856643, 0.8211775422096252
2.109915003, 0.818929135799408
2.111898644, 0.8207817673683167
2.113906893, 0.8165612816810608
2.115944841, 0.8208112120628357
2.118090647, 0.820414125919342
2.120246313, 0.8150965571403503
2.122258366, 0.8045294880867004
2.12428124, 0.8108028769493103
2.126307294, 0.8255752921104431
2.128323773, 0.8183296322822571
2.130389947, 0.8244437575340271
2.132531994, 0.817342221736908
2.13450995, 0.8149197697639465
2.136534912, 0.8128405213356018
2.138575209, 0.8111900687217712
2.140608289, 0.8077128529548645
2.142606476, 0.7976008057594299
2.144700301, 0.8075006604194641
2.14669213, 0.8146968483924866
2.148698625, 0.8203533291816711
2.150708408, 0.8137531876564026
2.152745172, 0.8195343613624573
2.154764124, 0.8176457285881042
2.1568004849999998, 0.8184459805488586
2.1588403019999998, 0.8142921328544617
2.160852033, 0.8075665831565857
2.162921952, 0.7949209809303284
2.164986606, 0.806488573551178
2.166943295, 0.81736820936203
2.168986749, 0.816323459148407
2.171041236, 0.8187846541404724
2.173089444, 0.8227577805519104
2.175103479, 0.8235806822776794
2.177129388, 0.8317307829856873
2.179149432, 0.8237650990486145
2.181228076, 0.8243278861045837
2.183255192, 0.8182381987571716
2.1852314, 0.8260782361030579
2.187260775, 0.8411183953285217
2.189280248, 0.8381783366203308
2.191538573, 0.8350628018379211
2.193630605, 0.835441529750824
2.195690892, 0.8454909920692444
2.198359837, 0.8406105637550354
2.200332379, 0.8273891806602478
2.202358639, 0.8172546029090881
2.204488269, 0.8215155005455017
2.206431943, 0.8289559483528137
2.208506666, 0.8261529803276062
2.210510138, 0.8211179375648499
2.212546903, 0.819133460521698
2.214535254, 0.8160702586174011
2.216558341, 0.8144935965538025
2.218578375, 0.8097572922706604
2.220772769, 0.8026750683784485
2.222769243, 0.7973045706748962
2.2248099630000002, 0.8029926419258118
2.2268276399999998, 0.8170345425605774
2.228896922, 0.8164580464363098
2.230879848, 0.8099835515022278
2.232944152, 0.8107293248176575
2.234937794, 0.81619793176651
2.236972852, 0.8137380480766296
2.238997093, 0.8047295212745667
2.241309947, 0.8011149764060974
2.243319016, 0.7988047003746033
2.245347115, 0.8070984482765198
2.247381649, 0.815538227558136
2.249417007, 0.8156467080116272
2.2514998840000002, 0.8162707686424255
2.253468082, 0.8195000290870667
2.255487723, 0.826572597026825
2.257618022, 0.8188323378562927
2.259532531, 0.8163259625434875
2.262076097, 0.807881772518158
2.264041691, 0.8060880303382874
2.266024838, 0.819358766078949
2.268054085, 0.8249964118003845
2.270100862, 0.8206977248191833
2.272105393, 0.823932945728302
2.274128061, 0.8169816136360168
2.276202771, 0.8156883120536804
2.278209904, 0.8147935271263123
2.280231327, 0.8175018429756165
2.282242882, 0.8049570918083191
2.284281063, 0.7999768853187561
2.286277126, 0.8081963658332825
2.288322518, 0.8107321858406067
2.29035549, 0.8101219534873962
2.292378607, 0.8114686608314514
2.294394036, 0.8099637627601624
2.296452329, 0.8111528754234314
2.2984394679999998, 0.8122077584266663
2.300541687, 0.8078023791313171
2.3028103079999998, 0.8035836815834045
2.304884104, 0.8131830096244812
2.306910628, 0.8209410309791565
2.308925001, 0.8181125521659851
2.310978712, 0.8109642863273621
2.313064196, 0.8186505436897278
2.315010423, 0.8182423710823059
2.317056942, 0.8233353495597839
2.319116439, 0.8176633715629578
2.321223909, 0.8146248459815979
2.323236214, 0.8070268034934998
2.325264773, 0.821556031703949
2.3272739590000002, 0.8250879645347595
2.329318315, 0.8232540488243103
2.331330366, 0.8194274306297302
2.333799902, 0.8288463950157166
2.3358449439999998, 0.8311101794242859
2.3378402, 0.8258516192436218
2.339909549, 0.8230863213539124
2.341946615, 0.8183267712593079
2.343975067, 0.8167303204536438
2.345981538, 0.8262699246406555
2.348013705, 0.8304712176322937
2.350057459, 0.8244462609291077
2.352076263, 0.8261011242866516
2.354170522, 0.8221394419670105
2.3561220130000002, 0.8245415091514587
2.358150859, 0.8174747824668884
2.360222494, 0.817073404788971
2.362230908, 0.8040834069252014
2.364247228, 0.8079994320869446
2.366262956, 0.8205705285072327
2.368284182, 0.8195694088935852
2.370317557, 0.8158589005470276
2.372326946, 0.8117812275886536
2.374378397, 0.805404007434845
2.376389115, 0.8105741143226624
