0.74854182, 0.668603241443634
0.750631061, 0.6464531421661377
0.752623209, 0.6599640846252441
0.754727009, 0.6648641228675842
0.756746655, 0.6609127521514893
0.758747257, 0.6586371064186096
0.760789784, 0.658790111541748
0.762820315, 0.6635143160820007
0.764826668, 0.6775916218757629
0.766896395, 0.6845679879188538
0.768928991, 0.6731705069541931
0.770929683, 0.6648901700973511
0.772981069, 0.6737618446350098
0.775167471, 0.6581175327301025
0.777203508, 0.6507525444030762
0.779272783, 0.648883044719696
0.781259976, 0.6521328687667847
0.783345239, 0.6677300333976746
0.785293126, 0.6707260608673096
0.787330444, 0.6713486909866333
0.789356718, 0.6650541424751282
0.79135838, 0.6624511480331421
0.793445436, 0.6749193668365479
0.795419802, 0.653115451335907
0.797436114, 0.6509156823158264
0.799497258, 0.6467155814170837
0.801486675, 0.6580095887184143
0.80356433, 0.6632395386695862
0.805531428, 0.648614764213562
0.807593212, 0.665802001953125
0.809623103, 0.6546476483345032
0.811633572, 0.6593524813652039
0.813664617, 0.6720573306083679
0.815699727, 0.6482037901878357
0.817699744, 0.6456894278526306
0.819716528, 0.6495839357376099
0.821751234, 0.6505250334739685
0.823779645, 0.6597259044647217
0.826322219, 0.6496161818504333
0.828385121, 0.672742486000061
0.830384746, 0.6527063250541687
0.832440444, 0.651530385017395
0.834434798, 0.6616300940513611
0.836461034, 0.6500970721244812
0.838944937, 0.6594394445419312
0.840525942, 0.6600202918052673
0.842552576, 0.6531994938850403
0.844571155, 0.6588078141212463
0.846577314, 0.6575825214385986
0.848608823, 0.6718276143074036
0.850663727, 0.6598184704780579
0.852670753, 0.6509159803390503
0.854725202, 0.66173255443573
0.856710477, 0.6520578861236572
0.858758308, 0.6571330428123474
0.860768481, 0.6621919274330139
0.862814365, 0.6582208871841431
0.864847742, 0.6673181056976318
0.866860351, 0.667685329914093
0.868863261, 0.6626845002174377
0.870902445, 0.6647711396217346
0.872927606, 0.6682600975036621
0.875033035, 0.6650651097297668
0.876978728, 0.6484314203262329
0.879013012, 0.6512301564216614
0.881040117, 0.6586053371429443
0.883051238, 0.6616711020469666
0.885144122, 0.6597106456756592
0.887146766, 0.6704357266426086
0.889124083, 0.6673176288604736
0.891225856, 0.6493263840675354
0.893244057, 0.6574205160140991
0.895262625, 0.6480911374092102
0.897262971, 0.649868905544281
0.899308826, 0.6620877981185913
0.901303195, 0.6470822691917419
0.903342971, 0.6647622585296631
0.905383943, 0.6641854047775269
0.907396207, 0.6804612278938293
0.909412057, 0.6639625430107117
0.911477013, 0.6615517139434814
0.91347237, 0.6702671051025391
0.91547812, 0.65248703956604
0.917541758, 0.6613692045211792
0.9195276, 0.6604803800582886
0.921598877, 0.6582164764404297
0.923606388, 0.6746912002563477
0.926486746, 0.670822262763977
0.928439109, 0.6800187826156616
0.930476119, 0.6594021320343018
0.932529229, 0.6612577438354492
0.934518984, 0.6656820178031921
0.936565634, 0.6542783379554749
0.938584801, 0.6653828620910645
0.940645329, 0.6751863956451416
0.942698358, 0.6766583323478699
0.944720334, 0.6642189621925354
0.946707348, 0.676658034324646
0.948744916, 0.6661500930786133
0.950772818, 0.6592826247215271
0.952801741, 0.6636015772819519
0.954807354, 0.6551620960235596
0.95683701, 0.6493074297904968
0.958865158, 0.6591432094573975
0.961080511, 0.6714293360710144
0.96306758, 0.6696816682815552
0.965105694, 0.6706624627113342
0.967153119, 0.6829683184623718
0.969154072, 0.6723870635032654
0.971198175, 0.6711010336875916
0.973290393, 0.6734840273857117
0.975245552, 0.650145947933197
0.977281508, 0.647379457950592
0.979315056, 0.6577602624893188
0.981311912, 0.6637481451034546
0.98332708, 0.6606469750404358
0.988371631, 0.6588807702064514
0.990353222, 0.6422691345214844
0.99238674, 0.6438225507736206
0.994411686, 0.6660221219062805
0.996440503, 0.649459183216095
0.998483386, 0.6508837938308716
1.000491247, 0.6586931943893433
1.002940325, 0.6560468077659607
1.00457102, 0.6789281368255615
1.006559538, 0.6732963919639587
1.008604068, 0.6644777655601501
1.010621794, 0.654286801815033
1.012665701, 0.6610411405563354
1.014690792, 0.6748178601264954
1.016696091, 0.652859091758728
1.018727047, 0.6514007449150085
1.020737622, 0.6555142402648926
1.023191078, 0.6711336374282837
1.025214295, 0.6495590209960938
1.027278295, 0.6647887825965881
1.029275277, 0.6637822389602661
1.031285141, 0.6619309782981873
1.033323914, 0.6630701422691345
1.035343635, 0.6442732810974121
1.037365814, 0.651241660118103
1.039451383, 0.6532092690467834
1.0416600520000001, 0.657393217086792
1.043679041, 0.662378191947937
1.045698193, 0.6552340984344482
1.047725267, 0.6784526705741882
1.049778186, 0.6596664190292358
1.051795466, 0.6553987264633179
1.053810969, 0.6708682775497437
1.055825576, 0.6412762999534607
1.057862016, 0.6460310220718384
1.0598848, 0.6571094989776611
1.061908277, 0.6539793610572815
1.063937696, 0.66266268491745
1.06600113, 0.6644301414489746
1.067978624, 0.6797188520431519
1.070012408, 0.6753058433532715
1.072038526, 0.6599039435386658
1.074084299, 0.6743081212043762
1.076108215, 0.657391369342804
1.078118966, 0.663038969039917
1.080147439, 0.671628475189209
1.082165273, 0.6628878116607666
1.084223766, 0.6698790788650513
1.086216046, 0.6694948673248291
1.088248377, 0.678255021572113
1.090293496, 0.672796368598938
1.092313041, 0.6727156043052673
1.09433244, 0.6715654134750366
1.096365433, 0.6568361520767212
1.098457832, 0.6656209826469421
1.100516395, 0.6600725054740906
1.102542742, 0.660319983959198
1.104567195, 0.66694575548172
1.106554959, 0.6735221743583679
1.108597869, 0.6717380285263062
1.110633071, 0.657859206199646
1.112633167, 0.668652355670929
1.114705821, 0.6672566533088684
1.116701699, 0.6552178263664246
1.118743795, 0.6544083952903748
1.120772137, 0.6521345973014832
1.123424608, 0.6416516304016113
1.1254951659999999, 0.6683075428009033
1.127467039, 0.6708536744117737
1.129485904, 0.6699789762496948
1.131516792, 0.6665760278701782
1.133561333, 0.6827731728553772
1.135555313, 0.6534827351570129
1.1375827219999999, 0.6605309844017029
1.139634866, 0.6569625735282898
1.141640059, 0.6619531512260437
1.143660785, 0.6711099147796631
1.145686244, 0.6600672602653503
1.147767439, 0.667125403881073
1.1497439919999999, 0.6699846982955933
1.151775402, 0.6718869805335999
1.153828218, 0.6727612614631653
1.155847839, 0.6543354988098145
1.157846782, 0.6545141339302063
1.159875332, 0.6598871946334839
1.1623562060000001, 0.6605230569839478
1.164327386, 0.6661165356636047
1.166360362, 0.6720355153083801
1.16836188, 0.6739111542701721
1.170396101, 0.6625362634658813
1.172423108, 0.6472364068031311
1.174452495, 0.6673468351364136
1.176460262, 0.6511998176574707
1.178494321, 0.6571853756904602
1.180541977, 0.66094571352005
1.182607954, 0.6537807583808899
1.184570912, 0.6602185368537903
1.186636676, 0.6590079665184021
1.188745528, 0.664362907409668
1.190752498, 0.6496216654777527
1.19276614, 0.6473884582519531
1.194771194, 0.6522588729858398
1.196795361, 0.6607303023338318
1.198842934, 0.6696329116821289
1.200919496, 0.6613355875015259
1.202913753, 0.6431043744087219
1.204907825, 0.668940007686615
1.206933133, 0.6766190528869629
1.208961046, 0.664688766002655
1.210985514, 0.655152440071106
1.213041369, 0.6584696173667908
1.215052368, 0.6675155162811279
1.217111342, 0.6601036787033081
1.219117581, 0.6687426567077637
1.221145416, 0.6692636609077454
1.223168314, 0.6589493751525879
1.225216123, 0.674132227897644
1.227207531, 0.6814001202583313
1.2292533190000001, 0.671195924282074
1.231340437, 0.6578088998794556
1.234413436, 0.6695036888122559
1.23640547, 0.6609209775924683
1.238412198, 0.6611719727516174
1.240477197, 0.660162627696991
1.242471202, 0.6502920985221863
1.244508694, 0.667397141456604
1.246522494, 0.6657857894897461
1.248540043, 0.6648122072219849
1.251363091, 0.67003333568573
1.253402122, 0.6652156710624695
1.255449693, 0.6551626324653625
1.2596549000000001, 0.6600179672241211
1.261691329, 0.6446626782417297
1.26369016, 0.6705588698387146
1.26707378, 0.670925498008728
1.26912189, 0.6727306246757507
1.2711195100000001, 0.6736460328102112
1.273150113, 0.6747958064079285
1.2751769020000001, 0.6626676321029663
1.277202519, 0.6641231775283813
1.279219922, 0.6756242513656616
1.2813358369999999, 0.6602254509925842
1.283280686, 0.6604217886924744
1.285330649, 0.6677238345146179
1.287336258, 0.6801289916038513
1.2893900569999999, 0.6684366464614868
1.291436644, 0.6643498539924622
1.293422968, 0.6727967858314514
1.295464908, 0.6573554873466492
1.297496163, 0.6674785017967224
1.299507845, 0.6649278998374939
1.301520944, 0.6564804315567017
1.303562876, 0.6674954295158386
1.305628388, 0.6604197025299072
1.307610753, 0.6725351214408875
1.309648813, 0.6643055081367493
1.311663116, 0.6618601083755493
1.313727571, 0.6734765768051147
1.315725716, 0.6594521999359131
1.317741428, 0.665894627571106
1.319809322, 0.6578621864318848
1.321816397, 0.6558027863502502
1.323825489, 0.6662278771400452
1.325880396, 0.6617252826690674
1.327881888, 0.6750989556312561
1.329930282, 0.6677423715591431
1.332129928, 0.6552527546882629
1.334127707, 0.6858367919921875
1.3361002499999999, 0.653556764125824
1.338163826, 0.6489045023918152
1.340637991, 0.6619135141372681
1.342623249, 0.6600480079650879
1.34465681, 0.6736472845077515
1.346679707, 0.667822539806366
1.348762743, 0.6683997511863708
1.350788549, 0.6554731726646423
1.352823726, 0.6588907241821289
1.354840604, 0.6593610644340515
1.356869569, 0.6520866751670837
1.358896996, 0.6482606530189514
1.360929512, 0.6631002426147461
1.363375661, 0.6690149307250977
1.364970139, 0.6628466844558716
1.367015482, 0.6748863458633423
1.369080969, 0.6773877143859863
1.371062429, 0.6736489534378052
1.373112506, 0.6756775379180908
1.375144895, 0.6598891615867615
1.377144624, 0.6563912034034729
1.379176314, 0.6595579385757446
1.381420917, 0.6715871095657349
1.383546035, 0.670592725276947
1.385527426, 0.6703805923461914
1.387560984, 0.6694808006286621
1.3896106879999999, 0.6775857210159302
1.391655134, 0.6596190929412842
1.393676083, 0.6684610247612
1.395779938, 0.6448622345924377
1.397779721, 0.6503029465675354
1.399784455, 0.6636630892753601
1.401805888, 0.6498279571533203
1.403921582, 0.6519076228141785
1.40588189, 0.6498841643333435
1.407916685, 0.6725740432739258
1.409904666, 0.6542403697967529
1.411973806, 0.6482716798782349
1.413975478, 0.6696019768714905
1.4159994550000001, 0.6566374897956848
1.418352329, 0.6566927433013916
1.420398105, 0.6592748165130615
1.422494723, 0.652174711227417
1.424506011, 0.6756331920623779
1.4265613670000001, 0.6801608800888062
1.428529431, 0.6734674572944641
1.430543236, 0.6594662666320801
1.432566587, 0.6763294339179993
1.434652527, 0.6828590631484985
1.436621612, 0.6658164858818054
1.438996352, 0.6621209979057312
1.441138467, 0.6646223068237305
1.443260943, 0.6710361838340759
1.445223919, 0.680314838886261
1.447251329, 0.6788220405578613
1.449261755, 0.6724450588226318
1.451298418, 0.6743835210800171
1.453361725, 0.6783644556999207
1.455368279, 0.6629528999328613
1.457440533, 0.6512641310691833
1.459448126, 0.6613004207611084
1.461481943, 0.6627838611602783
1.463465422, 0.6697024703025818
1.465505839, 0.6591775417327881
1.467548164, 0.6736685633659363
1.469563559, 0.6591843962669373
1.47156449, 0.6582780480384827
1.4736148789999999, 0.6769475340843201
1.475655246, 0.644331693649292
1.477663871, 0.64780592918396
1.479674487, 0.6528473496437073
1.481739371, 0.6519104838371277
1.483752886, 0.652232825756073
1.485764089, 0.6481303572654724
1.4877815110000001, 0.6623801589012146
1.489802444, 0.6497488021850586
1.491849384, 0.6590970158576965
1.493896191, 0.6693688035011292
1.4958860889999999, 0.6477275490760803
1.497895248, 0.6523584127426147
1.499939208, 0.6684507727622986
1.501959542, 0.6572287082672119
1.505670898, 0.6578018069267273
1.507689278, 0.67728191614151
1.509720653, 0.670040488243103
1.5117326599999998, 0.6762602925300598
1.513762173, 0.6733445525169373
1.5157829839999999, 0.6531906723976135
1.517805623, 0.6613515019416809
1.519831567, 0.6615341305732727
1.521950839, 0.6728509068489075
1.523908111, 0.686816930770874
1.525946309, 0.6703994274139404
1.527961435, 0.6750942468643188
1.529997078, 0.6663984060287476
1.5320452420000001, 0.6648553609848022
1.5340557910000001, 0.6675847768783569
1.536074277, 0.6394683718681335
1.5381143019999999, 0.6459130048751831
1.5402100939999999, 0.6641448140144348
1.542246935, 0.6454397439956665
1.5442008120000001, 0.6430655717849731
1.546220449, 0.6502504944801331
1.548247339, 0.6786776781082153
1.5502725800000001, 0.6741380095481873
1.555154659, 0.6514734029769897
1.557240405, 0.6563478112220764
1.559217291, 0.6631733775138855
1.561725181, 0.6592121720314026
1.5637180609999999, 0.6671783328056335
1.565720093, 0.6542664170265198
1.567748658, 0.6751660704612732
1.569749995, 0.6645294427871704
1.571787038, 0.6624119281768799
1.5738384509999999, 0.6771792769432068
1.5758689989999999, 0.6460793018341064
1.5778730460000001, 0.6573345065116882
1.579921096, 0.6551517248153687
1.58193171, 0.6599271297454834
1.58394982, 0.6697977185249329
1.586014009, 0.6769048571586609
1.588024954, 0.6777706146240234
1.5900351719999999, 0.6609713435173035
1.592052993, 0.6688322424888611
1.5940732469999999, 0.6775740385055542
1.596109038, 0.6573777198791504
1.5981321290000001, 0.6453543901443481
1.60019286, 0.658272385597229
1.6022627790000001, 0.6665785908699036
1.604229611, 0.6726943254470825
1.606222928, 0.6696600914001465
1.608261897, 0.6711121201515198
1.610302809, 0.6737388968467712
1.612312364, 0.6653593182563782
1.6143652689999999, 0.6804426908493042
1.6163635090000001, 0.6552561521530151
1.618374969, 0.6455608606338501
1.6204299149999999, 0.6607344150543213
1.622459295, 0.6623842120170593
1.624493188, 0.6609460711479187
1.626484077, 0.6704631447792053
1.628567063, 0.6781659126281738
1.630573029, 0.6606233716011047
1.6329938099999999, 0.6580063700675964
1.6349408749999998, 0.6563605070114136
1.636985128, 0.6606332063674927
1.639012213, 0.657614529132843
1.641062202, 0.6596042513847351
1.6430563139999999, 0.6591669917106628
1.645080055, 0.6568105220794678
1.647110784, 0.672961413860321
1.649122861, 0.6632272601127625
1.651166558, 0.6631531119346619
1.653204883, 0.6597998738288879
1.6552388740000001, 0.6527467966079712
1.657255508, 0.6588889360427856
1.659242575, 0.6580323576927185
1.661302928, 0.6653866767883301
1.663320244, 0.6666902899742126
1.665337708, 0.6670002341270447
1.667358495, 0.6779637932777405
1.669394547, 0.6712947487831116
1.671420806, 0.661946713924408
1.673454948, 0.6786866784095764
1.675479366, 0.6643450856208801
1.67750209, 0.6604529619216919
1.6795155689999999, 0.6620784997940063
1.681528666, 0.6699090003967285
1.6835813389999998, 0.6643924117088318
1.6856675380000001, 0.6696671843528748
1.687606731, 0.6760920286178589
1.689673449, 0.6625073552131653
1.691702397, 0.6558761596679688
1.693748738, 0.6726983785629272
1.695739801, 0.6618776917457581
1.697763008, 0.665444552898407
1.699797914, 0.6666386127471924
1.701825943, 0.6572483777999878
1.703850968, 0.6718087792396545
1.705855028, 0.6712113618850708
1.707880135, 0.6679452657699585
1.7099331119999999, 0.6509063243865967
1.711937848, 0.6456031203269958
1.713957406, 0.6621672511100769
1.7160105940000001, 0.6459636688232422
1.7201632, 0.6542251706123352
1.722170553, 0.6451220512390137
1.724199298, 0.6710641384124756
1.726250168, 0.6792840957641602
1.728671385, 0.679671585559845
1.7306080929999998, 0.6653115153312683
1.732640785, 0.6807900667190552
1.734676994, 0.6810656785964966
1.736807124, 0.6593791842460632
1.738781345, 0.6759385466575623
1.7407523999999999, 0.6794130802154541
1.742789754, 0.6803409457206726
1.744846154, 0.6837103366851807
1.746840852, 0.689096987247467
1.7488883689999999, 0.691133975982666
1.750899863, 0.6715217232704163
1.753529782, 0.6754589080810547
1.756234096, 0.6590539216995239
1.7576067480000002, 0.659404456615448
1.7596386019999999, 0.6672342419624329
1.761756556, 0.6645487546920776
1.7637896130000001, 0.666215717792511
1.7658093350000001, 0.6495341062545776
1.7678435810000002, 0.6655168533325195
1.769917504, 0.6522215604782104
1.7718793640000001, 0.6471457481384277
1.77391401, 0.6601976752281189
1.775958114, 0.6429619789123535
1.777999081, 0.6452466249465942
1.7800031600000001, 0.6586281061172485
1.7820420110000001, 0.6435377597808838
1.7840989870000001, 0.6524676084518433
1.786119406, 0.6552122831344604
1.788143257, 0.666207492351532
1.790164362, 0.6496615409851074
1.7922402480000001, 0.6485565304756165
1.794238893, 0.6666962504386902
1.796278444, 0.6435178518295288
1.798325668, 0.6606020927429199
1.800481946, 0.6637098789215088
1.8023910619999999, 0.6529240012168884
1.80441174, 0.6743532419204712
1.8063992629999999, 0.6790032386779785
1.8084563550000001, 0.6743848919868469
1.810475016, 0.6645910739898682
1.8125214440000001, 0.6588582992553711
1.818309862, 0.6762152910232544
1.820261582, 0.6749064922332764
1.822402194, 0.6602287292480469
1.824368508, 0.6628786325454712
1.826387965, 0.670267641544342
1.828436189, 0.6844249367713928
1.830443389, 0.666752815246582
1.832492668, 0.6428086757659912
1.8344869579999998, 0.6583353281021118
1.8365394830000001, 0.6479129791259766
1.838553236, 0.6589475870132446
1.840566367, 0.6565462350845337
1.842652446, 0.6386021375656128
1.84476022, 0.6636288166046143
1.846751118, 0.6709879040718079
1.8487761059999999, 0.6674157977104187
1.8508209949999999, 0.6515512466430664
1.852916047, 0.657843828201294
1.854856533, 0.6685405373573303
1.8568954359999998, 0.659578800201416
1.8589141740000001, 0.6473724842071533
1.860982002, 0.6603992581367493
1.86299782, 0.6582591533660889
1.8650125549999998, 0.6691650152206421
1.867061925, 0.6764315366744995
1.869049967, 0.6783565878868103
1.871117993, 0.6637555956840515
1.873111524, 0.6716349124908447
1.875125121, 0.671898365020752
1.877145004, 0.6683382391929626
1.8791755079999999, 0.6694372892379761
1.881214746, 0.6646443605422974
1.883276199, 0.672174334526062
1.885305154, 0.6760314702987671
1.8873356669999999, 0.6776647567749023
1.889369482, 0.6649498343467712
1.891420991, 0.6670349836349487
1.893447265, 0.6858117580413818
1.8954742439999999, 0.672455906867981
1.897546788, 0.6639643311500549
1.899620305, 0.6668351292610168
1.901594562, 0.6716650724411011
1.9037132369999998, 0.678737461566925
1.905750845, 0.674224317073822
1.9077617930000002, 0.6717916131019592
1.9097771, 0.6631499528884888
1.911833211, 0.6684681177139282
1.913919194, 0.6788829565048218
1.915932448, 0.6462481617927551
1.917941771, 0.6559599041938782
1.919981709, 0.6648147702217102
1.9219920350000002, 0.6570442914962769
1.9240253859999998, 0.6792051792144775
1.926180126, 0.6677005290985107
1.9282241070000001, 0.6664127111434937
1.9302516440000002, 0.6648485660552979
1.93234949, 0.660528302192688
1.934338426, 0.6739156246185303
1.936501844, 0.6487187743186951
1.938504094, 0.6660996079444885
1.94090689, 0.6784268617630005
1.9429466770000001, 0.6623086333274841
1.945022351, 0.6724162697792053
1.947044687, 0.6784957647323608
1.949041692, 0.6775646805763245
1.951052287, 0.6665236949920654
1.953098522, 0.6707876920700073
1.955141772, 0.6625484824180603
1.957129533, 0.6663506627082825
1.959192587, 0.6616454124450684
1.961310216, 0.6653304696083069
1.964276677, 0.6714217662811279
1.966251444, 0.6678940057754517
1.968266893, 0.6783181428909302
1.9702984909999999, 0.6636635065078735
1.9723486829999999, 0.6655769944190979
1.974940256, 0.6531618237495422
1.97698842, 0.650217592716217
1.9790152330000002, 0.6570196747779846
1.981008986, 0.6572659611701965
1.985878383, 0.6627557277679443
1.987398574, 0.671326220035553
1.9894370700000001, 0.6697359681129456
1.9914086979999999, 0.6526467800140381
1.9934118060000001, 0.6704577803611755
1.995462726, 0.6602582335472107
1.9974517760000001, 0.6586589813232422
1.999745662, 0.655630350112915
2.00153887, 0.6412537097930908
2.003622156, 0.6522126793861389
2.005599905, 0.6546880006790161
2.007629026, 0.6700566411018372
2.009664573, 0.6603244543075562
2.011713369, 0.6623591780662537
2.013714181, 0.6811382174491882
2.015729868, 0.6598304510116577
2.017739175, 0.6553438305854797
2.019918588, 0.6568699479103088
2.021884121, 0.6528023481369019
2.023880674, 0.667230486869812
2.025993511, 0.6556342244148254
2.028010966, 0.6816516518592834
2.030566788, 0.6668688654899597
2.032363097, 0.6790338754653931
2.034402981, 0.6854923963546753
2.036419154, 0.6658589243888855
2.038484506, 0.6698532104492188
2.040658573, 0.6771306991577148
2.0425876020000002, 0.6736159920692444
2.044567169, 0.6854875683784485
2.046608839, 0.672366201877594
2.048606921, 0.6902740597724915
2.050624077, 0.6727702021598816
2.052674488, 0.6854318976402283
2.054693104, 0.691238284111023
2.056710325, 0.6734848022460938
2.059324929, 0.6686468124389648
2.060788367, 0.6784707903862
2.062888091, 0.6711636781692505
2.065061489, 0.676760196685791
2.067122893, 0.6667237281799316
2.069100978, 0.6768825054168701
2.0713964049999998, 0.6731504201889038
2.073382873, 0.6717934608459473
2.075431089, 0.6536837220191956
2.07742907, 0.6648780107498169
2.079456719, 0.664119303226471
2.081631149, 0.6617985367774963
2.083645456, 0.6652193069458008
2.085642479, 0.662710428237915
2.08767527, 0.6774934530258179
2.089694075, 0.6686262488365173
2.091725044, 0.660377025604248
2.093848437, 0.6810703277587891
2.095831361, 0.6633593440055847
2.097857698, 0.6654027104377747
2.099869079, 0.6829833984375
2.101924994, 0.6687992811203003
2.103960307, 0.6695471405982971
2.106604769, 0.6705143451690674
2.108556305, 0.6869217753410339
2.110581426, 0.6738030314445496
2.112619835, 0.675803005695343
2.114664394, 0.6879165172576904
2.116680322, 0.6754558682441711
2.118780128, 0.67067950963974
2.120736631, 0.6798313856124878
2.122818977, 0.6667958498001099
2.124836504, 0.6779437065124512
2.126863828, 0.6582251787185669
2.128910356, 0.6564680933952332
2.132266717, 0.6497039198875427
2.13430466, 0.6692259907722473
2.136335961, 0.6529650092124939
2.138401678, 0.6458202600479126
2.140397427, 0.6500709652900696
2.142448912, 0.6390976309776306
2.144417261, 0.6622885465621948
2.146492503, 0.6716173887252808
2.148537157, 0.6675262451171875
2.150508572, 0.6531561017036438
2.152938902, 0.6548446416854858
2.154908093, 0.6639144420623779
2.156960121, 0.6521821618080139
2.158947183, 0.6580795049667358
2.160981492, 0.650825560092926
2.163243184, 0.6506273150444031
2.165039551, 0.6738501191139221
2.167055632, 0.6788073778152466
2.169077225, 0.6671110391616821
2.171109297, 0.666254460811615
2.17314864, 0.6717073917388916
2.17517612, 0.6715341210365295
2.177181068, 0.6627975702285767
2.179250785, 0.665249764919281
2.181423756, 0.6698591113090515
2.183464588, 0.6801562309265137
2.185474912, 0.6831256151199341
2.187638914, 0.6897006630897522
2.189695315, 0.6773752570152283
2.192266555, 0.6739033460617065
2.195285996, 0.6652218699455261
2.197301973, 0.6576721668243408
2.1993488230000002, 0.6514189839363098
2.201374753, 0.667288064956665
2.203417763, 0.6666766405105591
2.205469866, 0.6566802859306335
2.207500845, 0.6644087433815002
2.209458188, 0.6563538312911987
2.211482827, 0.6593665480613708
2.213507901, 0.6581783294677734
2.21553398, 0.6598725318908691
2.21757659, 0.6430339813232422
2.219586459, 0.6559509038925171
2.221662261, 0.6646742820739746
2.223633526, 0.6714104413986206
2.225674246, 0.6617363095283508
2.227697275, 0.6752364635467529
2.22984394, 0.663832426071167
2.231824797, 0.6704292297363281
2.233859576, 0.6772202849388123
2.235900783, 0.6692183017730713
2.237919531, 0.6638892292976379
2.2399630090000002, 0.6768369078636169
2.241977829, 0.6798229813575745
2.24399638, 0.6759602427482605
2.246096822, 0.6671397686004639
2.248084896, 0.677807629108429
2.250071919, 0.6776820421218872
2.252160988, 0.6728134751319885
2.25411563, 0.6747859120368958
2.256142234, 0.6553633809089661
2.258203571, 0.6599088907241821
2.260197624, 0.6717339754104614
2.262218396, 0.6668112277984619
2.26426019, 0.6678277850151062
2.266261413, 0.6700166463851929
2.268310496, 0.6860379576683044
2.270316385, 0.6684740781784058
2.272347177, 0.6649895310401917
2.274378511, 0.6734403371810913
2.276413083, 0.6521199941635132
2.278466782, 0.6477413177490234
2.28046221, 0.6621531248092651
2.282463309, 0.6564650535583496
2.28453139, 0.6776594519615173
2.286531462, 0.6714581847190857
2.288574528, 0.6815990805625916
2.290577223, 0.673462450504303
2.292628529, 0.662904679775238
2.294668331, 0.6612554788589478
2.296690421, 0.6534591913223267
2.298681613, 0.6609853506088257
2.300725072, 0.6689751148223877
2.303481943, 0.6467678546905518
2.30657757, 0.6640916466712952
2.30859785, 0.6830137968063354
2.310612748, 0.6733763813972473
2.312668157, 0.669331431388855
2.314704095, 0.67485511302948
2.31669822, 0.6591219902038574
2.318725488, 0.666402280330658
2.320771742, 0.6621896028518677
2.322768913, 0.6548101305961609
2.324822147, 0.6650021076202393
2.326907806, 0.6678125262260437
2.328985044, 0.6688516139984131
2.33097735, 0.6737100481987
2.332985729, 0.6698186993598938
2.335063805, 0.6706081628799438
2.337085297, 0.6676930785179138
2.339083334, 0.6673361659049988
2.341165143, 0.6683762073516846
2.343175982, 0.6657009720802307
2.345168356, 0.6695451736450195
2.347247814, 0.6695595979690552
2.349222268, 0.6767018437385559
2.3512386100000002, 0.67151939868927
2.353265564, 0.6612833738327026
2.355278024, 0.6662569046020508
2.357317383, 0.6744346022605896
2.359360187, 0.6597273349761963
2.361370378, 0.6579992771148682
2.363385068, 0.6670438051223755
2.365414767, 0.660344660282135
2.367436741, 0.6752671599388123
2.369461478, 0.6716184616088867
2.37148256, 0.6566062569618225
2.373521213, 0.6552515029907227
2.376592076, 0.6531665325164795
2.377576838, 0.6551015973091125
2.379615078, 0.6522271037101746
2.381730706, 0.6559582352638245
2.383681684, 0.668379008769989
2.385770198, 0.6631630063056946
2.387737091, 0.687904417514801
2.389745231, 0.6591508388519287
2.391809568, 0.6636401414871216
2.393806176, 0.6759012341499329
2.395829546, 0.6652384996414185
2.397852859, 0.6626584529876709
2.399869688, 0.6665945053100586
2.40210971, 0.6771503686904907
2.404134798, 0.6776887774467468
2.406154258, 0.6837216019630432
2.408175758, 0.6967958211898804
2.410229584, 0.6662471890449524
2.412242168, 0.674483597278595
2.414588001, 0.6931545734405518
2.4166171690000002, 0.6651639342308044
2.418642963, 0.6747940182685852
2.420669185, 0.6815008521080017
2.422685008, 0.6866235136985779
2.424726668, 0.6856721043586731
2.426777023, 0.6841672658920288
2.428798882, 0.687620997428894
2.430794577, 0.6788291335105896
2.432826122, 0.6792209148406982
2.434855292, 0.6746792793273926
2.436900692, 0.64866042137146
2.43958855, 0.6495396494865417
2.442795904, 0.648496150970459
2.444809527, 0.661617636680603
2.446827336, 0.6641117334365845
2.448878253, 0.6615515947341919
2.450870489, 0.653892993927002
2.452922597, 0.6572102904319763
2.454941623, 0.6673187613487244
2.456998476, 0.6502605676651001
2.4589817800000002, 0.6606069207191467
2.4611617900000002, 0.6705760359764099
2.463116853, 0.6569335460662842
2.465168938, 0.6810463070869446
2.467197547, 0.6694301962852478
2.469202606, 0.6778340935707092
2.471229883, 0.6707406640052795
2.473264969, 0.6879786849021912
2.47529635, 0.6783788204193115
2.477311085, 0.66865074634552
2.47934507, 0.6722580194473267
2.48136602, 0.6744300127029419
2.483414889, 0.6803197264671326
2.485422697, 0.6697125434875488
2.487441649, 0.6764311790466309
2.48946043, 0.6761161088943481
2.49154786, 0.6646844744682312
2.493544881, 0.6629824638366699
2.495540206, 0.6528865694999695
2.500446526, 0.6542951464653015
2.502366877, 0.638042151927948
2.504392614, 0.6637876033782959
2.506412126, 0.660108208656311
2.508461211, 0.6640714406967163
2.510457906, 0.6514130234718323
2.512532573, 0.656462550163269
2.514533484, 0.6685780882835388
2.5165824, 0.6476017236709595
2.5186132949999998, 0.6527107954025269
2.5206184, 0.6567588448524475
2.5226166819999998, 0.6451565623283386
2.524740474, 0.6686756014823914
2.526813383, 0.6705382466316223
2.528833236, 0.6752462983131409
2.53086646, 0.6582966446876526
2.533197383, 0.6675156354904175
2.535196878, 0.6802849769592285
2.537353725, 0.6641511917114258
2.539367476, 0.6658810377120972
2.541361668, 0.6789435744285583
2.543406343, 0.6730617880821228
2.545940088, 0.6685829162597656
2.547999373, 0.6950459480285645
2.5499989259999998, 0.6817169189453125
2.552009815, 0.6823202967643738
2.554065507, 0.6831328868865967
2.556075179, 0.666124701499939
2.558101067, 0.6723897457122803
2.560133468, 0.6757738590240479
2.562137371, 0.6653778553009033
2.564432714, 0.6662088632583618
2.566441733, 0.6686396598815918
2.56845906, 0.6686525344848633
2.570503356, 0.658521294593811
2.572538545, 0.6500537991523743
2.574536812, 0.6729623079299927
2.576557182, 0.6604465842247009
2.578597403, 0.6514377593994141
2.580668378, 0.6579511761665344
2.582635466, 0.643828272819519
2.5846795350000003, 0.6622075438499451
2.586714085, 0.6639029383659363
2.588737644, 0.6659047603607178
2.590742318, 0.65598064661026
2.592794911, 0.6447595953941345
2.594846793, 0.673792839050293
2.596856522, 0.6694442629814148
2.600611796, 0.6819978356361389
2.602600765, 0.6596719026565552
2.6046539969999998, 0.6735045313835144
2.606655677, 0.6792944669723511
2.608696617, 0.6691144108772278
2.610746733, 0.6667569875717163
2.612717103, 0.6610556244850159
2.614727503, 0.6733535528182983
2.617009802, 0.6713085174560547
2.6190268679999997, 0.6658982038497925
2.621085853, 0.6748456358909607
2.6231044839999997, 0.6682575345039368
2.625233287, 0.6801837086677551
2.627435094, 0.6746189594268799
2.6293657809999997, 0.6661778092384338
2.631436023, 0.6678566932678223
2.633428969, 0.6719372272491455
2.635469199, 0.6679872870445251
2.637477561, 0.6565117239952087
2.639498154, 0.6484564542770386
2.641854443, 0.6538650393486023
2.643815199, 0.6724859476089478
2.645836711, 0.6637723445892334
2.648125892, 0.6708747148513794
2.650385291, 0.6615751385688782
2.656833428, 0.6637526750564575
2.659416532, 0.6596643328666687
2.66503069, 0.6550958156585693
2.666723579, 0.6603017449378967
2.6687338130000002, 0.6787863373756409
2.670788695, 0.664966881275177
2.672817857, 0.6579626202583313
2.674815579, 0.6660323739051819
2.676865899, 0.656257688999176
2.678886374, 0.6677238941192627
2.68089845, 0.6688339710235596
2.682916212, 0.6610079407691956
2.684948399, 0.6659812331199646
2.686983029, 0.6674195528030396
2.689012312, 0.681795060634613
2.691086634, 0.6745725274085999
2.693090586, 0.6619415283203125
2.695069177, 0.6695718765258789
2.697118685, 0.6591208577156067
2.699122536, 0.6650073528289795
2.701147499, 0.6773117780685425
2.703232819, 0.6714164018630981
2.705264271, 0.6781827807426453
2.707297783, 0.6958332657814026
2.709298978, 0.6933578252792358
2.711357655, 0.6758567094802856
2.713345181, 0.6795110106468201
2.715380959, 0.683862566947937
2.717407789, 0.6677282452583313
2.7194181139999998, 0.6660748720169067
2.721544415, 0.6767074465751648
2.725679618, 0.6813307404518127
2.727669796, 0.6770854592323303
2.729741117, 0.6654854416847229
2.731735554, 0.6536877751350403
2.7338374500000002, 0.6736626029014587
2.735786795, 0.6484300494194031
2.73782531, 0.6478804349899292
2.739853633, 0.6426277756690979
2.741860226, 0.6477002501487732
2.743882505, 0.6496167182922363
2.745902063, 0.6447702050209045
2.748248145, 0.6581289768218994
2.75051185, 0.6472852826118469
2.752534934, 0.6507294774055481
2.7546544109999997, 0.6696470975875854
2.756664802, 0.6466091871261597
2.758706778, 0.6524782776832581
2.760749238, 0.6623229384422302
2.762746827, 0.6704084277153015
2.764766509, 0.6652315258979797
