0.203802206, -2.029174566268921
0.205849103, -2.0418965816497803
0.207832378, -2.0541341304779053
0.209861322, -2.0528576374053955
0.211913962, -2.0502536296844482
0.213919375, -2.0331220626831055
0.21594922, -2.049121618270874
0.217965359, -2.0486083030700684
0.220009729, -2.037447929382324
0.222007947, -2.032343626022339
0.224029252, -2.0276927947998047
0.22608011, -2.0470802783966064
0.228089298, -2.061638116836548
0.230118167, -2.039191961288452
0.232165826, -2.034365177154541
0.234217821, -2.047233819961548
0.236255178, -2.040297746658325
0.23830501, -2.0431485176086426
0.240335727, -2.0340850353240967
0.24229063, -2.0435211658477783
0.24443912, -2.0401268005371094
0.246494183, -2.0286991596221924
0.248596693, -2.0461976528167725
0.250687817, -2.040384292602539
0.252722317, -2.0422141551971436
0.254759886, -2.0341379642486572
0.256808809, -2.0383846759796143
0.258898841, -2.0314207077026367
0.260976369, -2.0334131717681885
0.263054474, -2.0238606929779053
0.265171699, -2.02156400680542
0.267271514, -2.0406932830810547
0.269337338, -2.0382461547851562
0.271288405, -2.0448811054229736
0.273326276, -2.0501272678375244
0.275368349, -2.0318360328674316
0.277977818, -2.047211170196533
0.280060825, -2.053974151611328
0.282096743, -2.0389297008514404
0.284077025, -2.040677070617676
0.286122816, -2.0397703647613525
0.288456022, -2.0509796142578125
0.290437799, -2.0523645877838135
0.292535939, -2.0392351150512695
0.294549216, -2.0569615364074707
0.296504944, -2.04953670501709
0.298517419, -2.0491867065429688
0.30054732, -2.040632724761963
0.302577819, -2.032615900039673
0.304617887, -2.0446877479553223
0.30665697, -2.0424082279205322
0.308691708, -2.0564301013946533
0.310720898, -2.0419888496398926
0.31270308, -2.0338456630706787
0.314761348, -2.0425028800964355
0.316756169, -2.038339614868164
0.318784114, -2.0426294803619385
0.320813798, -2.0284934043884277
0.322850729, -2.025719165802002
0.324902984, -2.0351576805114746
0.326918862, -2.0538573265075684
0.328958022, -2.0548179149627686
0.33107011, -2.0426340103149414
0.333094959, -2.05104398727417
0.335084293, -2.0383219718933105
0.337148583, -2.053579330444336
0.339167067, -2.0486984252929688
0.341496845, -2.0361948013305664
0.343541753, -2.0286312103271484
0.345576571, -2.037038803100586
0.347583028, -2.0376226902008057
0.349688026, -2.03908109664917
0.351723834, -2.0419204235076904
0.353824615, -2.046954870223999
0.355892259, -2.0379011631011963
0.357937879, -2.0250210762023926
0.360051866, -2.024000406265259
0.362108643, -2.034640312194824
0.364174242, -2.014188766479492
0.366258482, -2.02390193939209
0.368300399, -2.0372698307037354
0.370357724, -2.0490617752075195
0.372418379, -2.043917417526245
0.374489034, -2.053727149963379
0.376609642, -2.041853427886963
0.378609693, -2.0307564735412598
0.380696913, -2.0428450107574463
0.38274876, -2.022409439086914
0.384799307, -2.030421733856201
0.386866795, -2.0386083126068115
0.388883385, -2.051488161087036
0.390951676, -2.0283594131469727
0.393069154, -2.0422606468200684
0.395197959, -2.044647216796875
0.397271896, -2.055664300918579
0.399294983, -2.0302672386169434
0.401367276, -2.0358097553253174
0.403411749, -2.0337202548980713
0.405471294, -2.0315945148468018
0.407541706, -2.03788161277771
0.409594563, -2.0448224544525146
0.411713515, -2.0327670574188232
0.413696134, -2.0370683670043945
0.415795008, -2.0270769596099854
0.417818662, -2.0414748191833496
0.419802128, -2.026970863342285
0.421901985, -2.025301456451416
0.423901444, -2.021151065826416
0.425986127, -2.0327603816986084
0.428007221, -2.0351853370666504
0.430280862, -2.0416438579559326
0.432351628, -2.0434069633483887
0.434368062, -2.039433240890503
0.436435825, -2.0417981147766113
0.440749134, -2.0294177532196045
0.442930156, -2.0292699337005615
0.444989218, -2.0223851203918457
0.447037125, -2.0406901836395264
0.449141858, -2.052192449569702
0.451296773, -2.0319504737854004
0.453375423, -2.0279476642608643
0.455436626, -2.051419973373413
0.457510306, -2.050269603729248
0.4595905, -2.0358619689941406
0.461698061, -2.0344326496124268
0.46379074, -2.018399715423584
0.465883879, -2.0377910137176514
0.467929346, -2.0390117168426514
0.469912388, -2.039865732192993
0.471946958, -2.04822039604187
0.474017407, -2.0479249954223633
0.476048711, -2.0337536334991455
0.478169929, -2.041123390197754
0.480197817, -2.0330605506896973
0.482316975, -2.02604341506958
0.484362723, -2.029700517654419
0.486453533, -2.0353477001190186
0.488556632, -2.0406992435455322
0.49066514, -2.051028251647949
0.492662596, -2.048881769180298
0.494860578, -2.035794496536255
0.497365302, -2.0446970462799072
0.499967091, -2.0556020736694336
0.501601148, -2.039202928543091
0.503679256, -2.0312068462371826
0.505751181, -2.0287058353424072
0.507843278, -2.044325828552246
0.509942759, -2.0440595149993896
0.512016191, -2.036698818206787
0.514095735, -2.0379838943481445
0.516175156, -2.04225754737854
0.518252043, -2.0385184288024902
0.520373058, -2.0298852920532227
0.522391778, -2.031857490539551
0.524456422, -2.0220816135406494
0.526566694, -2.0391461849212646
0.531542068, -2.0388906002044678
0.533697148, -2.0511739253997803
0.535781301, -2.0474066734313965
0.537747772, -2.0478262901306152
0.539918684, -2.034252166748047
0.541991999, -2.031031847000122
0.544042022, -2.0344748497009277
0.546149449, -2.028974771499634
0.548209209, -2.0415990352630615
0.55033971, -2.061690330505371
0.552392241, -2.0420820713043213
0.554473473, -2.044574499130249
0.556564939, -2.037477731704712
0.558535902, -2.0413472652435303
0.560649471, -2.031250476837158
0.562690165, -2.0273005962371826
0.564795269, -2.028315305709839
0.566925132, -2.029829502105713
0.568994995, -2.047614574432373
0.57107966, -2.040097236633301
0.573162889, -2.0360307693481445
0.575253112, -2.047537326812744
0.577329853, -2.035691738128662
0.579356265, -2.028718948364258
0.581409695, -2.0331714153289795
0.583471761, -2.0395705699920654
0.585558724, -2.0271880626678467
0.587635275, -2.036294460296631
0.591760728, -2.0413947105407715
0.59383231, -2.0475189685821533
0.595951361, -2.0338637828826904
0.5980693, -2.039673089981079
0.600133211, -2.038698196411133
0.60217888, -2.038004159927368
0.604260688, -2.0263047218322754
0.606377112, -2.0340285301208496
0.608393478, -2.0438051223754883
0.61047165, -2.036527633666992
0.612530142, -2.0375874042510986
0.614493384, -2.0543339252471924
0.616671483, -2.0388309955596924
0.618772105, -2.046063184738159
0.620833078, -2.0508573055267334
0.622906561, -2.037235975265503
0.624952616, -2.025383472442627
0.626978153, -2.0342609882354736
0.629033975, -2.0456130504608154
0.631088191, -2.0480854511260986
0.633159289, -2.0440115928649902
0.63522084, -2.039660930633545
0.637253518, -2.043914556503296
0.639382239, -2.033487558364868
0.641484677, -2.017347812652588
0.643478802, -2.0277962684631348
0.645663458, -2.035681962966919
0.647766056, -2.0421502590179443
0.649843467, -2.035015344619751
0.651889233, -2.0464296340942383
0.654005156, -2.0570664405822754
0.65610844, -2.0427138805389404
0.658140276, -2.039566993713379
0.660344801, -2.0298705101013184
0.662301005, -2.0222878456115723
0.664380724, -2.0247535705566406
0.66649474, -2.0354702472686768
0.668612183, -2.039959669113159
0.670569024, -2.0429251194000244
0.672586677, -2.0316121578216553
0.674631961, -2.027951240539551
0.676665353, -2.0262198448181152
0.678661933, -2.042941093444824
0.680683546, -2.01965069770813
0.682719363, -2.029417037963867
0.684744472, -2.018613576889038
0.686790471, -2.0324764251708984
0.688802499, -2.0529770851135254
0.691486107, -2.0503406524658203
0.693467051, -2.0483248233795166
0.695493305, -2.0425946712493896
0.697573016, -2.0535149574279785
0.69959463, -2.0398223400115967
0.701618602, -2.035869598388672
0.703696119, -2.02730131149292
0.705747868, -2.044883966445923
0.707765464, -2.048147678375244
0.709752887, -2.0443990230560303
0.71179234, -2.040799379348755
0.713840051, -2.0481529235839844
0.715832749, -2.0288586616516113
0.717863772, -2.0260612964630127
0.720193057, -2.035818338394165
0.722219667, -2.0179970264434814
0.724302693, -2.019261360168457
0.726302922, -2.016042470932007
0.728299694, -2.0464413166046143
0.730360169, -2.028027296066284
0.732372034, -2.0445992946624756
0.734411973, -2.040891170501709
0.736419052, -2.040492296218872
0.738456221, -2.0404064655303955
0.74051605, -2.0187430381774902
0.742509178, -2.0290184020996094
0.744534415, -2.0281879901885986
0.746583966, -2.0378427505493164
0.748564418, -2.040142297744751
0.750596111, -2.024827480316162
0.752647177, -2.051316738128662
0.754645194, -2.051906108856201
0.756671748, -2.0533196926116943
0.758719792, -2.042583465576172
0.760731128, -2.0288360118865967
0.762756389, -2.0261917114257812
0.764790091, -2.0205042362213135
0.766883622, -2.0232269763946533
0.768828879, -2.0309367179870605
0.770871417, -2.031471014022827
0.772924634, -2.0386314392089844
0.774900402, -2.0382497310638428
0.776936612, -2.041003704071045
0.778989504, -2.0465152263641357
0.780974127, -2.026949405670166
0.78304757, -2.029735803604126
0.785047404, -2.0317535400390625
0.78821217, -2.035115957260132
0.789530787, -2.026862621307373
0.791558852, -2.036742925643921
0.793616527, -2.0451016426086426
0.795603856, -2.0500400066375732
0.797627208, -2.047464609146118
0.799631505, -2.0330185890197754
0.801689806, -2.0122482776641846
0.803739397, -2.002798557281494
0.805710835, -2.0299289226531982
0.807732373, -2.050034523010254
0.809787115, -2.039116859436035
0.811826, -2.040865898132324
0.813854772, -2.0262043476104736
0.81592548, -2.042893886566162
0.817932572, -2.0337438583374023
0.820010165, -2.0481858253479004
0.822124575, -2.0341129302978516
0.824221597, -2.03035044670105
0.826326877, -2.0385348796844482
0.828423631, -2.052255630493164
0.830538829, -2.0380311012268066
0.83261804, -2.039813995361328
0.834745053, -2.041109800338745
0.836796057, -2.027540683746338
0.838885239, -2.0498478412628174
0.840995937, -2.032557964324951
0.843051329, -2.0047309398651123
0.845267425, -2.030470848083496
0.847336215, -2.02423357963562
0.849469122, -2.034336566925049
0.851570979, -2.036320447921753
0.853648703, -2.0307111740112305
0.855727603, -2.0339243412017822
0.857788922, -2.0357437133789062
0.861062412, -2.0450799465179443
0.863228966, -2.024597406387329
0.869736626, -2.0318472385406494
0.872146991, -2.0303030014038086
0.874370001, -2.0363876819610596
0.877011643, -2.028898000717163
0.879106513, -2.0331368446350098
0.881232432, -2.0281264781951904
0.883751421, -2.022481679916382
0.885849676, -2.0364553928375244
0.887938432, -2.039910316467285
0.890430921, -2.0373268127441406
0.892658101, -2.036646604537964
0.89478698, -2.025306224822998
0.896865014, -2.0453391075134277
0.899323255, -2.029590606689453
0.901479153, -2.0324437618255615
0.903597933, -2.016195058822632
0.905688552, -2.0384321212768555
0.907880128, -2.035306692123413
0.910093196, -2.0448126792907715
0.912205159, -2.038076400756836
0.91434645, -2.0400514602661133
0.916415842, -2.0485031604766846
0.918542943, -2.037468433380127
0.920607034, -2.0394670963287354
0.922723251, -2.0288851261138916
0.925327838, -2.0345659255981445
0.927432273, -2.0422070026397705
0.92975887, -2.034221649169922
0.931844623, -2.0501863956451416
0.933836703, -2.04738712310791
0.935859667, -2.0471696853637695
0.937942583, -2.033153772354126
0.939966543, -2.0417182445526123
0.941965045, -2.0212271213531494
0.944038757, -2.0289134979248047
0.946380795, -2.0293681621551514
0.948377228, -2.037334442138672
0.950508135, -2.037087917327881
0.952545688, -2.0378520488739014
0.954578515, -2.0350406169891357
0.95666282, -2.038515090942383
0.958725299, -2.046356439590454
0.960734311, -2.0291855335235596
0.962801253, -2.03177547454834
0.964785876, -2.0342252254486084
0.966813721, -2.0416271686553955
0.97217842, -2.0349786281585693
0.974327113, -2.0525121688842773
0.976499303, -2.043091297149658
0.978537378, -2.0429317951202393
0.980566972, -2.0392799377441406
0.982614043, -2.031895160675049
0.98463813, -2.0317599773406982
0.986682539, -2.0629794597625732
0.989775585, -2.0473110675811768
0.991802042, -2.03735089302063
0.993832792, -2.052781343460083
0.995878602, -2.047919273376465
0.998335465, -2.048140287399292
1.000294912, -2.0374152660369873
1.00231952, -2.0425209999084473
1.004407156, -2.0322282314300537
1.006646089, -2.044949769973755
1.008628727, -2.0578818321228027
1.010754429, -2.0615365505218506
1.012865652, -2.0371787548065186
1.01488327, -2.0384886264801025
1.016919961, -2.045949935913086
1.01893342, -2.0363118648529053
1.021856701, -2.0314769744873047
1.023785733, -2.0277857780456543
1.025809818, -2.0500295162200928
1.02786918, -2.0435779094696045
1.030086091, -2.0504138469696045
1.032238134, -2.043416738510132
1.034275071, -2.048596143722534
1.036346234, -2.0680124759674072
1.038461922, -2.055948257446289
1.040576407, -2.0347373485565186
1.042708293, -2.0227837562561035
1.044934641, -2.020390033721924
1.047074804, -2.0421693325042725
1.049119071, -2.036891460418701
1.051235809, -2.0534884929656982
1.053434451, -2.042928695678711
1.055628631, -2.0424938201904297
1.057615435, -2.0422801971435547
1.059716756, -2.0491061210632324
1.061843468, -2.033599615097046
1.06389814, -2.0257699489593506
1.066146359, -2.0336356163024902
1.068259163, -2.0507760047912598
1.07071174, -2.0396604537963867
1.072795135, -2.056752920150757
1.074847547, -2.040133237838745
1.076941848, -2.058483362197876
1.079100489, -2.03656005859375
1.081181354, -2.0381383895874023
1.083305913, -2.0329761505126953
1.085411135, -2.0370802879333496
1.087494636, -2.043400287628174
1.089577462, -2.034247875213623
1.091714998, -2.0464370250701904
1.09369551, -2.0411531925201416
1.095870585, -2.0343246459960938
1.098011923, -2.049201488494873
1.100211601, -2.0368492603302
1.102219565, -2.025144338607788
1.10435634, -2.0251991748809814
1.106506708, -2.03405499458313
1.108813531, -2.0415501594543457
1.110863396, -2.056164026260376
1.113051043, -2.036797523498535
1.115266562, -2.0289595127105713
1.11739436, -2.0379137992858887
1.119603096, -2.0413711071014404
1.121672619, -2.027219533920288
1.123960004, -2.0376017093658447
1.130859407, -2.051356554031372
1.13281899, -2.0350542068481445
1.13489591, -2.052757978439331
1.136889839, -2.046670913696289
1.139009214, -2.048236131668091
1.1416411260000001, -2.0431079864501953
1.143643082, -2.0211057662963867
1.146410232, -2.026405096054077
1.149043368, -2.0315287113189697
1.152946328, -2.0448267459869385
1.154931271, -2.038541316986084
1.156985463, -2.0433225631713867
1.159047313, -2.0425009727478027
1.161053201, -2.026571035385132
1.163036673, -2.014882802963257
1.165077266, -2.029299736022949
1.167122503, -2.035282611846924
1.1692318, -2.047187089920044
1.171277752, -2.04875111579895
1.173304966, -2.0343637466430664
1.175313974, -2.0425593852996826
1.177373194, -2.0479485988616943
1.179394808, -2.041105270385742
1.181406561, -2.047841787338257
1.183465205, -2.037559747695923
1.185469714, -2.02732515335083
1.187508964, -2.049037456512451
1.18964972, -2.042821168899536
1.191614339, -2.0422236919403076
1.193694494, -2.056915760040283
1.195736729, -2.0428242683410645
1.197784832, -2.05621600151062
1.199944992, -2.049175977706909
1.202091466, -2.0314407348632812
1.204156354, -2.02561354637146
1.206279959, -2.0360705852508545
1.208391915, -2.0454113483428955
1.210455321, -2.0420331954956055
1.212533696, -2.0536131858825684
1.214631049, -2.0440781116485596
1.216734251, -2.037785768508911
1.219408198, -2.0433154106140137
1.220954072, -2.0394222736358643
1.22306561, -2.027219772338867
1.2251711730000001, -2.0348901748657227
1.227312284, -2.035600185394287
1.229478329, -2.045260429382324
1.231587523, -2.0395679473876953
1.233637768, -2.0411016941070557
1.23571522, -2.043322801589966
1.237814727, -2.0456295013427734
1.239945236, -2.037933111190796
1.241893422, -2.0332939624786377
1.2439090560000001, -2.0219576358795166
1.245952495, -2.0355851650238037
1.247957134, -2.0377702713012695
1.251258864, -2.0425639152526855
1.253228115, -2.0394132137298584
1.255293989, -2.0302488803863525
1.257379625, -2.0394444465637207
1.259361091, -2.021527051925659
1.261364911, -2.027864694595337
1.2633933210000001, -2.02347469329834
1.265412602, -2.0364339351654053
1.267449356, -2.038114070892334
1.269464205, -2.048143148422241
1.271498828, -2.0430009365081787
1.2735421599999999, -2.0477397441864014
1.275582928, -2.0443403720855713
1.277565037, -2.042978525161743
1.279597834, -2.037813901901245
1.281641813, -2.0296361446380615
1.28369769, -2.0206761360168457
1.285693174, -2.0309298038482666
1.287696021, -2.0444231033325195
1.289805489, -2.033440589904785
1.291770159, -2.0361106395721436
1.293798234, -2.0369749069213867
1.2958042029999999, -2.044773817062378
1.297839526, -2.0408928394317627
1.299877182, -2.024458169937134
1.301876337, -2.0242843627929688
1.303913045, -2.0257930755615234
1.305924157, -2.0415050983428955
1.307981086, -2.0425937175750732
1.310024044, -2.0405452251434326
1.312031441, -2.037970542907715
1.314032759, -2.0423736572265625
1.316075232, -2.038891553878784
1.3180806409999999, -2.045755386352539
1.3201378830000001, -2.039029598236084
1.32218158, -2.029001474380493
1.324199047, -2.0174825191497803
1.326205445, -2.042680263519287
1.328240789, -2.046764850616455
1.330254842, -2.026257038116455
1.332312369, -2.0551278591156006
1.3343715010000001, -2.038803815841675
1.336402029, -2.0435895919799805
1.338486285, -2.0352444648742676
1.340534228, -2.0252647399902344
1.3426236089999999, -2.0246052742004395
1.344654259, -2.032061815261841
1.346675544, -2.029405117034912
1.348870864, -2.0495612621307373
1.3511306730000001, -2.054213523864746
1.353198045, -2.04434871673584
1.355309878, -2.054396390914917
1.357444251, -2.054514169692993
1.359457157, -2.036536931991577
1.361560916, -2.0421814918518066
1.3636348919999999, -2.0347883701324463
1.365716806, -2.035275459289551
1.367790459, -2.0493345260620117
1.369895983, -2.0529942512512207
1.371973226, -2.034104585647583
1.3740749700000001, -2.035839557647705
1.37617857, -2.0423808097839355
1.3782447979999999, -2.029649019241333
1.380248194, -2.028822183609009
1.38229704, -2.0220513343811035
1.3843989300000001, -2.034970998764038
1.386384464, -2.0314903259277344
1.388573011, -2.051417589187622
1.3907722790000001, -2.0453553199768066
1.392782549, -2.051919937133789
1.394850203, -2.0439109802246094
1.3968909, -2.040928840637207
1.398980183, -2.0422725677490234
1.401073207, -2.0311524868011475
1.403134684, -2.024700880050659
1.405216169, -2.0116138458251953
1.407260473, -2.0403103828430176
1.409276322, -2.038881540298462
1.411347797, -2.037973642349243
1.413346689, -2.019866704940796
1.415419402, -2.0422847270965576
1.417472722, -2.045928478240967
1.4194837, -2.0426008701324463
1.421588938, -2.035860538482666
1.423674663, -2.0286834239959717
1.425651743, -2.039073944091797
1.427761082, -2.043952226638794
1.429830578, -2.04838490486145
1.431912944, -2.047050952911377
1.433997848, -2.045384168624878
1.436087907, -2.018671751022339
1.438627456, -2.043961763381958
1.442479973, -2.027292490005493
1.444598533, -2.0339152812957764
1.446771443, -2.0301074981689453
1.448930485, -2.0318410396575928
1.45095419, -2.039717674255371
1.452991449, -2.030022382736206
1.455081661, -2.035250425338745
1.457170664, -2.0466136932373047
1.459062181, -2.031555414199829
1.46156479, -2.0292932987213135
1.463714551, -2.032432794570923
1.465832662, -2.0291213989257812
1.467876717, -2.0408902168273926
1.470102857, -2.0414443016052246
1.472211597, -2.0367090702056885
1.4743683, -2.069241762161255
1.476722836, -2.032938241958618
1.478827666, -2.0506417751312256
1.480925015, -2.0363330841064453
1.483006593, -2.0266506671905518
1.4850036389999999, -2.035181760787964
1.487137172, -2.038421154022217
1.489279614, -2.057706594467163
1.491313197, -2.0570015907287598
1.495539114, -2.049060344696045
1.4976619150000001, -2.0420024394989014
1.4996575810000001, -2.0327394008636475
1.502104857, -2.028956651687622
1.5054012860000001, -2.0341744422912598
1.507458208, -2.059497117996216
1.509461224, -2.049163818359375
1.5114224090000001, -2.0461223125457764
1.513469922, -2.055781841278076
1.515467053, -2.0447187423706055
1.517514248, -2.0406267642974854
1.519533167, -2.039393424987793
1.521547801, -2.0399105548858643
1.523606303, -2.0247480869293213
1.525613307, -2.036053419113159
1.527629214, -2.0572400093078613
1.529712547, -2.042886972427368
1.531713492, -2.0495641231536865
1.533753703, -2.04714035987854
1.535755714, -2.05462908744812
1.53777214, -2.048638343811035
1.5397880000000002, -2.0501110553741455
1.541815669, -2.053159713745117
1.5438508579999999, -2.030099391937256
1.545871761, -2.0482494831085205
1.548530838, -2.0473756790161133
1.550614721, -2.0459861755371094
1.552705901, -2.04455828666687
1.5547247789999998, -2.0322439670562744
1.5567871389999999, -2.0435876846313477
1.5587898519999999, -2.0439062118530273
1.5608152579999999, -2.029560089111328
1.562849161, -2.0301172733306885
1.5648587919999999, -2.027946949005127
1.56689862, -2.0327346324920654
1.568932494, -2.0432748794555664
1.570958125, -2.0383787155151367
1.5729468, -2.0454673767089844
1.574983543, -2.0338869094848633
1.577006897, -2.0450098514556885
1.579044492, -2.025675058364868
1.5810767399999999, -2.0297977924346924
1.5831120410000001, -2.024303674697876
1.5851139600000002, -2.03584361076355
1.5871654099999999, -2.026512384414673
1.5903835050000001, -2.047440528869629
1.5924367579999998, -2.0386195182800293
1.594445253, -2.039639472961426
1.59657037, -2.0427048206329346
1.5985859100000002, -2.0570220947265625
1.600629761, -2.039825677871704
1.602637959, -2.0222251415252686
1.604716216, -2.0273406505584717
1.606700076, -2.0299017429351807
1.608744346, -2.0347354412078857
1.610769757, -2.0332586765289307
1.612794907, -2.0256075859069824
1.614803777, -2.035153865814209
1.616826903, -2.036947250366211
1.618865966, -2.033881902694702
1.620876465, -2.017188310623169
1.622899457, -2.013381242752075
1.624941009, -2.0203707218170166
1.626995486, -2.0345089435577393
1.629022305, -2.030449867248535
1.631013708, -2.0279741287231445
1.633031369, -2.0393176078796387
1.6350549989999998, -2.0429859161376953
1.637070075, -2.041741132736206
1.6391054170000001, -2.0458357334136963
1.6411274580000001, -2.0354702472686768
1.643228794, -2.025574207305908
1.645193977, -2.0310511589050293
1.647230094, -2.0379085540771484
1.6495242719999998, -2.0211522579193115
1.651573184, -2.047795295715332
1.653616212, -2.0350279808044434
1.655684828, -2.0418624877929688
1.65769002, -2.036923408508301
1.659758356, -2.0314579010009766
1.661739998, -2.023115634918213
1.663881835, -2.031683921813965
1.66621095, -2.0357000827789307
1.668208755, -2.0494816303253174
1.670293054, -2.0473403930664062
1.672384617, -2.0407958030700684
1.6744433810000001, -2.038529396057129
1.676499777, -2.0434036254882812
1.679055633, -2.044445753097534
1.681134375, -2.0346083641052246
1.683214725, -2.024059534072876
1.685389667, -2.029890537261963
1.687400628, -2.0350499153137207
1.689534585, -2.03902006149292
1.691632449, -2.034929037094116
1.69371016, -2.037517786026001
1.695751419, -2.0320827960968018
1.697851282, -2.0424611568450928
1.700040046, -2.051694869995117
1.702161198, -2.0268561840057373
1.7043792070000001, -2.0353012084960938
1.706509563, -2.0262997150421143
1.7085664710000001, -2.0500786304473877
1.710529543, -2.043926477432251
1.712586768, -2.04606556892395
1.714604544, -2.0511274337768555
1.716629153, -2.033249855041504
1.7186938550000002, -2.04282808303833
1.720686894, -2.028663158416748
1.722731323, -2.028043508529663
1.724740599, -2.0319664478302
1.726739637, -2.043579339981079
1.7287893890000001, -2.034377336502075
1.7307839409999999, -2.031611442565918
1.7328813109999999, -2.036078691482544
1.734835821, -2.041588544845581
1.736855748, -2.036228656768799
1.7389197859999999, -2.033900022506714
1.740939158, -2.0346744060516357
1.742947467, -2.0351006984710693
1.7449732500000001, -2.024365186691284
1.747014474, -2.034184694290161
1.749201271, -2.0363471508026123
1.751051308, -2.0484561920166016
1.7531155809999999, -2.0358293056488037
1.7550956869999998, -2.0428848266601562
1.757165895, -2.0398013591766357
1.7592199389999998, -2.02917742729187
1.761220768, -2.0400779247283936
1.763230297, -2.0368309020996094
1.766114881, -2.0155715942382812
1.7680589850000001, -2.044719696044922
1.770010018, -2.033086061477661
1.7720423429999999, -2.035628080368042
1.7740792669999998, -2.031249523162842
1.777460299, -2.0411570072174072
1.779413084, -2.0314812660217285
1.781428469, -2.030280590057373
1.7834776749999999, -2.0281286239624023
1.785484952, -2.0364484786987305
