0.249418425, 0.7958869338035583
0.251408525, 0.793956995010376
0.25351266, 0.7926540970802307
0.255535243, 0.8013337850570679
0.257611315, 0.8009640574455261
0.259669049, 0.8033704161643982
0.261631656, 0.8154642581939697
0.263673482, 0.8197422027587891
0.265697126, 0.8161477446556091
0.267733961, 0.8009437918663025
0.269766884, 0.7906113862991333
0.271817489, 0.8025289177894592
0.273893837, 0.7974558472633362
0.275906353, 0.8140739798545837
0.278513203, 0.7980758547782898
0.281113618, 0.8091217279434204
0.283199208, 0.8288717865943909
0.285232395, 0.815167248249054
0.287283035, 0.7995721101760864
0.289279925, 0.7851210236549377
0.291391114, 0.7924748063087463
0.293340744, 0.7974716424942017
0.295393772, 0.7932968139648438
0.297413555, 0.8054462671279907
0.299606811, 0.7968356609344482
0.301487069, 0.7987521886825562
0.303534961, 0.8171207308769226
0.305597388, 0.8104742169380188
0.307702224, 0.7883489727973938
0.309730438, 0.7884047627449036
0.311737218, 0.7819988131523132
0.313755646, 0.7907196283340454
0.315773703, 0.7963504195213318
0.317861588, 0.798491895198822
0.319872942, 0.8037761449813843
0.32190285, 0.8183929920196533
0.323943263, 0.8227702379226685
0.326034212, 0.8105839490890503
0.327991984, 0.7897549867630005
0.330007428, 0.7896861433982849
0.332059654, 0.7831544876098633
0.334082077, 0.7960644364356995
0.336091273, 0.7972288727760315
0.338131599, 0.7856572866439819
0.340157064, 0.7932420372962952
0.342176285, 0.8135241866111755
0.344207721, 0.8239519000053406
0.346299604, 0.8019874095916748
0.348230304, 0.7969162464141846
0.350269873, 0.7776541113853455
0.352303462, 0.8032254576683044
0.354342607, 0.7948525547981262
0.356385473, 0.8137595057487488
0.358424417, 0.7964758276939392
0.360454931, 0.7999309301376343
0.362497893, 0.8152154684066772
0.364549382, 0.8211662769317627
0.366582735, 0.8132272958755493
0.368604839, 0.7964712977409363
0.370678357, 0.7962896227836609
0.372805191, 0.7930428385734558
0.374847008, 0.8029325008392334
0.376876798, 0.8049227595329285
0.37909101, 0.7849433422088623
0.381210047, 0.8068917393684387
0.383326016, 0.8258653283119202
0.385392812, 0.8085321187973022
0.387593744, 0.7962914705276489
0.389684184, 0.7843610644340515
0.391696537, 0.7874213457107544
0.394508727, 0.7846885323524475
0.39654839, 0.8014736175537109
0.398652735, 0.7952259182929993
0.400657442, 0.8015360832214355
0.402800949, 0.8230906128883362
0.404898706, 0.8202550411224365
0.406973102, 0.8043392896652222
0.409045298, 0.7947454452514648
0.411582729, 0.8021036982536316
0.413731745, 0.7982901334762573
0.415846, 0.8032569289207458
0.417938231, 0.8068557381629944
0.420017213, 0.798025906085968
0.422104808, 0.8251175284385681
0.424279878, 0.8208807110786438
0.426361192, 0.8002012968063354
0.428500828, 0.7937052845954895
0.430533216, 0.7832544445991516
0.432678108, 0.7946034669876099
0.434714909, 0.7967345118522644
0.436784376, 0.8061687350273132
0.438875527, 0.7965050339698792
0.441014418, 0.8078947067260742
0.44333062, 0.8201982378959656
0.445358378, 0.8240620493888855
0.447486175, 0.7973173260688782
0.449611327, 0.7904180288314819
0.451644189, 0.7918980717658997
0.453829342, 0.7851744294166565
0.455905715, 0.802227258682251
0.457971029, 0.7893742322921753
0.459962633, 0.7887822389602661
0.461959662, 0.8045817613601685
0.463981804, 0.8231333494186401
0.466030931, 0.8042579889297485
0.468064008, 0.7849003076553345
0.470059898, 0.793963611125946
0.472095446, 0.7936090230941772
0.474203099, 0.794394850730896
0.476163319, 0.8128030300140381
0.478209727, 0.7969456911087036
0.480224038, 0.7921658158302307
0.482228213, 0.8133466243743896
0.484286838, 0.8184542059898376
0.486287502, 0.8004438281059265
0.488334377, 0.7866963148117065
0.490350418, 0.7877843379974365
0.492366347, 0.7831900119781494
0.494390826, 0.7992764711380005
0.496434678, 0.8096563816070557
0.498446262, 0.7911388278007507
0.50049863, 0.7997890710830688
0.503127332, 0.8286643624305725
0.505099308, 0.8261222839355469
0.507127313, 0.8037334680557251
0.509149466, 0.8021334409713745
0.511227876, 0.7909499406814575
0.513264153, 0.7943207621574402
0.515226229, 0.8078847527503967
0.517299349, 0.7999958395957947
0.519298108, 0.7962043881416321
0.521306503, 0.8115804195404053
0.523341492, 0.8219252824783325
0.525364323, 0.8266702890396118
0.52739011, 0.7949017882347107
0.529420279, 0.800021767616272
0.531439499, 0.7963297963142395
0.533500955, 0.7920293807983398
0.535479095, 0.8002642393112183
0.53751353, 0.7992255687713623
0.539549693, 0.7955425977706909
0.541566785, 0.8118890523910522
0.543625059, 0.8269495964050293
0.545635855, 0.8173612952232361
0.54772332, 0.805274486541748
0.549706817, 0.7893865704536438
0.551698484, 0.7787572145462036
0.553772098, 0.782124400138855
0.5557569, 0.7979216575622559
0.557823368, 0.7867907285690308
0.559813905, 0.7859901189804077
0.561843812, 0.8061450123786926
0.563855011, 0.8214684724807739
0.565883454, 0.8094965815544128
0.567913659, 0.796799898147583
0.569941711, 0.7894465327262878
0.57198292, 0.7843614220619202
0.573997943, 0.7934021949768066
0.576055924, 0.8120790123939514
0.578036706, 0.7943923473358154
0.580056158, 0.7985426783561707
0.582099161, 0.8108581304550171
0.584104193, 0.8206534385681152
0.586176476, 0.8124675154685974
0.588200289, 0.7926759719848633
0.590232989, 0.794588029384613
0.592263222, 0.7811583280563354
0.594233405, 0.8004475235939026
0.596268902, 0.7933542728424072
0.598328195, 0.7907216548919678
0.60032386, 0.7993624806404114
0.602338025, 0.811477780342102
0.604370602, 0.8232121467590332
0.606391406, 0.8052034974098206
0.608429659, 0.7877143621444702
0.610463382, 0.783307671546936
0.612540398, 0.7933236360549927
0.614497962, 0.7946772575378418
0.616568339, 0.8070986866950989
0.618610874, 0.7969834208488464
0.620576911, 0.7954827547073364
0.622606008, 0.8189381957054138
0.624663356, 0.8103351593017578
0.626658591, 0.8082836866378784
0.628686437, 0.7874187231063843
0.630758558, 0.7785801887512207
0.632751385, 0.7873029708862305
0.634819667, 0.7826990485191345
0.6368014, 0.7862135767936707
0.638858547, 0.7824719548225403
0.640843501, 0.7955514788627625
0.64286565, 0.8226956725120544
0.644878843, 0.8071739673614502
0.646922296, 0.7864397764205933
0.648919053, 0.7789514660835266
0.650962288, 0.7834019660949707
0.652994443, 0.7909839153289795
0.655030585, 0.7924579381942749
0.657127274, 0.8033351898193359
0.659105587, 0.7916336059570312
0.661180357, 0.8050010204315186
0.663210446, 0.8238387107849121
0.665276961, 0.811919093132019
0.667299489, 0.7997453808784485
0.66958327, 0.7986456155776978
0.671362812, 0.7836922407150269
0.673491275, 0.7898242473602295
0.675563228, 0.7971363067626953
0.677621871, 0.8080587387084961
0.679729162, 0.8030492067337036
0.681788212, 0.812632143497467
0.683800316, 0.8241201639175415
0.685928499, 0.8045222759246826
0.688075503, 0.8022355437278748
0.690231494, 0.7884529232978821
0.69226941, 0.7800397276878357
0.694357448, 0.7886291146278381
0.696287401, 0.7997062802314758
0.698309068, 0.7763903141021729
0.700366753, 0.7888394594192505
0.702337557, 0.8185174465179443
0.704382721, 0.8155277371406555
0.706396482, 0.802444577217102
0.708477606, 0.7849802374839783
0.710440292, 0.7848901152610779
0.71248712, 0.7935193181037903
0.714555132, 0.7952408790588379
0.717110878, 0.8060522675514221
0.718569741, 0.7879568934440613
0.720612448, 0.7993639707565308
0.722598627, 0.8230580687522888
0.724632253, 0.8163332343101501
0.726653485, 0.8050773739814758
0.728699646, 0.784995436668396
0.730752721, 0.7882159948348999
0.734060342, 0.7860524654388428
0.736012576, 0.8030140995979309
0.738580456, 0.7754342555999756
0.740769658, 0.7998786568641663
0.742792441, 0.8192781805992126
0.744803326, 0.817971408367157
0.746857631, 0.7946053743362427
0.748865794, 0.7873555421829224
0.750999555, 0.7942795753479004
0.752918926, 0.7888513803482056
0.754956836, 0.7848600745201111
0.757399471, 0.7956210374832153
0.759625057, 0.7950118184089661
0.761642621, 0.7975146770477295
0.763864123, 0.8180365562438965
0.765889387, 0.8037386536598206
0.76791409, 0.7871935963630676
0.769955054, 0.7944420576095581
0.772017257, 0.7736756801605225
0.774006206, 0.802558183670044
0.776021115, 0.7968913912773132
0.778040971, 0.7984998822212219
0.7800865, 0.7928476929664612
0.782090177, 0.8142745494842529
0.784119469, 0.826016902923584
0.7861514, 0.8076580762863159
0.788177807, 0.7885288000106812
0.790207684, 0.7780842185020447
0.792246801, 0.7864618897438049
0.794248625, 0.7916422486305237
0.796272271, 0.7956265807151794
0.79829662, 0.7906083464622498
0.800344522, 0.7866150140762329
0.802361377, 0.8069735765457153
0.804370341, 0.8153707385063171
0.80642853, 0.8046667575836182
0.808434863, 0.7925468683242798
0.81045775, 0.7885322570800781
0.812493208, 0.7836432456970215
0.814518104, 0.7897438406944275
0.816534227, 0.8056030869483948
0.818630417, 0.7752217650413513
0.820645685, 0.792181134223938
0.822665588, 0.8147916197776794
0.824713636, 0.8068922162055969
0.826718554, 0.8020366430282593
0.828746797, 0.7763704061508179
0.83077215, 0.7901543974876404
0.832822646, 0.7809416055679321
0.834845694, 0.7999601364135742
0.836896776, 0.7904337048530579
0.838876165, 0.7852993607521057
0.840918813, 0.7953495383262634
0.842950908, 0.8212630152702332
0.844960801, 0.8068498969078064
0.846974236, 0.792472779750824
0.849070727, 0.7874096632003784
0.851068589, 0.782522439956665
0.853057581, 0.7978445887565613
0.855072925, 0.7910276055335999
0.857112866, 0.7962501049041748
0.859163613, 0.7969774603843689
0.861157158, 0.7983866333961487
0.863195207, 0.8181169629096985
0.865216028, 0.8093966841697693
0.867284851, 0.8002846837043762
0.869255674, 0.7909128665924072
0.871310193, 0.7925548553466797
0.873404139, 0.7989140152931213
0.875379609, 0.7970818281173706
0.877425395, 0.8010300397872925
0.879453905, 0.8004276752471924
0.881458371, 0.811649739742279
0.883504191, 0.8230421543121338
0.885534969, 0.811538815498352
0.887536439, 0.7883992791175842
0.889575972, 0.7804701328277588
0.891628616, 0.7914370894432068
0.893638259, 0.8002718687057495
0.895652286, 0.7991199493408203
0.897691192, 0.7974317073822021
0.899689316, 0.8009607195854187
0.901715527, 0.8136829733848572
0.903745412, 0.8114544153213501
0.90621484, 0.8160397410392761
0.908255215, 0.7941765785217285
0.910241425, 0.7868776917457581
0.912325014, 0.7776294350624084
0.914325697, 0.7946057915687561
0.916337198, 0.8021821975708008
0.918346328, 0.789539635181427
0.920378582, 0.7903174757957458
0.922417466, 0.8187652230262756
0.924425014, 0.805250346660614
0.926468555, 0.7950941324234009
0.928488778, 0.7845262289047241
0.930528179, 0.7903710603713989
0.932528917, 0.7861394882202148
0.934556283, 0.7896409630775452
0.936579787, 0.8016341924667358
0.938600022, 0.7859907150268555
0.940626858, 0.8069460988044739
0.942751924, 0.8074434995651245
0.944747779, 0.8113658428192139
0.946741293, 0.8019980192184448
0.948786673, 0.7860201597213745
0.950795241, 0.788245439529419
0.952832421, 0.7918866276741028
0.954836031, 0.7972860932350159
0.956857162, 0.7964420914649963
0.958871436, 0.7956671118736267
0.960914317, 0.8049653172492981
0.96294386, 0.8276280164718628
0.965015284, 0.8093987107276917
0.966992375, 0.8040249347686768
0.969029018, 0.7882031202316284
0.971074589, 0.7803105115890503
0.973072046, 0.7907373309135437
0.975092454, 0.7897864580154419
0.97711947, 0.7981868386268616
0.979152787, 0.791705310344696
0.981164053, 0.8013911843299866
0.983198229, 0.8188987970352173
0.985223363, 0.8104835152626038
0.987249737, 0.7931759357452393
0.992333345, 0.7959052920341492
0.994570705, 0.7910154461860657
0.996589466, 0.806420624256134
0.998623852, 0.8006051778793335
1.000655031, 0.7977972030639648
1.002710492, 0.8169500827789307
1.004713658, 0.8199121356010437
1.006717842, 0.79034423828125
1.008772343, 0.7945975661277771
1.010789923, 0.7925083637237549
1.012851911, 0.7877005934715271
1.014829694, 0.7916187047958374
1.016857617, 0.7991951704025269
1.018876701, 0.783644437789917
1.02092099, 0.7993290424346924
1.022944231, 0.8242902159690857
1.024972506, 0.8101370334625244
1.026980342, 0.7903915643692017
1.029103748, 0.7906094193458557
1.031036928, 0.7855289578437805
1.033060317, 0.791808009147644
1.03511641, 0.7970389723777771
1.037201866, 0.8012810349464417
1.039136459, 0.8020604252815247
1.041153084, 0.7992982864379883
1.043206871, 0.8237725496292114
1.045263997, 0.814874529838562
1.047277318, 0.7946878671646118
1.049276281, 0.7816121578216553
1.051286583, 0.7866195440292358
1.053335038, 0.7810970544815063
1.055405092, 0.7942746877670288
1.057431051, 0.8052294850349426
1.059436727, 0.7916357517242432
1.061477036, 0.8069620728492737
1.063483492, 0.8173407316207886
1.06550692, 0.8102477192878723
1.067539326, 0.7906138896942139
1.069586537, 0.789581835269928
1.07159106, 0.786723792552948
1.073616793, 0.7864294052124023
1.075646158, 0.7933024168014526
1.077675864, 0.7922629117965698
1.079696055, 0.7850978374481201
1.081733461, 0.807330310344696
1.083734989, 0.8095714449882507
1.085766501, 0.8028578758239746
1.087792032, 0.7792776226997375
1.089851012, 0.7813240885734558
1.091865915, 0.7746621370315552
1.093911355, 0.7900881767272949
1.095908328, 0.7995755672454834
1.097958586, 0.7973061800003052
1.100031755, 0.7889662981033325
1.102236679, 0.8216699361801147
1.104158411, 0.8153393268585205
1.106211165, 0.8046993613243103
1.108227428, 0.7864887118339539
1.110246608, 0.7808221578598022
1.112272821, 0.7861770391464233
1.114290226, 0.7929394245147705
1.116374995, 0.7901437878608704
1.118357129, 0.7875727415084839
1.120393434, 0.8025770783424377
1.122427857, 0.8116766214370728
1.124435085, 0.8166060447692871
1.126482144, 0.7967866659164429
1.12851685, 0.7827833890914917
1.130543347, 0.7939632534980774
1.132566094, 0.7853666543960571
1.134583715, 0.7832133173942566
1.136641147, 0.8103383779525757
1.138726797, 0.7953583002090454
1.140883498, 0.7978900074958801
1.142912008, 0.8160340785980225
1.144937571, 0.8096758723258972
1.14729689, 0.7890927195549011
1.149096862, 0.7827218770980835
1.151353088, 0.7880427837371826
1.153374787, 0.784867525100708
1.155418901, 0.7873915433883667
1.157462253, 0.7999013662338257
1.159529322, 0.7965623140335083
1.161621657, 0.8145403861999512
1.163683648, 0.8153625726699829
1.166119988, 0.815345287322998
1.168194137, 0.7953349947929382
1.170281377, 0.7930378317832947
1.172232483, 0.7914204597473145
1.17444026, 0.8056036829948425
1.176493392, 0.7974612712860107
1.17856907, 0.7917289137840271
1.180653526, 0.7990221977233887
1.182766822, 0.829119861125946
1.184769238, 0.8193891048431396
1.1868677, 0.8129803538322449
1.188959371, 0.7939126491546631
1.190991502, 0.8030143976211548
1.19305163, 0.7899280190467834
1.195125213, 0.8108198642730713
1.197206631, 0.8103310465812683
1.199277449, 0.7980640530586243
1.201448568, 0.8037047386169434
1.204785065, 0.8063791990280151
1.206894016, 0.8161618709564209
1.208915019, 0.7916216850280762
1.211008477, 0.7929494380950928
1.213369495, 0.7914940118789673
1.215555342, 0.8019709587097168
1.217637809, 0.7976466417312622
1.219675446, 0.7995476126670837
1.221745946, 0.817415177822113
1.223902088, 0.8236309885978699
1.226008084, 0.8229376673698425
1.22812987, 0.794651985168457
1.23300318, 0.801756739616394
1.235125058, 0.8098907470703125
1.2370784320000001, 0.8021057844161987
1.239096852, 0.8005622029304504
1.241139233, 0.8041595220565796
1.243177582, 0.8300392031669617
1.24519523, 0.8164049386978149
1.247214058, 0.8079218864440918
1.249275695, 0.8052311539649963
1.251254399, 0.7915663719177246
1.253623797, 0.7972662448883057
1.255648927, 0.8084563612937927
1.257719005, 0.8047626614570618
1.25970593, 0.7918182015419006
1.2617728000000001, 0.81354820728302
1.26380705, 0.8153590559959412
1.265838085, 0.8087698221206665
1.267901362, 0.7882199287414551
1.269865416, 0.7907909154891968
1.271898065, 0.7836530804634094
1.273927043, 0.7993636131286621
1.275953317, 0.8098835349082947
1.277975115, 0.8038970232009888
1.279981541, 0.7866153717041016
1.283085347, 0.8138452172279358
1.286058232, 0.8061500787734985
1.288061819, 0.7909183502197266
1.290130359, 0.7934191226959229
1.292227239, 0.7860913872718811
1.294206325, 0.7939056754112244
1.296231568, 0.8002354502677917
1.298276215, 0.7817500233650208
1.300274555, 0.798600971698761
1.30228674, 0.8053202629089355
1.304305277, 0.8145416975021362
1.306353512, 0.807929515838623
1.308379801, 0.7942104339599609
1.310391549, 0.7917105555534363
1.312424646, 0.7894363403320312
1.314435281, 0.8015369176864624
1.316486005, 0.798715353012085
1.31851001, 0.8014495968818665
1.3205292929999999, 0.7998489141464233
1.3225570150000001, 0.8184875845909119
1.324594353, 0.8172339797019958
1.326631833, 0.8000602126121521
1.328621216, 0.7899034023284912
1.33064071, 0.7965733408927917
1.332833046, 0.7926807999610901
1.334955303, 0.8036950826644897
1.3369861840000001, 0.8031347990036011
1.339022715, 0.7924579381942749
1.3412686950000001, 0.7994537353515625
1.343332086, 0.8183493614196777
1.34538105, 0.8064134120941162
1.347387175, 0.7969955205917358
1.349461741, 0.7888621091842651
1.351498078, 0.7944234013557434
1.353572852, 0.795286238193512
1.355607407, 0.7932658195495605
1.357671452, 0.7947216629981995
1.359721582, 0.7930465936660767
1.361766125, 0.8127785325050354
1.363984444, 0.8196091651916504
1.366017938, 0.8164921402931213
1.368050613, 0.7788174152374268
1.370162068, 0.7742369174957275
1.3722547729999999, 0.7857813239097595
1.3743209570000001, 0.7815995216369629
1.3763702150000001, 0.7824148535728455
1.378447048, 0.780497670173645
1.380473473, 0.7937487363815308
1.382549451, 0.8194473385810852
1.384657308, 0.8105897903442383
1.386746193, 0.8005024194717407
1.388794784, 0.7922860980033875
1.3908360370000001, 0.7838220000267029
1.39291784, 0.7942826151847839
1.39498501, 0.7887109518051147
1.397102517, 0.7989431023597717
1.39916048, 0.788827121257782
1.401221316, 0.7985543012619019
1.403297489, 0.8150931000709534
1.405373921, 0.8094236850738525
1.407466401, 0.7914559841156006
1.40953026, 0.7805922031402588
1.4115721909999999, 0.789851188659668
1.413667489, 0.7830552458763123
1.415677237, 0.7936406135559082
1.417725427, 0.8013253211975098
1.419767153, 0.7889679670333862
1.4218534360000001, 0.8050337433815002
1.423994246, 0.821237325668335
1.4260554, 0.8016893863677979
1.428153613, 0.7864433526992798
1.430297552, 0.7871305346488953
1.432551031, 0.7820066809654236
1.434653112, 0.7936494946479797
1.436714924, 0.801357626914978
1.438866612, 0.7871453762054443
1.442190771, 0.808843195438385
1.444220118, 0.819181501865387
1.446309883, 0.8183972239494324
1.448385939, 0.7967632412910461
1.450478193, 0.7958792448043823
1.452682795, 0.7933161854743958
1.454722541, 0.7969002723693848
1.456744283, 0.80221027135849
1.4588195449999999, 0.7922391891479492
1.460915787, 0.8070552945137024
1.462983482, 0.8258005380630493
1.465045936, 0.7967522144317627
1.467131153, 0.8039674758911133
1.469217185, 0.7898010015487671
1.4713277470000001, 0.7883886694908142
1.473457212, 0.7889374494552612
1.475632337, 0.7960057258605957
1.47769071, 0.796163022518158
1.4797540869999999, 0.8034061789512634
1.4818138109999999, 0.8144404888153076
1.4838772599999999, 0.835651695728302
1.48596489, 0.8177675008773804
1.4880389059999999, 0.7911819219589233
1.490155017, 0.7915946245193481
1.492151727, 0.7860423922538757
1.494321891, 0.7977740168571472
1.496397392, 0.8067440986633301
1.4988719480000001, 0.7954694032669067
1.5009812550000001, 0.8079402446746826
1.503024088, 0.8217965960502625
1.505086827, 0.8183123469352722
1.507142411, 0.7964470982551575
1.5092029340000002, 0.7968717217445374
1.511244061, 0.8007062077522278
1.513213704, 0.8050637245178223
1.515240955, 0.805221676826477
1.517272276, 0.8122010231018066
1.519313253, 0.8098591566085815
1.521330446, 0.8104931712150574
1.523364307, 0.82771897315979
1.525374422, 0.8113294839859009
1.527406421, 0.7936263084411621
1.529455384, 0.7926239371299744
1.531449656, 0.789758563041687
1.5334818019999998, 0.790090024471283
1.535504169, 0.7997932434082031
1.537525893, 0.7989001274108887
1.539546905, 0.8043457865715027
1.541566196, 0.8109143376350403
1.54362061, 0.8274951577186584
1.545643249, 0.813901960849762
1.5476608490000001, 0.8027387261390686
1.549686353, 0.7842250466346741
1.551726494, 0.795714259147644
1.553804059, 0.798384964466095
1.555828462, 0.8079709410667419
1.557844442, 0.8059312105178833
1.5598964149999999, 0.8028249144554138
1.561882424, 0.824776828289032
1.564385393, 0.8293580412864685
1.5663206600000001, 0.8147136569023132
1.568339753, 0.79189133644104
1.570362529, 0.7808485627174377
1.572405334, 0.7842410206794739
1.574425673, 0.7935206890106201
1.576428728, 0.8008381724357605
1.57851117, 0.7940027713775635
1.5805026149999999, 0.8050997257232666
1.582544048, 0.8221509456634521
1.584548155, 0.8266478776931763
1.586572246, 0.8029568195343018
1.589852934, 0.7904924750328064
1.5922550850000001, 0.7910802960395813
1.594568328, 0.7970315217971802
1.59659749, 0.7972158789634705
1.598609308, 0.7873134016990662
1.6006774030000002, 0.7956231832504272
1.602696342, 0.8211405873298645
1.60469284, 0.815138041973114
1.606726136, 0.8053123950958252
1.60880218, 0.7757603526115417
1.610771771, 0.783223569393158
1.612803134, 0.7841578125953674
1.6148379, 0.7851690649986267
1.6168465140000001, 0.7921994924545288
1.618874268, 0.7943964600563049
1.620924678, 0.7932489514350891
1.622951502, 0.8147067427635193
1.624966919, 0.8163089752197266
1.626971042, 0.7968862652778625
1.6290202790000001, 0.7843126654624939
1.631041164, 0.7900210022926331
1.6330603479999999, 0.7881721258163452
1.635101291, 0.7896534204483032
1.637123184, 0.7995305061340332
1.639120577, 0.784203052520752
1.642014133, 0.8013350367546082
1.645823051, 0.8163110017776489
1.647835097, 0.7846565246582031
1.6499017299999998, 0.7930110096931458
1.6524154800000002, 0.7889643907546997
1.654233775, 0.7867097854614258
1.656274228, 0.7927623391151428
1.6583169309999999, 0.7942822575569153
1.6603204150000002, 0.8004077672958374
1.662367829, 0.8123576641082764
1.664377876, 0.8095426559448242
1.6663890110000001, 0.8003801703453064
1.668454501, 0.7841517925262451
1.670471402, 0.785387396812439
1.672481843, 0.7906070947647095
1.6745011600000002, 0.8026314377784729
1.676529962, 0.8104091286659241
1.678555751, 0.8020928502082825
1.680587594, 0.7998923659324646
1.6825985559999999, 0.8187803626060486
1.6846476049999999, 0.8162145018577576
1.686667999, 0.7938124537467957
1.688679094, 0.7914777398109436
1.690712259, 0.7901691794395447
1.692766421, 0.800453782081604
1.6947816470000001, 0.7866844534873962
1.696829709, 0.8000327348709106
1.698834444, 0.7972859144210815
1.7008615809999998, 0.8020212650299072
1.702918293, 0.8249471187591553
1.704915854, 0.8218942880630493
1.7069523530000001, 0.8106768727302551
1.708956151, 0.7985684275627136
1.711046998, 0.8014728426933289
1.713034257, 0.8049083352088928
1.715071067, 0.8045060634613037
1.7171041310000001, 0.8020254969596863
1.719129341, 0.8060917258262634
1.721198142, 0.8093195557594299
1.723216226, 0.8250210881233215
1.725254082, 0.8184648752212524
1.727290819, 0.8092337846755981
1.729400721, 0.8037914037704468
1.731498811, 0.7900428175926208
1.733556775, 0.7890936136245728
1.7355900800000001, 0.7911602258682251
1.737635239, 0.8041795492172241
1.739737677, 0.8062372803688049
1.741796186, 0.8132359385490417
1.744403334, 0.8282015323638916
1.746466418, 0.8129351735115051
1.748513985, 0.7940952181816101
1.75057738, 0.7979893684387207
1.752523802, 0.8030709028244019
1.754715421, 0.81156325340271
1.756764543, 0.8141670227050781
1.758840789, 0.799534022808075
1.760946932, 0.8088637590408325
1.763223026, 0.8245813250541687
1.7652929450000001, 0.817107081413269
1.767553548, 0.8022520542144775
1.769567419, 0.7841798663139343
1.7716260990000001, 0.7869845628738403
1.773731149, 0.7904852628707886
1.775769161, 0.7994281053543091
1.778359666, 0.8063507080078125
1.780409838, 0.8057889938354492
1.782508167, 0.8270184397697449
1.784561333, 0.818800151348114
1.786605405, 0.7950276136398315
1.788660078, 0.7965219616889954
1.790730471, 0.7882769107818604
1.793050239, 0.7858047485351562
1.795075741, 0.7973282933235168
1.7971429589999999, 0.7984612584114075
1.799217188, 0.8021930456161499
1.801304246, 0.7968980669975281
1.803377694, 0.8216062784194946
1.805451924, 0.8095787167549133
1.807551781, 0.7874560356140137
1.8097082119999999, 0.7986114621162415
1.8117012529999998, 0.7848655581474304
1.8137448649999999, 0.7914286851882935
1.8157719060000002, 0.7999167442321777
1.8178268549999999, 0.7950096726417542
1.819873557, 0.8045759797096252
1.821988768, 0.8121726512908936
1.8240154400000002, 0.8184397220611572
1.826154133, 0.8174559473991394
1.8282404300000001, 0.7959079146385193
1.830337111, 0.8024693727493286
1.8324417689999999, 0.7941921949386597
1.8345200369999999, 0.8068335652351379
1.836573051, 0.8119721412658691
1.838629057, 0.7969549298286438
1.8407024010000002, 0.8116716146469116
1.842755726, 0.8374072909355164
1.8448278070000002, 0.8206062912940979
1.84687148, 0.8114375472068787
1.84892782, 0.7904180884361267
1.851726438, 0.7964028716087341
1.854111109, 0.8074407577514648
1.856196253, 0.8118900656700134
1.8582553910000001, 0.7947095036506653
1.86033305, 0.8013178110122681
1.8623808130000001, 0.8161225914955139
1.864436525, 0.808984100818634
1.866500948, 0.7969746589660645
1.8685502349999998, 0.7780777215957642
1.870647118, 0.7924914956092834
1.872695839, 0.7821168899536133
1.874770647, 0.7946028113365173
1.8768577739999999, 0.7897718548774719
1.879307681, 0.7986963391304016
1.881358356, 0.8039793968200684
1.883503625, 0.8189837336540222
1.88555629, 0.8107028603553772
1.887733254, 0.7875959277153015
1.889790465, 0.7823953032493591
1.89194904, 0.7857216596603394
1.893969662, 0.7994229197502136
1.896059387, 0.8022952079772949
1.8981257459999998, 0.7886592149734497
1.900194612, 0.7944257855415344
1.902282576, 0.8213182687759399
1.9043370579999999, 0.8219196796417236
1.9063915439999999, 0.8034163117408752
1.908443733, 0.7961212992668152
1.911798313, 0.7987674474716187
1.913836144, 0.8085770010948181
1.915870418, 0.8014021515846252
1.917929708, 0.8106792569160461
1.91996929, 0.7948033213615417
1.922026577, 0.8143349885940552
1.924139969, 0.8237702250480652
1.926225337, 0.8054484724998474
1.928312953, 0.7882076501846313
1.93042349, 0.7767806649208069
1.932494935, 0.7834116816520691
1.9346687089999999, 0.788449764251709
1.936798445, 0.8045365810394287
1.9389847310000001, 0.7880421876907349
1.940990067, 0.7908874154090881
1.9430568849999998, 0.8034911155700684
1.945207643, 0.8055512309074402
1.947314237, 0.7905890941619873
1.9493863980000001, 0.777373194694519
1.95202852, 0.7821982502937317
1.953885732, 0.7793582081794739
1.955950687, 0.7981879115104675
1.957952533, 0.783282995223999
1.960049602, 0.7888659834861755
1.962095132, 0.812730073928833
1.96415647, 0.8191614747047424
1.966254186, 0.8048505783081055
1.968274421, 0.786064624786377
1.970319914, 0.7875638604164124
1.972369756, 0.7816252112388611
1.974477039, 0.7919996380805969
1.976514931, 0.7976884245872498
1.978586241, 0.7942192554473877
1.980654217, 0.7987242341041565
1.982723015, 0.8215787410736084
1.984829152, 0.8154105544090271
1.986906026, 0.8104091882705688
1.9890008030000002, 0.7978843450546265
1.991088694, 0.7900840640068054
1.993171714, 0.8027614951133728
1.995253012, 0.8000001907348633
1.997346663, 0.7907054424285889
1.9994186539999999, 0.7955734729766846
2.001516221, 0.8119940161705017
2.00357758, 0.822363018989563
2.005673093, 0.8136152625083923
2.007764791, 0.794682502746582
2.009870856, 0.7914924025535583
2.011942168, 0.7955191135406494
2.014012, 0.7868395447731018
2.016062088, 0.7906897664070129
2.018136262, 0.800990641117096
2.020164899, 0.7962860465049744
2.02219158, 0.8168895840644836
2.024267002, 0.8216369152069092
2.026312546, 0.8073779344558716
2.028445328, 0.7882645726203918
2.0305875, 0.7933292984962463
2.032603846, 0.7956377863883972
2.034734139, 0.798407793045044
2.036783726, 0.8175009489059448
2.03890248, 0.7984678745269775
2.041000978, 0.8172758221626282
2.043106314, 0.8352852463722229
2.045165843, 0.8203808665275574
2.047203196, 0.8016674518585205
2.049366056, 0.7895427942276001
2.051396421, 0.8018110990524292
2.053367851, 0.7929605841636658
2.055413383, 0.8082662224769592
2.057458494, 0.8070018887519836
2.059464118, 0.7936061024665833
2.061537193, 0.800231397151947
2.063533362, 0.8089887499809265
2.065583314, 0.8182733058929443
2.067582772, 0.7935194373130798
2.069592951, 0.787786066532135
2.07162008, 0.7928571105003357
2.073654934, 0.7904743552207947
2.075706032, 0.7928526997566223
2.077715323, 0.8039456605911255
2.0797224500000002, 0.8009510040283203
2.081758845, 0.8070475459098816
2.083781496, 0.8148899674415588
2.085850249, 0.8075616955757141
2.087835826, 0.7889556884765625
2.089885006, 0.7781274914741516
2.091917295, 0.7788999080657959
2.09392454, 0.7848905324935913
2.09593038, 0.7941944599151611
2.097960981, 0.7954878211021423
2.100721984, 0.7890004515647888
2.102654947, 0.8076580762863159
2.10466167, 0.8145595788955688
2.106715617, 0.8033167719841003
2.108728058, 0.8006958961486816
2.110744411, 0.7883667945861816
2.112767333, 0.7887970209121704
2.114892797, 0.7944188117980957
2.116844476, 0.7972043752670288
2.118873754, 0.7926971316337585
2.120921671, 0.8073487281799316
2.122907089, 0.8091840744018555
2.124925692, 0.816878080368042
2.126973599, 0.7966457009315491
2.129005243, 0.8063639998435974
2.131009518, 0.790094792842865
2.133193073, 0.793167233467102
2.135232012, 0.7997979521751404
2.137260204, 0.7954898476600647
2.139294305, 0.7845620512962341
2.141352897, 0.8023127913475037
2.143320899, 0.8192782998085022
2.145351755, 0.8147997856140137
2.14739099, 0.7921518087387085
2.149440019, 0.7901128530502319
2.151838927, 0.794909656047821
2.154232624, 0.7994117736816406
2.15625202, 0.8090240955352783
2.158273677, 0.7874021530151367
2.160303501, 0.7894180417060852
2.1623654979999998, 0.8200764060020447
2.164362281, 0.821204423904419
2.166375048, 0.7973674535751343
2.1683984450000002, 0.7851915955543518
2.1704639, 0.7894996404647827
2.172477608, 0.7861090898513794
2.174498194, 0.7852849960327148
2.176754253, 0.8092716336250305
2.178806885, 0.7900724411010742
2.180807385, 0.7966938614845276
2.182841295, 0.8100218176841736
2.184875504, 0.8003255724906921
2.186896111, 0.7878149151802063
