0.943718656, 0.5385162830352783
0.945718539, 0.5081576108932495
0.947764656, 0.5187380313873291
0.949778889, 0.543781042098999
0.951792285, 0.5527306795120239
0.954939208, 0.5465418100357056
0.956964505, 0.5265086889266968
0.959000268, 0.5306663513183594
0.9610238, 0.530102014541626
0.963112395, 0.5394362211227417
0.965067609, 0.5245755910873413
0.967124846, 0.5103565454483032
0.969146448, 0.520828366279602
0.971313951, 0.5291587114334106
0.973776041, 0.5345356464385986
0.97578727, 0.5245215892791748
0.977790399, 0.5428473949432373
0.979814979, 0.5334687232971191
0.981839561, 0.5396887063980103
0.984771994, 0.5402305126190186
0.986715497, 0.5036355257034302
0.98872896, 0.5328527688980103
0.990755719, 0.5502611398696899
0.992765937, 0.5479962825775146
0.994824466, 0.5356320142745972
0.996848775, 0.5286639928817749
0.99886698, 0.5379711389541626
1.000907476, 0.5325427055358887
1.00291753, 0.5393844842910767
1.004943727, 0.5207068920135498
1.006992136, 0.5031991004943848
1.008987154, 0.5271990299224854
1.011026301, 0.5320315361022949
1.013063461, 0.5479297637939453
1.015076008, 0.5289686918258667
1.017095448, 0.5259771347045898
1.019130628, 0.5333805084228516
1.021152858, 0.5394934415817261
1.023159049, 0.5315184593200684
1.025225378, 0.5188102722167969
1.027243043, 0.5134336948394775
1.029288427, 0.5280414819717407
1.031310086, 0.5351898670196533
1.033318813, 0.5433135032653809
1.03534569, 0.5224533081054688
1.03738027, 0.5305882692337036
1.039375226, 0.5454591512680054
1.041423746, 0.5401149988174438
1.043893565, 0.5538914203643799
1.045837529, 0.5146414041519165
1.047857977, 0.5204275846481323
1.049900203, 0.5306930541992188
1.051933507, 0.5447776317596436
1.053948634, 0.5465233325958252
1.05596275, 0.52186119556427
1.058001407, 0.5273544788360596
1.060015707, 0.5378556251525879
1.062037764, 0.528762698173523
1.064072718, 0.5312037467956543
1.066097338, 0.5128730535507202
1.068103206, 0.5260195732116699
1.070127828, 0.5376023054122925
1.072207756, 0.5421561002731323
1.074179108, 0.5489133596420288
1.076215144, 0.521471381187439
1.078245095, 0.5390702486038208
1.080265133, 0.5329554080963135
1.082302434, 0.5381284952163696
1.084341564, 0.5324070453643799
1.086337331, 0.5159257650375366
1.088395507, 0.5324852466583252
1.090410533, 0.5413819551467896
1.0924328700000001, 0.5556749105453491
1.094472589, 0.5504868030548096
1.09651417, 0.534377932548523
1.098495453, 0.5427303314208984
1.100540545, 0.5401566028594971
1.102559365, 0.5449799299240112
1.104601553, 0.524775505065918
1.106605529, 0.5121930837631226
1.108623182, 0.5198473930358887
1.110687077, 0.5396907329559326
1.112662585, 0.5407611131668091
1.11472723, 0.5310741662979126
1.116773309, 0.5251846313476562
1.118750559, 0.525200605392456
1.120795628, 0.5086545944213867
1.122836655, 0.5198432207107544
1.12491585, 0.5201859474182129
1.126951995, 0.4940987527370453
1.128938738, 0.5184162855148315
1.131008031, 0.5331435203552246
1.133013385, 0.5415103435516357
1.135086475, 0.542169451713562
1.137089451, 0.5233105421066284
1.13910564, 0.5264359712600708
1.141135032, 0.5322599411010742
1.143162693, 0.5380700826644897
1.145156249, 0.5178909301757812
1.147199523, 0.5131971836090088
1.150828894, 0.5232051610946655
1.152842181, 0.5487692356109619
1.154859669, 0.5343867540359497
1.156886513, 0.5419785976409912
1.158915937, 0.5435926914215088
1.160949774, 0.5439223051071167
1.162955108, 0.5501776933670044
1.165041547, 0.5313689708709717
1.167029623, 0.5165153741836548
1.169063293, 0.5361475944519043
1.171082288, 0.542181134223938
1.173090056, 0.5494687557220459
1.175129828, 0.5318670272827148
1.177151265, 0.5317238569259644
1.179165679, 0.5285707712173462
1.181562433, 0.5336692333221436
1.183546509, 0.535826563835144
1.185615584, 0.5158880949020386
1.187617232, 0.5169365406036377
1.189648293, 0.5322748422622681
1.191659421, 0.5365663766860962
1.193711011, 0.5354466438293457
1.1957302730000001, 0.5201617479324341
1.197763205, 0.5248420238494873
1.199771136, 0.5301334857940674
1.201830083, 0.5289896726608276
1.203825653, 0.5339146852493286
1.205839572, 0.5075000524520874
1.207874614, 0.5202323198318481
1.209885388, 0.5257009267807007
1.2119586629999999, 0.5391197204589844
1.213926668, 0.5431857109069824
1.215972021, 0.523682713508606
1.21804026, 0.5371285676956177
1.22003895, 0.5440295934677124
1.222058099, 0.5334604978561401
1.224062249, 0.5386208295822144
1.22614712, 0.5125422477722168
1.2281637, 0.5262700319290161
1.230248308, 0.5404438972473145
1.232242131, 0.54750657081604
1.234271332, 0.5565274953842163
1.236339352, 0.5224809646606445
1.238356696, 0.5373580455780029
1.240547139, 0.5263609886169434
1.2425752860000001, 0.5362823009490967
1.2447494319999999, 0.5249402523040771
1.246740178, 0.4996013343334198
1.248765153, 0.5309096574783325
1.250782263, 0.5418119430541992
1.25281952, 0.5453039407730103
1.254841312, 0.5328421592712402
1.2568710300000001, 0.521099328994751
1.258898557, 0.5244349241256714
1.260904089, 0.5184264183044434
1.262943531, 0.536063551902771
1.26498318, 0.5156981945037842
1.266986302, 0.5001281499862671
1.269059051, 0.5231459140777588
1.271034083, 0.537216067314148
1.273081046, 0.5460295677185059
1.275083178, 0.5472756624221802
1.277127826, 0.5343989133834839
1.279122497, 0.5397074222564697
1.28123319, 0.533521294593811
1.283211014, 0.5481612682342529
1.285267092, 0.5265418291091919
1.287258362, 0.5147221088409424
1.289275578, 0.5257872343063354
1.291298367, 0.5503659248352051
1.2933136379999999, 0.5462533235549927
1.295520795, 0.5299665927886963
1.297560436, 0.5432015657424927
1.299604324, 0.5338588953018188
1.301593105, 0.5361785888671875
1.303618825, 0.5439900159835815
1.305656468, 0.5162429809570312
1.3076948019999999, 0.5246289968490601
1.309724663, 0.5280685424804688
1.311772272, 0.5490672588348389
1.313783382, 0.5495729446411133
1.3158566870000001, 0.5264924764633179
1.317850393, 0.5304296016693115
1.319875019, 0.5404034852981567
1.321879271, 0.5431321859359741
1.323920371, 0.5428434610366821
1.326198057, 0.507133960723877
1.328298898, 0.5278311967849731
1.3302644, 0.5269596576690674
1.332402088, 0.5448364019393921
1.334529606, 0.5361785888671875
1.336571064, 0.5349496603012085
1.338865117, 0.5445672273635864
1.34090352, 0.5484235286712646
1.342962426, 0.5471205711364746
1.344987307, 0.5224126577377319
1.347041642, 0.5060209035873413
1.349078803, 0.5265432596206665
1.351127049, 0.5284361839294434
1.353137203, 0.5428166389465332
1.355210743, 0.533394455909729
1.357277042, 0.5297991037368774
1.3592513130000001, 0.5341165065765381
1.361279939, 0.5363945960998535
1.363315716, 0.5356619358062744
1.365327463, 0.5079749822616577
1.367369223, 0.5041731595993042
1.369394354, 0.5304993391036987
1.371385195, 0.5379840135574341
1.373434043, 0.5436079502105713
1.375449062, 0.5312777757644653
1.377527503, 0.52875816822052
1.37950131, 0.5283616781234741
1.381533353, 0.5327370166778564
1.383606168, 0.5368425846099854
1.385574658, 0.5023244619369507
1.387596761, 0.509971022605896
1.389662919, 0.526948094367981
1.391656903, 0.5394741296768188
1.393752739, 0.5464366674423218
1.395701929, 0.5254782438278198
1.397764453, 0.5417448282241821
1.39980981, 0.5381907224655151
1.401797523, 0.5418174266815186
1.403818559, 0.5422719717025757
1.405856171, 0.5121192932128906
1.407854225, 0.5270854234695435
1.4099205879999999, 0.5416123867034912
1.411956746, 0.5449599027633667
1.413956341, 0.544973611831665
1.415973771, 0.5291029214859009
1.417994926, 0.5361983776092529
1.420354118, 0.5261247158050537
1.422497033, 0.5369194746017456
1.424517524, 0.515884518623352
1.426556846, 0.5040000677108765
1.428637259, 0.5234975814819336
1.430593085, 0.5304197072982788
1.432821543, 0.5439848899841309
1.434780751, 0.5295243263244629
1.436857849, 0.5198377370834351
1.439874253, 0.5246962308883667
1.442761526, 0.5348339080810547
1.44539209, 0.5212255716323853
1.447377382, 0.523309588432312
1.449436628, 0.5402308702468872
1.451416327, 0.5485881567001343
1.453536355, 0.5534530878067017
1.455568772, 0.5457237958908081
1.4575926670000001, 0.5311416387557983
1.459637842, 0.530354380607605
1.461675387, 0.5390353202819824
1.4637111520000001, 0.5474045276641846
1.465725424, 0.5192911624908447
1.467753012, 0.533922553062439
1.469763361, 0.5425769090652466
1.471772068, 0.5535240173339844
1.473871913, 0.5577082633972168
1.475840761, 0.529315710067749
1.477875223, 0.5382752418518066
1.479884883, 0.5342990159988403
1.481943261, 0.5352166891098022
1.483945089, 0.5405982732772827
1.4859618700000001, 0.5096123218536377
1.487991746, 0.5246025323867798
1.490145807, 0.5327072143554688
1.4922224929999999, 0.539386510848999
1.4947916, 0.5291790962219238
1.496792649, 0.5213528871536255
1.498827042, 0.5195763111114502
1.5008643099999999, 0.5301995277404785
1.502880807, 0.531143069267273
1.504931247, 0.5058087110519409
1.506933687, 0.5060416460037231
1.5089693610000001, 0.5278060436248779
1.51107076, 0.532859206199646
1.513176383, 0.5442817211151123
1.515115898, 0.5177309513092041
1.5171518370000001, 0.5240181684494019
1.5192926500000001, 0.5326005220413208
1.521299558, 0.5340219736099243
1.523447115, 0.5391290187835693
1.52575386, 0.5187251567840576
1.527810519, 0.5233688354492188
1.529894834, 0.5425683259963989
1.531821298, 0.544286847114563
1.533835472, 0.5524753332138062
1.5359101609999999, 0.5354830026626587
1.537906153, 0.53330397605896
1.540194681, 0.5416065454483032
1.5421360769999999, 0.5423669815063477
1.5443399, 0.5329183340072632
1.5464012889999998, 0.521194338798523
1.5484361199999999, 0.53376305103302
1.550429558, 0.5391911268234253
1.552565684, 0.5562158823013306
1.554660196, 0.5361630916595459
1.556872948, 0.52840256690979
1.558848893, 0.5409010648727417
1.56084519, 0.5365084409713745
1.562891722, 0.5369118452072144
1.5650087959999999, 0.5174345970153809
1.567047925, 0.5034363269805908
1.5691154090000001, 0.5262863636016846
1.571121092, 0.5414148569107056
1.573155399, 0.5522129535675049
1.5758382850000001, 0.5309444665908813
1.5779294990000001, 0.5380724668502808
1.5798902240000001, 0.5322164297103882
1.581950467, 0.531179666519165
1.583931115, 0.5445581674575806
1.585982659, 0.5076286792755127
1.5879897490000001, 0.5302122831344604
1.590036496, 0.536297082901001
1.592035275, 0.5444951057434082
1.5940940719999999, 0.5560412406921387
1.596705532, 0.5257283449172974
1.598728642, 0.5372836589813232
1.600744728, 0.5354576110839844
1.602826976, 0.5446267127990723
1.60482617, 0.5174155235290527
1.606838303, 0.5026556253433228
1.608863254, 0.5232975482940674
1.610917887, 0.5285147428512573
1.613436769, 0.5440207719802856
1.615430599, 0.5350943803787231
1.6175504630000002, 0.5283585786819458
1.619547729, 0.5313501358032227
1.621560259, 0.533659815788269
1.623617666, 0.5442149639129639
1.625624396, 0.5128879547119141
1.627646978, 0.5185830593109131
1.629670983, 0.5264679193496704
1.6316949950000001, 0.5442372560501099
1.63371011, 0.5465259552001953
1.635764792, 0.534923791885376
1.6377821890000002, 0.5380434989929199
1.639820831, 0.5379678010940552
1.642257942, 0.5386178493499756
1.644270522, 0.5249587297439575
1.646402971, 0.50445556640625
1.648351479, 0.5200473070144653
1.650423894, 0.531049370765686
1.652354421, 0.5397411584854126
1.654407273, 0.534412145614624
1.656442138, 0.5179538726806641
1.65866597, 0.5235941410064697
1.661161946, 0.521772027015686
1.664094123, 0.5355890989303589
1.6677442999999998, 0.49959519505500793
1.669910886, 0.542377233505249
1.671950583, 0.5445683002471924
1.6741334989999999, 0.5418491363525391
1.676259227, 0.5204645395278931
1.679232437, 0.5400484800338745
1.6802704240000002, 0.5250096321105957
1.6866888960000002, 0.5102797746658325
1.68893406, 0.5278588533401489
1.694040848, 0.5289256572723389
1.697763541, 0.5417248010635376
1.6998181730000002, 0.5384440422058105
1.70183216, 0.5344911813735962
1.704871019, 0.5280898809432983
1.707216974, 0.5058373212814331
1.709283567, 0.5220531225204468
1.711257203, 0.5353178977966309
1.713710168, 0.5472227334976196
1.715322233, 0.527735710144043
1.7173675149999998, 0.5224974155426025
1.720316599, 0.5353832244873047
1.72234664, 0.5348529815673828
1.7244102730000002, 0.526738166809082
1.727288359, 0.510185718536377
1.729259103, 0.5251928567886353
1.731274989, 0.5396170616149902
1.733297786, 0.5426210165023804
1.7355846339999998, 0.5332796573638916
1.7373897120000001, 0.5271356105804443
1.739388683, 0.5248697996139526
1.741417209, 0.5375651121139526
1.743459034, 0.5376423597335815
1.745566151, 0.5106045007705688
1.747575651, 0.5088604688644409
1.7496881370000001, 0.5259883403778076
1.751727567, 0.5469205379486084
1.753753966, 0.5512806177139282
1.755789161, 0.5384502410888672
1.7578289900000001, 0.5403087139129639
1.7598527229999998, 0.5399075746536255
1.761873958, 0.5442628860473633
1.764145393, 0.5387153625488281
1.766195913, 0.5095189809799194
1.7682065489999998, 0.5278961658477783
1.7702250849999999, 0.5417324304580688
1.77227873, 0.5515695810317993
1.7742897260000001, 0.557033896446228
1.776286425, 0.5362106561660767
1.7783302939999999, 0.5463986396789551
1.780351115, 0.5307267904281616
1.783734123, 0.5428413152694702
1.7856997319999999, 0.5178271532058716
1.78774396, 0.5326215028762817
1.78979936, 0.5395863056182861
1.791812435, 0.5438985824584961
1.793811481, 0.5460840463638306
1.795844818, 0.5251790285110474
1.797867933, 0.5269404649734497
1.7998949899999999, 0.5291974544525146
1.801921763, 0.5376245975494385
1.8039454639999999, 0.5314546823501587
1.805969428, 0.5011458396911621
1.807990751, 0.5242594480514526
1.810024502, 0.5360783338546753
1.812047035, 0.5351693630218506
1.814091501, 0.5437932014465332
1.816125366, 0.5193060636520386
1.8181731399999999, 0.5349313020706177
1.820203737, 0.5286736488342285
1.822243377, 0.528640866279602
1.824226294, 0.5341720581054688
1.8262695020000002, 0.5072678327560425
1.828293075, 0.5365027189254761
1.830317709, 0.5450657606124878
1.832329635, 0.550744891166687
1.834386777, 0.5448670387268066
1.836401535, 0.5365568399429321
1.838427635, 0.5391454696655273
1.8405143929999999, 0.5354660749435425
1.842463621, 0.537710428237915
1.844534304, 0.5323212146759033
1.846542085, 0.4990447461605072
1.849277877, 0.5326042175292969
1.851173401, 0.5328468084335327
1.853197952, 0.5441950559616089
1.855844638, 0.5247724056243896
1.8573136890000002, 0.5176234245300293
1.859293984, 0.5219314098358154
1.8613273430000001, 0.5285313129425049
1.8633663550000001, 0.5313221216201782
1.865399295, 0.5005519390106201
1.8674155529999998, 0.5011261701583862
1.869484431, 0.5146490335464478
1.871453158, 0.5247014760971069
1.873481404, 0.5460461378097534
1.87550262, 0.5326429605484009
1.877556379, 0.5279737710952759
1.879558688, 0.5242252349853516
1.881631933, 0.5321650505065918
1.883694553, 0.5355913639068604
1.8856815249999999, 0.5152119398117065
1.8876641159999998, 0.5176335573196411
1.889706491, 0.5318844318389893
1.900592245, 0.5481966733932495
1.902599526, 0.5466781854629517
1.90467837, 0.5301694869995117
1.90664477, 0.5247629880905151
1.908689448, 0.5272876024246216
1.910710097, 0.541277289390564
1.912763553, 0.5659130811691284
1.9148182839999999, 0.5453124046325684
1.916865281, 0.5377688407897949
1.9188067119999999, 0.5449008941650391
1.920818813, 0.5309854745864868
1.9228568940000001, 0.5393936634063721
1.924983, 0.5227377414703369
1.926900617, 0.5125054121017456
1.928942491, 0.5208268165588379
1.930967815, 0.5360510349273682
1.933285336, 0.5555164813995361
1.935322869, 0.5302881002426147
1.9373761790000001, 0.5282855033874512
1.9395286760000001, 0.5270133018493652
1.941484677, 0.5310600996017456
1.9435032300000001, 0.5428000688552856
1.945606906, 0.5081396102905273
1.947579104, 0.5112407207489014
1.94960888, 0.5226367712020874
1.9516118850000002, 0.5389930009841919
1.953652181, 0.5453410148620605
1.955680716, 0.5247501134872437
1.957694945, 0.524039626121521
1.95971335, 0.5391286611557007
1.961756872, 0.5230063199996948
1.9638064389999998, 0.5345715284347534
1.96579471, 0.5101597309112549
1.967823835, 0.5244909524917603
1.969837845, 0.5378208160400391
1.971907226, 0.5458253622055054
1.9739871199999999, 0.5468600988388062
1.975999566, 0.536613941192627
1.9780480360000001, 0.5423524379730225
1.9800307830000001, 0.5345429182052612
1.98211942, 0.5313820838928223
1.984239697, 0.536465048789978
1.986249873, 0.5189661979675293
1.9882835920000002, 0.5247986316680908
1.990294829, 0.5315362215042114
1.9923028999999999, 0.5373088121414185
1.994341908, 0.5341223478317261
1.9963725380000001, 0.5292160511016846
1.9983931959999999, 0.529308557510376
2.000513372, 0.5329368114471436
2.002738311, 0.5463507175445557
2.005465809, 0.5087325572967529
2.007510335, 0.5114258527755737
2.009509053, 0.5193541049957275
2.011544654, 0.5270215272903442
2.013569433, 0.5345995426177979
2.015587358, 0.524787425994873
2.017631296, 0.534217357635498
2.019742034, 0.5243145227432251
2.021690644, 0.515891432762146
2.023753963, 0.5324922800064087
2.02577428, 0.5047405958175659
2.027786032, 0.5081334114074707
2.029817966, 0.5273363590240479
2.031822882, 0.5333435535430908
2.033862267, 0.5425311326980591
2.035896808, 0.5271496772766113
2.037900825, 0.5434184074401855
2.039974819, 0.5387011766433716
2.04199919, 0.5286601781845093
2.044032889, 0.532555341720581
2.046055089, 0.5021116733551025
2.048067834, 0.5236302614212036
2.05009395, 0.5264562368392944
2.052126062, 0.5336602926254272
2.054135998, 0.5383015871047974
2.056179042, 0.5318241119384766
2.058200265, 0.5395907163619995
2.061136782, 0.5374457836151123
2.062680415, 0.541771650314331
2.064719688, 0.5183447599411011
2.066731466, 0.500048041343689
2.068790528, 0.5287905931472778
2.070770541, 0.5391557216644287
2.072788598, 0.5439956188201904
2.074827121, 0.5390576124191284
2.07683836, 0.5225702524185181
2.078962947, 0.5307760238647461
2.080902926, 0.5408761501312256
2.082997657, 0.5450772047042847
2.086041367, 0.5001838207244873
2.088088962, 0.5184891223907471
2.090085813, 0.5275586843490601
2.092159964, 0.5405845642089844
2.094145099, 0.5343625545501709
2.096165625, 0.5177271366119385
2.098179271, 0.5170869827270508
2.100235682, 0.5163133144378662
2.102270332, 0.5280396938323975
2.104322862, 0.5230406522750854
2.107641723, 0.5104142427444458
2.109791686, 0.5252853631973267
2.111874999, 0.5480074882507324
2.113945648, 0.5424494743347168
2.115858427, 0.540900707244873
2.117943501, 0.5410383939743042
2.119943163, 0.546068549156189
2.12195735, 0.5447275638580322
2.124012606, 0.5455814599990845
2.1259980880000002, 0.5165871381759644
2.128047887, 0.5359723567962646
2.130041368, 0.5442851781845093
2.132072373, 0.5531567335128784
2.134103813, 0.5576645135879517
2.136152213, 0.5378586053848267
2.138150209, 0.5474119186401367
2.140169052, 0.5433045625686646
2.142241498, 0.5486546754837036
2.144248594, 0.5374072790145874
2.146281709, 0.514480471611023
2.148310918, 0.5306884050369263
2.150316327, 0.5372946262359619
2.152344417, 0.5361863374710083
2.154366609, 0.5432866811752319
2.156372691, 0.5243357419967651
2.158409593, 0.5270142555236816
2.160437797, 0.5169060230255127
2.162456179, 0.5253181457519531
2.164639966, 0.5201853513717651
2.166708603, 0.4999907910823822
2.168752372, 0.5149950981140137
2.170745788, 0.5273776054382324
2.172769443, 0.5304417610168457
2.174795304, 0.5292608737945557
2.17684291, 0.5290999412536621
2.178910615, 0.5216526985168457
2.180873479, 0.5306887626647949
2.182902044, 0.5323423147201538
2.184929122, 0.5212311744689941
2.186961307, 0.5157572031021118
2.189023979, 0.5265552997589111
2.191020708, 0.5295373201370239
2.193048556, 0.5468306541442871
2.195499469, 0.5395375490188599
2.197083557, 0.5375463962554932
2.199121763, 0.5340402126312256
2.201147725, 0.5417982339859009
2.203168343, 0.551709771156311
2.205205402, 0.5237927436828613
2.207212986, 0.5117590427398682
2.209229953, 0.5360814332962036
2.211255466, 0.5430194139480591
2.21331361, 0.5545434951782227
2.215422445, 0.5426299571990967
2.217424045, 0.5434315204620361
2.219435935, 0.5327039957046509
2.22148001, 0.5333833694458008
2.223462358, 0.5399007797241211
2.225800645, 0.5123622417449951
2.227537087, 0.5060820579528809
2.229566747, 0.5291781425476074
2.231591096, 0.5390526056289673
2.233614727, 0.5522922277450562
2.235632829, 0.5297192335128784
2.237664772, 0.5315645933151245
2.239723093, 0.5320165157318115
2.241732476, 0.5333091020584106
2.243831454, 0.5364010334014893
2.245855554, 0.5022220611572266
2.247894058, 0.5195317268371582
2.249931842, 0.5350116491317749
2.251960677, 0.5434845685958862
2.253998231, 0.5461854934692383
2.256012248, 0.5282833576202393
2.25800778, 0.5337594747543335
2.2600416709999998, 0.5326089859008789
2.262064051, 0.5380376577377319
2.264096503, 0.5365946292877197
2.266130397, 0.510022759437561
2.26814659, 0.5265752077102661
2.270178005, 0.5399998426437378
2.272202329, 0.5479098558425903
2.274222602, 0.5422853231430054
2.276294832, 0.5169483423233032
2.278306861, 0.5328521728515625
2.280355884, 0.5315377712249756
2.282518383, 0.5430324077606201
2.284418892, 0.5385029315948486
2.286439099, 0.5099500417709351
2.288534499, 0.5269222259521484
2.290505328, 0.5388622283935547
2.292612895, 0.5410250425338745
2.29460572, 0.5344909429550171
2.296655663, 0.5201679468154907
2.298666644, 0.5333094596862793
2.300685467, 0.5342205762863159
2.302715511, 0.5305352210998535
2.304779059, 0.5238257646560669
2.306774348, 0.5061314105987549
2.30881577, 0.5312176942825317
2.3108138289999998, 0.5373920202255249
2.31284647, 0.5425467491149902
2.314888734, 0.5330321788787842
2.316956509, 0.5332578420639038
2.318915647, 0.5366783142089844
2.320940292, 0.5299566984176636
2.3229923980000002, 0.5363740921020508
2.325012436, 0.5152639150619507
2.327035158, 0.4965045154094696
2.329072714, 0.5244793891906738
2.331246194, 0.5342999696731567
2.3333248429999998, 0.5382158756256104
2.340241911, 0.5266611576080322
2.340561155, 0.5259157419204712
2.342566431, 0.5391542911529541
2.344671804, 0.5374869108200073
2.346833934, 0.5016576051712036
2.348859847, 0.5203515291213989
2.350883262, 0.5319713354110718
2.352926591, 0.542556881904602
2.35494436, 0.5337810516357422
2.356961767, 0.5166735649108887
2.358979062, 0.5253872871398926
2.3610156829999998, 0.5339710712432861
2.363092775, 0.5331134796142578
2.365116088, 0.5251665115356445
2.367133135, 0.5148249864578247
2.369110994, 0.5305511951446533
2.371163914, 0.534807562828064
2.373163715, 0.5488128662109375
2.375194606, 0.5407896041870117
2.377247542, 0.5243011713027954
2.379287139, 0.5292912721633911
2.381286215, 0.5314197540283203
2.383326157, 0.5399761199951172
2.385401369, 0.5135444402694702
2.38742119, 0.5137604475021362
2.389462133, 0.5233718156814575
2.391491532, 0.5305390357971191
2.393525889, 0.5388902425765991
2.395513267, 0.5186538696289062
2.397707878, 0.5201050043106079
2.400535895, 0.5360977649688721
2.402532517, 0.5336108207702637
2.40466894, 0.5299692153930664
2.406636058, 0.50189208984375
2.4086458840000002, 0.5227862596511841
2.41068487, 0.5351121425628662
2.412781097, 0.5365158319473267
2.414743424, 0.5383609533309937
2.416754224, 0.5225194692611694
2.418815551, 0.5381942987442017
2.420841072, 0.534659743309021
2.42283703, 0.5410182476043701
2.424885412, 0.5314099788665771
2.426901717, 0.5096651315689087
2.428908376, 0.5316314697265625
2.430951344, 0.5427595376968384
2.432964651, 0.5546588897705078
2.435214608, 0.5434544086456299
2.437075571, 0.5289539098739624
2.441147313, 0.5319783687591553
2.443786829, 0.5427960157394409
2.446025355, 0.49986329674720764
2.448083958, 0.5244791507720947
2.450090249, 0.5310368537902832
2.452152121, 0.5359195470809937
2.454151622, 0.5435036420822144
2.456239545, 0.5222816467285156
2.458227104, 0.5215065479278564
2.460300012, 0.5291757583618164
2.464204424, 0.5227053165435791
2.465118552, 0.5063931941986084
2.467275458, 0.5001838207244873
2.469170122, 0.5173192024230957
2.471265827, 0.5274325609207153
2.473266618, 0.5413187742233276
2.475354221, 0.5287092924118042
2.477393062, 0.5245233774185181
2.4794461979999998, 0.532539963722229
2.481451944, 0.5246487855911255
2.483559374, 0.5341637134552002
2.485558013, 0.5128432512283325
2.487546804, 0.513811469078064
2.489554293, 0.5267806053161621
2.491709541, 0.5442887544631958
2.493697545, 0.5536922216415405
2.495762152, 0.5323125123977661
2.497945893, 0.5308209657669067
2.500006568, 0.5407658815383911
2.501999159, 0.5452295541763306
2.504030594, 0.5406821966171265
2.506105812, 0.5120244026184082
2.509053918, 0.5183027982711792
2.511079757, 0.5451265573501587
2.5131144340000002, 0.5479310750961304
2.515123211, 0.5423604249954224
2.517127206, 0.5302879810333252
2.519202778, 0.532821536064148
2.521239316, 0.5308905839920044
2.523266512, 0.5403462648391724
2.525321995, 0.5200352668762207
2.527380828, 0.5168282985687256
2.529827438, 0.529107928276062
2.531997781, 0.5467492341995239
2.536680943, 0.5455611944198608
2.539053202, 0.5320966243743896
2.5412478050000002, 0.5292837619781494
2.5432348, 0.5404505729675293
2.545403266, 0.5138276815414429
2.547414089, 0.5037397146224976
2.5494052529999998, 0.5268833637237549
2.551442825, 0.5410873889923096
2.553490674, 0.5584797859191895
2.555630405, 0.5446124076843262
2.557838712, 0.5361320972442627
2.559808915, 0.5399086475372314
2.561819633, 0.5359722375869751
2.563880279, 0.5391298532485962
2.565867351, 0.5092822313308716
2.567919438, 0.5173896551132202
2.569943205, 0.5347737073898315
2.571931077, 0.5424109697341919
2.573955771, 0.5554084777832031
2.576001747, 0.5312038660049438
2.578048046, 0.5424771308898926
2.580043486, 0.5396848917007446
2.582067497, 0.5331743955612183
2.584563214, 0.5337942838668823
2.586534169, 0.5020039081573486
2.588548878, 0.5200684070587158
2.59061833, 0.5276681184768677
2.592606288, 0.5457029342651367
2.5946708899999997, 0.5486559867858887
2.5968115210000002, 0.5219020843505859
2.598900445, 0.5337657928466797
2.600945686, 0.5343613624572754
2.602955274, 0.5377933979034424
2.605037038, 0.5117756128311157
2.607046345, 0.5065113306045532
2.609052312, 0.5240905284881592
2.6110822970000003, 0.5301805734634399
2.613113609, 0.5427722930908203
2.615160849, 0.5402907133102417
2.617211137, 0.5297605991363525
2.619228932, 0.5461397171020508
2.621227883, 0.5351310968399048
2.623556924, 0.5504134893417358
2.625597546, 0.5141950845718384
2.627619264, 0.5202505588531494
2.629624174, 0.5319614410400391
2.6316798759999998, 0.5381956100463867
2.633687515, 0.5473209619522095
2.635748091, 0.5494797229766846
2.637754464, 0.54073166847229
2.639776394, 0.5392558574676514
2.64180495, 0.5462555885314941
2.643934331, 0.5488368272781372
2.646076551, 0.5146951675415039
2.648099929, 0.5156373977661133
2.650148598, 0.5292669534683228
2.652179229, 0.5401456356048584
2.654198159, 0.5412704944610596
2.656250065, 0.5184125900268555
2.65903016, 0.5228680372238159
2.661914558, 0.5281364917755127
2.664073802, 0.5275670289993286
2.666110823, 0.5134955644607544
2.668193719, 0.5236867666244507
2.670167905, 0.532862663269043
2.672212214, 0.5356791019439697
2.674229258, 0.5379276275634766
2.676244645, 0.5301053524017334
2.678268411, 0.5307694673538208
2.680287384, 0.5287870168685913
2.6823155, 0.5364061594009399
2.6843974250000002, 0.544072151184082
2.686395456, 0.5121808052062988
2.688404406, 0.5381615161895752
2.690501283, 0.5450679063796997
2.6924907449999997, 0.5469266176223755
2.6944767609999998, 0.5379120111465454
2.696529192, 0.5219999551773071
2.698539392, 0.523247480392456
2.7005882740000002, 0.529078483581543
2.7025899730000003, 0.5406312942504883
2.704599859, 0.527019739151001
2.706660089, 0.516027569770813
2.70891143, 0.5205938816070557
2.7108318369999997, 0.5443718433380127
2.712884435, 0.5506012439727783
2.714893197, 0.5412716865539551
2.7169175389999998, 0.5279135704040527
2.718968666, 0.5324695110321045
2.720966876, 0.5446436405181885
2.723040329, 0.5487624406814575
2.7250008489999997, 0.5291625261306763
2.72706054, 0.5157650709152222
2.729071261, 0.533743143081665
2.7310743520000003, 0.5513490438461304
2.733130654, 0.5559571981430054
2.735137839, 0.5457628965377808
2.737176314, 0.5348014831542969
2.7392031919999997, 0.5402464866638184
2.741223985, 0.5347301959991455
2.743270527, 0.550148606300354
2.745299474, 0.5214447975158691
2.747297471, 0.5078920125961304
2.74931678, 0.5342082977294922
2.751397302, 0.5392507314682007
2.7541345120000003, 0.5596511363983154
2.75602296, 0.5300006866455078
2.758044739, 0.5347951650619507
2.7601461929999997, 0.5336685180664062
2.762152597, 0.5336313247680664
2.764161166, 0.5353578329086304
2.7662106079999997, 0.5020542144775391
2.768283336, 0.5147202014923096
2.770322694, 0.5335243940353394
2.772318073, 0.5430809259414673
2.774352389, 0.5368474721908569
2.776393574, 0.5264930725097656
2.778400638, 0.530068039894104
2.780425068, 0.5336661338806152
2.782499403, 0.5358030796051025
2.784502204, 0.5266532897949219
2.787014341, 0.5062161684036255
2.789045065, 0.5248086452484131
2.7910700840000002, 0.5432776212692261
2.793099799, 0.5506701469421387
2.795486479, 0.5429919958114624
2.797876358, 0.5390056371688843
2.79983113, 0.5249615907669067
2.8018625200000002, 0.5315819978713989
2.803957165, 0.5396411418914795
2.80597807, 0.5155034065246582
2.80804747, 0.5234575271606445
2.810040194, 0.5345087051391602
2.81204452, 0.5403739213943481
2.814075656, 0.5511415004730225
2.816131036, 0.518768310546875
2.818115231, 0.5292052030563354
2.820143342, 0.5266597270965576
2.822206868, 0.5371910333633423
2.824227004, 0.5233451128005981
2.82628104, 0.5050623416900635
2.828426121, 0.5136359930038452
2.830339324, 0.5293494462966919
2.832341494, 0.5310968160629272
2.834370974, 0.5426446199417114
2.8363941219999997, 0.5099531412124634
2.838420401, 0.5214333534240723
2.840435561, 0.5172867774963379
2.842472085, 0.5308340787887573
2.844498281, 0.5214122533798218
2.846510491, 0.49313339591026306
2.848558676, 0.5256149768829346
2.850580526, 0.5320470333099365
2.852601978, 0.5461455583572388
2.854646506, 0.5397614240646362
2.857113361, 0.5249370336532593
2.859128981, 0.5350121259689331
2.861154994, 0.5361231565475464
2.863341399, 0.541510820388794
2.8660087279999997, 0.5117614269256592
2.867988869, 0.5252807140350342
2.870036489, 0.5459321737289429
2.872252637, 0.5541741847991943
2.8744237139999997, 0.5487040281295776
2.877465561, 0.5361496210098267
2.879484592, 0.5405764579772949
2.8818704, 0.5384948253631592
2.8839783199999998, 0.546547532081604
2.886018516, 0.5182181596755981
2.888094225, 0.5266149044036865
2.890122337, 0.5375357866287231
2.892161828, 0.5602189302444458
2.894251975, 0.5525144338607788
2.897761925, 0.5392351150512695
2.89984843, 0.5454261302947998
2.90179258, 0.5320268869400024
2.904196488, 0.5336273908615112
2.906270426, 0.500643253326416
2.908291211, 0.520544171333313
2.91029342, 0.5341619253158569
2.9123814550000002, 0.5472568273544312
2.9143462270000002, 0.5459550619125366
2.916435983, 0.524635910987854
2.918418552, 0.5396336317062378
2.920411099, 0.5351952314376831
2.922451592, 0.5440224409103394
2.924501522, 0.5292373895645142
2.926548992, 0.5069781541824341
2.928633863, 0.5296696424484253
2.93063362, 0.5493437051773071
2.932637851, 0.5543807744979858
2.934702969, 0.5471624135971069
2.937200432, 0.5209718942642212
2.939225528, 0.5401654243469238
2.941217119, 0.5391710996627808
2.943245771, 0.552020788192749
2.945242663, 0.5292593240737915
2.947271261, 0.5043683052062988
2.949313406, 0.5250370502471924
2.951404494, 0.5324596166610718
2.953436515, 0.5409138202667236
2.95544217, 0.5346115827560425
2.95753769, 0.5292398929595947
2.959607374, 0.5343847274780273
2.961590557, 0.5349941253662109
2.96364434, 0.5337300300598145
2.966050686, 0.5051158666610718
