0.324763725, 0.7448943257331848
0.326774326, 0.7380049228668213
0.328800936, 0.7477399110794067
0.331266693, 0.7447308301925659
0.332819958, 0.7412338852882385
0.334855848, 0.7431290149688721
0.336884131, 0.763136088848114
0.339022005, 0.7567681074142456
0.341008312, 0.7773817181587219
0.343009042, 0.7669552564620972
0.345023005, 0.7344236373901367
0.34704271, 0.7400402426719666
0.349084138, 0.7514564990997314
0.351113121, 0.746870756149292
0.353126591, 0.7306037545204163
0.355152347, 0.7343710660934448
0.357181982, 0.7555356025695801
0.359219531, 0.7486074566841125
0.361242113, 0.7697499394416809
0.363841394, 0.7403957843780518
0.365280763, 0.7333457469940186
0.367290173, 0.7371644377708435
0.369342022, 0.730138897895813
0.371351555, 0.7383190989494324
0.373379501, 0.7179176211357117
0.375422908, 0.7383047342300415
0.377443871, 0.7483248710632324
0.379466254, 0.7478212118148804
0.381513345, 0.7638359665870667
0.383529981, 0.740788996219635
0.385538867, 0.7326807379722595
0.387572883, 0.7278920412063599
0.389580292, 0.7398736476898193
0.391613908, 0.7367298007011414
0.393653592, 0.7146545052528381
0.395688436, 0.7433122992515564
0.397692139, 0.7376196980476379
0.399720343, 0.7497618794441223
0.401756022, 0.7680963277816772
0.403764268, 0.7382178902626038
0.405797577, 0.7313914895057678
0.407817125, 0.7280409336090088
0.409846349, 0.751555860042572
0.411882976, 0.7427908182144165
0.413935702, 0.7216939330101013
0.415956637, 0.7509305477142334
0.418019844, 0.7532109022140503
0.420065475, 0.7655799388885498
0.422156774, 0.7654048204421997
0.42410682, 0.742892324924469
0.426129889, 0.7343047261238098
0.428176782, 0.7366452813148499
0.430342398, 0.7521072030067444
0.432329442, 0.7406787872314453
0.434354307, 0.7467854619026184
0.436393406, 0.7492784857749939
0.439208299, 0.7613946199417114
0.441778921, 0.7743164300918579
0.444145314, 0.7642222046852112
0.446293149, 0.7459064722061157
0.448299426, 0.7396984100341797
0.450564904, 0.7589029669761658
0.452632876, 0.7501921057701111
0.454566897, 0.7401425838470459
0.45661776, 0.7601590156555176
0.458613894, 0.7586461901664734
0.460833642, 0.771684467792511
0.464351296, 0.7380547523498535
0.466376291, 0.7303938865661621
0.468392823, 0.7388862371444702
0.470425814, 0.74784916639328
0.472582121, 0.7354338765144348
0.474484794, 0.728868305683136
0.47653112, 0.7486258149147034
0.478653959, 0.7529004216194153
0.481047432, 0.7722949981689453
0.48303065, 0.7540301084518433
0.485030539, 0.73609858751297
0.487092129, 0.7230463624000549
0.489086904, 0.7330121397972107
0.49168503, 0.7492592334747314
0.493706593, 0.7253862619400024
0.495784943, 0.7424572110176086
0.497768686, 0.7576696872711182
0.499883561, 0.7605932950973511
0.501865363, 0.7636232972145081
0.503874491, 0.7500594854354858
0.505912313, 0.7430947422981262
0.507995561, 0.7307475805282593
0.50998529, 0.7514857649803162
0.512582064, 0.731840968132019
0.514722514, 0.7291879653930664
0.516711849, 0.7591482400894165
0.518807217, 0.7550020217895508
0.520783908, 0.7776395082473755
0.522805836, 0.7713781595230103
0.524873326, 0.748778223991394
0.526857449, 0.7401615381240845
0.528871149, 0.7463554739952087
0.530914051, 0.7581481337547302
0.532969885, 0.7377175688743591
0.5349891, 0.7426291704177856
0.537015186, 0.7625898718833923
0.539085623, 0.7650244832038879
0.541094763, 0.773481011390686
0.543136692, 0.7670323848724365
0.545163734, 0.7453044056892395
0.547200653, 0.7394396066665649
0.549217056, 0.7476000785827637
0.551759641, 0.7471224069595337
0.553728751, 0.7387012839317322
0.555772802, 0.7485570907592773
0.558448886, 0.7526727318763733
0.560434144, 0.7655686140060425
0.562617422, 0.7702274322509766
0.564583885, 0.7459130883216858
0.566632108, 0.7430276870727539
0.568659759, 0.7529467344284058
0.570750692, 0.7583192586898804
0.572721509, 0.7543202638626099
0.574942918, 0.7317266464233398
0.576965231, 0.7673200368881226
0.578972041, 0.7588574290275574
0.581008364, 0.7690470814704895
0.583043127, 0.7470439672470093
0.585090778, 0.74104243516922
0.587083678, 0.7430015802383423
0.589114652, 0.7411407828330994
0.591148498, 0.7401136159896851
0.593180024, 0.7278954982757568
0.595225638, 0.7481191754341125
0.597212373, 0.7621097564697266
0.599282404, 0.7746744155883789
0.601282373, 0.7812449336051941
0.603295676, 0.7544214129447937
0.605316551, 0.7338541150093079
0.607368864, 0.7438040375709534
0.609383691, 0.7534037232398987
0.612181664, 0.7369995713233948
0.614178334, 0.7430010437965393
0.616233114, 0.7474965453147888
0.618280715, 0.7524258494377136
0.620277836, 0.7590697407722473
0.622346116, 0.7648816704750061
0.624329569, 0.7315524816513062
0.62637487, 0.7238881587982178
0.628372746, 0.7290303707122803
0.630389101, 0.735593318939209
0.632420503, 0.7307659387588501
0.634496912, 0.7273207902908325
0.636525137, 0.7464470863342285
0.638521002, 0.756810188293457
0.640694904, 0.7617661952972412
0.642721992, 0.7622249126434326
0.644751338, 0.7285622954368591
0.646875929, 0.7443253397941589
0.649571688, 0.7529234290122986
0.651644779, 0.7455848455429077
0.653647912, 0.7356348633766174
0.655661355, 0.7311347723007202
0.657707265, 0.7490835189819336
0.659782924, 0.7559270262718201
0.661783281, 0.769308865070343
0.663808382, 0.7441002130508423
0.66579583, 0.7257795929908752
0.668030819, 0.737878143787384
0.670103703, 0.7509258389472961
0.673237071, 0.7283186912536621
0.675246554, 0.7341358661651611
0.677280734, 0.7516687512397766
0.679299531, 0.7595362663269043
0.681320684, 0.7627278566360474
0.683351054, 0.7572202682495117
0.685367478, 0.7304385900497437
0.687379942, 0.7365087866783142
0.689427458, 0.7432659864425659
0.691462922, 0.7361864447593689
0.693542626, 0.733694851398468
0.695508949, 0.7465747594833374
0.697548422, 0.7547049522399902
0.699546928, 0.7661372423171997
0.701566559, 0.7737895250320435
0.704006246, 0.7438330054283142
0.705981854, 0.7366442680358887
0.708025922, 0.7332973480224609
0.71002801, 0.7534496784210205
0.712045758, 0.7465137243270874
0.714533991, 0.73354572057724
0.716792362, 0.7619287371635437
0.718760973, 0.7637722492218018
0.720805381, 0.785149335861206
0.722836522, 0.7672750949859619
0.724830871, 0.7515224814414978
0.726869744, 0.7399646043777466
0.728960469, 0.7458654046058655
0.730925845, 0.7587532997131348
0.732978382, 0.7397511005401611
0.734986448, 0.7511541843414307
0.737017138, 0.7568239569664001
0.739023702, 0.7631479501724243
0.741048894, 0.7774875164031982
0.743092139, 0.7742494940757751
0.745199349, 0.7249583601951599
0.747171444, 0.7469590902328491
0.749208598, 0.742654025554657
0.751214375, 0.7436937093734741
0.753287214, 0.7280591130256653
0.755280939, 0.7440000176429749
0.757317814, 0.7516968250274658
0.759320526, 0.7590509057044983
0.761483321, 0.7846771478652954
0.763446277, 0.7522956132888794
0.765526752, 0.7385125756263733
0.767490292, 0.7326915264129639
0.769518415, 0.7459062337875366
0.77152828, 0.7491308450698853
0.773574201, 0.7314837574958801
0.775605018, 0.7499610781669617
0.777598778, 0.7490091323852539
0.779623506, 0.7632057070732117
0.781679323, 0.7667058706283569
0.78370555, 0.7490376234054565
0.785718109, 0.7422958612442017
0.78775692, 0.7345178723335266
0.789795398, 0.7503272294998169
0.79178543, 0.730236291885376
0.793869798, 0.7392807006835938
0.795891825, 0.7506746053695679
0.797920063, 0.7611446380615234
0.799950412, 0.7611227035522461
0.801975973, 0.7588270902633667
0.80401716, 0.744469940662384
0.806010778, 0.7354098558425903
0.80805874, 0.731016218662262
0.81011382, 0.7497124075889587
0.812119734, 0.7430487871170044
0.814137948, 0.7376049757003784
0.8161805, 0.7455986738204956
0.818226983, 0.7457274794578552
0.820280382, 0.7665343880653381
0.822281433, 0.7694841623306274
0.824324982, 0.7440731525421143
0.826349929, 0.7462975978851318
0.828492017, 0.7428146600723267
0.831961605, 0.7423401474952698
0.833992929, 0.7295467853546143
0.83600648, 0.7556310296058655
0.838020672, 0.7488231062889099
0.8400482, 0.767509400844574
0.842118438, 0.7742059230804443
0.844198248, 0.7425358891487122
0.846241915, 0.7370157837867737
0.848248827, 0.7449708580970764
0.850273664, 0.7637884020805359
0.852320825, 0.7436302900314331
0.854335963, 0.7322146892547607
0.856374926, 0.7542491555213928
0.858987816, 0.7552344799041748
0.8609754, 0.7725909948348999
0.863011545, 0.7622979283332825
0.865040738, 0.7431864738464355
0.867113638, 0.7428992986679077
0.869143311, 0.7417566776275635
0.871167864, 0.7404484152793884
0.873285295, 0.7245903015136719
0.875248703, 0.7457565069198608
0.877255935, 0.7547922134399414
0.879294356, 0.7515779137611389
0.881300269, 0.7683753967285156
0.883332023, 0.7543779611587524
0.885457301, 0.7416757345199585
0.887486231, 0.7358576655387878
0.889464666, 0.7424545884132385
0.891461522, 0.7486532926559448
0.894075716, 0.7374334931373596
0.896108217, 0.745916485786438
0.898121864, 0.762330949306488
0.900158564, 0.7656670212745667
0.902169875, 0.771756649017334
0.904221683, 0.7464080452919006
0.906247731, 0.7410645484924316
0.908271235, 0.7482127547264099
0.910286896, 0.7474015951156616
0.912576817, 0.7426382303237915
0.914555011, 0.7303063273429871
0.916606593, 0.7564629912376404
0.918629156, 0.7561718225479126
0.920647929, 0.770614504814148
0.922667462, 0.7746848464012146
0.924722764, 0.7313993573188782
0.926717891, 0.7315361499786377
0.928791853, 0.7402636408805847
0.930760601, 0.7480194568634033
0.932798431, 0.7412467002868652
0.93485698, 0.7430498003959656
0.937588816, 0.755558431148529
0.93952093, 0.7503622770309448
0.941704144, 0.7630845904350281
0.94451908, 0.7402530312538147
0.946515975, 0.7346088290214539
0.948577492, 0.7269784808158875
0.950564783, 0.7421483397483826
0.952595132, 0.7292166352272034
0.954655, 0.7346431016921997
0.95662923, 0.7394508123397827
0.958690591, 0.7512725591659546
0.961090921, 0.7603099942207336
0.963090476, 0.749619722366333
0.965143127, 0.7333495020866394
0.967193044, 0.7270906567573547
0.969178164, 0.7282429933547974
0.971217912, 0.7395236492156982
0.973265314, 0.7265920639038086
0.975240912, 0.7325071096420288
0.977269113, 0.7462668418884277
0.979339081, 0.7506152391433716
0.98135052, 0.7596544027328491
0.98334669, 0.7489305138587952
0.985376545, 0.7151409983634949
0.987401905, 0.729997456073761
0.989412971, 0.7457138895988464
0.991445355, 0.7343838214874268
0.993582706, 0.7206848859786987
0.995605743, 0.7332293391227722
0.997683014, 0.759429395198822
0.999868412, 0.7563915848731995
1.002583898, 0.7630326747894287
1.005661491, 0.7462328672409058
1.007685299, 0.7404435276985168
1.009723186, 0.7508440613746643
1.011797675, 0.7416249513626099
1.013767301, 0.7278404235839844
1.015793016, 0.7511258125305176
1.017836629, 0.7545246481895447
1.019853026, 0.7715638279914856
1.021858478, 0.7750834226608276
1.023898396, 0.7468334436416626
1.02594704, 0.7415215969085693
1.027948187, 0.7381454706192017
1.02995687, 0.7547602653503418
1.032116728, 0.7408358454704285
1.034043332, 0.7297055721282959
1.036060824, 0.7481065988540649
1.038097586, 0.7441355586051941
1.040102852, 0.7638128995895386
1.042146693, 0.7562556862831116
1.044163831, 0.7462823390960693
1.0461796780000001, 0.7308023571968079
1.04820382, 0.7379727363586426
1.05023407, 0.7495781183242798
1.052255139, 0.7420864701271057
1.054272915, 0.7337164282798767
1.056303741, 0.7471649646759033
1.058349299, 0.7476497888565063
1.06035147, 0.7726439833641052
1.062396638, 0.76671302318573
1.064417346, 0.7509069442749023
1.066452433, 0.7322678565979004
1.068498692, 0.7361356019973755
1.070508939, 0.7478049397468567
1.072514355, 0.7290112972259521
1.074537058, 0.7288225889205933
1.076553375, 0.7487141489982605
1.078594859, 0.746999979019165
1.080612057, 0.7681430578231812
1.082626978, 0.7590291500091553
1.084708814, 0.7349205613136292
1.086694737, 0.7295642495155334
1.088719019, 0.7382813096046448
1.090820313, 0.7359280586242676
1.092799966, 0.7298144102096558
1.094847433, 0.7439284920692444
1.0970103, 0.7465440630912781
1.099159928, 0.7631918787956238
1.101243987, 0.7668881416320801
1.103217859, 0.765693724155426
1.105247717, 0.7254287600517273
1.107261244, 0.7335633635520935
1.10929577, 0.7513089776039124
1.111358155, 0.7399958372116089
1.113639417, 0.730411171913147
1.1156517400000001, 0.7434755563735962
1.117673447, 0.7533552646636963
1.11970239, 0.7496262788772583
1.121722342, 0.764512836933136
1.123755555, 0.749472975730896
1.125815529, 0.7461819052696228
1.127810424, 0.7342091798782349
1.12983543, 0.7466666102409363
1.131970459, 0.7346782684326172
1.13396279, 0.7435200214385986
1.13600197, 0.7512115240097046
1.138033568, 0.7583986520767212
1.14005562, 0.7584735751152039
1.1420842740000001, 0.7677966952323914
1.14417542, 0.7415706515312195
1.1461308, 0.7504809498786926
1.148155266, 0.7299798727035522
1.1501736519999999, 0.7537976503372192
1.152210735, 0.7423111200332642
1.154296264, 0.7372792363166809
1.156249998, 0.7444481253623962
1.158288406, 0.7546716928482056
1.160316194, 0.7647382020950317
1.162328807, 0.7639238238334656
1.164410172, 0.7487108707427979
1.166374749, 0.7327622771263123
1.168471363, 0.7332104444503784
1.171017153, 0.7463127374649048
1.172994005, 0.7361956238746643
1.175037403, 0.7386510372161865
1.1770650950000001, 0.7504634857177734
1.179081381, 0.7436104416847229
1.181106221, 0.7797132134437561
1.183130814, 0.7579226493835449
1.185272419, 0.731536328792572
1.187270255, 0.7369503974914551
1.189283782, 0.7418612837791443
1.191326982, 0.7339181303977966
1.193544419, 0.7244656682014465
1.195545612, 0.7498329877853394
1.197602397, 0.7588183879852295
1.199632833, 0.7497543692588806
1.201635368, 0.7708103656768799
1.203660203, 0.7481614351272583
1.205676645, 0.7491146922111511
1.20772514, 0.7398044466972351
1.209721085, 0.74742192029953
1.211759821, 0.7452818751335144
1.213814398, 0.731828510761261
1.215897849, 0.7500006556510925
1.217934903, 0.7563358545303345
1.219970902, 0.7625012397766113
1.222054693, 0.7690659165382385
1.223960912, 0.747833788394928
1.226007424, 0.7379602789878845
1.228037733, 0.7401835322380066
1.230046894, 0.7487602829933167
1.232263531, 0.7346693277359009
1.234121309, 0.7250118255615234
1.236126148, 0.7413053512573242
1.238150565, 0.7555915117263794
1.24019159, 0.7517104744911194
1.242583886, 0.7588646411895752
1.244598903, 0.7313535213470459
1.24658959, 0.7292814254760742
1.248613601, 0.740158200263977
1.250737602, 0.7421801686286926
1.252740284, 0.7298077940940857
1.2547642159999999, 0.7372387647628784
1.256841037, 0.7573918104171753
1.259063375, 0.7484950423240662
1.2610633070000001, 0.7659838795661926
1.263100779, 0.7490676641464233
1.265137899, 0.7415640354156494
1.267158504, 0.7436089515686035
1.269168833, 0.7495875358581543
1.273181076, 0.7375279664993286
1.275215106, 0.7422459125518799
1.277231596, 0.7658181190490723
1.279233997, 0.7494560480117798
1.281296223, 0.7686458826065063
1.2833330969999999, 0.7577421069145203
1.285343373, 0.7372812032699585
1.287378451, 0.7450163960456848
1.2893939300000001, 0.744975745677948
1.291410841, 0.7418345212936401
1.293815942, 0.7383754253387451
1.295906655, 0.7498981356620789
1.297933255, 0.7561919689178467
1.299938257, 0.7679799795150757
1.3019915229999999, 0.7700741291046143
1.304008149, 0.7556009888648987
1.306054857, 0.7438753843307495
1.308054877, 0.7435610294342041
1.310072563, 0.7534014582633972
1.312393228, 0.743796706199646
1.314372485, 0.7296972870826721
1.3163893070000001, 0.7517445087432861
1.318411644, 0.7547781467437744
1.320440588, 0.7651177644729614
1.322467712, 0.7608966827392578
1.324514618, 0.7405664920806885
1.326510107, 0.7289413213729858
1.328572487, 0.7301716804504395
1.330584975, 0.747321367263794
1.332778536, 0.7392749190330505
1.334794976, 0.735291063785553
1.3368442790000001, 0.7622227668762207
1.338836602, 0.754867434501648
1.340893473, 0.7701030373573303
1.342877179, 0.7529559135437012
1.344906998, 0.724368155002594
1.346938824, 0.7308661341667175
1.348961157, 0.7400568127632141
1.3510096759999999, 0.7353672981262207
1.353063811, 0.7234810590744019
1.355038379, 0.7286445498466492
1.3570691529999999, 0.7343156337738037
1.359100541, 0.7555533647537231
1.361135086, 0.7668614387512207
1.3631715660000001, 0.7497170567512512
1.3652145070000001, 0.7220606803894043
1.367201835, 0.7350479960441589
1.369243884, 0.7508352994918823
1.371475525, 0.741337776184082
1.373515804, 0.7278156280517578
1.375517289, 0.7456170320510864
1.3775541470000001, 0.7437949180603027
1.379579173, 0.7519827485084534
1.381612153, 0.7683006525039673
1.383623896, 0.747008740901947
1.3856584490000001, 0.7249258756637573
1.387679833, 0.7365319132804871
1.389715459, 0.7497362494468689
1.391728338, 0.7326679229736328
1.393755382, 0.7268548011779785
1.39580486, 0.7432542443275452
1.397803244, 0.7511633634567261
1.399848602, 0.7665066719055176
1.402501214, 0.769068717956543
1.4038842790000001, 0.7430922985076904
1.4059253919999999, 0.7279500365257263
1.409257395, 0.7483590841293335
1.411215807, 0.7421069145202637
1.413232117, 0.7347211837768555
1.415242385, 0.7362411022186279
1.417313769, 0.7640020251274109
1.419426721, 0.7641715407371521
1.421435111, 0.7803992033004761
1.423629549, 0.7550882697105408
1.425639067, 0.7483237385749817
1.427684121, 0.7419816255569458
1.429688539, 0.7516636848449707
1.431893615, 0.7286354899406433
1.4338821689999999, 0.7322933673858643
1.435896625, 0.7467226386070251
1.437906815, 0.7558057308197021
1.441202806, 0.7728844881057739
1.443194888, 0.7515727877616882
1.445248083, 0.7270932197570801
1.447292923, 0.7398898601531982
1.4493487090000001, 0.7346892952919006
1.45134718, 0.7311823964118958
1.453409318, 0.7291874289512634
1.45539183, 0.7372146248817444
1.457425619, 0.7565765380859375
1.459432621, 0.7579198479652405
1.461451321, 0.7619900107383728
1.463501364, 0.7422306537628174
1.465533012, 0.7324271202087402
1.467531573, 0.7219622135162354
1.469590631, 0.7490002512931824
1.471625087, 0.7309792041778564
1.47365166, 0.7360005974769592
1.47564509, 0.7444199919700623
1.47766631, 0.7589496374130249
1.479699702, 0.7656087875366211
1.481735568, 0.7718905210494995
1.484107226, 0.7405476570129395
1.486131385, 0.7407019734382629
1.488221506, 0.7337020039558411
1.49026365, 0.7573037147521973
1.492261156, 0.7418642640113831
1.494299761, 0.7363491058349609
1.496349443, 0.7525540590286255
1.498353894, 0.7583192586898804
1.500358767, 0.7642909288406372
1.502492047, 0.763950526714325
1.504649837, 0.7427191138267517
1.506674035, 0.7343331575393677
1.508730959, 0.7485135793685913
1.510777559, 0.7541542649269104
1.512864932, 0.7399108409881592
1.514878345, 0.7324041128158569
1.516910478, 0.7561922669410706
1.518920766, 0.7549383044242859
1.520929993, 0.7705232501029968
1.522963718, 0.7649428248405457
1.5249781439999999, 0.7467159032821655
1.527034918, 0.735077440738678
1.52935222, 0.7416192889213562
1.5317849940000001, 0.7355193495750427
1.5338267719999998, 0.7363128066062927
1.5358778210000001, 0.7457259893417358
1.5379246420000001, 0.7539504766464233
1.540081059, 0.7529435753822327
1.542329689, 0.7588427066802979
1.543963346, 0.7424769997596741
1.5459627409999999, 0.7395827174186707
1.547977208, 0.733409583568573
1.550042567, 0.7375242710113525
1.552082945, 0.7342499494552612
1.554088842, 0.7332718372344971
1.556083265, 0.739102840423584
1.5581176129999998, 0.7556581497192383
1.560181788, 0.7613054513931274
1.562230063, 0.7583704590797424
1.5642321959999999, 0.7297378778457642
1.566238035, 0.719357967376709
1.568255687, 0.7323127388954163
1.570333094, 0.7478252649307251
1.5723155599999998, 0.7258324027061462
1.574330502, 0.7260715365409851
1.5764115140000001, 0.7493603825569153
1.578393564, 0.7551020383834839
1.580403054, 0.7771386504173279
1.5824321380000002, 0.7595672011375427
1.584471771, 0.7517748475074768
1.586517138, 0.7309674620628357
1.5885358539999999, 0.7411859631538391
1.59056678, 0.746573269367218
1.59263594, 0.7261368632316589
1.594788941, 0.73103266954422
1.5969318860000001, 0.7551553845405579
1.598987462, 0.749197244644165
1.6009869989999999, 0.7638627886772156
1.602985385, 0.755805253982544
1.605020994, 0.7318322658538818
1.607052335, 0.7323300838470459
1.609139799, 0.7441949844360352
1.6111381809999998, 0.7431080341339111
1.614908227, 0.7314653396606445
1.616954625, 0.7513165473937988
1.619044352, 0.7539626359939575
1.621135122, 0.768240749835968
1.623145874, 0.7580033540725708
1.6252017680000002, 0.7371348142623901
1.627224101, 0.7434893250465393
1.62924062, 0.7530599236488342
1.631262844, 0.7423883676528931
1.633299927, 0.7427654266357422
1.635306511, 0.7436484098434448
1.637391201, 0.7538398504257202
1.639473599, 0.7577911019325256
1.641456062, 0.77463698387146
1.643468249, 0.7517916560173035
1.645495718, 0.7260648608207703
1.647602087, 0.740860104560852
1.649551558, 0.7513217926025391
1.651618947, 0.7395487427711487
1.653677072, 0.7337115406990051
1.6556164180000001, 0.7514887452125549
1.6576572010000001, 0.7561683058738708
1.660047328, 0.7622783780097961
1.662037789, 0.7591258883476257
1.664073326, 0.7424405813217163
1.6660781550000001, 0.7338520884513855
1.66827053, 0.7277306914329529
1.6703208790000001, 0.73670494556427
1.6723401500000001, 0.7364945411682129
1.6743945660000001, 0.7310900688171387
1.676408408, 0.7605640292167664
1.6784223040000001, 0.757836103439331
1.68044629, 0.7687209844589233
1.682494602, 0.7548803687095642
1.684512962, 0.7410134077072144
1.686520821, 0.7337208390235901
1.688552578, 0.7394272089004517
1.690633112, 0.7364680171012878
1.692649268, 0.7379375100135803
1.694662804, 0.72726970911026
1.696962133, 0.7491584420204163
1.698938683, 0.7530920505523682
1.7010365589999998, 0.7604334354400635
1.703036849, 0.7571153044700623
1.7050393769999999, 0.7365131378173828
1.707119904, 0.730842649936676
1.7090898669999999, 0.730707049369812
1.711144336, 0.740231454372406
1.71317888, 0.726801872253418
1.7151755199999998, 0.7328605651855469
1.717219547, 0.7452191710472107
1.719319421, 0.7499457597732544
1.7212769730000002, 0.7698115706443787
1.723276905, 0.741001307964325
1.7253423190000001, 0.7241340279579163
1.727321551, 0.7307700514793396
1.7293573709999999, 0.7464708685874939
1.731369838, 0.7351570129394531
1.7333939489999999, 0.7255588173866272
1.735417859, 0.7424243092536926
1.7374572769999999, 0.7349885106086731
1.7394729899999999, 0.7438239455223083
1.741506592, 0.7488017678260803
1.7435173000000002, 0.733936071395874
1.745557923, 0.7184648513793945
1.747601958, 0.7283815741539001
1.749634387, 0.747059166431427
1.75162368, 0.7185339331626892
1.753667524, 0.7261475324630737
1.755732555, 0.7489424347877502
1.757735775, 0.7586302161216736
1.7597475089999999, 0.7634832859039307
1.762005282, 0.7529112696647644
1.76397167, 0.7449450492858887
1.7664211380000001, 0.7272965908050537
1.768477631, 0.7343414425849915
1.770479644, 0.746100127696991
1.772557785, 0.7284218668937683
1.774518773, 0.7310713529586792
1.777119546, 0.7453327178955078
1.779139941, 0.7570613026618958
1.781177849, 0.7618640065193176
1.783224341, 0.7548677325248718
1.785256452, 0.7287225127220154
1.787251614, 0.7321676015853882
1.78927594, 0.747214138507843
1.791344514, 0.7377263903617859
1.793395208, 0.7300353646278381
1.795384702, 0.7386652231216431
1.797430817, 0.7480361461639404
1.799430723, 0.7634044885635376
1.801442721, 0.7748424410820007
1.804418235, 0.7411924004554749
1.806406923, 0.7378464341163635
1.8084324600000001, 0.7350860834121704
1.8105227780000002, 0.7393521070480347
1.814754823, 0.7375133037567139
1.816720721, 0.7508294582366943
1.818732692, 0.7567211389541626
1.8207630529999999, 0.7625176906585693
1.8228008500000001, 0.748085081577301
1.824817113, 0.7329810857772827
1.82682714, 0.7316232919692993
1.8288659790000001, 0.749014675617218
1.8313745099999998, 0.7484529614448547
1.8349560249999999, 0.7242987751960754
1.836910442, 0.7484286427497864
1.838959647, 0.7546515464782715
1.8409663649999999, 0.7541142106056213
1.84302082, 0.7578528523445129
1.8452126500000001, 0.7250846028327942
1.847087025, 0.7276540994644165
1.849107843, 0.7366189956665039
1.8516856050000001, 0.7346658110618591
1.853812835, 0.7309216260910034
1.855841874, 0.7457970976829529
1.8579017530000002, 0.7458720803260803
1.86007021, 0.7465747594833374
1.861940522, 0.7522789239883423
1.863947376, 0.7400857210159302
1.8663097610000001, 0.7399497628211975
1.868293779, 0.727613091468811
1.870400742, 0.7478779554367065
1.872345593, 0.7144649624824524
1.874424342, 0.7295211553573608
1.876426052, 0.7461053729057312
1.8785621369999999, 0.7474574446678162
1.880603126, 0.7621387243270874
1.8826304710000001, 0.746135950088501
1.884652287, 0.7328816056251526
1.886690481, 0.7282652854919434
1.88869416, 0.7338400483131409
1.890897506, 0.7365292906761169
1.892834364, 0.7347574830055237
1.894821038, 0.727742612361908
1.896871142, 0.7490537166595459
1.898868733, 0.7609782218933105
1.900916671, 0.7666791677474976
1.902999503, 0.7583268284797668
1.904978638, 0.7391929030418396
1.9069772619999998, 0.7387921810150146
1.9090346120000001, 0.7441502809524536
1.911033228, 0.7456785440444946
1.91310265, 0.7353007197380066
1.915098288, 0.7401894927024841
1.918080107, 0.751546323299408
1.920130092, 0.7675241827964783
1.922278717, 0.77535480260849
1.924309698, 0.7363219857215881
1.9263532209999998, 0.7342018485069275
1.92838039, 0.7429512739181519
1.930456366, 0.746365487575531
1.9330213120000002, 0.7233572006225586
1.935024882, 0.7358254790306091
1.9370592119999999, 0.7602329254150391
1.9390813900000001, 0.7539105415344238
1.9413283780000001, 0.768751323223114
1.943408807, 0.7543700337409973
1.945417517, 0.7269108295440674
1.947452875, 0.7303838133811951
1.9494781410000002, 0.7419623732566833
1.951539211, 0.7413713335990906
1.953519532, 0.7329708933830261
1.955588663, 0.7366890907287598
1.9576118, 0.7477913498878479
1.95959638, 0.7591795325279236
1.9616222300000001, 0.7563369870185852
1.963663377, 0.747008740901947
1.965682514, 0.7332138419151306
1.9676955999999999, 0.7279661297798157
1.969723632, 0.7353546023368835
1.9717462590000001, 0.7288557291030884
1.973788682, 0.7239273190498352
1.975810574, 0.7450624108314514
1.977837938, 0.7562974095344543
1.979848375, 0.7491167187690735
1.9818811109999999, 0.7614082098007202
1.983914653, 0.7363263964653015
1.985949893, 0.7325971722602844
1.988014975, 0.7418410778045654
1.9899949540000001, 0.7454673647880554
1.9920653640000001, 0.7433339953422546
1.994029504, 0.7252432107925415
1.996088184, 0.7436177134513855
1.998079953, 0.7406766414642334
2.000122602, 0.7550856471061707
2.002194112, 0.7619346380233765
2.00423257, 0.7365826964378357
2.006238808, 0.7281829714775085
2.008275352, 0.7288556694984436
2.010348228, 0.747765839099884
2.012321018, 0.7259789109230042
2.01443043, 0.7323477268218994
2.016509461, 0.742492139339447
2.018472742, 0.7386997938156128
2.02065975, 0.7554894685745239
2.022638674, 0.7528520822525024
2.024757407, 0.7291783094406128
2.026736935, 0.7332841753959656
2.028789152, 0.7368439435958862
2.030834636, 0.7441052794456482
2.032878453, 0.7195571660995483
2.034949305, 0.7266435027122498
2.036960806, 0.7408834099769592
2.03898688, 0.7479615211486816
2.041023498, 0.7519310712814331
2.043038136, 0.7360324263572693
2.045027215, 0.7296906113624573
2.047057924, 0.7237032055854797
2.049105736, 0.7256227731704712
2.051107207, 0.7407235503196716
2.053179667, 0.7271144986152649
2.05522296, 0.7211443781852722
2.0572357549999998, 0.7532593607902527
2.05923675, 0.7498933672904968
2.061253449, 0.7709437012672424
2.063308894, 0.7469522356987
2.06529726, 0.7304308414459229
2.067336118, 0.7426021695137024
2.069376497, 0.7542523145675659
2.071417657, 0.741343080997467
2.073478533, 0.7387277483940125
2.075509138, 0.7570379972457886
2.077837425, 0.7527093291282654
2.079846281, 0.7736135125160217
2.082205872, 0.7791698575019836
2.083901665, 0.752449095249176
2.085973801, 0.7282658815383911
2.087960707, 0.7418662309646606
2.089994725, 0.7572360634803772
2.092494064, 0.7315100431442261
2.094474622, 0.7381099462509155
2.096911264, 0.7564239501953125
2.098919802, 0.7601621747016907
2.100934643, 0.783051609992981
2.102983752, 0.764807939529419
2.10501052, 0.7429342865943909
2.107030518, 0.7406387329101562
2.109804347, 0.7591580748558044
2.11182624, 0.7417029738426208
2.113860919, 0.7383254766464233
2.115867921, 0.7508392930030823
2.117937369, 0.7567932605743408
2.119909208, 0.7603025436401367
2.121972274, 0.7526564598083496
2.123975741, 0.7376428842544556
2.125992767, 0.7304194569587708
2.1280368100000002, 0.7240728139877319
2.130071682, 0.7436707615852356
2.132091037, 0.7366620302200317
2.134234384, 0.7293378710746765
2.136395228, 0.7474492192268372
2.138385377, 0.7442201375961304
2.140434257, 0.7634249925613403
2.142516886, 0.7420946359634399
2.144729076, 0.7227622866630554
2.14672006, 0.7235504388809204
2.148722743, 0.7290502786636353
2.150745236, 0.74027419090271
2.152774828, 0.7236233949661255
2.154792752, 0.7271282076835632
2.156871256, 0.7438633441925049
2.159256976, 0.7399495244026184
2.161329114, 0.7729983925819397
2.163308147, 0.741801917552948
2.165330967, 0.7337862253189087
2.167352798, 0.7245334982872009
2.169397083, 0.7388016581535339
2.171396269, 0.7262595891952515
2.173430667, 0.7212154269218445
2.175458012, 0.7266747951507568
2.177485032, 0.7412952780723572
2.179529797, 0.7513521909713745
2.181532518, 0.7465850710868835
2.183566293, 0.7375363111495972
2.185627281, 0.7330273389816284
2.187618837, 0.7336163520812988
2.189643067, 0.7513101100921631
2.191819521, 0.7309393882751465
2.193864238, 0.7198727130889893
2.195984088, 0.7514685392379761
2.198176628, 0.7524310946464539
2.200220223, 0.7534611821174622
2.202257822, 0.7529135346412659
2.204306299, 0.7448976039886475
2.206300689, 0.7342419028282166
2.208339361, 0.7377752661705017
2.210359021, 0.7578651309013367
2.212379356, 0.727928102016449
2.214412451, 0.7402909994125366
2.216448892, 0.75556880235672
2.218453586, 0.7627314329147339
2.220526303, 0.777580976486206
2.222525383, 0.7735083103179932
2.224531866, 0.7463518977165222
2.226560849, 0.750262975692749
2.228741598, 0.7446377277374268
2.230695845, 0.7588247656822205
2.232704123, 0.7350209355354309
2.234745703, 0.7400289177894592
2.236888398, 0.7682974338531494
2.239048775, 0.7580141425132751
2.241066886, 0.7687249779701233
2.24313696, 0.7528666257858276
2.245133172, 0.7409144639968872
2.247161123, 0.7516406178474426
2.249201215, 0.7415136098861694
2.251278112, 0.7467705607414246
2.253275223, 0.7358547449111938
2.255266793, 0.7460407018661499
2.2573140990000002, 0.7515876889228821
2.259365808, 0.7660524845123291
2.261941624, 0.772107720375061
2.263904964, 0.742749810218811
2.265930407, 0.7465527653694153
2.2679921800000002, 0.7409707903862
2.270096911, 0.7508129477500916
2.272339515, 0.7376240491867065
2.274296328, 0.7294270396232605
2.276335541, 0.7540690898895264
2.2784404560000002, 0.7462701797485352
2.280422833, 0.765656590461731
2.282425073, 0.7572035193443298
2.284437146, 0.7327365875244141
2.2864985620000002, 0.7287169098854065
2.28852665, 0.7257786989212036
2.290577549, 0.7369433045387268
2.29280764, 0.7303712964057922
2.294825388, 0.7397310733795166
2.296837376, 0.7544379234313965
2.300848405, 0.7531976699829102
2.302819305, 0.7461700439453125
2.304866935, 0.736438512802124
2.306940639, 0.7296847701072693
2.308918052, 0.7473129630088806
2.310943872, 0.7398207783699036
2.313048383, 0.7352206707000732
2.315028823, 0.7365573644638062
2.317060385, 0.7465000152587891
2.3190751560000002, 0.7566345930099487
2.321097036, 0.759684145450592
2.323198862, 0.745008111000061
