0.958613234, 0.970372200012207
0.960627236, 0.9703431129455566
0.962621868, 0.9554433822631836
0.964647574, 0.9757695198059082
0.966691011, 0.9727268218994141
0.968717125, 0.9700784683227539
0.970729381, 0.9739112854003906
0.972750638, 0.960792064666748
0.974793865, 0.9651608467102051
0.976801421, 0.9628505706787109
0.979981522, 0.9677853584289551
0.981381646, 0.9609980583190918
0.983417365, 0.9568848609924316
0.985428446, 0.9705901145935059
0.987477411, 0.9643087387084961
0.98948565, 0.974754810333252
0.991524338, 0.9718503952026367
0.993558266, 0.9595651626586914
0.995571108, 0.9646949768066406
0.997597566, 0.9659900665283203
0.999622142, 0.9708313941955566
1.001650816, 0.9583621025085449
1.003672911, 0.9582571983337402
1.005719219, 0.9727168083190918
1.007743109, 0.9733285903930664
1.009769239, 0.9724984169006348
1.01178003, 0.973076343536377
1.013800176, 0.9705395698547363
1.015843695, 0.9747738838195801
1.0178823320000001, 0.9681553840637207
1.019921229, 0.9696822166442871
1.021922879, 0.9564929008483887
1.023986712, 0.9769339561462402
1.026007977, 0.9772510528564453
1.028031378, 0.9705352783203125
1.030034688, 0.9831924438476562
1.032055863, 0.9698896408081055
1.034082624, 0.983980655670166
1.036106629, 0.977290153503418
1.038138349, 0.9796814918518066
1.040144858, 0.9687905311584473
1.042319559, 0.9602093696594238
1.044329206, 0.9765524864196777
1.046346455, 0.9752211570739746
1.048354134, 0.9835748672485352
1.05038769, 0.9794259071350098
1.052430817, 0.9738993644714355
1.054483654, 0.9749946594238281
1.05648535, 0.9781451225280762
1.058544017, 0.974891185760498
1.06054981, 0.9711818695068359
1.062616454, 0.9593076705932617
1.064569798, 0.9750809669494629
1.066622161, 0.9778594970703125
1.068669016, 0.9663248062133789
1.0707318319999999, 0.9778213500976562
1.072747544, 0.9685463905334473
1.074700759, 0.9796557426452637
1.076750126, 0.9810347557067871
1.078779552, 0.975806713104248
1.080784644, 0.9788074493408203
1.082838599, 0.9683303833007812
1.084858462, 0.979832649230957
1.086864353, 0.9866251945495605
1.088890118, 0.977684497833252
1.090919239, 0.9799528121948242
1.092959413, 0.973963737487793
1.094991854, 0.9763765335083008
1.096995197, 0.9716863632202148
1.099055652, 0.975980281829834
1.101106207, 0.9809565544128418
1.103121171, 0.9693737030029297
1.105106509, 0.9818897247314453
1.107147496, 0.97833251953125
1.1091497, 0.9803738594055176
1.11156355, 0.981107234954834
1.113544747, 0.9652142524719238
1.115555066, 0.9752693176269531
1.117576632, 0.9764695167541504
1.119618466, 0.970609188079834
1.121654405, 0.965062141418457
1.123660134, 0.9729933738708496
1.125680353, 0.9760661125183105
1.1290069520000001, 0.9690485000610352
1.130942986, 0.9653234481811523
1.132963086, 0.9627180099487305
1.134987904, 0.9661355018615723
1.137018296, 0.9651222229003906
1.139085564, 0.9616570472717285
1.141096016, 0.9522294998168945
1.143097834, 0.953585147857666
1.145146274, 0.9587793350219727
1.147161171, 0.9713397026062012
1.149170749, 0.9668450355529785
1.151222075, 0.9670791625976562
1.153237519, 0.9590659141540527
1.155267716, 0.966618537902832
1.157367022, 0.9624948501586914
1.159353391, 0.962040901184082
1.161435364, 0.9590625762939453
1.163398957, 0.9640946388244629
1.16544831, 0.9719619750976562
1.167471427, 0.9713053703308105
1.169495314, 0.9717612266540527
1.171523004, 0.9674654006958008
1.173527757, 0.9586639404296875
1.17557068, 0.972015380859375
1.177612321, 0.970893383026123
1.179596101, 0.963292121887207
1.181653135, 0.9620814323425293
1.183744313, 0.9658689498901367
1.1856945429999999, 0.9740452766418457
1.1877703880000001, 0.9704365730285645
1.189783584, 0.9763078689575195
1.191819561, 0.9681763648986816
1.193888895, 0.9686369895935059
1.195866024, 0.9653587341308594
1.197867804, 0.9692935943603516
1.199928001, 0.9726696014404297
1.2019519029999999, 0.9577145576477051
1.203989633, 0.9756317138671875
1.206005847, 0.9767055511474609
1.208155167, 0.9684481620788574
1.210363364, 0.9724330902099609
1.21238008, 0.9635472297668457
1.21441428, 0.9729199409484863
1.216425062, 0.9757018089294434
1.218511298, 0.981043815612793
1.220535422, 0.9735779762268066
1.222552013, 0.9705958366394043
1.224556837, 0.9877972602844238
1.2266154089999999, 0.9876394271850586
1.2286348870000001, 0.9694414138793945
1.230760392, 0.9854283332824707
1.232670156, 0.9731669425964355
1.234706551, 0.9745898246765137
1.236882665, 0.9781785011291504
1.238848828, 0.9816465377807617
1.240877519, 0.9778270721435547
1.242918003, 0.9657406806945801
1.24496092, 0.9848117828369141
1.246989665, 0.9838695526123047
1.249023565, 0.982903003692627
1.251079609, 0.9789834022521973
1.253071098, 0.972325325012207
1.255082848, 0.9702630043029785
1.257104642, 0.9723310470581055
1.259471264, 0.9733376502990723
1.261451921, 0.9739317893981934
1.2634798520000001, 0.9714250564575195
1.265501225, 0.9831404685974121
1.267529415, 0.977994441986084
1.269534578, 0.9738917350769043
1.27277181, 0.9693384170532227
1.275569446, 0.9661440849304199
1.277624334, 0.9692111015319824
1.279626817, 0.9620609283447266
1.281660448, 0.9593520164489746
1.283715527, 0.9631328582763672
1.285700504, 0.9732241630554199
1.28778946, 0.9682230949401855
1.290444525, 0.9624476432800293
1.29246351, 0.9544377326965332
1.294490293, 0.9585404396057129
1.296518981, 0.9617886543273926
1.298536972, 0.9555563926696777
1.300600707, 0.9573149681091309
1.302764727, 0.9490594863891602
1.304787635, 0.965935230255127
1.306810013, 0.9708261489868164
1.308821304, 0.9658327102661133
1.310903545, 0.9655475616455078
1.3129333939999999, 0.9592399597167969
1.314943545, 0.9665021896362305
1.316958817, 0.96856689453125
1.319006015, 0.9585709571838379
1.32099931, 0.9628739356994629
1.3237031400000001, 0.9577221870422363
1.325802867, 0.9635682106018066
1.327896465, 0.9666070938110352
1.32991111, 0.9671740531921387
1.331940986, 0.9602212905883789
1.333950343, 0.9639883041381836
1.335990397, 0.9597015380859375
1.338414861, 0.9632463455200195
1.34053324, 0.9599747657775879
1.342479035, 0.9524483680725098
1.344636146, 0.959254264831543
1.346620238, 0.959935188293457
1.348695204, 0.963930606842041
1.350702552, 0.9698100090026855
1.352729989, 0.9543733596801758
1.354868498, 0.9634032249450684
1.356833266, 0.966576099395752
1.358832891, 0.9636154174804688
1.360870978, 0.9571781158447266
1.363326744, 0.9610805511474609
1.3654604510000001, 0.9634780883789062
1.367510465, 0.9719982147216797
1.369771082, 0.9648914337158203
1.371740602, 0.9579744338989258
1.373791237, 0.9700016975402832
1.375814714, 0.9714441299438477
1.377895429, 0.9694805145263672
1.3798552769999999, 0.9719967842102051
1.381849057, 0.95428466796875
1.3838942300000001, 0.9731249809265137
1.385940166, 0.97821044921875
1.387935474, 0.970365047454834
1.390017106, 0.9725737571716309
1.39206123, 0.9680447578430176
1.394071581, 0.9703969955444336
1.3961694439999999, 0.9681606292724609
1.398142251, 0.9766383171081543
1.400173505, 0.9751729965209961
1.402229673, 0.9667201042175293
1.40458773, 0.9770712852478027
1.4063299790000001, 0.9795341491699219
1.408312758, 0.9798388481140137
1.4104395840000001, 0.9714069366455078
1.4151159770000001, 0.9662785530090332
1.417275056, 0.9775633811950684
1.419263363, 0.9696493148803711
1.421300757, 0.9725050926208496
1.423349792, 0.9598817825317383
1.42537172, 0.9723038673400879
1.427393366, 0.9807806015014648
1.42947176, 0.9746232032775879
1.431469799, 0.9701275825500488
1.433525062, 0.9704484939575195
1.4355224739999999, 0.9740176200866699
1.437600153, 0.9673843383789062
1.439693148, 0.9672937393188477
1.443145873, 0.9549093246459961
1.445205449, 0.9713821411132812
1.44729808, 0.9644851684570312
1.449363173, 0.9603724479675293
1.451396425, 0.9586896896362305
1.453441542, 0.9570407867431641
1.456694492, 0.9583950042724609
1.458800382, 0.9607000350952148
1.460828922, 0.9579224586486816
1.462870134, 0.9513678550720215
1.464904382, 0.9674992561340332
1.466886729, 0.9716982841491699
1.4689236430000001, 0.9660286903381348
1.471131295, 0.9689774513244629
1.473084716, 0.9646110534667969
1.475099188, 0.9712562561035156
1.47714966, 0.9648633003234863
1.4791592009999999, 0.9676289558410645
1.481175537, 0.9613790512084961
1.4832049889999999, 0.9598121643066406
1.485276344, 0.9688653945922852
1.487332114, 0.9633269309997559
1.491336824, 0.9653482437133789
1.493382446, 0.9647221565246582
1.495443302, 0.9654579162597656
1.4974383709999999, 0.9645299911499023
1.499463386, 0.958219051361084
1.501494154, 0.9509468078613281
1.503855543, 0.9578251838684082
1.505542691, 0.9649810791015625
1.507586834, 0.9686450958251953
1.509630003, 0.958897590637207
1.5116385239999999, 0.9536623954772949
1.5136696330000001, 0.9614953994750977
1.5156482150000001, 0.9598231315612793
1.517670651, 0.9539837837219238
1.519842577, 0.9599533081054688
1.521812439, 0.9579048156738281
1.52385246, 0.9669694900512695
1.52587191, 0.9764032363891602
1.527903694, 0.9732851982116699
1.5299197690000002, 0.965815544128418
1.531978957, 0.96368408203125
1.533986106, 0.9588346481323242
1.536012413, 0.9686527252197266
1.5380473239999999, 0.9741458892822266
1.540083622, 0.9632368087768555
1.542102345, 0.9637866020202637
1.544115615, 0.9797310829162598
1.546139502, 0.9761753082275391
1.548174383, 0.9720711708068848
1.5502076150000001, 0.9669432640075684
1.552255763, 0.9659805297851562
1.55437591, 0.9790520668029785
1.556385135, 0.9739923477172852
1.5583989059999999, 0.9715971946716309
1.560435548, 0.9765276908874512
1.562441733, 0.965700626373291
1.5645215129999999, 0.9759130477905273
1.566526498, 0.9717192649841309
1.568520269, 0.977196216583252
1.570561087, 0.9737758636474609
1.5725780999999999, 0.9643063545227051
1.5746023949999999, 0.9628677368164062
1.576643485, 0.9656968116760254
1.5786546559999999, 0.9699172973632812
1.58068738, 0.9644503593444824
1.583050084, 0.9629273414611816
1.5850917469999999, 0.9789738655090332
1.587106301, 0.9698233604431152
1.591051528, 0.9784607887268066
1.593116004, 0.9747071266174316
1.595236171, 0.9771428108215332
1.597252463, 0.9718308448791504
1.599260701, 0.9752922058105469
1.601339137, 0.9686741828918457
1.603299069, 0.9636058807373047
1.605352816, 0.975283145904541
1.608116226, 0.977935791015625
1.6112269559999999, 0.9627490043640137
1.613241876, 0.9575190544128418
1.6152884379999999, 0.9642410278320312
1.6172838139999999, 0.9627985954284668
1.619326086, 0.9628257751464844
1.622086664, 0.948122501373291
1.6240816630000001, 0.9674992561340332
1.626091364, 0.9621925354003906
1.6281162519999999, 0.9604382514953613
1.630153606, 0.9672966003417969
1.63217711, 0.9610686302185059
1.634205169, 0.9637689590454102
1.636239878, 0.9653587341308594
1.638266582, 0.9590764045715332
1.640326384, 0.9574918746948242
1.64261452, 0.945134162902832
1.644636751, 0.9624156951904297
1.6466688600000001, 0.9593853950500488
1.648729278, 0.9612383842468262
1.650826834, 0.9643669128417969
1.652779843, 0.9593300819396973
1.654811546, 0.9630770683288574
1.656844105, 0.9593095779418945
1.6588943980000002, 0.9507899284362793
1.660883326, 0.9521913528442383
1.663009711, 0.9502077102661133
1.665025961, 0.9594197273254395
1.666990412, 0.965238094329834
1.669039961, 0.9719414710998535
1.671045143, 0.9729156494140625
1.673018382, 0.9665069580078125
1.6750775089999999, 0.9728794097900391
1.677081239, 0.9675192832946777
1.679109721, 0.9650835990905762
1.6811567219999999, 0.9595184326171875
1.683171524, 0.9595928192138672
1.6851938199999998, 0.9747357368469238
1.687216832, 0.9744081497192383
1.6892648559999999, 0.9658722877502441
1.691304723, 0.9773478507995605
1.693322312, 0.96514892578125
1.695638888, 0.9698843955993652
1.697687321, 0.9711432456970215
1.699670113, 0.972801685333252
1.701728663, 0.9630880355834961
1.703738108, 0.965569019317627
1.7057742930000002, 0.9747629165649414
1.70781312, 0.9691410064697266
1.709817679, 0.9772615432739258
1.711853422, 0.9691982269287109
1.71386656, 0.9716591835021973
1.715900461, 0.978764533996582
1.717944468, 0.9699916839599609
1.719948754, 0.9765481948852539
1.721982715, 0.9683470726013184
1.723997318, 0.9748001098632812
1.726017649, 0.9749197959899902
1.728046747, 0.9682798385620117
1.730092958, 0.9709405899047852
1.7320800539999999, 0.9622540473937988
1.7342079099999999, 0.9703598022460938
1.736233435, 0.9749336242675781
1.738245737, 0.9697027206420898
1.740304855, 0.9637141227722168
1.742305585, 0.9591822624206543
1.7443268619999999, 0.9726576805114746
1.746402748, 0.9761357307434082
1.748388468, 0.9777612686157227
1.7504068739999998, 0.9675908088684082
1.7524432399999998, 0.9653449058532715
1.754465945, 0.9700565338134766
1.7564989290000002, 0.9658756256103516
1.758586893, 0.9643855094909668
1.760584466, 0.9618730545043945
1.762759973, 0.9572091102600098
1.764723936, 0.9768671989440918
1.7667440920000002, 0.9815726280212402
1.7687737129999999, 0.9738755226135254
1.770805556, 0.9665637016296387
1.772845948, 0.9630742073059082
1.774850332, 0.9649152755737305
1.776890729, 0.9697861671447754
1.778950983, 0.9648280143737793
1.780948499, 0.9606776237487793
1.782961621, 0.9634137153625488
1.784978272, 0.9740157127380371
1.787021272, 0.9696497917175293
1.789060251, 0.9672942161560059
1.791058713, 0.9697380065917969
1.793074045, 0.9562010765075684
1.795126547, 0.9577703475952148
1.797127341, 0.9591526985168457
1.799167604, 0.9623064994812012
1.801197921, 0.9530649185180664
1.803224691, 0.9504985809326172
1.805283022, 0.967923641204834
1.807393276, 0.959742546081543
1.8094573120000002, 0.965050220489502
1.8114921750000001, 0.9533848762512207
1.8135083459999999, 0.9556565284729004
1.815516503, 0.9624671936035156
1.817553293, 0.9604592323303223
1.819576694, 0.9603290557861328
1.821638222, 0.9560270309448242
1.823617155, 0.9643216133117676
1.825642695, 0.9616298675537109
1.827684184, 0.968195915222168
1.829699994, 0.9744911193847656
1.831722258, 0.9631104469299316
1.8337581360000001, 0.9685955047607422
1.83577981, 0.9700827598571777
1.837801434, 0.9772820472717285
1.839830304, 0.9766216278076172
1.841854068, 0.959256649017334
1.8438752539999999, 0.9747662544250488
1.845912776, 0.981325626373291
1.8479554889999998, 0.9737601280212402
1.849975309, 0.9814238548278809
1.851978042, 0.9722580909729004
1.85401215, 0.978177547454834
1.856807593, 0.9712891578674316
1.858098606, 0.9658007621765137
1.860219598, 0.9677839279174805
1.8621644659999999, 0.9611301422119141
1.864233491, 0.9752368927001953
1.866241693, 0.9813117980957031
1.8682438810000002, 0.9811835289001465
1.870274341, 0.9789152145385742
1.8723414790000001, 0.9651899337768555
1.874338457, 0.9753694534301758
1.876359858, 0.974677562713623
1.878367626, 0.9667649269104004
1.8804075409999998, 0.9727864265441895
1.882435818, 0.963831901550293
1.884482132, 0.9751396179199219
1.886478184, 0.9760584831237793
1.888521688, 0.9711728096008301
1.890554654, 0.9694304466247559
1.892556546, 0.9668569564819336
1.8946210909999999, 0.9745616912841797
1.896639519, 0.9745659828186035
1.898658291, 0.9731841087341309
1.901672407, 0.9782495498657227
1.903633132, 0.9707164764404297
1.905663822, 0.9843525886535645
1.907666876, 0.9799003601074219
1.909686665, 0.9722995758056641
1.9117202180000001, 0.9684748649597168
1.913770494, 0.9760823249816895
1.915785469, 0.9824972152709961
1.917821856, 0.9737334251403809
1.919832599, 0.968437671661377
1.921865921, 0.9615144729614258
1.9239201609999999, 0.977696418762207
1.925918937, 0.9723415374755859
1.927928162, 0.9653363227844238
1.929996641, 0.9700970649719238
1.931982565, 0.958101749420166
1.934344844, 0.9640336036682129
1.936371663, 0.964576244354248
1.938391929, 0.9624042510986328
1.9404303600000001, 0.9610919952392578
1.942465521, 0.9526205062866211
1.944487378, 0.9651484489440918
1.946510254, 0.9638729095458984
1.948547782, 0.9669647216796875
1.950572916, 0.9622721672058105
1.952598871, 0.9566740989685059
1.954636601, 0.9671626091003418
1.9566729010000001, 0.973668098449707
1.958689047, 0.9641013145446777
1.960752628, 0.9669642448425293
1.962749147, 0.9594335556030273
1.964766837, 0.9740934371948242
1.9667897330000002, 0.9669923782348633
1.96880172, 0.965364933013916
1.9708375139999998, 0.9675168991088867
1.9728663, 0.9530696868896484
1.9749228319999999, 0.9569940567016602
1.9769205730000001, 0.96197509765625
1.978996142, 0.9643082618713379
1.981113948, 0.9660201072692871
1.983156213, 0.9544305801391602
1.985216101, 0.9717445373535156
1.987214465, 0.9701528549194336
1.9892542629999999, 0.9756546020507812
1.991351893, 0.9691505432128906
1.994139232, 0.9646129608154297
1.99616324, 0.9663825035095215
1.998206634, 0.9630956649780273
2.000206071, 0.9667882919311523
2.002371152, 0.9573650360107422
2.004317343, 0.9757928848266602
2.006310427, 0.9718499183654785
2.008337374, 0.9694156646728516
2.010463122, 0.9743175506591797
2.012499325, 0.9649510383605957
2.01451404, 0.9729504585266113
2.016548726, 0.9733133316040039
2.018550507, 0.9784975051879883
2.020718871, 0.974700927734375
2.024325607, 0.9642672538757324
2.026722627, 0.9758858680725098
2.028743055, 0.9750161170959473
2.030784418, 0.9805641174316406
2.032796648, 0.9730634689331055
2.034795659, 0.97967529296875
2.036841123, 0.9744491577148438
2.038871556, 0.9781928062438965
2.040872711, 0.9770288467407227
2.042898228, 0.9685182571411133
2.044959987, 0.9881515502929688
2.047118627, 0.9912347793579102
2.049023259, 0.9773287773132324
2.051009809, 0.9719600677490234
2.053041698, 0.9735283851623535
2.055278962, 0.9793329238891602
2.057597297, 0.9748516082763672
2.059366441, 0.9776496887207031
2.061928711, 0.9732265472412109
2.064155122, 0.9764714241027832
2.066110967, 0.9794201850891113
2.06813199, 0.9766697883605957
2.070266967, 0.9774489402770996
2.072267575, 0.967644214630127
2.074331216, 0.9754743576049805
2.076335664, 0.9790878295898438
2.078390205, 0.9735689163208008
2.08037765, 0.9660859107971191
2.082383691, 0.9673705101013184
2.084412381, 0.983278751373291
2.086487939, 0.9877462387084961
2.088490742, 0.9778022766113281
2.090492529, 0.9743437767028809
2.092539883, 0.9581036567687988
2.094589073, 0.971125602722168
2.096594778, 0.9643940925598145
2.098620109, 0.964684009552002
2.100689735, 0.9609251022338867
2.102780888, 0.955780029296875
2.104793638, 0.9691991806030273
2.106817732, 0.9695773124694824
2.108845759, 0.9697632789611816
2.114214137, 0.9654040336608887
2.116233041, 0.9722690582275391
2.118293314, 0.959111213684082
2.120313472, 0.958709716796875
2.122339346, 0.9599695205688477
2.124341257, 0.9628710746765137
2.126377498, 0.9677062034606934
2.128405434, 0.9689702987670898
2.130429384, 0.9753046035766602
2.132509703, 0.963038444519043
2.134483035, 0.9658079147338867
2.136533428, 0.9686923027038574
2.138543013, 0.9620575904846191
2.140601485, 0.9632740020751953
2.14260756, 0.9584412574768066
2.14461881, 0.9756956100463867
2.146651224, 0.9687380790710449
2.148702862, 0.9714298248291016
2.150692325, 0.9724206924438477
2.152717295, 0.9599418640136719
2.154818998, 0.9710144996643066
2.156989829, 0.9697408676147461
2.158914799, 0.9647245407104492
2.160919971, 0.961094856262207
2.162951036, 0.9605612754821777
2.164981901, 0.9776043891906738
2.167018875, 0.9730029106140137
2.169048417, 0.9703397750854492
2.1710463620000002, 0.9705290794372559
2.17307529, 0.9604439735412598
2.175133164, 0.9659247398376465
2.177122855, 0.9635286331176758
2.17914257, 0.9670543670654297
2.181215418, 0.9619112014770508
2.183205929, 0.9629154205322266
2.185251706, 0.9761958122253418
2.187281144, 0.9767837524414062
2.189314615, 0.9723834991455078
2.191336111, 0.9744410514831543
2.193358611, 0.9757623672485352
2.195396252, 0.9801058769226074
2.197422625, 0.9776191711425781
2.199424069, 0.9718904495239258
2.2014677320000002, 0.9673991203308105
2.203515914, 0.9798660278320312
2.205721028, 0.9857120513916016
2.207746692, 0.9795870780944824
2.209789361, 0.9788956642150879
2.211791242, 0.9761066436767578
2.213853651, 0.9757952690124512
2.216015144, 0.9846706390380859
2.2179676759999998, 0.9751310348510742
2.220006834, 0.9716982841491699
2.222093717, 0.9679155349731445
2.224104966, 0.9856653213500977
2.226310767, 0.9747023582458496
2.228388937, 0.9818534851074219
2.230349547, 0.9735102653503418
2.232386652, 0.9654092788696289
2.234456934, 0.9711475372314453
2.236553484, 0.9756965637207031
2.238540323, 0.9621648788452148
2.24053924, 0.9623184204101562
2.242675049, 0.9603691101074219
2.24474671, 0.978327751159668
2.246700624, 0.9751920700073242
2.248759727, 0.9641633033752441
2.250758809, 0.9696922302246094
2.252798168, 0.9693775177001953
2.254817005, 0.9790716171264648
2.256874204, 0.9638576507568359
2.258876831, 0.9685287475585938
2.260890907, 0.9616570472717285
2.262899948, 0.9576029777526855
2.264926629, 0.9675936698913574
2.266965296, 0.9724555015563965
2.268991296, 0.9765033721923828
2.271023897, 0.9689631462097168
2.273044896, 0.9582853317260742
2.275091965, 0.9664120674133301
2.277086289, 0.962491512298584
2.2791687400000002, 0.9652552604675293
2.281143758, 0.9542155265808105
2.283230854, 0.9525656700134277
2.285211802, 0.9629859924316406
2.287211572, 0.9725208282470703
2.289248018, 0.9704632759094238
2.291278359, 0.9706597328186035
2.293329648, 0.9676685333251953
2.295335328, 0.9651427268981934
2.297349155, 0.9559454917907715
2.300541844, 0.9620614051818848
2.302573148, 0.9473509788513184
2.304593185, 0.9534502029418945
2.306588384, 0.9694705009460449
2.30861977, 0.9647111892700195
2.310638333, 0.9682521820068359
2.312674697, 0.9612770080566406
2.314894776, 0.9686522483825684
2.316889779, 0.9597864151000977
2.318988682, 0.9625563621520996
2.320993317, 0.9628539085388184
2.3230021770000002, 0.962745189666748
2.32505169, 0.9689192771911621
2.32704948, 0.9701137542724609
2.329060256, 0.9747967720031738
2.331092858, 0.9649109840393066
2.333131084, 0.9625625610351562
2.335139134, 0.9672560691833496
2.337420577, 0.9704833030700684
2.339438835, 0.9691915512084961
2.34143557, 0.9536638259887695
2.343443831, 0.9636802673339844
2.345481827, 0.9777040481567383
2.347531674, 0.9756155014038086
2.349581578, 0.9766430854797363
2.35159343, 0.975278377532959
2.353577483, 0.9740328788757324
2.355593452, 0.9748363494873047
2.357659477, 0.9763569831848145
2.359650804, 0.9833865165710449
2.361673458, 0.971735954284668
2.363721196, 0.9763436317443848
2.365757262, 0.9783334732055664
2.367776123, 0.9751076698303223
2.369794211, 0.9828433990478516
2.371821327, 0.9695053100585938
2.37383053, 0.9761199951171875
2.375918688, 0.9730062484741211
2.377891589, 0.9834489822387695
2.380066621, 0.9835257530212402
2.382052797, 0.9717087745666504
2.3840713989999998, 0.9783239364624023
2.386158088, 0.9876327514648438
2.388197667, 0.9767909049987793
2.390204149, 0.9827957153320312
2.3922215, 0.9766130447387695
2.3942187329999998, 0.9791669845581055
2.396680469, 0.9756016731262207
2.398711344, 0.9770312309265137
2.4007513400000002, 0.9737758636474609
2.402754043, 0.9707002639770508
2.404798783, 0.9867997169494629
2.406870224, 0.9895648956298828
2.408998134, 0.977755069732666
2.411085674, 0.9754347801208496
2.413175166, 0.9683270454406738
2.415160314, 0.972264289855957
2.417204811, 0.9685206413269043
2.419217979, 0.9675278663635254
2.421301746, 0.9698381423950195
2.423330675, 0.9602775573730469
2.4253793310000002, 0.9749994277954102
2.4273892630000002, 0.9684514999389648
2.4293799529999998, 0.9773030281066895
2.431480513, 0.9738116264343262
2.433440585, 0.9757280349731445
2.435476331, 0.9761800765991211
2.4374810399999998, 0.9687008857727051
2.440369116, 0.9679470062255859
2.442675473, 0.9596328735351562
2.444694739, 0.9761223793029785
2.446717099, 0.9710335731506348
2.448765926, 0.9743456840515137
2.451037676, 0.975827693939209
2.452904178, 0.962677001953125
2.454906235, 0.9762787818908691
2.456939005, 0.9710483551025391
2.458971911, 0.9688577651977539
2.461003047, 0.9608006477355957
2.4631042389999998, 0.9518718719482422
2.4650703910000002, 0.9621291160583496
2.467071572, 0.959251880645752
2.469104101, 0.9638643264770508
2.471197449, 0.9605722427368164
2.473147877, 0.9599637985229492
2.475182351, 0.9655337333679199
2.477196833, 0.9638738632202148
2.479362059, 0.9591026306152344
2.481379987, 0.9521069526672363
2.483319788, 0.95538330078125
2.48536817, 0.9694099426269531
2.487415171, 0.9724197387695312
2.489408728, 0.9627208709716797
2.491475418, 0.9629735946655273
2.49348015, 0.9677810668945312
2.4954882400000002, 0.9694514274597168
2.497552986, 0.9712624549865723
2.499536294, 0.9683294296264648
2.5015801939999998, 0.9605655670166016
2.5035986770000003, 0.9772419929504395
2.5056314520000003, 0.9737324714660645
2.507668297, 0.9775776863098145
2.509679742, 0.9795989990234375
2.511699743, 0.9681334495544434
2.513725419, 0.9724102020263672
2.515762228, 0.9718756675720215
2.517793905, 0.9735808372497559
2.519784296, 0.9722075462341309
2.521829748, 0.9762225151062012
2.523880008, 0.971229076385498
2.525908224, 0.9790873527526855
2.527915712, 0.9770264625549316
2.52992727, 0.9693255424499512
2.5319582069999997, 0.962975025177002
2.53399886, 0.9725737571716309
2.536013857, 0.9739999771118164
2.538025357, 0.9696745872497559
2.540071856, 0.9705667495727539
2.542110817, 0.9633145332336426
2.544112133, 0.9803543090820312
2.546137981, 0.9778037071228027
2.548176974, 0.9704065322875977
2.550176307, 0.9692668914794922
2.552224949, 0.9708132743835449
2.554239774, 0.9691615104675293
2.556277643, 0.9683680534362793
2.558285987, 0.9710702896118164
2.5603190270000002, 0.9715437889099121
2.562391571, 0.9586825370788574
2.5643751249999998, 0.9836082458496094
2.566390627, 0.9808025360107422
2.568527747, 0.9809956550598145
2.570549502, 0.9845695495605469
2.572559589, 0.9738306999206543
2.574588575, 0.9738993644714355
2.576634113, 0.9759669303894043
2.578681414, 0.9738378524780273
2.580906471, 0.9679775238037109
2.582931587, 0.9614338874816895
2.584975615, 0.977381706237793
2.58697636, 0.9738731384277344
2.592622804, 0.9811816215515137
2.594608961, 0.9781475067138672
2.596594016, 0.9713358879089355
2.598633772, 0.971468448638916
2.6006515390000002, 0.9672884941101074
2.602686683, 0.9651503562927246
2.60471671, 0.9705114364624023
2.606714248, 0.9670872688293457
2.608755895, 0.9604902267456055
2.610811251, 0.9620771408081055
2.613335112, 0.9521355628967285
2.616641932, 0.9564604759216309
2.618646511, 0.9590353965759277
2.621009612, 0.9655861854553223
2.62313601, 0.9551711082458496
2.625233471, 0.9684000015258789
2.627303119, 0.966425895690918
2.629382846, 0.9676194190979004
2.631406361, 0.9579691886901855
2.633407459, 0.9589996337890625
2.635495434, 0.9610071182250977
2.637471143, 0.9631552696228027
2.639502497, 0.9611387252807617
2.641619577, 0.9547677040100098
2.643552754, 0.9652366638183594
2.645556315, 0.9711108207702637
2.647602903, 0.9685850143432617
2.649713824, 0.9702653884887695
2.6516395470000003, 0.9670186042785645
2.653695199, 0.9647574424743652
2.655684282, 0.9666671752929688
2.657715167, 0.9624862670898438
2.659746295, 0.9619288444519043
2.661812668, 0.955939769744873
2.663793358, 0.9692683219909668
2.665986945, 0.9688582420349121
2.668008169, 0.9641571044921875
2.670033289, 0.964592456817627
2.672061447, 0.963313102722168
2.674064193, 0.9710884094238281
2.676080019, 0.9726109504699707
2.678115912, 0.9666762351989746
2.680125022, 0.963407039642334
2.682225873, 0.9638495445251465
2.684243702, 0.9726014137268066
2.686242959, 0.9857206344604492
2.688264656, 0.9696383476257324
2.690349302, 0.9777088165283203
2.6923228630000002, 0.9600067138671875
2.694350398, 0.974177360534668
2.696373107, 0.9702968597412109
2.698410078, 0.9693903923034668
2.7004198710000002, 0.9658794403076172
2.702465369, 0.9624691009521484
2.704485813, 0.9764723777770996
2.7065202680000002, 0.9805192947387695
2.708524443, 0.9809956550598145
2.71056413, 0.9825234413146973
2.712585767, 0.966890811920166
2.714604383, 0.9789633750915527
2.716902212, 0.9704513549804688
2.718942717, 0.9682397842407227
2.720982414, 0.966576099395752
2.723083833, 0.9707603454589844
2.725066726, 0.9754743576049805
2.727151609, 0.9730172157287598
2.729159604, 0.9812431335449219
2.731301852, 0.9816265106201172
2.7333273670000002, 0.9706230163574219
2.735348337, 0.9782004356384277
2.737367649, 0.9688763618469238
2.739390358, 0.9698047637939453
2.741398373, 0.964846134185791
2.74343496, 0.9628696441650391
2.745446934, 0.9734115600585938
2.747481053, 0.9671764373779297
2.749540674, 0.9773235321044922
2.751523216, 0.9681310653686523
2.753596844, 0.9672012329101562
2.755587421, 0.9616899490356445
2.757641621, 0.966496467590332
2.759775727, 0.969088077545166
2.761736494, 0.9591083526611328
2.763772249, 0.9673023223876953
2.765787377, 0.966343879699707
2.76778984, 0.9736366271972656
2.7698172, 0.9768009185791016
2.771853268, 0.9685964584350586
2.773876096, 0.9683065414428711
2.775944518, 0.9755263328552246
2.777978627, 0.9702887535095215
2.779956669, 0.9688072204589844
2.781986002, 0.964139461517334
2.7840231859999998, 0.9769248962402344
2.786050179, 0.9744324684143066
2.788048093, 0.9746274948120117
2.79010008, 0.976130485534668
2.792146168, 0.9685978889465332
2.794133167, 0.977292537689209
2.796180502, 0.9754037857055664
2.798245187, 0.9786348342895508
2.8002386230000003, 0.9704484939575195
2.802299924, 0.9657211303710938
2.80428119, 0.9772896766662598
2.806286098, 0.9757552146911621
2.808354838, 0.9709024429321289
2.810360547, 0.9749150276184082
2.8124015140000003, 0.9669594764709473
2.81441543, 0.9669861793518066
2.816417738, 0.9728493690490723
2.818482663, 0.9721846580505371
2.820477673, 0.9573493003845215
2.822495139, 0.9582228660583496
2.8245827329999997, 0.972724437713623
2.82655892, 0.9726676940917969
2.8285920989999997, 0.9615254402160645
2.830607319, 0.9640922546386719
2.8326441239999998, 0.9613494873046875
2.834700769, 0.9579086303710938
2.83669347, 0.9632863998413086
2.83872028, 0.9658856391906738
2.840796362, 0.9489865303039551
2.8427756410000002, 0.9522523880004883
2.84477901, 0.9734673500061035
2.8468011029999998, 0.9785199165344238
2.848851725, 0.9662485122680664
2.850883869, 0.9718132019042969
2.8528967119999997, 0.9640622138977051
2.854907454, 0.9668316841125488
2.85699154, 0.9742465019226074
2.858961383, 0.9655990600585938
2.861025052, 0.9707727432250977
2.863070274, 0.970271110534668
2.865064389, 0.9809341430664062
2.867083699, 0.9836826324462891
2.8691304840000003, 0.9796671867370605
2.871199981, 0.9810700416564941
2.873170119, 0.9697198867797852
2.875197837, 0.9780116081237793
2.87722131, 0.9779348373413086
2.879243142, 0.9815793037414551
2.881319131, 0.972747802734375
2.8833196660000002, 0.9704561233520508
2.88531019, 0.9789457321166992
2.8873771599999998, 0.9782266616821289
2.889409389, 0.9775161743164062
2.89141833, 0.9669861793518066
2.893436866, 0.9761719703674316
2.895520837, 0.9709367752075195
2.897488138, 0.9760046005249023
2.900041654, 0.966153621673584
2.9020173849999997, 0.9613728523254395
2.904063668, 0.969264030456543
2.906075985, 0.9751296043395996
2.90811545, 0.9678726196289062
2.910145498, 0.9794297218322754
2.912161253, 0.9653782844543457
2.9142067320000002, 0.9773530960083008
2.91653653, 0.9675359725952148
2.918215206, 0.9696164131164551
2.9202567200000003, 0.967313289642334
2.922265646, 0.9626889228820801
2.924306133, 0.979034423828125
2.9263483580000003, 0.9747090339660645
2.928347804, 0.9671792984008789
2.930362813, 0.9752707481384277
2.932407275, 0.9690790176391602
2.934450521, 0.9797587394714355
2.936499712, 0.9775323867797852
2.938483993, 0.9695754051208496
2.940550687, 0.972691535949707
2.942536901, 0.9628992080688477
2.94462664, 0.9720644950866699
2.946588869, 0.9771809577941895
2.948680822, 0.977569580078125
2.950662445, 0.9719271659851074
2.9526890679999998, 0.9574222564697266
2.9546995750000002, 0.9674315452575684
2.956704725, 0.9662642478942871
2.9587626460000003, 0.9732627868652344
2.960787903, 0.966184139251709
2.962805813, 0.960850715637207
2.964826867, 0.9768056869506836
2.966874153, 0.9650640487670898
2.968879067, 0.9717068672180176
2.971018051, 0.9634013175964355
2.972931849, 0.9539046287536621
2.974977392, 0.9656915664672852
