0.132492768, 0.4413735866546631
0.134489797, 0.44423747062683105
0.136515372, 0.43271923065185547
0.138549726, 0.43010711669921875
0.140556594, 0.43029165267944336
0.142608947, 0.42974090576171875
0.144629739, 0.44149255752563477
0.146645029, 0.43079280853271484
0.148683576, 0.4300119876861572
0.150712955, 0.43271780014038086
0.153069525, 0.4386904239654541
0.155068154, 0.4331192970275879
0.158395621, 0.4303610324859619
0.16052971, 0.4222862720489502
0.162405993, 0.43425488471984863
0.164516349, 0.444049596786499
0.16648623, 0.4519765377044678
0.168508204, 0.4463462829589844
0.170537438, 0.4542882442474365
0.172597571, 0.4569728374481201
0.174564271, 0.4479234218597412
0.176625302, 0.45505619049072266
0.178626793, 0.45259809494018555
0.181277753, 0.4470067024230957
0.183343823, 0.45653510093688965
0.185270916, 0.4558069705963135
0.187287377, 0.45673322677612305
0.189306141, 0.4483475685119629
0.191843097, 0.46158409118652344
0.193863725, 0.4498624801635742
0.195892529, 0.4408378601074219
0.197966714, 0.43343329429626465
0.199967313, 0.42699456214904785
0.201947562, 0.4216785430908203
0.203983398, 0.43503379821777344
0.206003483, 0.4465947151184082
0.208024634, 0.4348883628845215
0.210065969, 0.43596887588500977
0.212072215, 0.43206191062927246
0.214133533, 0.43105196952819824
0.216199073, 0.44188404083251953
0.218194408, 0.42835164070129395
0.220170097, 0.4266176223754883
0.222225844, 0.43167948722839355
0.224237708, 0.4506564140319824
0.226258682, 0.45168519020080566
0.228327175, 0.4406864643096924
0.230313341, 0.4327263832092285
0.23235698, 0.44029951095581055
0.234362273, 0.4432203769683838
0.236397009, 0.4476277828216553
0.238409679, 0.4348139762878418
0.240431946, 0.4298861026763916
0.242482833, 0.43799257278442383
0.24448707, 0.4496011734008789
0.246520285, 0.46196484565734863
0.248540928, 0.46270084381103516
0.250552172, 0.4468703269958496
0.252618529, 0.45248937606811523
0.254615358, 0.4501032829284668
0.256642889, 0.4495556354522705
0.25867735, 0.4469184875488281
0.260696663, 0.43316006660461426
0.26273817, 0.4393777847290039
0.264765049, 0.44902515411376953
0.266823003, 0.4529836177825928
0.268825244, 0.4458799362182617
0.270841232, 0.43899035453796387
0.273019388, 0.44738149642944336
0.275073045, 0.43899989128112793
0.277145425, 0.4304780960083008
0.279169443, 0.4275326728820801
0.28124662, 0.42611122131347656
0.283247148, 0.42525506019592285
0.285292, 0.4427769184112549
0.287317513, 0.4336085319519043
0.28931709, 0.4370994567871094
0.291355389, 0.44254136085510254
0.293420877, 0.4425652027130127
0.295398758, 0.4304966926574707
0.297452917, 0.42569518089294434
0.299479393, 0.441805362701416
0.30149277, 0.43511152267456055
0.303517533, 0.43892955780029297
0.305552142, 0.4538564682006836
0.307656002, 0.44770097732543945
0.309599102, 0.4477994441986084
0.311635978, 0.45221614837646484
0.313648646, 0.44359874725341797
0.315668478, 0.44671058654785156
0.317730637, 0.434145450592041
0.320160526, 0.43850135803222656
0.322114114, 0.4423401355743408
0.324140265, 0.44532227516174316
0.326197128, 0.45694470405578613
0.328400192, 0.45793914794921875
0.331917668, 0.4670693874359131
0.333939765, 0.45078325271606445
0.335939636, 0.44998788833618164
0.337957042, 0.4554779529571533
0.340010985, 0.4483211040496826
0.342019642, 0.4432504177093506
0.344041121, 0.4528629779815674
0.346071087, 0.464404821395874
0.348086417, 0.4537973403930664
0.350120299, 0.45743584632873535
0.35214495, 0.45427846908569336
0.35416278, 0.4435389041900635
0.356202825, 0.4444587230682373
0.358229224, 0.44698214530944824
0.360236739, 0.4354109764099121
0.362262204, 0.44412803649902344
0.364299037, 0.44953179359436035
0.366369891, 0.45256495475769043
0.36837589, 0.4386885166168213
0.370378134, 0.443742036819458
0.372401646, 0.44670844078063965
0.374422947, 0.42923760414123535
0.376443674, 0.4394381046295166
0.378505045, 0.44181036949157715
0.380619192, 0.43245577812194824
0.382529296, 0.4400668144226074
0.384597023, 0.43882322311401367
0.386582024, 0.4507460594177246
0.388603107, 0.451977014541626
0.391545555, 0.44364309310913086
0.392650482, 0.44123125076293945
0.394674355, 0.4340322017669678
0.396730858, 0.43874359130859375
0.398731494, 0.43760132789611816
0.400775621, 0.434039831161499
0.402816822, 0.43207406997680664
0.404834976, 0.4378046989440918
0.406847808, 0.4529738426208496
0.408874236, 0.4531838893890381
0.411232279, 0.45348691940307617
0.413174197, 0.4405374526977539
0.415260187, 0.44100403785705566
0.417249171, 0.4386789798736572
0.419274425, 0.4371156692504883
0.421279447, 0.4334394931793213
0.423299616, 0.433349609375
0.425338793, 0.44690871238708496
0.427353697, 0.44862985610961914
0.429697256, 0.44522690773010254
0.431690278, 0.44326043128967285
0.433700095, 0.4353299140930176
0.435749905, 0.43328261375427246
0.437745112, 0.419236421585083
0.440176153, 0.41438794136047363
0.442241602, 0.4294319152832031
0.444243855, 0.42557334899902344
0.446268194, 0.43334150314331055
0.448308123, 0.4341878890991211
0.450382709, 0.43221330642700195
0.452339573, 0.4361865520477295
0.454367781, 0.43483853340148926
0.456392255, 0.428403377532959
0.458439111, 0.4341285228729248
0.460444244, 0.4301764965057373
0.462870414, 0.43442368507385254
0.464898839, 0.4535713195800781
0.466914671, 0.4488792419433594
0.468957793, 0.459331750869751
0.470970651, 0.4493448734283447
0.473000905, 0.4511847496032715
0.475040771, 0.44343137741088867
0.477077491, 0.4468655586242676
0.479109206, 0.45511722564697266
0.481101626, 0.44817161560058594
0.48313811, 0.44930529594421387
0.485149554, 0.46693897247314453
0.487176561, 0.4580063819885254
0.489229857, 0.46236491203308105
0.491292259, 0.4546823501586914
0.493272534, 0.44971346855163574
0.497267094, 0.4446699619293213
0.49927976, 0.44663214683532715
0.501317635, 0.43730950355529785
0.50341987, 0.44002509117126465
0.505370436, 0.44716787338256836
0.507457283, 0.44915246963500977
0.509404764, 0.43752050399780273
0.511475462, 0.44389867782592773
0.513457171, 0.4285914897918701
0.51547736, 0.4336836338043213
0.517516827, 0.4254755973815918
0.526683268, 0.4428985118865967
0.528752665, 0.4445457458496094
0.530712651, 0.4533543586730957
0.532758012, 0.45326757431030273
0.534814888, 0.4451026916503906
0.536786735, 0.4547576904296875
0.538835619, 0.45560526847839355
0.54090317, 0.45854878425598145
0.543072256, 0.45810770988464355
0.545030604, 0.46899938583374023
0.54705969, 0.4649662971496582
0.549070691, 0.47151708602905273
0.551086152, 0.4675407409667969
0.553279382, 0.4561600685119629
0.55524316, 0.4476625919342041
0.557394228, 0.4344823360443115
0.559708021, 0.4386868476867676
0.562405896, 0.43361759185791016
0.564427216, 0.44336414337158203
0.566468193, 0.4409945011138916
0.568497788, 0.4317014217376709
0.570516225, 0.42720794677734375
0.572613671, 0.4421541690826416
0.574620979, 0.4332098960876465
0.576674715, 0.42788243293762207
0.578695986, 0.4290781021118164
0.580758684, 0.42223095893859863
0.582878149, 0.4274442195892334
0.584937089, 0.43972253799438477
0.586932509, 0.43894505500793457
0.588928547, 0.44070935249328613
0.591040421, 0.45024633407592773
0.593610934, 0.44454336166381836
0.595649956, 0.44434022903442383
0.597649716, 0.43672919273376465
0.59968647, 0.43479132652282715
0.601715464, 0.44307780265808105
0.603865634, 0.44321632385253906
0.605992982, 0.452944278717041
0.608019225, 0.4477682113647461
0.610072079, 0.44618725776672363
0.612137861, 0.447981595993042
0.614230106, 0.4451937675476074
0.616382727, 0.4417238235473633
0.61937613, 0.4468100070953369
0.622420049, 0.44074106216430664
0.624425888, 0.4564473628997803
0.626456198, 0.45809268951416016
0.629981381, 0.4493403434753418
0.632113509, 0.4543583393096924
0.63420823, 0.4482700824737549
0.636179802, 0.4456334114074707
0.638245427, 0.4422745704650879
0.640336248, 0.4324922561645508
0.642344505, 0.431720495223999
0.644336374, 0.4525790214538574
0.64637922, 0.4516456127166748
0.650952771, 0.4492073059082031
0.652978248, 0.4479684829711914
0.654990511, 0.4441063404083252
0.657010363, 0.44212937355041504
0.65909867, 0.44082045555114746
0.661748793, 0.43206024169921875
0.663770436, 0.4408385753631592
0.665830794, 0.451657772064209
0.667833244, 0.45066046714782715
0.669953248, 0.4408130645751953
0.671976521, 0.44617342948913574
0.674048502, 0.4330475330352783
0.676138766, 0.43857574462890625
0.678159601, 0.43506288528442383
0.680689187, 0.422407865524292
0.682717328, 0.4371604919433594
0.684727778, 0.451080322265625
0.686805049, 0.4526181221008301
0.688835382, 0.4472382068634033
0.690836968, 0.44086313247680664
0.692924374, 0.45577239990234375
0.694943122, 0.4509134292602539
0.696948987, 0.4427628517150879
0.698982341, 0.44539761543273926
0.701030533, 0.44086599349975586
0.703040671, 0.4467813968658447
0.705060556, 0.4625861644744873
0.707078079, 0.45295238494873047
0.709085517, 0.4579660892486572
0.711132859, 0.45558595657348633
0.713163124, 0.45131444931030273
0.715175077, 0.4475555419921875
0.717201026, 0.4445347785949707
0.719222581, 0.44300055503845215
0.721286054, 0.4355471134185791
0.723930398, 0.44910383224487305
0.725946612, 0.4560434818267822
0.728009342, 0.44443464279174805
0.730029512, 0.4376943111419678
0.732048962, 0.44352030754089355
0.734052304, 0.4436328411102295
0.736080523, 0.44208836555480957
0.738120153, 0.4347665309906006
0.74015864, 0.43526601791381836
0.742165626, 0.4320404529571533
0.744272787, 0.43320655822753906
0.746229629, 0.4383556842803955
0.748241481, 0.4411904811859131
0.750262733, 0.43735384941101074
0.752290887, 0.4450829029083252
0.754299255, 0.4361391067504883
0.756374436, 0.4431586265563965
0.758382862, 0.43299269676208496
0.7604081, 0.42882418632507324
0.762436899, 0.4351329803466797
0.764445082, 0.44598984718322754
0.76648441, 0.4565877914428711
0.768519492, 0.45300984382629395
0.770655724, 0.4479811191558838
0.7726605, 0.45359134674072266
0.774648439, 0.4405696392059326
0.776691527, 0.44701695442199707
0.778702914, 0.4514753818511963
0.780729173, 0.4479029178619385
0.782744681, 0.45151400566101074
0.784770063, 0.4655313491821289
0.786801767, 0.4651792049407959
0.788833073, 0.4629404544830322
0.790880924, 0.4653034210205078
0.792898133, 0.4538092613220215
0.79490251, 0.447070837020874
0.79693046, 0.43741822242736816
0.800067968, 0.4386615753173828
0.80208449, 0.43010473251342773
0.804108674, 0.43000340461730957
0.806141267, 0.4380180835723877
0.808144675, 0.43747925758361816
0.810172824, 0.42893266677856445
0.81223739, 0.43681931495666504
0.814262061, 0.43568921089172363
0.816260211, 0.4281795024871826
0.818332577, 0.4277384281158447
0.820464846, 0.42972660064697266
0.82244161, 0.4241139888763428
0.824444829, 0.4345262050628662
0.826481587, 0.4502084255218506
0.82849941, 0.44719862937927246
0.830585734, 0.44794273376464844
0.832765392, 0.45049309730529785
0.835201787, 0.44597506523132324
0.837249286, 0.45305609703063965
0.83933755, 0.4515852928161621
0.841535661, 0.44995689392089844
0.843496893, 0.4533984661102295
0.845547257, 0.46190977096557617
0.847550405, 0.4562098979949951
0.849589176, 0.45956850051879883
0.851586943, 0.45624589920043945
0.853608446, 0.44516611099243164
0.855686461, 0.4486968517303467
0.857661754, 0.4434962272644043
0.859700501, 0.43638134002685547
0.861738286, 0.4318349361419678
0.863741858, 0.44104671478271484
0.865786493, 0.4537832736968994
0.867802938, 0.44436073303222656
0.869865586, 0.43877363204956055
0.871915938, 0.43622517585754395
0.873928193, 0.4375581741333008
0.875968059, 0.43273377418518066
0.877996801, 0.4365527629852295
0.880039494, 0.4320056438446045
0.882630375, 0.4353675842285156
0.88466408, 0.4397921562194824
0.886686688, 0.4455132484436035
0.888697564, 0.43737196922302246
0.890765245, 0.4405028820037842
0.892778954, 0.44365477561950684
0.894812014, 0.4428079128265381
0.896915437, 0.43895936012268066
0.898833617, 0.4388394355773926
0.900885607, 0.44285106658935547
0.902902299, 0.44479870796203613
0.904930355, 0.45255374908447266
0.906948541, 0.4520998001098633
0.908997957, 0.4471864700317383
0.911024123, 0.45185256004333496
0.913027725, 0.4543144702911377
0.915046954, 0.4477372169494629
0.917063579, 0.43966221809387207
0.919090607, 0.44168758392333984
0.921146981, 0.4376561641693115
0.923818681, 0.4369485378265381
0.925760763, 0.4485812187194824
0.927797772, 0.44802284240722656
0.929812214, 0.4453451633453369
0.931821997, 0.4430122375488281
0.933855056, 0.43070125579833984
0.935884796, 0.43550896644592285
0.937911931, 0.4350130558013916
0.940300524, 0.4297187328338623
0.942315458, 0.42473387718200684
0.944341888, 0.43369626998901367
0.946391861, 0.4415910243988037
0.94857968, 0.44263458251953125
0.950582978, 0.4353806972503662
0.952602315, 0.4407694339752197
0.954615001, 0.4410099983215332
0.956657635, 0.4389498233795166
0.958665002, 0.43832874298095703
0.960985087, 0.4300508499145508
0.962928001, 0.4364349842071533
0.964950474, 0.45078420639038086
0.966966851, 0.43859148025512695
0.968994922, 0.43970680236816406
0.971382323, 0.45012402534484863
0.973398164, 0.4434487819671631
0.975416333, 0.43794918060302734
0.977454543, 0.43616724014282227
0.979486669, 0.4360010623931885
0.982110986, 0.43859291076660156
0.984119498, 0.4490177631378174
0.986147322, 0.4605216979980469
0.988212682, 0.45322465896606445
0.990211986, 0.4586060047149658
0.992246114, 0.4563326835632324
0.994256881, 0.44593334197998047
0.996390704, 0.44815945625305176
0.998313102, 0.4466400146484375
1.000350121, 0.442518949508667
1.002480447, 0.4407522678375244
1.004568952, 0.44979047775268555
1.006533802, 0.4516308307647705
1.008566475, 0.4527864456176758
1.010589546, 0.44661879539489746
1.012642011, 0.4475240707397461
1.014662287, 0.4421865940093994
1.016660748, 0.4443984031677246
1.018676659, 0.4393467903137207
1.020736496, 0.4291410446166992
1.02277511, 0.43894171714782715
1.024766377, 0.4514889717102051
1.02680247, 0.45088744163513184
1.028803884, 0.45554494857788086
1.030852457, 0.44692182540893555
1.032870596, 0.4434785842895508
1.03491499, 0.44422173500061035
1.036943024, 0.44573020935058594
1.039064754, 0.43506956100463867
1.041084237, 0.43358778953552246
1.043094493, 0.44051074981689453
1.0451117, 0.4448893070220947
1.047164682, 0.4471747875213623
1.049145679, 0.43746376037597656
1.051202405, 0.44163942337036133
1.053214203, 0.4319632053375244
1.055240962, 0.4400327205657959
1.05731108, 0.4283144474029541
1.059405209, 0.4319608211517334
1.061400351, 0.4309251308441162
1.063459393, 0.4399538040161133
1.06544813, 0.4515805244445801
1.067461071, 0.45658183097839355
1.069543821, 0.4477834701538086
1.071553964, 0.45051026344299316
1.07359407, 0.443469762802124
1.075639177, 0.4498922824859619
1.077683634, 0.43732714653015137
1.079697583, 0.4409921169281006
1.081725959, 0.4460444450378418
1.083747013, 0.4452085494995117
1.085757453, 0.46375560760498047
1.087883265, 0.44943761825561523
1.090129153, 0.4416332244873047
1.092161568, 0.4510762691497803
1.094926299, 0.444195032119751
1.097231324, 0.4384589195251465
1.099817369, 0.43149495124816895
1.101843707, 0.42194247245788574
1.103870609, 0.43497610092163086
1.105932714, 0.4407236576080322
1.107943589, 0.4391345977783203
1.109962408, 0.4323728084564209
1.111969797, 0.4451298713684082
1.114012418, 0.432422399520874
1.116047891, 0.4369072914123535
1.118093411, 0.43733835220336914
1.120828289, 0.4325070381164551
1.123058635, 0.4355800151824951
1.125108366, 0.4455220699310303
1.12711744, 0.450329065322876
1.129168129, 0.4533815383911133
1.131179383, 0.4436018466949463
1.133200746, 0.4407024383544922
1.135220883, 0.4531741142272949
1.137273196, 0.4555633068084717
1.139252124, 0.45891857147216797
1.141452069, 0.44566988945007324
1.14339965, 0.4477090835571289
1.145407972, 0.47174072265625
1.147448569, 0.47131896018981934
1.149461707, 0.4559328556060791
1.151489599, 0.45879459381103516
1.153537306, 0.4520852565765381
1.155558324, 0.45694684982299805
1.15757045, 0.44916272163391113
1.159602477, 0.44658517837524414
1.161638387, 0.4376535415649414
1.163687911, 0.44196128845214844
1.165712026, 0.4550461769104004
1.167718389, 0.4385206699371338
1.169745143, 0.430631160736084
1.171768844, 0.4378523826599121
1.173784836, 0.42041778564453125
1.175839946, 0.4369800090789795
1.177834028, 0.42850637435913086
1.179872769, 0.4210817813873291
1.1818793730000001, 0.41867947578430176
1.1839350849999999, 0.4261636734008789
1.185939789, 0.4526083469390869
1.188021857, 0.4410722255706787
1.189978781, 0.44402599334716797
1.19201168, 0.45067834854125977
1.194072418, 0.4377295970916748
1.19607815, 0.4459042549133301
1.19813233, 0.4451301097869873
1.200123067, 0.43041539192199707
1.202168752, 0.4371330738067627
1.204198601, 0.4569430351257324
1.206229744, 0.46733689308166504
1.208230175, 0.4636538028717041
1.210259024, 0.45115160942077637
1.212270958, 0.4518413543701172
1.214307032, 0.44568705558776855
1.218303386, 0.44066786766052246
1.21875149, 0.43555617332458496
1.220764416, 0.43282485008239746
1.222836005, 0.43201231956481934
1.224834268, 0.4393341541290283
1.226858349, 0.4429142475128174
1.22891173, 0.4430689811706543
1.230977366, 0.4421510696411133
1.233575335, 0.427659273147583
1.235602173, 0.4328501224517822
1.23766574, 0.43001222610473633
1.239839182, 0.43275952339172363
1.24179755, 0.42593932151794434
1.24386592, 0.4238567352294922
1.245855019, 0.4459266662597656
1.247862609, 0.4416344165802002
1.249889467, 0.4354286193847656
1.251947168, 0.4373636245727539
1.253980084, 0.434889554977417
1.255969092, 0.4349992275238037
1.260266944, 0.439056396484375
1.262101249, 0.43769335746765137
1.264130739, 0.4503977298736572
1.26620298, 0.46056222915649414
1.2682417, 0.46536874771118164
1.270278445, 0.4561493396759033
1.272864653, 0.4636828899383545
1.275254794, 0.45752406120300293
1.277260879, 0.4503347873687744
1.279248338, 0.4515852928161621
1.281277109, 0.4486820697784424
1.283331295, 0.44444870948791504
1.285319565, 0.46085691452026367
1.28738668, 0.45003366470336914
1.28942394, 0.45508289337158203
1.291426483, 0.4553258419036865
1.293437005, 0.44484519958496094
1.29546713, 0.4356110095977783
1.297793686, 0.43433141708374023
1.2998061810000001, 0.43167901039123535
1.301836225, 0.42830848693847656
1.303838921, 0.433197021484375
1.305919714, 0.44232678413391113
1.3079173339999999, 0.43720555305480957
1.309933933, 0.43425631523132324
1.31197824, 0.4393424987792969
1.31398417, 0.4303734302520752
1.316001112, 0.4322237968444824
1.3180283990000001, 0.4360988140106201
1.320068145, 0.4360537528991699
1.322079187, 0.42275238037109375
1.324156304, 0.43468785285949707
1.326134511, 0.4501800537109375
1.328240787, 0.4450860023498535
1.330264936, 0.4384951591491699
1.332695048, 0.44802427291870117
1.3348982280000001, 0.4441816806793213
1.337141258, 0.4403958320617676
1.33913819, 0.445920467376709
1.34121625, 0.43879151344299316
1.343220928, 0.44112133979797363
1.345230878, 0.4629786014556885
1.347244739, 0.45537400245666504
1.349382594, 0.45112156867980957
1.351428128, 0.46221208572387695
1.353485168, 0.45507359504699707
1.355511272, 0.4486360549926758
1.357526731, 0.43730688095092773
1.3595824890000001, 0.4413750171661377
1.361592661, 0.43761157989501953
1.363607034, 0.4436318874359131
1.365704621, 0.45813632011413574
1.367671753, 0.4413764476776123
1.3697078999999999, 0.44103550910949707
1.371752211, 0.4514763355255127
1.3737773899999999, 0.43950867652893066
1.375779712, 0.4348635673522949
1.377833871, 0.43106985092163086
1.380011227, 0.43352556228637695
1.382086626, 0.4330167770385742
1.384068975, 0.44038891792297363
1.386092837, 0.4500446319580078
1.3881364, 0.4429740905761719
1.390160608, 0.4444715976715088
1.392163618, 0.44378089904785156
1.394193796, 0.44026970863342285
1.396285138, 0.43982362747192383
1.398273557, 0.4376227855682373
1.400529316, 0.42754054069519043
1.402548596, 0.44220948219299316
1.404594999, 0.44103074073791504
1.406676144, 0.4433753490447998
1.408863091, 0.4414675235748291
1.41103271, 0.4372994899749756
1.413103808, 0.42969417572021484
1.415127287, 0.427506685256958
1.417170138, 0.42667293548583984
1.419165293, 0.4310472011566162
1.421208943, 0.4299356937408447
1.423241924, 0.429673433303833
1.4252529649999999, 0.44168877601623535
1.4273215719999999, 0.4542825222015381
1.4293325590000001, 0.4434947967529297
1.43147809, 0.4472649097442627
1.433493347, 0.4484126567840576
1.435504491, 0.4456150531768799
1.437552881, 0.44225573539733887
1.44248187, 0.4386332035064697
1.444579856, 0.45685362815856934
1.446621232, 0.4604191780090332
1.448708641, 0.4539794921875
1.450988991, 0.45717811584472656
1.452890044, 0.4581797122955322
1.4549302370000001, 0.45056819915771484
1.456985311, 0.4531385898590088
1.459069586, 0.4540233612060547
1.4610454019999999, 0.44368505477905273
1.46309148, 0.4499971866607666
1.465087269, 0.4532475471496582
1.467119326, 0.45046329498291016
1.469156542, 0.4537045955657959
1.471202713, 0.44608044624328613
1.473217665, 0.43786096572875977
1.475224858, 0.44335460662841797
1.477267629, 0.4367234706878662
1.479320125, 0.43440842628479004
1.481344599, 0.4378805160522461
1.483397701, 0.4427471160888672
1.4853890889999999, 0.4534430503845215
1.487428322, 0.45406222343444824
1.489468561, 0.4532129764556885
1.491486901, 0.4444465637207031
1.4934978270000001, 0.4399251937866211
1.495551729, 0.4446098804473877
1.497545339, 0.4472501277923584
1.499567663, 0.4462320804595947
1.5016219, 0.44756078720092773
1.50363052, 0.4490518569946289
1.5067962590000001, 0.45853567123413086
1.508931496, 0.4644303321838379
1.5109868309999999, 0.46866726875305176
1.512988708, 0.46252918243408203
1.515032867, 0.4665679931640625
1.517052232, 0.4630610942840576
1.519108782, 0.4626169204711914
1.521204836, 0.45340800285339355
1.5231315429999999, 0.45675063133239746
1.52514237, 0.46503591537475586
1.527222152, 0.4567270278930664
1.529196932, 0.453538179397583
1.532513082, 0.45322585105895996
1.5344886770000001, 0.44997334480285645
1.536526958, 0.44058752059936523
1.538536012, 0.4255716800689697
1.540782084, 0.42453789710998535
1.542653256, 0.435286283493042
1.544684398, 0.4311532974243164
1.546707853, 0.42961907386779785
1.548788614, 0.4287991523742676
1.55075119, 0.4384431838989258
1.5527805639999999, 0.43939685821533203
1.554813932, 0.43224596977233887
1.556899502, 0.4296846389770508
1.558874622, 0.4386286735534668
1.560889913, 0.4299924373626709
1.5629833, 0.4341762065887451
1.564967308, 0.4510798454284668
1.566998313, 0.4523003101348877
1.569008224, 0.44594740867614746
1.571641288, 0.45127129554748535
1.573649045, 0.4422919750213623
1.575677515, 0.44504594802856445
1.577679509, 0.44028210639953613
1.579702597, 0.44684457778930664
1.581739113, 0.44559216499328613
1.583771944, 0.4488351345062256
1.5857917750000001, 0.4611949920654297
1.587828784, 0.45664334297180176
1.589849622, 0.45122742652893066
1.59187061, 0.44743990898132324
1.593874489, 0.4404942989349365
1.595929443, 0.43663477897644043
1.600511209, 0.4444584846496582
1.602507432, 0.4334590435028076
1.6045164509999998, 0.44666576385498047
1.6065541250000002, 0.4525599479675293
1.608576288, 0.44908857345581055
1.610583189, 0.43479084968566895
1.6126430699999998, 0.43939661979675293
1.614653825, 0.4390285015106201
1.618041227, 0.4338963031768799
1.620928958, 0.4327068328857422
1.6231139890000001, 0.4307386875152588
1.627407202, 0.45268988609313965
1.629430318, 0.4522724151611328
1.6314627480000001, 0.452653169631958
1.6334845439999999, 0.4462776184082031
1.635522468, 0.4471883773803711
1.637545263, 0.44100165367126465
1.639655791, 0.44426655769348145
1.6416503439999999, 0.4518623352050781
1.6436460309999998, 0.4557185173034668
1.64572685, 0.46036267280578613
1.6477616579999999, 0.4548041820526123
1.649729167, 0.46022748947143555
1.651759519, 0.4559011459350586
1.653779032, 0.454085111618042
1.6558010680000002, 0.4423563480377197
1.657836553, 0.44328927993774414
1.661121075, 0.45302700996398926
1.663283281, 0.4453408718109131
1.6653293219999998, 0.46499085426330566
1.6673431619999999, 0.435070276260376
1.6693678859999999, 0.44759678840637207
1.6714171370000002, 0.45690488815307617
1.673408084, 0.4417703151702881
1.675496229, 0.4440922737121582
1.677498875, 0.4411623477935791
1.679548659, 0.44205808639526367
1.681538046, 0.43646836280822754
1.683555434, 0.4463675022125244
1.6855750710000001, 0.4566175937652588
1.6875967859999998, 0.44479799270629883
1.68963526, 0.44667673110961914
1.691662057, 0.44387125968933105
1.6937237920000001, 0.4337325096130371
1.695730314, 0.4351344108581543
1.697738621, 0.4264359474182129
1.699859397, 0.4285311698913574
1.701875992, 0.43215036392211914
1.703952067, 0.42647218704223633
1.705952909, 0.44191598892211914
1.707976315, 0.44400596618652344
1.710037859, 0.4428439140319824
1.712036779, 0.44779205322265625
1.714056064, 0.4427158832550049
1.716116062, 0.441089391708374
1.7181191550000001, 0.4423844814300537
1.720174952, 0.4443192481994629
1.722197801, 0.44046735763549805
1.724197462, 0.44512486457824707
1.726213269, 0.4518265724182129
1.728239053, 0.4496767520904541
1.730246789, 0.44879722595214844
1.732299937, 0.45046377182006836
1.734363517, 0.44025659561157227
1.736368747, 0.4389350414276123
1.73834956, 0.4351236820220947
1.7403850429999999, 0.43051576614379883
1.742438492, 0.43654394149780273
1.744439764, 0.44158291816711426
1.746454404, 0.4444770812988281
1.74850758, 0.44768667221069336
1.7505105570000001, 0.4407680034637451
1.752556124, 0.44735026359558105
1.754620608, 0.43497514724731445
1.7565881239999999, 0.4374699592590332
1.7586232160000002, 0.44004011154174805
1.761511708, 0.4365208148956299
1.763454135, 0.4382178783416748
1.765489527, 0.45355892181396484
1.767538727, 0.44699835777282715
1.7695310279999998, 0.449383020401001
1.771573275, 0.447237491607666
1.773632109, 0.4463329315185547
1.7756516549999999, 0.4465150833129883
1.777904777, 0.42637157440185547
1.779970024, 0.4247100353240967
1.782040748, 0.4344019889831543
1.784087787, 0.43914151191711426
1.786097617, 0.44986867904663086
1.7881026800000002, 0.44409704208374023
1.790162705, 0.4414834976196289
1.792144401, 0.4543898105621338
1.794176947, 0.43943119049072266
1.7962004089999999, 0.4463083744049072
1.798223797, 0.4447364807128906
1.8002354139999999, 0.4486265182495117
1.802281726, 0.45087623596191406
1.804287611, 0.4562814235687256
1.806842519, 0.47028446197509766
1.808874205, 0.46923279762268066
1.810906531, 0.4610919952392578
1.8130606070000002, 0.4570808410644531
1.816969903, 0.45673561096191406
1.819273009, 0.4491727352142334
1.8213776689999999, 0.4428853988647461
1.823375881, 0.44472551345825195
1.8254607360000001, 0.4590170383453369
1.8274766649999998, 0.4519505500793457
1.829596584, 0.4551510810852051
1.831522526, 0.44626498222351074
1.8335415290000001, 0.4369211196899414
1.836015172, 0.43364858627319336
1.840284761, 0.42661333084106445
1.84226263, 0.4335756301879883
1.844294951, 0.4446589946746826
1.8463116689999999, 0.44074177742004395
1.848342218, 0.4290952682495117
1.850375479, 0.4449753761291504
1.852506931, 0.44022583961486816
1.854628562, 0.4366738796234131
1.8566708699999999, 0.43532419204711914
1.8587495600000001, 0.44431304931640625
1.8607712250000001, 0.43517303466796875
1.8627779800000002, 0.4401099681854248
1.86482465, 0.4541182518005371
1.866860839, 0.45616722106933594
1.868860827, 0.4590723514556885
1.871011929, 0.45403099060058594
1.8730429690000001, 0.4549248218536377
1.875038414, 0.4490535259246826
1.877068687, 0.44889068603515625
1.879108397, 0.44969940185546875
1.8811326099999999, 0.4502565860748291
1.883197281, 0.44806337356567383
1.885172752, 0.4538154602050781
1.8872724010000002, 0.4581117630004883
1.889273835, 0.46497011184692383
1.891253577, 0.4501020908355713
1.893270937, 0.4418768882751465
1.895292234, 0.44030237197875977
1.897381733, 0.43276166915893555
1.8997215189999999, 0.4286508560180664
1.90144525, 0.429229736328125
1.9034855240000002, 0.4180583953857422
1.905517208, 0.43329524993896484
1.907544237, 0.4334747791290283
1.909552711, 0.43290114402770996
1.9115994299999999, 0.4322531223297119
1.913603523, 0.42414116859436035
1.91562909, 0.42662978172302246
1.9176717989999998, 0.42142152786254883
1.920949046, 0.43179774284362793
1.923035251, 0.42872071266174316
1.925032609, 0.4489912986755371
1.927059307, 0.4359738826751709
1.9290823480000001, 0.44384336471557617
1.9310835929999999, 0.4496951103210449
1.93310786, 0.43599891662597656
1.935131081, 0.4419059753417969
1.937181491, 0.438323974609375
1.939288215, 0.44251465797424316
1.941246319, 0.44273972511291504
1.943295826, 0.44763803482055664
1.9452998639999999, 0.4600334167480469
1.947348095, 0.44661879539489746
1.949363287, 0.4570739269256592
1.951377108, 0.45790696144104004
1.9533956479999999, 0.4391160011291504
1.955440152, 0.44016408920288086
1.957449513, 0.436368465423584
1.959540158, 0.43843960762023926
1.9615200000000002, 0.44088196754455566
1.963513584, 0.4431290626525879
1.965572895, 0.45725131034851074
1.967585087, 0.4477384090423584
1.969598851, 0.4472792148590088
1.971653367, 0.44883036613464355
1.973679755, 0.4346320629119873
1.975772295, 0.4417862892150879
1.977937473, 0.4216287136077881
1.979926035, 0.42850160598754883
1.981944893, 0.43326854705810547
1.983969733, 0.43958163261413574
1.986062981, 0.4403386116027832
1.9880265719999999, 0.444000244140625
1.990074253, 0.44072484970092773
1.992075821, 0.45101332664489746
1.994127604, 0.438892126083374
1.99613186, 0.4421427249908447
1.9981748160000001, 0.44410157203674316
2.000205628, 0.4411478042602539
2.002241097, 0.4473252296447754
2.004263549, 0.44551563262939453
2.006261306, 0.46834421157836914
2.008299719, 0.46744823455810547
2.010313126, 0.4535505771636963
2.012334223, 0.45914483070373535
2.014377449, 0.45171618461608887
2.016385053, 0.4662454128265381
2.018418169, 0.45497918128967285
2.020819299, 0.44252562522888184
2.022773344, 0.44377851486206055
2.024803733, 0.4527294635772705
2.026859973, 0.4541645050048828
2.028882555, 0.44280099868774414
2.030954233, 0.44596052169799805
2.03292617, 0.44856715202331543
2.034964232, 0.44359803199768066
2.03698481, 0.4322173595428467
2.039034922, 0.4342193603515625
2.041014321, 0.43358325958251953
2.04305346, 0.4275527000427246
2.045071712, 0.44817256927490234
2.047094479, 0.44358229637145996
2.04911889, 0.4441041946411133
2.051166204, 0.43824172019958496
2.053207954, 0.44037914276123047
2.055206032, 0.43621134757995605
2.057281472, 0.42735767364501953
2.059251494, 0.4292483329772949
2.0612937159999998, 0.4214777946472168
2.063342325, 0.4325218200683594
2.065372105, 0.44777870178222656
2.067373393, 0.43915581703186035
2.069422203, 0.4278738498687744
2.071422002, 0.44208574295043945
2.073525981, 0.43293023109436035
2.075493023, 0.43338656425476074
2.07814562, 0.4407031536102295
2.080361768, 0.44136524200439453
2.082249608, 0.439298152923584
2.084287014, 0.43360280990600586
2.086294135, 0.45303821563720703
2.088331367, 0.4563722610473633
2.090408191, 0.4463663101196289
2.092378682, 0.4589571952819824
2.094394048, 0.45282888412475586
2.09642121, 0.44818735122680664
2.098451384, 0.444988489151001
2.10051091, 0.4406108856201172
2.102525715, 0.4349634647369385
2.10455545, 0.4479095935821533
2.106552302, 0.4604930877685547
2.108590297, 0.4541442394256592
2.110625433, 0.44904112815856934
2.112624838, 0.44490933418273926
2.11466035, 0.4388566017150879
2.116674457, 0.43905162811279297
2.118722778, 0.4397008419036865
2.120721795, 0.43305349349975586
2.122758765, 0.42630887031555176
2.124813474, 0.4427461624145508
2.126809116, 0.44332170486450195
2.128842617, 0.4481089115142822
2.130889333, 0.447385311126709
2.132879175, 0.44370293617248535
2.134918907, 0.4305434226989746
2.136978388, 0.43801259994506836
2.139092928, 0.4411637783050537
2.141044223, 0.4320991039276123
2.14304836, 0.4378530979156494
2.145079761, 0.45017170906066895
2.147098888, 0.4491558074951172
2.149159892, 0.43960118293762207
