0.324567957, 0.18244314193725586
0.326604266, 0.18824386596679688
0.328668638, 0.18767404556274414
0.33064672, 0.18343448638916016
0.332678349, 0.19419455528259277
0.334701588, 0.1773700714111328
0.336776781, 0.18065309524536133
0.3397127, 0.16514849662780762
0.341735049, 0.17256832122802734
0.34396373, 0.16227340698242188
0.345940664, 0.1739640235900879
0.34796308, 0.17074918746948242
0.350007108, 0.1674938201904297
0.352041144, 0.18012475967407227
0.354032544, 0.14785385131835938
0.356073782, 0.15322017669677734
0.35810538, 0.16022562980651855
0.360139343, 0.15374398231506348
0.362152577, 0.16048955917358398
0.3641714, 0.15842580795288086
0.366244949, 0.1774883270263672
0.368251782, 0.1725764274597168
0.370255236, 0.17413806915283203
0.372383029, 0.18622946739196777
0.37443127, 0.16924214363098145
0.376457879, 0.17723608016967773
0.378538718, 0.1864926815032959
0.380458503, 0.1725165843963623
0.382483975, 0.17915892601013184
0.384567573, 0.19216060638427734
0.386532223, 0.19308924674987793
0.388557892, 0.19626235961914062
0.390606304, 0.18403196334838867
0.392640005, 0.1933765411376953
0.394643168, 0.17128729820251465
0.396692338, 0.1677258014678955
0.39870616, 0.1792612075805664
0.400747398, 0.16837167739868164
0.403046006, 0.17226338386535645
0.404959965, 0.18471622467041016
0.40695828, 0.18755459785461426
0.408971518, 0.18550395965576172
0.411031207, 0.18503451347351074
0.4130241, 0.18272876739501953
0.415089678, 0.17554640769958496
0.417074351, 0.17057228088378906
0.419093437, 0.17277789115905762
0.421118636, 0.1677711009979248
0.423170317, 0.1674344539642334
0.425174293, 0.18732047080993652
0.4272125, 0.1797797679901123
0.429228854, 0.17414021492004395
0.431247425, 0.18488192558288574
0.433288171, 0.1592576503753662
0.435309133, 0.16476130485534668
0.43735066, 0.17529964447021484
0.439554635, 0.16962981224060059
0.441662233, 0.16986370086669922
0.443659701, 0.1665208339691162
0.44569845, 0.1973433494567871
0.447817362, 0.17413592338562012
0.449923629, 0.18663716316223145
0.451933642, 0.19820713996887207
0.453919535, 0.1806952953338623
0.456584207, 0.17490601539611816
0.458729016, 0.1914072036743164
0.460772328, 0.17902350425720215
0.462791906, 0.1779019832611084
0.464800457, 0.18062376976013184
0.466834677, 0.19503569602966309
0.46884695, 0.18308568000793457
0.47138886, 0.18900537490844727
0.47339689, 0.17111825942993164
0.475446715, 0.1744067668914795
0.477461885, 0.16446137428283691
0.479542772, 0.1644878387451172
0.4815305, 0.16621708869934082
0.483558345, 0.17065095901489258
0.485631218, 0.1833951473236084
0.487607708, 0.1821274757385254
0.489629276, 0.166245698928833
0.491653954, 0.18477821350097656
0.493679976, 0.16464686393737793
0.495703526, 0.16829848289489746
0.497765704, 0.16547560691833496
0.499789831, 0.16921257972717285
0.501777891, 0.15961790084838867
0.503814149, 0.1608569622039795
0.505873477, 0.18045997619628906
0.507846504, 0.17400336265563965
0.509888116, 0.15793514251708984
0.511933119, 0.17877817153930664
0.513924388, 0.15977001190185547
0.515951075, 0.15781307220458984
0.517990042, 0.16358327865600586
0.52004282, 0.16584229469299316
0.522031505, 0.16648626327514648
0.524072822, 0.17076492309570312
0.526124289, 0.19716858863830566
0.528144038, 0.18214702606201172
0.530134054, 0.1803886890411377
0.532248195, 0.19614386558532715
0.534230261, 0.18334746360778809
0.536234115, 0.180128812789917
0.538313963, 0.17265677452087402
0.540368994, 0.17731904983520508
0.543338744, 0.1756751537322998
0.545369714, 0.19319629669189453
0.547406446, 0.18879294395446777
0.549413249, 0.19486331939697266
0.551453138, 0.1950829029083252
0.553598264, 0.16654729843139648
0.555591438, 0.17179465293884277
0.557626707, 0.18146967887878418
0.559643457, 0.16938328742980957
0.561663112, 0.16744232177734375
0.563685629, 0.16309380531311035
0.565738253, 0.18331360816955566
0.567733395, 0.17685651779174805
0.569846242, 0.1708204746246338
0.571841425, 0.18909049034118652
0.573876339, 0.15508079528808594
0.57592153, 0.17056560516357422
0.577920684, 0.17142033576965332
0.579951543, 0.16487526893615723
0.582004431, 0.15912771224975586
0.584001604, 0.16145062446594238
0.58602811, 0.18022394180297852
0.588044603, 0.1713409423828125
0.591884519, 0.15545940399169922
0.593760736, 0.15144801139831543
0.595745885, 0.16779017448425293
0.5977631, 0.17725872993469238
0.599839368, 0.16823625564575195
0.601799869, 0.17206072807312012
0.603854299, 0.17454028129577637
0.605884932, 0.18282747268676758
0.607896447, 0.18576741218566895
0.609925189, 0.18195748329162598
0.611960615, 0.19360685348510742
0.614037754, 0.17115497589111328
0.616037428, 0.1708369255065918
0.61807228, 0.17891812324523926
0.620117254, 0.1747448444366455
0.622145802, 0.18149209022521973
0.624171657, 0.1835925579071045
0.626226777, 0.19754433631896973
0.629897744, 0.19886088371276855
0.631906232, 0.19408774375915527
0.633920519, 0.16857600212097168
0.635960309, 0.17078399658203125
0.638003748, 0.18156886100769043
0.639991223, 0.17906856536865234
0.642035254, 0.17624592781066895
0.644061885, 0.16812801361083984
0.646109668, 0.17769861221313477
0.648114767, 0.17951297760009766
0.650149108, 0.1701657772064209
0.65220853, 0.18320131301879883
0.654224535, 0.16442346572875977
0.656247035, 0.17360639572143555
0.658295278, 0.17325544357299805
0.660317243, 0.16484379768371582
0.662405959, 0.1666257381439209
0.664427671, 0.17443513870239258
0.666404515, 0.18824458122253418
0.66842093, 0.17209291458129883
0.670450087, 0.1736278533935547
0.672481881, 0.18341755867004395
0.674504564, 0.16705894470214844
0.676534707, 0.16877436637878418
0.678645174, 0.17897391319274902
0.680624597, 0.17473626136779785
0.682625824, 0.17332172393798828
0.684674637, 0.19243192672729492
0.686673513, 0.18960785865783691
0.68870851, 0.18530559539794922
0.691160698, 0.18668508529663086
0.693103107, 0.18559050559997559
0.695140289, 0.18405389785766602
0.697152842, 0.17783761024475098
0.699180512, 0.18762874603271484
0.701323171, 0.17445778846740723
0.703364738, 0.17784619331359863
0.705375962, 0.19147324562072754
0.70739322, 0.16685271263122559
0.709485173, 0.1738286018371582
0.711445795, 0.1961979866027832
0.713472651, 0.16945695877075195
0.715532539, 0.15950894355773926
0.717550944, 0.15386414527893066
0.719564068, 0.16127324104309082
0.721571304, 0.15821504592895508
0.723583233, 0.16090154647827148
0.725630961, 0.16607904434204102
0.72767534, 0.16138410568237305
0.72967147, 0.17858076095581055
0.731710985, 0.18542957305908203
0.733767108, 0.15925359725952148
0.735752198, 0.15980076789855957
0.737784907, 0.17197489738464355
0.739873909, 0.171036958694458
0.741838876, 0.17727947235107422
0.743863198, 0.17547392845153809
0.745892907, 0.18835878372192383
0.747995775, 0.1781752109527588
0.750052781, 0.18862056732177734
0.752016548, 0.19344425201416016
0.754135315, 0.1728825569152832
0.75607406, 0.17363524436950684
0.758121703, 0.16595935821533203
0.760413418, 0.17827463150024414
0.762627106, 0.17725777626037598
0.764821201, 0.1829988956451416
0.76686163, 0.18987250328063965
0.768864103, 0.18596649169921875
0.770959334, 0.18738508224487305
0.772934997, 0.18163394927978516
0.774995128, 0.17738914489746094
0.778062847, 0.1717967987060547
0.779992904, 0.17601752281188965
0.782119741, 0.17856216430664062
0.784049458, 0.17654871940612793
0.786077019, 0.17992520332336426
0.788133608, 0.17877769470214844
0.790155921, 0.16392230987548828
0.792146792, 0.18314242362976074
0.794210558, 0.15950655937194824
0.79623531, 0.1607041358947754
0.798228389, 0.1583695411682129
0.800277274, 0.1626427173614502
0.80238981, 0.17174029350280762
0.804418244, 0.16925954818725586
0.806445741, 0.1723787784576416
0.808593643, 0.17091155052185059
0.810668086, 0.17340636253356934
0.812635412, 0.1882617473602295
0.814691616, 0.16682004928588867
0.816725813, 0.17281603813171387
0.819826045, 0.16449213027954102
0.821899927, 0.16949677467346191
0.823971362, 0.18268322944641113
0.825994669, 0.18468499183654785
0.828133002, 0.18467497825622559
0.830233538, 0.18303394317626953
0.832352923, 0.20013046264648438
0.834397314, 0.17759060859680176
0.836406848, 0.18069171905517578
0.838473522, 0.18003439903259277
0.841011563, 0.16318178176879883
0.842938223, 0.18291354179382324
0.84598247, 0.18453335762023926
0.84838596, 0.18308258056640625
0.850056995, 0.1719069480895996
0.85203178, 0.18499231338500977
0.854093349, 0.16560769081115723
0.856091779, 0.16767263412475586
0.858171765, 0.16672849655151367
0.860230202, 0.1600322723388672
0.862556708, 0.15529751777648926
0.86457864, 0.17378830909729004
0.866568723, 0.17106866836547852
0.868614498, 0.16843366622924805
0.870653331, 0.17094993591308594
0.872715143, 0.18303632736206055
0.874923108, 0.15993237495422363
0.876870565, 0.15232467651367188
0.8790523, 0.16115307807922363
0.881079443, 0.1647045612335205
0.883323496, 0.16547632217407227
0.88557667, 0.1781466007232666
0.887592829, 0.18262457847595215
0.889627359, 0.1840221881866455
0.891696248, 0.1745922565460205
0.893722481, 0.16727972030639648
0.895729599, 0.18190312385559082
0.897826476, 0.17191791534423828
0.899876821, 0.1685924530029297
0.90186919, 0.17458844184875488
0.903932682, 0.16762995719909668
0.905930149, 0.19197392463684082
0.907979006, 0.18186116218566895
0.90997303, 0.1753852367401123
0.912020838, 0.1863391399383545
0.914051472, 0.1701674461364746
0.916094379, 0.16715264320373535
0.918135099, 0.1670694351196289
0.920128863, 0.1628718376159668
0.922166364, 0.17029023170471191
0.924196289, 0.1667938232421875
0.926237455, 0.1802678108215332
0.928232114, 0.17832541465759277
0.930310985, 0.16052961349487305
0.932410918, 0.1862478256225586
0.934425792, 0.17907261848449707
0.936485315, 0.17900681495666504
0.93849316, 0.17570281028747559
0.940526098, 0.15737342834472656
0.942707173, 0.17406392097473145
0.944792159, 0.17972683906555176
0.946771743, 0.18182706832885742
0.948792033, 0.18204140663146973
0.950854927, 0.18769526481628418
0.952876561, 0.19565129280090332
0.956374391, 0.1737079620361328
0.958811569, 0.17609763145446777
0.96082439, 0.17302393913269043
0.962825278, 0.17768096923828125
0.964899871, 0.18413043022155762
0.966945786, 0.17416834831237793
0.968992033, 0.17160558700561523
0.970994243, 0.18335437774658203
0.973111382, 0.1831674575805664
0.975097535, 0.17068171501159668
0.977116575, 0.1756446361541748
0.979829334, 0.18337082862854004
0.981780222, 0.18718934059143066
0.984599783, 0.16921210289001465
0.986619543, 0.19706344604492188
0.988640357, 0.18979859352111816
0.990648658, 0.18680095672607422
0.992682725, 0.18343257904052734
0.994708796, 0.18529200553894043
0.996721144, 0.18076682090759277
0.998808101, 0.17584657669067383
1.000899229, 0.16052937507629395
1.002848757, 0.17028188705444336
1.004898188, 0.19025015830993652
1.006907083, 0.1787099838256836
1.008945435, 0.17443609237670898
1.010993844, 0.18777990341186523
1.013021953, 0.18465065956115723
1.015047264, 0.17255902290344238
1.017040272, 0.16294646263122559
1.019101389, 0.16582417488098145
1.021134244, 0.17149925231933594
1.023126715, 0.167311429977417
1.025158544, 0.17197299003601074
1.027177299, 0.16977787017822266
1.029203537, 0.16591882705688477
1.031240653, 0.1794569492340088
1.033308954, 0.17343950271606445
1.035402843, 0.17274045944213867
1.037402998, 0.15635442733764648
1.039439052, 0.17329931259155273
1.041471226, 0.16567492485046387
1.043471009, 0.16528940200805664
1.045498228, 0.17972254753112793
1.047515066, 0.17883825302124023
1.049629046, 0.17177581787109375
1.051571657, 0.19147348403930664
1.053614343, 0.181060791015625
1.055633193, 0.1751697063446045
1.057666402, 0.17305755615234375
1.059675399, 0.18639636039733887
1.061712125, 0.18820452690124512
1.063747743, 0.19173812866210938
1.0657665139999999, 0.19595766067504883
1.067783985, 0.19225549697875977
1.069807158, 0.1891629695892334
1.071875497, 0.19841575622558594
1.07387112, 0.17354035377502441
1.075913444, 0.16266465187072754
1.077903347, 0.17310619354248047
1.079929123, 0.17080473899841309
1.082000382, 0.1704401969909668
1.083983735, 0.17357397079467773
1.086016316, 0.17896699905395508
1.088037281, 0.17213034629821777
1.090064354, 0.17217445373535156
1.092096272, 0.18202686309814453
1.094116839, 0.152052640914917
1.096137483, 0.16234111785888672
1.098170608, 0.1612377166748047
1.100290474, 0.16366982460021973
1.102231383, 0.1664130687713623
1.104257029, 0.16890978813171387
1.106270387, 0.17737150192260742
1.108329897, 0.18181109428405762
1.110332416, 0.18592143058776855
1.112395565, 0.18210721015930176
1.114391174, 0.16136908531188965
1.116409576, 0.1669776439666748
1.118434004, 0.1742105484008789
1.120451767, 0.18035340309143066
1.122496271, 0.16771388053894043
1.124529578, 0.17418837547302246
1.1266323360000001, 0.18235397338867188
1.128652714, 0.18062806129455566
1.130680336, 0.19177651405334473
1.1327087279999999, 0.18349528312683105
1.134739592, 0.17623138427734375
1.136799411, 0.18358397483825684
1.138818042, 0.1828148365020752
1.140825332, 0.18021798133850098
1.142847449, 0.17771482467651367
1.144884051, 0.18816804885864258
1.146937305, 0.18291282653808594
1.149053354, 0.18690896034240723
1.151168655, 0.18441295623779297
1.153224882, 0.17222332954406738
1.15521949, 0.16293954849243164
1.157274253, 0.16582083702087402
1.159288792, 0.15419363975524902
1.161316939, 0.15537238121032715
1.163328782, 0.14523887634277344
1.165351696, 0.1658322811126709
1.167368997, 0.17156696319580078
1.169426457, 0.16644859313964844
1.171442555, 0.16928982734680176
1.173447426, 0.1579456329345703
1.175475168, 0.16629576683044434
1.177543019, 0.16113495826721191
1.1795533790000001, 0.17491388320922852
1.181627133, 0.17855596542358398
1.183581982, 0.1766834259033203
1.185649695, 0.1916186809539795
1.187649501, 0.19663596153259277
1.189703174, 0.18390488624572754
1.1917170910000001, 0.1910691261291504
1.193728914, 0.17920637130737305
1.195766723, 0.18034076690673828
1.197764643, 0.18356084823608398
1.1998516, 0.18531417846679688
1.201821809, 0.17968201637268066
1.203873349, 0.18024563789367676
1.2058892509999999, 0.20181608200073242
1.2080714, 0.1935412883758545
1.210073907, 0.18886160850524902
1.21210562, 0.20151782035827637
1.214112415, 0.1816701889038086
1.21612428, 0.17709016799926758
1.218175273, 0.18067264556884766
1.220270399, 0.16927051544189453
1.222200413, 0.18074846267700195
1.224271931, 0.19017410278320312
1.226279835, 0.18310189247131348
1.228292957, 0.17403221130371094
1.230358462, 0.16512393951416016
1.232378244, 0.19326329231262207
1.234767558, 0.16101598739624023
1.236770579, 0.1512737274169922
1.238868893, 0.1644577980041504
1.240833847, 0.16692709922790527
1.242856461, 0.16954731941223145
1.244888489, 0.1744976043701172
1.246986846, 0.1652381420135498
1.24891559, 0.17149829864501953
1.2509454660000001, 0.17986226081848145
1.252992632, 0.17835450172424316
1.254989862, 0.1664111614227295
1.257131359, 0.16266655921936035
1.259103653, 0.17180895805358887
1.2611621880000001, 0.17512774467468262
1.2631444809999999, 0.1767580509185791
1.265222576, 0.1905841827392578
1.26719685, 0.18862128257751465
1.269232721, 0.18713688850402832
1.271282523, 0.19369196891784668
1.27335362, 0.1782383918762207
1.275387856, 0.16639065742492676
1.2774071249999999, 0.1680769920349121
1.279445767, 0.1774742603302002
1.2817064409999999, 0.17629480361938477
1.283703282, 0.16777634620666504
1.285667962, 0.18733549118041992
1.287712005, 0.17680597305297852
1.289731371, 0.18201279640197754
1.29173215, 0.1876077651977539
1.2937574170000001, 0.1697707176208496
1.295782229, 0.16939544677734375
1.297799798, 0.17541861534118652
1.299862061, 0.16663312911987305
1.3018969679999999, 0.16794705390930176
1.303897181, 0.16515707969665527
1.305928239, 0.17229175567626953
1.307916785, 0.1796281337738037
1.309965267, 0.18710803985595703
1.312008577, 0.18726086616516113
1.314029656, 0.1669611930847168
1.316029355, 0.17240500450134277
1.318075959, 0.1685347557067871
1.320216132, 0.16319537162780762
1.322105902, 0.1677095890045166
1.324130233, 0.1631488800048828
1.32615656, 0.16635680198669434
1.32819363, 0.17113304138183594
1.3302128340000001, 0.16818714141845703
1.3322417579999999, 0.17566823959350586
1.334290558, 0.15977787971496582
1.336378848, 0.17990779876708984
1.338514916, 0.1782698631286621
1.34067937, 0.16843104362487793
1.342682323, 0.17340660095214844
1.3447152660000001, 0.18445658683776855
1.346705025, 0.18587541580200195
1.348752927, 0.182403564453125
1.350823767, 0.1872091293334961
1.3528893069999999, 0.19084715843200684
1.354926842, 0.18201494216918945
1.356991509, 0.17938756942749023
1.359304571, 0.17543649673461914
1.36100046, 0.18404293060302734
1.3630223209999999, 0.1810166835784912
1.365095342, 0.18715143203735352
1.367064061, 0.17447805404663086
1.36911048, 0.18274521827697754
1.3711346660000001, 0.1824193000793457
1.373248922, 0.1844475269317627
1.37517322, 0.17004919052124023
1.377207874, 0.16018438339233398
1.379233038, 0.1671767234802246
1.381294639, 0.17693495750427246
1.383324929, 0.1744084358215332
1.385366555, 0.18118023872375488
1.387423335, 0.1804335117340088
1.3900116009999999, 0.17165875434875488
1.3922192230000001, 0.18248438835144043
1.394234614, 0.1677095890045166
1.3962612970000001, 0.17134833335876465
1.3983359100000001, 0.17842769622802734
1.400343506, 0.16158080101013184
1.402359368, 0.16381001472473145
1.404354242, 0.16144061088562012
1.406426336, 0.1705796718597412
1.408404417, 0.1758730411529541
1.410428468, 0.17026424407958984
1.412523307, 0.1681356430053711
1.414523147, 0.16381001472473145
1.416982885, 0.18543601036071777
1.418524551, 0.18295717239379883
1.420653052, 0.16430306434631348
1.423072332, 0.17703890800476074
1.425099165, 0.20164251327514648
1.427129361, 0.18695330619812012
1.4291480939999999, 0.19234251976013184
1.431546698, 0.2001187801361084
1.433232885, 0.1833057403564453
1.435234253, 0.18928289413452148
1.4372875, 0.18399882316589355
1.439775826, 0.17957115173339844
1.442043713, 0.18209028244018555
1.444156434, 0.17471933364868164
1.446230783, 0.1934814453125
1.44823375, 0.18410992622375488
1.450253796, 0.19375157356262207
1.453170689, 0.19497990608215332
1.454355245, 0.16815471649169922
1.457162167, 0.16965699195861816
1.459200864, 0.17661046981811523
1.46127534, 0.16816329956054688
1.463275665, 0.17410516738891602
1.465255904, 0.18639039993286133
1.467269337, 0.18062686920166016
1.469302563, 0.17197751998901367
1.4713216089999999, 0.17888569831848145
1.473390911, 0.16849827766418457
1.475505383, 0.1638326644897461
1.477684862, 0.1684887409210205
1.479704348, 0.16214966773986816
1.481718426, 0.17792677879333496
1.4841687559999999, 0.17829680442810059
1.486149568, 0.1818857192993164
1.488174548, 0.17707514762878418
1.490276022, 0.17618036270141602
1.492251317, 0.19150233268737793
1.494304566, 0.16388869285583496
1.496306887, 0.167222261428833
1.498364498, 0.1678760051727295
1.501948874, 0.17767667770385742
1.503990567, 0.18613147735595703
1.506076113, 0.20532727241516113
1.508134015, 0.18074369430541992
1.5104072149999999, 0.1963181495666504
1.512925027, 0.20043635368347168
1.5149111849999999, 0.18635225296020508
1.516998142, 0.17331385612487793
1.520209136, 0.17627215385437012
1.522356826, 0.17003369331359863
1.525147647, 0.17755413055419922
1.5271333, 0.1758103370666504
1.5291007429999999, 0.16198134422302246
1.531970973, 0.1642470359802246
1.535172474, 0.1523423194885254
1.538239436, 0.16118621826171875
1.5402838829999999, 0.1462109088897705
1.542351326, 0.17019128799438477
1.5448066900000001, 0.16666007041931152
1.5468280349999999, 0.17623639106750488
1.548855573, 0.1810474395751953
1.5508629329999999, 0.18883752822875977
1.552889306, 0.18441390991210938
1.554917654, 0.16783952713012695
1.556984946, 0.18210625648498535
1.5590209879999999, 0.18774676322937012
1.561047865, 0.18168997764587402
1.563033843, 0.18187165260314941
1.565075315, 0.20157647132873535
1.567091306, 0.19355130195617676
1.569145916, 0.1966261863708496
1.571148044, 0.19842839241027832
1.573200594, 0.18447518348693848
1.575221182, 0.18433117866516113
1.577247532, 0.17621636390686035
1.579251277, 0.18626117706298828
1.581430785, 0.18890666961669922
1.583433258, 0.18004179000854492
1.5854838180000002, 0.1934831142425537
1.587589959, 0.18868255615234375
1.58961819, 0.17875289916992188
1.591561686, 0.18633079528808594
1.595372093, 0.17420220375061035
1.59673042, 0.16085290908813477
1.598801108, 0.17731356620788574
1.601394359, 0.17215228080749512
1.603239228, 0.15963363647460938
1.605324902, 0.18470263481140137
1.607369907, 0.18149662017822266
1.609311528, 0.1741020679473877
1.611374001, 0.18639850616455078
1.613387467, 0.17413640022277832
1.61539544, 0.17202258110046387
1.617429102, 0.16553473472595215
1.61947394, 0.17572546005249023
1.621480353, 0.1764659881591797
1.6235213069999999, 0.16466021537780762
1.625527078, 0.18106675148010254
1.627552262, 0.18347907066345215
1.629572654, 0.18424367904663086
1.631615113, 0.19853806495666504
1.6349057980000001, 0.17385363578796387
1.636929015, 0.16729354858398438
1.638993261, 0.17532634735107422
1.64214544, 0.17414474487304688
1.644133826, 0.17448878288269043
1.646178516, 0.19535112380981445
1.648213401, 0.18484163284301758
1.6502030049999998, 0.17862462997436523
1.652307962, 0.19278478622436523
1.654275886, 0.17497730255126953
1.6562765339999999, 0.17563295364379883
1.6589717560000001, 0.18436908721923828
1.661463363, 0.17500948905944824
1.663423333, 0.1723496913909912
1.665408706, 0.1801621913909912
1.667420099, 0.17310118675231934
1.669501305, 0.18090486526489258
1.671487213, 0.19033098220825195
1.6735206740000002, 0.17573928833007812
1.675554355, 0.1722095012664795
1.678228118, 0.17370820045471191
1.6802443729999998, 0.17200446128845215
1.682260067, 0.17554664611816406
1.6842545869999999, 0.16932010650634766
1.6862799229999998, 0.1848769187927246
1.688322711, 0.18481993675231934
1.6903512200000002, 0.17665791511535645
1.6923854010000001, 0.17499089241027832
1.694410905, 0.1705472469329834
1.696541036, 0.1803731918334961
1.6985332629999998, 0.17767119407653809
1.70060784, 0.17312264442443848
1.7026784510000001, 0.17180442810058594
1.7047137399999999, 0.1829845905303955
1.7067828139999999, 0.19078850746154785
1.708779137, 0.19169878959655762
1.711209727, 0.18432950973510742
1.7128411369999998, 0.19354963302612305
1.714915708, 0.18671059608459473
1.716931782, 0.18123459815979004
1.719252507, 0.1805586814880371
1.720956814, 0.1740574836730957
1.722981655, 0.18402910232543945
1.7250394249999998, 0.1923387050628662
1.727050013, 0.19566988945007324
1.729081119, 0.18857884407043457
1.731078721, 0.18485760688781738
1.733129963, 0.1864011287689209
1.735147904, 0.171644926071167
1.737266105, 0.16604852676391602
1.7394713899999998, 0.17723536491394043
1.741262745, 0.17816638946533203
1.743255622, 0.16092157363891602
1.7453418109999999, 0.18919658660888672
1.74731584, 0.17598915100097656
1.749457896, 0.17674922943115234
1.751717716, 0.18422532081604004
1.753728235, 0.17841458320617676
1.755764592, 0.16088366508483887
1.7578237410000002, 0.15034031867980957
1.759820045, 0.1714625358581543
1.7618608070000001, 0.1698777675628662
1.763946397, 0.16521644592285156
1.76590446, 0.17283248901367188
1.767915924, 0.16834044456481934
1.769950607, 0.1761178970336914
1.7719781829999999, 0.19208765029907227
1.774003822, 0.16966485977172852
1.776010981, 0.16544342041015625
1.778057488, 0.1668684482574463
1.780075354, 0.1668539047241211
1.782819458, 0.17842578887939453
1.7848688, 0.19081592559814453
1.7874677239999999, 0.1702876091003418
1.789474771, 0.18323206901550293
1.79150807, 0.19432878494262695
1.793555382, 0.17604994773864746
1.795556559, 0.18328475952148438
1.797592287, 0.17842960357666016
1.80041788, 0.16671299934387207
1.802404413, 0.1864793300628662
1.804427776, 0.19569826126098633
1.80641688, 0.18830013275146484
1.808483448, 0.18585586547851562
1.810482074, 0.1927354335784912
1.8125410130000001, 0.19177651405334473
1.814559564, 0.17274069786071777
1.816581034, 0.17748022079467773
1.8185707500000001, 0.1884748935699463
1.820716779, 0.17808842658996582
1.822886209, 0.17181897163391113
1.824944098, 0.18549275398254395
1.8269197419999998, 0.18770432472229004
1.8289579379999998, 0.19167447090148926
1.831007791, 0.18303227424621582
1.833050565, 0.17247819900512695
1.835114991, 0.1687610149383545
1.837213741, 0.17009401321411133
1.8392560900000001, 0.16850876808166504
1.841293978, 0.1645793914794922
1.843314836, 0.16680598258972168
1.845418629, 0.18709588050842285
1.847432867, 0.1778717041015625
1.849442569, 0.17994236946105957
1.851493342, 0.1854233741760254
1.8535233629999999, 0.16560983657836914
1.855567428, 0.16858291625976562
1.857557235, 0.17457318305969238
1.859623632, 0.16910433769226074
1.861608547, 0.17399239540100098
1.863641559, 0.17825627326965332
1.865678424, 0.20169997215270996
1.867729043, 0.1843421459197998
1.869704968, 0.18236541748046875
1.871741104, 0.19386839866638184
1.8737637600000001, 0.1720280647277832
1.8759418810000001, 0.17405462265014648
1.878290343, 0.17424988746643066
1.8805047, 0.1701042652130127
1.882488545, 0.18547964096069336
1.884521671, 0.17997384071350098
1.88672964, 0.1800391674041748
1.888893528, 0.17487740516662598
1.89093177, 0.1780719757080078
1.892943295, 0.169144868850708
1.894968261, 0.15700292587280273
1.897009078, 0.16272187232971191
1.8990143000000002, 0.17158055305480957
1.901033521, 0.16049742698669434
1.903076491, 0.16371631622314453
1.905144563, 0.1785588264465332
1.907134342, 0.16871285438537598
1.909286647, 0.17628073692321777
1.911291348, 0.17713665962219238
1.913330352, 0.15938830375671387
1.91531194, 0.16126298904418945
1.917363875, 0.17545771598815918
1.919377777, 0.18184280395507812
1.9214194249999998, 0.18325114250183105
1.9234138920000001, 0.17946338653564453
1.925471934, 0.2000885009765625
1.927485507, 0.17935442924499512
1.929504665, 0.1889033317565918
1.931546348, 0.20038866996765137
1.933583568, 0.16458821296691895
1.935606796, 0.16935062408447266
1.9376185970000002, 0.17783379554748535
1.939639311, 0.17287731170654297
1.941653014, 0.17606592178344727
1.943682603, 0.17231011390686035
1.945716151, 0.18680238723754883
1.94774197, 0.19912314414978027
1.949789806, 0.18230724334716797
1.9518269689999999, 0.18845081329345703
1.9538849360000001, 0.16749906539916992
1.955845156, 0.17163705825805664
1.957872295, 0.167832612991333
1.959892392, 0.16628003120422363
1.96194343, 0.17166876792907715
1.963966825, 0.16304636001586914
1.9659697889999999, 0.1802656650543213
1.967994142, 0.19366955757141113
1.970057494, 0.1801621913909912
1.9720504509999999, 0.18096232414245605
1.974111194, 0.1732041835784912
1.976091561, 0.16927409172058105
1.978150026, 0.16939973831176758
1.980309068, 0.17496371269226074
1.9823222889999998, 0.1714766025543213
1.984350788, 0.18013429641723633
1.986396176, 0.18779969215393066
1.988382817, 0.18458843231201172
1.990425168, 0.17090940475463867
1.992483387, 0.18474316596984863
1.994475644, 0.17708516120910645
1.996494952, 0.18197965621948242
1.998579185, 0.1742992401123047
2.000694954, 0.16882705688476562
2.002758259, 0.172271728515625
2.004901538, 0.18272876739501953
2.006953429, 0.18034744262695312
2.008962787, 0.18700170516967773
2.010971156, 0.19541192054748535
2.013016452, 0.1980888843536377
2.015027197, 0.17838001251220703
2.017078255, 0.16884493827819824
2.019139879, 0.17621731758117676
2.0211116159999998, 0.18216371536254883
2.023146686, 0.1711108684539795
2.025170449, 0.19546031951904297
2.027199867, 0.16922259330749512
2.029234805, 0.1824345588684082
2.031239008, 0.18883156776428223
2.033268979, 0.181685209274292
2.035304438, 0.1700272560119629
2.037313591, 0.17292189598083496
2.039381147, 0.17679429054260254
2.041394506, 0.18250012397766113
2.043407432, 0.16930842399597168
2.045442926, 0.18253540992736816
2.047437071, 0.16343426704406738
2.049468972, 0.16956305503845215
2.051505743, 0.18562054634094238
2.053547839, 0.16414785385131836
2.055697718, 0.16019725799560547
2.057826361, 0.16836905479431152
2.059863898, 0.17252182960510254
2.061871358, 0.1667792797088623
2.063925707, 0.15910911560058594
2.06591296, 0.1835010051727295
2.067926698, 0.1666572093963623
2.069961711, 0.17301678657531738
2.072026695, 0.18004226684570312
2.074014404, 0.16307783126831055
2.076063297, 0.1713085174560547
2.078067571, 0.1788017749786377
2.080105324, 0.1795976161956787
2.082518251, 0.17995643615722656
2.08444811, 0.1874237060546875
2.086650411, 0.18995237350463867
2.088673893, 0.189253568649292
2.090712603, 0.18961453437805176
2.092727766, 0.19217801094055176
2.094757188, 0.17794394493103027
2.096795071, 0.18178439140319824
2.098816812, 0.18413805961608887
2.100846032, 0.1776866912841797
2.102912017, 0.17640995979309082
2.104943306, 0.19361305236816406
2.108377037, 0.19778847694396973
2.110482634, 0.19876480102539062
2.112545075, 0.18935561180114746
2.11454548, 0.17508983612060547
2.116577815, 0.18221187591552734
2.118636503, 0.18238401412963867
2.120621818, 0.16067957878112793
2.122674951, 0.17690539360046387
2.124760465, 0.17399311065673828
2.126734335, 0.18827104568481445
2.128740275, 0.17742276191711426
2.130759166, 0.17338013648986816
2.13279659, 0.1677989959716797
2.134823038, 0.16722583770751953
2.136949507, 0.15870976448059082
2.138865873, 0.1654810905456543
2.140898957, 0.16123723983764648
2.142940457, 0.16618132591247559
2.144954, 0.1633896827697754
2.147718691, 0.18080759048461914
2.14972865, 0.18124818801879883
2.15171796, 0.1917710304260254
2.153761762, 0.17105364799499512
2.15577064, 0.18655776977539062
2.157837301, 0.17580533027648926
2.159885545, 0.17270135879516602
2.1618456950000002, 0.179826021194458
2.163868931, 0.186995267868042
2.165917021, 0.18816876411437988
2.167989402, 0.18362140655517578
2.170032711, 0.18608975410461426
2.172001404, 0.2003951072692871
2.174006395, 0.18198561668395996
2.176054261, 0.1793837547302246
2.178077688, 0.17725872993469238
2.18014373, 0.1661972999572754
2.182161635, 0.17584538459777832
2.184177718, 0.17514967918395996
2.186229073, 0.17763209342956543
2.188267333, 0.17575287818908691
2.190286939, 0.18192672729492188
2.192317974, 0.18724274635314941
2.194348645, 0.1794445514678955
2.196430431, 0.17101097106933594
2.198384716, 0.16140341758728027
2.200413624, 0.16133427619934082
2.202510631, 0.16519689559936523
2.204534771, 0.1722087860107422
2.206547996, 0.17539668083190918
2.208577921, 0.17151689529418945
2.210582444, 0.1776418685913086
2.212626746, 0.18203186988830566
2.214634513, 0.16147518157958984
2.216668598, 0.16025018692016602
2.218725595, 0.1717541217803955
2.220718357, 0.18398451805114746
2.222756108, 0.17339158058166504
2.224815056, 0.17454028129577637
2.226824905, 0.19150781631469727
2.228817385, 0.18202900886535645
2.230860936, 0.1944746971130371
2.232873697, 0.1881566047668457
2.234898865, 0.1735689640045166
2.237045362, 0.18009662628173828
2.239134777, 0.1835331916809082
2.24117987, 0.19036173820495605
2.243196433, 0.17055416107177734
2.245218165, 0.18480825424194336
2.247296586, 0.184065580368042
2.24929181, 0.1897580623626709
2.251308054, 0.18912982940673828
2.253335162, 0.1716618537902832
2.255356289, 0.16634917259216309
2.257402184, 0.1719670295715332
2.259660271, 0.18326997756958008
2.261652486, 0.16087770462036133
2.263683382, 0.1664121150970459
2.265679124, 0.17959070205688477
2.267760568, 0.18165850639343262
2.269743577, 0.16313600540161133
2.271736335, 0.1768949031829834
2.273765615, 0.1482703685760498
2.275844685, 0.15903854370117188
2.277831759, 0.1689450740814209
2.279879616, 0.15903234481811523
2.2819095, 0.1563863754272461
2.283905649, 0.16765594482421875
2.285998641, 0.18144726753234863
2.288022033, 0.1824040412902832
2.289982826, 0.17205142974853516
2.2925224699999998, 0.18341541290283203
2.294511962, 0.17481732368469238
2.296573082, 0.1676478385925293
2.298557762, 0.16431474685668945
2.300589392, 0.1722402572631836
2.3026099, 0.1806492805480957
2.304637586, 0.1822206974029541
2.306661766, 0.1914806365966797
2.308700754, 0.17787718772888184
2.310736697, 0.19533300399780273
2.312735981, 0.2001814842224121
2.314760435, 0.1745777130126953
2.316802274, 0.17390704154968262
2.318844432, 0.19187569618225098
2.320924449, 0.17156219482421875
2.322891937, 0.1869187355041504
2.324922431, 0.1933753490447998
2.326932754, 0.18797039985656738
2.328995034, 0.18755602836608887
2.330989405, 0.19338774681091309
2.33301338, 0.18971848487854004
2.335030967, 0.1753220558166504
2.337066789, 0.16252779960632324
2.33923332, 0.17416048049926758
