0.903416345, 0.18835857510566711
0.905358988, 0.20323115587234497
0.90738649, 0.18495097756385803
0.909449883, 0.17899268865585327
0.91145545, 0.18270394206047058
0.913491175, 0.19976624846458435
0.915518289, 0.18181666731834412
0.917526023, 0.1674174666404724
0.919565408, 0.17663678526878357
0.921593739, 0.16999861598014832
0.923618831, 0.20992207527160645
0.92565654, 0.21359848976135254
0.927668356, 0.1977340579032898
0.929726754, 0.19172880053520203
0.931735207, 0.19437789916992188
0.940871654, 0.2013922929763794
0.942857921, 0.20570772886276245
0.944914193, 0.19946420192718506
0.946966384, 0.2108033299446106
0.94901194, 0.18730592727661133
0.951869367, 0.1846124231815338
0.953828712, 0.20491573214530945
0.955879237, 0.18694433569908142
0.957923922, 0.19163170456886292
0.95991428, 0.17323902249336243
0.962368898, 0.19207438826560974
0.964398153, 0.21206310391426086
0.966445093, 0.20972874760627747
0.968450946, 0.19751808047294617
0.970504684, 0.19573000073432922
0.972536396, 0.19905170798301697
0.974593788, 0.19451084733009338
0.976585703, 0.19707098603248596
0.978609435, 0.1849292814731598
0.980657451, 0.18702223896980286
0.982681495, 0.19174489378929138
0.984705179, 0.20704084634780884
0.986769298, 0.20960268378257751
0.988773075, 0.17989400029182434
0.990746897, 0.1889972984790802
0.99280014, 0.1898399293422699
0.994803533, 0.1856323480606079
0.996879924, 0.19266897439956665
0.998853857, 0.17092043161392212
1.000893479, 0.17964184284210205
1.002920863, 0.18366199731826782
1.004951275, 0.2053629457950592
1.006985044, 0.20567777752876282
1.008993548, 0.18446111679077148
1.011021204, 0.18911802768707275
1.013102379, 0.20520731806755066
1.015060653, 0.18710806965827942
1.017106662, 0.181747704744339
1.019129533, 0.19277220964431763
1.02116438, 0.18064075708389282
1.023912118, 0.20549693703651428
1.025951141, 0.2094852328300476
1.028649197, 0.19116398692131042
1.030834733, 0.18556633591651917
1.032855841, 0.19440364837646484
1.034874988, 0.19980427622795105
1.036893536, 0.1882111132144928
1.038950533, 0.1812852919101715
1.040948972, 0.1731436550617218
1.042997655, 0.1864451766014099
1.04510755, 0.20513659715652466
1.047158683, 0.20804613828659058
1.049173416, 0.1793990433216095
1.051793184, 0.1956966519355774
1.053765717, 0.19486218690872192
1.055773076, 0.1913491189479828
1.057811542, 0.1770552396774292
1.059842648, 0.18066558241844177
1.061881924, 0.1798023283481598
1.063869634, 0.1851767897605896
1.065902003, 0.1961679756641388
1.067944281, 0.18276381492614746
1.07000258, 0.17895779013633728
1.071999376, 0.1835915446281433
1.074011138, 0.19045516848564148
1.076063887, 0.18272987008094788
1.078081978, 0.17815807461738586
1.080072285, 0.1669931709766388
1.082140636, 0.1698976457118988
1.084180537, 0.20416679978370667
1.086194036, 0.20270562171936035
1.088222361, 0.18207815289497375
1.090426001, 0.16873064637184143
1.092956233, 0.20526504516601562
1.095289597, 0.1902710497379303
1.097218779, 0.19024065136909485
1.099231578, 0.18154561519622803
1.101283692, 0.17076683044433594
1.103297496, 0.20157194137573242
1.105312347, 0.21171528100967407
1.10736201, 0.1916368007659912
1.109395182, 0.18727371096611023
1.111522035, 0.1874929666519165
1.113766092, 0.20161211490631104
1.115567583, 0.1861375868320465
1.11755871, 0.18001040816307068
1.119593645, 0.18043997883796692
1.121661892, 0.17228248715400696
1.123655806, 0.19577819108963013
1.125671947, 0.20479092001914978
1.127686942, 0.19704526662826538
1.129730503, 0.17959484457969666
1.131967779, 0.19203615188598633
1.133925838, 0.1917947232723236
1.1359482650000001, 0.1869828999042511
1.138024231, 0.17937418818473816
1.140011919, 0.17496076226234436
1.14207234, 0.17960193753242493
1.14409716, 0.18849897384643555
1.146125684, 0.19470611214637756
1.148204695, 0.18073326349258423
1.150239629, 0.18170002102851868
1.152402111, 0.18807828426361084
1.15440236, 0.20024871826171875
1.156427065, 0.18198087811470032
1.15844915, 0.17831751704216003
1.160501841, 0.1701836884021759
1.162499438, 0.18160703778266907
1.164510955, 0.20329156517982483
1.166571581, 0.19597309827804565
1.168574311, 0.1691122055053711
1.1705972, 0.17692580819129944
1.172642538, 0.18949538469314575
1.17475969, 0.19742941856384277
1.1768303310000001, 0.191266268491745
1.178830694, 0.1731765866279602
1.180832653, 0.1693359911441803
1.182941546, 0.17330381274223328
1.184976456, 0.20453104376792908
1.187083033, 0.19570419192314148
1.189080383, 0.1754269003868103
1.191103907, 0.18253129720687866
1.1931721020000001, 0.20159554481506348
1.195240393, 0.1880311369895935
1.197269287, 0.17848321795463562
1.199308438, 0.17442956566810608
1.202116856, 0.16910183429718018
1.204083725, 0.19934707880020142
1.206223802, 0.20072489976882935
1.208176167, 0.18531936407089233
1.210286891, 0.17778262495994568
1.212556521, 0.19482511281967163
1.214542967, 0.18194887042045593
1.21661661, 0.19419384002685547
1.218614091, 0.1707386076450348
1.22102055, 0.1604311168193817
1.223017426, 0.19204097986221313
1.225018329, 0.20873382687568665
1.227015377, 0.1953163743019104
1.2290932350000001, 0.18158802390098572
1.231075921, 0.18190979957580566
1.23311961, 0.20168942213058472
1.237720403, 0.17827197909355164
1.239806387, 0.18015936017036438
1.241746024, 0.16724523901939392
1.243825887, 0.19904771447181702
1.245819579, 0.1998579502105713
1.247816854, 0.1882961094379425
1.249940478, 0.17369648814201355
1.25197746, 0.18402701616287231
1.2540285070000001, 0.19959592819213867
1.256979053, 0.19811436533927917
1.258902758, 0.17899054288864136
1.260984516, 0.17646953463554382
1.263280751, 0.19825205206871033
1.265304596, 0.19837698340415955
1.267316724, 0.20408961176872253
1.269776343, 0.17512771487236023
1.27184499, 0.1963001787662506
1.273841176, 0.2062283456325531
1.275909975, 0.1894761025905609
1.277995791, 0.16663524508476257
1.280080084, 0.18345823884010315
1.282096231, 0.18516194820404053
1.284149505, 0.19971159100532532
1.28616422, 0.2135045826435089
1.288226001, 0.18657556176185608
1.290648457, 0.1873752474784851
1.292316426, 0.19726905226707458
1.294458623, 0.20068112015724182
1.296387278, 0.1881885826587677
1.2984124289999999, 0.18477168679237366
1.300427537, 0.17888754606246948
1.302432011, 0.18984761834144592
1.304549022, 0.20194438099861145
1.306524969, 0.20667511224746704
1.308590225, 0.1851181983947754
1.310578694, 0.18109360337257385
1.312596517, 0.194879412651062
1.314616281, 0.18276816606521606
1.316646336, 0.18100586533546448
1.318657224, 0.16784146428108215
1.320719201, 0.16460031270980835
1.32272335, 0.17999404668807983
1.326290709, 0.1926611065864563
1.3282610080000001, 0.17435720562934875
1.330363693, 0.17797991633415222
1.332377033, 0.19802695512771606
1.334414371, 0.18804696202278137
1.336375922, 0.18988525867462158
1.338411714, 0.17482826113700867
1.340490534, 0.17536228895187378
1.342489242, 0.18309623003005981
1.344527383, 0.20010125637054443
1.34654745, 0.19314327836036682
1.348659145, 0.17458787560462952
1.35065951, 0.1709297001361847
1.35273521, 0.19557037949562073
1.354750767, 0.20144885778427124
1.356723136, 0.17688971757888794
1.358741486, 0.1819874346256256
1.36076141, 0.177907794713974
1.362828368, 0.1788000464439392
1.3648439749999999, 0.2049594521522522
1.3668758140000001, 0.19967132806777954
1.368946807, 0.16547897458076477
1.370951436, 0.1785636842250824
1.374354389, 0.18499290943145752
1.3765702499999999, 0.1795051097869873
1.37854868, 0.18163299560546875
1.380547722, 0.16929560899734497
1.382810176, 0.17585250735282898
1.3847932, 0.20570015907287598
1.386809997, 0.1971149444580078
1.38881966, 0.18644574284553528
1.390852678, 0.18548747897148132
1.392870251, 0.19089016318321228
1.3948945990000001, 0.18927031755447388
1.396922065, 0.17459389567375183
1.398980586, 0.17340755462646484
1.400978191, 0.17404836416244507
1.403013845, 0.2022116780281067
1.405251407, 0.19986039400100708
1.407239806, 0.19213634729385376
1.409262003, 0.18542170524597168
1.411317343, 0.18299973011016846
1.413349981, 0.1995457112789154
1.415420955, 0.19203796982765198
1.417433352, 0.17342430353164673
1.419404969, 0.17140153050422668
1.421442339, 0.16383761167526245
1.423447136, 0.1966571807861328
1.425457205, 0.20671632885932922
1.427513062, 0.1974077820777893
1.429528514, 0.17485418915748596
1.431628431, 0.17235508561134338
1.4375956429999999, 0.19876718521118164
1.441962489, 0.17222797870635986
1.444082753, 0.19162413477897644
1.446109015, 0.20012632012367249
1.448136812, 0.1857103407382965
1.452938247, 0.18758702278137207
1.455032345, 0.17924848198890686
1.457045969, 0.1823464334011078
1.459049869, 0.17184829711914062
1.461157695, 0.16658639907836914
1.463178826, 0.19855758547782898
1.465243753, 0.21187728643417358
1.467489528, 0.20134204626083374
1.469527396, 0.18293431401252747
1.47157081, 0.18963512778282166
1.473725886, 0.1857706606388092
1.475741456, 0.19181036949157715
1.4777393650000001, 0.18153616786003113
1.479771518, 0.17136621475219727
1.481818404, 0.1814846694469452
1.483808434, 0.19437283277511597
1.48585948, 0.22113880515098572
1.487896471, 0.1956394910812378
1.48989848, 0.1862500011920929
1.492561396, 0.19895097613334656
1.494637525, 0.20041796565055847
1.496641639, 0.18066686391830444
1.498634689, 0.18363869190216064
1.500653293, 0.191682368516922
1.502762818, 0.197922021150589
1.504821142, 0.19210270047187805
1.506796195, 0.2102312445640564
1.5088095510000001, 0.17725339531898499
1.510853738, 0.18084976077079773
1.5129769450000001, 0.21108901500701904
1.5168844849999998, 0.18277207016944885
1.518894274, 0.16893979907035828
1.52097003, 0.18756675720214844
1.522941195, 0.20492136478424072
1.524976141, 0.2028827667236328
1.526991446, 0.20830565690994263
1.529049984, 0.17788904905319214
1.531054533, 0.19440221786499023
1.533085077, 0.21920424699783325
1.535132282, 0.19524449110031128
1.537203634, 0.1921459138393402
1.53920414, 0.18626010417938232
1.541950667, 0.18094295263290405
1.5439994449999999, 0.19439706206321716
1.5460073109999999, 0.20285293459892273
1.548066766, 0.18622195720672607
1.5502493290000001, 0.18455839157104492
1.552239264, 0.19363057613372803
1.554276809, 0.18518736958503723
1.556306102, 0.18888187408447266
1.5585803839999999, 0.18188729882240295
1.560593358, 0.14800983667373657
1.5626326640000001, 0.17800986766815186
1.5646412459999999, 0.20672142505645752
1.566654195, 0.2174011766910553
1.568690162, 0.1791163682937622
1.570738754, 0.1797967553138733
1.572725302, 0.19622346758842468
1.574932709, 0.19781246781349182
1.576798929, 0.19176360964775085
1.5788103900000001, 0.17602410912513733
1.580848396, 0.1723325252532959
1.582879595, 0.18995672464370728
1.5849005090000001, 0.20484304428100586
1.586913321, 0.20134466886520386
1.588952936, 0.1780022382736206
1.5911146710000001, 0.18147626519203186
1.593418263, 0.20840305089950562
1.595474345, 0.1898164451122284
1.597475748, 0.1777104139328003
1.599502283, 0.17193591594696045
1.601537762, 0.1759277880191803
1.603554498, 0.18670415878295898
1.605592415, 0.1937927007675171
1.607612396, 0.1879849135875702
1.6096767010000002, 0.17799612879753113
1.6118756859999999, 0.18027818202972412
1.613853513, 0.18009445071220398
1.615898347, 0.17684924602508545
1.6179013599999998, 0.17162537574768066
1.619964517, 0.167831152677536
1.6220439789999999, 0.16810408234596252
1.624007572, 0.18938478827476501
1.626025717, 0.19906407594680786
1.628105234, 0.1897083818912506
1.630083636, 0.1755664348602295
1.63210657, 0.18539032340049744
1.6341450690000001, 0.20026451349258423
1.637014108, 0.17787182331085205
1.63902127, 0.18482226133346558
1.641082307, 0.1682811677455902
1.643290735, 0.19749900698661804
1.645341621, 0.2064724564552307
1.6473362809999998, 0.1857079565525055
1.649390769, 0.18324941396713257
1.651578518, 0.1884024739265442
1.653455953, 0.20551395416259766
1.655479506, 0.19603231549263
1.6575430020000002, 0.18255147337913513
1.6595828049999999, 0.16937249898910522
1.661572126, 0.17168554663658142
1.66361987, 0.19400173425674438
1.665638991, 0.21260085701942444
1.6676631039999998, 0.2010630965232849
1.669753227, 0.17345008254051208
1.6717811, 0.19374579191207886
1.673803978, 0.19125905632972717
1.6758162410000002, 0.19018438458442688
1.677850378, 0.17189642786979675
1.6798744289999998, 0.18493950366973877
1.681923393, 0.18896612524986267
1.6839231620000001, 0.19166386127471924
1.685943978, 0.20850369334220886
1.687961063, 0.19003912806510925
1.6899986710000001, 0.18169859051704407
1.692043738, 0.1842668056488037
1.69406168, 0.19345450401306152
1.696068382, 0.1915062963962555
1.6981057640000001, 0.1669386923313141
1.7001717950000002, 0.18141913414001465
1.702140484, 0.17996788024902344
1.704174981, 0.19881081581115723
1.7062299520000002, 0.19695505499839783
1.708241926, 0.18486425280570984
1.710245074, 0.17797976732254028
1.712288644, 0.19431465864181519
1.7143096020000002, 0.1956087350845337
1.716361949, 0.1832902729511261
1.7184081949999999, 0.17520558834075928
1.720437547, 0.17286786437034607
1.722462011, 0.1859709918498993
1.724515291, 0.20244267582893372
1.726527702, 0.2012079358100891
1.728519207, 0.18999001383781433
1.730577867, 0.18357548117637634
1.732583867, 0.19638261198997498
1.734597102, 0.19657325744628906
1.7366725760000001, 0.16820186376571655
1.738666586, 0.18377238512039185
1.740690688, 0.17974793910980225
1.7427691429999999, 0.19127413630485535
1.7447266209999999, 0.1992175579071045
1.746799297, 0.20222774147987366
1.748818041, 0.17955082654953003
1.750819846, 0.1873491406440735
1.7528505060000001, 0.20542633533477783
1.754865224, 0.19355377554893494
1.75690345, 0.19200950860977173
1.7589493539999999, 0.1690043807029724
1.760948227, 0.17239788174629211
1.762977631, 0.19439247250556946
1.7649997769999999, 0.20526692271232605
1.767059449, 0.20209452509880066
1.7690383349999999, 0.17895206809043884
1.771081974, 0.1907249391078949
1.773105989, 0.20883610844612122
1.7751296239999999, 0.19400030374526978
1.777156861, 0.18180358409881592
1.779208476, 0.1886841058731079
1.781204346, 0.17390507459640503
1.7832630250000001, 0.2045532464981079
1.785267391, 0.20178738236427307
1.787284601, 0.18816602230072021
1.7893160240000001, 0.18499156832695007
1.791346213, 0.19655227661132812
1.7933681, 0.20384427905082703
1.795393554, 0.1914680004119873
1.797462747, 0.1779782772064209
1.799460926, 0.18273091316223145
1.801505044, 0.1705630123615265
1.803477785, 0.2014525830745697
1.8055497329999999, 0.2046130895614624
1.8075339430000001, 0.1917007565498352
1.809566297, 0.1759989857673645
1.811830058, 0.20541033148765564
1.81371721, 0.1963576376438141
1.815758857, 0.18126744031906128
1.817773564, 0.17883411049842834
1.819908436, 0.1833024024963379
1.82188014, 0.18086785078048706
1.823891924, 0.2106289267539978
1.826040063, 0.2134479284286499
1.828069817, 0.19242295622825623
1.830070554, 0.1828291118144989
1.8320794459999998, 0.18985065817832947
1.834211848, 0.2114027738571167
1.8361978140000002, 0.1935473382472992
1.838275992, 0.18054434657096863
1.840237517, 0.1794217824935913
1.8422619089999999, 0.1855943202972412
1.844274035, 0.211363285779953
1.846329555, 0.20297887921333313
1.848368547, 0.18080684542655945
1.850416131, 0.1876271665096283
1.8525798, 0.19064918160438538
1.854521552, 0.18368148803710938
1.8565887829999999, 0.1836525797843933
1.858586149, 0.16854307055473328
1.86061923, 0.1674163043498993
1.862639046, 0.18657225370407104
1.864637959, 0.19594228267669678
1.866712738, 0.20669621229171753
1.8687394099999999, 0.18352219462394714
1.870871305, 0.1828727126121521
1.8728873369999999, 0.18791958689689636
1.8749365820000001, 0.17831340432167053
1.876970056, 0.19003620743751526
1.878982685, 0.18240568041801453
1.881000381, 0.18220576643943787
1.883069007, 0.21070104837417603
1.8851035760000001, 0.21939653158187866
1.8871300720000002, 0.20254573225975037
1.8896226010000001, 0.1816672384738922
1.891571162, 0.19561195373535156
1.8935928469999999, 0.20075058937072754
1.895633498, 0.18745940923690796
1.8976831440000002, 0.17975223064422607
1.899659143, 0.17532193660736084
1.902023303, 0.16785269975662231
1.904086553, 0.19790109992027283
1.906075414, 0.20497268438339233
1.9081170410000001, 0.17935845255851746
1.9102061780000001, 0.18264251947402954
1.912231581, 0.19064456224441528
1.9142099959999999, 0.18629491329193115
1.916227398, 0.18888205289840698
1.918279974, 0.17373445630073547
1.920265383, 0.17188385128974915
1.922293411, 0.18295270204544067
1.9243572260000001, 0.1980361044406891
1.926371861, 0.20528548955917358
1.928381165, 0.1835949420928955
1.930401438, 0.18304142355918884
1.932443228, 0.1811128854751587
1.934457653, 0.1942349374294281
1.936487764, 0.1745488941669464
1.938512547, 0.18671676516532898
1.9405229579999999, 0.17751401662826538
1.942576205, 0.19200286269187927
1.9445787129999998, 0.2198721170425415
1.946622627, 0.20927220582962036
1.948646112, 0.18325883150100708
1.950695315, 0.19118225574493408
1.9527249530000002, 0.2095116674900055
1.954733404, 0.20084744691848755
1.956764571, 0.1924656629562378
1.958773351, 0.1810263991355896
1.96081641, 0.18083083629608154
1.962876801, 0.19769605994224548
1.964850832, 0.21528947353363037
1.9668924749999999, 0.20178627967834473
1.968899202, 0.17308568954467773
1.9709304410000001, 0.17344027757644653
1.972957351, 0.19253680109977722
1.9749908189999998, 0.17512547969818115
1.9771195700000002, 0.17623841762542725
1.979029126, 0.1722458004951477
1.981099282, 0.17283493280410767
1.983091526, 0.1922941505908966
1.985125579, 0.20054107904434204
1.987131086, 0.20016005635261536
1.990531066, 0.18276503682136536
1.992586512, 0.19356650114059448
1.9946084, 0.20339226722717285
1.99659714, 0.1841050684452057
1.998636474, 0.16900616884231567
2.00066038, 0.17709213495254517
2.002689865, 0.18615934252738953
2.005041996, 0.203380286693573
2.007059434, 0.19215652346611023
2.009079045, 0.1779698133468628
2.01111775, 0.1903335154056549
2.01312211, 0.19402915239334106
2.015242084, 0.1909599006175995
2.017201714, 0.18630924820899963
2.019231946, 0.18328064680099487
2.0217693, 0.17740756273269653
2.023733651, 0.21396028995513916
2.025757286, 0.2137453556060791
2.027797205, 0.20528176426887512
2.030166019, 0.1887216567993164
2.032569814, 0.19552651047706604
2.034605825, 0.1971340775489807
2.036628395, 0.19771236181259155
2.038634207, 0.1817740499973297
2.040861007, 0.18024152517318726
2.042757221, 0.19290384650230408
2.044783757, 0.19958052039146423
2.046818661, 0.20108532905578613
2.048845718, 0.18774497509002686
2.05090734, 0.17441591620445251
2.053016975, 0.1902354657649994
2.055038973, 0.1883263885974884
2.057057015, 0.19749709963798523
2.059073902, 0.1824164092540741
2.061117899, 0.19535422325134277
2.063139691, 0.2056025266647339
2.065199955, 0.2090340256690979
2.067205383, 0.21400752663612366
2.069215658, 0.19504910707473755
2.071300962, 0.18162128329277039
2.073286085, 0.2097739279270172
2.075294664, 0.1924251914024353
2.077368816, 0.19469913840293884
2.079374249, 0.18359971046447754
2.08138668, 0.18989771604537964
2.083395415, 0.20760899782180786
2.085449876, 0.20547202229499817
2.087474197, 0.20822769403457642
2.089524313, 0.17632699012756348
2.091913222, 0.19143810868263245
2.093909769, 0.1950816810131073
2.095874898, 0.18470701575279236
2.097942687, 0.17954906821250916
2.099941344, 0.1804197132587433
2.102028102, 0.17416244745254517
2.104002489, 0.19400039315223694
2.106022619, 0.20301178097724915
2.108081103, 0.1866668164730072
2.110059263, 0.1747640073299408
2.11209403, 0.19595229625701904
2.114100531, 0.18094247579574585
2.116161086, 0.19080978631973267
2.118157064, 0.17771291732788086
2.120197394, 0.17107748985290527
2.122231584, 0.18203485012054443
2.124254718, 0.2092580497264862
2.126286289, 0.2082403302192688
2.128331613, 0.18066057562828064
2.130325886, 0.18835872411727905
2.132366637, 0.1811947226524353
2.134368679, 0.1919349730014801
2.136422066, 0.18406745791435242
2.138478396, 0.17532366514205933
2.140454577, 0.18076765537261963
2.142481561, 0.18926438689231873
2.144561313, 0.20634207129478455
2.146544576, 0.20119810104370117
2.148593598, 0.18149131536483765
2.150596076, 0.1802588701248169
2.152747517, 0.19744697213172913
2.154772492, 0.19792398810386658
2.156769073, 0.18366298079490662
2.158826733, 0.17640358209609985
2.160824208, 0.17316430807113647
2.162901315, 0.19115832448005676
2.164898197, 0.21091657876968384
2.166935476, 0.20603469014167786
2.168917191, 0.18446379899978638
2.170948463, 0.17381465435028076
2.172979653, 0.213373064994812
2.175018764, 0.191209077835083
2.17705251, 0.19697478413581848
2.179101087, 0.19090968370437622
2.181569033, 0.1856926679611206
2.183198326, 0.21645408868789673
2.185171983, 0.21656039357185364
2.18721573, 0.1992405354976654
2.18924687, 0.19055429100990295
2.191273077, 0.1936057209968567
2.193313182, 0.2213418185710907
2.195323619, 0.20395731925964355
2.197329708, 0.18795302510261536
2.19937942, 0.18325182795524597
2.201417516, 0.18810716271400452
2.203475669, 0.21288853883743286
2.20544649, 0.21851885318756104
2.207481682, 0.19794851541519165
2.209563362, 0.1997980773448944
2.211576947, 0.2009584903717041
2.213594062, 0.20626598596572876
2.215614286, 0.19778072834014893
2.2176209, 0.18757525086402893
2.219670888, 0.1776539385318756
2.221710866, 0.18554151058197021
2.223712628, 0.21395480632781982
2.225731316, 0.2108880877494812
2.22776477, 0.19784709811210632
2.229785594, 0.19093844294548035
2.231836853, 0.19320225715637207
2.233850416, 0.20992931723594666
2.235892859, 0.19430682063102722
2.237913483, 0.1974201798439026
2.239912833, 0.1797734797000885
2.241953995, 0.17845693230628967
2.244164824, 0.22525465488433838
2.246228474, 0.2170408070087433
2.248246565, 0.19458386301994324
2.250249865, 0.18278446793556213
2.252258631, 0.19740155339241028
2.254289154, 0.19590485095977783
2.256319442, 0.19204774498939514
2.25835399, 0.1839333474636078
2.260396243, 0.17600500583648682
2.262401723, 0.19323083758354187
2.264414592, 0.19755154848098755
2.266451729, 0.19350627064704895
2.268536405, 0.17886853218078613
2.270513054, 0.17691108584403992
2.272542982, 0.18569818139076233
2.274599091, 0.18312817811965942
2.276611582, 0.1748093068599701
2.278619842, 0.16699150204658508
2.280858747, 0.16295090317726135
2.282851986, 0.19983190298080444
2.284881846, 0.21265500783920288
2.286915859, 0.20773208141326904
2.288929646, 0.18820327520370483
2.290967457, 0.18373921513557434
2.292991359, 0.20156055688858032
2.295009883, 0.18536454439163208
2.297055352, 0.2014296054840088
2.2990993, 0.17690593004226685
2.301102067, 0.17446133494377136
2.303131505, 0.1989927589893341
2.30514655, 0.20773380994796753
2.307199169, 0.2014656662940979
2.309225582, 0.18385404348373413
2.311438535, 0.18563410639762878
2.313834455, 0.1930655837059021
2.3158584429999998, 0.20023277401924133
2.317910776, 0.18997237086296082
2.319913487, 0.19493067264556885
2.321964935, 0.19200679659843445
2.3239580650000002, 0.2113730013370514
2.326049604, 0.20797359943389893
2.329451229, 0.18897441029548645
2.331471997, 0.2053479552268982
2.333518261, 0.20675963163375854
2.335515772, 0.19799241423606873
2.337546178, 0.19479641318321228
2.339572682, 0.17303991317749023
2.341611862, 0.18201333284378052
2.343663488, 0.2015140950679779
2.345661859, 0.20949089527130127
2.347675095, 0.19950905442237854
2.349718543, 0.18418893218040466
2.351754518, 0.20119905471801758
2.353749296, 0.21832913160324097
2.355801874, 0.1942380666732788
2.357820101, 0.2062433660030365
2.359872881, 0.17947494983673096
2.3618515909999998, 0.16850927472114563
2.363875241, 0.19882038235664368
2.365999718, 0.20247837901115417
2.367995003, 0.18634259700775146
2.369977618, 0.17455485463142395
2.372040333, 0.1862548291683197
2.374150038, 0.1919102668762207
2.376311947, 0.18147650361061096
2.378415924, 0.17425280809402466
2.380619057, 0.18065160512924194
2.382549842, 0.18232887983322144
2.384635977, 0.19673794507980347
2.386607688, 0.19842657446861267
2.388645107, 0.17454588413238525
2.390705106, 0.18081581592559814
2.392691893, 0.20369428396224976
2.394712415, 0.18702855706214905
2.396740966, 0.16676056385040283
2.398765066, 0.1793091893196106
2.400801947, 0.17165133357048035
2.402816491, 0.18567341566085815
2.405203412, 0.20905864238739014
2.40691898, 0.20452067255973816
2.408904335, 0.16978055238723755
2.410998871, 0.18071800470352173
2.412975559, 0.1907748281955719
2.415085366, 0.18656286597251892
2.417157702, 0.17644944787025452
2.419236989, 0.16140121221542358
2.421241626, 0.1713106334209442
2.423201273, 0.188047856092453
2.425217624, 0.19132071733474731
2.427284109, 0.1932915449142456
2.429265824, 0.17196354269981384
2.431615268, 0.1865766942501068
2.433650642, 0.18607258796691895
2.435721239, 0.17621612548828125
2.4376666289999998, 0.17661863565444946
2.441952678, 0.17045482993125916
2.444151982, 0.19702932238578796
2.44612522, 0.19512486457824707
2.448213786, 0.18033158779144287
2.450220464, 0.16729620099067688
2.452253481, 0.19675177335739136
2.454301715, 0.18632078170776367
2.456310341, 0.18434488773345947
2.458307247, 0.1725720465183258
2.460350858, 0.16059976816177368
2.462371926, 0.17839491367340088
2.464391336, 0.19263732433319092
2.466420976, 0.19704905152320862
2.46843636, 0.1753176748752594
2.470485523, 0.18076765537261963
2.472517548, 0.18407005071640015
2.474593873, 0.19118225574493408
2.47661516, 0.18497473001480103
2.478626227, 0.16907018423080444
2.480644143, 0.16591724753379822
2.482667103, 0.18132969737052917
2.484672602, 0.19402191042900085
2.486703598, 0.2051691710948944
2.488728364, 0.17686721682548523
2.490763623, 0.1791895627975464
2.492769849, 0.1978181004524231
2.494801527, 0.18909236788749695
2.496902069, 0.18214115500450134
2.498872344, 0.16289660334587097
2.500890486, 0.16337370872497559
2.502980719, 0.1877562701702118
2.504945362, 0.19590556621551514
2.506964627, 0.1968322992324829
2.5090738999999997, 0.17566978931427002
2.511084281, 0.18038630485534668
2.513071441, 0.1953924000263214
2.515099788, 0.20368963479995728
2.51710757, 0.18221592903137207
2.519137298, 0.17336514592170715
2.521225459, 0.17480283975601196
2.523196919, 0.19011738896369934
2.525377953, 0.19713637232780457
2.527356827, 0.19606178998947144
2.52962677, 0.17665645480155945
2.531650368, 0.19274818897247314
2.533699732, 0.20852631330490112
2.535722841, 0.1806812584400177
2.537785147, 0.17760929465293884
2.539772209, 0.17130473256111145
2.5418160739999998, 0.17869606614112854
2.543870344, 0.20582497119903564
2.545852627, 0.19513165950775146
2.547906294, 0.1881585717201233
2.549918028, 0.1777622103691101
2.5522819930000002, 0.18988871574401855
2.554342829, 0.19610127806663513
2.556375776, 0.1771571934223175
2.558539915, 0.19207236170768738
2.56059447, 0.17158639430999756
2.56255905, 0.192970871925354
2.5645601190000002, 0.2090643346309662
2.566602836, 0.2018645703792572
2.568621162, 0.17389515042304993
2.570661864, 0.1715680956840515
2.572697258, 0.19330862164497375
2.574703017, 0.193208247423172
2.576713554, 0.18218636512756348
2.578758851, 0.16725245118141174
2.580767777, 0.1693677008152008
2.582831155, 0.19083833694458008
2.584851297, 0.192674458026886
2.586855017, 0.19484344124794006
2.588892005, 0.17544111609458923
2.59105297, 0.19498136639595032
2.593051354, 0.2119406759738922
2.595102058, 0.19923800230026245
2.597109997, 0.18679136037826538
2.599138789, 0.17485883831977844
2.601168096, 0.1719450056552887
2.603216148, 0.21053847670555115
2.605213117, 0.20214715600013733
2.607258452, 0.20370283722877502
2.609278591, 0.19051593542099
2.611291869, 0.18593183159828186
2.613308485, 0.1965750753879547
2.615388371, 0.19161808490753174
2.617364372, 0.18623608350753784
2.6194049059999998, 0.1796931028366089
2.62142521, 0.19188058376312256
2.6234601189999998, 0.19605541229248047
2.62547597, 0.2015836536884308
2.627522192, 0.19856414198875427
2.6295214639999998, 0.18661022186279297
2.6315494619999997, 0.20087963342666626
2.63361074, 0.2085978090763092
2.63562513, 0.19196361303329468
2.637649497, 0.19648534059524536
2.6397109, 0.1807500422000885
2.64170277, 0.18364804983139038
2.643711914, 0.21840503811836243
2.645737882, 0.21124491095542908
2.6477789290000002, 0.19426026940345764
2.649790216, 0.1845695674419403
2.652211469, 0.19330522418022156
2.654228724, 0.19227886199951172
2.656323143, 0.18390271067619324
2.658312422, 0.17842966318130493
2.660343404, 0.17441505193710327
2.662373479, 0.18392980098724365
2.66448064, 0.19959640502929688
2.666405062, 0.1975242793560028
2.668441239, 0.1741732656955719
2.670498645, 0.19199690222740173
2.6725212000000003, 0.20064470171928406
2.674523971, 0.189214825630188
2.676564382, 0.18908575177192688
2.678586915, 0.17527452111244202
2.680609656, 0.1704922914505005
2.682624728, 0.1860591471195221
2.684660528, 0.20051899552345276
2.686675315, 0.1879015564918518
2.6887206409999997, 0.16820451617240906
2.690729378, 0.18614664673805237
2.692782636, 0.1925109624862671
2.69477438, 0.18481764197349548
2.6968286089999998, 0.18357983231544495
2.69881774, 0.1619938313961029
2.700847837, 0.17530322074890137
2.702889043, 0.18850448727607727
2.704963018, 0.19151648879051208
2.706959865, 0.1925109624862671
2.708964965, 0.17808961868286133
2.710998935, 0.18512815237045288
2.7130410400000002, 0.18943357467651367
2.715042246, 0.19277289509773254
2.717082898, 0.18064162135124207
2.719106242, 0.17989012598991394
2.72111414, 0.170913428068161
2.723173891, 0.21097904443740845
2.7252004359999997, 0.20852956175804138
2.727194008, 0.2098623812198639
2.729249217, 0.18201547861099243
2.731310375, 0.19418707489967346
2.733296161, 0.2023882269859314
2.7352935350000003, 0.18719562888145447
2.737360023, 0.18715634942054749
2.740637776, 0.17018994688987732
2.742617338, 0.1901267170906067
2.745793874, 0.20497259497642517
2.747807828, 0.18931546807289124
2.749820249, 0.17886453866958618
2.7519797280000002, 0.18940606713294983
2.753954047, 0.21705061197280884
2.755971099, 0.1988455355167389
2.758027356, 0.1748451292514801
2.760028698, 0.18112480640411377
2.762056057, 0.19028615951538086
2.76410073, 0.2076708972454071
2.766107631, 0.2109365165233612
2.768128994, 0.18464931845664978
2.770158704, 0.190682053565979
2.772194829, 0.21317222714424133
2.774227421, 0.1998547613620758
2.776362992, 0.19800230860710144
2.778398566, 0.18247199058532715
2.7804511290000002, 0.17660820484161377
2.782435272, 0.19635102152824402
2.7844809010000002, 0.20599856972694397
2.7864983690000003, 0.211851567029953
2.788540481, 0.18381255865097046
2.790572376, 0.17268753051757812
2.792599623, 0.20192596316337585
2.794645277, 0.18793430924415588
2.796636691, 0.20157930254936218
2.7986385929999997, 0.17338737845420837
2.800710462, 0.17672592401504517
2.802694666, 0.20077276229858398
2.804710672, 0.2087399661540985
2.806824578, 0.19688597321510315
2.808883787, 0.1850239634513855
2.8108879890000003, 0.17929381132125854
2.812910133, 0.1956237256526947
2.814942034, 0.18494433164596558
2.816985472, 0.17678207159042358
2.818983965, 0.1789131462574005
2.8210162519999997, 0.1787194311618805
2.823069898, 0.19849300384521484
2.825068779, 0.2003018856048584
2.827093039, 0.19624197483062744
2.829909602, 0.17833298444747925
2.831958012, 0.19245287775993347
2.834006662, 0.20044922828674316
2.836011739, 0.1875711977481842
2.838025324, 0.17043179273605347
2.840064318, 0.17260685563087463
2.842070456, 0.1796208918094635
2.8441125510000003, 0.19920769333839417
2.846146365, 0.21526384353637695
2.848167177, 0.1875043511390686
2.85019671, 0.19023367762565613
2.852202025, 0.195463627576828
2.8542168869999998, 0.19987526535987854
2.856252932, 0.18702486157417297
2.858280351, 0.17173972725868225
2.8603150680000002, 0.18741342425346375
2.8623397969999997, 0.1903129518032074
2.864369176, 0.20088529586791992
2.866381057, 0.19256052374839783
2.868399746, 0.1793285608291626
2.870432995, 0.17907604575157166
2.872455207, 0.19206303358078003
2.874539778, 0.18989771604537964
2.876541703, 0.19557133316993713
2.8785366679999997, 0.19155007600784302
2.880553612, 0.1852935552597046
2.882606284, 0.19728001952171326
2.884680238, 0.2000378668308258
2.886642362, 0.20611712336540222
2.888664134, 0.18045642971992493
2.8907267169999997, 0.19392088055610657
2.892724052, 0.1946096420288086
2.8947620389999997, 0.19263184070587158
2.896749013, 0.17391425371170044
2.8987799990000003, 0.17258882522583008
2.900832195, 0.1657722294330597
2.9028549679999998, 0.20115125179290771
2.904889066, 0.20225995779037476
2.906888094, 0.19549423456192017
2.908919502, 0.17511722445487976
2.910940592, 0.18248248100280762
2.9130299170000002, 0.2129274606704712
2.915017398, 0.19306111335754395
2.9170543970000002, 0.18643102049827576
2.919055738, 0.17246133089065552
2.921117789, 0.17272087931632996
2.923107963, 0.20500239729881287
2.9251566369999997, 0.2010992169380188
2.927174748, 0.19236913323402405
