0.482738244, -0.30394652485847473
0.484744223, -0.3023760914802551
0.487257941, -0.30057796835899353
0.489312375, -0.3026839792728424
0.491355682, -0.28621846437454224
0.493377812, -0.2964354455471039
0.495497926, -0.30301135778427124
0.497466465, -0.30603742599487305
0.499651953, -0.3018622398376465
0.501622196, -0.2987577021121979
0.503683799, -0.3147951662540436
0.505745641, -0.3061351180076599
0.507725196, -0.31069403886795044
0.509738129, -0.3098543882369995
0.511752816, -0.2981550097465515
0.513797822, -0.313908189535141
0.51580193, -0.2982703149318695
0.517854742, -0.3031332194805145
0.519875673, -0.299360066652298
0.521900716, -0.29403355717658997
0.523955188, -0.3005119562149048
0.52595927, -0.29777246713638306
0.527977262, -0.3080849051475525
0.530059099, -0.30198898911476135
0.532034913, -0.28175854682922363
0.534022777, -0.30728960037231445
0.536095965, -0.3030258119106293
0.538110153, -0.29755350947380066
0.540120449, -0.2937144637107849
0.542153909, -0.28416141867637634
0.544166239, -0.2881043553352356
0.546225335, -0.2857614755630493
0.5482602, -0.2975435256958008
0.550268569, -0.3006489872932434
0.552290692, -0.2928994297981262
0.554319962, -0.30385804176330566
0.556328547, -0.31507888436317444
0.558387225, -0.3097202777862549
0.560388004, -0.30282285809516907
0.56242004, -0.29566439986228943
0.564464396, -0.302162230014801
0.566516673, -0.3035675287246704
0.568500001, -0.3023066818714142
0.570517686, -0.3009866774082184
0.572532654, -0.29308998584747314
0.574560149, -0.31204408407211304
0.576592518, -0.3102257251739502
0.578626692, -0.30080682039260864
0.580708999, -0.29954683780670166
0.582913517, -0.3051576018333435
0.585011246, -0.2998773157596588
0.587022193, -0.30319052934646606
0.589126783, -0.29003670811653137
0.591289448, -0.27816033363342285
0.59720096, -0.30813613533973694
0.601765924, -0.2960902452468872
0.605113301, -0.29559528827667236
0.607944049, -0.2974013090133667
0.610111018, -0.29725632071495056
0.611961575, -0.2834925353527069
0.613984958, -0.31199637055397034
0.616046561, -0.3135768473148346
0.61800492, -0.2944159209728241
0.620036439, -0.29875612258911133
0.622149939, -0.288286417722702
0.624099343, -0.30451837182044983
0.626116721, -0.287598192691803
0.628171021, -0.29328083992004395
0.630223108, -0.29859256744384766
0.632225024, -0.2913094758987427
0.634231917, -0.2992739975452423
0.636278336, -0.3138713538646698
0.6382952, -0.30438631772994995
0.641733421, -0.30002981424331665
0.643809917, -0.3141346275806427
0.645864178, -0.30112409591674805
0.647870116, -0.30520445108413696
0.649923512, -0.2971894145011902
0.652570034, -0.291298508644104
0.654461078, -0.302940309047699
0.656538743, -0.2986890971660614
0.658610847, -0.3039330542087555
0.661279927, -0.31328609585762024
0.665268924, -0.29019027948379517
0.667411749, -0.2956734001636505
0.669367973, -0.29803431034088135
0.671385707, -0.2852085530757904
0.673495179, -0.2962172329425812
0.6755275, -0.31484776735305786
0.677564636, -0.3034818470478058
0.679565654, -0.2917931377887726
0.681624148, -0.2925330698490143
0.683628089, -0.3070286214351654
0.685634461, -0.3005835711956024
0.687689994, -0.2957439720630646
0.689869031, -0.29584312438964844
0.691728445, -0.28116530179977417
0.693758897, -0.3131426274776459
0.695783313, -0.3118284344673157
0.6978483, -0.2985893189907074
0.699867393, -0.2952975928783417
0.701868751, -0.3046277165412903
0.703874423, -0.31116458773612976
0.705904701, -0.30488812923431396
0.707925371, -0.29880738258361816
0.70996504, -0.2932215631008148
0.711990994, -0.2809489071369171
0.714030272, -0.3019353151321411
0.716033526, -0.3017674386501312
0.718091457, -0.29469382762908936
0.720664574, -0.3092055916786194
0.722642827, -0.30156025290489197
0.724673711, -0.29681965708732605
0.72668491, -0.2999531030654907
0.728704913, -0.3077099025249481
0.730730589, -0.3023218512535095
0.732763374, -0.29049918055534363
0.734814338, -0.2996213734149933
0.73680639, -0.30393505096435547
0.738820476, -0.29978057742118835
0.740863361, -0.3017813563346863
0.742889085, -0.2953660786151886
0.744938043, -0.30332499742507935
0.74692559, -0.3018491566181183
0.748948511, -0.2891169786453247
0.751429594, -0.2847595810890198
0.753452826, -0.28609633445739746
0.755481805, -0.29692554473876953
0.757507294, -0.2981070578098297
0.759529811, -0.2832393944263458
0.76152604, -0.2939978539943695
0.763600637, -0.30243611335754395
0.765623806, -0.29868850111961365
0.767640711, -0.2975447177886963
0.769681417, -0.2927268445491791
0.77208756, -0.279929518699646
0.774852226, -0.304348349571228
0.776875451, -0.2959127724170685
0.778905054, -0.28951671719551086
0.78096791, -0.29293540120124817
0.782939636, -0.294232577085495
0.784979657, -0.2837204039096832
0.787019241, -0.30361971259117126
0.789023682, -0.30016008019447327
0.791049169, -0.2930592894554138
0.793093262, -0.3061954379081726
0.795109021, -0.308075875043869
0.797233952, -0.30875256657600403
0.79921737, -0.31101593375205994
0.801390681, -0.3063914477825165
0.803262086, -0.30158957839012146
0.805272161, -0.30041244626045227
0.807305627, -0.2963523864746094
0.809340817, -0.29975029826164246
0.811428864, -0.29590386152267456
0.813405302, -0.3070908784866333
0.815444199, -0.30199530720710754
0.817457626, -0.30434897541999817
0.819487732, -0.30166107416152954
0.821524485, -0.29101717472076416
0.823596834, -0.2992764413356781
0.825598295, -0.2920731008052826
0.827658881, -0.299251914024353
0.82976495, -0.2883780598640442
0.83179552, -0.26845264434814453
0.833819295, -0.29673805832862854
0.835838037, -0.30019351840019226
0.837865476, -0.2918713688850403
0.839884068, -0.29734233021736145
0.841941956, -0.28964731097221375
0.843985373, -0.30075299739837646
0.845956441, -0.3059598207473755
0.848003436, -0.3008783161640167
0.8500322, -0.29542994499206543
0.852034912, -0.2897108495235443
0.854079523, -0.30757448077201843
0.856103924, -0.3103814721107483
0.858147627, -0.31062570214271545
0.860205387, -0.3043688237667084
0.862177669, -0.29952046275138855
0.864167503, -0.3063463270664215
0.866268287, -0.303432434797287
0.868295971, -0.31457534432411194
0.870318574, -0.2992260158061981
0.872340819, -0.2902255952358246
0.87438906, -0.31247279047966003
0.876408657, -0.31148913502693176
0.878414509, -0.29723602533340454
0.880525577, -0.30633360147476196
0.882524669, -0.3062003254890442
0.884554836, -0.30777260661125183
0.886584339, -0.31539833545684814
0.88860829, -0.296664834022522
0.890682501, -0.29086169600486755
0.892674222, -0.29488298296928406
0.894687213, -0.31269195675849915
0.896746816, -0.3030421733856201
0.898748687, -0.2949571907520294
0.900819038, -0.2875197231769562
0.90281524, -0.2900009751319885
0.904901961, -0.29666513204574585
0.906890861, -0.30283990502357483
0.908913995, -0.28951072692871094
0.910935016, -0.27955886721611023
0.912945095, -0.2966417968273163
0.914982164, -0.30092960596084595
0.917041856, -0.3019658327102661
0.919260065, -0.2956681549549103
0.921371256, -0.29093652963638306
0.923506025, -0.302205890417099
0.925561859, -0.3010168671607971
0.928443681, -0.29612451791763306
0.930399001, -0.2964390218257904
0.932412335, -0.28295034170150757
0.934431256, -0.30547815561294556
0.936484205, -0.3089870512485504
0.938482389, -0.2963995337486267
0.940553954, -0.29709431529045105
0.942545348, -0.2870025932788849
0.944568284, -0.29557734727859497
0.94658837, -0.3016112744808197
0.948611403, -0.2986448407173157
0.951069163, -0.29566869139671326
0.953007521, -0.2929328680038452
0.95505053, -0.29582929611206055
0.957071076, -0.29797783493995667
0.959152766, -0.29286766052246094
0.961148971, -0.2918439507484436
0.963163329, -0.30287301540374756
0.965200613, -0.29847419261932373
0.96721937, -0.30156758427619934
0.969275892, -0.2913302481174469
0.971303461, -0.2804934084415436
0.973316713, -0.31431183218955994
0.975336903, -0.30045560002326965
0.977403949, -0.2960878312587738
0.979498683, -0.29001691937446594
0.981720163, -0.2867439389228821
0.983731242, -0.3051146864891052
0.985790211, -0.29133206605911255
0.98778095, -0.2866675555706024
0.989828202, -0.29343435168266296
0.991834586, -0.2894957959651947
0.993867735, -0.30867284536361694
0.995955395, -0.3088839650154114
0.997926888, -0.2934858500957489
0.999936964, -0.29809513688087463
1.002337075, -0.2950531542301178
1.004309295, -0.30396097898483276
1.006361512, -0.2967317998409271
1.008366231, -0.31350812315940857
1.010398881, -0.30656638741493225
1.012422599, -0.30077576637268066
1.014463816, -0.313323438167572
1.016488971, -0.30251482129096985
1.0186186, -0.3135257661342621
1.02090943, -0.30939099192619324
1.023010433, -0.30577021837234497
1.025303408, -0.3022402226924896
1.027228222, -0.31099414825439453
1.029245216, -0.3105269968509674
1.031284078, -0.2956753969192505
1.033306031, -0.3057071566581726
1.03536593, -0.310207724571228
1.037493861, -0.29763996601104736
1.03948066, -0.29339903593063354
1.041557384, -0.2947598695755005
1.043572692, -0.3126169741153717
1.045690001, -0.3016227185726166
1.047783224, -0.3032601773738861
1.049746945, -0.2968023717403412
1.051823508, -0.2870001494884491
1.054296757, -0.3050180971622467
1.056491499, -0.29476067423820496
1.058818468, -0.3086368143558502
1.060805887, -0.3028913140296936
1.062871237, -0.3005819022655487
1.0651028359999999, -0.29518258571624756
1.067133948, -0.2915670871734619
1.069142413, -0.28038695454597473
1.071200738, -0.2774547338485718
1.073206296, -0.2916855812072754
1.075198653, -0.3002947270870209
1.07724816, -0.30136799812316895
1.079381569, -0.3012440502643585
1.081374019, -0.2965811789035797
1.083491843, -0.3066158890724182
1.085423657, -0.2949967086315155
1.087456988, -0.29920393228530884
1.089516696, -0.29934409260749817
1.091531713, -0.2778148055076599
1.093537634, -0.29709184169769287
1.095706319, -0.30930718779563904
1.09782252, -0.30444592237472534
1.099982873, -0.2989579439163208
1.102083187, -0.28996750712394714
1.104313196, -0.308883935213089
1.10632261, -0.29780644178390503
1.108923788, -0.28905636072158813
1.110951466, -0.30482205748558044
1.113051369, -0.30118528008461
1.115053, -0.3024233877658844
1.117104935, -0.3088969588279724
1.119166461, -0.3056662082672119
1.12256328, -0.28812506794929504
1.124574146, -0.30063655972480774
1.126570504, -0.2914794683456421
1.128603726, -0.2918654680252075
1.130767319, -0.28898897767066956
1.132764833, -0.2839021682739258
1.134765718, -0.29181817173957825
1.136871258, -0.28935906291007996
1.140081639, -0.29593145847320557
1.142295245, -0.28840139508247375
1.144335123, -0.29123976826667786
1.14667837, -0.28847330808639526
1.148642154, -0.30227065086364746
1.15064491, -0.2936124801635742
1.152769464, -0.29085540771484375
1.154750414, -0.309939444065094
1.156903203, -0.29630738496780396
1.159033531, -0.2940796911716461
1.161114697, -0.3130445182323456
1.16303849, -0.31642475724220276
1.165171697, -0.30342432856559753
1.167238729, -0.30912044644355774
1.1692626050000001, -0.30765488743782043
1.171307819, -0.3001933693885803
1.173772585, -0.3145161271095276
1.175937618, -0.3115317225456238
1.1779418879999999, -0.31165072321891785
1.179977943, -0.304334431886673
1.182056631, -0.30291011929512024
1.184056969, -0.31826043128967285
1.186115694, -0.2981509566307068
1.188125558, -0.3007318377494812
1.190154239, -0.30243822932243347
1.19223181, -0.2804271876811981
1.194287191, -0.3050130605697632
1.196455248, -0.2983100414276123
1.198453993, -0.2886337339878082
1.200520058, -0.2918929159641266
1.202569965, -0.2952572703361511
1.204559476, -0.3046102821826935
1.206569475, -0.3043559193611145
1.208603159, -0.2958243191242218
1.210750032, -0.29519057273864746
1.212690927, -0.2928162217140198
1.214718594, -0.31902840733528137
1.216740255, -0.3140273094177246
1.218780234, -0.29190322756767273
1.221279615, -0.2994191646575928
1.223976693, -0.31569111347198486
1.22613998, -0.29957345128059387
1.228173502, -0.3055383265018463
1.2303366279999999, -0.30123406648635864
1.232368756, -0.29334139823913574
1.23439441, -0.3059973120689392
1.236430336, -0.3050009608268738
1.238453637, -0.30126896500587463
1.240514439, -0.3002896010875702
1.242579133, -0.29430872201919556
1.244580791, -0.299535870552063
1.246600854, -0.2970925271511078
1.248660993, -0.2863771915435791
1.250639317, -0.29201313853263855
1.252690788, -0.28021183609962463
1.254724216, -0.29691535234451294
1.257023658, -0.3019082546234131
1.259111836, -0.30028656125068665
1.261297366, -0.28794047236442566
1.263384887, -0.29872816801071167
1.265371046, -0.28420236706733704
1.26747834, -0.28889548778533936
1.269503968, -0.28243908286094666
1.271541135, -0.28363922238349915
1.273698659, -0.3069373071193695
1.275693401, -0.3045124411582947
1.2777344099999999, -0.290094792842865
1.279777132, -0.29868677258491516
1.282165046, -0.28329816460609436
1.2841749679999999, -0.2888391613960266
1.286199465, -0.28748875856399536
1.288225451, -0.29666391015052795
1.290219968, -0.29319989681243896
1.2924494100000001, -0.28026083111763
1.294445466, -0.3017842769622803
1.2964996850000001, -0.29971176385879517
1.298546039, -0.29761525988578796
1.300573469, -0.29496386647224426
1.3026076070000001, -0.2887921631336212
1.304638116, -0.2944331467151642
1.306653495, -0.29062601923942566
1.308670002, -0.29062023758888245
1.310713155, -0.28569772839546204
1.312909694, -0.28860706090927124
1.3149197670000001, -0.3070363402366638
1.316912752, -0.3116113245487213
1.3189518439999999, -0.2968108057975769
1.321000042, -0.2948063313961029
1.322985526, -0.2951164245605469
1.3250411739999999, -0.2924736738204956
1.32707194, -0.29948481917381287
1.329080806, -0.2936699092388153
1.33117165, -0.27669498324394226
1.3331381, -0.29311424493789673
1.335161439, -0.3135315477848053
1.337220832, -0.3020682632923126
1.339242509, -0.29365259408950806
1.341267168, -0.2918899655342102
1.343253993, -0.3080352544784546
1.345272486, -0.29428669810295105
1.347406586, -0.30547863245010376
1.349635239, -0.2898074984550476
1.351473001, -0.2888895869255066
1.3534769629999999, -0.3071223795413971
1.355499751, -0.31063881516456604
1.357523451, -0.2989911437034607
1.359562556, -0.29546841979026794
1.361575766, -0.29356649518013
1.363625301, -0.31145885586738586
1.3656300909999999, -0.30713027715682983
1.3676785009999999, -0.2977958023548126
1.369674388, -0.2910129427909851
1.371715099, -0.28965696692466736
1.373731325, -0.30376332998275757
1.375763283, -0.3079482316970825
1.3778318569999999, -0.3023262321949005
1.379823465, -0.2960415482521057
1.381926495, -0.2999950051307678
1.384011298, -0.31938400864601135
1.385919768, -0.3133779466152191
1.387904088, -0.3009982705116272
1.3900193619999999, -0.3045365512371063
1.391962809, -0.2933731973171234
1.393989261, -0.3189156949520111
1.396016294, -0.31786227226257324
1.398050555, -0.2964330017566681
1.400093893, -0.30453500151634216
1.402101756, -0.2955242395401001
1.404135168, -0.3049020767211914
1.406162383, -0.2986127734184265
1.408195057, -0.3003164827823639
1.410200602, -0.29450950026512146
1.412222999, -0.3003770411014557
1.414254041, -0.3108395040035248
1.416297379, -0.30756694078445435
1.41828854, -0.29873719811439514
1.420343936, -0.2971785366535187
1.4223412469999999, -0.29437220096588135
1.424379582, -0.28366076946258545
1.426398047, -0.2919030487537384
1.428419976, -0.2852114737033844
1.430814455, -0.28907644748687744
1.432753769, -0.28859296441078186
1.4348082070000001, -0.29454973340034485
1.436806522, -0.29407620429992676
1.439988243, -0.2891254425048828
1.442481602, -0.28833916783332825
1.444529201, -0.29324227571487427
1.446475751, -0.285669207572937
1.448540503, -0.28390610218048096
1.4505499130000001, -0.29582875967025757
1.452556999, -0.28993329405784607
1.454615726, -0.3119194209575653
1.456624383, -0.29867157340049744
1.458634545, -0.31118902564048767
1.4607196359999999, -0.31043359637260437
1.462894132, -0.31122326850891113
1.464900841, -0.3087118864059448
1.466950515, -0.31193119287490845
1.468953463, -0.30761390924453735
1.4709749570000001, -0.29101836681365967
1.473044346, -0.29758334159851074
1.475077767, -0.30125272274017334
1.477056729, -0.29818660020828247
1.479197624, -0.2992488741874695
1.481128276, -0.29915541410446167
1.48316582, -0.29847821593284607
1.485243955, -0.2974514365196228
1.487209281, -0.29926231503486633
1.489220337, -0.2887031137943268
1.491281603, -0.28109943866729736
1.4932847599999999, -0.3037131726741791
1.49530352, -0.290311336517334
1.4973410280000001, -0.2925047278404236
1.499673251, -0.3008810877799988
1.50168678, -0.28782525658607483
1.50603878, -0.3017450273036957
1.507982861, -0.301694393157959
1.5099789289999999, -0.29509949684143066
1.512017819, -0.27766215801239014
1.514066669, -0.3118201494216919
1.5160714, -0.30503049492836
1.518102136, -0.3109639883041382
1.52049078, -0.3006031811237335
1.5224441340000001, -0.3097732365131378
1.524444203, -0.31614893674850464
1.526498962, -0.3124990165233612
1.528528844, -0.3096313178539276
1.530700658, -0.306123286485672
1.532636284, -0.29953956604003906
1.534575146, -0.3094761073589325
1.5366001009999999, -0.3074348270893097
1.5402941060000002, -0.2970079183578491
1.5434968009999999, -0.31438323855400085
1.545525561, -0.3044222891330719
1.547528719, -0.30595067143440247
1.5495575320000001, -0.30468761920928955
1.55156531, -0.28735682368278503
1.553615712, -0.30074748396873474
1.55595062, -0.30544838309288025
1.5581517200000001, -0.3064597249031067
1.560098344, -0.3042033910751343
1.5621205630000001, -0.29134660959243774
1.564140186, -0.2980524003505707
1.56617896, -0.2985908091068268
1.568209269, -0.2998819649219513
1.570246657, -0.28902697563171387
1.572256369, -0.27476680278778076
1.5742817709999999, -0.3014240860939026
1.5763104650000002, -0.30872786045074463
1.578498038, -0.29121899604797363
1.580382181, -0.30065658688545227
1.5825262119999999, -0.30205675959587097
1.58459198, -0.2978461980819702
1.5865671099999998, -0.303531289100647
1.588665877, -0.29792478680610657
1.590662557, -0.2977915108203888
1.5926641, -0.29235395789146423
1.594668366, -0.31439629197120667
1.596725171, -0.30344945192337036
1.598766043, -0.3074389100074768
1.600789953, -0.3135605454444885
1.602791754, -0.3065269887447357
1.604871758, -0.30733153223991394
1.606855988, -0.3150997757911682
1.60886246, -0.30536243319511414
1.610915944, -0.286956250667572
1.6129154159999999, -0.30242031812667847
1.6149639900000001, -0.3054828643798828
1.616971268, -0.3007924556732178
1.619112728, -0.29222774505615234
1.62105837, -0.2898191511631012
1.6230973629999998, -0.2978849411010742
1.625108714, -0.2995137572288513
1.6271195459999999, -0.2899910807609558
1.629200944, -0.2830760180950165
1.6312025860000001, -0.28485754132270813
1.6332073139999999, -0.3044356107711792
1.635234334, -0.30069002509117126
1.637262309, -0.30032387375831604
1.6395290820000001, -0.2910783886909485
1.641587879, -0.2875155210494995
1.647234976, -0.2967585623264313
1.649253579, -0.2894611656665802
1.651328231, -0.27957630157470703
1.653366978, -0.3062708377838135
1.655386917, -0.3111173212528229
1.6574561719999998, -0.29934778809547424
1.6596070269999998, -0.2940827012062073
1.661539983, -0.2907121777534485
1.663557049, -0.31611964106559753
1.665625503, -0.3016398847103119
1.667688158, -0.29701143503189087
1.6696433179999999, -0.30279457569122314
1.671650066, -0.28576353192329407
1.673694163, -0.3159632980823517
1.675727091, -0.3090135157108307
1.677725908, -0.305487722158432
1.679830553, -0.29058581590652466
1.681798261, -0.3024216294288635
1.683819782, -0.3098311424255371
1.6858487389999999, -0.29462528228759766
1.687878979, -0.2915789783000946
1.689886201, -0.2984261214733124
1.69193942, -0.2964896261692047
1.693957229, -0.31861716508865356
1.695968182, -0.315046489238739
1.697986814, -0.30353668332099915
1.700042187, -0.3073456287384033
1.7020745750000001, -0.30169877409935
1.704078327, -0.310699999332428
1.706109955, -0.30892786383628845
1.708121614, -0.3069147765636444
1.710175457, -0.30365169048309326
1.7121768849999999, -0.2875659465789795
1.7142347340000001, -0.30993640422821045
1.716238368, -0.30102187395095825
1.7182735980000001, -0.3004985451698303
1.720282771, -0.30402010679244995
1.7223064780000001, -0.30483508110046387
1.724343604, -0.3070768117904663
1.7264265779999999, -0.3097144067287445
1.728407368, -0.2985454499721527
1.730453565, -0.29746749997138977
1.732487839, -0.28202447295188904
1.734487237, -0.29886794090270996
1.7365397040000001, -0.29710716009140015
1.738538599, -0.29141131043434143
1.740595655, -0.29370832443237305
1.742616179, -0.29226401448249817
1.744613906, -0.2922811806201935
1.7466930349999998, -0.30594602227211
1.7486684129999999, -0.3062897324562073
1.750721511, -0.3057953417301178
1.752764173, -0.29349756240844727
1.7547834519999999, -0.29729321599006653
1.756772094, -0.303572416305542
1.758811422, -0.29268914461135864
1.760835044, -0.28923800587654114
1.7628485120000001, -0.2883045971393585
1.7648877139999999, -0.2999233901500702
1.766911009, -0.3088836371898651
1.7689290149999999, -0.30351606011390686
1.770967717, -0.29840052127838135
1.773052321, -0.30931249260902405
1.775021215, -0.3026285469532013
1.7771171030000001, -0.3205566108226776
1.779130152, -0.3038291931152344
1.7811139200000001, -0.2933952510356903
1.7831550630000002, -0.2963527739048004
1.785206277, -0.2875671982765198
1.787237992, -0.2946171164512634
1.789270886, -0.28901469707489014
1.791316723, -0.28992196917533875
1.793272962, -0.2972441017627716
1.795341776, -0.29854899644851685
1.7973555989999999, -0.3040372133255005
1.79936843, -0.29253190755844116
1.801379818, -0.291098028421402
1.803404854, -0.28859326243400574
1.80547941, -0.28358328342437744
1.807475598, -0.29084354639053345
1.809477032, -0.29428237676620483
1.811519472, -0.2803201973438263
1.813529562, -0.2939845323562622
1.815584312, -0.31084418296813965
1.817589947, -0.31224778294563293
1.8196481150000001, -0.29872429370880127
1.8216512790000001, -0.2976791560649872
1.823665463, -0.3132307827472687
1.825710832, -0.3049294650554657
1.82771072, -0.30968376994132996
1.82974664, -0.299748033285141
1.832081064, -0.28107836842536926
1.834160287, -0.3096587359905243
1.836278308, -0.3163943588733673
1.838315902, -0.30328038334846497
1.840351562, -0.3015851378440857
1.84236986, -0.3039782643318176
1.8443818840000001, -0.31220993399620056
1.8463940239999999, -0.3068614900112152
1.8484514189999999, -0.2977530062198639
1.850851032, -0.2928535044193268
1.852519627, -0.28730201721191406
1.854527512, -0.2993975579738617
1.8566003420000001, -0.2975977063179016
1.8587352350000002, -0.29123246669769287
1.860660662, -0.29979345202445984
1.86270436, -0.29874563217163086
1.864743674, -0.3028843402862549
1.8667703690000002, -0.29096004366874695
1.8688145870000001, -0.2998734414577484
1.870847914, -0.28503209352493286
1.874369926, -0.30843183398246765
1.876352815, -0.3059435188770294
1.8784702549999999, -0.3007478713989258
1.881844988, -0.2987060844898224
1.8839862410000001, -0.30666014552116394
1.886059708, -0.29983532428741455
1.8880720640000002, -0.30830591917037964
1.890103795, -0.30048224329948425
1.892110326, -0.28893738985061646
1.894464707, -0.31916776299476624
1.89619712, -0.31792280077934265
1.8983509600000001, -0.31796982884407043
1.9003753620000001, -0.31615251302719116
1.902497863, -0.3052119314670563
1.904442683, -0.3125838041305542
1.906499176, -0.3095122277736664
1.908561194, -0.29998260736465454
1.911038167, -0.2949891984462738
1.913072587, -0.31406527757644653
1.9150922719999999, -0.31336018443107605
1.9171295609999999, -0.30653470754623413
1.919159228, -0.29461583495140076
1.9211652080000001, -0.2999471127986908
1.923254859, -0.30153393745422363
1.925284849, -0.29543888568878174
1.927284958, -0.29196763038635254
1.929291004, -0.28408145904541016
1.9313348540000002, -0.28807738423347473
1.933330836, -0.3074594736099243
1.9353675, -0.3035116195678711
1.93737778, -0.30532991886138916
1.939406239, -0.290841281414032
1.941432525, -0.2895222008228302
1.943459874, -0.3118787109851837
1.945546043, -0.28646424412727356
1.948214499, -0.2996502220630646
1.9527668550000001, -0.2917943298816681
1.954840203, -0.31338247656822205
1.956916109, -0.3094852566719055
1.95898179, -0.30070528388023376
1.9609786329999999, -0.28729531168937683
1.963008772, -0.3079535663127899
1.965046199, -0.3100588917732239
1.967085757, -0.31346455216407776
1.969064617, -0.2950226962566376
1.9711458739999999, -0.30149397253990173
1.973117206, -0.30313071608543396
1.975155641, -0.31785497069358826
1.977240474, -0.30641594529151917
1.9793458240000001, -0.30220186710357666
1.981316359, -0.28753069043159485
1.9851625899999998, -0.30347397923469543
1.987808094, -0.29955434799194336
1.9898227529999999, -0.3070306181907654
1.991861023, -0.296365886926651
1.993909358, -0.31095007061958313
1.995919002, -0.30005040764808655
1.9980886359999999, -0.29139894247055054
2.000023019, -0.29958200454711914
2.002087918, -0.2890661656856537
2.004065786, -0.299622505903244
2.006094166, -0.2902851700782776
2.00811445, -0.30137479305267334
2.010321018, -0.295141339302063
2.012300902, -0.30648282170295715
2.014428795, -0.3047766387462616
2.016490423, -0.29242709279060364
2.018477075, -0.30452588200569153
2.020645622, -0.3082726001739502
2.023023117, -0.3011931777000427
2.024981201, -0.3041383922100067
2.027029701, -0.3112364709377289
2.029951018, -0.29831358790397644
2.03186835, -0.2863427996635437
2.034301429, -0.30548176169395447
2.036536655, -0.30416902899742126
2.038497896, -0.3085418939590454
2.040571765, -0.2986711263656616
2.042571144, -0.2969765067100525
2.044588763, -0.29474395513534546
2.046622166, -0.2964191734790802
2.04866896, -0.3038158416748047
2.050648966, -0.29587793350219727
2.052675985, -0.2974741756916046
2.05475324, -0.30904459953308105
2.056967209, -0.3290920853614807
2.058903918, -0.31869956851005554
2.061903965, -0.3020886182785034
2.063921069, -0.3201388120651245
2.065972829, -0.31209540367126465
2.068004807, -0.3127082288265228
2.06999778, -0.2999062240123749
2.072040774, -0.30716368556022644
2.074065334, -0.3266976475715637
2.076070372, -0.3200267553329468
2.078119562, -0.3044464588165283
2.08020784, -0.3069096505641937
2.082216329, -0.29482874274253845
2.084412596, -0.30622485280036926
2.086452923, -0.29829204082489014
2.088466171, -0.2938827872276306
2.090468457, -0.30263859033584595
2.092522275, -0.2932432293891907
2.09455951, -0.3069649934768677
2.097006592, -0.29125791788101196
2.099040332, -0.30087023973464966
2.101011965, -0.2859225273132324
2.103021351, -0.2931237518787384
2.105070662, -0.2957799732685089
2.107051989, -0.2978810966014862
2.109118248, -0.29739177227020264
2.11116039, -0.2821679413318634
2.11314989, -0.2931356430053711
2.115180731, -0.29825612902641296
2.117239425, -0.3122497498989105
2.119247838, -0.3011760115623474
2.121254874, -0.2991136312484741
2.123383123, -0.29892006516456604
2.125325157, -0.2964068651199341
2.127384465, -0.31079742312431335
2.12944195, -0.3006533086299896
2.1316950869999998, -0.2960306704044342
2.133981127, -0.3201586902141571
2.1360037370000002, -0.3037072420120239
2.138068131, -0.3001002371311188
2.1400659380000002, -0.2976286709308624
2.142225271, -0.2981482744216919
2.144230231, -0.30734360218048096
2.146256627, -0.30362603068351746
2.148300842, -0.2975091338157654
2.150755482, -0.29437071084976196
2.15237646, -0.2959693968296051
2.154367938, -0.3146589994430542
2.156380592, -0.30085062980651855
2.158406704, -0.2887108325958252
2.160437472, -0.2913963198661804
2.162497982, -0.2902587354183197
2.164558816, -0.29356449842453003
2.166520853, -0.2875208258628845
2.168545457, -0.28227293491363525
2.170575847, -0.29350969195365906
2.172658416, -0.29069146513938904
2.174675051, -0.2972584366798401
2.176703104, -0.2926996052265167
2.178739642, -0.29709935188293457
2.180756068, -0.2954791188240051
2.182798317, -0.3029523491859436
2.18483613, -0.2991971969604492
2.1868362, -0.2966054677963257
2.18887165, -0.29894763231277466
2.190924231, -0.30352187156677246
2.1929291539999998, -0.3163835108280182
2.194982562, -0.31627118587493896
2.197000058, -0.3127281665802002
2.199018045, -0.31466835737228394
2.201114792, -0.3119209110736847
2.203126717, -0.31718674302101135
2.205109808, -0.3074890375137329
2.207172788, -0.3080238103866577
2.20920713, -0.30369997024536133
2.211254596, -0.3012039065361023
2.21322849, -0.30226147174835205
2.215290431, -0.3094094693660736
2.217332016, -0.31126734614372253
2.219311083, -0.30031058192253113
2.22134027, -0.2989574372768402
2.223430497, -0.3114929795265198
2.225403569, -0.2989364266395569
2.227440856, -0.30140867829322815
2.229472639, -0.29731160402297974
2.231563126, -0.27814120054244995
2.233569398, -0.2979377508163452
2.235633065, -0.3003558814525604
2.237646159, -0.2988211512565613
2.239669816, -0.29298239946365356
2.241691819, -0.2922893464565277
2.243730022, -0.3041232228279114
2.245735799, -0.2948325574398041
2.247825883, -0.2964222729206085
2.249817008, -0.3020135462284088
2.251831882, -0.29026278853416443
2.253864443, -0.3016669750213623
2.256734069, -0.3184608519077301
2.2587553209999998, -0.31088969111442566
2.260756295, -0.30348968505859375
2.262781936, -0.3080231845378876
2.26484586, -0.3095577657222748
2.266815319, -0.3115653395652771
2.268853763, -0.3029126822948456
2.270891413, -0.29568052291870117
2.272889064, -0.3003509044647217
2.274948209, -0.31338220834732056
2.276994558, -0.3055100739002228
2.279084378, -0.2992923855781555
2.281059641, -0.29923030734062195
2.283054196, -0.30402231216430664
2.28508023, -0.3017317056655884
2.287122198, -0.30513161420822144
2.289135904, -0.2998562753200531
2.291190954, -0.28402966260910034
2.29320992, -0.29434263706207275
2.295259305, -0.2977138161659241
2.297253268, -0.29763931035995483
2.299799127, -0.29199135303497314
2.301427636, -0.29050934314727783
2.303625166, -0.3074837625026703
2.305639603, -0.2951336205005646
2.307660863, -0.29303839802742004
2.309733828, -0.2949821650981903
2.311784181, -0.2841387391090393
2.313742798, -0.2987422049045563
2.315773024, -0.29579731822013855
2.317793403, -0.29951250553131104
2.319887295, -0.3007497787475586
2.321932436, -0.3043667674064636
2.3239251530000002, -0.3063274621963501
2.325895764, -0.2961035370826721
2.327930303, -0.30805811285972595
2.329959386, -0.30776965618133545
2.331982908, -0.2945634424686432
2.334018087, -0.31431567668914795
2.336075248, -0.31258875131607056
2.338068007, -0.3029113709926605
2.340119793, -0.30746933817863464
2.342131498, -0.294638454914093
2.344150708, -0.30510586500167847
2.346163288, -0.2997991442680359
2.348213814, -0.3051852881908417
2.350242553, -0.30308735370635986
2.353031911, -0.30110451579093933
2.35505664, -0.3014897406101227
2.357083744, -0.3069585859775543
2.359115178, -0.3012966215610504
2.361124041, -0.2963886260986328
2.363145312, -0.30478519201278687
2.3652375389999998, -0.300899863243103
2.367213, -0.3046478033065796
2.369231916, -0.30308619141578674
2.37126667, -0.289894163608551
2.373291482, -0.31781649589538574
2.375512776, -0.3094800114631653
2.377834317, -0.30247753858566284
2.37989577, -0.3054201006889343
2.381928662, -0.30623528361320496
2.383900586, -0.3214474320411682
2.385924224, -0.3010084629058838
2.387955343, -0.3060648739337921
2.389986224, -0.30987289547920227
2.392020786, -0.2937258780002594
2.394038551, -0.3057323396205902
2.396079829, -0.30698561668395996
2.398126786, -0.29852819442749023
2.400199887, -0.3053534924983978
2.402139157, -0.302720308303833
2.404165594, -0.30210697650909424
2.406200936, -0.2989143431186676
2.408214064, -0.3020092844963074
2.410271405, -0.3011980354785919
2.412264198, -0.29535892605781555
2.414315869, -0.3033807873725891
2.416315502, -0.30293408036231995
2.418368303, -0.2978581488132477
2.420365027, -0.30622953176498413
2.422399711, -0.29784470796585083
2.424422538, -0.30231624841690063
2.426442787, -0.3050505220890045
2.428488192, -0.3006479740142822
2.430520677, -0.3021049499511719
2.432570087, -0.29974493384361267
2.434554341, -0.31295228004455566
2.436577915, -0.3151860535144806
2.444149663, -0.31357771158218384
2.447046051, -0.3087688386440277
2.449033702, -0.3042249083518982
2.452050543, -0.2956944704055786
2.454089385, -0.3096383512020111
2.456124998, -0.3034248352050781
2.458229898, -0.3024004101753235
2.460156467, -0.2914852797985077
2.462193205, -0.2971266210079193
2.464279012, -0.3002229928970337
2.466231414, -0.29026439785957336
2.468252965, -0.2953822910785675
2.470298156, -0.29429182410240173
2.472353848, -0.2845269441604614
2.474499785, -0.3059682548046112
2.476449158, -0.301763653755188
2.478497496, -0.28827571868896484
2.480713248, -0.299343466758728
2.4825911019999998, -0.29658403992652893
2.484595507, -0.2974100708961487
2.4865793050000002, -0.2950170934200287
2.48865244, -0.3024626076221466
2.491398661, -0.3030892610549927
2.493428423, -0.3072609305381775
2.495418439, -0.3008240759372711
2.497469101, -0.3145233690738678
2.499762628, -0.3073090612888336
2.502855358, -0.3131588101387024
2.504872168, -0.30524158477783203
2.506919754, -0.3057415783405304
2.508989489, -0.30733728408813477
