0.636041496, 0.27603426575660706
0.638037476, 0.28114303946495056
0.640427623, 0.2827487885951996
0.642827817, 0.2850814163684845
0.644918073, 0.27177104353904724
0.647200332, 0.2770674526691437
0.651043261, 0.2789418399333954
0.653020258, 0.26773926615715027
0.655051229, 0.2661232650279999
0.65708916, 0.26506665349006653
0.659601092, 0.26841822266578674
0.661573447, 0.2790132462978363
0.663595256, 0.2629256546497345
0.665631184, 0.264069527387619
0.667689765, 0.2716839611530304
0.669724314, 0.2772119343280792
0.671712877, 0.2769627869129181
0.67375138, 0.26012757420539856
0.67580113, 0.25789937376976013
0.677813756, 0.26693984866142273
0.679892468, 0.27800390124320984
0.682427459, 0.2751512825489044
0.68441717, 0.2641376554965973
0.686449077, 0.2560155689716339
0.688442303, 0.2571943700313568
0.690482742, 0.27044376730918884
0.692543072, 0.27014777064323425
0.694517158, 0.2570519745349884
0.6965598, 0.2760162055492401
0.6985794, 0.2696491777896881
0.700666237, 0.2860734164714813
0.702634834, 0.2769910991191864
0.704678103, 0.260341078042984
0.706694516, 0.2634017765522003
0.708714113, 0.2677355110645294
0.710745259, 0.2801954448223114
0.712792274, 0.27648141980171204
0.714779234, 0.2673650085926056
0.716839316, 0.26951560378074646
0.718841422, 0.269910603761673
0.720902438, 0.2835994064807892
0.72291105, 0.27664580941200256
0.724944638, 0.26284149289131165
0.726986871, 0.2647944986820221
0.728982168, 0.2742823660373688
0.73101824, 0.2810439169406891
0.733047645, 0.2703893482685089
0.735055923, 0.26667895913124084
0.737091348, 0.2756401002407074
0.739114502, 0.2728656232357025
0.741153361, 0.27573785185813904
0.743165669, 0.2776241600513458
0.7452541, 0.2569660246372223
0.747263298, 0.26493027806282043
0.749240848, 0.2662288248538971
0.751250028, 0.28012558817863464
0.75329354, 0.26719334721565247
0.755322915, 0.2638150751590729
0.757349523, 0.26955655217170715
0.759400182, 0.2714405953884125
0.761414778, 0.28151652216911316
0.763427978, 0.2596553862094879
0.765469931, 0.2592645585536957
0.767465766, 0.26505932211875916
0.769485003, 0.25971052050590515
0.771546007, 0.27945491671562195
0.773533996, 0.2574519217014313
0.775572929, 0.2665371000766754
0.777598912, 0.2751619517803192
0.77962267, 0.27504226565361023
0.781643868, 0.28412219882011414
0.783690725, 0.2651462256908417
0.78569871, 0.2577318847179413
0.787732482, 0.2670455873012543
0.789748748, 0.2769193947315216
0.791777353, 0.2726278007030487
0.793810095, 0.26589325070381165
0.79585812, 0.27068737149238586
0.797846843, 0.27412649989128113
0.799890759, 0.2768804728984833
0.801921983, 0.2959038317203522
0.803956805, 0.27389928698539734
0.805965593, 0.2662063539028168
0.807992173, 0.2737468183040619
0.810054698, 0.2746751606464386
0.812028101, 0.27310529351234436
0.81408776, 0.2619006931781769
0.816095884, 0.2724851667881012
0.81812785, 0.26644620299339294
0.820165849, 0.2815018594264984
0.822161682, 0.27911147475242615
0.82419809, 0.26582685112953186
0.826246129, 0.26816895604133606
0.828257357, 0.2672630846500397
0.830263182, 0.2781195342540741
0.83232479, 0.26905474066734314
0.83431234, 0.25960561633110046
0.836385062, 0.27069011330604553
0.838454902, 0.2741643488407135
0.841102316, 0.2720910608768463
0.842432625, 0.2698425352573395
0.84445649, 0.2680230438709259
0.846515888, 0.26486000418663025
0.848534017, 0.2725617587566376
0.850565776, 0.2802458107471466
0.852588534, 0.2697797119617462
0.854601076, 0.2658039629459381
0.856618342, 0.2704499065876007
0.858661671, 0.27401891350746155
0.860699071, 0.27847984433174133
0.862712577, 0.2736189067363739
0.864703668, 0.2680499255657196
0.866727104, 0.2626588046550751
0.86876792, 0.27366939187049866
0.870962757, 0.2812148630619049
0.872907011, 0.27436545491218567
0.874922621, 0.2787673771381378
0.876991818, 0.27795836329460144
0.879132322, 0.27738699316978455
0.88113552, 0.27761217951774597
0.883200589, 0.26624467968940735
0.885172844, 0.2551858127117157
0.887210693, 0.2694037854671478
0.889306058, 0.2625066339969635
0.891274758, 0.2676507532596588
0.893316476, 0.2658103406429291
0.895303913, 0.26257213950157166
0.897404953, 0.2644330561161041
0.899418019, 0.2703886330127716
0.901416884, 0.2835250794887543
0.903424845, 0.2656988799571991
0.90545378, 0.25622567534446716
0.907492302, 0.27093711495399475
0.909524474, 0.27315017580986023
0.911526706, 0.275400847196579
0.913563219, 0.2591765820980072
0.915615392, 0.2721698582172394
0.917617569, 0.28274181485176086
0.9196519, 0.28447410464286804
0.921682837, 0.2827167809009552
0.92372203, 0.27629080414772034
0.925729983, 0.26957133412361145
0.927766187, 0.2712019979953766
0.929765763, 0.27671346068382263
0.931801192, 0.27678850293159485
0.933808402, 0.2553791105747223
0.935830984, 0.2685266435146332
0.937874468, 0.2711940109729767
0.939883281, 0.28221461176872253
0.941925698, 0.27977994084358215
0.943952156, 0.27419719099998474
0.94596885, 0.270761638879776
0.947997858, 0.270222932100296
0.950023804, 0.2700464427471161
0.952139866, 0.2682577669620514
0.954128224, 0.26418760418891907
0.956163386, 0.26215264201164246
0.958201923, 0.2643040716648102
0.960218748, 0.2739175856113434
0.96223537, 0.275860995054245
0.964253601, 0.2571094334125519
0.966325302, 0.2603141963481903
0.968315268, 0.25977638363838196
0.970343262, 0.2756015956401825
0.972458867, 0.26727280020713806
0.974519219, 0.2603141963481903
0.976544242, 0.27041134238243103
0.978542837, 0.27325329184532166
0.980574815, 0.2786884605884552
0.982617309, 0.2795548737049103
0.98468793, 0.2639438807964325
0.986634699, 0.2726742923259735
0.988680214, 0.27891668677330017
0.990688078, 0.2775088846683502
0.992784133, 0.27638664841651917
0.994744776, 0.2695585787296295
0.996759289, 0.27230194211006165
0.998831984, 0.265166312456131
1.000842004, 0.27571186423301697
1.002873247, 0.27204641699790955
1.004913608, 0.2584741413593292
1.006912218, 0.2669178545475006
1.008942798, 0.27356019616127014
1.010955405, 0.27466318011283875
1.013011515, 0.2709595263004303
1.015020983, 0.27155110239982605
1.017032789, 0.2719016373157501
1.019438552, 0.2794824540615082
1.021418033, 0.27822384238243103
1.023439919, 0.2673448622226715
1.025469043, 0.25380250811576843
1.02749159, 0.26886722445487976
1.029622146, 0.27226462960243225
1.031625622, 0.27577880024909973
1.033662654, 0.2644011676311493
1.035675006, 0.2631540596485138
1.037684832, 0.2781132161617279
1.039716125, 0.27999868988990784
1.041755145, 0.27973005175590515
1.043773278, 0.2655737102031708
1.045787303, 0.25729891657829285
1.0479527, 0.2634381949901581
1.049851981, 0.27154579758644104
1.051903133, 0.27469316124916077
1.054126974, 0.2719011604785919
1.05615838, 0.26424887776374817
1.058193344, 0.2725892961025238
1.060157375, 0.2886166274547577
1.062217905, 0.2832805812358856
1.06423858, 0.2754279673099518
1.066252752, 0.2702741324901581
1.068270559, 0.26688578724861145
1.070312331, 0.28219035267829895
1.072326111, 0.27814218401908875
1.0743957690000001, 0.27024319767951965
1.076376722, 0.2763790786266327
1.078405302, 0.2809999883174896
1.080426689, 0.29349371790885925
1.08246097, 0.282721608877182
1.084514814, 0.276288777589798
1.08649975, 0.27394601702690125
1.088533599, 0.2779330313205719
1.090580234, 0.28521594405174255
1.092598913, 0.27093371748924255
1.094625908, 0.2687649428844452
1.096679836, 0.2636301815509796
1.098713603, 0.272722989320755
1.100740605, 0.2876320779323578
1.102728585, 0.28085848689079285
1.104809637, 0.26625433564186096
1.106814615, 0.2757105529308319
1.108793561, 0.2804957926273346
1.110817935, 0.27758750319480896
1.112847502, 0.27104148268699646
1.114889601, 0.2616482675075531
1.116917896, 0.26634183526039124
1.11892279, 0.2660692036151886
1.120950851, 0.2702159583568573
1.12299144, 0.2714088261127472
1.125011202, 0.2568674385547638
1.127035387, 0.264281302690506
1.129389963, 0.27070537209510803
1.131464981, 0.270429402589798
1.133413121, 0.26595351099967957
1.135454345, 0.2658623158931732
1.137453208, 0.2615326941013336
1.139488843, 0.2680898606777191
1.1415611270000001, 0.27896544337272644
1.143520576, 0.2634296119213104
1.145549605, 0.25904133915901184
1.147594838, 0.26584121584892273
1.1496144130000001, 0.2741079032421112
1.151723652, 0.2721414268016815
1.153764186, 0.2681905925273895
1.155701465, 0.26606670022010803
1.157743079, 0.27356842160224915
1.159752226, 0.27742472290992737
1.161791472, 0.2811554968357086
1.163823174, 0.26679661870002747
1.165836894, 0.2674238383769989
1.167863706, 0.2716304361820221
1.169889916, 0.27974703907966614
1.171937693, 0.2795200049877167
1.173952311, 0.26534345746040344
1.176075315, 0.2681865394115448
1.178091552, 0.2752325236797333
1.180112501, 0.2766386568546295
1.18220226, 0.26418939232826233
1.184156212, 0.2585558593273163
1.186200383, 0.2577413022518158
1.188194358, 0.2668803036212921
1.190251378, 0.26740023493766785
1.192254451, 0.26680174469947815
1.194275301, 0.2612386643886566
1.196373089, 0.26921388506889343
1.198366636, 0.26892855763435364
1.200405326, 0.2846468389034271
1.202422169, 0.27387210726737976
1.204462528, 0.2605520784854889
1.206491266, 0.2610146105289459
1.208513793, 0.26244375109672546
1.210558253, 0.2650410830974579
1.212563898, 0.2694784104824066
1.214600414, 0.2618894875049591
1.21660053, 0.26902762055397034
1.218623399, 0.2720475494861603
1.220648147, 0.28292521834373474
1.222699706, 0.27157971262931824
1.224712112, 0.2605748474597931
1.226719617, 0.26601043343544006
1.228754726, 0.2706398665904999
1.231016222, 0.26681092381477356
1.232849445, 0.27509209513664246
1.234826316, 0.26747050881385803
1.236956217, 0.2785182297229767
1.239204571, 0.28441646695137024
1.241207385, 0.28479358553886414
1.243230846, 0.28155842423439026
1.245255665, 0.2717486321926117
1.247294973, 0.275045782327652
1.2492917829999999, 0.27132686972618103
1.251325917, 0.2657146751880646
1.253359544, 0.2605524957180023
1.255408947, 0.256620854139328
1.2574448999999999, 0.27182576060295105
1.259556843, 0.2718205153942108
1.261506493, 0.27540144324302673
1.263536529, 0.2695866525173187
1.265580499, 0.26106980443000793
1.267580153, 0.2662985622882843
1.269623201, 0.27686068415641785
1.271637704, 0.27566763758659363
1.2736697860000001, 0.25370320677757263
1.2757700060000001, 0.26482656598091125
1.277764598, 0.2613283693790436
1.2797707059999999, 0.2719130218029022
1.281790645, 0.28019747138023376
1.2838050810000001, 0.2642686069011688
1.285823376, 0.2637988030910492
1.287843458, 0.26503071188926697
1.289918926, 0.2735191285610199
1.291945869, 0.2738598883152008
1.294053191, 0.2674720585346222
1.296003383, 0.26449933648109436
1.29803082, 0.2799356281757355
1.300044148, 0.27917978167533875
1.3020927420000001, 0.2766329348087311
1.304241367, 0.26265624165534973
1.306239813, 0.26552578806877136
1.3082768200000001, 0.280085951089859
1.310249036, 0.27573850750923157
1.312289029, 0.27466145157814026
1.314378027, 0.26879367232322693
1.316329046, 0.27367380261421204
1.31840902, 0.2744370400905609
1.3203958980000001, 0.27242448925971985
1.322497816, 0.2687974274158478
1.3245049629999999, 0.24836936593055725
1.326493556, 0.2595939338207245
1.32854736, 0.2590232789516449
1.330697597, 0.26527586579322815
1.332685404, 0.261242538690567
1.334715759, 0.2616722285747528
1.336742878, 0.25972774624824524
1.338784111, 0.27293506264686584
1.341331411, 0.27991607785224915
1.343309593, 0.26408568024635315
1.3453118339999999, 0.2604934275150299
1.347349533, 0.2705966532230377
1.34938154, 0.2655316889286041
1.3519730939999999, 0.2776261866092682
1.353451525, 0.266320139169693
1.355505345, 0.269707590341568
1.357461086, 0.2712390720844269
1.359526989, 0.2711763083934784
1.361564192, 0.2786041796207428
1.363581412, 0.26673415303230286
1.365588957, 0.2569131553173065
1.368856488, 0.26073065400123596
1.370859005, 0.27161529660224915
1.372887306, 0.2660052478313446
1.374916071, 0.2606765925884247
1.377045526, 0.27040913701057434
1.379026303, 0.281328946352005
1.381058881, 0.27547487616539
1.383076663, 0.27255210280418396
1.3851285770000001, 0.26137760281562805
1.387137875, 0.2722448408603668
1.389163749, 0.27370479702949524
1.391300739, 0.27365925908088684
1.393285884, 0.27319011092185974
1.395316268, 0.2579074800014496
1.397334185, 0.2764081060886383
1.399469385, 0.2800135314464569
1.401571067, 0.28221508860588074
1.4037293, 0.2701755464076996
1.4057279409999999, 0.2683267295360565
1.407754357, 0.2806192934513092
1.409801944, 0.27521219849586487
1.411784938, 0.2794041931629181
1.4138160370000001, 0.2579124867916107
1.415836371, 0.2645188271999359
1.417898964, 0.2673695385456085
1.419922063, 0.27048489451408386
1.421916106, 0.269989937543869
1.423948335, 0.26694610714912415
1.425987191, 0.2617799937725067
1.42800444, 0.260219544172287
1.430104856, 0.2718257009983063
1.4320749240000001, 0.2692073881626129
1.434086995, 0.2590157687664032
1.436126513, 0.26827266812324524
1.438314187, 0.27651795744895935
1.443402176, 0.2701698839664459
1.445487215, 0.2533755600452423
1.4475017079999999, 0.25759217143058777
1.44953402, 0.2744980752468109
1.45152397, 0.27111896872520447
1.453565611, 0.26683691143989563
1.455586877, 0.2578193247318268
1.4576533010000001, 0.2664845287799835
1.459668291, 0.2834189832210541
1.461670711, 0.2775062620639801
1.46372113, 0.2716430127620697
1.465752872, 0.26072803139686584
1.467754572, 0.27412286400794983
1.469817838, 0.26908424496650696
1.4718508670000001, 0.26440784335136414
1.47393719, 0.2630063593387604
1.4760253620000001, 0.26079657673835754
1.478065974, 0.2659975588321686
1.4801232930000001, 0.28344860672950745
1.482150728, 0.2737438976764679
1.484203624, 0.2705673277378082
1.486220999, 0.26407483220100403
1.48828516, 0.271619588136673
1.490277348, 0.2717452347278595
1.492312965, 0.2653060853481293
1.494297561, 0.25932177901268005
1.496340126, 0.2652175724506378
1.498387871, 0.2671571671962738
1.500414817, 0.26879504323005676
1.502490181, 0.27432307600975037
1.504547859, 0.2558983862400055
1.5065139730000001, 0.26460495591163635
1.508606827, 0.26010027527809143
1.510699966, 0.2727530896663666
1.5126803930000001, 0.26268789172172546
1.514725419, 0.26185867190361023
1.516787348, 0.2584598958492279
1.5188566639999999, 0.26392605900764465
1.521024857, 0.273158997297287
1.5230111, 0.27386733889579773
1.525030225, 0.2576289474964142
1.527063236, 0.2692568004131317
1.529073611, 0.2728125751018524
1.531128812, 0.27135995030403137
1.533121891, 0.27148303389549255
1.535167456, 0.2661838233470917
1.5371739930000001, 0.265712171792984
1.539248746, 0.2773854434490204
1.541263616, 0.2775270640850067
1.543301301, 0.2663710415363312
1.5453213209999999, 0.25890758633613586
1.547384585, 0.27986589074134827
1.549440323, 0.27838727831840515
1.551574896, 0.2809382975101471
1.553586433, 0.2708641588687897
1.5555802349999999, 0.26705989241600037
1.559676541, 0.2707577645778656
1.561672049, 0.2724349796772003
1.563685668, 0.2676851451396942
1.565711266, 0.2538931667804718
1.5677322980000001, 0.26968225836753845
1.569792778, 0.2617948353290558
1.57179807, 0.2691017687320709
1.573828198, 0.2632134258747101
1.575865645, 0.2611028850078583
1.577861449, 0.2708844244480133
1.579909257, 0.2754190266132355
1.581971946, 0.27315208315849304
1.5839816359999999, 0.26195648312568665
1.586011739, 0.256727010011673
1.588011146, 0.26686158776283264
1.590553447, 0.2810347378253937
1.592669387, 0.2725524604320526
1.594634218, 0.2642160952091217
1.596670387, 0.2698521912097931
1.598703905, 0.2716706097126007
1.600763599, 0.2728526294231415
1.602739133, 0.2698783576488495
1.6048169429999999, 0.25708118081092834
1.606780062, 0.26353970170021057
1.608819087, 0.27211275696754456
1.610870861, 0.2720828950405121
1.612871307, 0.2751453220844269
1.61491529, 0.2697694003582001
1.616936121, 0.2796114385128021
1.618948303, 0.27457699179649353
1.621023946, 0.28465500473976135
1.623025562, 0.2729775011539459
1.625017127, 0.266070693731308
1.627051912, 0.2533203065395355
1.629100115, 0.26831677556037903
1.631146271, 0.26437148451805115
1.633138018, 0.25754472613334656
1.635150981, 0.25652411580085754
1.637196307, 0.2716270387172699
1.639637971, 0.2744307816028595
1.641280939, 0.275957852602005
1.643265703, 0.26475581526756287
1.6452883950000001, 0.25782760977745056
1.6473578199999999, 0.26619860529899597
1.6493552839999999, 0.27102455496788025
1.654983138, 0.2693810760974884
1.657076789, 0.2670082151889801
1.659257915, 0.27374884486198425
1.6612180890000001, 0.2835440933704376
1.6632558149999999, 0.2641114294528961
1.665250694, 0.26297274231910706
1.6673641080000001, 0.2756902277469635
1.669321084, 0.27001455426216125
1.671358729, 0.27237316966056824
1.6733802309999999, 0.2597986161708832
1.675395653, 0.2624201476573944
1.6774162289999999, 0.2628563344478607
1.679462556, 0.2709411680698395
1.6814785300000001, 0.2717112600803375
1.683479832, 0.2596936523914337
1.685548716, 0.2608621418476105
1.687574814, 0.2742307484149933
1.6896098899999998, 0.2780795991420746
1.6916763769999998, 0.27728167176246643
1.693617822, 0.2602755129337311
1.695657867, 0.26495328545570374
1.697715857, 0.27110299468040466
1.699711829, 0.2717336118221283
1.7017182339999999, 0.2709049880504608
1.703735185, 0.26228877902030945
1.705789546, 0.25859811902046204
1.707801526, 0.2664352357387543
1.709827791, 0.2724446952342987
1.711858562, 0.2764119803905487
1.713896791, 0.2700760066509247
1.715903844, 0.27361926436424255
1.717930034, 0.2833843529224396
1.7199442839999999, 0.27753493189811707
1.721989823, 0.2805946171283722
1.7240095659999999, 0.25998249650001526
1.726050044, 0.26172277331352234
1.728052972, 0.2625192105770111
1.730098656, 0.27106454968452454
1.732208241, 0.26510462164878845
1.734212447, 0.2568146884441376
1.736242464, 0.2586142122745514
1.738273199, 0.26955023407936096
1.740281189, 0.2757614552974701
1.742319995, 0.28333380818367004
1.744339064, 0.25945040583610535
1.746359776, 0.2624678313732147
1.748400545, 0.2639811933040619
1.750406541, 0.27305111289024353
1.752447546, 0.26581498980522156
1.754465366, 0.26712778210639954
1.7565169809999999, 0.27363523840904236
1.7585460240000002, 0.2733680307865143
1.7606398140000001, 0.28863486647605896
1.76261314, 0.28124353289604187
1.764653045, 0.26441648602485657
1.766660611, 0.2822267711162567
1.768697186, 0.27474942803382874
1.7707483000000002, 0.27452489733695984
1.772740333, 0.2773822247982025
1.774775593, 0.266450971364975
1.77680613, 0.2769494950771332
1.7788854349999998, 0.2745734751224518
1.780955583, 0.28301385045051575
1.7829826340000001, 0.2771911323070526
1.784998004, 0.2681749761104584
1.787060596, 0.2708260715007782
1.789053878, 0.2713310420513153
1.791087225, 0.2715623676776886
1.793129746, 0.27075156569480896
1.795147809, 0.26291772723197937
1.797163906, 0.26903000473976135
1.799202136, 0.2669924795627594
1.801231899, 0.28311124444007874
1.803230331, 0.2635199725627899
1.8052912650000001, 0.25497540831565857
1.8072740600000001, 0.2657730281352997
1.809317023, 0.2750382721424103
1.811339698, 0.2737326920032501
1.813350687, 0.26179131865501404
1.815416837, 0.26600995659828186
1.817420318, 0.266139954328537
1.8194584040000001, 0.27182623744010925
1.821491751, 0.26989421248435974
1.823530505, 0.266533225774765
1.825520387, 0.2586613595485687
1.8277603980000001, 0.2610915005207062
1.8300024559999999, 0.2842550575733185
1.832031222, 0.27904030680656433
1.834029082, 0.2605203688144684
1.836064937, 0.2779553234577179
1.838093175, 0.26655885577201843
1.840209566, 0.27119138836860657
1.8421269420000002, 0.2820969521999359
1.844204053, 0.26320555806159973
1.846193511, 0.27510198950767517
1.848357179, 0.27878567576408386
1.8502554839999998, 0.278848260641098
1.8522895830000001, 0.2769985496997833
1.854346531, 0.2754954397678375
1.857204423, 0.26920345425605774
1.859215056, 0.27550008893013
1.861221008, 0.2766624391078949
1.863249095, 0.27548208832740784
1.865258877, 0.26338276267051697
1.867307336, 0.2704640328884125
1.869314774, 0.2775258719921112
1.8713756510000001, 0.27960333228111267
1.873370364, 0.267229288816452
1.875413904, 0.25883665680885315
1.877434244, 0.27354660630226135
1.879638269, 0.26340410113334656
1.881570365, 0.28099480271339417
1.883749308, 0.26632413268089294
1.885987692, 0.2679019272327423
1.8880343769999999, 0.27113255858421326
1.8900473880000002, 0.2789824306964874
1.8921373780000001, 0.2765185534954071
1.8943174, 0.27161577343940735
1.896308566, 0.2707025706768036
1.898274052, 0.27557191252708435
1.900586325, 0.2810117304325104
1.903128014, 0.27855172753334045
1.905150698, 0.26661643385887146
1.9071539830000002, 0.273208886384964
1.909378553, 0.2700759470462799
1.911286037, 0.2658144533634186
1.913366886, 0.2663666903972626
1.915350578, 0.26648518443107605
1.917396676, 0.2783583700656891
1.9194139799999999, 0.28068044781684875
1.921437767, 0.28773263096809387
1.923492449, 0.27506211400032043
1.92551089, 0.27491679787635803
1.927507797, 0.27103862166404724
1.929527567, 0.2744525969028473
1.931562966, 0.2782106101512909
1.933602025, 0.2580356299877167
1.9356167480000002, 0.26290062069892883
1.937638127, 0.2608524262905121
1.939678143, 0.27271464467048645
1.941708658, 0.274817556142807
1.943721357, 0.2650463879108429
1.9457313840000001, 0.26589104533195496
1.947777502, 0.27455613017082214
1.9497839799999999, 0.2719961702823639
1.951840533, 0.27740588784217834
1.953845107, 0.26634612679481506
1.955861571, 0.271633118391037
1.957940663, 0.2713676393032074
1.959948574, 0.2814023196697235
1.961993139, 0.27119365334510803
1.964013153, 0.2590634524822235
1.966721695, 0.2565678656101227
1.9687349159999998, 0.27309396862983704
1.970733648, 0.2717597782611847
1.972778408, 0.27226462960243225
1.974859199, 0.26571086049079895
1.9768686199999999, 0.2713638246059418
1.978874876, 0.27125534415245056
1.9809152349999999, 0.2765372693538666
1.982899292, 0.2746439278125763
1.984934973, 0.26194265484809875
1.9869761430000001, 0.27055594325065613
1.988984756, 0.27466270327568054
1.9913921220000002, 0.274509459733963
1.9934585870000001, 0.26247212290763855
1.9954844029999999, 0.26240256428718567
1.99771575, 0.2684779465198517
1.999687344, 0.2681746184825897
2.001676169, 0.27629098296165466
2.003717017, 0.2595588266849518
2.005759398, 0.2633514106273651
2.007760969, 0.2652975022792816
2.009766433, 0.2657501995563507
2.011795828, 0.2681087553501129
2.013835147, 0.25892332196235657
2.015877176, 0.2589215338230133
2.017913829, 0.2727183401584625
2.01992677, 0.2762620151042938
2.021950676, 0.27346906065940857
2.023994779, 0.2682057321071625
2.026002014, 0.2647142708301544
2.028009023, 0.27132490277290344
2.030034922, 0.2763186991214752
2.03206572, 0.28151658177375793
2.034120346, 0.2705520689487457
2.036120716, 0.26987549662590027
2.038132193, 0.2703690826892853
2.040201273, 0.2860700190067291
2.042209597, 0.2813408076763153
2.044217359, 0.2653401792049408
2.046269514, 0.27337202429771423
2.048275495, 0.2712308466434479
2.050331335, 0.28423646092414856
2.052331177, 0.2871537506580353
2.054348133, 0.2725660502910614
2.057297783, 0.27099618315696716
2.059343159, 0.2746225893497467
2.061317985, 0.2803291976451874
2.063349609, 0.26842132210731506
2.065340431, 0.27001145482063293
2.067380702, 0.2708100974559784
2.069448634, 0.2751394808292389
2.071469439, 0.272629052400589
2.073477189, 0.2622177302837372
2.075565869, 0.2521325647830963
2.077503867, 0.27013304829597473
2.079527981, 0.2670634090900421
2.081586665, 0.27381399273872375
2.08359564, 0.25371381640434265
2.085642248, 0.249968022108078
2.087802999, 0.2633233368396759
2.089950482, 0.27303943037986755
2.092375009, 0.2717001736164093
2.095615766, 0.2621297538280487
2.0976207000000002, 0.2678329646587372
2.09965167, 0.27580025792121887
2.101805276, 0.27111706137657166
2.10382112, 0.2586981952190399
2.105847454, 0.259017676115036
2.107850791, 0.2682209312915802
2.109883281, 0.2688616216182709
2.111931551, 0.26774635910987854
2.113977158, 0.2651998698711395
2.115958426, 0.26867344975471497
2.117983584, 0.26645174622535706
2.120045015, 0.2709748446941376
2.122048675, 0.2735510766506195
2.124062452, 0.26768824458122253
2.126084282, 0.2621757686138153
2.128121897, 0.2659042775630951
2.130150773, 0.2769802510738373
2.132176228, 0.2765304148197174
2.134214487, 0.268414169549942
2.136264863, 0.27248814702033997
2.13830089, 0.2736848294734955
2.1402889099999998, 0.2728165090084076
2.142294044, 0.2830188572406769
2.144331162, 0.2658708393573761
2.146368422, 0.2702196538448334
2.148383783, 0.2691437900066376
2.150411279, 0.2716093361377716
2.152429298, 0.26749709248542786
2.154700184, 0.2625998556613922
2.156706134, 0.2621091902256012
2.158915785, 0.2719436585903168
2.161002034, 0.28184524178504944
2.162965204, 0.2682478129863739
2.164995528, 0.2609793245792389
2.167007407, 0.2621108591556549
2.169061061, 0.26750776171684265
2.171071086, 0.2712976038455963
2.17308706, 0.2645164430141449
2.175105708, 0.2619653046131134
2.177166301, 0.266267865896225
2.179201751, 0.271818071603775
2.181451017, 0.2802545726299286
2.183248556, 0.261597603559494
2.185289812, 0.26872947812080383
2.187315675, 0.2743317782878876
2.189318224, 0.27182474732398987
2.191357662, 0.2732752859592438
2.193371233, 0.26837995648384094
2.195414852, 0.2645083963871002
2.197435213, 0.2759367525577545
2.199575031, 0.2809614837169647
2.201652579, 0.27952250838279724
2.203564736, 0.27562764286994934
2.20562736, 0.26688626408576965
2.207642097, 0.2614399492740631
2.209696859, 0.2727492153644562
2.211803241, 0.2732764780521393
2.213717002, 0.2566804587841034
2.215829973, 0.2698301374912262
2.217833742, 0.2679573595523834
2.219837836, 0.27899131178855896
2.221854293, 0.2765978276729584
2.223885264, 0.2671862542629242
2.225938731, 0.24811497330665588
2.227944533, 0.26965054869651794
2.229976397, 0.2675207555294037
2.232028719, 0.2730236351490021
2.234030734, 0.2634557783603668
2.2360376730000002, 0.26110121607780457
2.238136244, 0.26050475239753723
2.240091203, 0.26658400893211365
2.242254432, 0.2679697573184967
2.244242515, 0.26135602593421936
2.246267579, 0.26289471983909607
2.248313858, 0.2653205096721649
2.25047901, 0.26625046133995056
2.252411396, 0.28611376881599426
2.254466877, 0.2614605724811554
2.256668497, 0.26911380887031555
2.258715511, 0.26592013239860535
2.26148776, 0.2811044752597809
2.263507974, 0.26979246735572815
2.2655329650000002, 0.26007863879203796
2.267560465, 0.27780917286872864
2.269596276, 0.28046807646751404
2.2716285, 0.28992244601249695
2.273651101, 0.2633538544178009
2.275679497, 0.2648151218891144
2.277709985, 0.26718148589134216
2.279797523, 0.27594515681266785
2.281828469, 0.28028878569602966
2.283847191, 0.2642309367656708
2.286375867, 0.2592290937900543
2.2884091890000002, 0.26766934990882874
2.2904098729999998, 0.2673005759716034
2.292446141, 0.27069053053855896
2.294468623, 0.26665034890174866
2.296583108, 0.27299830317497253
2.2986558280000002, 0.2670500576496124
2.30068429, 0.27739325165748596
2.302769299, 0.2761073410511017
2.304749966, 0.25809553265571594
2.306793888, 0.2736409604549408
2.308800127, 0.26724401116371155
2.3108302099999998, 0.27247074246406555
2.312902946, 0.2610403001308441
2.315253377, 0.2682535946369171
2.3172715569999998, 0.25990191102027893
2.319399202, 0.27297428250312805
2.321340945, 0.2840912640094757
2.323387446, 0.2691006362438202
2.32536659, 0.261679083108902
2.327436439, 0.27089884877204895
2.329455856, 0.27927127480506897
2.331449937, 0.2717960774898529
2.333494182, 0.2781195342540741
2.335503036, 0.263112872838974
2.337538256, 0.282527357339859
2.339586748, 0.27432188391685486
2.341603462, 0.27856579422950745
2.3436048720000002, 0.2709638178348541
2.345634146, 0.26814010739326477
2.347696771, 0.27497145533561707
2.349870432, 0.2695508301258087
2.352157509, 0.2684723436832428
2.354174125, 0.26507070660591125
2.35628702, 0.2608380615711212
2.358374799, 0.2717037498950958
2.360421394, 0.2800510823726654
2.362909391, 0.2709362804889679
2.364938865, 0.2607631981372833
2.366984575, 0.26141539216041565
2.369022254, 0.2697863280773163
2.371067624, 0.2680632174015045
2.373045565, 0.2673875391483307
2.375069343, 0.26185718178749084
2.37715253, 0.27029916644096375
2.379170017, 0.27609381079673767
2.38146211, 0.2817758023738861
2.383503565, 0.26915785670280457
2.385532439, 0.2649012506008148
2.3875345, 0.2691057622432709
2.38954655, 0.2715599834918976
2.3915875030000002, 0.2829954922199249
2.393643113, 0.270870178937912
2.395671927, 0.26573917269706726
2.397737649, 0.27033278346061707
2.399768525, 0.2704608142375946
2.4017683610000002, 0.28013166785240173
2.403764125, 0.26791080832481384
2.405825103, 0.2667366564273834
2.407873611, 0.27018043398857117
2.4099291369999998, 0.27853748202323914
2.411870039, 0.27260950207710266
2.413946955, 0.27026066184043884
2.415920546, 0.2595198452472687
2.417993029, 0.26256170868873596
2.419971159, 0.2709098160266876
2.422026426, 0.2762918174266815
2.424035388, 0.2672812044620514
2.426061923, 0.2606872618198395
2.428090578, 0.26894262433052063
2.430107122, 0.27223172783851624
2.432144421, 0.26171520352363586
2.434154874, 0.26343175768852234
2.436181437, 0.257589191198349
2.438220963, 0.26959583163261414
2.441248526, 0.2796737849712372
2.443280272, 0.26981422305107117
2.445314658, 0.26609185338020325
2.447306109, 0.2678220570087433
2.44934021, 0.26927921175956726
2.451411254, 0.2745111286640167
2.453437963, 0.2594393789768219
2.455419653, 0.26348474621772766
2.457447627, 0.2745557129383087
2.459664513, 0.27819010615348816
2.461725983, 0.27736803889274597
2.4637251940000002, 0.26826319098472595
2.466061268, 0.2605260908603668
2.469654755, 0.2720964252948761
2.471767993, 0.27101168036460876
2.473820557, 0.26170024275779724
2.475807022, 0.26636359095573425
2.47789642, 0.2688504159450531
2.479898899, 0.27721789479255676
2.481912978, 0.2724165618419647
2.483932415, 0.2593176066875458
2.485988628, 0.2621031701564789
2.487990547, 0.27349957823753357
2.4900444950000002, 0.2684989869594574
2.492062095, 0.27577951550483704
2.494995394, 0.26119574904441833
2.496976998, 0.2675206959247589
2.49899238, 0.2710171043872833
2.501057437, 0.27421656250953674
2.503055072, 0.27237358689308167
2.505111728, 0.258466511964798
2.5071070300000002, 0.2569182813167572
2.509136734, 0.2709738314151764
2.511200046, 0.2720085084438324
2.513205901, 0.2615894377231598
2.515240075, 0.25103893876075745
2.5172644330000002, 0.2651709020137787
2.519352903, 0.2652706205844879
2.521363323, 0.27616050839424133
2.523393167, 0.2591876685619354
2.52543364, 0.26248177886009216
2.527432636, 0.26446083188056946
2.529448743, 0.26748302578926086
2.531499555, 0.27695176005363464
2.533521178, 0.27133819460868835
2.5355355360000003, 0.26420286297798157
2.537572711, 0.2690370976924896
2.53958233, 0.2715056240558624
2.541613464, 0.27767911553382874
2.543647492, 0.2641942799091339
2.545654452, 0.2665615975856781
2.547680093, 0.27138403058052063
2.549758477, 0.2794135510921478
2.551731101, 0.28104594349861145
2.553810381, 0.27194729447364807
2.555812059, 0.2707107365131378
2.55785643, 0.2778607904911041
2.559873891, 0.27596864104270935
2.561891477, 0.28340771794319153
2.563941305, 0.2680792510509491
2.565969882, 0.27074822783470154
2.567968246, 0.27111390233039856
2.570000105, 0.27584031224250793
2.572034172, 0.27476581931114197
2.5740356909999997, 0.27009400725364685
2.576069966, 0.2716449797153473
2.578112268, 0.28114446997642517
2.580296767, 0.28410062193870544
2.582247545, 0.28069958090782166
2.585408924, 0.26132866740226746
2.592983662, 0.2724497616291046
2.595019044, 0.26836273074150085
2.5969992250000002, 0.28144171833992004
2.599074038, 0.2671600878238678
2.6010957489999997, 0.2740236222743988
2.6031008890000003, 0.2708173096179962
2.605150685, 0.26905420422554016
2.607134891, 0.26762863993644714
2.609182348, 0.2685914933681488
2.6112227089999998, 0.27607694268226624
2.613250217, 0.2701195776462555
2.61526863, 0.266461580991745
2.6172993719999997, 0.27062365412712097
2.619331903, 0.2690736949443817
2.621370761, 0.27833160758018494
2.623388083, 0.2699522078037262
2.625404707, 0.2563857138156891
2.62745631, 0.265428751707077
2.629442398, 0.27743932604789734
2.6314940140000003, 0.2756606638431549
2.633498571, 0.2721032202243805
2.635532535, 0.2730730473995209
2.637546542, 0.27767130732536316
2.639618311, 0.281084269285202
2.641577377, 0.2803378403186798
2.643759383, 0.2632937729358673
2.645666954, 0.25636789202690125
2.6477048549999997, 0.26071271300315857
2.64971399, 0.27309516072273254
2.651730327, 0.2647867500782013
2.653766879, 0.2700716555118561
2.6557905379999998, 0.27643707394599915
2.65894473, 0.2793392837047577
2.660899997, 0.2798430025577545
2.662932701, 0.2608517110347748
